  Performing full C++ include scan (hot reloading a new target)
  Using 'git status' to determine working set for adaptive non-unity build.
  Creating makefile for hot reloading SideyCPPEditor (.uproject file is newer)
  Compiling game modules for hot reload
  Using Visual Studio 2017 14.14.26428 toolchain (C:\Program Files (x86)\Microsoft Visual Studio\2017\Professional\VC\Tools\MSVC\14.14.26428) and Windows 10.0.17134.0 SDK (C:\Program Files (x86)\Windows Kits\10).
  Parsing headers for SideyCPPEditor
    Running UnrealHeaderTool "C:\Users\w017177h\Documents\GitHub\SpideyCPP\SideyCPP\SideyCPP.uproject" "C:\Users\w017177h\Documents\GitHub\SpideyCPP\SideyCPP\Intermediate\Build\Win64\SideyCPPEditor\Development\SideyCPPEditor.uhtmanifest" -LogCmds="loginit warning, logexit warning, logdatabase error" -Unattended -WarningsAsErrors -installed
  Reflection code generated for SideyCPPEditor in 11.6675069 seconds
  Building 15 actions with 8 processes...
    [1/15] SharedPCH.Engine.cpp
    [2/15] SideyCPP.cpp
    [3/15] RotatingSphere.cpp
    [4/15] SideyCPPGameModeBase.cpp
    [5/15] Ring.gen.cpp
    [6/15] RotatingSphere.gen.cpp
    [7/15] WebPoint.cpp
    [8/15] Ring.cpp
    [9/15] Player_Base.gen.cpp
    [10/15] SideyCPP.init.gen.cpp
    [11/15] WebPoint.gen.cpp
    [12/15] SideyCPPGameModeBase.gen.cpp
    [13/15] Player_Base.cpp
    [14/15] UE4Editor-SideyCPP-8554.lib
       Creating library C:\Users\w017177h\Documents\GitHub\SpideyCPP\SideyCPP\Intermediate\Build\Win64\UE4Editor\Development\SideyCPP\UE4Editor-SideyCPP-8554.lib and object C:\Users\w017177h\Documents\GitHub\SpideyCPP\SideyCPP\Intermediate\Build\Win64\UE4Editor\Development\SideyCPP\UE4Editor-SideyCPP-8554.exp
    [15/15] UE4Editor-SideyCPP-8554.dll
       Creating library C:\Users\w017177h\Documents\GitHub\SpideyCPP\SideyCPP\Intermediate\Build\Win64\UE4Editor\Development\SideyCPP\UE4Editor-SideyCPP-8554.suppressed.lib and object C:\Users\w017177h\Documents\GitHub\SpideyCPP\SideyCPP\Intermediate\Build\Win64\UE4Editor\Development\SideyCPP\UE4Editor-SideyCPP-8554.suppressed.exp
  Deploying SideyCPPEditor Win64 Development...
  Total build time: 63.75 seconds (Parallel executor: 44.60 seconds)
