Log file open, 10/16/18 23:03:49
LogWindows: Failed to load 'aqProf.dll' (GetLastError=126)
LogWindows: File 'aqProf.dll' does not exist
LogWindows: Failed to load 'VSPerf140.dll' (GetLastError=126)
LogWindows: File 'VSPerf140.dll' does not exist
LogWindows: Failed to load 'VtuneApi.dll' (GetLastError=126)
LogWindows: File 'VtuneApi.dll' does not exist
LogWindows: Failed to load 'VtuneApi32e.dll' (GetLastError=126)
LogWindows: File 'VtuneApi32e.dll' does not exist
LogInit: Display: Running engine for game: SideyCPP
LogPlatformFile: Not using cached read wrapper
LogTaskGraph: Started task graph with 5 named threads and 23 total threads with 3 sets of task threads.
LogStats: Stats thread started at 0.438736
LogD3D11RHI: Loaded GFSDK_Aftermath_Lib.x64.dll
LogICUInternationalization: Display: ICU TimeZone Detection - Raw Offset: +0:00, Platform Override: ''
LogPluginManager: Mounting plugin Paper2D
LogPluginManager: Mounting plugin AISupport
LogPluginManager: Mounting plugin LightPropagationVolume
LogPluginManager: Mounting plugin CLionSourceCodeAccess
LogPluginManager: Mounting plugin CodeLiteSourceCodeAccess
LogPluginManager: Mounting plugin GitSourceControl
LogPluginManager: Mounting plugin KDevelopSourceCodeAccess
LogPluginManager: Mounting plugin NullSourceCodeAccess
LogPluginManager: Mounting plugin PerforceSourceControl
LogPluginManager: Mounting plugin SubversionSourceControl
LogPluginManager: Mounting plugin UObjectPlugin
LogPluginManager: Mounting plugin VisualStudioCodeSourceCodeAccess
LogPluginManager: Mounting plugin VisualStudioSourceCodeAccess
LogPluginManager: Mounting plugin XCodeSourceCodeAccess
LogPluginManager: Mounting plugin AssetManagerEditor
LogPluginManager: Mounting plugin CryptoKeys
LogPluginManager: Mounting plugin DataValidation
LogPluginManager: Mounting plugin FacialAnimation
LogPluginManager: Mounting plugin GameplayTagsEditor
LogPluginManager: Mounting plugin MacGraphicsSwitching
LogPluginManager: Mounting plugin MeshEditor
LogPluginManager: Mounting plugin MobileLauncherProfileWizard
LogPluginManager: Mounting plugin PluginBrowser
LogPluginManager: Mounting plugin SpeedTreeImporter
LogPluginManager: Mounting plugin DatasmithContent
LogPluginManager: Mounting plugin AlembicImporter
LogPluginManager: Mounting plugin AppleImageUtils
LogPluginManager: Mounting plugin AppleVision
LogPluginManager: Mounting plugin BackChannel
LogPluginManager: Mounting plugin CharacterAI
LogPluginManager: Mounting plugin GeometryCache
LogPluginManager: Mounting plugin HTML5Networking
LogPluginManager: Mounting plugin ProxyLODPlugin
LogPluginManager: Mounting plugin MagicLeap
LogPluginManager: Mounting plugin MagicLeapEmulator
LogPluginManager: Mounting plugin MagicLeapMedia
LogPluginManager: Mounting plugin AndroidMedia
LogPluginManager: Mounting plugin AvfMedia
LogPluginManager: Mounting plugin ImgMedia
LogPluginManager: Mounting plugin LinearTimecode
LogPluginManager: Mounting plugin MediaCompositing
LogPluginManager: Mounting plugin MediaPlayerEditor
LogPluginManager: Mounting plugin WmfMedia
LogPluginManager: Mounting plugin TcpMessaging
LogPluginManager: Mounting plugin UdpMessaging
LogPluginManager: Mounting plugin ActorSequence
LogPluginManager: Mounting plugin LevelSequenceEditor
LogPluginManager: Mounting plugin MatineeToLevelSequence
LogPluginManager: Mounting plugin NetcodeUnitTest
LogPluginManager: Mounting plugin NUTUnrealEngine4
LogPluginManager: Mounting plugin OnlineSubsystemGooglePlay
LogPluginManager: Mounting plugin OnlineSubsystemIOS
LogPluginManager: Mounting plugin OnlineSubsystem
LogPluginManager: Mounting plugin OnlineSubsystemNull
LogPluginManager: Mounting plugin OnlineSubsystemUtils
LogPluginManager: Mounting plugin LauncherChunkInstaller
LogPluginManager: Mounting plugin AndroidDeviceProfileSelector
LogPluginManager: Mounting plugin AndroidMoviePlayer
LogPluginManager: Mounting plugin AndroidPermission
LogPluginManager: Mounting plugin AppleMoviePlayer
LogPluginManager: Mounting plugin ArchVisCharacter
LogPluginManager: Mounting plugin AudioCapture
LogPluginManager: Mounting plugin CableComponent
LogPluginManager: Mounting plugin CustomMeshComponent
LogPluginManager: Mounting plugin EditableMesh
LogPluginManager: Mounting plugin ExampleDeviceProfileSelector
LogPluginManager: Mounting plugin GoogleCloudMessaging
LogPluginManager: Mounting plugin ImmediatePhysics
LogPluginManager: Mounting plugin IOSDeviceProfileSelector
LogPluginManager: Mounting plugin LinuxDeviceProfileSelector
LogPluginManager: Mounting plugin LocationServicesBPLibrary
LogPluginManager: Mounting plugin MobilePatchingUtils
LogPluginManager: Mounting plugin OculusVR
LogPluginManager: Plugin shader directory ../../../Engine/Plugins/Runtime/Oculus/OculusVR/Shaders found
LogPluginManager: Mapping shader source directory ../../../Engine/Plugins/Runtime/Oculus/OculusVR/Shaders to virtual directory /Plugin/OculusVR
LogPluginManager: Mounting plugin PhysXVehicles
LogPluginManager: Mounting plugin ProceduralMeshComponent
LogPluginManager: Mounting plugin RuntimePhysXCooking
LogPluginManager: Mounting plugin SteamVR
LogPluginManager: Mounting plugin WindowsMoviePlayer
LogStreaming: Display: Took  0.274s to configure plugins.
LogInit: Using libcurl 7.55.1-DEV
LogInit:  - built for x86_64-pc-win32
LogInit:  - supports SSL with OpenSSL/1.0.2h
LogInit:  - supports HTTP deflate (compression) using libz 1.2.8
LogInit:  - other features:
LogInit:      CURL_VERSION_SSL
LogInit:      CURL_VERSION_LIBZ
LogInit:      CURL_VERSION_IPV6
LogInit:      CURL_VERSION_ASYNCHDNS
LogInit:      CURL_VERSION_LARGEFILE
LogInit:      CURL_VERSION_IDN
LogInit:  CurlRequestOptions (configurable via config and command line):
LogInit:  - bVerifyPeer = false  - Libcurl will NOT verify peer certificate
LogInit:  - bUseHttpProxy = false  - Libcurl will NOT use HTTP proxy
LogInit:  - bDontReuseConnections = false  - Libcurl will reuse connections
LogInit:  - CertBundlePath = nullptr  - Libcurl will use whatever was configured at build time.
LogInit:  - MaxHostConnections = 16  - Libcurl will limit the number of connections to a host
LogInit:  - LocalHostAddr = Default
LogInit:  - BufferSize = 65536
LogInit: WinSock: version 1.1 (2.2), MaxSocks=32767, MaxUdp=65467
LogInit: Build: ++UE4+Release-4.20-CL-4369336
LogInit: Engine Version: 4.20.3-4369336+++UE4+Release-4.20
LogInit: Compatible Engine Version: 4.20.0-4212847+++UE4+Release-4.20
LogInit: Net CL: 4212847
LogInit: OS: Windows 10 (), CPU: Intel(R) Xeon(R) CPU E5-1620 v4 @ 3.50GHz, GPU: NVIDIA GeForce GTX 1070
LogInit: Compiled (64-bit): Sep 17 2018 12:26:19
LogInit: Compiled with Visual C++: 19.13.26129.00
LogInit: Build Configuration: Development
LogInit: Branch Name: ++UE4+Release-4.20
LogInit: Command Line:  -skipcompile
LogInit: Base Directory: C:/Epic/UE4/UE_4.20/Engine/Binaries/Win64/
LogInit: Installed Engine Build: 1
LogDevObjectVersion: Number of dev versions registered: 20
LogDevObjectVersion:   Dev-Blueprints (B0D832E4-1F89-4F0D-ACCF-7EB736FD4AA2): 10
LogDevObjectVersion:   Dev-Build (E1C64328-A22C-4D53-A36C-8E866417BD8C): 0
LogDevObjectVersion:   Dev-Core (375EC13C-06E4-48FB-B500-84F0262A717E): 2
LogDevObjectVersion:   Dev-Editor (E4B068ED-F494-42E9-A231-DA0B2E46BB41): 24
LogDevObjectVersion:   Dev-Framework (CFFC743F-43B0-4480-9391-14DF171D2073): 34
LogDevObjectVersion:   Dev-Mobile (B02B49B5-BB20-44E9-A304-32B752E40360): 2
LogDevObjectVersion:   Dev-Networking (A4E4105C-59A1-49B5-A7C5-40C4547EDFEE): 0
LogDevObjectVersion:   Dev-Online (39C831C9-5AE6-47DC-9A44-9C173E1C8E7C): 0
LogDevObjectVersion:   Dev-Physics (78F01B33-EBEA-4F98-B9B4-84EACCB95AA2): 0
LogDevObjectVersion:   Dev-Platform (6631380F-2D4D-43E0-8009-CF276956A95A): 0
LogDevObjectVersion:   Dev-Rendering (12F88B9F-8875-4AFC-A67C-D90C383ABD29): 26
LogDevObjectVersion:   Dev-Sequencer (7B5AE74C-D270-4C10-A958-57980B212A5A): 9
LogDevObjectVersion:   Dev-VR (D7296918-1DD6-4BDD-9DE2-64A83CC13884): 2
LogDevObjectVersion:   Dev-LoadTimes (C2A15278-BFE7-4AFE-6C17-90FF531DF755): 1
LogDevObjectVersion:   Private-Geometry (6EACA3D4-40EC-4CC1-B786-8BED09428FC5): 3
LogDevObjectVersion:   Dev-AnimPhys (29E575DD-E0A3-4627-9D10-D276232CDCEA): 17
LogDevObjectVersion:   Dev-ReflectionCapture (6B266CEC-1EC7-4B8F-A30B-E4D90942FC07): 1
LogDevObjectVersion:   Dev-Automation (0DF73D61-A23F-47EA-B727-89E90C41499A): 1
LogDevObjectVersion:   FortniteMain (601D1886-AC64-4F84-AA16-D3DE0DEAC7D6): 12
LogDevObjectVersion:   Dev-Enterprise (9DFFBCD6-494F-0158-E221-12823C92A888): 1
LogStreaming: Display: Took  0.005s to delete old logs.
LogInit: Presizing for max 8388607 objects, including 0 objects not considered by GC, pre-allocating 0 bytes for permanent pool.
LogInit: Object subsystem initialized
[2018.10.16-22.03.50:411][  0]LogInit: Selected Device Profile: [Windows]
[2018.10.16-22.03.50:412][  0]LogInit: Applying CVar settings loaded from the selected device profile: [Windows]
[2018.10.16-22.03.50:436][  0]LogHAL: Display: Platform has ~ 32 GB [34272002048 / 34359738368 / 32], which maps to Largest [LargestMinGB=32, LargerMinGB=12, DefaultMinGB=8, SmallerMinGB=6, SmallestMinGB=0)
[2018.10.16-22.03.50:436][  0]LogInit: Setting Device Profile CVar: [[r.Vulkan.UseRealUBs:1]]
[2018.10.16-22.03.50:436][  0]LogInit: Going up to parent DeviceProfile []
[2018.10.16-22.03.50:437][  0]LogInit: Computer: D105-05
[2018.10.16-22.03.50:437][  0]LogInit: User: w017177h
[2018.10.16-22.03.50:437][  0]LogInit: CPU Page size=4096, Cores=4
[2018.10.16-22.03.50:437][  0]LogInit: High frequency timer resolution =3.410075 MHz
[2018.10.16-22.03.50:438][  0]LogMemory: Memory total: Physical=31.9GB (32GB approx)
[2018.10.16-22.03.50:438][  0]LogMemory: Platform Memory Stats for Windows
[2018.10.16-22.03.50:438][  0]LogMemory: Process Physical Memory: 100.81 MB used, 100.81 MB peak
[2018.10.16-22.03.50:438][  0]LogMemory: Process Virtual Memory: 90.91 MB used, 90.91 MB peak
[2018.10.16-22.03.50:438][  0]LogMemory: Physical Memory: 7784.11 MB used,  24900.22 MB free, 32684.33 MB total
[2018.10.16-22.03.50:438][  0]LogMemory: Virtual Memory: 4640.09 MB used,  24900.22 MB free, 134217728.00 MB total
[2018.10.16-22.03.50:574][  0]LogInit: Using OS detected language (en-US).
[2018.10.16-22.03.50:574][  0]LogInit: Using OS detected locale (en-GB).
[2018.10.16-22.03.50:576][  0]LogTextLocalizationManager: No specific localization for 'en-US' exists, so the 'en' localization will be used.
[2018.10.16-22.03.50:999][  0]LogStreaming: Display: Took  0.425s to InitEngineTextLocalization.
[2018.10.16-22.03.51:000][  0]LogInit: Setting process to per monitor DPI aware
[2018.10.16-22.03.51:062][  0]LogSlate: New Slate User Created.  User Index 0, Is Virtual User: 0
[2018.10.16-22.03.51:062][  0]LogSlate: Slate User Registered.  User Index 0, Is Virtual User: 0
[2018.10.16-22.03.51:400][  0]LogHMD: Failed to initialize OpenVR with code 110
[2018.10.16-22.03.51:400][  0]LogD3D11RHI: D3D11 adapters:
[2018.10.16-22.03.51:491][  0]LogD3D11RHI:    0. 'NVIDIA GeForce GTX 1070' (Feature Level 11_0)
[2018.10.16-22.03.51:491][  0]LogD3D11RHI:       8088/0/16342 MB DedicatedVideo/DedicatedSystem/SharedSystem, Outputs:2, VendorId:0x10de
[2018.10.16-22.03.51:497][  0]LogD3D11RHI:    1. 'Microsoft Basic Render Driver' (Feature Level 11_0)
[2018.10.16-22.03.51:497][  0]LogD3D11RHI:       0/0/16342 MB DedicatedVideo/DedicatedSystem/SharedSystem, Outputs:0, VendorId:0x1414
[2018.10.16-22.03.51:497][  0]LogD3D11RHI: Chosen D3D11 Adapter: 0
[2018.10.16-22.03.51:507][  0]LogD3D11RHI: Creating new Direct3DDevice
[2018.10.16-22.03.51:507][  0]LogD3D11RHI:     GPU DeviceId: 0x1b81 (for the marketing name, search the web for "GPU Device Id")
[2018.10.16-22.03.51:507][  0]LogWindows: EnumDisplayDevices:
[2018.10.16-22.03.51:508][  0]LogWindows:    0. 'NVIDIA GeForce GTX 1070' (P:0 D:1)
[2018.10.16-22.03.51:508][  0]LogWindows:    1. 'NVIDIA GeForce GTX 1070' (P:1 D:1)
[2018.10.16-22.03.51:508][  0]LogWindows:    2. 'NVIDIA GeForce GTX 1070' (P:0 D:0)
[2018.10.16-22.03.51:509][  0]LogWindows:    3. 'NVIDIA GeForce GTX 1070' (P:0 D:0)
[2018.10.16-22.03.51:509][  0]LogWindows: DebugString: FoundDriverCount:4 
[2018.10.16-22.03.51:509][  0]LogD3D11RHI:     Adapter Name: NVIDIA GeForce GTX 1070
[2018.10.16-22.03.51:509][  0]LogD3D11RHI:   Driver Version: 398.82 (internal:24.21.13.9882, unified:398.82)
[2018.10.16-22.03.51:509][  0]LogD3D11RHI:      Driver Date: 7-30-2018
[2018.10.16-22.03.51:509][  0]LogRHI: Texture pool is 5661 MB (70% of 8088 MB)
[2018.10.16-22.03.51:562][  0]LogD3D11RHI: Async texture creation enabled
[2018.10.16-22.03.51:582][  0]LogD3D11RHI: GPU Timing Frequency: 1000.000000 (Debug: 2 2)
[2018.10.16-22.03.51:668][  0]LogShaderCompilers: Guid format shader working directory is -19 characters bigger than the processId version (../../../../../../Users/w017177h/Documents/GitHub/SpideyCPP/SideyCPP/Intermediate/Shaders/WorkingDirectory/1668/).
[2018.10.16-22.03.51:669][  0]LogShaderCompilers: Cleaned the shader compiler working directory 'C:/Users/w017177h/AppData/Local/Temp/UnrealShaderWorkingDir/BA7397874168FC4408B393908D8696BA/'.
[2018.10.16-22.03.52:013][  0]LogTemp: Display: Loaded TP AllDesktopTargetPlatform
[2018.10.16-22.03.52:032][  0]LogTemp: Display: Loaded TP MacClientTargetPlatform
[2018.10.16-22.03.52:050][  0]LogTemp: Display: Loaded TP MacNoEditorTargetPlatform
[2018.10.16-22.03.52:078][  0]LogTemp: Display: Loaded TP MacServerTargetPlatform
[2018.10.16-22.03.52:099][  0]LogTemp: Display: Loaded TP MacTargetPlatform
[2018.10.16-22.03.52:121][  0]LogTemp: Display: Loaded TP WindowsClientTargetPlatform
[2018.10.16-22.03.52:145][  0]LogTemp: Display: Loaded TP WindowsNoEditorTargetPlatform
[2018.10.16-22.03.52:165][  0]LogTemp: Display: Loaded TP WindowsServerTargetPlatform
[2018.10.16-22.03.52:176][  0]LogTemp: Display: Loaded TP WindowsTargetPlatform
[2018.10.16-22.03.52:271][  0]LogTemp: Display: Loaded TP AndroidTargetPlatform
[2018.10.16-22.03.52:271][  0]LogTemp: Display: Loaded TP AndroidTargetPlatform
[2018.10.16-22.03.52:271][  0]LogTemp: Display: Loaded TP AndroidTargetPlatform
[2018.10.16-22.03.52:271][  0]LogTemp: Display: Loaded TP AndroidTargetPlatform
[2018.10.16-22.03.52:271][  0]LogTemp: Display: Loaded TP AndroidTargetPlatform
[2018.10.16-22.03.52:271][  0]LogTemp: Display: Loaded TP AndroidTargetPlatform
[2018.10.16-22.03.52:271][  0]LogTemp: Display: Loaded TP AndroidTargetPlatform
[2018.10.16-22.03.52:271][  0]LogTemp: Display: Loaded TP AndroidTargetPlatform
[2018.10.16-22.03.52:271][  0]LogTemp: Display: Loaded TP AndroidTargetPlatform
[2018.10.16-22.03.52:271][  0]LogTemp: Display: Loaded TP AndroidTargetPlatform
[2018.10.16-22.03.52:271][  0]LogTemp: Display: Loaded TP AndroidTargetPlatform
[2018.10.16-22.03.52:271][  0]LogTemp: Display: Loaded TP AndroidTargetPlatform
[2018.10.16-22.03.52:271][  0]LogTemp: Display: Loaded TP AndroidTargetPlatform
[2018.10.16-22.03.52:271][  0]LogTemp: Display: Loaded TP AndroidTargetPlatform
[2018.10.16-22.03.52:271][  0]LogTemp: Display: Loaded TP AndroidTargetPlatform
[2018.10.16-22.03.52:271][  0]LogTemp: Display: Loaded TP AndroidTargetPlatform
[2018.10.16-22.03.52:272][  0]LogTemp: Display: Loaded TP AndroidTargetPlatform
[2018.10.16-22.03.52:272][  0]LogTemp: Display: Loaded TP AndroidTargetPlatform
[2018.10.16-22.03.52:276][  0]LogTemp: Display: Loaded TP HTML5TargetPlatform
[2018.10.16-22.03.52:349][  0]LogTemp: Display: Loaded TP IOSTargetPlatform
[2018.10.16-22.03.52:349][  0]LogTemp: Display: Loaded TP IOSTargetPlatform
[2018.10.16-22.03.52:399][  0]LogTemp: Display: Loaded TP TVOSTargetPlatform
[2018.10.16-22.03.52:399][  0]LogTemp: Display: Loaded TP TVOSTargetPlatform
[2018.10.16-22.03.52:417][  0]LogTemp: Display: Loaded TP LinuxClientTargetPlatform
[2018.10.16-22.03.52:440][  0]LogTemp: Display: Loaded TP LinuxNoEditorTargetPlatform
[2018.10.16-22.03.52:457][  0]LogTemp: Display: Loaded TP LinuxServerTargetPlatform
[2018.10.16-22.03.52:475][  0]LogTemp: Display: Loaded TP LinuxTargetPlatform
[2018.10.16-22.03.52:489][  0]LogTemp: Display: Loaded TP LuminTargetPlatform
[2018.10.16-22.03.52:489][  0]LogTargetPlatformManager: Display: Building Assets For Windows
[2018.10.16-22.03.52:664][  0]LogXGEController: Cleaning working directory: C:/Users/w017177h/AppData/Local/Temp/UnrealXGEWorkingDir/
[2018.10.16-22.03.52:664][  0]LogXGEController: Cannot use XGE Controller as Incredibuild is not installed on this machine.
[2018.10.16-22.03.52:664][  0]LogShaderCompilers: Cannot use XGE Shader Compiler as Incredibuild is not installed on this machine.
[2018.10.16-22.03.52:665][  0]LogShaderCompilers: Display: Using Local Shader Compiler.
[2018.10.16-22.03.53:817][  0]LogDerivedDataCache: Display: Max Cache Size: 512 MB
[2018.10.16-22.03.53:925][  0]LogDerivedDataCache: Loaded boot cache 0.11s 71MB C:/Users/w017177h/AppData/Local/UnrealEngine/4.20/DerivedDataCache/Boot.ddc.
[2018.10.16-22.03.53:925][  0]LogDerivedDataCache: Display: Loaded Boot cache: C:/Users/w017177h/AppData/Local/UnrealEngine/4.20/DerivedDataCache/Boot.ddc
[2018.10.16-22.03.53:925][  0]LogDerivedDataCache: FDerivedDataBackendGraph:  Pak pak cache file ../../../../../../Users/w017177h/Documents/GitHub/SpideyCPP/SideyCPP/DerivedDataCache/DDC.ddp not found, will not use a pak cache.
[2018.10.16-22.03.53:925][  0]LogDerivedDataCache: Unable to find inner node Pak for hierarchical cache Hierarchy.
[2018.10.16-22.03.53:926][  0]LogDerivedDataCache: FDerivedDataBackendGraph:  CompressedPak pak cache file ../../../../../../Users/w017177h/Documents/GitHub/SpideyCPP/SideyCPP/DerivedDataCache/Compressed.ddp not found, will not use a pak cache.
[2018.10.16-22.03.53:926][  0]LogDerivedDataCache: Unable to find inner node CompressedPak for hierarchical cache Hierarchy.
[2018.10.16-22.03.53:939][  0]LogDerivedDataCache: Display: Pak cache opened for reading ../../../Engine/DerivedDataCache/Compressed.ddp.
[2018.10.16-22.03.53:953][  0]LogDerivedDataCache: Using Local data cache path C:/Users/w017177h/AppData/Local/UnrealEngine/Common/DerivedDataCache: Writable
[2018.10.16-22.03.53:953][  0]LogDerivedDataCache: Shared data cache path not found in *engine.ini, will not use an Shared cache.
[2018.10.16-22.03.53:954][  0]LogDerivedDataCache: Unable to find inner node Shared for hierarchical cache Hierarchy.
[2018.10.16-22.03.53:993][  0]LogMaterial: Verifying Global Shaders for PCD3D_SM5
[2018.10.16-22.03.53:997][  0]LogSlate: Using FreeType 2.6.0
[2018.10.16-22.03.53:999][  0]LogSlate: SlateFontServices - WITH_FREETYPE: 1, WITH_HARFBUZZ: 1
[2018.10.16-22.03.54:111][  0]LogAssetRegistry: FAssetRegistry took 0.0336 seconds to start up
[2018.10.16-22.03.54:531][  0]LogInit: Selected Device Profile: [Windows]
[2018.10.16-22.03.54:752][  0]LogSimplygon: Simplygon DLL not present - disabling.
[2018.10.16-22.03.54:764][  0]LogMeshReduction: Using SimplygonSwarm for distributed automatic mesh merging
[2018.10.16-22.03.54:764][  0]LogMeshReduction: Using ProxyLODMeshReduction for automatic mesh merging
[2018.10.16-22.03.54:764][  0]LogMeshReduction: Using QuadricMeshReduction for automatic static mesh reduction
[2018.10.16-22.03.54:764][  0]LogMeshReduction: No automatic skeletal mesh reduction module available
[2018.10.16-22.03.54:788][  0]LogNetVersion: SideyCPP 1.0.0, NetCL: 4212847, EngineNetVer: 5, GameNetVer: 0 (Checksum: 583984258)
[2018.10.16-22.03.55:581][  0]LogPackageLocalizationCache: Processed 11 localized package path(s) for 2 prioritized culture(s) in 0.210625 seconds
[2018.10.16-22.03.55:587][  0]LogUObjectArray: 38425 objects as part of root set at end of initial load.
[2018.10.16-22.03.55:587][  0]LogUObjectAllocator: 6690872 out of 0 bytes used by permanent object pool.
[2018.10.16-22.03.55:587][  0]LogUObjectArray: CloseDisregardForGC: 0/0 objects in disregard for GC pool
[2018.10.16-22.03.56:868][  0]LogTcpMessaging: Initializing TcpMessaging bridge
[2018.10.16-22.03.56:886][  0]LogUdpMessaging: Initializing bridge on interface 0.0.0.0:0 to multicast group 230.0.0.1:6666.
[2018.10.16-22.03.57:194][  0]SourceControl: Source control is disabled
[2018.10.16-22.03.57:194][  0]SourceControl: Source control is disabled
[2018.10.16-22.03.57:199][  0]SourceControl: Source control is disabled
[2018.10.16-22.03.57:202][  0]SourceControl: Source control is disabled
[2018.10.16-22.03.57:531][  0]LogAndroidPermission: UAndroidPermissionCallbackProxy::GetInstance
[2018.10.16-22.03.57:651][  0]LogOcInput: OculusInput pre-init called
[2018.10.16-22.03.57:728][  0]LogEngine: Initializing Engine...
[2018.10.16-22.03.57:730][  0]LogHMD: Failed to initialize OpenVR with code 110
[2018.10.16-22.03.57:731][  0]LogStats: UGameplayTagsManager::ConstructGameplayTagTree: ImportINI prefixes -  0.000 s
[2018.10.16-22.03.57:731][  0]LogStats: UGameplayTagsManager::ConstructGameplayTagTree: Construct from data asset -  0.000 s
[2018.10.16-22.03.57:732][  0]LogStats: UGameplayTagsManager::ConstructGameplayTagTree: ImportINI -  0.000 s
[2018.10.16-22.03.57:732][  0]LogStats: UGameplayTagsManager::ConstructGameplayTagTree: GameplayTagTreeChangedEvent.Broadcast -  0.000 s
[2018.10.16-22.03.57:989][  0]LogInit: Initializing FReadOnlyCVARCache
[2018.10.16-22.03.58:023][  0]LogAIModule: Creating AISystem for world Untitled
[2018.10.16-22.03.58:136][  0]LogInit: XAudio2 using 'Speakers (Realtek High Definition Audio)' : 2 channels at 48 kHz using 32 bits per sample (channel mask 0x3)
[2018.10.16-22.03.58:173][  0]LogInit: FAudioDevice initialized.
[2018.10.16-22.03.58:173][  0]LogNetVersion: Set ProjectVersion to 1.0.0.0. Version Checksum will be recalculated on next use.
[2018.10.16-22.03.58:286][  0]LogDerivedDataCache: Saved boot cache 0.11s 71MB C:/Users/w017177h/AppData/Local/UnrealEngine/4.20/DerivedDataCache/Boot.ddc.
[2018.10.16-22.03.58:309][  0]LogInit: Texture streaming: Enabled
[2018.10.16-22.03.58:354][  0]LogEngineSessionManager: EngineSessionManager initialized
[2018.10.16-22.03.58:354][  0]LogEngineSessionManager: EngineSessionManager sent abnormal shutdown report. Type=Debugger, SessionId={BD8BFB89-47D4-AF1C-6512-49A51830A80D}
[2018.10.16-22.03.58:355][  0]LogEngineSessionManager: EngineSessionManager sent abnormal shutdown report. Type=Debugger, SessionId={4FB424FA-47E2-61F5-4054-43B8986B4E4F}
[2018.10.16-22.03.58:355][  0]LogEngineSessionManager: EngineSessionManager sent abnormal shutdown report. Type=Debugger, SessionId={75F009EF-49B2-2B1C-DA25-4F8F7DF93360}
[2018.10.16-22.03.58:376][  0]LogInit: Transaction tracking system initialized
[2018.10.16-22.03.58:451][  0]BlueprintLog: New page: Editor Load
[2018.10.16-22.03.58:639][  0]LocalizationService: Localization service is disabled
[2018.10.16-22.03.59:045][  0]LogCook: Display: Max memory allowance for cook 16384mb min free memory 0mb
[2018.10.16-22.03.59:046][  0]LogCook: Display: Mobile HDR setting 1
[2018.10.16-22.03.59:046][  0]LogGameplayTags: Display: UGameplayTagsManager::DoneAddingNativeTags. DelegateIsBound: 0
[2018.10.16-22.03.59:046][  0]LogStats: UGameplayTagsManager::ConstructGameplayTagTree: ImportINI prefixes -  0.000 s
[2018.10.16-22.03.59:046][  0]LogStats: UGameplayTagsManager::ConstructGameplayTagTree: Construct from data asset -  0.000 s
[2018.10.16-22.03.59:046][  0]LogStats: UGameplayTagsManager::ConstructGameplayTagTree: ImportINI -  0.000 s
[2018.10.16-22.03.59:046][  0]LogStats: UGameplayTagsManager::ConstructGameplayTagTree: GameplayTagTreeChangedEvent.Broadcast -  0.000 s
[2018.10.16-22.03.59:284][  0]LogFileCache: Scanning file cache for directory 'C:/Users/w017177h/Documents/GitHub/SpideyCPP/SideyCPP/Content/' took 0.03s
[2018.10.16-22.03.59:284][  0]SourceControl: Source control is disabled
[2018.10.16-22.03.59:284][  0]Cmd: MAP LOAD FILE="../../../../../../Users/w017177h/Documents/GitHub/SpideyCPP/SideyCPP/Content/StarterContent/Maps/Minimal_Default.umap" TEMPLATE=0 SHOWPROGRESS=1 FEATURELEVEL=3
[2018.10.16-22.03.59:285][  0]LightingResults: New page: Lighting Build
[2018.10.16-22.03.59:290][  0]MapCheck: New page: Map Check
[2018.10.16-22.03.59:290][  0]LightingResults: New page: Lighting Build
[2018.10.16-22.03.59:649][  0]LogAIModule: Creating AISystem for world Minimal_Default
[2018.10.16-22.03.59:660][  0]LogEditorServer: Finished looking for orphan Actors (0.000 secs)
[2018.10.16-22.03.59:689][  0]Cmd: MAP CHECKDEP NOCLEARLOG
[2018.10.16-22.03.59:945][  0]MapCheck: Map check complete: 0 Error(s), 0 Warning(s), took 254.935ms to complete.
[2018.10.16-22.03.59:945][  0]LogFileHelpers: Loading map 'Minimal_Default' took 0.660
[2018.10.16-22.04.00:144][  0]LogSlate: Updating window title bar state: overlay mode, drag disabled, window buttons hidden, title bar hidden
[2018.10.16-22.04.00:154][  0]LogSlate: Updating window title bar state: overlay mode, drag disabled, window buttons hidden, title bar hidden
[2018.10.16-22.04.00:165][  0]LogSlate: Updating window title bar state: overlay mode, drag disabled, window buttons hidden, title bar hidden
[2018.10.16-22.04.00:177][  0]LogSlate: Updating window title bar state: overlay mode, drag disabled, window buttons hidden, title bar hidden
[2018.10.16-22.04.00:192][  0]LogCollectionManager: Loaded 0 collections in 0.004630 seconds
[2018.10.16-22.04.00:247][  0]LogFileCache: Scanning file cache for directory 'C:/Users/w017177h/Documents/GitHub/SpideyCPP/SideyCPP/Saved/Collections/' took 0.01s
[2018.10.16-22.04.00:247][  0]LogFileCache: Scanning file cache for directory 'C:/Users/w017177h/Documents/GitHub/SpideyCPP/SideyCPP/Content/Developers/w017177h/Collections/' took 0.01s
[2018.10.16-22.04.00:247][  0]LogFileCache: Scanning file cache for directory 'C:/Users/w017177h/Documents/GitHub/SpideyCPP/SideyCPP/Content/Collections/' took 0.01s
[2018.10.16-22.04.00:247][  0]LogCollectionManager: Rebuilt the GUID cache for 0 collections in 0.000000 seconds
[2018.10.16-22.04.00:257][  0]LogContentBrowser: Native class hierarchy populated in 0.0103 seconds. Added 2575 classes and 605 folders.
[2018.10.16-22.04.00:271][  0]LogContentBrowser: Native class hierarchy updated for 'WidgetCarousel' in 0.0005 seconds. Added 0 classes and 0 folders.
[2018.10.16-22.04.00:367][  0]LogContentBrowser: Native class hierarchy updated for 'AddContentDialog' in 0.0006 seconds. Added 0 classes and 0 folders.
[2018.10.16-22.04.00:378][  0]LogContentBrowser: Native class hierarchy updated for 'SceneOutliner' in 0.0007 seconds. Added 1 classes and 2 folders.
[2018.10.16-22.04.00:394][  0]LogSlate: Took 0.000314 seconds to synchronously load lazily loaded font '../../../Engine/Content/Slate/Fonts/Roboto-Regular.ttf' (155K)
[2018.10.16-22.04.00:398][  0]LogSlate: Took 0.000336 seconds to synchronously load lazily loaded font '../../../Engine/Content/Slate/Fonts/Roboto-Bold.ttf' (160K)
[2018.10.16-22.04.00:408][  0]LogSlate: Took 0.000666 seconds to synchronously load lazily loaded font '../../../Engine/Content/Editor/Slate/Fonts/FontAwesome.ttf' (139K)
[2018.10.16-22.04.00:492][  0]LogRenderer: Reallocating scene render targets to support 1208x576 Format 10 NumSamples 1 (Frame:1).
[2018.10.16-22.04.00:726][  0]LogContentBrowser: Native class hierarchy updated for 'HierarchicalLODOutliner' in 0.0010 seconds. Added 0 classes and 0 folders.
[2018.10.16-22.04.00:727][  0]LogLoad: (Engine Initialization) Total time: 13.88 seconds
[2018.10.16-22.04.00:727][  0]LogLoad: (Engine Initialization) Total Blueprint compile time: 0.00 seconds
[2018.10.16-22.04.00:738][  0]LogWindowsTextInputMethodSystem: Display: IME system now deactivated.
[2018.10.16-22.04.00:762][  0]LogContentStreaming: Texture pool size now 1000 MB
[2018.10.16-22.04.00:787][  0]LogSlate: Took 0.000252 seconds to synchronously load lazily loaded font '../../../Engine/Content/Slate/Fonts/Roboto-Light.ttf' (167K)
[2018.10.16-22.04.00:804][  1]LogAssetRegistry: Asset discovery search completed in 6.7197 seconds
[2018.10.16-22.04.00:808][  1]LogCollectionManager: Rebuilt the object cache for 0 collections in 0.000000 seconds (found 0 objects)
[2018.10.16-22.04.00:808][  1]LogCollectionManager: Fixed up redirectors for 0 collections in 0.000210 seconds (updated 0 objects)
[2018.10.16-22.04.13:034][405]LogSlate: FSceneViewport::OnFocusLost() reason 0
[2018.10.16-22.04.13:307][422]LogSlate: Took 0.000244 seconds to synchronously load lazily loaded font '../../../Engine/Content/Slate/Fonts/Roboto-Light.ttf' (167K)
[2018.10.16-22.04.13:313][422]LogAssetEditorManager: Opening Asset editor for Blueprint /Game/Blueprints/Player.Player
[2018.10.16-22.04.13:848][422]LogContentBrowser: Native class hierarchy updated for 'BlueprintGraph' in 0.0008 seconds. Added 116 classes and 0 folders.
[2018.10.16-22.04.14:728][422]LogSlate: Took 0.004313 seconds to synchronously load lazily loaded font '../../../Engine/Content/Slate/Fonts/Roboto-BoldCondensed.ttf' (158K)
[2018.10.16-22.04.14:854][423]LogSlate: Took 0.004364 seconds to synchronously load lazily loaded font '../../../Engine/Content/Slate/Fonts/Roboto-Italic.ttf' (157K)
[2018.10.16-22.04.28:227][950]Cmd: OBJ SAVEPACKAGE PACKAGE="/Game/Blueprints/Player" FILE="../../../../../../Users/w017177h/Documents/GitHub/SpideyCPP/SideyCPP/Content/Blueprints/Player.uasset" SILENT=true
[2018.10.16-22.04.28:300][950]LogSavePackage: Moving '../../../../../../Users/w017177h/Documents/GitHub/SpideyCPP/SideyCPP/Saved/Player99906CC14FA7E7FAFD4AF592B70E0B5C.tmp' to '../../../../../../Users/w017177h/Documents/GitHub/SpideyCPP/SideyCPP/Content/Blueprints/Player.uasset'
[2018.10.16-22.04.37:288][997]LogSelectionDetails: Warning: NavigateToFunctionSource:  Found symbols for [APlayer_Base::SetScannedObjects] - File [c:\users\w017177h\documents\github\spideycpp\sideycpp\source\sideycpp\player_base.cpp], Line [167], Column [0]
[2018.10.16-22.04.37:405][997]LogVSAccessor: Warning: Couldn't goto line number '167' in 'c:\users\w017177h\documents\github\spideycpp\sideycpp\source\sideycpp\player_base.cpp'
[2018.10.16-22.04.54:348][506]Cmd: OBJ SAVEPACKAGE PACKAGE="/Game/Blueprints/Player" FILE="../../../../../../Users/w017177h/Documents/GitHub/SpideyCPP/SideyCPP/Content/Blueprints/Player.uasset" SILENT=true
[2018.10.16-22.04.54:473][506]LogSavePackage: Moving '../../../../../../Users/w017177h/Documents/GitHub/SpideyCPP/SideyCPP/Saved/Player10BED36C40443438AC6CB3A48C982662.tmp' to '../../../../../../Users/w017177h/Documents/GitHub/SpideyCPP/SideyCPP/Content/Blueprints/Player.uasset'
[2018.10.16-22.05.49:419][167]Cmd: OBJ SAVEPACKAGE PACKAGE="/Game/Blueprints/Player" FILE="../../../../../../Users/w017177h/Documents/GitHub/SpideyCPP/SideyCPP/Content/Blueprints/Player.uasset" SILENT=true
[2018.10.16-22.05.49:522][167]LogSavePackage: Moving '../../../../../../Users/w017177h/Documents/GitHub/SpideyCPP/SideyCPP/Saved/PlayerC463D0AA4FCA649217D8E1BACC997E52.tmp' to '../../../../../../Users/w017177h/Documents/GitHub/SpideyCPP/SideyCPP/Content/Blueprints/Player.uasset'
[2018.10.16-22.06.20:402][549]Cmd: OBJ SAVEPACKAGE PACKAGE="/Game/Blueprints/Player" FILE="../../../../../../Users/w017177h/Documents/GitHub/SpideyCPP/SideyCPP/Content/Blueprints/Player.uasset" SILENT=true
[2018.10.16-22.06.20:503][549]LogSavePackage: Moving '../../../../../../Users/w017177h/Documents/GitHub/SpideyCPP/SideyCPP/Saved/Player15A0A96A47FB8834F842608550E7AB20.tmp' to '../../../../../../Users/w017177h/Documents/GitHub/SpideyCPP/SideyCPP/Content/Blueprints/Player.uasset'
[2018.10.16-22.06.25:059][ 46]Cmd: OBJ SAVEPACKAGE PACKAGE="/Game/Blueprints/Player" FILE="../../../../../../Users/w017177h/Documents/GitHub/SpideyCPP/SideyCPP/Content/Blueprints/Player.uasset" SILENT=true
[2018.10.16-22.06.25:162][ 46]LogSavePackage: Moving '../../../../../../Users/w017177h/Documents/GitHub/SpideyCPP/SideyCPP/Saved/PlayerBC60367A496769A301AC829C34C067B8.tmp' to '../../../../../../Users/w017177h/Documents/GitHub/SpideyCPP/SideyCPP/Content/Blueprints/Player.uasset'
