Log file open, 10/28/18 12:20:04
LogWindows: Failed to load 'aqProf.dll' (GetLastError=126)
LogWindows: File 'aqProf.dll' does not exist
LogWindows: Failed to load 'VSPerf140.dll' (GetLastError=126)
LogWindows: File 'VSPerf140.dll' does not exist
LogWindows: Failed to load 'VtuneApi.dll' (GetLastError=126)
LogWindows: File 'VtuneApi.dll' does not exist
LogWindows: Failed to load 'VtuneApi32e.dll' (GetLastError=126)
LogWindows: File 'VtuneApi32e.dll' does not exist
LogInit: Display: Running engine for game: SideyCPP
LogPlatformFile: Not using cached read wrapper
LogTaskGraph: Started task graph with 5 named threads and 23 total threads with 3 sets of task threads.
LogStats: Stats thread started at 4.161432
LogD3D11RHI: Loaded GFSDK_Aftermath_Lib.x64.dll
LogICUInternationalization: Display: ICU TimeZone Detection - Raw Offset: +0:00, Platform Override: ''
LogPluginManager: Mounting plugin Paper2D
LogPluginManager: Mounting plugin AISupport
LogPluginManager: Mounting plugin LightPropagationVolume
LogPluginManager: Mounting plugin CLionSourceCodeAccess
LogPluginManager: Mounting plugin CodeLiteSourceCodeAccess
LogPluginManager: Mounting plugin GitSourceControl
LogPluginManager: Mounting plugin KDevelopSourceCodeAccess
LogPluginManager: Mounting plugin NullSourceCodeAccess
LogPluginManager: Mounting plugin PerforceSourceControl
LogPluginManager: Mounting plugin SubversionSourceControl
LogPluginManager: Mounting plugin UObjectPlugin
LogPluginManager: Mounting plugin VisualStudioCodeSourceCodeAccess
LogPluginManager: Mounting plugin VisualStudioSourceCodeAccess
LogPluginManager: Mounting plugin XCodeSourceCodeAccess
LogPluginManager: Mounting plugin AssetManagerEditor
LogPluginManager: Mounting plugin CryptoKeys
LogPluginManager: Mounting plugin DataValidation
LogPluginManager: Mounting plugin FacialAnimation
LogPluginManager: Mounting plugin GameplayTagsEditor
LogPluginManager: Mounting plugin MacGraphicsSwitching
LogPluginManager: Mounting plugin MeshEditor
LogPluginManager: Mounting plugin MobileLauncherProfileWizard
LogPluginManager: Mounting plugin PluginBrowser
LogPluginManager: Mounting plugin SpeedTreeImporter
LogPluginManager: Mounting plugin DatasmithContent
LogPluginManager: Mounting plugin AlembicImporter
LogPluginManager: Mounting plugin AppleImageUtils
LogPluginManager: Mounting plugin AppleVision
LogPluginManager: Mounting plugin BackChannel
LogPluginManager: Mounting plugin CharacterAI
LogPluginManager: Mounting plugin GeometryCache
LogPluginManager: Mounting plugin HTML5Networking
LogPluginManager: Mounting plugin ProxyLODPlugin
LogPluginManager: Mounting plugin MagicLeap
LogPluginManager: Mounting plugin MagicLeapEmulator
LogPluginManager: Mounting plugin MagicLeapMedia
LogPluginManager: Mounting plugin AndroidMedia
LogPluginManager: Mounting plugin AvfMedia
LogPluginManager: Mounting plugin ImgMedia
LogPluginManager: Mounting plugin LinearTimecode
LogPluginManager: Mounting plugin MediaCompositing
LogPluginManager: Mounting plugin MediaPlayerEditor
LogPluginManager: Mounting plugin WmfMedia
LogPluginManager: Mounting plugin TcpMessaging
LogPluginManager: Mounting plugin UdpMessaging
LogPluginManager: Mounting plugin ActorSequence
LogPluginManager: Mounting plugin LevelSequenceEditor
LogPluginManager: Mounting plugin MatineeToLevelSequence
LogPluginManager: Mounting plugin NetcodeUnitTest
LogPluginManager: Mounting plugin NUTUnrealEngine4
LogPluginManager: Mounting plugin OnlineSubsystemGooglePlay
LogPluginManager: Mounting plugin OnlineSubsystemIOS
LogPluginManager: Mounting plugin OnlineSubsystem
LogPluginManager: Mounting plugin OnlineSubsystemNull
LogPluginManager: Mounting plugin OnlineSubsystemUtils
LogPluginManager: Mounting plugin LauncherChunkInstaller
LogPluginManager: Mounting plugin AndroidDeviceProfileSelector
LogPluginManager: Mounting plugin AndroidMoviePlayer
LogPluginManager: Mounting plugin AndroidPermission
LogPluginManager: Mounting plugin ApexDestruction
LogPluginManager: Mounting plugin AppleMoviePlayer
LogPluginManager: Mounting plugin ArchVisCharacter
LogPluginManager: Mounting plugin AudioCapture
LogPluginManager: Mounting plugin CableComponent
LogPluginManager: Mounting plugin CustomMeshComponent
LogPluginManager: Mounting plugin EditableMesh
LogPluginManager: Mounting plugin ExampleDeviceProfileSelector
LogPluginManager: Mounting plugin GoogleCloudMessaging
LogPluginManager: Mounting plugin ImmediatePhysics
LogPluginManager: Mounting plugin IOSDeviceProfileSelector
LogPluginManager: Mounting plugin LinuxDeviceProfileSelector
LogPluginManager: Mounting plugin LocationServicesBPLibrary
LogPluginManager: Mounting plugin MobilePatchingUtils
LogPluginManager: Mounting plugin OculusVR
LogPluginManager: Plugin shader directory ../../../Engine/Plugins/Runtime/Oculus/OculusVR/Shaders found
LogPluginManager: Mapping shader source directory ../../../Engine/Plugins/Runtime/Oculus/OculusVR/Shaders to virtual directory /Plugin/OculusVR
LogPluginManager: Mounting plugin PhysXVehicles
LogPluginManager: Mounting plugin ProceduralMeshComponent
LogPluginManager: Mounting plugin RuntimePhysXCooking
LogPluginManager: Mounting plugin SteamVR
LogPluginManager: Mounting plugin WindowsMoviePlayer
LogStreaming: Display: Took  0.724s to configure plugins.
LogInit: Using libcurl 7.55.1-DEV
LogInit:  - built for x86_64-pc-win32
LogInit:  - supports SSL with OpenSSL/1.0.2h
LogInit:  - supports HTTP deflate (compression) using libz 1.2.8
LogInit:  - other features:
LogInit:      CURL_VERSION_SSL
LogInit:      CURL_VERSION_LIBZ
LogInit:      CURL_VERSION_IPV6
LogInit:      CURL_VERSION_ASYNCHDNS
LogInit:      CURL_VERSION_LARGEFILE
LogInit:      CURL_VERSION_IDN
LogInit:  CurlRequestOptions (configurable via config and command line):
LogInit:  - bVerifyPeer = false  - Libcurl will NOT verify peer certificate
LogInit:  - bUseHttpProxy = false  - Libcurl will NOT use HTTP proxy
LogInit:  - bDontReuseConnections = false  - Libcurl will reuse connections
LogInit:  - CertBundlePath = nullptr  - Libcurl will use whatever was configured at build time.
LogInit:  - MaxHostConnections = 16  - Libcurl will limit the number of connections to a host
LogInit:  - LocalHostAddr = Default
LogInit:  - BufferSize = 65536
LogInit: WinSock: version 1.1 (2.2), MaxSocks=32767, MaxUdp=65467
LogInit: Build: ++UE4+Release-4.20-CL-4369336
LogInit: Engine Version: 4.20.3-4369336+++UE4+Release-4.20
LogInit: Compatible Engine Version: 4.20.0-4212847+++UE4+Release-4.20
LogInit: Net CL: 4212847
LogInit: OS: Windows 10 (), CPU: Intel(R) Core(TM) i7-6700K CPU @ 4.00GHz, GPU: NVIDIA GeForce GTX 1060 6GB
LogInit: Compiled (64-bit): Sep 17 2018 12:26:19
LogInit: Compiled with Visual C++: 19.13.26129.00
LogInit: Build Configuration: Development
LogInit: Branch Name: ++UE4+Release-4.20
LogInit: Command Line:  
LogInit: Base Directory: D:/Program Files/Epic Games/UE_4.20/Engine/Binaries/Win64/
LogInit: Installed Engine Build: 1
LogDevObjectVersion: Number of dev versions registered: 20
LogDevObjectVersion:   Dev-Blueprints (B0D832E4-1F89-4F0D-ACCF-7EB736FD4AA2): 10
LogDevObjectVersion:   Dev-Build (E1C64328-A22C-4D53-A36C-8E866417BD8C): 0
LogDevObjectVersion:   Dev-Core (375EC13C-06E4-48FB-B500-84F0262A717E): 2
LogDevObjectVersion:   Dev-Editor (E4B068ED-F494-42E9-A231-DA0B2E46BB41): 24
LogDevObjectVersion:   Dev-Framework (CFFC743F-43B0-4480-9391-14DF171D2073): 34
LogDevObjectVersion:   Dev-Mobile (B02B49B5-BB20-44E9-A304-32B752E40360): 2
LogDevObjectVersion:   Dev-Networking (A4E4105C-59A1-49B5-A7C5-40C4547EDFEE): 0
LogDevObjectVersion:   Dev-Online (39C831C9-5AE6-47DC-9A44-9C173E1C8E7C): 0
LogDevObjectVersion:   Dev-Physics (78F01B33-EBEA-4F98-B9B4-84EACCB95AA2): 0
LogDevObjectVersion:   Dev-Platform (6631380F-2D4D-43E0-8009-CF276956A95A): 0
LogDevObjectVersion:   Dev-Rendering (12F88B9F-8875-4AFC-A67C-D90C383ABD29): 26
LogDevObjectVersion:   Dev-Sequencer (7B5AE74C-D270-4C10-A958-57980B212A5A): 9
LogDevObjectVersion:   Dev-VR (D7296918-1DD6-4BDD-9DE2-64A83CC13884): 2
LogDevObjectVersion:   Dev-LoadTimes (C2A15278-BFE7-4AFE-6C17-90FF531DF755): 1
LogDevObjectVersion:   Private-Geometry (6EACA3D4-40EC-4CC1-B786-8BED09428FC5): 3
LogDevObjectVersion:   Dev-AnimPhys (29E575DD-E0A3-4627-9D10-D276232CDCEA): 17
LogDevObjectVersion:   Dev-ReflectionCapture (6B266CEC-1EC7-4B8F-A30B-E4D90942FC07): 1
LogDevObjectVersion:   Dev-Automation (0DF73D61-A23F-47EA-B727-89E90C41499A): 1
LogDevObjectVersion:   FortniteMain (601D1886-AC64-4F84-AA16-D3DE0DEAC7D6): 12
LogDevObjectVersion:   Dev-Enterprise (9DFFBCD6-494F-0158-E221-12823C92A888): 1
LogStreaming: Display: Took  0.027s to delete old logs.
LogInit: Presizing for max 8388607 objects, including 0 objects not considered by GC, pre-allocating 0 bytes for permanent pool.
LogInit: Object subsystem initialized
[2018.10.28-12.20.21:006][  0]LogInit: Selected Device Profile: [Windows]
[2018.10.28-12.20.21:045][  0]LogInit: Applying CVar settings loaded from the selected device profile: [Windows]
[2018.10.28-12.20.21:107][  0]LogHAL: Display: Platform has ~ 16 GB [17126547456 / 17179869184 / 16], which maps to Larger [LargestMinGB=32, LargerMinGB=12, DefaultMinGB=8, SmallerMinGB=6, SmallestMinGB=0)
[2018.10.28-12.20.21:209][  0]LogInit: Setting Device Profile CVar: [[r.Vulkan.UseRealUBs:1]]
[2018.10.28-12.20.21:228][  0]LogInit: Going up to parent DeviceProfile []
[2018.10.28-12.20.21:363][  0]LogInit: Computer: EDWARD
[2018.10.28-12.20.21:363][  0]LogInit: User: John
[2018.10.28-12.20.21:363][  0]LogInit: CPU Page size=4096, Cores=4
[2018.10.28-12.20.21:363][  0]LogInit: High frequency timer resolution =3.914065 MHz
[2018.10.28-12.20.21:363][  0]LogMemory: Memory total: Physical=16.0GB (16GB approx)
[2018.10.28-12.20.21:363][  0]LogMemory: Platform Memory Stats for Windows
[2018.10.28-12.20.21:363][  0]LogMemory: Process Physical Memory: 96.70 MB used, 96.70 MB peak
[2018.10.28-12.20.21:363][  0]LogMemory: Process Virtual Memory: 89.14 MB used, 89.14 MB peak
[2018.10.28-12.20.21:363][  0]LogMemory: Physical Memory: 5287.46 MB used,  11045.69 MB free, 16333.15 MB total
[2018.10.28-12.20.21:363][  0]LogMemory: Virtual Memory: 4638.52 MB used,  11045.69 MB free, 134217728.00 MB total
[2018.10.28-12.20.26:443][  0]LogInit: Using OS detected language (en-US).
[2018.10.28-12.20.26:443][  0]LogInit: Using OS detected locale (en-US).
[2018.10.28-12.20.26:541][  0]LogTextLocalizationManager: No specific localization for 'en-US' exists, so the 'en' localization will be used.
[2018.10.28-12.20.29:091][  0]LogStreaming: Display: Took  2.657s to InitEngineTextLocalization.
[2018.10.28-12.20.29:121][  0]LogInit: Setting process to per monitor DPI aware
[2018.10.28-12.20.31:368][  0]LogSlate: New Slate User Created.  User Index 0, Is Virtual User: 0
[2018.10.28-12.20.31:368][  0]LogSlate: Slate User Registered.  User Index 0, Is Virtual User: 0
[2018.10.28-12.20.43:539][  0]LogHMD: Failed to initialize OpenVR with code 102
[2018.10.28-12.20.43:539][  0]LogD3D11RHI: D3D11 adapters:
[2018.10.28-12.20.43:600][  0]LogD3D11RHI:    0. 'NVIDIA GeForce GTX 1060 6GB' (Feature Level 11_0)
[2018.10.28-12.20.43:600][  0]LogD3D11RHI:       6061/0/8166 MB DedicatedVideo/DedicatedSystem/SharedSystem, Outputs:1, VendorId:0x10de
[2018.10.28-12.20.43:603][  0]LogD3D11RHI:    1. 'Microsoft Basic Render Driver' (Feature Level 11_0)
[2018.10.28-12.20.43:603][  0]LogD3D11RHI:       0/0/8166 MB DedicatedVideo/DedicatedSystem/SharedSystem, Outputs:0, VendorId:0x1414
[2018.10.28-12.20.43:603][  0]LogD3D11RHI: Chosen D3D11 Adapter: 0
[2018.10.28-12.20.43:706][  0]LogD3D11RHI: Creating new Direct3DDevice
[2018.10.28-12.20.43:706][  0]LogD3D11RHI:     GPU DeviceId: 0x1c03 (for the marketing name, search the web for "GPU Device Id")
[2018.10.28-12.20.43:737][  0]LogWindows: EnumDisplayDevices:
[2018.10.28-12.20.43:737][  0]LogWindows:    0. 'NVIDIA GeForce GTX 1060 6GB' (P:1 D:1)
[2018.10.28-12.20.43:738][  0]LogWindows:    1. 'NVIDIA GeForce GTX 1060 6GB' (P:0 D:0)
[2018.10.28-12.20.43:743][  0]LogWindows:    2. 'NVIDIA GeForce GTX 1060 6GB' (P:0 D:0)
[2018.10.28-12.20.43:743][  0]LogWindows:    3. 'NVIDIA GeForce GTX 1060 6GB' (P:0 D:0)
[2018.10.28-12.20.43:743][  0]LogWindows: DebugString: FoundDriverCount:4 
[2018.10.28-12.20.43:743][  0]LogD3D11RHI:     Adapter Name: NVIDIA GeForce GTX 1060 6GB
[2018.10.28-12.20.43:759][  0]LogD3D11RHI:   Driver Version: 388.13 (internal:23.21.13.8813, unified:388.13)
[2018.10.28-12.20.43:759][  0]LogD3D11RHI:      Driver Date: 10-27-2017
[2018.10.28-12.20.43:759][  0]LogRHI: Texture pool is 4242 MB (70% of 6061 MB)
[2018.10.28-12.20.43:865][  0]LogD3D11RHI: Async texture creation enabled
[2018.10.28-12.20.44:973][  0]LogD3D11RHI: GPU Timing Frequency: 1000.000000 (Debug: 2 1)
[2018.10.28-12.20.45:332][  0]LogShaderCompilers: Guid format shader working directory is 4 characters bigger than the processId version (../../../../../../Git/SpideyCPP/SideyCPP/Intermediate/Shaders/WorkingDirectory/16336/).
[2018.10.28-12.20.45:332][  0]LogShaderCompilers: Cleaned the shader compiler working directory 'C:/Users/John/AppData/Local/Temp/UnrealShaderWorkingDir/9644131F49BDD8DCD9267197C3A51DE0/'.
[2018.10.28-12.20.46:715][  0]LogTemp: Display: Loaded TP AllDesktopTargetPlatform
[2018.10.28-12.20.46:794][  0]LogTemp: Display: Loaded TP MacClientTargetPlatform
[2018.10.28-12.20.46:816][  0]LogTemp: Display: Loaded TP MacNoEditorTargetPlatform
[2018.10.28-12.20.46:840][  0]LogTemp: Display: Loaded TP MacServerTargetPlatform
[2018.10.28-12.20.46:950][  0]LogTemp: Display: Loaded TP MacTargetPlatform
[2018.10.28-12.20.47:100][  0]LogTemp: Display: Loaded TP WindowsClientTargetPlatform
[2018.10.28-12.20.47:242][  0]LogTemp: Display: Loaded TP WindowsNoEditorTargetPlatform
[2018.10.28-12.20.47:351][  0]LogTemp: Display: Loaded TP WindowsServerTargetPlatform
[2018.10.28-12.20.47:459][  0]LogTemp: Display: Loaded TP WindowsTargetPlatform
[2018.10.28-12.20.47:733][  0]LogTemp: Display: Loaded TP AndroidTargetPlatform
[2018.10.28-12.20.47:733][  0]LogTemp: Display: Loaded TP AndroidTargetPlatform
[2018.10.28-12.20.47:733][  0]LogTemp: Display: Loaded TP AndroidTargetPlatform
[2018.10.28-12.20.47:733][  0]LogTemp: Display: Loaded TP AndroidTargetPlatform
[2018.10.28-12.20.47:733][  0]LogTemp: Display: Loaded TP AndroidTargetPlatform
[2018.10.28-12.20.47:733][  0]LogTemp: Display: Loaded TP AndroidTargetPlatform
[2018.10.28-12.20.47:733][  0]LogTemp: Display: Loaded TP AndroidTargetPlatform
[2018.10.28-12.20.47:733][  0]LogTemp: Display: Loaded TP AndroidTargetPlatform
[2018.10.28-12.20.47:733][  0]LogTemp: Display: Loaded TP AndroidTargetPlatform
[2018.10.28-12.20.47:733][  0]LogTemp: Display: Loaded TP AndroidTargetPlatform
[2018.10.28-12.20.47:733][  0]LogTemp: Display: Loaded TP AndroidTargetPlatform
[2018.10.28-12.20.47:733][  0]LogTemp: Display: Loaded TP AndroidTargetPlatform
[2018.10.28-12.20.47:733][  0]LogTemp: Display: Loaded TP AndroidTargetPlatform
[2018.10.28-12.20.47:733][  0]LogTemp: Display: Loaded TP AndroidTargetPlatform
[2018.10.28-12.20.47:733][  0]LogTemp: Display: Loaded TP AndroidTargetPlatform
[2018.10.28-12.20.47:733][  0]LogTemp: Display: Loaded TP AndroidTargetPlatform
[2018.10.28-12.20.47:733][  0]LogTemp: Display: Loaded TP AndroidTargetPlatform
[2018.10.28-12.20.47:734][  0]LogTemp: Display: Loaded TP AndroidTargetPlatform
[2018.10.28-12.20.47:821][  0]LogTemp: Display: Loaded TP HTML5TargetPlatform
[2018.10.28-12.20.48:388][  0]LogTemp: Display: Loaded TP IOSTargetPlatform
[2018.10.28-12.20.48:388][  0]LogTemp: Display: Loaded TP IOSTargetPlatform
[2018.10.28-12.20.48:477][  0]LogTemp: Display: Loaded TP TVOSTargetPlatform
[2018.10.28-12.20.48:477][  0]LogTemp: Display: Loaded TP TVOSTargetPlatform
[2018.10.28-12.20.48:609][  0]LogTemp: Display: Loaded TP LinuxClientTargetPlatform
[2018.10.28-12.20.48:738][  0]LogTemp: Display: Loaded TP LinuxNoEditorTargetPlatform
[2018.10.28-12.20.48:895][  0]LogTemp: Display: Loaded TP LinuxServerTargetPlatform
[2018.10.28-12.20.49:068][  0]LogTemp: Display: Loaded TP LinuxTargetPlatform
[2018.10.28-12.20.49:103][  0]LogTemp: Display: Loaded TP LuminTargetPlatform
[2018.10.28-12.20.49:103][  0]LogTargetPlatformManager: Display: Building Assets For Windows
[2018.10.28-12.20.53:332][  0]LogXGEController: Cleaning working directory: C:/Users/John/AppData/Local/Temp/UnrealXGEWorkingDir/
[2018.10.28-12.20.53:358][  0]LogXGEController: Cannot use XGE Controller as Incredibuild is not installed on this machine.
[2018.10.28-12.20.53:358][  0]LogShaderCompilers: Cannot use XGE Shader Compiler as Incredibuild is not installed on this machine.
[2018.10.28-12.20.53:358][  0]LogShaderCompilers: Display: Using Local Shader Compiler.
[2018.10.28-12.21.04:056][  0]LogDerivedDataCache: Display: Max Cache Size: 512 MB
[2018.10.28-12.21.04:607][  0]LogDerivedDataCache: Loaded boot cache 0.55s 71MB C:/Users/John/AppData/Local/UnrealEngine/4.20/DerivedDataCache/Boot.ddc.
[2018.10.28-12.21.04:608][  0]LogDerivedDataCache: Display: Loaded Boot cache: C:/Users/John/AppData/Local/UnrealEngine/4.20/DerivedDataCache/Boot.ddc
[2018.10.28-12.21.04:608][  0]LogDerivedDataCache: FDerivedDataBackendGraph:  Pak pak cache file ../../../../../../Git/SpideyCPP/SideyCPP/DerivedDataCache/DDC.ddp not found, will not use a pak cache.
[2018.10.28-12.21.04:608][  0]LogDerivedDataCache: Unable to find inner node Pak for hierarchical cache Hierarchy.
[2018.10.28-12.21.04:608][  0]LogDerivedDataCache: FDerivedDataBackendGraph:  CompressedPak pak cache file ../../../../../../Git/SpideyCPP/SideyCPP/DerivedDataCache/Compressed.ddp not found, will not use a pak cache.
[2018.10.28-12.21.04:608][  0]LogDerivedDataCache: Unable to find inner node CompressedPak for hierarchical cache Hierarchy.
[2018.10.28-12.21.04:916][  0]LogDerivedDataCache: Display: Pak cache opened for reading ../../../Engine/DerivedDataCache/Compressed.ddp.
[2018.10.28-12.21.04:930][  0]LogDerivedDataCache: Using Local data cache path C:/Users/John/AppData/Local/UnrealEngine/Common/DerivedDataCache: Writable
[2018.10.28-12.21.04:930][  0]LogDerivedDataCache: Shared data cache path not found in *engine.ini, will not use an Shared cache.
[2018.10.28-12.21.04:930][  0]LogDerivedDataCache: Unable to find inner node Shared for hierarchical cache Hierarchy.
[2018.10.28-12.21.05:149][  0]LogMaterial: Verifying Global Shaders for PCD3D_SM5
[2018.10.28-12.21.05:374][  0]LogSlate: Using FreeType 2.6.0
[2018.10.28-12.21.05:531][  0]LogSlate: SlateFontServices - WITH_FREETYPE: 1, WITH_HARFBUZZ: 1
[2018.10.28-12.21.09:698][  0]LogAssetRegistry: FAssetRegistry took 0.2150 seconds to start up
[2018.10.28-12.21.23:974][  0]LogInit: Selected Device Profile: [Windows]
[2018.10.28-12.21.31:804][  0]LogSimplygon: Simplygon DLL not present - disabling.
[2018.10.28-12.21.32:931][  0]LogMeshReduction: Using SimplygonSwarm for distributed automatic mesh merging
[2018.10.28-12.21.32:958][  0]LogMeshReduction: Using ProxyLODMeshReduction for automatic mesh merging
[2018.10.28-12.21.33:006][  0]LogMeshReduction: Using QuadricMeshReduction for automatic static mesh reduction
[2018.10.28-12.21.33:006][  0]LogMeshReduction: No automatic skeletal mesh reduction module available
[2018.10.28-12.21.34:733][  0]LogNetVersion: SideyCPP 1.0.0, NetCL: 4212847, EngineNetVer: 5, GameNetVer: 0 (Checksum: 583984258)
[2018.10.28-12.21.43:593][  0]LogAssetRegistry: Error: Failed to open file for write ../../../../../../Git/SpideyCPP/SideyCPP/Intermediate/AssetRegistryCache/5a627529.bin
[2018.10.28-12.21.43:609][  0]LogAssetRegistry: Error: Failed to open file for write ../../../../../../Git/SpideyCPP/SideyCPP/Intermediate/AssetRegistryCache/866581fd.bin
[2018.10.28-12.21.43:619][  0]LogAssetRegistry: Error: Failed to open file for write ../../../../../../Git/SpideyCPP/SideyCPP/Intermediate/AssetRegistryCache/8c0e1344.bin
[2018.10.28-12.21.43:634][  0]LogAssetRegistry: Error: Failed to open file for write ../../../../../../Git/SpideyCPP/SideyCPP/Intermediate/AssetRegistryCache/26b732ab.bin
[2018.10.28-12.21.43:671][  0]LogAssetRegistry: Error: Failed to open file for write ../../../../../../Git/SpideyCPP/SideyCPP/Intermediate/AssetRegistryCache/12424d50.bin
[2018.10.28-12.21.43:691][  0]LogAssetRegistry: Error: Failed to open file for write ../../../../../../Git/SpideyCPP/SideyCPP/Intermediate/AssetRegistryCache/f0d5030c.bin
[2018.10.28-12.21.43:704][  0]LogPackageLocalizationCache: Processed 11 localized package path(s) for 2 prioritized culture(s) in 0.122613 seconds
[2018.10.28-12.21.43:764][  0]LogUObjectArray: 38425 objects as part of root set at end of initial load.
[2018.10.28-12.21.43:764][  0]LogUObjectAllocator: 6690864 out of 0 bytes used by permanent object pool.
[2018.10.28-12.21.43:764][  0]LogUObjectArray: CloseDisregardForGC: 0/0 objects in disregard for GC pool
[2018.10.28-12.22.00:735][  0]LogTcpMessaging: Initializing TcpMessaging bridge
[2018.10.28-12.22.00:762][  0]LogUdpMessaging: Initializing bridge on interface 0.0.0.0:0 to multicast group 230.0.0.1:6666.
[2018.10.28-12.22.01:997][  0]SourceControl: Source control is disabled
[2018.10.28-12.22.01:997][  0]SourceControl: Source control is disabled
[2018.10.28-12.22.02:056][  0]SourceControl: Source control is disabled
[2018.10.28-12.22.02:073][  0]SourceControl: Source control is disabled
[2018.10.28-12.22.03:363][  0]LogAndroidPermission: UAndroidPermissionCallbackProxy::GetInstance
[2018.10.28-12.22.03:689][  0]LogOcInput: OculusInput pre-init called
[2018.10.28-12.22.04:315][  0]LogEngine: Initializing Engine...
[2018.10.28-12.22.04:338][  0]LogHMD: Failed to initialize OpenVR with code 102
[2018.10.28-12.22.04:370][  0]LogStats: UGameplayTagsManager::ConstructGameplayTagTree: ImportINI prefixes -  0.000 s
[2018.10.28-12.22.04:370][  0]LogStats: UGameplayTagsManager::ConstructGameplayTagTree: Construct from data asset -  0.000 s
[2018.10.28-12.22.04:371][  0]LogStats: UGameplayTagsManager::ConstructGameplayTagTree: ImportINI -  0.001 s
[2018.10.28-12.22.04:371][  0]LogStats: UGameplayTagsManager::ConstructGameplayTagTree: GameplayTagTreeChangedEvent.Broadcast -  0.000 s
[2018.10.28-12.22.05:109][  0]LogInit: Initializing FReadOnlyCVARCache
[2018.10.28-12.22.05:464][  0]LogAIModule: Creating AISystem for world Untitled
[2018.10.28-12.22.05:616][  0]LogInit: XAudio2 using 'Headset Earphone (Razer ManO'War)' : 2 channels at 48 kHz using 16 bits per sample (channel mask 0x3)
[2018.10.28-12.22.05:712][  0]LogInit: FAudioDevice initialized.
[2018.10.28-12.22.05:713][  0]LogNetVersion: Set ProjectVersion to 1.0.0.0. Version Checksum will be recalculated on next use.
[2018.10.28-12.22.06:037][  0]LogDerivedDataCache: Saved boot cache 0.32s 71MB C:/Users/John/AppData/Local/UnrealEngine/4.20/DerivedDataCache/Boot.ddc.
[2018.10.28-12.22.06:051][  0]LogInit: Texture streaming: Enabled
[2018.10.28-12.22.06:075][  0]LogEngineSessionManager: EngineSessionManager initialized
[2018.10.28-12.22.06:172][  0]LogInit: Transaction tracking system initialized
[2018.10.28-12.22.08:665][  0]BlueprintLog: New page: Editor Load
[2018.10.28-12.22.10:884][  0]LocalizationService: Localization service is disabled
[2018.10.28-12.22.15:891][  0]LogFileCache: Scanning file cache for directory 'D:/Git/SpideyCPP/SideyCPP/Content/' took 0.04s
[2018.10.28-12.22.15:891][  0]LogCook: Display: Max memory allowance for cook 16384mb min free memory 0mb
[2018.10.28-12.22.15:905][  0]LogCook: Display: Mobile HDR setting 1
[2018.10.28-12.22.15:918][  0]LogGameplayTags: Display: UGameplayTagsManager::DoneAddingNativeTags. DelegateIsBound: 0
[2018.10.28-12.22.15:919][  0]LogStats: UGameplayTagsManager::ConstructGameplayTagTree: ImportINI prefixes -  0.000 s
[2018.10.28-12.22.15:919][  0]LogStats: UGameplayTagsManager::ConstructGameplayTagTree: Construct from data asset -  0.000 s
[2018.10.28-12.22.15:919][  0]LogStats: UGameplayTagsManager::ConstructGameplayTagTree: ImportINI -  0.001 s
[2018.10.28-12.22.15:919][  0]LogStats: UGameplayTagsManager::ConstructGameplayTagTree: GameplayTagTreeChangedEvent.Broadcast -  0.000 s
[2018.10.28-12.22.17:554][  0]LogLinker: Warning: Can't find file '/Engine/BasicShapes/Cylinder'
[2018.10.28-12.22.17:554][  0]LogLinker: Warning: Can't find file '/Engine/BasicShapes/Cylinder'
[2018.10.28-12.22.17:554][  0]LogUObjectGlobals: Warning: Failed to find object 'StaticMesh /Engine/BasicShapes/Cylinder.Cylinder'
[2018.10.28-12.22.19:543][  0]SourceControl: Source control is disabled
[2018.10.28-12.22.19:600][  0]Cmd: MAP LOAD FILE="../../../../../../Git/SpideyCPP/SideyCPP/Content/StarterContent/Maps/Minimal_Default.umap" TEMPLATE=0 SHOWPROGRESS=1 FEATURELEVEL=3
[2018.10.28-12.22.19:602][  0]LightingResults: New page: Lighting Build
[2018.10.28-12.22.19:966][  0]MapCheck: New page: Map Check
[2018.10.28-12.22.19:966][  0]LightingResults: New page: Lighting Build
[2018.10.28-12.22.29:035][  0]LogAIModule: Creating AISystem for world Minimal_Default
[2018.10.28-12.22.32:981][  0]LogEditorServer: Finished looking for orphan Actors (0.003 secs)
[2018.10.28-12.22.33:545][  0]Cmd: MAP CHECKDEP NOCLEARLOG
[2018.10.28-12.22.33:817][  0]MapCheck: Map check complete: 0 Error(s), 0 Warning(s), took 271.866ms to complete.
[2018.10.28-12.22.33:817][  0]LogFileHelpers: Loading map 'Minimal_Default' took 14.257
[2018.10.28-12.22.38:420][  0]LogSlate: Updating window title bar state: overlay mode, drag disabled, window buttons hidden, title bar hidden
[2018.10.28-12.22.38:463][  0]LogSlate: Updating window title bar state: overlay mode, drag disabled, window buttons hidden, title bar hidden
[2018.10.28-12.22.38:470][  0]LogSlate: Updating window title bar state: overlay mode, drag disabled, window buttons hidden, title bar hidden
[2018.10.28-12.22.38:476][  0]LogSlate: Updating window title bar state: overlay mode, drag disabled, window buttons hidden, title bar hidden
[2018.10.28-12.22.38:809][  0]LogCollectionManager: Loaded 0 collections in 0.002704 seconds
[2018.10.28-12.22.39:453][  0]LogFileCache: Scanning file cache for directory 'D:/Git/SpideyCPP/SideyCPP/Saved/Collections/' took 0.01s
[2018.10.28-12.22.39:453][  0]LogFileCache: Scanning file cache for directory 'D:/Git/SpideyCPP/SideyCPP/Content/Developers/John/Collections/' took 0.01s
[2018.10.28-12.22.39:453][  0]LogFileCache: Scanning file cache for directory 'D:/Git/SpideyCPP/SideyCPP/Content/Collections/' took 0.01s
[2018.10.28-12.22.39:453][  0]LogCollectionManager: Rebuilt the GUID cache for 0 collections in 0.000000 seconds
[2018.10.28-12.22.39:630][  0]LogContentBrowser: Native class hierarchy populated in 0.1368 seconds. Added 2586 classes and 610 folders.
[2018.10.28-12.22.40:632][  0]LogContentBrowser: Native class hierarchy updated for 'WidgetCarousel' in 0.0004 seconds. Added 0 classes and 0 folders.
[2018.10.28-12.22.43:553][  0]LogContentBrowser: Native class hierarchy updated for 'AddContentDialog' in 0.0008 seconds. Added 0 classes and 0 folders.
[2018.10.28-12.22.44:221][  0]LogContentBrowser: Native class hierarchy updated for 'SceneOutliner' in 0.0006 seconds. Added 1 classes and 2 folders.
[2018.10.28-12.22.44:889][  0]LogContentBrowser: Native class hierarchy updated for 'HierarchicalLODOutliner' in 0.0005 seconds. Added 0 classes and 0 folders.
[2018.10.28-12.22.44:889][  0]LogLoad: (Engine Initialization) Total time: 182.24 seconds
[2018.10.28-12.22.44:889][  0]LogLoad: (Engine Initialization) Total Blueprint compile time: 0.00 seconds
[2018.10.28-12.22.45:383][  0]LogContentStreaming: Texture pool size now 1000 MB
[2018.10.28-12.22.45:556][  0]LogSlate: Took 0.035140 seconds to synchronously load lazily loaded font '../../../Engine/Content/Slate/Fonts/Roboto-Regular.ttf' (155K)
[2018.10.28-12.22.45:607][  0]LogSlate: Took 0.035775 seconds to synchronously load lazily loaded font '../../../Engine/Content/Slate/Fonts/Roboto-Bold.ttf' (160K)
[2018.10.28-12.22.45:645][  0]LogSlate: Took 0.012843 seconds to synchronously load lazily loaded font '../../../Engine/Content/Editor/Slate/Fonts/FontAwesome.ttf' (139K)
[2018.10.28-12.22.46:544][  0]LogRenderer: Reallocating scene render targets to support 804x360 Format 10 NumSamples 1 (Frame:1).
[2018.10.28-12.22.46:544][  0]LogSlate: Took 0.027460 seconds to synchronously load lazily loaded font '../../../Engine/Content/Slate/Fonts/Roboto-Light.ttf' (167K)
[2018.10.28-12.22.47:141][  2]LogAssetRegistry: Asset discovery search completed in 97.4723 seconds
[2018.10.28-12.22.47:144][  2]LogCollectionManager: Rebuilt the object cache for 0 collections in 0.000000 seconds (found 0 objects)
[2018.10.28-12.22.47:144][  2]LogCollectionManager: Fixed up redirectors for 0 collections in 0.000068 seconds (updated 0 objects)
[2018.10.28-12.34.33:749][107]LogSlate: FSceneViewport::OnFocusLost() reason 0
[2018.10.28-12.34.34:259][107]LogRenderer: Reallocating scene render targets to support 1168x600 Format 10 NumSamples 1 (Frame:5).
[2018.10.28-12.34.37:213][370]LogSlate: FSceneViewport::OnFocusLost() reason 0
[2018.10.28-12.34.37:462][377]LogRenderer: Reallocating scene render targets to support 1168x604 Format 10 NumSamples 1 (Frame:273).
[2018.10.28-12.34.37:505][378]LogRenderer: Reallocating scene render targets to support 1168x716 Format 10 NumSamples 1 (Frame:275).
[2018.10.28-12.34.37:737][398]LogRenderer: Reallocating scene render targets to support 1168x720 Format 10 NumSamples 1 (Frame:279).
[2018.10.28-12.34.38:764][507]LogTemp: Repeating last play command: Selected Viewport
[2018.10.28-12.34.38:867][507]LogBlueprintUserMessages: Early PlayInEditor Detection: Level '/Game/StarterContent/Maps/Minimal_Default.Minimal_Default:PersistentLevel' has LevelScriptBlueprint '/Game/StarterContent/Maps/Minimal_Default.Minimal_Default:PersistentLevel.Minimal_Default' with GeneratedClass '/Game/StarterContent/Maps/Minimal_Default.Minimal_Default_C' with ClassGeneratedBy '/Game/StarterContent/Maps/Minimal_Default.Minimal_Default:PersistentLevel.Minimal_Default'
[2018.10.28-12.34.38:888][507]LogPlayLevel: PlayLevel: No blueprints needed recompiling
[2018.10.28-12.34.39:919][507]PIE: New page: PIE session: Minimal_Default (Oct 28, 2018, 12:34:39 PM)
[2018.10.28-12.34.39:926][507]LogPlayLevel: Creating play world package: /Game/StarterContent/Maps/UEDPIE_0_Minimal_Default
[2018.10.28-12.34.40:535][507]LogPlayLevel: PIE: StaticDuplicateObject took: (0.609350s)
[2018.10.28-12.34.40:536][507]LogAIModule: Creating AISystem for world Minimal_Default
[2018.10.28-12.34.40:543][507]LogPlayLevel: PIE: World Init took: (0.007496s)
[2018.10.28-12.34.40:565][507]LogPlayLevel: PIE: Created PIE world by copying editor world from /Game/StarterContent/Maps/Minimal_Default.Minimal_Default to /Game/StarterContent/Maps/UEDPIE_0_Minimal_Default.Minimal_Default (0.638974s)
[2018.10.28-12.34.40:681][507]LogInit: XAudio2 using 'Headset Earphone (Razer ManO'War)' : 2 channels at 48 kHz using 16 bits per sample (channel mask 0x3)
[2018.10.28-12.34.40:745][507]LogInit: FAudioDevice initialized.
[2018.10.28-12.34.42:199][507]LogLoad: Game class is 'MySideyCPPGameModeBase_C'
[2018.10.28-12.34.42:460][507]LogWorld: Bringing World /Game/StarterContent/Maps/UEDPIE_0_Minimal_Default.Minimal_Default up for play (max tick rate 0) at 2018.10.28-12.34.42
[2018.10.28-12.34.42:597][507]LogWorld: Bringing up level for play took: 0.249337
[2018.10.28-12.34.43:241][507]LogContentBrowser: Native class hierarchy updated for 'MovieSceneCapture' in 0.0287 seconds. Added 10 classes and 0 folders.
[2018.10.28-12.34.45:289][507]PIE: Play in editor start time for /Game/StarterContent/Maps/UEDPIE_0_Minimal_Default 7.173
[2018.10.28-12.34.45:290][507]LogBlueprintUserMessages: Late PlayInEditor Detection: Level '/Game/StarterContent/Maps/Minimal_Default.Minimal_Default:PersistentLevel' has LevelScriptBlueprint '/Game/StarterContent/Maps/Minimal_Default.Minimal_Default:PersistentLevel.Minimal_Default' with GeneratedClass '/Game/StarterContent/Maps/Minimal_Default.Minimal_Default_C' with ClassGeneratedBy '/Game/StarterContent/Maps/Minimal_Default.Minimal_Default:PersistentLevel.Minimal_Default'
[2018.10.28-12.36.33:803][952]LogBlueprintUserMessages: Early EndPlayMap Detection: Level '/Game/StarterContent/Maps/Minimal_Default.Minimal_Default:PersistentLevel' has LevelScriptBlueprint '/Game/StarterContent/Maps/Minimal_Default.Minimal_Default:PersistentLevel.Minimal_Default' with GeneratedClass '/Game/StarterContent/Maps/Minimal_Default.Minimal_Default_C' with ClassGeneratedBy '/Game/StarterContent/Maps/Minimal_Default.Minimal_Default:PersistentLevel.Minimal_Default'
[2018.10.28-12.36.33:844][952]LogSlate: Updating window title bar state: overlay mode, drag disabled, window buttons hidden, title bar hidden
[2018.10.28-12.36.34:352][952]LogPlayLevel: Display: Shutting down PIE online subsystems
[2018.10.28-12.36.34:364][952]LogBlueprintUserMessages: Late EndPlayMap Detection: Level '/Game/StarterContent/Maps/Minimal_Default.Minimal_Default:PersistentLevel' has LevelScriptBlueprint '/Game/StarterContent/Maps/Minimal_Default.Minimal_Default:PersistentLevel.Minimal_Default' with GeneratedClass '/Game/StarterContent/Maps/Minimal_Default.Minimal_Default_C' with ClassGeneratedBy '/Game/StarterContent/Maps/Minimal_Default.Minimal_Default:PersistentLevel.Minimal_Default'
[2018.10.28-12.36.34:587][952]LogSlate: Updating window title bar state: overlay mode, drag disabled, window buttons hidden, title bar hidden
[2018.10.28-12.36.34:747][953]LogPlayLevel: Display: Destroying online subsystem :Context_3
[2018.10.28-12.36.47:730][406]LogSlate: FSceneViewport::OnFocusLost() reason 0
[2018.10.28-12.36.47:852][420]LogTemp: Repeating last play command: Selected Viewport
[2018.10.28-12.36.47:868][420]LogBlueprintUserMessages: Early PlayInEditor Detection: Level '/Game/StarterContent/Maps/Minimal_Default.Minimal_Default:PersistentLevel' has LevelScriptBlueprint '/Game/StarterContent/Maps/Minimal_Default.Minimal_Default:PersistentLevel.Minimal_Default' with GeneratedClass '/Game/StarterContent/Maps/Minimal_Default.Minimal_Default_C' with ClassGeneratedBy '/Game/StarterContent/Maps/Minimal_Default.Minimal_Default:PersistentLevel.Minimal_Default'
[2018.10.28-12.36.47:868][420]LogPlayLevel: PlayLevel: No blueprints needed recompiling
[2018.10.28-12.36.47:869][420]PIE: New page: PIE session: Minimal_Default (Oct 28, 2018, 12:36:47 PM)
[2018.10.28-12.36.47:869][420]LogPlayLevel: Creating play world package: /Game/StarterContent/Maps/UEDPIE_0_Minimal_Default
[2018.10.28-12.36.48:197][420]LogPlayLevel: PIE: StaticDuplicateObject took: (0.327048s)
[2018.10.28-12.36.48:197][420]LogAIModule: Creating AISystem for world Minimal_Default
[2018.10.28-12.36.48:197][420]LogPlayLevel: PIE: World Init took: (0.000749s)
[2018.10.28-12.36.48:198][420]LogPlayLevel: PIE: Created PIE world by copying editor world from /Game/StarterContent/Maps/Minimal_Default.Minimal_Default to /Game/StarterContent/Maps/UEDPIE_0_Minimal_Default.Minimal_Default (0.328583s)
[2018.10.28-12.36.48:249][420]LogInit: XAudio2 using 'Headset Earphone (Razer ManO'War)' : 2 channels at 48 kHz using 16 bits per sample (channel mask 0x3)
[2018.10.28-12.36.48:301][420]LogInit: FAudioDevice initialized.
[2018.10.28-12.36.48:349][420]LogLoad: Game class is 'MySideyCPPGameModeBase_C'
[2018.10.28-12.36.48:460][420]LogWorld: Bringing World /Game/StarterContent/Maps/UEDPIE_0_Minimal_Default.Minimal_Default up for play (max tick rate 0) at 2018.10.28-12.36.48
[2018.10.28-12.36.48:488][420]LogWorld: Bringing up level for play took: 0.138676
[2018.10.28-12.36.48:508][420]PIE: Play in editor start time for /Game/StarterContent/Maps/UEDPIE_0_Minimal_Default 0.392
[2018.10.28-12.36.48:508][420]LogBlueprintUserMessages: Late PlayInEditor Detection: Level '/Game/StarterContent/Maps/Minimal_Default.Minimal_Default:PersistentLevel' has LevelScriptBlueprint '/Game/StarterContent/Maps/Minimal_Default.Minimal_Default:PersistentLevel.Minimal_Default' with GeneratedClass '/Game/StarterContent/Maps/Minimal_Default.Minimal_Default_C' with ClassGeneratedBy '/Game/StarterContent/Maps/Minimal_Default.Minimal_Default:PersistentLevel.Minimal_Default'
[2018.10.28-12.41.11:434][333]LogBlueprintUserMessages: Early EndPlayMap Detection: Level '/Game/StarterContent/Maps/Minimal_Default.Minimal_Default:PersistentLevel' has LevelScriptBlueprint '/Game/StarterContent/Maps/Minimal_Default.Minimal_Default:PersistentLevel.Minimal_Default' with GeneratedClass '/Game/StarterContent/Maps/Minimal_Default.Minimal_Default_C' with ClassGeneratedBy '/Game/StarterContent/Maps/Minimal_Default.Minimal_Default:PersistentLevel.Minimal_Default'
[2018.10.28-12.41.11:434][333]LogSlate: Updating window title bar state: overlay mode, drag disabled, window buttons hidden, title bar hidden
[2018.10.28-12.41.11:673][333]LogPlayLevel: Display: Shutting down PIE online subsystems
[2018.10.28-12.41.11:674][333]LogBlueprintUserMessages: Late EndPlayMap Detection: Level '/Game/StarterContent/Maps/Minimal_Default.Minimal_Default:PersistentLevel' has LevelScriptBlueprint '/Game/StarterContent/Maps/Minimal_Default.Minimal_Default:PersistentLevel.Minimal_Default' with GeneratedClass '/Game/StarterContent/Maps/Minimal_Default.Minimal_Default_C' with ClassGeneratedBy '/Game/StarterContent/Maps/Minimal_Default.Minimal_Default:PersistentLevel.Minimal_Default'
[2018.10.28-12.41.11:714][333]LogSlate: Updating window title bar state: overlay mode, drag disabled, window buttons hidden, title bar hidden
[2018.10.28-12.41.11:790][334]LogPlayLevel: Display: Destroying online subsystem :Context_4
[2018.10.28-12.41.21:507][403]LogSlate: FSceneViewport::OnFocusLost() reason 0
[2018.10.28-12.41.21:588][412]LogTemp: Repeating last play command: Selected Viewport
[2018.10.28-12.41.21:604][412]LogBlueprintUserMessages: Early PlayInEditor Detection: Level '/Game/StarterContent/Maps/Minimal_Default.Minimal_Default:PersistentLevel' has LevelScriptBlueprint '/Game/StarterContent/Maps/Minimal_Default.Minimal_Default:PersistentLevel.Minimal_Default' with GeneratedClass '/Game/StarterContent/Maps/Minimal_Default.Minimal_Default_C' with ClassGeneratedBy '/Game/StarterContent/Maps/Minimal_Default.Minimal_Default:PersistentLevel.Minimal_Default'
[2018.10.28-12.41.21:604][412]LogPlayLevel: PlayLevel: No blueprints needed recompiling
[2018.10.28-12.41.21:604][412]PIE: New page: PIE session: Minimal_Default (Oct 28, 2018, 12:41:21 PM)
[2018.10.28-12.41.21:604][412]LogPlayLevel: Creating play world package: /Game/StarterContent/Maps/UEDPIE_0_Minimal_Default
[2018.10.28-12.41.21:931][412]LogPlayLevel: PIE: StaticDuplicateObject took: (0.326601s)
[2018.10.28-12.41.21:931][412]LogAIModule: Creating AISystem for world Minimal_Default
[2018.10.28-12.41.21:932][412]LogPlayLevel: PIE: World Init took: (0.000757s)
[2018.10.28-12.41.21:932][412]LogPlayLevel: PIE: Created PIE world by copying editor world from /Game/StarterContent/Maps/Minimal_Default.Minimal_Default to /Game/StarterContent/Maps/UEDPIE_0_Minimal_Default.Minimal_Default (0.328192s)
[2018.10.28-12.41.21:991][412]LogInit: XAudio2 using 'Headset Earphone (Razer ManO'War)' : 2 channels at 48 kHz using 16 bits per sample (channel mask 0x3)
[2018.10.28-12.41.22:054][412]LogInit: FAudioDevice initialized.
[2018.10.28-12.41.22:090][412]LogLoad: Game class is 'MySideyCPPGameModeBase_C'
[2018.10.28-12.41.22:200][412]LogWorld: Bringing World /Game/StarterContent/Maps/UEDPIE_0_Minimal_Default.Minimal_Default up for play (max tick rate 0) at 2018.10.28-12.41.22
[2018.10.28-12.41.22:228][412]LogWorld: Bringing up level for play took: 0.137337
[2018.10.28-12.41.22:263][412]PIE: Play in editor start time for /Game/StarterContent/Maps/UEDPIE_0_Minimal_Default 0.147
[2018.10.28-12.41.22:263][412]LogBlueprintUserMessages: Late PlayInEditor Detection: Level '/Game/StarterContent/Maps/Minimal_Default.Minimal_Default:PersistentLevel' has LevelScriptBlueprint '/Game/StarterContent/Maps/Minimal_Default.Minimal_Default:PersistentLevel.Minimal_Default' with GeneratedClass '/Game/StarterContent/Maps/Minimal_Default.Minimal_Default_C' with ClassGeneratedBy '/Game/StarterContent/Maps/Minimal_Default.Minimal_Default:PersistentLevel.Minimal_Default'
[2018.10.28-12.48.20:540][755]LogBlueprintUserMessages: Early EndPlayMap Detection: Level '/Game/StarterContent/Maps/Minimal_Default.Minimal_Default:PersistentLevel' has LevelScriptBlueprint '/Game/StarterContent/Maps/Minimal_Default.Minimal_Default:PersistentLevel.Minimal_Default' with GeneratedClass '/Game/StarterContent/Maps/Minimal_Default.Minimal_Default_C' with ClassGeneratedBy '/Game/StarterContent/Maps/Minimal_Default.Minimal_Default:PersistentLevel.Minimal_Default'
[2018.10.28-12.48.20:540][755]LogSlate: Updating window title bar state: overlay mode, drag disabled, window buttons hidden, title bar hidden
[2018.10.28-12.48.20:782][755]LogPlayLevel: Display: Shutting down PIE online subsystems
[2018.10.28-12.48.20:783][755]LogBlueprintUserMessages: Late EndPlayMap Detection: Level '/Game/StarterContent/Maps/Minimal_Default.Minimal_Default:PersistentLevel' has LevelScriptBlueprint '/Game/StarterContent/Maps/Minimal_Default.Minimal_Default:PersistentLevel.Minimal_Default' with GeneratedClass '/Game/StarterContent/Maps/Minimal_Default.Minimal_Default_C' with ClassGeneratedBy '/Game/StarterContent/Maps/Minimal_Default.Minimal_Default:PersistentLevel.Minimal_Default'
[2018.10.28-12.48.20:824][755]LogSlate: Updating window title bar state: overlay mode, drag disabled, window buttons hidden, title bar hidden
[2018.10.28-12.48.20:887][756]LogPlayLevel: Display: Destroying online subsystem :Context_5
[2018.10.28-12.48.21:546][812]LogSlate: FSceneViewport::OnFocusLost() reason 0
[2018.10.28-12.48.22:001][864]LogTemp: Repeating last play command: Selected Viewport
[2018.10.28-12.48.22:017][864]LogBlueprintUserMessages: Early PlayInEditor Detection: Level '/Game/StarterContent/Maps/Minimal_Default.Minimal_Default:PersistentLevel' has LevelScriptBlueprint '/Game/StarterContent/Maps/Minimal_Default.Minimal_Default:PersistentLevel.Minimal_Default' with GeneratedClass '/Game/StarterContent/Maps/Minimal_Default.Minimal_Default_C' with ClassGeneratedBy '/Game/StarterContent/Maps/Minimal_Default.Minimal_Default:PersistentLevel.Minimal_Default'
[2018.10.28-12.48.22:018][864]LogPlayLevel: PlayLevel: No blueprints needed recompiling
[2018.10.28-12.48.22:018][864]PIE: New page: PIE session: Minimal_Default (Oct 28, 2018, 12:48:22 PM)
[2018.10.28-12.48.22:018][864]LogPlayLevel: Creating play world package: /Game/StarterContent/Maps/UEDPIE_0_Minimal_Default
[2018.10.28-12.48.22:350][864]LogPlayLevel: PIE: StaticDuplicateObject took: (0.331951s)
[2018.10.28-12.48.22:350][864]LogAIModule: Creating AISystem for world Minimal_Default
[2018.10.28-12.48.22:350][864]LogPlayLevel: PIE: World Init took: (0.000704s)
[2018.10.28-12.48.22:351][864]LogPlayLevel: PIE: Created PIE world by copying editor world from /Game/StarterContent/Maps/Minimal_Default.Minimal_Default to /Game/StarterContent/Maps/UEDPIE_0_Minimal_Default.Minimal_Default (0.333567s)
[2018.10.28-12.48.22:410][864]LogInit: XAudio2 using 'Headset Earphone (Razer ManO'War)' : 2 channels at 48 kHz using 16 bits per sample (channel mask 0x3)
[2018.10.28-12.48.22:473][864]LogInit: FAudioDevice initialized.
[2018.10.28-12.48.22:506][864]LogLoad: Game class is 'MySideyCPPGameModeBase_C'
[2018.10.28-12.48.22:617][864]LogWorld: Bringing World /Game/StarterContent/Maps/UEDPIE_0_Minimal_Default.Minimal_Default up for play (max tick rate 0) at 2018.10.28-12.48.22
[2018.10.28-12.48.22:646][864]LogWorld: Bringing up level for play took: 0.139321
[2018.10.28-12.48.22:666][864]PIE: Play in editor start time for /Game/StarterContent/Maps/UEDPIE_0_Minimal_Default 0.551
[2018.10.28-12.48.22:667][864]LogBlueprintUserMessages: Late PlayInEditor Detection: Level '/Game/StarterContent/Maps/Minimal_Default.Minimal_Default:PersistentLevel' has LevelScriptBlueprint '/Game/StarterContent/Maps/Minimal_Default.Minimal_Default:PersistentLevel.Minimal_Default' with GeneratedClass '/Game/StarterContent/Maps/Minimal_Default.Minimal_Default_C' with ClassGeneratedBy '/Game/StarterContent/Maps/Minimal_Default.Minimal_Default:PersistentLevel.Minimal_Default'
[2018.10.28-12.49.40:591][274]LogBlueprintUserMessages: Early EndPlayMap Detection: Level '/Game/StarterContent/Maps/Minimal_Default.Minimal_Default:PersistentLevel' has LevelScriptBlueprint '/Game/StarterContent/Maps/Minimal_Default.Minimal_Default:PersistentLevel.Minimal_Default' with GeneratedClass '/Game/StarterContent/Maps/Minimal_Default.Minimal_Default_C' with ClassGeneratedBy '/Game/StarterContent/Maps/Minimal_Default.Minimal_Default:PersistentLevel.Minimal_Default'
[2018.10.28-12.49.40:591][274]LogSlate: Updating window title bar state: overlay mode, drag disabled, window buttons hidden, title bar hidden
[2018.10.28-12.49.40:836][274]LogPlayLevel: Display: Shutting down PIE online subsystems
[2018.10.28-12.49.40:837][274]LogBlueprintUserMessages: Late EndPlayMap Detection: Level '/Game/StarterContent/Maps/Minimal_Default.Minimal_Default:PersistentLevel' has LevelScriptBlueprint '/Game/StarterContent/Maps/Minimal_Default.Minimal_Default:PersistentLevel.Minimal_Default' with GeneratedClass '/Game/StarterContent/Maps/Minimal_Default.Minimal_Default_C' with ClassGeneratedBy '/Game/StarterContent/Maps/Minimal_Default.Minimal_Default:PersistentLevel.Minimal_Default'
[2018.10.28-12.49.40:877][274]LogSlate: Updating window title bar state: overlay mode, drag disabled, window buttons hidden, title bar hidden
[2018.10.28-12.49.40:980][275]LogPlayLevel: Display: Destroying online subsystem :Context_6
[2018.10.28-12.49.41:347][288]LogSlate: Took 0.026015 seconds to synchronously load lazily loaded font '../../../Engine/Content/Slate/Fonts/Roboto-Light.ttf' (167K)
[2018.10.28-12.49.41:364][288]LogSlate: FSceneViewport::OnFocusLost() reason 2
[2018.10.28-12.49.48:324][288]LogSavePackage: Moving '../../../../../../Git/SpideyCPP/SideyCPP/Saved/Minimal_DefaultC0B6282F499B30B2E8B24886E68E8355.tmp' to '../../../../../../Git/SpideyCPP/SideyCPP/Content/StarterContent/Maps/Minimal_Default.umap'
[2018.10.28-12.49.48:325][288]LogFileManager: Warning: DeleteFile was unable to delete '../../../../../../Git/SpideyCPP/SideyCPP/Content/StarterContent/Maps/Minimal_Default.umap', retrying in .5s...
[2018.10.28-12.49.48:827][288]LogFileManager: Error: Error deleting file '../../../../../../Git/SpideyCPP/SideyCPP/Content/StarterContent/Maps/Minimal_Default.umap'.
[2018.10.28-12.49.48:827][288]LogSavePackage: Error: Error saving '../../../../../../Git/SpideyCPP/SideyCPP/Content/StarterContent/Maps/Minimal_Default.umap'
[2018.10.28-12.49.48:909][288]EditorErrors: New page: Save Output
[2018.10.28-12.49.48:909][288]EditorErrors: Warning: Error saving '../../../../../../Git/SpideyCPP/SideyCPP/Content/StarterContent/Maps/Minimal_Default.umap'
[2018.10.28-12.49.52:302][638]LogSlate: Window 'Message Log' being destroyed
[2018.10.28-12.49.52:305][638]LogSlate: Window 'Message Log' being destroyed
[2018.10.28-12.49.57:958][199]LogAssetEditorManager: Opening Asset editor for Class /Script/SideyCPP.Player_Base
[2018.10.28-12.50.13:124][497]LogVSAccessor: Warning: Visual Studio is open but could not be queried - it may be blocked by a modal operation
[2018.10.28-12.50.25:691][527]LogInit: XAudio2 using 'ASUS VC239-8 (NVIDIA High Definition Audio)' : 2 channels at 48 kHz using 16 bits per sample (channel mask 0x3)
[2018.10.28-12.51.46:243][983]LogSlate: Window 'SideyCPP - Unreal Editor' being destroyed
[2018.10.28-12.51.46:245][983]LogWindowsTextInputMethodSystem: Display: IME system now deactivated.
[2018.10.28-12.51.46:783][984]Cmd: QUIT_EDITOR
[2018.10.28-12.51.48:075][984]LogExit: Preparing to exit.
[2018.10.28-12.51.49:367][984]LogExit: Editor shut down
[2018.10.28-12.51.49:367][984]LogExit: Transaction tracking system shut down
[2018.10.28-12.51.51:909][984]LogExit: Object subsystem successfully closed.
[2018.10.28-12.51.52:054][984]LogShaderCompilers: Display: Shaders left to compile 0
[2018.10.28-12.51.52:090][984]LogD3D11RHI: Shutdown
[2018.10.28-12.51.52:090][984]LogD3D11RHI: CleanupD3DDevice
[2018.10.28-12.51.52:160][984]LogD3D11RHI: ~FD3D11DynamicRHI
[2018.10.28-12.51.53:356][984]LogModuleManager: Shutting down and abandoning module MovieSceneCapture (620)
[2018.10.28-12.51.53:356][984]LogModuleManager: Shutting down and abandoning module Voice (618)
[2018.10.28-12.51.53:368][984]LogModuleManager: Shutting down and abandoning module HierarchicalLODOutliner (616)
[2018.10.28-12.51.53:368][984]LogModuleManager: Shutting down and abandoning module SceneOutliner (614)
[2018.10.28-12.51.53:368][984]LogModuleManager: Shutting down and abandoning module AddContentDialog (612)
[2018.10.28-12.51.53:378][984]LogModuleManager: Shutting down and abandoning module WidgetCarousel (611)
[2018.10.28-12.51.53:378][984]LogModuleManager: Shutting down and abandoning module EditorWidgets (608)
[2018.10.28-12.51.53:378][984]LogModuleManager: Shutting down and abandoning module CollectionManager (606)
[2018.10.28-12.51.53:406][984]LogModuleManager: Shutting down and abandoning module StatsViewer (604)
[2018.10.28-12.51.53:420][984]LogModuleManager: Shutting down and abandoning module FoliageEdit (602)
[2018.10.28-12.51.53:424][984]LogModuleManager: Shutting down and abandoning module LandscapeEditor (600)
[2018.10.28-12.51.53:440][984]LogModuleManager: Shutting down and abandoning module MeshPaintMode (598)
[2018.10.28-12.51.53:452][984]LogModuleManager: Shutting down and abandoning module SceneDepthPickerMode (596)
[2018.10.28-12.51.53:452][984]LogModuleManager: Shutting down and abandoning module ActorPickerMode (594)
[2018.10.28-12.51.53:452][984]LogModuleManager: Shutting down and abandoning module GeometryMode (592)
[2018.10.28-12.51.53:452][984]LogModuleManager: Shutting down and abandoning module TextureAlignMode (590)
[2018.10.28-12.51.53:452][984]LogModuleManager: Shutting down and abandoning module BspMode (588)
[2018.10.28-12.51.53:452][984]LogModuleManager: Shutting down and abandoning module PIEPreviewDeviceProfileSelector (586)
[2018.10.28-12.51.53:463][984]LogModuleManager: Shutting down and abandoning module SequenceRecorderSections (584)
[2018.10.28-12.51.53:474][984]LogModuleManager: Shutting down and abandoning module AutomationWorker (582)
[2018.10.28-12.51.53:474][984]LogModuleManager: Shutting down and abandoning module AudioCaptureEditor (580)
[2018.10.28-12.51.53:474][984]LogModuleManager: Shutting down and abandoning module SequenceRecorder (579)
[2018.10.28-12.51.53:474][984]LogModuleManager: Shutting down and abandoning module MatineeToLevelSequence (576)
[2018.10.28-12.51.53:490][984]LogModuleManager: Shutting down and abandoning module LevelSequenceEditor (574)
[2018.10.28-12.51.53:527][984]LogModuleManager: Shutting down and abandoning module PlacementMode (573)
[2018.10.28-12.51.53:527][984]LogModuleManager: Shutting down and abandoning module MaterialEditor (572)
[2018.10.28-12.51.53:569][984]LogModuleManager: Shutting down and abandoning module WmfMediaFactory (568)
[2018.10.28-12.51.53:569][984]LogModuleManager: Shutting down and abandoning module WmfMediaEditor (566)
[2018.10.28-12.51.53:569][984]LogModuleManager: Shutting down and abandoning module MediaPlayerEditor (564)
[2018.10.28-12.51.53:605][984]LogModuleManager: Shutting down and abandoning module OpenExrWrapper (562)
[2018.10.28-12.51.53:605][984]LogModuleManager: Shutting down and abandoning module ImgMediaFactory (560)
[2018.10.28-12.51.53:605][984]LogModuleManager: Shutting down and abandoning module ImgMediaEditor (558)
[2018.10.28-12.51.53:605][984]LogModuleManager: Shutting down and abandoning module AvfMediaFactory (556)
[2018.10.28-12.51.53:605][984]LogModuleManager: Shutting down and abandoning module AvfMediaEditor (554)
[2018.10.28-12.51.53:605][984]LogModuleManager: Shutting down and abandoning module AndroidMediaFactory (552)
[2018.10.28-12.51.53:605][984]LogModuleManager: Shutting down and abandoning module AndroidMediaEditor (550)
[2018.10.28-12.51.53:605][984]LogModuleManager: Shutting down and abandoning module MagicLeapCameraPreviewFactory (548)
[2018.10.28-12.51.53:605][984]LogModuleManager: Shutting down and abandoning module MagicLeapMediaFactory (546)
[2018.10.28-12.51.53:605][984]LogModuleManager: Shutting down and abandoning module MagicLeapMediaEditor (544)
[2018.10.28-12.51.53:605][984]LogModuleManager: Shutting down and abandoning module CharacterAI (542)
[2018.10.28-12.51.53:605][984]LogModuleManager: Shutting down and abandoning module SmartSnapping (540)
[2018.10.28-12.51.53:605][984]LogModuleManager: Shutting down and abandoning module SessionServices (538)
[2018.10.28-12.51.53:605][984]LogModuleManager: Shutting down and abandoning module ViewportSnapping (536)
[2018.10.28-12.51.53:605][984]LogModuleManager: Shutting down and abandoning module ViewportInteraction (534)
[2018.10.28-12.51.53:605][984]LogModuleManager: Shutting down and abandoning module ClothPainter (532)
[2018.10.28-12.51.53:644][984]LogModuleManager: Shutting down and abandoning module SkeletalMeshEditor (531)
[2018.10.28-12.51.53:686][984]LogModuleManager: Shutting down and abandoning module LogVisualizer (528)
[2018.10.28-12.51.53:713][984]LogModuleManager: Shutting down and abandoning module IntroTutorials (526)
[2018.10.28-12.51.53:737][984]LogModuleManager: Shutting down and abandoning module GameProjectGeneration (525)
[2018.10.28-12.51.53:746][984]LogModuleManager: Shutting down and abandoning module LuminPlatformEditor (522)
[2018.10.28-12.51.53:746][984]LogModuleManager: Shutting down and abandoning module IOSPlatformEditor (520)
[2018.10.28-12.51.53:754][984]LogModuleManager: Shutting down and abandoning module HTML5PlatformEditor (518)
[2018.10.28-12.51.53:754][984]LogModuleManager: Shutting down and abandoning module AndroidPlatformEditor (516)
[2018.10.28-12.51.53:754][984]LogModuleManager: Shutting down and abandoning module AndroidDeviceDetection (515)
[2018.10.28-12.51.54:373][984]LogModuleManager: Shutting down and abandoning module WindowsPlatformEditor (512)
[2018.10.28-12.51.54:373][984]LogModuleManager: Shutting down and abandoning module LuminRuntimeSettings (510)
[2018.10.28-12.51.54:373][984]LogModuleManager: Shutting down and abandoning module IOSRuntimeSettings (508)
[2018.10.28-12.51.54:373][984]LogModuleManager: Shutting down and abandoning module AndroidRuntimeSettings (506)
[2018.10.28-12.51.54:373][984]LogModuleManager: Shutting down and abandoning module InputBindingEditor (504)
[2018.10.28-12.51.54:402][984]LogModuleManager: Shutting down and abandoning module MergeActors (502)
[2018.10.28-12.51.54:417][984]LogModuleManager: Shutting down and abandoning module LocalizationDashboard (500)
[2018.10.28-12.51.54:431][984]LogModuleManager: Shutting down and abandoning module LocalizationService (499)
[2018.10.28-12.51.54:443][984]LogModuleManager: Shutting down and abandoning module HardwareTargeting (496)
[2018.10.28-12.51.54:443][984]LogModuleManager: Shutting down and abandoning module DeviceProfileEditor (494)
[2018.10.28-12.51.54:443][984]LogModuleManager: Shutting down and abandoning module UndoHistory (492)
[2018.10.28-12.51.54:450][984]LogModuleManager: Shutting down and abandoning module XmlParser (490)
[2018.10.28-12.51.54:451][984]LogModuleManager: Shutting down and abandoning module Blutility (488)
[2018.10.28-12.51.54:465][984]LogModuleManager: Shutting down and abandoning module ProjectSettingsViewer (486)
[2018.10.28-12.51.54:465][984]LogModuleManager: Shutting down and abandoning module ProjectTargetPlatformEditor (485)
[2018.10.28-12.51.54:465][984]LogModuleManager: Shutting down and abandoning module EditorSettingsViewer (482)
[2018.10.28-12.51.54:465][984]LogModuleManager: Shutting down and abandoning module SettingsEditor (480)
[2018.10.28-12.51.54:498][984]LogModuleManager: Shutting down and abandoning module ProjectLauncher (478)
[2018.10.28-12.51.54:522][984]LogModuleManager: Shutting down and abandoning module SessionFrontend (476)
[2018.10.28-12.51.54:533][984]LogModuleManager: Shutting down and abandoning module ProfilerClient (474)
[2018.10.28-12.51.54:540][984]LogModuleManager: Shutting down and abandoning module DeviceManager (472)
[2018.10.28-12.51.54:547][984]LogModuleManager: Shutting down and abandoning module TargetDeviceServices (471)
[2018.10.28-12.51.54:602][984]LogModuleManager: Shutting down and abandoning module AutomationController (468)
[2018.10.28-12.51.54:632][984]LogModuleManager: Shutting down and abandoning module AutomationWindow (466)
[2018.10.28-12.51.54:650][984]LogModuleManager: Shutting down and abandoning module Layers (464)
[2018.10.28-12.51.54:721][984]LogModuleManager: Shutting down and abandoning module ComponentVisualizers (462)
[2018.10.28-12.51.54:721][984]LogModuleManager: Shutting down and abandoning module DetailCustomizations (460)
[2018.10.28-12.51.54:747][984]LogModuleManager: Shutting down and abandoning module PackagesDialog (458)
[2018.10.28-12.51.54:747][984]LogModuleManager: Shutting down and abandoning module Persona (456)
[2018.10.28-12.51.54:772][984]LogModuleManager: Shutting down and abandoning module AdvancedPreviewScene (455)
[2018.10.28-12.51.54:772][984]LogModuleManager: Shutting down and abandoning module AnimGraph (453)
[2018.10.28-12.51.54:777][984]LogModuleManager: Shutting down and abandoning module Kismet (450)
[2018.10.28-12.51.54:807][984]LogModuleManager: Shutting down and abandoning module GraphEditor (448)
[2018.10.28-12.51.54:847][984]LogModuleManager: Shutting down and abandoning module ClassViewer (446)
[2018.10.28-12.51.54:847][984]LogModuleManager: Shutting down and abandoning module Toolbox (444)
[2018.10.28-12.51.54:847][984]LogModuleManager: Shutting down and abandoning module DesktopPlatform (443)
[2018.10.28-12.51.54:880][984]LogModuleManager: Shutting down and abandoning module ModuleUI (440)
[2018.10.28-12.51.54:889][984]LogModuleManager: Shutting down and abandoning module MovieSceneTools (438)
[2018.10.28-12.51.54:902][984]LogModuleManager: Shutting down and abandoning module OutputLog (436)
[2018.10.28-12.51.54:902][984]LogModuleManager: Shutting down and abandoning module GammaUI (434)
[2018.10.28-12.51.54:913][984]LogModuleManager: Shutting down and abandoning module Documentation (432)
[2018.10.28-12.51.54:913][984]LogModuleManager: Shutting down and abandoning module MovieSceneTracks (430)
[2018.10.28-12.51.54:913][984]LogModuleManager: Shutting down and abandoning module MovieScene (428)
[2018.10.28-12.51.54:925][984]LogModuleManager: Shutting down and abandoning module StreamingPauseRendering (426)
[2018.10.28-12.51.54:932][984]LogModuleManager: Shutting down and abandoning module LauncherPlatform (424)
[2018.10.28-12.51.54:932][984]LogModuleManager: Shutting down and abandoning module AnalyticsET (422)
[2018.10.28-12.51.54:932][984]LogModuleManager: Shutting down and abandoning module PortalServices (420)
[2018.10.28-12.51.54:932][984]LogModuleManager: Shutting down and abandoning module PortalRpc (418)
[2018.10.28-12.51.54:932][984]LogModuleManager: Shutting down and abandoning module MessagingRpc (416)
[2018.10.28-12.51.54:932][984]LogModuleManager: Shutting down and abandoning module AIModule (414)
[2018.10.28-12.51.54:942][984]LogModuleManager: Shutting down and abandoning module GameplayDebugger (413)
[2018.10.28-12.51.54:952][984]LogModuleManager: Shutting down and abandoning module AITestSuite (411)
[2018.10.28-12.51.54:966][984]LogModuleManager: Shutting down and abandoning module NavigationSystem (409)
[2018.10.28-12.51.54:966][984]LogModuleManager: Shutting down and abandoning module ProfilerService (406)
[2018.10.28-12.51.54:997][984]LogModuleManager: Shutting down and abandoning module TaskGraph (404)
[2018.10.28-12.51.55:029][984]LogModuleManager: Shutting down and abandoning module SteamVRController (402)
[2018.10.28-12.51.55:029][984]LogModuleManager: Shutting down and abandoning module ProceduralMeshComponentEditor (400)
[2018.10.28-12.51.55:029][984]LogModuleManager: Shutting down and abandoning module ProceduralMeshComponent (398)
[2018.10.28-12.51.55:048][984]LogModuleManager: Shutting down and abandoning module OculusInput (396)
[2018.10.28-12.51.55:048][984]LogModuleManager: Shutting down and abandoning module MobilePatchingUtils (394)
[2018.10.28-12.51.55:048][984]LogModuleManager: Shutting down and abandoning module EditableMesh (392)
[2018.10.28-12.51.55:056][984]LogModuleManager: Shutting down and abandoning module CustomMeshComponent (390)
[2018.10.28-12.51.55:056][984]LogModuleManager: Shutting down and abandoning module CableComponent (388)
[2018.10.28-12.51.55:056][984]LogModuleManager: Shutting down and abandoning module AudioCapture (386)
[2018.10.28-12.51.55:056][984]LogModuleManager: Shutting down and abandoning module ArchVisCharacter (384)
[2018.10.28-12.51.55:056][984]LogModuleManager: Shutting down and abandoning module AndroidPermission (382)
[2018.10.28-12.51.55:056][984]LogModuleManager: Shutting down and abandoning module NUTUnrealEngine4 (380)
[2018.10.28-12.51.55:056][984]LogModuleManager: Shutting down and abandoning module NetcodeUnitTest (378)
[2018.10.28-12.51.55:090][984]LogModuleManager: Shutting down and abandoning module MediaCompositingEditor (376)
[2018.10.28-12.51.55:090][984]LogModuleManager: Shutting down and abandoning module MediaCompositing (374)
[2018.10.28-12.51.55:090][984]LogModuleManager: Shutting down and abandoning module LinearTimecode (372)
[2018.10.28-12.51.55:090][984]LogModuleManager: Shutting down and abandoning module ImgMedia (370)
[2018.10.28-12.51.55:096][984]LogModuleManager: Shutting down and abandoning module HTML5Networking (368)
[2018.10.28-12.51.55:096][984]LogModuleManager: Shutting down and abandoning module GeometryCacheTracks (366)
[2018.10.28-12.51.55:096][984]LogModuleManager: Shutting down and abandoning module GeometryCacheSequencer (364)
[2018.10.28-12.51.55:096][984]LogModuleManager: Shutting down and abandoning module BackChannel (362)
[2018.10.28-12.51.55:122][984]LogModuleManager: Shutting down and abandoning module AppleVision (360)
[2018.10.28-12.51.55:122][984]LogModuleManager: Shutting down and abandoning module AppleImageUtils (358)
[2018.10.28-12.51.55:122][984]LogModuleManager: Shutting down and abandoning module AlembicImporter (356)
[2018.10.28-12.51.55:122][984]LogModuleManager: Shutting down and abandoning module AlembicLibrary (355)
[2018.10.28-12.51.55:122][984]LogModuleManager: Shutting down and abandoning module GeometryCache (354)
[2018.10.28-12.51.55:122][984]LogModuleManager: Shutting down and abandoning module GeometryCacheEd (353)
[2018.10.28-12.51.55:122][984]LogModuleManager: Shutting down and abandoning module DatasmithContentEditor (348)
[2018.10.28-12.51.55:145][984]LogModuleManager: Shutting down and abandoning module DatasmithContent (346)
[2018.10.28-12.51.55:146][984]LogModuleManager: Shutting down and abandoning module SpeedTreeImporter (344)
[2018.10.28-12.51.55:146][984]LogModuleManager: Shutting down and abandoning module PluginBrowser (342)
[2018.10.28-12.51.55:210][984]LogModuleManager: Shutting down and abandoning module MobileLauncherProfileWizard (340)
[2018.10.28-12.51.55:216][984]LogModuleManager: Shutting down and abandoning module PolygonModeling (338)
[2018.10.28-12.51.55:216][984]LogModuleManager: Shutting down and abandoning module MeshEditor (336)
[2018.10.28-12.51.55:224][984]LogModuleManager: Shutting down and abandoning module CryptoKeysOpenSSL (334)
[2018.10.28-12.51.55:235][984]LogModuleManager: Shutting down and abandoning module CryptoKeys (332)
[2018.10.28-12.51.55:235][984]LogModuleManager: Shutting down and abandoning module VisualStudioSourceCodeAccess (330)
[2018.10.28-12.51.55:235][984]LogModuleManager: Shutting down and abandoning module VisualStudioCodeSourceCodeAccess (328)
[2018.10.28-12.51.55:235][984]LogModuleManager: Shutting down and abandoning module UObjectPlugin (326)
[2018.10.28-12.51.55:235][984]LogModuleManager: Shutting down and abandoning module SubversionSourceControl (324)
[2018.10.28-12.51.55:251][984]LogModuleManager: Shutting down and abandoning module PerforceSourceControl (322)
[2018.10.28-12.51.55:291][984]LogModuleManager: Shutting down and abandoning module GitSourceControl (320)
[2018.10.28-12.51.55:324][984]LogModuleManager: Shutting down and abandoning module SourceControl (319)
[2018.10.28-12.51.55:331][984]LogModuleManager: Shutting down and abandoning module CLionSourceCodeAccess (316)
[2018.10.28-12.51.55:331][984]LogModuleManager: Shutting down and abandoning module LightPropagationVolumeEditor (314)
[2018.10.28-12.51.55:331][984]LogModuleManager: Shutting down and abandoning module PaperTiledImporter (312)
[2018.10.28-12.51.55:331][984]LogModuleManager: Shutting down and abandoning module PaperSpriteSheetImporter (310)
[2018.10.28-12.51.55:331][984]LogModuleManager: Shutting down and abandoning module Paper2DEditor (308)
[2018.10.28-12.51.55:360][984]LogModuleManager: Shutting down and abandoning module MeshPaint (307)
[2018.10.28-12.51.55:370][984]LogModuleManager: Shutting down and abandoning module SideyCPP (304)
[2018.10.28-12.51.55:370][984]LogModuleManager: Shutting down and abandoning module RuntimePhysXCooking (302)
[2018.10.28-12.51.55:370][984]LogModuleManager: Shutting down and abandoning module PhysXVehiclesEditor (300)
[2018.10.28-12.51.55:370][984]LogModuleManager: Shutting down and abandoning module PhysXVehicles (298)
[2018.10.28-12.51.55:370][984]LogModuleManager: Shutting down and abandoning module OculusEditor (296)
[2018.10.28-12.51.55:379][984]LogModuleManager: Shutting down and abandoning module LocationServicesBPLibrary (294)
[2018.10.28-12.51.55:379][984]LogModuleManager: Shutting down and abandoning module ImmediatePhysicsEditor (292)
[2018.10.28-12.51.55:379][984]LogModuleManager: Shutting down and abandoning module ImmediatePhysics (290)
[2018.10.28-12.51.55:385][984]LogModuleManager: Shutting down and abandoning module ApexDestructionEditor (288)
[2018.10.28-12.51.55:426][984]LogModuleManager: Shutting down and abandoning module ApexDestruction (286)
[2018.10.28-12.51.55:430][984]LogModuleManager: Shutting down and abandoning module ActorSequence (284)
[2018.10.28-12.51.55:430][984]LogModuleManager: Shutting down and abandoning module UdpMessaging (282)
[2018.10.28-12.51.55:531][984]LogModuleManager: Shutting down and abandoning module TcpMessaging (280)
[2018.10.28-12.51.55:636][984]LogModuleManager: Shutting down and abandoning module MagicLeapAudio (278)
[2018.10.28-12.51.55:636][984]LogModuleManager: Shutting down and abandoning module GameplayTagsEditor (276)
[2018.10.28-12.51.55:644][984]LogModuleManager: Shutting down and abandoning module FacialAnimationEditor (274)
[2018.10.28-12.51.55:644][984]LogModuleManager: Shutting down and abandoning module FacialAnimation (272)
[2018.10.28-12.51.55:644][984]LogModuleManager: Shutting down and abandoning module DataValidation (270)
[2018.10.28-12.51.55:644][984]LogModuleManager: Shutting down and abandoning module AssetManagerEditor (268)
[2018.10.28-12.51.55:657][984]LogModuleManager: Shutting down and abandoning module LevelEditor (267)
[2018.10.28-12.51.55:673][984]LogModuleManager: Shutting down and abandoning module PixelInspectorModule (266)
[2018.10.28-12.51.55:685][984]LogModuleManager: Shutting down and abandoning module CommonMenuExtensions (264)
[2018.10.28-12.51.55:685][984]LogModuleManager: Shutting down and abandoning module MainFrame (262)
[2018.10.28-12.51.55:696][984]LogModuleManager: Shutting down and abandoning module HotReload (261)
[2018.10.28-12.51.55:717][984]LogModuleManager: Shutting down and abandoning module ContentBrowser (257)
[2018.10.28-12.51.55:718][984]LogModuleManager: Shutting down and abandoning module TreeMap (255)
[2018.10.28-12.51.55:722][984]LogModuleManager: Shutting down and abandoning module LightPropagationVolumeRuntime (252)
[2018.10.28-12.51.55:722][984]LogModuleManager: Shutting down and abandoning module AISupportModule (250)
[2018.10.28-12.51.55:722][984]LogModuleManager: Shutting down and abandoning module Paper2D (248)
[2018.10.28-12.51.55:733][984]LogModuleManager: Shutting down and abandoning module WindowsMoviePlayer (246)
[2018.10.28-12.51.55:745][984]LogModuleManager: Shutting down and abandoning module WmfMedia (244)
[2018.10.28-12.51.55:756][984]LogModuleManager: Shutting down and abandoning module Media (243)
[2018.10.28-12.51.55:762][984]LogModuleManager: Shutting down and abandoning module PacketHandler (240)
[2018.10.28-12.51.55:762][984]LogModuleManager: Shutting down and abandoning module ClothingSystemEditor (238)
[2018.10.28-12.51.55:762][984]LogModuleManager: Shutting down and abandoning module ClothingSystemRuntime (236)
[2018.10.28-12.51.55:781][984]LogModuleManager: Shutting down and abandoning module MediaAssets (234)
[2018.10.28-12.51.55:781][984]LogModuleManager: Shutting down and abandoning module Overlay (232)
[2018.10.28-12.51.55:781][984]LogModuleManager: Shutting down and abandoning module OverlayEditor (231)
[2018.10.28-12.51.55:781][984]LogModuleManager: Shutting down and abandoning module VREditor (228)
[2018.10.28-12.51.55:791][984]LogModuleManager: Shutting down and abandoning module StringTableEditor (226)
[2018.10.28-12.51.55:810][984]LogModuleManager: Shutting down and abandoning module GameplayTasksEditor (224)
[2018.10.28-12.51.55:810][984]LogModuleManager: Shutting down and abandoning module BehaviorTreeEditor (222)
[2018.10.28-12.51.55:845][984]LogModuleManager: Shutting down and abandoning module FunctionalTesting (220)
[2018.10.28-12.51.55:863][984]LogModuleManager: Shutting down and abandoning module CollisionAnalyzer (218)
[2018.10.28-12.51.55:867][984]LogModuleManager: Shutting down and abandoning module WorkspaceMenuStructure (217)
[2018.10.28-12.51.55:867][984]LogModuleManager: Shutting down and abandoning module UMG (214)
[2018.10.28-12.51.55:877][984]LogModuleManager: Shutting down and abandoning module UMGEditor (213)
[2018.10.28-12.51.55:905][984]LogModuleManager: Shutting down and abandoning module Sequencer (212)
[2018.10.28-12.51.55:930][984]LogModuleManager: Shutting down and abandoning module MessageLog (209)
[2018.10.28-12.51.55:930][984]LogModuleManager: Shutting down and abandoning module SlateReflector (204)
[2018.10.28-12.51.55:987][984]LogModuleManager: Shutting down and abandoning module Slate (202)
[2018.10.28-12.51.55:994][984]LogModuleManager: Shutting down and abandoning module EditorStyle (200)
[2018.10.28-12.51.55:996][984]LogModuleManager: Shutting down and abandoning module MRMesh (198)
[2018.10.28-12.51.56:002][984]LogModuleManager: Shutting down and abandoning module SourceCodeAccess (196)
[2018.10.28-12.51.56:002][984]LogModuleManager: Shutting down and abandoning module HeadMountedDisplay (194)
[2018.10.28-12.51.56:002][984]LogModuleManager: Shutting down and abandoning module XAudio2 (192)
[2018.10.28-12.51.56:002][984]LogModuleManager: Shutting down and abandoning module Networking (190)
[2018.10.28-12.51.56:002][984]LogModuleManager: Shutting down and abandoning module Core (188)
[2018.10.28-12.51.56:002][984]LogModuleManager: Shutting down and abandoning module LevelSequence (186)
[2018.10.28-12.51.56:002][984]LogModuleManager: Shutting down and abandoning module KismetCompiler (184)
[2018.10.28-12.51.56:002][984]LogModuleManager: Shutting down and abandoning module MeshUtilities (182)
[2018.10.28-12.51.56:030][984]LogModuleManager: Shutting down and abandoning module MeshMergeUtilities (181)
[2018.10.28-12.51.56:043][984]LogModuleManager: Shutting down and abandoning module MeshReductionInterface (180)
[2018.10.28-12.51.56:043][984]LogModuleManager: Shutting down and abandoning module SimplygonSwarm (179)
[2018.10.28-12.51.56:046][984]LogModuleManager: Shutting down and abandoning module ProxyLODMeshReduction (177)
[2018.10.28-12.51.56:064][984]LogModuleManager: Shutting down and abandoning module SimplygonMeshReduction (175)
[2018.10.28-12.51.56:064][984]LogModuleManager: Shutting down and abandoning module QuadricMeshReduction (173)
[2018.10.28-12.51.56:081][984]LogModuleManager: Shutting down and abandoning module MaterialBaking (169)
[2018.10.28-12.51.56:081][984]LogModuleManager: Shutting down and abandoning module DirectoryWatcher (165)
[2018.10.28-12.51.56:081][984]LogModuleManager: Shutting down and abandoning module DerivedDataCache (162)
[2018.10.28-12.51.56:107][984]LogDerivedDataCache: Shutdown
[2018.10.28-12.51.56:107][984]LogModuleManager: Shutting down and abandoning module XGEController (160)
[2018.10.28-12.51.56:107][984]LogXGEController: Cleaning working directory: C:/Users/John/AppData/Local/Temp/UnrealXGEWorkingDir/
[2018.10.28-12.51.56:121][984]LogModuleManager: Shutting down and abandoning module TargetPlatform (158)
[2018.10.28-12.51.56:121][984]LogModuleManager: Shutting down and abandoning module VulkanShaderFormat (157)
[2018.10.28-12.51.56:132][984]LogModuleManager: Shutting down and abandoning module ShaderFormatVectorVM (155)
[2018.10.28-12.51.56:140][984]LogModuleManager: Shutting down and abandoning module ShaderFormatOpenGL (153)
[2018.10.28-12.51.56:144][984]LogModuleManager: Shutting down and abandoning module ShaderFormatD3D (151)
[2018.10.28-12.51.56:144][984]LogModuleManager: Shutting down and abandoning module MetalShaderFormat (149)
[2018.10.28-12.51.56:159][984]LogModuleManager: Shutting down and abandoning module TextureFormatUncompressed (147)
[2018.10.28-12.51.56:159][984]LogModuleManager: Shutting down and abandoning module TextureFormatPVR (145)
[2018.10.28-12.51.56:159][984]LogModuleManager: Shutting down and abandoning module TextureFormatDXT (143)
[2018.10.28-12.51.56:170][984]LogModuleManager: Shutting down and abandoning module TextureFormatIntelISPCTexComp (141)
[2018.10.28-12.51.56:179][984]LogModuleManager: Shutting down and abandoning module TextureFormatASTC (139)
[2018.10.28-12.51.56:179][984]LogModuleManager: Shutting down and abandoning module ImageWrapper (138)
[2018.10.28-12.51.56:179][984]LogModuleManager: Shutting down and abandoning module TextureFormatAndroid (135)
[2018.10.28-12.51.56:179][984]LogModuleManager: Shutting down and abandoning module AudioFormatOpus (133)
[2018.10.28-12.51.56:179][984]LogModuleManager: Shutting down and abandoning module AudioFormatOgg (131)
[2018.10.28-12.51.56:179][984]LogModuleManager: Shutting down and abandoning module AudioFormatADPCM (129)
[2018.10.28-12.51.56:179][984]LogModuleManager: Shutting down and abandoning module LuminTargetPlatform (127)
[2018.10.28-12.51.56:179][984]LogModuleManager: Shutting down and abandoning module LinuxTargetPlatform (125)
[2018.10.28-12.51.56:179][984]LogModuleManager: Shutting down and abandoning module LinuxServerTargetPlatform (123)
[2018.10.28-12.51.56:179][984]LogModuleManager: Shutting down and abandoning module LinuxNoEditorTargetPlatform (121)
[2018.10.28-12.51.56:197][984]LogModuleManager: Shutting down and abandoning module LinuxClientTargetPlatform (119)
[2018.10.28-12.51.56:201][984]LogModuleManager: Shutting down and abandoning module TVOSTargetPlatform (117)
[2018.10.28-12.51.56:202][984]LogModuleManager: Shutting down and abandoning module Messaging (115)
[2018.10.28-12.51.56:202][984]LogModuleManager: Shutting down and abandoning module IOSTargetPlatform (113)
[2018.10.28-12.51.56:202][984]LogModuleManager: Shutting down and abandoning module HTML5TargetPlatform (111)
[2018.10.28-12.51.56:202][984]LogModuleManager: Shutting down and abandoning module AndroidTargetPlatform (109)
[2018.10.28-12.51.56:219][984]LogModuleManager: Shutting down and abandoning module WindowsTargetPlatform (107)
[2018.10.28-12.51.56:219][984]LogModuleManager: Shutting down and abandoning module WindowsServerTargetPlatform (105)
[2018.10.28-12.51.56:219][984]LogModuleManager: Shutting down and abandoning module WindowsNoEditorTargetPlatform (103)
[2018.10.28-12.51.56:219][984]LogModuleManager: Shutting down and abandoning module WindowsClientTargetPlatform (101)
[2018.10.28-12.51.56:219][984]LogModuleManager: Shutting down and abandoning module MacTargetPlatform (99)
[2018.10.28-12.51.56:219][984]LogModuleManager: Shutting down and abandoning module MacServerTargetPlatform (97)
[2018.10.28-12.51.56:219][984]LogModuleManager: Shutting down and abandoning module MacNoEditorTargetPlatform (95)
[2018.10.28-12.51.56:219][984]LogModuleManager: Shutting down and abandoning module MacClientTargetPlatform (93)
[2018.10.28-12.51.56:219][984]LogModuleManager: Shutting down and abandoning module AllDesktopTargetPlatform (91)
[2018.10.28-12.51.56:219][984]LogModuleManager: Shutting down and abandoning module InputCore (88)
[2018.10.28-12.51.56:219][984]LogModuleManager: Shutting down and abandoning module Settings (86)
[2018.10.28-12.51.56:219][984]LogModuleManager: Shutting down and abandoning module PhysXCooking (84)
[2018.10.28-12.51.56:219][984]LogModuleManager: Shutting down and abandoning module SteamVR (82)
[2018.10.28-12.51.56:219][984]LogModuleManager: Shutting down and abandoning module OculusHMD (80)
[2018.10.28-12.51.56:238][984]LogModuleManager: Shutting down and abandoning module ExampleDeviceProfileSelector (78)
[2018.10.28-12.51.56:238][984]LogModuleManager: Shutting down and abandoning module LauncherChunkInstaller (76)
[2018.10.28-12.51.56:238][984]LogModuleManager: Shutting down and abandoning module OnlineBlueprintSupport (74)
[2018.10.28-12.51.56:238][984]LogModuleManager: Shutting down and abandoning module OnlineSubsystem (70)
[2018.10.28-12.51.56:247][984]LogModuleManager: Shutting down and abandoning module XMPP (65)
[2018.10.28-12.51.56:306][984]LogModuleManager: Shutting down and abandoning module WebSockets (64)
[2018.10.28-12.51.56:374][984]LogModuleManager: Shutting down and abandoning module HTTP (61)
[2018.10.28-12.51.56:377][984]LogHttp: Display: Http module shutting down, but needs to wait on 1 outstanding Http requests:
[2018.10.28-12.51.56:377][984]LogHttp: Display: 	verb=[POST] url=[https://datarouter.ol.epicgames.com/datarouter/api/v1/public/data?SessionID=%7BBAC85303-44DE-D44E-0D07-9AAF6DCE27D3%7D&AppID=UEEditor.Rocket.Release&AppVersion=4.20.3-4369336%2B%2B%2BUE4%2BRelease-4.20&UserID=48608af3472e76dd6e6c78a0ececfc48%7Ccba6384966244231ba87ca3ddfb5c9ba%7Cb7e3bec0-89c1-4482-97fa-d1c2afde1d3d&AppEnvironment=datacollector-binary&UploadType=eteventstream] status=Processing
[2018.10.28-12.51.56:404][984]LogModuleManager: Shutting down and abandoning module SSL (60)
[2018.10.28-12.51.56:404][984]LogModuleManager: Shutting down and abandoning module MagicLeapEmulator (56)
[2018.10.28-12.51.56:404][984]LogModuleManager: Shutting down and abandoning module MagicLeapPrivileges (54)
[2018.10.28-12.51.56:404][984]LogModuleManager: Shutting down and abandoning module MagicLeapIdentity (52)
[2018.10.28-12.51.56:404][984]LogModuleManager: Shutting down and abandoning module MagicLeapHelperVulkan (50)
[2018.10.28-12.51.56:404][984]LogModuleManager: Shutting down and abandoning module MagicLeapHelperOpenGL (48)
[2018.10.28-12.51.56:404][984]LogModuleManager: Shutting down and abandoning module MagicLeapSecureStorage (46)
[2018.10.28-12.51.56:404][984]LogModuleManager: Shutting down and abandoning module MagicLeapGestures (44)
[2018.10.28-12.51.56:404][984]LogModuleManager: Shutting down and abandoning module MagicLeapEyeTracker (42)
[2018.10.28-12.51.56:404][984]LogModuleManager: Shutting down and abandoning module MagicLeapController (40)
[2018.10.28-12.51.56:405][984]LogSlate: Slate User Destroyed.  User Index 0, Is Virtual User: 0
[2018.10.28-12.51.56:405][984]LogModuleManager: Shutting down and abandoning module MagicLeap (38)
[2018.10.28-12.51.56:405][984]LogModuleManager: Shutting down and abandoning module AnimationModifiers (36)
[2018.10.28-12.51.56:434][984]LogModuleManager: Shutting down and abandoning module PropertyEditor (35)
[2018.10.28-12.51.56:444][984]LogModuleManager: Shutting down and abandoning module AudioEditor (32)
[2018.10.28-12.51.56:458][984]LogModuleManager: Shutting down and abandoning module TextureCompressor (30)
[2018.10.28-12.51.56:466][984]LogModuleManager: Shutting down and abandoning module ShaderCore (28)
[2018.10.28-12.51.56:466][984]LogModuleManager: Shutting down and abandoning module Landscape (26)
[2018.10.28-12.51.56:466][984]LogModuleManager: Shutting down and abandoning module SlateRHIRenderer (24)
[2018.10.28-12.51.56:484][984]LogModuleManager: Shutting down and abandoning module OpenGLDrv (22)
[2018.10.28-12.51.56:490][984]LogModuleManager: Shutting down and abandoning module D3D11RHI (20)
[2018.10.28-12.51.56:490][984]LogModuleManager: Shutting down and abandoning module AnimGraphRuntime (18)
[2018.10.28-12.51.56:494][984]LogModuleManager: Shutting down and abandoning module Renderer (16)
[2018.10.28-12.51.56:494][984]LogModuleManager: Shutting down and abandoning module Engine (14)
[2018.10.28-12.51.56:494][984]LogModuleManager: Shutting down and abandoning module CoreUObject (12)
[2018.10.28-12.51.56:494][984]LogModuleManager: Shutting down and abandoning module NetworkFile (10)
[2018.10.28-12.51.56:499][984]LogModuleManager: Shutting down and abandoning module CookedIterativeFile (8)
[2018.10.28-12.51.56:499][984]LogModuleManager: Shutting down and abandoning module StreamingFile (6)
[2018.10.28-12.51.56:518][984]LogModuleManager: Shutting down and abandoning module SandboxFile (4)
[2018.10.28-12.51.56:518][984]LogModuleManager: Shutting down and abandoning module PakFile (2)
[2018.10.28-12.51.56:547][984]LogExit: Exiting.
[2018.10.28-12.51.56:556][984]Log file closed, 10/28/18 12:51:56
