Log file open, 10/22/18 18:58:12
LogWindows: Failed to load 'aqProf.dll' (GetLastError=126)
LogWindows: File 'aqProf.dll' does not exist
LogWindows: Failed to load 'VSPerf140.dll' (GetLastError=126)
LogWindows: File 'VSPerf140.dll' does not exist
LogWindows: Failed to load 'VtuneApi.dll' (GetLastError=126)
LogWindows: File 'VtuneApi.dll' does not exist
LogWindows: Failed to load 'VtuneApi32e.dll' (GetLastError=126)
LogWindows: File 'VtuneApi32e.dll' does not exist
LogInit: Display: Running engine for game: SideyCPP
LogPlatformFile: Not using cached read wrapper
LogTaskGraph: Started task graph with 5 named threads and 23 total threads with 3 sets of task threads.
LogStats: Stats thread started at 0.419708
LogD3D11RHI: Loaded GFSDK_Aftermath_Lib.x64.dll
LogICUInternationalization: Display: ICU TimeZone Detection - Raw Offset: +0:00, Platform Override: ''
LogPluginManager: Mounting plugin Paper2D
LogPluginManager: Mounting plugin AISupport
LogPluginManager: Mounting plugin LightPropagationVolume
LogPluginManager: Mounting plugin CLionSourceCodeAccess
LogPluginManager: Mounting plugin CodeLiteSourceCodeAccess
LogPluginManager: Mounting plugin GitSourceControl
LogPluginManager: Mounting plugin KDevelopSourceCodeAccess
LogPluginManager: Mounting plugin NullSourceCodeAccess
LogPluginManager: Mounting plugin PerforceSourceControl
LogPluginManager: Mounting plugin SubversionSourceControl
LogPluginManager: Mounting plugin UObjectPlugin
LogPluginManager: Mounting plugin VisualStudioCodeSourceCodeAccess
LogPluginManager: Mounting plugin VisualStudioSourceCodeAccess
LogPluginManager: Mounting plugin XCodeSourceCodeAccess
LogPluginManager: Mounting plugin AssetManagerEditor
LogPluginManager: Mounting plugin CryptoKeys
LogPluginManager: Mounting plugin DataValidation
LogPluginManager: Mounting plugin FacialAnimation
LogPluginManager: Mounting plugin GameplayTagsEditor
LogPluginManager: Mounting plugin MacGraphicsSwitching
LogPluginManager: Mounting plugin MeshEditor
LogPluginManager: Mounting plugin MobileLauncherProfileWizard
LogPluginManager: Mounting plugin PluginBrowser
LogPluginManager: Mounting plugin SpeedTreeImporter
LogPluginManager: Mounting plugin DatasmithContent
LogPluginManager: Mounting plugin AlembicImporter
LogPluginManager: Mounting plugin AppleImageUtils
LogPluginManager: Mounting plugin AppleVision
LogPluginManager: Mounting plugin BackChannel
LogPluginManager: Mounting plugin CharacterAI
LogPluginManager: Mounting plugin GeometryCache
LogPluginManager: Mounting plugin HTML5Networking
LogPluginManager: Mounting plugin ProxyLODPlugin
LogPluginManager: Mounting plugin MagicLeap
LogPluginManager: Mounting plugin MagicLeapEmulator
LogPluginManager: Mounting plugin MagicLeapMedia
LogPluginManager: Mounting plugin AndroidMedia
LogPluginManager: Mounting plugin AvfMedia
LogPluginManager: Mounting plugin ImgMedia
LogPluginManager: Mounting plugin LinearTimecode
LogPluginManager: Mounting plugin MediaCompositing
LogPluginManager: Mounting plugin MediaPlayerEditor
LogPluginManager: Mounting plugin WmfMedia
LogPluginManager: Mounting plugin TcpMessaging
LogPluginManager: Mounting plugin UdpMessaging
LogPluginManager: Mounting plugin ActorSequence
LogPluginManager: Mounting plugin LevelSequenceEditor
LogPluginManager: Mounting plugin MatineeToLevelSequence
LogPluginManager: Mounting plugin NetcodeUnitTest
LogPluginManager: Mounting plugin NUTUnrealEngine4
LogPluginManager: Mounting plugin OnlineSubsystemGooglePlay
LogPluginManager: Mounting plugin OnlineSubsystemIOS
LogPluginManager: Mounting plugin OnlineSubsystem
LogPluginManager: Mounting plugin OnlineSubsystemNull
LogPluginManager: Mounting plugin OnlineSubsystemUtils
LogPluginManager: Mounting plugin LauncherChunkInstaller
LogPluginManager: Mounting plugin AndroidDeviceProfileSelector
LogPluginManager: Mounting plugin AndroidMoviePlayer
LogPluginManager: Mounting plugin AndroidPermission
LogPluginManager: Mounting plugin AppleMoviePlayer
LogPluginManager: Mounting plugin ArchVisCharacter
LogPluginManager: Mounting plugin AudioCapture
LogPluginManager: Mounting plugin CableComponent
LogPluginManager: Mounting plugin CustomMeshComponent
LogPluginManager: Mounting plugin EditableMesh
LogPluginManager: Mounting plugin ExampleDeviceProfileSelector
LogPluginManager: Mounting plugin GoogleCloudMessaging
LogPluginManager: Mounting plugin ImmediatePhysics
LogPluginManager: Mounting plugin IOSDeviceProfileSelector
LogPluginManager: Mounting plugin LinuxDeviceProfileSelector
LogPluginManager: Mounting plugin LocationServicesBPLibrary
LogPluginManager: Mounting plugin MobilePatchingUtils
LogPluginManager: Mounting plugin OculusVR
LogPluginManager: Plugin shader directory ../../../Engine/Plugins/Runtime/Oculus/OculusVR/Shaders found
LogPluginManager: Mapping shader source directory ../../../Engine/Plugins/Runtime/Oculus/OculusVR/Shaders to virtual directory /Plugin/OculusVR
LogPluginManager: Mounting plugin PhysXVehicles
LogPluginManager: Mounting plugin ProceduralMeshComponent
LogPluginManager: Mounting plugin RuntimePhysXCooking
LogPluginManager: Mounting plugin SteamVR
LogPluginManager: Mounting plugin WindowsMoviePlayer
LogStreaming: Display: Took  0.184s to configure plugins.
LogInit: Using libcurl 7.55.1-DEV
LogInit:  - built for x86_64-pc-win32
LogInit:  - supports SSL with OpenSSL/1.0.2h
LogInit:  - supports HTTP deflate (compression) using libz 1.2.8
LogInit:  - other features:
LogInit:      CURL_VERSION_SSL
LogInit:      CURL_VERSION_LIBZ
LogInit:      CURL_VERSION_IPV6
LogInit:      CURL_VERSION_ASYNCHDNS
LogInit:      CURL_VERSION_LARGEFILE
LogInit:      CURL_VERSION_IDN
LogInit:  CurlRequestOptions (configurable via config and command line):
LogInit:  - bVerifyPeer = false  - Libcurl will NOT verify peer certificate
LogInit:  - bUseHttpProxy = false  - Libcurl will NOT use HTTP proxy
LogInit:  - bDontReuseConnections = false  - Libcurl will reuse connections
LogInit:  - CertBundlePath = nullptr  - Libcurl will use whatever was configured at build time.
LogInit:  - MaxHostConnections = 16  - Libcurl will limit the number of connections to a host
LogInit:  - LocalHostAddr = Default
LogInit:  - BufferSize = 65536
LogInit: WinSock: version 1.1 (2.2), MaxSocks=32767, MaxUdp=65467
LogInit: Build: ++UE4+Release-4.20-CL-4369336
LogInit: Engine Version: 4.20.3-4369336+++UE4+Release-4.20
LogInit: Compatible Engine Version: 4.20.0-4212847+++UE4+Release-4.20
LogInit: Net CL: 4212847
LogInit: OS: Windows 10 (), CPU: Intel(R) Xeon(R) W-2123 CPU @ 3.60GHz, GPU: NVIDIA GeForce GTX 1070
LogInit: Compiled (64-bit): Sep 17 2018 12:26:19
LogInit: Compiled with Visual C++: 19.13.26129.00
LogInit: Build Configuration: Development
LogInit: Branch Name: ++UE4+Release-4.20
LogInit: Command Line:  -skipcompile
LogInit: Base Directory: C:/Epic/UE4/UE_4.20/Engine/Binaries/Win64/
LogInit: Installed Engine Build: 1
LogDevObjectVersion: Number of dev versions registered: 20
LogDevObjectVersion:   Dev-Blueprints (B0D832E4-1F89-4F0D-ACCF-7EB736FD4AA2): 10
LogDevObjectVersion:   Dev-Build (E1C64328-A22C-4D53-A36C-8E866417BD8C): 0
LogDevObjectVersion:   Dev-Core (375EC13C-06E4-48FB-B500-84F0262A717E): 2
LogDevObjectVersion:   Dev-Editor (E4B068ED-F494-42E9-A231-DA0B2E46BB41): 24
LogDevObjectVersion:   Dev-Framework (CFFC743F-43B0-4480-9391-14DF171D2073): 34
LogDevObjectVersion:   Dev-Mobile (B02B49B5-BB20-44E9-A304-32B752E40360): 2
LogDevObjectVersion:   Dev-Networking (A4E4105C-59A1-49B5-A7C5-40C4547EDFEE): 0
LogDevObjectVersion:   Dev-Online (39C831C9-5AE6-47DC-9A44-9C173E1C8E7C): 0
LogDevObjectVersion:   Dev-Physics (78F01B33-EBEA-4F98-B9B4-84EACCB95AA2): 0
LogDevObjectVersion:   Dev-Platform (6631380F-2D4D-43E0-8009-CF276956A95A): 0
LogDevObjectVersion:   Dev-Rendering (12F88B9F-8875-4AFC-A67C-D90C383ABD29): 26
LogDevObjectVersion:   Dev-Sequencer (7B5AE74C-D270-4C10-A958-57980B212A5A): 9
LogDevObjectVersion:   Dev-VR (D7296918-1DD6-4BDD-9DE2-64A83CC13884): 2
LogDevObjectVersion:   Dev-LoadTimes (C2A15278-BFE7-4AFE-6C17-90FF531DF755): 1
LogDevObjectVersion:   Private-Geometry (6EACA3D4-40EC-4CC1-B786-8BED09428FC5): 3
LogDevObjectVersion:   Dev-AnimPhys (29E575DD-E0A3-4627-9D10-D276232CDCEA): 17
LogDevObjectVersion:   Dev-ReflectionCapture (6B266CEC-1EC7-4B8F-A30B-E4D90942FC07): 1
LogDevObjectVersion:   Dev-Automation (0DF73D61-A23F-47EA-B727-89E90C41499A): 1
LogDevObjectVersion:   FortniteMain (601D1886-AC64-4F84-AA16-D3DE0DEAC7D6): 12
LogDevObjectVersion:   Dev-Enterprise (9DFFBCD6-494F-0158-E221-12823C92A888): 1
LogStreaming: Display: Took  0.007s to delete old logs.
LogInit: Presizing for max 8388607 objects, including 0 objects not considered by GC, pre-allocating 0 bytes for permanent pool.
LogInit: Object subsystem initialized
[2018.10.22-17.58.12:704][  0]LogInit: Selected Device Profile: [Windows]
[2018.10.22-17.58.12:704][  0]LogInit: Applying CVar settings loaded from the selected device profile: [Windows]
[2018.10.22-17.58.12:743][  0]LogHAL: Display: Platform has ~ 32 GB [34065870848 / 34359738368 / 32], which maps to Largest [LargestMinGB=32, LargerMinGB=12, DefaultMinGB=8, SmallerMinGB=6, SmallestMinGB=0)
[2018.10.22-17.58.12:743][  0]LogInit: Setting Device Profile CVar: [[r.Vulkan.UseRealUBs:1]]
[2018.10.22-17.58.12:743][  0]LogInit: Going up to parent DeviceProfile []
[2018.10.22-17.58.12:744][  0]LogInit: Computer: A007-27
[2018.10.22-17.58.12:744][  0]LogInit: User: w017177h
[2018.10.22-17.58.12:744][  0]LogInit: CPU Page size=4096, Cores=4
[2018.10.22-17.58.12:744][  0]LogInit: High frequency timer resolution =3.515623 MHz
[2018.10.22-17.58.12:745][  0]LogMemory: Memory total: Physical=31.7GB (32GB approx)
[2018.10.22-17.58.12:745][  0]LogMemory: Platform Memory Stats for Windows
[2018.10.22-17.58.12:745][  0]LogMemory: Process Physical Memory: 100.83 MB used, 100.83 MB peak
[2018.10.22-17.58.12:746][  0]LogMemory: Process Virtual Memory: 90.87 MB used, 90.87 MB peak
[2018.10.22-17.58.12:746][  0]LogMemory: Physical Memory: 8184.31 MB used,  24303.44 MB free, 32487.75 MB total
[2018.10.22-17.58.12:746][  0]LogMemory: Virtual Memory: 4640.09 MB used,  24303.44 MB free, 134217728.00 MB total
[2018.10.22-17.58.12:937][  0]LogInit: Using OS detected language (en-US).
[2018.10.22-17.58.12:937][  0]LogInit: Using OS detected locale (en-GB).
[2018.10.22-17.58.12:939][  0]LogTextLocalizationManager: No specific localization for 'en-US' exists, so the 'en' localization will be used.
[2018.10.22-17.58.13:307][  0]LogStreaming: Display: Took  0.371s to InitEngineTextLocalization.
[2018.10.22-17.58.13:308][  0]LogInit: Setting process to per monitor DPI aware
[2018.10.22-17.58.13:360][  0]LogSlate: New Slate User Created.  User Index 0, Is Virtual User: 0
[2018.10.22-17.58.13:360][  0]LogSlate: Slate User Registered.  User Index 0, Is Virtual User: 0
[2018.10.22-17.58.13:608][  0]LogHMD: Failed to initialize OpenVR with code 110
[2018.10.22-17.58.13:608][  0]LogD3D11RHI: D3D11 adapters:
[2018.10.22-17.58.13:680][  0]LogD3D11RHI:    0. 'NVIDIA GeForce GTX 1070' (Feature Level 11_0)
[2018.10.22-17.58.13:680][  0]LogD3D11RHI:       8088/0/16243 MB DedicatedVideo/DedicatedSystem/SharedSystem, Outputs:2, VendorId:0x10de
[2018.10.22-17.58.13:684][  0]LogD3D11RHI:    1. 'Microsoft Basic Render Driver' (Feature Level 11_0)
[2018.10.22-17.58.13:684][  0]LogD3D11RHI:       0/0/16243 MB DedicatedVideo/DedicatedSystem/SharedSystem, Outputs:0, VendorId:0x1414
[2018.10.22-17.58.13:684][  0]LogD3D11RHI: Chosen D3D11 Adapter: 0
[2018.10.22-17.58.13:691][  0]LogD3D11RHI: Creating new Direct3DDevice
[2018.10.22-17.58.13:691][  0]LogD3D11RHI:     GPU DeviceId: 0x1b81 (for the marketing name, search the web for "GPU Device Id")
[2018.10.22-17.58.13:691][  0]LogWindows: EnumDisplayDevices:
[2018.10.22-17.58.13:691][  0]LogWindows:    0. 'NVIDIA GeForce GTX 1070' (P:0 D:1)
[2018.10.22-17.58.13:692][  0]LogWindows:    1. 'NVIDIA GeForce GTX 1070' (P:1 D:1)
[2018.10.22-17.58.13:692][  0]LogWindows:    2. 'NVIDIA GeForce GTX 1070' (P:0 D:0)
[2018.10.22-17.58.13:692][  0]LogWindows:    3. 'NVIDIA GeForce GTX 1070' (P:0 D:0)
[2018.10.22-17.58.13:692][  0]LogWindows: DebugString: FoundDriverCount:4 
[2018.10.22-17.58.13:692][  0]LogD3D11RHI:     Adapter Name: NVIDIA GeForce GTX 1070
[2018.10.22-17.58.13:693][  0]LogD3D11RHI:   Driver Version: 399.24 (internal:24.21.13.9924, unified:399.24)
[2018.10.22-17.58.13:693][  0]LogD3D11RHI:      Driver Date: 9-5-2018
[2018.10.22-17.58.13:693][  0]LogRHI: Texture pool is 5661 MB (70% of 8088 MB)
[2018.10.22-17.58.13:732][  0]LogD3D11RHI: Async texture creation enabled
[2018.10.22-17.58.13:748][  0]LogD3D11RHI: GPU Timing Frequency: 1000.000000 (Debug: 2 2)
[2018.10.22-17.58.13:750][  0]LogShaderCompilers: Guid format shader working directory is -20 characters bigger than the processId version (../../../../../../Users/w017177h/Documents/GitHub/SpideyCPP/SideyCPP/Intermediate/Shaders/WorkingDirectory/11900/).
[2018.10.22-17.58.13:751][  0]LogShaderCompilers: Cleaned the shader compiler working directory 'C:/Users/w017177h/AppData/Local/Temp/UnrealShaderWorkingDir/1A526D78428D548DF18E15A92D87652B/'.
[2018.10.22-17.58.14:029][  0]LogTemp: Display: Loaded TP AllDesktopTargetPlatform
[2018.10.22-17.58.14:046][  0]LogTemp: Display: Loaded TP MacClientTargetPlatform
[2018.10.22-17.58.14:068][  0]LogTemp: Display: Loaded TP MacNoEditorTargetPlatform
[2018.10.22-17.58.14:090][  0]LogTemp: Display: Loaded TP MacServerTargetPlatform
[2018.10.22-17.58.14:124][  0]LogTemp: Display: Loaded TP MacTargetPlatform
[2018.10.22-17.58.14:142][  0]LogTemp: Display: Loaded TP WindowsClientTargetPlatform
[2018.10.22-17.58.14:174][  0]LogTemp: Display: Loaded TP WindowsNoEditorTargetPlatform
[2018.10.22-17.58.14:193][  0]LogTemp: Display: Loaded TP WindowsServerTargetPlatform
[2018.10.22-17.58.14:202][  0]LogTemp: Display: Loaded TP WindowsTargetPlatform
[2018.10.22-17.58.14:282][  0]LogTemp: Display: Loaded TP AndroidTargetPlatform
[2018.10.22-17.58.14:282][  0]LogTemp: Display: Loaded TP AndroidTargetPlatform
[2018.10.22-17.58.14:282][  0]LogTemp: Display: Loaded TP AndroidTargetPlatform
[2018.10.22-17.58.14:282][  0]LogTemp: Display: Loaded TP AndroidTargetPlatform
[2018.10.22-17.58.14:282][  0]LogTemp: Display: Loaded TP AndroidTargetPlatform
[2018.10.22-17.58.14:282][  0]LogTemp: Display: Loaded TP AndroidTargetPlatform
[2018.10.22-17.58.14:282][  0]LogTemp: Display: Loaded TP AndroidTargetPlatform
[2018.10.22-17.58.14:282][  0]LogTemp: Display: Loaded TP AndroidTargetPlatform
[2018.10.22-17.58.14:282][  0]LogTemp: Display: Loaded TP AndroidTargetPlatform
[2018.10.22-17.58.14:283][  0]LogTemp: Display: Loaded TP AndroidTargetPlatform
[2018.10.22-17.58.14:283][  0]LogTemp: Display: Loaded TP AndroidTargetPlatform
[2018.10.22-17.58.14:283][  0]LogTemp: Display: Loaded TP AndroidTargetPlatform
[2018.10.22-17.58.14:283][  0]LogTemp: Display: Loaded TP AndroidTargetPlatform
[2018.10.22-17.58.14:283][  0]LogTemp: Display: Loaded TP AndroidTargetPlatform
[2018.10.22-17.58.14:283][  0]LogTemp: Display: Loaded TP AndroidTargetPlatform
[2018.10.22-17.58.14:283][  0]LogTemp: Display: Loaded TP AndroidTargetPlatform
[2018.10.22-17.58.14:283][  0]LogTemp: Display: Loaded TP AndroidTargetPlatform
[2018.10.22-17.58.14:283][  0]LogTemp: Display: Loaded TP AndroidTargetPlatform
[2018.10.22-17.58.14:291][  0]LogTemp: Display: Loaded TP HTML5TargetPlatform
[2018.10.22-17.58.14:385][  0]LogTemp: Display: Loaded TP IOSTargetPlatform
[2018.10.22-17.58.14:385][  0]LogTemp: Display: Loaded TP IOSTargetPlatform
[2018.10.22-17.58.14:415][  0]LogTemp: Display: Loaded TP TVOSTargetPlatform
[2018.10.22-17.58.14:415][  0]LogTemp: Display: Loaded TP TVOSTargetPlatform
[2018.10.22-17.58.14:431][  0]LogTemp: Display: Loaded TP LinuxClientTargetPlatform
[2018.10.22-17.58.14:458][  0]LogTemp: Display: Loaded TP LinuxNoEditorTargetPlatform
[2018.10.22-17.58.14:474][  0]LogTemp: Display: Loaded TP LinuxServerTargetPlatform
[2018.10.22-17.58.14:489][  0]LogTemp: Display: Loaded TP LinuxTargetPlatform
[2018.10.22-17.58.14:502][  0]LogTemp: Display: Loaded TP LuminTargetPlatform
[2018.10.22-17.58.14:503][  0]LogTargetPlatformManager: Display: Building Assets For Windows
[2018.10.22-17.58.14:635][  0]LogXGEController: Cleaning working directory: C:/Users/w017177h/AppData/Local/Temp/UnrealXGEWorkingDir/
[2018.10.22-17.58.14:635][  0]LogXGEController: Cannot use XGE Controller as Incredibuild is not installed on this machine.
[2018.10.22-17.58.14:636][  0]LogShaderCompilers: Cannot use XGE Shader Compiler as Incredibuild is not installed on this machine.
[2018.10.22-17.58.14:636][  0]LogShaderCompilers: Display: Using Local Shader Compiler.
[2018.10.22-17.58.15:441][  0]LogDerivedDataCache: Display: Max Cache Size: 512 MB
[2018.10.22-17.58.15:494][  0]LogDerivedDataCache: Loaded boot cache 0.05s 71MB C:/Users/w017177h/AppData/Local/UnrealEngine/4.20/DerivedDataCache/Boot.ddc.
[2018.10.22-17.58.15:494][  0]LogDerivedDataCache: Display: Loaded Boot cache: C:/Users/w017177h/AppData/Local/UnrealEngine/4.20/DerivedDataCache/Boot.ddc
[2018.10.22-17.58.15:494][  0]LogDerivedDataCache: FDerivedDataBackendGraph:  Pak pak cache file ../../../../../../Users/w017177h/Documents/GitHub/SpideyCPP/SideyCPP/DerivedDataCache/DDC.ddp not found, will not use a pak cache.
[2018.10.22-17.58.15:494][  0]LogDerivedDataCache: Unable to find inner node Pak for hierarchical cache Hierarchy.
[2018.10.22-17.58.15:495][  0]LogDerivedDataCache: FDerivedDataBackendGraph:  CompressedPak pak cache file ../../../../../../Users/w017177h/Documents/GitHub/SpideyCPP/SideyCPP/DerivedDataCache/Compressed.ddp not found, will not use a pak cache.
[2018.10.22-17.58.15:495][  0]LogDerivedDataCache: Unable to find inner node CompressedPak for hierarchical cache Hierarchy.
[2018.10.22-17.58.15:506][  0]LogDerivedDataCache: Display: Pak cache opened for reading ../../../Engine/DerivedDataCache/Compressed.ddp.
[2018.10.22-17.58.15:520][  0]LogDerivedDataCache: Using Local data cache path C:/Users/w017177h/AppData/Local/UnrealEngine/Common/DerivedDataCache: Writable
[2018.10.22-17.58.15:520][  0]LogDerivedDataCache: Shared data cache path not found in *engine.ini, will not use an Shared cache.
[2018.10.22-17.58.15:521][  0]LogDerivedDataCache: Unable to find inner node Shared for hierarchical cache Hierarchy.
[2018.10.22-17.58.15:556][  0]LogMaterial: Verifying Global Shaders for PCD3D_SM5
[2018.10.22-17.58.15:560][  0]LogSlate: Using FreeType 2.6.0
[2018.10.22-17.58.15:561][  0]LogSlate: SlateFontServices - WITH_FREETYPE: 1, WITH_HARFBUZZ: 1
[2018.10.22-17.58.15:634][  0]LogAssetRegistry: FAssetRegistry took 0.0309 seconds to start up
[2018.10.22-17.58.15:979][  0]LogInit: Selected Device Profile: [Windows]
[2018.10.22-17.58.16:146][  0]LogSimplygon: Simplygon DLL not present - disabling.
[2018.10.22-17.58.16:154][  0]LogMeshReduction: Using SimplygonSwarm for distributed automatic mesh merging
[2018.10.22-17.58.16:154][  0]LogMeshReduction: Using ProxyLODMeshReduction for automatic mesh merging
[2018.10.22-17.58.16:154][  0]LogMeshReduction: Using QuadricMeshReduction for automatic static mesh reduction
[2018.10.22-17.58.16:154][  0]LogMeshReduction: No automatic skeletal mesh reduction module available
[2018.10.22-17.58.16:171][  0]LogNetVersion: SideyCPP 1.0.0, NetCL: 4212847, EngineNetVer: 5, GameNetVer: 0 (Checksum: 583984258)
[2018.10.22-17.58.16:808][  0]LogPackageLocalizationCache: Processed 11 localized package path(s) for 2 prioritized culture(s) in 0.127827 seconds
[2018.10.22-17.58.16:819][  0]LogUObjectArray: 38425 objects as part of root set at end of initial load.
[2018.10.22-17.58.16:819][  0]LogUObjectAllocator: 6690872 out of 0 bytes used by permanent object pool.
[2018.10.22-17.58.16:820][  0]LogUObjectArray: CloseDisregardForGC: 0/0 objects in disregard for GC pool
[2018.10.22-17.58.17:841][  0]LogTcpMessaging: Initializing TcpMessaging bridge
[2018.10.22-17.58.17:857][  0]LogUdpMessaging: Initializing bridge on interface 0.0.0.0:0 to multicast group 230.0.0.1:6666.
[2018.10.22-17.58.18:038][  0]SourceControl: Source control is disabled
[2018.10.22-17.58.18:039][  0]SourceControl: Source control is disabled
[2018.10.22-17.58.18:043][  0]SourceControl: Source control is disabled
[2018.10.22-17.58.18:046][  0]SourceControl: Source control is disabled
[2018.10.22-17.58.18:382][  0]LogAndroidPermission: UAndroidPermissionCallbackProxy::GetInstance
[2018.10.22-17.58.18:506][  0]LogOcInput: OculusInput pre-init called
[2018.10.22-17.58.18:583][  0]LogEngine: Initializing Engine...
[2018.10.22-17.58.18:583][  0]LogHMD: Failed to initialize OpenVR with code 110
[2018.10.22-17.58.18:585][  0]LogStats: UGameplayTagsManager::ConstructGameplayTagTree: ImportINI prefixes -  0.000 s
[2018.10.22-17.58.18:585][  0]LogStats: UGameplayTagsManager::ConstructGameplayTagTree: Construct from data asset -  0.000 s
[2018.10.22-17.58.18:585][  0]LogStats: UGameplayTagsManager::ConstructGameplayTagTree: ImportINI -  0.001 s
[2018.10.22-17.58.18:586][  0]LogStats: UGameplayTagsManager::ConstructGameplayTagTree: GameplayTagTreeChangedEvent.Broadcast -  0.000 s
[2018.10.22-17.58.18:802][  0]LogInit: Initializing FReadOnlyCVARCache
[2018.10.22-17.58.18:824][  0]LogAIModule: Creating AISystem for world Untitled
[2018.10.22-17.58.18:930][  0]LogInit: XAudio2 using 'Realtek HD Audio 2nd output (Realtek High Definition Audio)' : 2 channels at 48 kHz using 32 bits per sample (channel mask 0x3)
[2018.10.22-17.58.18:981][  0]LogInit: FAudioDevice initialized.
[2018.10.22-17.58.18:981][  0]LogNetVersion: Set ProjectVersion to 1.0.0.0. Version Checksum will be recalculated on next use.
[2018.10.22-17.58.19:026][  0]LogDerivedDataCache: Saved boot cache 0.05s 71MB C:/Users/w017177h/AppData/Local/UnrealEngine/4.20/DerivedDataCache/Boot.ddc.
[2018.10.22-17.58.19:045][  0]LogInit: Texture streaming: Enabled
[2018.10.22-17.58.19:091][  0]LogEngineSessionManager: EngineSessionManager initialized
[2018.10.22-17.58.19:104][  0]LogInit: Transaction tracking system initialized
[2018.10.22-17.58.19:184][  0]BlueprintLog: New page: Editor Load
[2018.10.22-17.58.19:320][  0]LocalizationService: Localization service is disabled
[2018.10.22-17.58.19:610][  0]LogCook: Display: Max memory allowance for cook 16384mb min free memory 0mb
[2018.10.22-17.58.19:610][  0]LogCook: Display: Mobile HDR setting 1
[2018.10.22-17.58.19:611][  0]LogGameplayTags: Display: UGameplayTagsManager::DoneAddingNativeTags. DelegateIsBound: 0
[2018.10.22-17.58.19:611][  0]LogStats: UGameplayTagsManager::ConstructGameplayTagTree: ImportINI prefixes -  0.000 s
[2018.10.22-17.58.19:611][  0]LogStats: UGameplayTagsManager::ConstructGameplayTagTree: Construct from data asset -  0.000 s
[2018.10.22-17.58.19:611][  0]LogStats: UGameplayTagsManager::ConstructGameplayTagTree: ImportINI -  0.000 s
[2018.10.22-17.58.19:611][  0]LogStats: UGameplayTagsManager::ConstructGameplayTagTree: GameplayTagTreeChangedEvent.Broadcast -  0.000 s
[2018.10.22-17.58.19:800][  0]LogFileCache: Scanning file cache for directory 'C:/Users/w017177h/Documents/GitHub/SpideyCPP/SideyCPP/Content/' took 0.02s
[2018.10.22-17.58.19:800][  0]SourceControl: Source control is disabled
[2018.10.22-17.58.19:801][  0]Cmd: MAP LOAD FILE="../../../../../../Users/w017177h/Documents/GitHub/SpideyCPP/SideyCPP/Content/StarterContent/Maps/Minimal_Default.umap" TEMPLATE=0 SHOWPROGRESS=1 FEATURELEVEL=3
[2018.10.22-17.58.19:801][  0]LightingResults: New page: Lighting Build
[2018.10.22-17.58.19:805][  0]MapCheck: New page: Map Check
[2018.10.22-17.58.19:805][  0]LightingResults: New page: Lighting Build
[2018.10.22-17.58.20:100][  0]LogAIModule: Creating AISystem for world Minimal_Default
[2018.10.22-17.58.20:117][  0]LogEditorServer: Finished looking for orphan Actors (0.000 secs)
[2018.10.22-17.58.20:154][  0]Cmd: MAP CHECKDEP NOCLEARLOG
[2018.10.22-17.58.20:268][  0]MapCheck: Map check complete: 0 Error(s), 0 Warning(s), took 114.381ms to complete.
[2018.10.22-17.58.20:269][  0]LogFileHelpers: Loading map 'Minimal_Default' took 0.468
[2018.10.22-17.58.20:414][  0]LogSlate: Updating window title bar state: overlay mode, drag disabled, window buttons hidden, title bar hidden
[2018.10.22-17.58.20:421][  0]LogSlate: Updating window title bar state: overlay mode, drag disabled, window buttons hidden, title bar hidden
[2018.10.22-17.58.20:427][  0]LogSlate: Updating window title bar state: overlay mode, drag disabled, window buttons hidden, title bar hidden
[2018.10.22-17.58.20:434][  0]LogSlate: Updating window title bar state: overlay mode, drag disabled, window buttons hidden, title bar hidden
[2018.10.22-17.58.20:443][  0]LogCollectionManager: Loaded 0 collections in 0.002340 seconds
[2018.10.22-17.58.20:510][  0]LogFileCache: Scanning file cache for directory 'C:/Users/w017177h/Documents/GitHub/SpideyCPP/SideyCPP/Saved/Collections/' took 0.01s
[2018.10.22-17.58.20:510][  0]LogFileCache: Scanning file cache for directory 'C:/Users/w017177h/Documents/GitHub/SpideyCPP/SideyCPP/Content/Developers/w017177h/Collections/' took 0.01s
[2018.10.22-17.58.20:510][  0]LogFileCache: Scanning file cache for directory 'C:/Users/w017177h/Documents/GitHub/SpideyCPP/SideyCPP/Content/Collections/' took 0.02s
[2018.10.22-17.58.20:510][  0]LogCollectionManager: Rebuilt the GUID cache for 0 collections in 0.000001 seconds
[2018.10.22-17.58.20:532][  0]LogContentBrowser: Native class hierarchy populated in 0.0212 seconds. Added 2576 classes and 605 folders.
[2018.10.22-17.58.20:542][  0]LogContentBrowser: Native class hierarchy updated for 'WidgetCarousel' in 0.0004 seconds. Added 0 classes and 0 folders.
[2018.10.22-17.58.20:613][  0]LogContentBrowser: Native class hierarchy updated for 'AddContentDialog' in 0.0004 seconds. Added 0 classes and 0 folders.
[2018.10.22-17.58.20:622][  0]LogContentBrowser: Native class hierarchy updated for 'SceneOutliner' in 0.0006 seconds. Added 1 classes and 2 folders.
[2018.10.22-17.58.20:636][  0]LogSlate: Took 0.000237 seconds to synchronously load lazily loaded font '../../../Engine/Content/Slate/Fonts/Roboto-Regular.ttf' (155K)
[2018.10.22-17.58.20:639][  0]LogSlate: Took 0.000237 seconds to synchronously load lazily loaded font '../../../Engine/Content/Slate/Fonts/Roboto-Bold.ttf' (160K)
[2018.10.22-17.58.20:644][  0]LogSlate: Took 0.000252 seconds to synchronously load lazily loaded font '../../../Engine/Content/Editor/Slate/Fonts/FontAwesome.ttf' (139K)
[2018.10.22-17.58.20:724][  0]LogRenderer: Reallocating scene render targets to support 1208x576 Format 10 NumSamples 1 (Frame:1).
[2018.10.22-17.58.20:862][  0]LogSlate: FSceneViewport::OnFocusLost() reason 2
[2018.10.22-17.58.20:876][  0]LogSlate: Window 'Tutorials' being destroyed
[2018.10.22-17.58.20:914][  0]LogContentBrowser: Native class hierarchy updated for 'HierarchicalLODOutliner' in 0.0005 seconds. Added 0 classes and 0 folders.
[2018.10.22-17.58.20:914][  0]LogLoad: (Engine Initialization) Total time: 10.75 seconds
[2018.10.22-17.58.20:914][  0]LogLoad: (Engine Initialization) Total Blueprint compile time: 0.00 seconds
[2018.10.22-17.58.20:931][  0]LogWindowsTextInputMethodSystem: Display: IME system now deactivated.
[2018.10.22-17.58.20:953][  0]LogContentStreaming: Texture pool size now 1000 MB
[2018.10.22-17.58.20:979][  0]LogSlate: Took 0.000177 seconds to synchronously load lazily loaded font '../../../Engine/Content/Slate/Fonts/Roboto-Light.ttf' (167K)
[2018.10.22-17.58.21:062][  1]LogAssetRegistry: Asset discovery search completed in 5.4545 seconds
[2018.10.22-17.58.21:064][  1]LogCollectionManager: Rebuilt the object cache for 0 collections in 0.000000 seconds (found 0 objects)
[2018.10.22-17.58.21:064][  1]LogCollectionManager: Fixed up redirectors for 0 collections in 0.000177 seconds (updated 0 objects)
[2018.10.22-17.58.54:200][726]LogSlate: FSceneViewport::OnFocusLost() reason 0
[2018.10.22-17.58.54:258][733]LogTemp: Repeating last play command: Selected Viewport
[2018.10.22-17.58.54:275][733]LogBlueprintUserMessages: Early PlayInEditor Detection: Level '/Game/StarterContent/Maps/Minimal_Default.Minimal_Default:PersistentLevel' has LevelScriptBlueprint '/Game/StarterContent/Maps/Minimal_Default.Minimal_Default:PersistentLevel.Minimal_Default' with GeneratedClass '/Game/StarterContent/Maps/Minimal_Default.Minimal_Default_C' with ClassGeneratedBy '/Game/StarterContent/Maps/Minimal_Default.Minimal_Default:PersistentLevel.Minimal_Default'
[2018.10.22-17.58.54:275][733]LogPlayLevel: PlayLevel: No blueprints needed recompiling
[2018.10.22-17.58.54:290][733]PIE: New page: PIE session: Minimal_Default (22 Oct 2018 19:58:54)
[2018.10.22-17.58.54:290][733]LogPlayLevel: Creating play world package: /Game/StarterContent/Maps/UEDPIE_0_Minimal_Default
[2018.10.22-17.58.54:294][733]LogPlayLevel: PIE: StaticDuplicateObject took: (0.003972s)
[2018.10.22-17.58.54:295][733]LogAIModule: Creating AISystem for world Minimal_Default
[2018.10.22-17.58.54:295][733]LogPlayLevel: PIE: World Init took: (0.000812s)
[2018.10.22-17.58.54:295][733]LogPlayLevel: PIE: Created PIE world by copying editor world from /Game/StarterContent/Maps/Minimal_Default.Minimal_Default to /Game/StarterContent/Maps/UEDPIE_0_Minimal_Default.Minimal_Default (0.005230s)
[2018.10.22-17.58.54:328][733]LogInit: XAudio2 using 'Realtek HD Audio 2nd output (Realtek High Definition Audio)' : 2 channels at 48 kHz using 32 bits per sample (channel mask 0x3)
[2018.10.22-17.58.54:344][733]LogInit: FAudioDevice initialized.
[2018.10.22-17.58.54:537][733]LogLoad: Game class is 'MySideyCPPGameModeBase_C'
[2018.10.22-17.58.54:541][733]LogWorld: Bringing World /Game/StarterContent/Maps/UEDPIE_0_Minimal_Default.Minimal_Default up for play (max tick rate 0) at 2018.10.22-18.58.54
[2018.10.22-17.58.54:542][733]LogWorld: Bringing up level for play took: 0.001536
[2018.10.22-17.58.54:566][733]LogContentBrowser: Native class hierarchy updated for 'MovieSceneCapture' in 0.0005 seconds. Added 10 classes and 0 folders.
[2018.10.22-17.58.54:574][733]PIE: Play in editor start time for /Game/StarterContent/Maps/UEDPIE_0_Minimal_Default 0.701
[2018.10.22-17.58.54:575][733]LogBlueprintUserMessages: Late PlayInEditor Detection: Level '/Game/StarterContent/Maps/Minimal_Default.Minimal_Default:PersistentLevel' has LevelScriptBlueprint '/Game/StarterContent/Maps/Minimal_Default.Minimal_Default:PersistentLevel.Minimal_Default' with GeneratedClass '/Game/StarterContent/Maps/Minimal_Default.Minimal_Default_C' with ClassGeneratedBy '/Game/StarterContent/Maps/Minimal_Default.Minimal_Default:PersistentLevel.Minimal_Default'
[2018.10.22-17.58.59:888][324]LogBlueprintUserMessages: [Player_C_0] I hit a wall
[2018.10.22-17.58.59:896][325]LogBlueprintUserMessages: [Player_C_0] I hit a wall
[2018.10.22-17.58.59:904][326]LogBlueprintUserMessages: [Player_C_0] I hit a wall
[2018.10.22-17.58.59:914][327]LogBlueprintUserMessages: [Player_C_0] I hit a wall
[2018.10.22-17.58.59:922][328]LogBlueprintUserMessages: [Player_C_0] I hit a wall
[2018.10.22-17.58.59:930][329]LogBlueprintUserMessages: [Player_C_0] I hit a wall
[2018.10.22-17.58.59:939][330]LogBlueprintUserMessages: [Player_C_0] I hit a wall
[2018.10.22-17.58.59:947][331]LogBlueprintUserMessages: [Player_C_0] I hit a wall
[2018.10.22-17.58.59:955][332]LogBlueprintUserMessages: [Player_C_0] I hit a wall
[2018.10.22-17.58.59:963][333]LogBlueprintUserMessages: [Player_C_0] I hit a wall
[2018.10.22-17.58.59:972][334]LogBlueprintUserMessages: [Player_C_0] I hit a wall
[2018.10.22-17.58.59:980][335]LogBlueprintUserMessages: [Player_C_0] I hit a wall
[2018.10.22-17.58.59:988][336]LogBlueprintUserMessages: [Player_C_0] I hit a wall
[2018.10.22-17.58.59:996][337]LogBlueprintUserMessages: [Player_C_0] I hit a wall
[2018.10.22-17.59.00:005][338]LogBlueprintUserMessages: [Player_C_0] I hit a wall
[2018.10.22-17.59.00:013][339]LogBlueprintUserMessages: [Player_C_0] I hit a wall
[2018.10.22-17.59.00:022][340]LogBlueprintUserMessages: [Player_C_0] I hit a wall
[2018.10.22-17.59.00:030][341]LogBlueprintUserMessages: [Player_C_0] I hit a wall
[2018.10.22-17.59.00:038][342]LogBlueprintUserMessages: [Player_C_0] I hit a wall
[2018.10.22-17.59.00:047][343]LogBlueprintUserMessages: [Player_C_0] I hit a wall
[2018.10.22-17.59.00:055][344]LogBlueprintUserMessages: [Player_C_0] I hit a wall
[2018.10.22-17.59.00:063][345]LogBlueprintUserMessages: [Player_C_0] I hit a wall
[2018.10.22-17.59.00:072][346]LogBlueprintUserMessages: [Player_C_0] I hit a wall
[2018.10.22-17.59.00:083][347]LogBlueprintUserMessages: [Player_C_0] I hit a wall
[2018.10.22-17.59.00:091][348]LogBlueprintUserMessages: [Player_C_0] I hit a wall
[2018.10.22-17.59.00:099][349]LogBlueprintUserMessages: [Player_C_0] I hit a wall
[2018.10.22-17.59.00:108][350]LogBlueprintUserMessages: [Player_C_0] I hit a wall
[2018.10.22-17.59.00:116][351]LogBlueprintUserMessages: [Player_C_0] I hit a wall
[2018.10.22-17.59.00:124][352]LogBlueprintUserMessages: [Player_C_0] I hit a wall
[2018.10.22-17.59.00:133][353]LogBlueprintUserMessages: [Player_C_0] I hit a wall
[2018.10.22-17.59.00:146][354]LogBlueprintUserMessages: [Player_C_0] I hit a wall
[2018.10.22-17.59.00:158][355]LogBlueprintUserMessages: [Player_C_0] I hit a wall
[2018.10.22-17.59.00:166][356]LogBlueprintUserMessages: [Player_C_0] I hit a wall
[2018.10.22-17.59.00:174][357]LogBlueprintUserMessages: [Player_C_0] I hit a wall
[2018.10.22-17.59.00:183][358]LogBlueprintUserMessages: [Player_C_0] I hit a wall
[2018.10.22-17.59.00:191][359]LogBlueprintUserMessages: [Player_C_0] I hit a wall
[2018.10.22-17.59.00:199][360]LogBlueprintUserMessages: [Player_C_0] I hit a wall
[2018.10.22-17.59.00:208][361]LogBlueprintUserMessages: [Player_C_0] I hit a wall
[2018.10.22-17.59.00:216][362]LogBlueprintUserMessages: [Player_C_0] I hit a wall
[2018.10.22-17.59.00:224][363]LogBlueprintUserMessages: [Player_C_0] I hit a wall
[2018.10.22-17.59.00:233][364]LogBlueprintUserMessages: [Player_C_0] I hit a wall
[2018.10.22-17.59.00:244][365]LogBlueprintUserMessages: [Player_C_0] I hit a wall
[2018.10.22-17.59.00:252][366]LogBlueprintUserMessages: [Player_C_0] I hit a wall
[2018.10.22-17.59.00:261][367]LogBlueprintUserMessages: [Player_C_0] I hit a wall
[2018.10.22-17.59.00:272][368]LogBlueprintUserMessages: [Player_C_0] I hit a wall
[2018.10.22-17.59.00:282][369]LogBlueprintUserMessages: [Player_C_0] I hit a wall
[2018.10.22-17.59.00:290][370]LogBlueprintUserMessages: [Player_C_0] I hit a wall
[2018.10.22-17.59.00:298][371]LogBlueprintUserMessages: [Player_C_0] I hit a wall
[2018.10.22-17.59.00:307][372]LogBlueprintUserMessages: [Player_C_0] I hit a wall
[2018.10.22-17.59.00:315][373]LogBlueprintUserMessages: [Player_C_0] I hit a wall
[2018.10.22-17.59.00:324][374]LogBlueprintUserMessages: [Player_C_0] I hit a wall
[2018.10.22-17.59.00:334][375]LogBlueprintUserMessages: [Player_C_0] I hit a wall
[2018.10.22-17.59.00:342][376]LogBlueprintUserMessages: [Player_C_0] I hit a wall
[2018.10.22-17.59.00:350][377]LogBlueprintUserMessages: [Player_C_0] I hit a wall
[2018.10.22-17.59.00:358][378]LogBlueprintUserMessages: [Player_C_0] I hit a wall
[2018.10.22-17.59.00:367][379]LogBlueprintUserMessages: [Player_C_0] I hit a wall
[2018.10.22-17.59.00:375][380]LogBlueprintUserMessages: [Player_C_0] I hit a wall
[2018.10.22-17.59.00:384][381]LogBlueprintUserMessages: [Player_C_0] I hit a wall
[2018.10.22-17.59.00:392][382]LogBlueprintUserMessages: [Player_C_0] I hit a wall
[2018.10.22-17.59.00:400][383]LogBlueprintUserMessages: [Player_C_0] I hit a wall
[2018.10.22-17.59.00:409][384]LogBlueprintUserMessages: [Player_C_0] I hit a wall
[2018.10.22-17.59.00:458][385]LogBlueprintUserMessages: [Player_C_0] I hit a wall
[2018.10.22-17.59.00:466][386]LogBlueprintUserMessages: [Player_C_0] I hit a wall
[2018.10.22-17.59.00:475][387]LogBlueprintUserMessages: [Player_C_0] I hit a wall
[2018.10.22-17.59.00:485][388]LogBlueprintUserMessages: [Player_C_0] I hit a wall
[2018.10.22-17.59.00:493][389]LogBlueprintUserMessages: [Player_C_0] I hit a wall
[2018.10.22-17.59.00:503][390]LogBlueprintUserMessages: [Player_C_0] I hit a wall
[2018.10.22-17.59.00:511][391]LogBlueprintUserMessages: [Player_C_0] I hit a wall
[2018.10.22-17.59.00:519][392]LogBlueprintUserMessages: [Player_C_0] I hit a wall
[2018.10.22-17.59.00:528][393]LogBlueprintUserMessages: [Player_C_0] I hit a wall
[2018.10.22-17.59.00:536][394]LogBlueprintUserMessages: [Player_C_0] I hit a wall
[2018.10.22-17.59.00:548][395]LogBlueprintUserMessages: [Player_C_0] I hit a wall
[2018.10.22-17.59.00:556][396]LogBlueprintUserMessages: [Player_C_0] I hit a wall
[2018.10.22-17.59.00:564][397]LogBlueprintUserMessages: [Player_C_0] I hit a wall
[2018.10.22-17.59.00:573][398]LogBlueprintUserMessages: [Player_C_0] I hit a wall
[2018.10.22-17.59.00:582][399]LogBlueprintUserMessages: [Player_C_0] I hit a wall
[2018.10.22-17.59.00:590][400]LogBlueprintUserMessages: [Player_C_0] I hit a wall
[2018.10.22-17.59.00:599][401]LogBlueprintUserMessages: [Player_C_0] I hit a wall
[2018.10.22-17.59.00:607][402]LogBlueprintUserMessages: [Player_C_0] I hit a wall
[2018.10.22-17.59.00:615][403]LogBlueprintUserMessages: [Player_C_0] I hit a wall
[2018.10.22-17.59.00:624][404]LogBlueprintUserMessages: [Player_C_0] I hit a wall
[2018.10.22-17.59.00:632][405]LogBlueprintUserMessages: [Player_C_0] I hit a wall
[2018.10.22-17.59.00:641][406]LogBlueprintUserMessages: [Player_C_0] I hit a wall
[2018.10.22-17.59.00:649][407]LogBlueprintUserMessages: [Player_C_0] I hit a wall
[2018.10.22-17.59.00:657][408]LogBlueprintUserMessages: [Player_C_0] I hit a wall
[2018.10.22-17.59.00:665][409]LogBlueprintUserMessages: [Player_C_0] I hit a wall
[2018.10.22-17.59.00:674][410]LogBlueprintUserMessages: [Player_C_0] I hit a wall
[2018.10.22-17.59.00:682][411]LogBlueprintUserMessages: [Player_C_0] I hit a wall
[2018.10.22-17.59.00:691][412]LogBlueprintUserMessages: [Player_C_0] I hit a wall
[2018.10.22-17.59.00:699][413]LogBlueprintUserMessages: [Player_C_0] I hit a wall
[2018.10.22-17.59.00:707][414]LogBlueprintUserMessages: [Player_C_0] I hit a wall
[2018.10.22-17.59.00:716][415]LogBlueprintUserMessages: [Player_C_0] I hit a wall
[2018.10.22-17.59.00:725][416]LogBlueprintUserMessages: [Player_C_0] I hit a wall
[2018.10.22-17.59.00:734][417]LogBlueprintUserMessages: [Player_C_0] I hit a wall
[2018.10.22-17.59.00:742][418]LogBlueprintUserMessages: [Player_C_0] I hit a wall
[2018.10.22-17.59.00:750][419]LogBlueprintUserMessages: [Player_C_0] I hit a wall
[2018.10.22-17.59.00:758][420]LogBlueprintUserMessages: [Player_C_0] I hit a wall
[2018.10.22-17.59.00:767][421]LogBlueprintUserMessages: [Player_C_0] I hit a wall
[2018.10.22-17.59.00:775][422]LogBlueprintUserMessages: [Player_C_0] I hit a wall
[2018.10.22-17.59.00:784][423]LogBlueprintUserMessages: [Player_C_0] I hit a wall
[2018.10.22-17.59.00:792][424]LogBlueprintUserMessages: [Player_C_0] I hit a wall
[2018.10.22-17.59.00:800][425]LogBlueprintUserMessages: [Player_C_0] I hit a wall
[2018.10.22-17.59.00:808][426]LogBlueprintUserMessages: [Player_C_0] I hit a wall
[2018.10.22-17.59.00:816][427]LogBlueprintUserMessages: [Player_C_0] I hit a wall
[2018.10.22-17.59.00:825][428]LogBlueprintUserMessages: [Player_C_0] I hit a wall
[2018.10.22-17.59.00:833][429]LogBlueprintUserMessages: [Player_C_0] I hit a wall
[2018.10.22-17.59.00:841][430]LogBlueprintUserMessages: [Player_C_0] I hit a wall
[2018.10.22-17.59.00:849][431]LogBlueprintUserMessages: [Player_C_0] I hit a wall
[2018.10.22-17.59.00:858][432]LogBlueprintUserMessages: [Player_C_0] I hit a wall
[2018.10.22-17.59.00:866][433]LogBlueprintUserMessages: [Player_C_0] I hit a wall
[2018.10.22-17.59.00:875][434]LogBlueprintUserMessages: [Player_C_0] I hit a wall
[2018.10.22-17.59.00:883][435]LogBlueprintUserMessages: [Player_C_0] I hit a wall
[2018.10.22-17.59.00:891][436]LogBlueprintUserMessages: [Player_C_0] I hit a wall
[2018.10.22-17.59.00:901][437]LogBlueprintUserMessages: [Player_C_0] I hit a wall
[2018.10.22-17.59.00:909][438]LogBlueprintUserMessages: [Player_C_0] I hit a wall
[2018.10.22-17.59.00:917][439]LogBlueprintUserMessages: [Player_C_0] I hit a wall
[2018.10.22-17.59.00:926][440]LogBlueprintUserMessages: [Player_C_0] I hit a wall
[2018.10.22-17.59.00:934][441]LogBlueprintUserMessages: [Player_C_0] I hit a wall
[2018.10.22-17.59.00:942][442]LogBlueprintUserMessages: [Player_C_0] I hit a wall
[2018.10.22-17.59.00:951][443]LogBlueprintUserMessages: [Player_C_0] I hit a wall
[2018.10.22-17.59.00:959][444]LogBlueprintUserMessages: [Player_C_0] I hit a wall
[2018.10.22-17.59.00:968][445]LogBlueprintUserMessages: [Player_C_0] I hit a wall
[2018.10.22-17.59.00:976][446]LogBlueprintUserMessages: [Player_C_0] I hit a wall
[2018.10.22-17.59.00:985][447]LogBlueprintUserMessages: [Player_C_0] I hit a wall
[2018.10.22-17.59.00:994][448]LogBlueprintUserMessages: [Player_C_0] I hit a wall
[2018.10.22-17.59.01:009][449]LogBlueprintUserMessages: [Player_C_0] I hit a wall
[2018.10.22-17.59.01:017][450]LogBlueprintUserMessages: [Player_C_0] I hit a wall
[2018.10.22-17.59.01:025][451]LogBlueprintUserMessages: [Player_C_0] I hit a wall
[2018.10.22-17.59.01:034][452]LogBlueprintUserMessages: [Player_C_0] I hit a wall
[2018.10.22-17.59.01:042][453]LogBlueprintUserMessages: [Player_C_0] I hit a wall
[2018.10.22-17.59.01:050][454]LogBlueprintUserMessages: [Player_C_0] I hit a wall
[2018.10.22-17.59.01:059][455]LogBlueprintUserMessages: [Player_C_0] I hit a wall
[2018.10.22-17.59.01:067][456]LogBlueprintUserMessages: [Player_C_0] I hit a wall
[2018.10.22-17.59.01:076][457]LogBlueprintUserMessages: [Player_C_0] I hit a wall
[2018.10.22-17.59.01:084][458]LogBlueprintUserMessages: [Player_C_0] I hit a wall
[2018.10.22-17.59.01:092][459]LogBlueprintUserMessages: [Player_C_0] I hit a wall
[2018.10.22-17.59.01:100][460]LogBlueprintUserMessages: [Player_C_0] I hit a wall
[2018.10.22-17.59.01:109][461]LogBlueprintUserMessages: [Player_C_0] I hit a wall
[2018.10.22-17.59.01:118][462]LogBlueprintUserMessages: [Player_C_0] I hit a wall
[2018.10.22-17.59.01:129][463]LogBlueprintUserMessages: [Player_C_0] I hit a wall
[2018.10.22-17.59.01:139][464]LogBlueprintUserMessages: [Player_C_0] I hit a wall
[2018.10.22-17.59.01:149][465]LogBlueprintUserMessages: [Player_C_0] I hit a wall
[2018.10.22-17.59.01:158][466]LogBlueprintUserMessages: [Player_C_0] I hit a wall
[2018.10.22-17.59.01:165][467]LogBlueprintUserMessages: [Player_C_0] I hit a wall
[2018.10.22-17.59.01:173][468]LogBlueprintUserMessages: [Player_C_0] I hit a wall
[2018.10.22-17.59.01:182][469]LogBlueprintUserMessages: [Player_C_0] I hit a wall
[2018.10.22-17.59.01:194][470]LogBlueprintUserMessages: [Player_C_0] I hit a wall
[2018.10.22-17.59.01:206][471]LogBlueprintUserMessages: [Player_C_0] I hit a wall
[2018.10.22-17.59.01:214][472]LogBlueprintUserMessages: [Player_C_0] I hit a wall
[2018.10.22-17.59.01:222][473]LogBlueprintUserMessages: [Player_C_0] I hit a wall
[2018.10.22-17.59.01:231][474]LogBlueprintUserMessages: [Player_C_0] I hit a wall
[2018.10.22-17.59.01:239][475]LogBlueprintUserMessages: [Player_C_0] I hit a wall
[2018.10.22-17.59.01:247][476]LogBlueprintUserMessages: [Player_C_0] I hit a wall
[2018.10.22-17.59.01:259][477]LogBlueprintUserMessages: [Player_C_0] I hit a wall
[2018.10.22-17.59.01:268][478]LogBlueprintUserMessages: [Player_C_0] I hit a wall
[2018.10.22-17.59.01:276][479]LogBlueprintUserMessages: [Player_C_0] I hit a wall
[2018.10.22-17.59.01:285][480]LogBlueprintUserMessages: [Player_C_0] I hit a wall
[2018.10.22-17.59.01:293][481]LogBlueprintUserMessages: [Player_C_0] I hit a wall
[2018.10.22-17.59.01:301][482]LogBlueprintUserMessages: [Player_C_0] I hit a wall
[2018.10.22-17.59.01:311][483]LogBlueprintUserMessages: [Player_C_0] I hit a wall
[2018.10.22-17.59.01:319][484]LogBlueprintUserMessages: [Player_C_0] I hit a wall
[2018.10.22-17.59.01:327][485]LogBlueprintUserMessages: [Player_C_0] I hit a wall
[2018.10.22-17.59.01:336][486]LogBlueprintUserMessages: [Player_C_0] I hit a wall
[2018.10.22-17.59.01:344][487]LogBlueprintUserMessages: [Player_C_0] I hit a wall
[2018.10.22-17.59.01:352][488]LogBlueprintUserMessages: [Player_C_0] I hit a wall
[2018.10.22-17.59.01:361][489]LogBlueprintUserMessages: [Player_C_0] I hit a wall
[2018.10.22-17.59.01:370][490]LogBlueprintUserMessages: [Player_C_0] I hit a wall
[2018.10.22-17.59.01:380][491]LogBlueprintUserMessages: [Player_C_0] I hit a wall
[2018.10.22-17.59.01:391][492]LogBlueprintUserMessages: [Player_C_0] I hit a wall
[2018.10.22-17.59.01:398][493]LogBlueprintUserMessages: [Player_C_0] I hit a wall
[2018.10.22-17.59.01:406][494]LogBlueprintUserMessages: [Player_C_0] I hit a wall
[2018.10.22-17.59.01:418][495]LogBlueprintUserMessages: [Player_C_0] I hit a wall
[2018.10.22-17.59.01:426][496]LogBlueprintUserMessages: [Player_C_0] I hit a wall
[2018.10.22-17.59.01:435][497]LogBlueprintUserMessages: [Player_C_0] I hit a wall
[2018.10.22-17.59.01:443][498]LogBlueprintUserMessages: [Player_C_0] I hit a wall
[2018.10.22-17.59.01:451][499]LogBlueprintUserMessages: [Player_C_0] I hit a wall
[2018.10.22-17.59.01:488][500]LogBlueprintUserMessages: [Player_C_0] I hit a wall
[2018.10.22-17.59.01:511][501]LogBlueprintUserMessages: [Player_C_0] I hit a wall
[2018.10.22-17.59.01:519][502]LogBlueprintUserMessages: [Player_C_0] I hit a wall
[2018.10.22-17.59.01:530][503]LogBlueprintUserMessages: [Player_C_0] I hit a wall
[2018.10.22-17.59.01:540][504]LogBlueprintUserMessages: [Player_C_0] I hit a wall
[2018.10.22-17.59.01:550][505]LogBlueprintUserMessages: [Player_C_0] I hit a wall
[2018.10.22-17.59.01:560][506]LogBlueprintUserMessages: [Player_C_0] I hit a wall
[2018.10.22-17.59.01:571][507]LogBlueprintUserMessages: [Player_C_0] I hit a wall
[2018.10.22-17.59.01:579][508]LogBlueprintUserMessages: [Player_C_0] I hit a wall
[2018.10.22-17.59.01:587][509]LogBlueprintUserMessages: [Player_C_0] I hit a wall
[2018.10.22-17.59.01:595][510]LogBlueprintUserMessages: [Player_C_0] I hit a wall
[2018.10.22-17.59.01:606][511]LogBlueprintUserMessages: [Player_C_0] I hit a wall
[2018.10.22-17.59.01:616][512]LogBlueprintUserMessages: [Player_C_0] I hit a wall
[2018.10.22-17.59.01:626][513]LogBlueprintUserMessages: [Player_C_0] I hit a wall
[2018.10.22-17.59.01:634][514]LogBlueprintUserMessages: [Player_C_0] I hit a wall
[2018.10.22-17.59.01:642][515]LogBlueprintUserMessages: [Player_C_0] I hit a wall
[2018.10.22-17.59.01:651][516]LogBlueprintUserMessages: [Player_C_0] I hit a wall
[2018.10.22-17.59.01:659][517]LogBlueprintUserMessages: [Player_C_0] I hit a wall
[2018.10.22-17.59.01:667][518]LogBlueprintUserMessages: [Player_C_0] I hit a wall
[2018.10.22-17.59.01:676][519]LogBlueprintUserMessages: [Player_C_0] I hit a wall
[2018.10.22-17.59.01:686][520]LogBlueprintUserMessages: [Player_C_0] I hit a wall
[2018.10.22-17.59.01:694][521]LogBlueprintUserMessages: [Player_C_0] I hit a wall
[2018.10.22-17.59.01:703][522]LogBlueprintUserMessages: [Player_C_0] I hit a wall
[2018.10.22-17.59.01:711][523]LogBlueprintUserMessages: [Player_C_0] I hit a wall
[2018.10.22-17.59.01:720][524]LogBlueprintUserMessages: [Player_C_0] I hit a wall
[2018.10.22-17.59.01:722][524]LogBlueprintUserMessages: Early EndPlayMap Detection: Level '/Game/StarterContent/Maps/Minimal_Default.Minimal_Default:PersistentLevel' has LevelScriptBlueprint '/Game/StarterContent/Maps/Minimal_Default.Minimal_Default:PersistentLevel.Minimal_Default' with GeneratedClass '/Game/StarterContent/Maps/Minimal_Default.Minimal_Default_C' with ClassGeneratedBy '/Game/StarterContent/Maps/Minimal_Default.Minimal_Default:PersistentLevel.Minimal_Default'
[2018.10.22-17.59.01:723][524]LogSlate: Updating window title bar state: overlay mode, drag disabled, window buttons hidden, title bar hidden
[2018.10.22-17.59.01:772][524]LogPlayLevel: Display: Shutting down PIE online subsystems
[2018.10.22-17.59.01:772][524]LogBlueprintUserMessages: Late EndPlayMap Detection: Level '/Game/StarterContent/Maps/Minimal_Default.Minimal_Default:PersistentLevel' has LevelScriptBlueprint '/Game/StarterContent/Maps/Minimal_Default.Minimal_Default:PersistentLevel.Minimal_Default' with GeneratedClass '/Game/StarterContent/Maps/Minimal_Default.Minimal_Default_C' with ClassGeneratedBy '/Game/StarterContent/Maps/Minimal_Default.Minimal_Default:PersistentLevel.Minimal_Default'
[2018.10.22-17.59.01:822][524]LogSlate: Updating window title bar state: overlay mode, drag disabled, window buttons hidden, title bar hidden
[2018.10.22-17.59.01:842][525]LogPlayLevel: Display: Destroying online subsystem :Context_2
[2018.10.22-17.59.04:057][772]LogSlate: FSceneViewport::OnFocusLost() reason 0
[2018.10.22-17.59.04:142][782]LogTemp: Repeating last play command: Selected Viewport
[2018.10.22-17.59.04:159][782]LogBlueprintUserMessages: Early PlayInEditor Detection: Level '/Game/StarterContent/Maps/Minimal_Default.Minimal_Default:PersistentLevel' has LevelScriptBlueprint '/Game/StarterContent/Maps/Minimal_Default.Minimal_Default:PersistentLevel.Minimal_Default' with GeneratedClass '/Game/StarterContent/Maps/Minimal_Default.Minimal_Default_C' with ClassGeneratedBy '/Game/StarterContent/Maps/Minimal_Default.Minimal_Default:PersistentLevel.Minimal_Default'
[2018.10.22-17.59.04:159][782]LogPlayLevel: PlayLevel: No blueprints needed recompiling
[2018.10.22-17.59.04:160][782]PIE: New page: PIE session: Minimal_Default (22 Oct 2018 19:59:04)
[2018.10.22-17.59.04:160][782]LogPlayLevel: Creating play world package: /Game/StarterContent/Maps/UEDPIE_0_Minimal_Default
[2018.10.22-17.59.04:163][782]LogPlayLevel: PIE: StaticDuplicateObject took: (0.003348s)
[2018.10.22-17.59.04:164][782]LogAIModule: Creating AISystem for world Minimal_Default
[2018.10.22-17.59.04:164][782]LogPlayLevel: PIE: World Init took: (0.000754s)
[2018.10.22-17.59.04:164][782]LogPlayLevel: PIE: Created PIE world by copying editor world from /Game/StarterContent/Maps/Minimal_Default.Minimal_Default to /Game/StarterContent/Maps/UEDPIE_0_Minimal_Default.Minimal_Default (0.004396s)
[2018.10.22-17.59.04:199][782]LogInit: XAudio2 using 'Realtek HD Audio 2nd output (Realtek High Definition Audio)' : 2 channels at 48 kHz using 32 bits per sample (channel mask 0x3)
[2018.10.22-17.59.04:213][782]LogInit: FAudioDevice initialized.
[2018.10.22-17.59.04:251][782]LogLoad: Game class is 'MySideyCPPGameModeBase_C'
[2018.10.22-17.59.04:256][782]LogWorld: Bringing World /Game/StarterContent/Maps/UEDPIE_0_Minimal_Default.Minimal_Default up for play (max tick rate 0) at 2018.10.22-18.59.04
[2018.10.22-17.59.04:257][782]LogWorld: Bringing up level for play took: 0.003094
[2018.10.22-17.59.04:277][782]PIE: Play in editor start time for /Game/StarterContent/Maps/UEDPIE_0_Minimal_Default 0.404
[2018.10.22-17.59.04:278][782]LogBlueprintUserMessages: Late PlayInEditor Detection: Level '/Game/StarterContent/Maps/Minimal_Default.Minimal_Default:PersistentLevel' has LevelScriptBlueprint '/Game/StarterContent/Maps/Minimal_Default.Minimal_Default:PersistentLevel.Minimal_Default' with GeneratedClass '/Game/StarterContent/Maps/Minimal_Default.Minimal_Default_C' with ClassGeneratedBy '/Game/StarterContent/Maps/Minimal_Default.Minimal_Default:PersistentLevel.Minimal_Default'
[2018.10.22-17.59.10:010][418]LogBlueprintUserMessages: [Player_C_0] I hit a wall
[2018.10.22-17.59.10:019][419]LogBlueprintUserMessages: [Player_C_0] I hit a wall
[2018.10.22-17.59.10:027][420]LogBlueprintUserMessages: [Player_C_0] I hit a wall
[2018.10.22-17.59.10:035][421]LogBlueprintUserMessages: [Player_C_0] I hit a wall
[2018.10.22-17.59.10:046][422]LogBlueprintUserMessages: [Player_C_0] I hit a wall
[2018.10.22-17.59.10:054][423]LogBlueprintUserMessages: [Player_C_0] I hit a wall
[2018.10.22-17.59.10:062][424]LogBlueprintUserMessages: [Player_C_0] I hit a wall
[2018.10.22-17.59.10:070][425]LogBlueprintUserMessages: [Player_C_0] I hit a wall
[2018.10.22-17.59.10:079][426]LogBlueprintUserMessages: [Player_C_0] I hit a wall
[2018.10.22-17.59.10:088][427]LogBlueprintUserMessages: [Player_C_0] I hit a wall
[2018.10.22-17.59.10:095][428]LogBlueprintUserMessages: [Player_C_0] I hit a wall
[2018.10.22-17.59.10:104][429]LogBlueprintUserMessages: [Player_C_0] I hit a wall
[2018.10.22-17.59.10:112][430]LogBlueprintUserMessages: [Player_C_0] I hit a wall
[2018.10.22-17.59.10:120][431]LogBlueprintUserMessages: [Player_C_0] I hit a wall
[2018.10.22-17.59.10:135][432]LogBlueprintUserMessages: [Player_C_0] I hit a wall
[2018.10.22-17.59.10:143][433]LogBlueprintUserMessages: [Player_C_0] I hit a wall
[2018.10.22-17.59.10:152][434]LogBlueprintUserMessages: [Player_C_0] I hit a wall
[2018.10.22-17.59.10:160][435]LogBlueprintUserMessages: [Player_C_0] I hit a wall
[2018.10.22-17.59.10:168][436]LogBlueprintUserMessages: [Player_C_0] I hit a wall
[2018.10.22-17.59.10:177][437]LogBlueprintUserMessages: [Player_C_0] I hit a wall
[2018.10.22-17.59.10:185][438]LogBlueprintUserMessages: [Player_C_0] I hit a wall
[2018.10.22-17.59.10:193][439]LogBlueprintUserMessages: [Player_C_0] I hit a wall
[2018.10.22-17.59.10:202][440]LogBlueprintUserMessages: [Player_C_0] I hit a wall
[2018.10.22-17.59.10:210][441]LogBlueprintUserMessages: [Player_C_0] I hit a wall
[2018.10.22-17.59.10:219][442]LogBlueprintUserMessages: [Player_C_0] I hit a wall
[2018.10.22-17.59.10:227][443]LogBlueprintUserMessages: [Player_C_0] I hit a wall
[2018.10.22-17.59.10:236][444]LogBlueprintUserMessages: [Player_C_0] I hit a wall
[2018.10.22-17.59.10:245][445]LogBlueprintUserMessages: [Player_C_0] I hit a wall
[2018.10.22-17.59.10:253][446]LogBlueprintUserMessages: [Player_C_0] I hit a wall
[2018.10.22-17.59.10:262][447]LogBlueprintUserMessages: [Player_C_0] I hit a wall
[2018.10.22-17.59.10:270][448]LogBlueprintUserMessages: [Player_C_0] I hit a wall
[2018.10.22-17.59.10:279][449]LogBlueprintUserMessages: [Player_C_0] I hit a wall
[2018.10.22-17.59.10:287][450]LogBlueprintUserMessages: [Player_C_0] I hit a wall
[2018.10.22-17.59.10:295][451]LogBlueprintUserMessages: [Player_C_0] I hit a wall
[2018.10.22-17.59.10:303][452]LogBlueprintUserMessages: [Player_C_0] I hit a wall
[2018.10.22-17.59.10:312][453]LogBlueprintUserMessages: [Player_C_0] I hit a wall
[2018.10.22-17.59.10:321][454]LogBlueprintUserMessages: [Player_C_0] I hit a wall
[2018.10.22-17.59.10:329][455]LogBlueprintUserMessages: [Player_C_0] I hit a wall
[2018.10.22-17.59.10:340][456]LogBlueprintUserMessages: [Player_C_0] I hit a wall
[2018.10.22-17.59.10:349][457]LogBlueprintUserMessages: [Player_C_0] I hit a wall
[2018.10.22-17.59.10:356][458]LogBlueprintUserMessages: [Player_C_0] I hit a wall
[2018.10.22-17.59.10:365][459]LogBlueprintUserMessages: [Player_C_0] I hit a wall
[2018.10.22-17.59.10:373][460]LogBlueprintUserMessages: [Player_C_0] I hit a wall
[2018.10.22-17.59.10:381][461]LogBlueprintUserMessages: [Player_C_0] I hit a wall
[2018.10.22-17.59.10:390][462]LogBlueprintUserMessages: [Player_C_0] I hit a wall
[2018.10.22-17.59.10:399][463]LogBlueprintUserMessages: [Player_C_0] I hit a wall
[2018.10.22-17.59.10:410][464]LogBlueprintUserMessages: [Player_C_0] I hit a wall
[2018.10.22-17.59.10:420][465]LogBlueprintUserMessages: [Player_C_0] I hit a wall
[2018.10.22-17.59.10:428][466]LogBlueprintUserMessages: [Player_C_0] I hit a wall
[2018.10.22-17.59.10:436][467]LogBlueprintUserMessages: [Player_C_0] I hit a wall
[2018.10.22-17.59.10:448][468]LogBlueprintUserMessages: [Player_C_0] I hit a wall
[2018.10.22-17.59.10:456][469]LogBlueprintUserMessages: [Player_C_0] I hit a wall
[2018.10.22-17.59.10:464][470]LogBlueprintUserMessages: [Player_C_0] I hit a wall
[2018.10.22-17.59.10:472][471]LogBlueprintUserMessages: [Player_C_0] I hit a wall
[2018.10.22-17.59.10:480][472]LogBlueprintUserMessages: [Player_C_0] I hit a wall
[2018.10.22-17.59.10:490][473]LogBlueprintUserMessages: [Player_C_0] I hit a wall
[2018.10.22-17.59.10:497][474]LogBlueprintUserMessages: [Player_C_0] I hit a wall
[2018.10.22-17.59.10:506][475]LogBlueprintUserMessages: [Player_C_0] I hit a wall
[2018.10.22-17.59.10:514][476]LogBlueprintUserMessages: [Player_C_0] I hit a wall
[2018.10.22-17.59.10:523][477]LogBlueprintUserMessages: [Player_C_0] I hit a wall
[2018.10.22-17.59.10:534][478]LogBlueprintUserMessages: [Player_C_0] I hit a wall
[2018.10.22-17.59.10:545][479]LogBlueprintUserMessages: [Player_C_0] I hit a wall
[2018.10.22-17.59.10:555][480]LogBlueprintUserMessages: [Player_C_0] I hit a wall
[2018.10.22-17.59.10:565][481]LogBlueprintUserMessages: [Player_C_0] I hit a wall
[2018.10.22-17.59.10:573][482]LogBlueprintUserMessages: [Player_C_0] I hit a wall
[2018.10.22-17.59.10:581][483]LogBlueprintUserMessages: [Player_C_0] I hit a wall
[2018.10.22-17.59.10:590][484]LogBlueprintUserMessages: [Player_C_0] I hit a wall
[2018.10.22-17.59.10:598][485]LogBlueprintUserMessages: [Player_C_0] I hit a wall
[2018.10.22-17.59.10:606][486]LogBlueprintUserMessages: [Player_C_0] I hit a wall
[2018.10.22-17.59.10:615][487]LogBlueprintUserMessages: [Player_C_0] I hit a wall
[2018.10.22-17.59.10:623][488]LogBlueprintUserMessages: [Player_C_0] I hit a wall
[2018.10.22-17.59.10:631][489]LogBlueprintUserMessages: [Player_C_0] I hit a wall
[2018.10.22-17.59.10:640][490]LogBlueprintUserMessages: [Player_C_0] I hit a wall
[2018.10.22-17.59.10:649][491]LogBlueprintUserMessages: [Player_C_0] I hit a wall
[2018.10.22-17.59.10:656][492]LogBlueprintUserMessages: [Player_C_0] I hit a wall
[2018.10.22-17.59.10:668][493]LogBlueprintUserMessages: [Player_C_0] I hit a wall
[2018.10.22-17.59.10:677][494]LogBlueprintUserMessages: [Player_C_0] I hit a wall
[2018.10.22-17.59.10:689][495]LogBlueprintUserMessages: [Player_C_0] I hit a wall
[2018.10.22-17.59.10:697][496]LogBlueprintUserMessages: [Player_C_0] I hit a wall
[2018.10.22-17.59.10:705][497]LogBlueprintUserMessages: [Player_C_0] I hit a wall
[2018.10.22-17.59.10:713][498]LogBlueprintUserMessages: [Player_C_0] I hit a wall
[2018.10.22-17.59.10:722][499]LogBlueprintUserMessages: [Player_C_0] I hit a wall
[2018.10.22-17.59.10:731][500]LogBlueprintUserMessages: [Player_C_0] I hit a wall
[2018.10.22-17.59.10:740][501]LogBlueprintUserMessages: [Player_C_0] I hit a wall
[2018.10.22-17.59.10:753][502]LogBlueprintUserMessages: [Player_C_0] I hit a wall
[2018.10.22-17.59.10:761][503]LogBlueprintUserMessages: [Player_C_0] I hit a wall
[2018.10.22-17.59.10:769][504]LogBlueprintUserMessages: [Player_C_0] I hit a wall
[2018.10.22-17.59.10:778][505]LogBlueprintUserMessages: [Player_C_0] I hit a wall
[2018.10.22-17.59.10:786][506]LogBlueprintUserMessages: [Player_C_0] I hit a wall
[2018.10.22-17.59.10:794][507]LogBlueprintUserMessages: [Player_C_0] I hit a wall
[2018.10.22-17.59.10:803][508]LogBlueprintUserMessages: [Player_C_0] I hit a wall
[2018.10.22-17.59.10:813][509]LogBlueprintUserMessages: [Player_C_0] I hit a wall
[2018.10.22-17.59.10:820][510]LogBlueprintUserMessages: [Player_C_0] I hit a wall
[2018.10.22-17.59.10:828][511]LogBlueprintUserMessages: [Player_C_0] I hit a wall
[2018.10.22-17.59.10:837][512]LogBlueprintUserMessages: [Player_C_0] I hit a wall
[2018.10.22-17.59.10:845][513]LogBlueprintUserMessages: [Player_C_0] I hit a wall
[2018.10.22-17.59.10:854][514]LogBlueprintUserMessages: [Player_C_0] I hit a wall
[2018.10.22-17.59.10:863][515]LogBlueprintUserMessages: [Player_C_0] I hit a wall
[2018.10.22-17.59.10:871][516]LogBlueprintUserMessages: [Player_C_0] I hit a wall
[2018.10.22-17.59.10:879][517]LogBlueprintUserMessages: [Player_C_0] I hit a wall
[2018.10.22-17.59.10:888][518]LogBlueprintUserMessages: [Player_C_0] I hit a wall
[2018.10.22-17.59.10:896][519]LogBlueprintUserMessages: [Player_C_0] I hit a wall
[2018.10.22-17.59.10:905][520]LogBlueprintUserMessages: [Player_C_0] I hit a wall
[2018.10.22-17.59.10:913][521]LogBlueprintUserMessages: [Player_C_0] I hit a wall
[2018.10.22-17.59.10:921][522]LogBlueprintUserMessages: [Player_C_0] I hit a wall
[2018.10.22-17.59.10:930][523]LogBlueprintUserMessages: [Player_C_0] I hit a wall
[2018.10.22-17.59.10:938][524]LogBlueprintUserMessages: [Player_C_0] I hit a wall
[2018.10.22-17.59.10:946][525]LogBlueprintUserMessages: [Player_C_0] I hit a wall
[2018.10.22-17.59.10:955][526]LogBlueprintUserMessages: [Player_C_0] I hit a wall
[2018.10.22-17.59.10:963][527]LogBlueprintUserMessages: [Player_C_0] I hit a wall
[2018.10.22-17.59.10:971][528]LogBlueprintUserMessages: [Player_C_0] I hit a wall
[2018.10.22-17.59.10:980][529]LogBlueprintUserMessages: [Player_C_0] I hit a wall
[2018.10.22-17.59.10:988][530]LogBlueprintUserMessages: [Player_C_0] I hit a wall
[2018.10.22-17.59.11:028][531]LogBlueprintUserMessages: [Player_C_0] I hit a wall
[2018.10.22-17.59.11:053][532]LogBlueprintUserMessages: [Player_C_0] I hit a wall
[2018.10.22-17.59.11:064][533]LogBlueprintUserMessages: [Player_C_0] I hit a wall
[2018.10.22-17.59.11:072][534]LogBlueprintUserMessages: [Player_C_0] I hit a wall
[2018.10.22-17.59.11:083][535]LogBlueprintUserMessages: [Player_C_0] I hit a wall
[2018.10.22-17.59.11:093][536]LogBlueprintUserMessages: [Player_C_0] I hit a wall
[2018.10.22-17.59.11:102][537]LogBlueprintUserMessages: [Player_C_0] I hit a wall
[2018.10.22-17.59.11:113][538]LogBlueprintUserMessages: [Player_C_0] I hit a wall
[2018.10.22-17.59.11:121][539]LogBlueprintUserMessages: [Player_C_0] I hit a wall
[2018.10.22-17.59.11:129][540]LogBlueprintUserMessages: [Player_C_0] I hit a wall
[2018.10.22-17.59.11:138][541]LogBlueprintUserMessages: [Player_C_0] I hit a wall
[2018.10.22-17.59.11:149][542]LogBlueprintUserMessages: [Player_C_0] I hit a wall
[2018.10.22-17.59.11:159][543]LogBlueprintUserMessages: [Player_C_0] I hit a wall
[2018.10.22-17.59.11:167][544]LogBlueprintUserMessages: [Player_C_0] I hit a wall
[2018.10.22-17.59.11:175][545]LogBlueprintUserMessages: [Player_C_0] I hit a wall
[2018.10.22-17.59.11:183][546]LogBlueprintUserMessages: [Player_C_0] I hit a wall
[2018.10.22-17.59.11:192][547]LogBlueprintUserMessages: [Player_C_0] I hit a wall
[2018.10.22-17.59.11:200][548]LogBlueprintUserMessages: [Player_C_0] I hit a wall
[2018.10.22-17.59.11:208][549]LogBlueprintUserMessages: [Player_C_0] I hit a wall
[2018.10.22-17.59.11:217][550]LogBlueprintUserMessages: [Player_C_0] I hit a wall
[2018.10.22-17.59.11:226][551]LogBlueprintUserMessages: [Player_C_0] I hit a wall
[2018.10.22-17.59.11:233][552]LogBlueprintUserMessages: [Player_C_0] I hit a wall
[2018.10.22-17.59.11:242][553]LogBlueprintUserMessages: [Player_C_0] I hit a wall
[2018.10.22-17.59.11:250][554]LogBlueprintUserMessages: [Player_C_0] I hit a wall
[2018.10.22-17.59.11:258][555]LogBlueprintUserMessages: [Player_C_0] I hit a wall
[2018.10.22-17.59.11:269][556]LogBlueprintUserMessages: [Player_C_0] I hit a wall
[2018.10.22-17.59.11:279][557]LogBlueprintUserMessages: [Player_C_0] I hit a wall
[2018.10.22-17.59.11:288][558]LogBlueprintUserMessages: [Player_C_0] I hit a wall
[2018.10.22-17.59.11:299][559]LogBlueprintUserMessages: [Player_C_0] I hit a wall
[2018.10.22-17.59.11:307][560]LogBlueprintUserMessages: [Player_C_0] I hit a wall
[2018.10.22-17.59.11:309][560]LogBlueprintUserMessages: Early EndPlayMap Detection: Level '/Game/StarterContent/Maps/Minimal_Default.Minimal_Default:PersistentLevel' has LevelScriptBlueprint '/Game/StarterContent/Maps/Minimal_Default.Minimal_Default:PersistentLevel.Minimal_Default' with GeneratedClass '/Game/StarterContent/Maps/Minimal_Default.Minimal_Default_C' with ClassGeneratedBy '/Game/StarterContent/Maps/Minimal_Default.Minimal_Default:PersistentLevel.Minimal_Default'
[2018.10.22-17.59.11:309][560]LogSlate: Updating window title bar state: overlay mode, drag disabled, window buttons hidden, title bar hidden
[2018.10.22-17.59.11:359][560]LogPlayLevel: Display: Shutting down PIE online subsystems
[2018.10.22-17.59.11:360][560]LogBlueprintUserMessages: Late EndPlayMap Detection: Level '/Game/StarterContent/Maps/Minimal_Default.Minimal_Default:PersistentLevel' has LevelScriptBlueprint '/Game/StarterContent/Maps/Minimal_Default.Minimal_Default:PersistentLevel.Minimal_Default' with GeneratedClass '/Game/StarterContent/Maps/Minimal_Default.Minimal_Default_C' with ClassGeneratedBy '/Game/StarterContent/Maps/Minimal_Default.Minimal_Default:PersistentLevel.Minimal_Default'
[2018.10.22-17.59.11:399][560]LogSlate: Updating window title bar state: overlay mode, drag disabled, window buttons hidden, title bar hidden
[2018.10.22-17.59.11:415][561]LogPlayLevel: Display: Destroying online subsystem :Context_4
[2018.10.22-17.59.12:426][670]LogSlate: Took 0.000216 seconds to synchronously load lazily loaded font '../../../Engine/Content/Slate/Fonts/Roboto-Light.ttf' (167K)
[2018.10.22-17.59.12:433][670]LogSlate: FSceneViewport::OnFocusLost() reason 2
[2018.10.22-17.59.12:593][670]LogSavePackage: Moving '../../../../../../Users/w017177h/Documents/GitHub/SpideyCPP/SideyCPP/Saved/Minimal_DefaultE1E8299E4765C7E52992AF8A62584270.tmp' to '../../../../../../Users/w017177h/Documents/GitHub/SpideyCPP/SideyCPP/Content/StarterContent/Maps/Minimal_Default.umap'
[2018.10.22-17.59.12:699][670]LogSavePackage: Moving '../../../../../../Users/w017177h/Documents/GitHub/SpideyCPP/SideyCPP/Saved/Minimal_Default_BuiltData5357396040B97300ABC7968A35AA77B0.tmp' to '../../../../../../Users/w017177h/Documents/GitHub/SpideyCPP/SideyCPP/Content/StarterContent/Maps/Minimal_Default_BuiltData.uasset'
