Log file open, 10/22/18 19:53:58
LogWindows: Failed to load 'aqProf.dll' (GetLastError=126)
LogWindows: File 'aqProf.dll' does not exist
LogWindows: Failed to load 'VSPerf140.dll' (GetLastError=126)
LogWindows: File 'VSPerf140.dll' does not exist
LogWindows: Failed to load 'VtuneApi.dll' (GetLastError=126)
LogWindows: File 'VtuneApi.dll' does not exist
LogWindows: Failed to load 'VtuneApi32e.dll' (GetLastError=126)
LogWindows: File 'VtuneApi32e.dll' does not exist
LogInit: Display: Running engine for game: SideyCPP
LogPlatformFile: Not using cached read wrapper
LogTaskGraph: Started task graph with 5 named threads and 23 total threads with 3 sets of task threads.
LogStats: Stats thread started at 0.393146
LogD3D11RHI: Loaded GFSDK_Aftermath_Lib.x64.dll
LogICUInternationalization: Display: ICU TimeZone Detection - Raw Offset: +0:00, Platform Override: ''
LogPluginManager: Mounting plugin Paper2D
LogPluginManager: Mounting plugin AISupport
LogPluginManager: Mounting plugin LightPropagationVolume
LogPluginManager: Mounting plugin CLionSourceCodeAccess
LogPluginManager: Mounting plugin CodeLiteSourceCodeAccess
LogPluginManager: Mounting plugin GitSourceControl
LogPluginManager: Mounting plugin KDevelopSourceCodeAccess
LogPluginManager: Mounting plugin NullSourceCodeAccess
LogPluginManager: Mounting plugin PerforceSourceControl
LogPluginManager: Mounting plugin SubversionSourceControl
LogPluginManager: Mounting plugin UObjectPlugin
LogPluginManager: Mounting plugin VisualStudioCodeSourceCodeAccess
LogPluginManager: Mounting plugin VisualStudioSourceCodeAccess
LogPluginManager: Mounting plugin XCodeSourceCodeAccess
LogPluginManager: Mounting plugin AssetManagerEditor
LogPluginManager: Mounting plugin CryptoKeys
LogPluginManager: Mounting plugin DataValidation
LogPluginManager: Mounting plugin FacialAnimation
LogPluginManager: Mounting plugin GameplayTagsEditor
LogPluginManager: Mounting plugin MacGraphicsSwitching
LogPluginManager: Mounting plugin MeshEditor
LogPluginManager: Mounting plugin MobileLauncherProfileWizard
LogPluginManager: Mounting plugin PluginBrowser
LogPluginManager: Mounting plugin SpeedTreeImporter
LogPluginManager: Mounting plugin DatasmithContent
LogPluginManager: Mounting plugin AlembicImporter
LogPluginManager: Mounting plugin AppleImageUtils
LogPluginManager: Mounting plugin AppleVision
LogPluginManager: Mounting plugin BackChannel
LogPluginManager: Mounting plugin CharacterAI
LogPluginManager: Mounting plugin GeometryCache
LogPluginManager: Mounting plugin HTML5Networking
LogPluginManager: Mounting plugin ProxyLODPlugin
LogPluginManager: Mounting plugin MagicLeap
LogPluginManager: Mounting plugin MagicLeapEmulator
LogPluginManager: Mounting plugin MagicLeapMedia
LogPluginManager: Mounting plugin AndroidMedia
LogPluginManager: Mounting plugin AvfMedia
LogPluginManager: Mounting plugin ImgMedia
LogPluginManager: Mounting plugin LinearTimecode
LogPluginManager: Mounting plugin MediaCompositing
LogPluginManager: Mounting plugin MediaPlayerEditor
LogPluginManager: Mounting plugin WmfMedia
LogPluginManager: Mounting plugin TcpMessaging
LogPluginManager: Mounting plugin UdpMessaging
LogPluginManager: Mounting plugin ActorSequence
LogPluginManager: Mounting plugin LevelSequenceEditor
LogPluginManager: Mounting plugin MatineeToLevelSequence
LogPluginManager: Mounting plugin NetcodeUnitTest
LogPluginManager: Mounting plugin NUTUnrealEngine4
LogPluginManager: Mounting plugin OnlineSubsystemGooglePlay
LogPluginManager: Mounting plugin OnlineSubsystemIOS
LogPluginManager: Mounting plugin OnlineSubsystem
LogPluginManager: Mounting plugin OnlineSubsystemNull
LogPluginManager: Mounting plugin OnlineSubsystemUtils
LogPluginManager: Mounting plugin LauncherChunkInstaller
LogPluginManager: Mounting plugin AndroidDeviceProfileSelector
LogPluginManager: Mounting plugin AndroidMoviePlayer
LogPluginManager: Mounting plugin AndroidPermission
LogPluginManager: Mounting plugin AppleMoviePlayer
LogPluginManager: Mounting plugin ArchVisCharacter
LogPluginManager: Mounting plugin AudioCapture
LogPluginManager: Mounting plugin CableComponent
LogPluginManager: Mounting plugin CustomMeshComponent
LogPluginManager: Mounting plugin EditableMesh
LogPluginManager: Mounting plugin ExampleDeviceProfileSelector
LogPluginManager: Mounting plugin GoogleCloudMessaging
LogPluginManager: Mounting plugin ImmediatePhysics
LogPluginManager: Mounting plugin IOSDeviceProfileSelector
LogPluginManager: Mounting plugin LinuxDeviceProfileSelector
LogPluginManager: Mounting plugin LocationServicesBPLibrary
LogPluginManager: Mounting plugin MobilePatchingUtils
LogPluginManager: Mounting plugin OculusVR
LogPluginManager: Plugin shader directory ../../../Engine/Plugins/Runtime/Oculus/OculusVR/Shaders found
LogPluginManager: Mapping shader source directory ../../../Engine/Plugins/Runtime/Oculus/OculusVR/Shaders to virtual directory /Plugin/OculusVR
LogPluginManager: Mounting plugin PhysXVehicles
LogPluginManager: Mounting plugin ProceduralMeshComponent
LogPluginManager: Mounting plugin RuntimePhysXCooking
LogPluginManager: Mounting plugin SteamVR
LogPluginManager: Mounting plugin WindowsMoviePlayer
LogStreaming: Display: Took  0.182s to configure plugins.
LogInit: Using libcurl 7.55.1-DEV
LogInit:  - built for x86_64-pc-win32
LogInit:  - supports SSL with OpenSSL/1.0.2h
LogInit:  - supports HTTP deflate (compression) using libz 1.2.8
LogInit:  - other features:
LogInit:      CURL_VERSION_SSL
LogInit:      CURL_VERSION_LIBZ
LogInit:      CURL_VERSION_IPV6
LogInit:      CURL_VERSION_ASYNCHDNS
LogInit:      CURL_VERSION_LARGEFILE
LogInit:      CURL_VERSION_IDN
LogInit:  CurlRequestOptions (configurable via config and command line):
LogInit:  - bVerifyPeer = false  - Libcurl will NOT verify peer certificate
LogInit:  - bUseHttpProxy = false  - Libcurl will NOT use HTTP proxy
LogInit:  - bDontReuseConnections = false  - Libcurl will reuse connections
LogInit:  - CertBundlePath = nullptr  - Libcurl will use whatever was configured at build time.
LogInit:  - MaxHostConnections = 16  - Libcurl will limit the number of connections to a host
LogInit:  - LocalHostAddr = Default
LogInit:  - BufferSize = 65536
LogInit: WinSock: version 1.1 (2.2), MaxSocks=32767, MaxUdp=65467
LogInit: Build: ++UE4+Release-4.20-CL-4369336
LogInit: Engine Version: 4.20.3-4369336+++UE4+Release-4.20
LogInit: Compatible Engine Version: 4.20.0-4212847+++UE4+Release-4.20
LogInit: Net CL: 4212847
LogInit: OS: Windows 10 (), CPU: Intel(R) Xeon(R) W-2123 CPU @ 3.60GHz, GPU: NVIDIA GeForce GTX 1070
LogInit: Compiled (64-bit): Sep 17 2018 12:26:19
LogInit: Compiled with Visual C++: 19.13.26129.00
LogInit: Build Configuration: Development
LogInit: Branch Name: ++UE4+Release-4.20
LogInit: Command Line:  -skipcompile
LogInit: Base Directory: C:/Epic/UE4/UE_4.20/Engine/Binaries/Win64/
LogInit: Installed Engine Build: 1
LogDevObjectVersion: Number of dev versions registered: 20
LogDevObjectVersion:   Dev-Blueprints (B0D832E4-1F89-4F0D-ACCF-7EB736FD4AA2): 10
LogDevObjectVersion:   Dev-Build (E1C64328-A22C-4D53-A36C-8E866417BD8C): 0
LogDevObjectVersion:   Dev-Core (375EC13C-06E4-48FB-B500-84F0262A717E): 2
LogDevObjectVersion:   Dev-Editor (E4B068ED-F494-42E9-A231-DA0B2E46BB41): 24
LogDevObjectVersion:   Dev-Framework (CFFC743F-43B0-4480-9391-14DF171D2073): 34
LogDevObjectVersion:   Dev-Mobile (B02B49B5-BB20-44E9-A304-32B752E40360): 2
LogDevObjectVersion:   Dev-Networking (A4E4105C-59A1-49B5-A7C5-40C4547EDFEE): 0
LogDevObjectVersion:   Dev-Online (39C831C9-5AE6-47DC-9A44-9C173E1C8E7C): 0
LogDevObjectVersion:   Dev-Physics (78F01B33-EBEA-4F98-B9B4-84EACCB95AA2): 0
LogDevObjectVersion:   Dev-Platform (6631380F-2D4D-43E0-8009-CF276956A95A): 0
LogDevObjectVersion:   Dev-Rendering (12F88B9F-8875-4AFC-A67C-D90C383ABD29): 26
LogDevObjectVersion:   Dev-Sequencer (7B5AE74C-D270-4C10-A958-57980B212A5A): 9
LogDevObjectVersion:   Dev-VR (D7296918-1DD6-4BDD-9DE2-64A83CC13884): 2
LogDevObjectVersion:   Dev-LoadTimes (C2A15278-BFE7-4AFE-6C17-90FF531DF755): 1
LogDevObjectVersion:   Private-Geometry (6EACA3D4-40EC-4CC1-B786-8BED09428FC5): 3
LogDevObjectVersion:   Dev-AnimPhys (29E575DD-E0A3-4627-9D10-D276232CDCEA): 17
LogDevObjectVersion:   Dev-ReflectionCapture (6B266CEC-1EC7-4B8F-A30B-E4D90942FC07): 1
LogDevObjectVersion:   Dev-Automation (0DF73D61-A23F-47EA-B727-89E90C41499A): 1
LogDevObjectVersion:   FortniteMain (601D1886-AC64-4F84-AA16-D3DE0DEAC7D6): 12
LogDevObjectVersion:   Dev-Enterprise (9DFFBCD6-494F-0158-E221-12823C92A888): 1
LogStreaming: Display: Took  0.003s to delete old logs.
LogInit: Presizing for max 8388607 objects, including 0 objects not considered by GC, pre-allocating 0 bytes for permanent pool.
LogInit: Object subsystem initialized
[2018.10.22-18.53.59:149][  0]LogInit: Selected Device Profile: [Windows]
[2018.10.22-18.53.59:149][  0]LogInit: Applying CVar settings loaded from the selected device profile: [Windows]
[2018.10.22-18.53.59:164][  0]LogHAL: Display: Platform has ~ 32 GB [34065870848 / 34359738368 / 32], which maps to Largest [LargestMinGB=32, LargerMinGB=12, DefaultMinGB=8, SmallerMinGB=6, SmallestMinGB=0)
[2018.10.22-18.53.59:164][  0]LogInit: Setting Device Profile CVar: [[r.Vulkan.UseRealUBs:1]]
[2018.10.22-18.53.59:164][  0]LogInit: Going up to parent DeviceProfile []
[2018.10.22-18.53.59:164][  0]LogInit: Computer: A007-27
[2018.10.22-18.53.59:164][  0]LogInit: User: w017177h
[2018.10.22-18.53.59:165][  0]LogInit: CPU Page size=4096, Cores=4
[2018.10.22-18.53.59:165][  0]LogInit: High frequency timer resolution =3.515623 MHz
[2018.10.22-18.53.59:165][  0]LogMemory: Memory total: Physical=31.7GB (32GB approx)
[2018.10.22-18.53.59:165][  0]LogMemory: Platform Memory Stats for Windows
[2018.10.22-18.53.59:165][  0]LogMemory: Process Physical Memory: 100.94 MB used, 100.94 MB peak
[2018.10.22-18.53.59:165][  0]LogMemory: Process Virtual Memory: 91.09 MB used, 91.09 MB peak
[2018.10.22-18.53.59:165][  0]LogMemory: Physical Memory: 9037.42 MB used,  23450.33 MB free, 32487.75 MB total
[2018.10.22-18.53.59:165][  0]LogMemory: Virtual Memory: 4640.09 MB used,  23450.33 MB free, 134217728.00 MB total
[2018.10.22-18.53.59:347][  0]LogInit: Using OS detected language (en-US).
[2018.10.22-18.53.59:347][  0]LogInit: Using OS detected locale (en-GB).
[2018.10.22-18.53.59:348][  0]LogTextLocalizationManager: No specific localization for 'en-US' exists, so the 'en' localization will be used.
[2018.10.22-18.53.59:747][  0]LogStreaming: Display: Took  0.400s to InitEngineTextLocalization.
[2018.10.22-18.53.59:748][  0]LogInit: Setting process to per monitor DPI aware
[2018.10.22-18.53.59:814][  0]LogSlate: New Slate User Created.  User Index 0, Is Virtual User: 0
[2018.10.22-18.53.59:814][  0]LogSlate: Slate User Registered.  User Index 0, Is Virtual User: 0
[2018.10.22-18.54.00:057][  0]LogHMD: Failed to initialize OpenVR with code 110
[2018.10.22-18.54.00:057][  0]LogD3D11RHI: D3D11 adapters:
[2018.10.22-18.54.00:146][  0]LogD3D11RHI:    0. 'NVIDIA GeForce GTX 1070' (Feature Level 11_0)
[2018.10.22-18.54.00:146][  0]LogD3D11RHI:       8088/0/16243 MB DedicatedVideo/DedicatedSystem/SharedSystem, Outputs:2, VendorId:0x10de
[2018.10.22-18.54.00:151][  0]LogD3D11RHI:    1. 'Microsoft Basic Render Driver' (Feature Level 11_0)
[2018.10.22-18.54.00:151][  0]LogD3D11RHI:       0/0/16243 MB DedicatedVideo/DedicatedSystem/SharedSystem, Outputs:0, VendorId:0x1414
[2018.10.22-18.54.00:151][  0]LogD3D11RHI: Chosen D3D11 Adapter: 0
[2018.10.22-18.54.00:158][  0]LogD3D11RHI: Creating new Direct3DDevice
[2018.10.22-18.54.00:158][  0]LogD3D11RHI:     GPU DeviceId: 0x1b81 (for the marketing name, search the web for "GPU Device Id")
[2018.10.22-18.54.00:158][  0]LogWindows: EnumDisplayDevices:
[2018.10.22-18.54.00:158][  0]LogWindows:    0. 'NVIDIA GeForce GTX 1070' (P:0 D:1)
[2018.10.22-18.54.00:159][  0]LogWindows:    1. 'NVIDIA GeForce GTX 1070' (P:1 D:1)
[2018.10.22-18.54.00:159][  0]LogWindows:    2. 'NVIDIA GeForce GTX 1070' (P:0 D:0)
[2018.10.22-18.54.00:159][  0]LogWindows:    3. 'NVIDIA GeForce GTX 1070' (P:0 D:0)
[2018.10.22-18.54.00:160][  0]LogWindows: DebugString: FoundDriverCount:4 
[2018.10.22-18.54.00:160][  0]LogD3D11RHI:     Adapter Name: NVIDIA GeForce GTX 1070
[2018.10.22-18.54.00:160][  0]LogD3D11RHI:   Driver Version: 399.24 (internal:24.21.13.9924, unified:399.24)
[2018.10.22-18.54.00:160][  0]LogD3D11RHI:      Driver Date: 9-5-2018
[2018.10.22-18.54.00:160][  0]LogRHI: Texture pool is 5661 MB (70% of 8088 MB)
[2018.10.22-18.54.00:203][  0]LogD3D11RHI: Async texture creation enabled
[2018.10.22-18.54.00:219][  0]LogD3D11RHI: GPU Timing Frequency: 1000.000000 (Debug: 2 2)
[2018.10.22-18.54.00:221][  0]LogShaderCompilers: Guid format shader working directory is -20 characters bigger than the processId version (../../../../../../Users/w017177h/Documents/GitHub/SpideyCPP/SideyCPP/Intermediate/Shaders/WorkingDirectory/14952/).
[2018.10.22-18.54.00:221][  0]LogShaderCompilers: Cleaned the shader compiler working directory 'C:/Users/w017177h/AppData/Local/Temp/UnrealShaderWorkingDir/F14BA3CB468092CA9F24EDB508CF0DEC/'.
[2018.10.22-18.54.00:545][  0]LogTemp: Display: Loaded TP AllDesktopTargetPlatform
[2018.10.22-18.54.00:564][  0]LogTemp: Display: Loaded TP MacClientTargetPlatform
[2018.10.22-18.54.00:581][  0]LogTemp: Display: Loaded TP MacNoEditorTargetPlatform
[2018.10.22-18.54.00:597][  0]LogTemp: Display: Loaded TP MacServerTargetPlatform
[2018.10.22-18.54.00:615][  0]LogTemp: Display: Loaded TP MacTargetPlatform
[2018.10.22-18.54.00:634][  0]LogTemp: Display: Loaded TP WindowsClientTargetPlatform
[2018.10.22-18.54.00:651][  0]LogTemp: Display: Loaded TP WindowsNoEditorTargetPlatform
[2018.10.22-18.54.00:668][  0]LogTemp: Display: Loaded TP WindowsServerTargetPlatform
[2018.10.22-18.54.00:679][  0]LogTemp: Display: Loaded TP WindowsTargetPlatform
[2018.10.22-18.54.00:765][  0]LogTemp: Display: Loaded TP AndroidTargetPlatform
[2018.10.22-18.54.00:766][  0]LogTemp: Display: Loaded TP AndroidTargetPlatform
[2018.10.22-18.54.00:766][  0]LogTemp: Display: Loaded TP AndroidTargetPlatform
[2018.10.22-18.54.00:766][  0]LogTemp: Display: Loaded TP AndroidTargetPlatform
[2018.10.22-18.54.00:766][  0]LogTemp: Display: Loaded TP AndroidTargetPlatform
[2018.10.22-18.54.00:766][  0]LogTemp: Display: Loaded TP AndroidTargetPlatform
[2018.10.22-18.54.00:766][  0]LogTemp: Display: Loaded TP AndroidTargetPlatform
[2018.10.22-18.54.00:766][  0]LogTemp: Display: Loaded TP AndroidTargetPlatform
[2018.10.22-18.54.00:766][  0]LogTemp: Display: Loaded TP AndroidTargetPlatform
[2018.10.22-18.54.00:766][  0]LogTemp: Display: Loaded TP AndroidTargetPlatform
[2018.10.22-18.54.00:767][  0]LogTemp: Display: Loaded TP AndroidTargetPlatform
[2018.10.22-18.54.00:767][  0]LogTemp: Display: Loaded TP AndroidTargetPlatform
[2018.10.22-18.54.00:767][  0]LogTemp: Display: Loaded TP AndroidTargetPlatform
[2018.10.22-18.54.00:767][  0]LogTemp: Display: Loaded TP AndroidTargetPlatform
[2018.10.22-18.54.00:767][  0]LogTemp: Display: Loaded TP AndroidTargetPlatform
[2018.10.22-18.54.00:767][  0]LogTemp: Display: Loaded TP AndroidTargetPlatform
[2018.10.22-18.54.00:767][  0]LogTemp: Display: Loaded TP AndroidTargetPlatform
[2018.10.22-18.54.00:767][  0]LogTemp: Display: Loaded TP AndroidTargetPlatform
[2018.10.22-18.54.00:773][  0]LogTemp: Display: Loaded TP HTML5TargetPlatform
[2018.10.22-18.54.00:849][  0]LogTemp: Display: Loaded TP IOSTargetPlatform
[2018.10.22-18.54.00:849][  0]LogTemp: Display: Loaded TP IOSTargetPlatform
[2018.10.22-18.54.00:877][  0]LogTemp: Display: Loaded TP TVOSTargetPlatform
[2018.10.22-18.54.00:877][  0]LogTemp: Display: Loaded TP TVOSTargetPlatform
[2018.10.22-18.54.00:892][  0]LogTemp: Display: Loaded TP LinuxClientTargetPlatform
[2018.10.22-18.54.00:909][  0]LogTemp: Display: Loaded TP LinuxNoEditorTargetPlatform
[2018.10.22-18.54.00:926][  0]LogTemp: Display: Loaded TP LinuxServerTargetPlatform
[2018.10.22-18.54.00:944][  0]LogTemp: Display: Loaded TP LinuxTargetPlatform
[2018.10.22-18.54.00:956][  0]LogTemp: Display: Loaded TP LuminTargetPlatform
[2018.10.22-18.54.00:956][  0]LogTargetPlatformManager: Display: Building Assets For Windows
[2018.10.22-18.54.01:133][  0]LogXGEController: Cleaning working directory: C:/Users/w017177h/AppData/Local/Temp/UnrealXGEWorkingDir/
[2018.10.22-18.54.01:134][  0]LogXGEController: Cannot use XGE Controller as Incredibuild is not installed on this machine.
[2018.10.22-18.54.01:134][  0]LogShaderCompilers: Cannot use XGE Shader Compiler as Incredibuild is not installed on this machine.
[2018.10.22-18.54.01:134][  0]LogShaderCompilers: Display: Using Local Shader Compiler.
[2018.10.22-18.54.02:082][  0]LogDerivedDataCache: Display: Max Cache Size: 512 MB
[2018.10.22-18.54.02:148][  0]LogDerivedDataCache: Loaded boot cache 0.06s 71MB C:/Users/w017177h/AppData/Local/UnrealEngine/4.20/DerivedDataCache/Boot.ddc.
[2018.10.22-18.54.02:149][  0]LogDerivedDataCache: Display: Loaded Boot cache: C:/Users/w017177h/AppData/Local/UnrealEngine/4.20/DerivedDataCache/Boot.ddc
[2018.10.22-18.54.02:149][  0]LogDerivedDataCache: FDerivedDataBackendGraph:  Pak pak cache file ../../../../../../Users/w017177h/Documents/GitHub/SpideyCPP/SideyCPP/DerivedDataCache/DDC.ddp not found, will not use a pak cache.
[2018.10.22-18.54.02:149][  0]LogDerivedDataCache: Unable to find inner node Pak for hierarchical cache Hierarchy.
[2018.10.22-18.54.02:149][  0]LogDerivedDataCache: FDerivedDataBackendGraph:  CompressedPak pak cache file ../../../../../../Users/w017177h/Documents/GitHub/SpideyCPP/SideyCPP/DerivedDataCache/Compressed.ddp not found, will not use a pak cache.
[2018.10.22-18.54.02:150][  0]LogDerivedDataCache: Unable to find inner node CompressedPak for hierarchical cache Hierarchy.
[2018.10.22-18.54.02:165][  0]LogDerivedDataCache: Display: Pak cache opened for reading ../../../Engine/DerivedDataCache/Compressed.ddp.
[2018.10.22-18.54.02:188][  0]LogDerivedDataCache: Using Local data cache path C:/Users/w017177h/AppData/Local/UnrealEngine/Common/DerivedDataCache: Writable
[2018.10.22-18.54.02:188][  0]LogDerivedDataCache: Shared data cache path not found in *engine.ini, will not use an Shared cache.
[2018.10.22-18.54.02:188][  0]LogDerivedDataCache: Unable to find inner node Shared for hierarchical cache Hierarchy.
[2018.10.22-18.54.02:215][  0]LogMaterial: Verifying Global Shaders for PCD3D_SM5
[2018.10.22-18.54.02:217][  0]LogSlate: Using FreeType 2.6.0
[2018.10.22-18.54.02:218][  0]LogSlate: SlateFontServices - WITH_FREETYPE: 1, WITH_HARFBUZZ: 1
[2018.10.22-18.54.02:310][  0]LogAssetRegistry: FAssetRegistry took 0.0299 seconds to start up
[2018.10.22-18.54.02:697][  0]LogInit: Selected Device Profile: [Windows]
[2018.10.22-18.54.02:867][  0]LogSimplygon: Simplygon DLL not present - disabling.
[2018.10.22-18.54.02:876][  0]LogMeshReduction: Using SimplygonSwarm for distributed automatic mesh merging
[2018.10.22-18.54.02:877][  0]LogMeshReduction: Using ProxyLODMeshReduction for automatic mesh merging
[2018.10.22-18.54.02:877][  0]LogMeshReduction: Using QuadricMeshReduction for automatic static mesh reduction
[2018.10.22-18.54.02:877][  0]LogMeshReduction: No automatic skeletal mesh reduction module available
[2018.10.22-18.54.02:895][  0]LogNetVersion: SideyCPP 1.0.0, NetCL: 4212847, EngineNetVer: 5, GameNetVer: 0 (Checksum: 583984258)
[2018.10.22-18.54.03:512][  0]LogPackageLocalizationCache: Processed 11 localized package path(s) for 2 prioritized culture(s) in 0.131783 seconds
[2018.10.22-18.54.03:520][  0]LogUObjectArray: 38425 objects as part of root set at end of initial load.
[2018.10.22-18.54.03:521][  0]LogUObjectAllocator: 6690872 out of 0 bytes used by permanent object pool.
[2018.10.22-18.54.03:521][  0]LogUObjectArray: CloseDisregardForGC: 0/0 objects in disregard for GC pool
[2018.10.22-18.54.04:538][  0]LogTcpMessaging: Initializing TcpMessaging bridge
[2018.10.22-18.54.04:567][  0]LogUdpMessaging: Initializing bridge on interface 0.0.0.0:0 to multicast group 230.0.0.1:6666.
[2018.10.22-18.54.04:799][  0]SourceControl: Source control is disabled
[2018.10.22-18.54.04:799][  0]SourceControl: Source control is disabled
[2018.10.22-18.54.04:803][  0]SourceControl: Source control is disabled
[2018.10.22-18.54.04:806][  0]SourceControl: Source control is disabled
[2018.10.22-18.54.05:103][  0]LogAndroidPermission: UAndroidPermissionCallbackProxy::GetInstance
[2018.10.22-18.54.05:207][  0]LogOcInput: OculusInput pre-init called
[2018.10.22-18.54.05:280][  0]LogEngine: Initializing Engine...
[2018.10.22-18.54.05:281][  0]LogHMD: Failed to initialize OpenVR with code 110
[2018.10.22-18.54.05:282][  0]LogStats: UGameplayTagsManager::ConstructGameplayTagTree: ImportINI prefixes -  0.000 s
[2018.10.22-18.54.05:282][  0]LogStats: UGameplayTagsManager::ConstructGameplayTagTree: Construct from data asset -  0.000 s
[2018.10.22-18.54.05:282][  0]LogStats: UGameplayTagsManager::ConstructGameplayTagTree: ImportINI -  0.000 s
[2018.10.22-18.54.05:282][  0]LogStats: UGameplayTagsManager::ConstructGameplayTagTree: GameplayTagTreeChangedEvent.Broadcast -  0.000 s
[2018.10.22-18.54.05:495][  0]LogInit: Initializing FReadOnlyCVARCache
[2018.10.22-18.54.05:515][  0]LogAIModule: Creating AISystem for world Untitled
[2018.10.22-18.54.05:582][  0]LogInit: XAudio2 using 'Realtek HD Audio 2nd output (Realtek High Definition Audio)' : 2 channels at 48 kHz using 32 bits per sample (channel mask 0x3)
[2018.10.22-18.54.05:658][  0]LogInit: FAudioDevice initialized.
[2018.10.22-18.54.05:658][  0]LogNetVersion: Set ProjectVersion to 1.0.0.0. Version Checksum will be recalculated on next use.
[2018.10.22-18.54.05:707][  0]LogDerivedDataCache: Saved boot cache 0.05s 71MB C:/Users/w017177h/AppData/Local/UnrealEngine/4.20/DerivedDataCache/Boot.ddc.
[2018.10.22-18.54.05:716][  0]LogInit: Texture streaming: Enabled
[2018.10.22-18.54.05:753][  0]LogEngineSessionManager: EngineSessionManager initialized
[2018.10.22-18.54.05:753][  0]LogEngineSessionManager: EngineSessionManager sent abnormal shutdown report. Type=Debugger, SessionId={51F5E423-4D5A-8EEF-B764-029A018B0A2B}
[2018.10.22-18.54.05:753][  0]LogEngineSessionManager: EngineSessionManager sent abnormal shutdown report. Type=Debugger, SessionId={0B953563-49E2-6D15-4175-62ADCA64BFE6}
[2018.10.22-18.54.05:753][  0]LogEngineSessionManager: EngineSessionManager sent abnormal shutdown report. Type=Debugger, SessionId={04B430AB-4757-EC30-3407-13BEB46A5532}
[2018.10.22-18.54.05:766][  0]LogInit: Transaction tracking system initialized
[2018.10.22-18.54.05:807][  0]BlueprintLog: New page: Editor Load
[2018.10.22-18.54.05:968][  0]LocalizationService: Localization service is disabled
[2018.10.22-18.54.06:313][  0]LogCook: Display: Max memory allowance for cook 16384mb min free memory 0mb
[2018.10.22-18.54.06:313][  0]LogCook: Display: Mobile HDR setting 1
[2018.10.22-18.54.06:314][  0]LogGameplayTags: Display: UGameplayTagsManager::DoneAddingNativeTags. DelegateIsBound: 0
[2018.10.22-18.54.06:314][  0]LogStats: UGameplayTagsManager::ConstructGameplayTagTree: ImportINI prefixes -  0.000 s
[2018.10.22-18.54.06:314][  0]LogStats: UGameplayTagsManager::ConstructGameplayTagTree: Construct from data asset -  0.000 s
[2018.10.22-18.54.06:314][  0]LogStats: UGameplayTagsManager::ConstructGameplayTagTree: ImportINI -  0.000 s
[2018.10.22-18.54.06:314][  0]LogStats: UGameplayTagsManager::ConstructGameplayTagTree: GameplayTagTreeChangedEvent.Broadcast -  0.000 s
[2018.10.22-18.54.06:374][  0]LogFileCache: Scanning file cache for directory 'C:/Users/w017177h/Documents/GitHub/SpideyCPP/SideyCPP/Content/' took 0.02s
[2018.10.22-18.54.06:525][  0]SourceControl: Source control is disabled
[2018.10.22-18.54.06:525][  0]Cmd: MAP LOAD FILE="../../../../../../Users/w017177h/Documents/GitHub/SpideyCPP/SideyCPP/Content/StarterContent/Maps/Minimal_Default.umap" TEMPLATE=0 SHOWPROGRESS=1 FEATURELEVEL=3
[2018.10.22-18.54.06:526][  0]LightingResults: New page: Lighting Build
[2018.10.22-18.54.06:530][  0]MapCheck: New page: Map Check
[2018.10.22-18.54.06:530][  0]LightingResults: New page: Lighting Build
[2018.10.22-18.54.06:822][  0]LogAIModule: Creating AISystem for world Minimal_Default
[2018.10.22-18.54.06:830][  0]LogEditorServer: Finished looking for orphan Actors (0.000 secs)
[2018.10.22-18.54.06:866][  0]Cmd: MAP CHECKDEP NOCLEARLOG
[2018.10.22-18.54.06:988][  0]MapCheck: Map check complete: 0 Error(s), 0 Warning(s), took 122.151ms to complete.
[2018.10.22-18.54.06:988][  0]LogFileHelpers: Loading map 'Minimal_Default' took 0.464
[2018.10.22-18.54.07:114][  0]LogSlate: Updating window title bar state: overlay mode, drag disabled, window buttons hidden, title bar hidden
[2018.10.22-18.54.07:122][  0]LogSlate: Updating window title bar state: overlay mode, drag disabled, window buttons hidden, title bar hidden
[2018.10.22-18.54.07:130][  0]LogSlate: Updating window title bar state: overlay mode, drag disabled, window buttons hidden, title bar hidden
[2018.10.22-18.54.07:137][  0]LogSlate: Updating window title bar state: overlay mode, drag disabled, window buttons hidden, title bar hidden
[2018.10.22-18.54.07:147][  0]LogCollectionManager: Loaded 0 collections in 0.002571 seconds
[2018.10.22-18.54.07:199][  0]LogFileCache: Scanning file cache for directory 'C:/Users/w017177h/Documents/GitHub/SpideyCPP/SideyCPP/Saved/Collections/' took 0.01s
[2018.10.22-18.54.07:199][  0]LogFileCache: Scanning file cache for directory 'C:/Users/w017177h/Documents/GitHub/SpideyCPP/SideyCPP/Content/Developers/w017177h/Collections/' took 0.01s
[2018.10.22-18.54.07:199][  0]LogFileCache: Scanning file cache for directory 'C:/Users/w017177h/Documents/GitHub/SpideyCPP/SideyCPP/Content/Collections/' took 0.01s
[2018.10.22-18.54.07:200][  0]LogCollectionManager: Rebuilt the GUID cache for 0 collections in 0.000001 seconds
[2018.10.22-18.54.07:210][  0]LogContentBrowser: Native class hierarchy populated in 0.0098 seconds. Added 2576 classes and 605 folders.
[2018.10.22-18.54.07:218][  0]LogContentBrowser: Native class hierarchy updated for 'WidgetCarousel' in 0.0004 seconds. Added 0 classes and 0 folders.
[2018.10.22-18.54.07:275][  0]LogContentBrowser: Native class hierarchy updated for 'AddContentDialog' in 0.0005 seconds. Added 0 classes and 0 folders.
[2018.10.22-18.54.07:283][  0]LogContentBrowser: Native class hierarchy updated for 'SceneOutliner' in 0.0005 seconds. Added 1 classes and 2 folders.
[2018.10.22-18.54.07:298][  0]LogSlate: Took 0.000264 seconds to synchronously load lazily loaded font '../../../Engine/Content/Slate/Fonts/Roboto-Regular.ttf' (155K)
[2018.10.22-18.54.07:300][  0]LogSlate: Took 0.000215 seconds to synchronously load lazily loaded font '../../../Engine/Content/Slate/Fonts/Roboto-Bold.ttf' (160K)
[2018.10.22-18.54.07:308][  0]LogSlate: Took 0.000319 seconds to synchronously load lazily loaded font '../../../Engine/Content/Editor/Slate/Fonts/FontAwesome.ttf' (139K)
[2018.10.22-18.54.07:390][  0]LogRenderer: Reallocating scene render targets to support 1208x576 Format 10 NumSamples 1 (Frame:1).
[2018.10.22-18.54.07:514][  0]LogSlate: FSceneViewport::OnFocusLost() reason 2
[2018.10.22-18.54.07:532][  0]LogSlate: Window 'Tutorials' being destroyed
[2018.10.22-18.54.07:570][  0]LogContentBrowser: Native class hierarchy updated for 'HierarchicalLODOutliner' in 0.0005 seconds. Added 0 classes and 0 folders.
[2018.10.22-18.54.07:570][  0]LogLoad: (Engine Initialization) Total time: 10.84 seconds
[2018.10.22-18.54.07:570][  0]LogLoad: (Engine Initialization) Total Blueprint compile time: 0.00 seconds
[2018.10.22-18.54.07:580][  0]LogWindowsTextInputMethodSystem: Display: IME system now deactivated.
[2018.10.22-18.54.07:601][  0]LogContentStreaming: Texture pool size now 1000 MB
[2018.10.22-18.54.07:631][  0]LogSlate: Took 0.000211 seconds to synchronously load lazily loaded font '../../../Engine/Content/Slate/Fonts/Roboto-Light.ttf' (167K)
[2018.10.22-18.54.07:666][  1]LogAssetRegistry: Asset discovery search completed in 5.3813 seconds
[2018.10.22-18.54.07:667][  1]LogCollectionManager: Rebuilt the object cache for 0 collections in 0.000001 seconds (found 0 objects)
[2018.10.22-18.54.07:667][  1]LogCollectionManager: Fixed up redirectors for 0 collections in 0.000133 seconds (updated 0 objects)
[2018.10.22-18.54.12:581][552]LogSlate: FSceneViewport::OnFocusLost() reason 0
[2018.10.22-18.54.12:640][559]LogTemp: Repeating last play command: Selected Viewport
[2018.10.22-18.54.12:661][559]LogBlueprintUserMessages: Early PlayInEditor Detection: Level '/Game/StarterContent/Maps/Minimal_Default.Minimal_Default:PersistentLevel' has LevelScriptBlueprint '/Game/StarterContent/Maps/Minimal_Default.Minimal_Default:PersistentLevel.Minimal_Default' with GeneratedClass '/Game/StarterContent/Maps/Minimal_Default.Minimal_Default_C' with ClassGeneratedBy '/Game/StarterContent/Maps/Minimal_Default.Minimal_Default:PersistentLevel.Minimal_Default'
[2018.10.22-18.54.12:661][559]LogPlayLevel: PlayLevel: No blueprints needed recompiling
[2018.10.22-18.54.12:676][559]PIE: New page: PIE session: Minimal_Default (22 Oct 2018 20:54:12)
[2018.10.22-18.54.12:677][559]LogPlayLevel: Creating play world package: /Game/StarterContent/Maps/UEDPIE_0_Minimal_Default
[2018.10.22-18.54.12:681][559]LogPlayLevel: PIE: StaticDuplicateObject took: (0.004268s)
[2018.10.22-18.54.12:682][559]LogAIModule: Creating AISystem for world Minimal_Default
[2018.10.22-18.54.12:682][559]LogPlayLevel: PIE: World Init took: (0.001111s)
[2018.10.22-18.54.12:682][559]LogPlayLevel: PIE: Created PIE world by copying editor world from /Game/StarterContent/Maps/Minimal_Default.Minimal_Default to /Game/StarterContent/Maps/UEDPIE_0_Minimal_Default.Minimal_Default (0.005778s)
[2018.10.22-18.54.12:717][559]LogInit: XAudio2 using 'Realtek HD Audio 2nd output (Realtek High Definition Audio)' : 2 channels at 48 kHz using 32 bits per sample (channel mask 0x3)
[2018.10.22-18.54.12:732][559]LogInit: FAudioDevice initialized.
[2018.10.22-18.54.12:933][559]LogLoad: Game class is 'MySideyCPPGameModeBase_C'
[2018.10.22-18.54.12:936][559]LogWorld: Bringing World /Game/StarterContent/Maps/UEDPIE_0_Minimal_Default.Minimal_Default up for play (max tick rate 0) at 2018.10.22-19.54.12
[2018.10.22-18.54.12:936][559]LogWorld: Bringing up level for play took: 0.001253
[2018.10.22-18.54.12:958][559]LogContentBrowser: Native class hierarchy updated for 'MovieSceneCapture' in 0.0005 seconds. Added 10 classes and 0 folders.
[2018.10.22-18.54.12:967][559]PIE: Play in editor start time for /Game/StarterContent/Maps/UEDPIE_0_Minimal_Default 1.141
[2018.10.22-18.54.12:967][559]LogBlueprintUserMessages: Late PlayInEditor Detection: Level '/Game/StarterContent/Maps/Minimal_Default.Minimal_Default:PersistentLevel' has LevelScriptBlueprint '/Game/StarterContent/Maps/Minimal_Default.Minimal_Default:PersistentLevel.Minimal_Default' with GeneratedClass '/Game/StarterContent/Maps/Minimal_Default.Minimal_Default_C' with ClassGeneratedBy '/Game/StarterContent/Maps/Minimal_Default.Minimal_Default:PersistentLevel.Minimal_Default'
[2018.10.22-18.54.43:253][ 16]LogBlueprintUserMessages: [Player_C_0] I hit a wall
[2018.10.22-18.54.43:262][ 17]LogBlueprintUserMessages: [Player_C_0] I hit a wall
[2018.10.22-18.54.43:269][ 18]LogBlueprintUserMessages: [Player_C_0] I hit a wall
[2018.10.22-18.54.43:764][ 70]LogBlueprintUserMessages: [Player_C_0] I hit a wall
[2018.10.22-18.54.43:772][ 71]LogBlueprintUserMessages: [Player_C_0] I hit a wall
[2018.10.22-18.54.43:780][ 72]LogBlueprintUserMessages: [Player_C_0] I hit a wall
[2018.10.22-18.54.43:789][ 73]LogBlueprintUserMessages: [Player_C_0] I hit a wall
[2018.10.22-18.54.43:880][ 84]LogBlueprintUserMessages: [Player_C_0] I hit a wall
[2018.10.22-18.54.43:889][ 85]LogBlueprintUserMessages: [Player_C_0] I hit a wall
[2018.10.22-18.54.43:897][ 86]LogBlueprintUserMessages: [Player_C_0] I hit a wall
[2018.10.22-18.54.43:906][ 87]LogBlueprintUserMessages: [Player_C_0] I hit a wall
[2018.10.22-18.54.43:914][ 88]LogBlueprintUserMessages: [Player_C_0] I hit a wall
[2018.10.22-18.54.43:923][ 89]LogBlueprintUserMessages: [Player_C_0] I hit a wall
[2018.10.22-18.54.43:931][ 90]LogBlueprintUserMessages: [Player_C_0] I hit a wall
[2018.10.22-18.54.43:939][ 91]LogBlueprintUserMessages: [Player_C_0] I hit a wall
[2018.10.22-18.54.43:947][ 92]LogBlueprintUserMessages: [Player_C_0] I hit a wall
[2018.10.22-18.54.43:956][ 93]LogBlueprintUserMessages: [Player_C_0] I hit a wall
[2018.10.22-18.54.43:964][ 94]LogBlueprintUserMessages: [Player_C_0] I hit a wall
[2018.10.22-18.54.43:972][ 95]LogBlueprintUserMessages: [Player_C_0] I hit a wall
[2018.10.22-18.54.43:980][ 96]LogBlueprintUserMessages: [Player_C_0] I hit a wall
[2018.10.22-18.54.43:988][ 97]LogBlueprintUserMessages: [Player_C_0] I hit a wall
[2018.10.22-18.54.43:997][ 98]LogBlueprintUserMessages: [Player_C_0] I hit a wall
[2018.10.22-18.54.44:005][ 99]LogBlueprintUserMessages: [Player_C_0] I hit a wall
[2018.10.22-18.54.44:013][100]LogBlueprintUserMessages: [Player_C_0] I hit a wall
[2018.10.22-18.54.44:022][101]LogBlueprintUserMessages: [Player_C_0] I hit a wall
[2018.10.22-18.54.44:030][102]LogBlueprintUserMessages: [Player_C_0] I hit a wall
[2018.10.22-18.54.44:038][103]LogBlueprintUserMessages: [Player_C_0] I hit a wall
[2018.10.22-18.54.44:047][104]LogBlueprintUserMessages: [Player_C_0] I hit a wall
[2018.10.22-18.54.44:055][105]LogBlueprintUserMessages: [Player_C_0] I hit a wall
[2018.10.22-18.54.44:063][106]LogBlueprintUserMessages: [Player_C_0] I hit a wall
[2018.10.22-18.54.44:072][107]LogBlueprintUserMessages: [Player_C_0] I hit a wall
[2018.10.22-18.54.44:080][108]LogBlueprintUserMessages: [Player_C_0] I hit a wall
[2018.10.22-18.54.44:088][109]LogBlueprintUserMessages: [Player_C_0] I hit a wall
[2018.10.22-18.54.44:097][110]LogBlueprintUserMessages: [Player_C_0] I hit a wall
[2018.10.22-18.54.44:105][111]LogBlueprintUserMessages: [Player_C_0] I hit a wall
[2018.10.22-18.54.44:113][112]LogBlueprintUserMessages: [Player_C_0] I hit a wall
[2018.10.22-18.54.44:122][113]LogBlueprintUserMessages: [Player_C_0] I hit a wall
[2018.10.22-18.54.44:130][114]LogBlueprintUserMessages: [Player_C_0] I hit a wall
[2018.10.22-18.54.44:139][115]LogBlueprintUserMessages: [Player_C_0] I hit a wall
[2018.10.22-18.54.44:147][116]LogBlueprintUserMessages: [Player_C_0] I hit a wall
[2018.10.22-18.54.44:155][117]LogBlueprintUserMessages: [Player_C_0] I hit a wall
[2018.10.22-18.54.44:164][118]LogBlueprintUserMessages: [Player_C_0] I hit a wall
[2018.10.22-18.54.44:172][119]LogBlueprintUserMessages: [Player_C_0] I hit a wall
[2018.10.22-18.54.44:181][120]LogBlueprintUserMessages: [Player_C_0] I hit a wall
[2018.10.22-18.54.44:189][121]LogBlueprintUserMessages: [Player_C_0] I hit a wall
[2018.10.22-18.54.44:197][122]LogBlueprintUserMessages: [Player_C_0] I hit a wall
[2018.10.22-18.54.44:206][123]LogBlueprintUserMessages: [Player_C_0] I hit a wall
[2018.10.22-18.54.44:214][124]LogBlueprintUserMessages: [Player_C_0] I hit a wall
[2018.10.22-18.54.44:222][125]LogBlueprintUserMessages: [Player_C_0] I hit a wall
[2018.10.22-18.54.44:231][126]LogBlueprintUserMessages: [Player_C_0] I hit a wall
[2018.10.22-18.54.44:239][127]LogBlueprintUserMessages: [Player_C_0] I hit a wall
[2018.10.22-18.54.44:247][128]LogBlueprintUserMessages: [Player_C_0] I hit a wall
[2018.10.22-18.54.44:256][129]LogBlueprintUserMessages: [Player_C_0] I hit a wall
[2018.10.22-18.54.44:264][130]LogBlueprintUserMessages: [Player_C_0] I hit a wall
[2018.10.22-18.54.44:271][131]LogBlueprintUserMessages: [Player_C_0] I hit a wall
[2018.10.22-18.54.44:280][132]LogBlueprintUserMessages: [Player_C_0] I hit a wall
[2018.10.22-18.54.44:288][133]LogBlueprintUserMessages: [Player_C_0] I hit a wall
[2018.10.22-18.54.44:297][134]LogBlueprintUserMessages: [Player_C_0] I hit a wall
[2018.10.22-18.54.44:305][135]LogBlueprintUserMessages: [Player_C_0] I hit a wall
[2018.10.22-18.54.44:313][136]LogBlueprintUserMessages: [Player_C_0] I hit a wall
[2018.10.22-18.54.44:321][137]LogBlueprintUserMessages: [Player_C_0] I hit a wall
[2018.10.22-18.54.44:330][138]LogBlueprintUserMessages: [Player_C_0] I hit a wall
[2018.10.22-18.54.44:338][139]LogBlueprintUserMessages: [Player_C_0] I hit a wall
[2018.10.22-18.54.44:347][140]LogBlueprintUserMessages: [Player_C_0] I hit a wall
[2018.10.22-18.54.44:355][141]LogBlueprintUserMessages: [Player_C_0] I hit a wall
[2018.10.22-18.54.44:364][142]LogBlueprintUserMessages: [Player_C_0] I hit a wall
[2018.10.22-18.54.44:372][143]LogBlueprintUserMessages: [Player_C_0] I hit a wall
[2018.10.22-18.54.44:380][144]LogBlueprintUserMessages: [Player_C_0] I hit a wall
[2018.10.22-18.54.44:388][145]LogBlueprintUserMessages: [Player_C_0] I hit a wall
[2018.10.22-18.54.44:397][146]LogBlueprintUserMessages: [Player_C_0] I hit a wall
[2018.10.22-18.54.44:405][147]LogBlueprintUserMessages: [Player_C_0] I hit a wall
[2018.10.22-18.54.44:413][148]LogBlueprintUserMessages: [Player_C_0] I hit a wall
[2018.10.22-18.54.44:422][149]LogBlueprintUserMessages: [Player_C_0] I hit a wall
[2018.10.22-18.54.44:430][150]LogBlueprintUserMessages: [Player_C_0] I hit a wall
[2018.10.22-18.54.44:438][151]LogBlueprintUserMessages: [Player_C_0] I hit a wall
[2018.10.22-18.54.44:447][152]LogBlueprintUserMessages: [Player_C_0] I hit a wall
[2018.10.22-18.54.44:455][153]LogBlueprintUserMessages: [Player_C_0] I hit a wall
[2018.10.22-18.54.44:464][154]LogBlueprintUserMessages: [Player_C_0] I hit a wall
[2018.10.22-18.54.44:472][155]LogBlueprintUserMessages: [Player_C_0] I hit a wall
[2018.10.22-18.54.44:480][156]LogBlueprintUserMessages: [Player_C_0] I hit a wall
[2018.10.22-18.54.44:489][157]LogBlueprintUserMessages: [Player_C_0] I hit a wall
[2018.10.22-18.54.44:497][158]LogBlueprintUserMessages: [Player_C_0] I hit a wall
[2018.10.22-18.54.44:505][159]LogBlueprintUserMessages: [Player_C_0] I hit a wall
[2018.10.22-18.54.44:514][160]LogBlueprintUserMessages: [Player_C_0] I hit a wall
[2018.10.22-18.54.44:522][161]LogBlueprintUserMessages: [Player_C_0] I hit a wall
[2018.10.22-18.54.44:531][162]LogBlueprintUserMessages: [Player_C_0] I hit a wall
[2018.10.22-18.54.44:539][163]LogBlueprintUserMessages: [Player_C_0] I hit a wall
[2018.10.22-18.54.44:547][164]LogBlueprintUserMessages: [Player_C_0] I hit a wall
[2018.10.22-18.54.44:556][165]LogBlueprintUserMessages: [Player_C_0] I hit a wall
[2018.10.22-18.54.44:564][166]LogBlueprintUserMessages: [Player_C_0] I hit a wall
[2018.10.22-18.54.44:573][167]LogBlueprintUserMessages: [Player_C_0] I hit a wall
[2018.10.22-18.54.44:627][168]LogBlueprintUserMessages: [Player_C_0] I hit a wall
[2018.10.22-18.54.44:635][169]LogBlueprintUserMessages: [Player_C_0] I hit a wall
[2018.10.22-18.54.44:644][170]LogBlueprintUserMessages: [Player_C_0] I hit a wall
[2018.10.22-18.54.44:652][171]LogBlueprintUserMessages: [Player_C_0] I hit a wall
[2018.10.22-18.54.44:661][172]LogBlueprintUserMessages: [Player_C_0] I hit a wall
[2018.10.22-18.54.44:669][173]LogBlueprintUserMessages: [Player_C_0] I hit a wall
[2018.10.22-18.54.44:678][174]LogBlueprintUserMessages: [Player_C_0] I hit a wall
[2018.10.22-18.54.44:686][175]LogBlueprintUserMessages: [Player_C_0] I hit a wall
[2018.10.22-18.54.44:694][176]LogBlueprintUserMessages: [Player_C_0] I hit a wall
[2018.10.22-18.54.44:706][177]LogBlueprintUserMessages: [Player_C_0] I hit a wall
[2018.10.22-18.54.44:714][178]LogBlueprintUserMessages: [Player_C_0] I hit a wall
[2018.10.22-18.54.44:722][179]LogBlueprintUserMessages: [Player_C_0] I hit a wall
[2018.10.22-18.54.44:731][180]LogBlueprintUserMessages: [Player_C_0] I hit a wall
[2018.10.22-18.54.44:739][181]LogBlueprintUserMessages: [Player_C_0] I hit a wall
[2018.10.22-18.54.44:747][182]LogBlueprintUserMessages: [Player_C_0] I hit a wall
[2018.10.22-18.54.44:756][183]LogBlueprintUserMessages: [Player_C_0] I hit a wall
[2018.10.22-18.54.44:766][184]LogBlueprintUserMessages: [Player_C_0] I hit a wall
[2018.10.22-18.54.44:774][185]LogBlueprintUserMessages: [Player_C_0] I hit a wall
[2018.10.22-18.54.44:783][186]LogBlueprintUserMessages: [Player_C_0] I hit a wall
[2018.10.22-18.54.44:791][187]LogBlueprintUserMessages: [Player_C_0] I hit a wall
[2018.10.22-18.54.44:799][188]LogBlueprintUserMessages: [Player_C_0] I hit a wall
[2018.10.22-18.54.44:808][189]LogBlueprintUserMessages: [Player_C_0] I hit a wall
[2018.10.22-18.54.44:816][190]LogBlueprintUserMessages: [Player_C_0] I hit a wall
[2018.10.22-18.54.44:825][191]LogBlueprintUserMessages: [Player_C_0] I hit a wall
[2018.10.22-18.54.44:833][192]LogBlueprintUserMessages: [Player_C_0] I hit a wall
[2018.10.22-18.54.44:840][193]LogBlueprintUserMessages: [Player_C_0] I hit a wall
[2018.10.22-18.54.44:848][194]LogBlueprintUserMessages: [Player_C_0] I hit a wall
[2018.10.22-18.54.44:857][195]LogBlueprintUserMessages: [Player_C_0] I hit a wall
[2018.10.22-18.54.44:865][196]LogBlueprintUserMessages: [Player_C_0] I hit a wall
[2018.10.22-18.54.44:873][197]LogBlueprintUserMessages: [Player_C_0] I hit a wall
[2018.10.22-18.54.44:882][198]LogBlueprintUserMessages: [Player_C_0] I hit a wall
[2018.10.22-18.54.44:890][199]LogBlueprintUserMessages: [Player_C_0] I hit a wall
[2018.10.22-18.54.44:899][200]LogBlueprintUserMessages: [Player_C_0] I hit a wall
[2018.10.22-18.54.44:907][201]LogBlueprintUserMessages: [Player_C_0] I hit a wall
[2018.10.22-18.54.47:684][519]LogBlueprintUserMessages: Early EndPlayMap Detection: Level '/Game/StarterContent/Maps/Minimal_Default.Minimal_Default:PersistentLevel' has LevelScriptBlueprint '/Game/StarterContent/Maps/Minimal_Default.Minimal_Default:PersistentLevel.Minimal_Default' with GeneratedClass '/Game/StarterContent/Maps/Minimal_Default.Minimal_Default_C' with ClassGeneratedBy '/Game/StarterContent/Maps/Minimal_Default.Minimal_Default:PersistentLevel.Minimal_Default'
[2018.10.22-18.54.47:684][519]LogSlate: Updating window title bar state: overlay mode, drag disabled, window buttons hidden, title bar hidden
[2018.10.22-18.54.47:726][519]LogPlayLevel: Display: Shutting down PIE online subsystems
[2018.10.22-18.54.47:727][519]LogBlueprintUserMessages: Late EndPlayMap Detection: Level '/Game/StarterContent/Maps/Minimal_Default.Minimal_Default:PersistentLevel' has LevelScriptBlueprint '/Game/StarterContent/Maps/Minimal_Default.Minimal_Default:PersistentLevel.Minimal_Default' with GeneratedClass '/Game/StarterContent/Maps/Minimal_Default.Minimal_Default_C' with ClassGeneratedBy '/Game/StarterContent/Maps/Minimal_Default.Minimal_Default:PersistentLevel.Minimal_Default'
[2018.10.22-18.54.47:783][519]LogSlate: Updating window title bar state: overlay mode, drag disabled, window buttons hidden, title bar hidden
[2018.10.22-18.54.47:810][520]LogPlayLevel: Display: Destroying online subsystem :Context_2
