Log file open, 10/18/18 15:05:51
LogWindows: Failed to load 'aqProf.dll' (GetLastError=126)
LogWindows: File 'aqProf.dll' does not exist
LogWindows: Failed to load 'VSPerf140.dll' (GetLastError=126)
LogWindows: File 'VSPerf140.dll' does not exist
LogWindows: Failed to load 'VtuneApi.dll' (GetLastError=126)
LogWindows: File 'VtuneApi.dll' does not exist
LogWindows: Failed to load 'VtuneApi32e.dll' (GetLastError=126)
LogWindows: File 'VtuneApi32e.dll' does not exist
LogInit: Display: Running engine for game: SideyCPP
LogPlatformFile: Not using cached read wrapper
LogTaskGraph: Started task graph with 5 named threads and 23 total threads with 3 sets of task threads.
LogStats: Stats thread started at 0.493303
LogD3D11RHI: Loaded GFSDK_Aftermath_Lib.x64.dll
LogICUInternationalization: Display: ICU TimeZone Detection - Raw Offset: +0:00, Platform Override: ''
LogPluginManager: Mounting plugin Paper2D
LogPluginManager: Mounting plugin AISupport
LogPluginManager: Mounting plugin LightPropagationVolume
LogPluginManager: Mounting plugin CLionSourceCodeAccess
LogPluginManager: Mounting plugin CodeLiteSourceCodeAccess
LogPluginManager: Mounting plugin GitSourceControl
LogPluginManager: Mounting plugin KDevelopSourceCodeAccess
LogPluginManager: Mounting plugin NullSourceCodeAccess
LogPluginManager: Mounting plugin PerforceSourceControl
LogPluginManager: Mounting plugin SubversionSourceControl
LogPluginManager: Mounting plugin UObjectPlugin
LogPluginManager: Mounting plugin VisualStudioCodeSourceCodeAccess
LogPluginManager: Mounting plugin VisualStudioSourceCodeAccess
LogPluginManager: Mounting plugin XCodeSourceCodeAccess
LogPluginManager: Mounting plugin AssetManagerEditor
LogPluginManager: Mounting plugin CryptoKeys
LogPluginManager: Mounting plugin DataValidation
LogPluginManager: Mounting plugin FacialAnimation
LogPluginManager: Mounting plugin GameplayTagsEditor
LogPluginManager: Mounting plugin MacGraphicsSwitching
LogPluginManager: Mounting plugin MeshEditor
LogPluginManager: Mounting plugin MobileLauncherProfileWizard
LogPluginManager: Mounting plugin PluginBrowser
LogPluginManager: Mounting plugin SpeedTreeImporter
LogPluginManager: Mounting plugin DatasmithContent
LogPluginManager: Mounting plugin AlembicImporter
LogPluginManager: Mounting plugin AppleImageUtils
LogPluginManager: Mounting plugin AppleVision
LogPluginManager: Mounting plugin BackChannel
LogPluginManager: Mounting plugin CharacterAI
LogPluginManager: Mounting plugin GeometryCache
LogPluginManager: Mounting plugin HTML5Networking
LogPluginManager: Mounting plugin ProxyLODPlugin
LogPluginManager: Mounting plugin MagicLeap
LogPluginManager: Mounting plugin MagicLeapEmulator
LogPluginManager: Mounting plugin MagicLeapMedia
LogPluginManager: Mounting plugin AndroidMedia
LogPluginManager: Mounting plugin AvfMedia
LogPluginManager: Mounting plugin ImgMedia
LogPluginManager: Mounting plugin LinearTimecode
LogPluginManager: Mounting plugin MediaCompositing
LogPluginManager: Mounting plugin MediaPlayerEditor
LogPluginManager: Mounting plugin WmfMedia
LogPluginManager: Mounting plugin TcpMessaging
LogPluginManager: Mounting plugin UdpMessaging
LogPluginManager: Mounting plugin ActorSequence
LogPluginManager: Mounting plugin LevelSequenceEditor
LogPluginManager: Mounting plugin MatineeToLevelSequence
LogPluginManager: Mounting plugin NetcodeUnitTest
LogPluginManager: Mounting plugin NUTUnrealEngine4
LogPluginManager: Mounting plugin OnlineSubsystemGooglePlay
LogPluginManager: Mounting plugin OnlineSubsystemIOS
LogPluginManager: Mounting plugin OnlineSubsystem
LogPluginManager: Mounting plugin OnlineSubsystemNull
LogPluginManager: Mounting plugin OnlineSubsystemUtils
LogPluginManager: Mounting plugin LauncherChunkInstaller
LogPluginManager: Mounting plugin AndroidDeviceProfileSelector
LogPluginManager: Mounting plugin AndroidMoviePlayer
LogPluginManager: Mounting plugin AndroidPermission
LogPluginManager: Mounting plugin AppleMoviePlayer
LogPluginManager: Mounting plugin ArchVisCharacter
LogPluginManager: Mounting plugin AudioCapture
LogPluginManager: Mounting plugin CableComponent
LogPluginManager: Mounting plugin CustomMeshComponent
LogPluginManager: Mounting plugin EditableMesh
LogPluginManager: Mounting plugin ExampleDeviceProfileSelector
LogPluginManager: Mounting plugin GoogleCloudMessaging
LogPluginManager: Mounting plugin ImmediatePhysics
LogPluginManager: Mounting plugin IOSDeviceProfileSelector
LogPluginManager: Mounting plugin LinuxDeviceProfileSelector
LogPluginManager: Mounting plugin LocationServicesBPLibrary
LogPluginManager: Mounting plugin MobilePatchingUtils
LogPluginManager: Mounting plugin OculusVR
LogPluginManager: Plugin shader directory ../../../Engine/Plugins/Runtime/Oculus/OculusVR/Shaders found
LogPluginManager: Mapping shader source directory ../../../Engine/Plugins/Runtime/Oculus/OculusVR/Shaders to virtual directory /Plugin/OculusVR
LogPluginManager: Mounting plugin PhysXVehicles
LogPluginManager: Mounting plugin ProceduralMeshComponent
LogPluginManager: Mounting plugin RuntimePhysXCooking
LogPluginManager: Mounting plugin SteamVR
LogPluginManager: Mounting plugin WindowsMoviePlayer
LogStreaming: Display: Took  0.241s to configure plugins.
LogInit: Using libcurl 7.55.1-DEV
LogInit:  - built for x86_64-pc-win32
LogInit:  - supports SSL with OpenSSL/1.0.2h
LogInit:  - supports HTTP deflate (compression) using libz 1.2.8
LogInit:  - other features:
LogInit:      CURL_VERSION_SSL
LogInit:      CURL_VERSION_LIBZ
LogInit:      CURL_VERSION_IPV6
LogInit:      CURL_VERSION_ASYNCHDNS
LogInit:      CURL_VERSION_LARGEFILE
LogInit:      CURL_VERSION_IDN
LogInit:  CurlRequestOptions (configurable via config and command line):
LogInit:  - bVerifyPeer = false  - Libcurl will NOT verify peer certificate
LogInit:  - bUseHttpProxy = false  - Libcurl will NOT use HTTP proxy
LogInit:  - bDontReuseConnections = false  - Libcurl will reuse connections
LogInit:  - CertBundlePath = nullptr  - Libcurl will use whatever was configured at build time.
LogInit:  - MaxHostConnections = 16  - Libcurl will limit the number of connections to a host
LogInit:  - LocalHostAddr = Default
LogInit:  - BufferSize = 65536
LogInit: WinSock: version 1.1 (2.2), MaxSocks=32767, MaxUdp=65467
LogInit: Build: ++UE4+Release-4.20-CL-4369336
LogInit: Engine Version: 4.20.3-4369336+++UE4+Release-4.20
LogInit: Compatible Engine Version: 4.20.0-4212847+++UE4+Release-4.20
LogInit: Net CL: 4212847
LogInit: OS: Windows 10 (), CPU: Intel(R) Core(TM) i7-6700K CPU @ 4.00GHz, GPU: NVIDIA GeForce GTX 1060 6GB
LogInit: Compiled (64-bit): Sep 17 2018 12:26:19
LogInit: Compiled with Visual C++: 19.13.26129.00
LogInit: Build Configuration: Development
LogInit: Branch Name: ++UE4+Release-4.20
LogInit: Command Line:  -skipcompile
LogInit: Base Directory: D:/Program Files/Epic Games/UE_4.20/Engine/Binaries/Win64/
LogInit: Installed Engine Build: 1
LogDevObjectVersion: Number of dev versions registered: 20
LogDevObjectVersion:   Dev-Blueprints (B0D832E4-1F89-4F0D-ACCF-7EB736FD4AA2): 10
LogDevObjectVersion:   Dev-Build (E1C64328-A22C-4D53-A36C-8E866417BD8C): 0
LogDevObjectVersion:   Dev-Core (375EC13C-06E4-48FB-B500-84F0262A717E): 2
LogDevObjectVersion:   Dev-Editor (E4B068ED-F494-42E9-A231-DA0B2E46BB41): 24
LogDevObjectVersion:   Dev-Framework (CFFC743F-43B0-4480-9391-14DF171D2073): 34
LogDevObjectVersion:   Dev-Mobile (B02B49B5-BB20-44E9-A304-32B752E40360): 2
LogDevObjectVersion:   Dev-Networking (A4E4105C-59A1-49B5-A7C5-40C4547EDFEE): 0
LogDevObjectVersion:   Dev-Online (39C831C9-5AE6-47DC-9A44-9C173E1C8E7C): 0
LogDevObjectVersion:   Dev-Physics (78F01B33-EBEA-4F98-B9B4-84EACCB95AA2): 0
LogDevObjectVersion:   Dev-Platform (6631380F-2D4D-43E0-8009-CF276956A95A): 0
LogDevObjectVersion:   Dev-Rendering (12F88B9F-8875-4AFC-A67C-D90C383ABD29): 26
LogDevObjectVersion:   Dev-Sequencer (7B5AE74C-D270-4C10-A958-57980B212A5A): 9
LogDevObjectVersion:   Dev-VR (D7296918-1DD6-4BDD-9DE2-64A83CC13884): 2
LogDevObjectVersion:   Dev-LoadTimes (C2A15278-BFE7-4AFE-6C17-90FF531DF755): 1
LogDevObjectVersion:   Private-Geometry (6EACA3D4-40EC-4CC1-B786-8BED09428FC5): 3
LogDevObjectVersion:   Dev-AnimPhys (29E575DD-E0A3-4627-9D10-D276232CDCEA): 17
LogDevObjectVersion:   Dev-ReflectionCapture (6B266CEC-1EC7-4B8F-A30B-E4D90942FC07): 1
LogDevObjectVersion:   Dev-Automation (0DF73D61-A23F-47EA-B727-89E90C41499A): 1
LogDevObjectVersion:   FortniteMain (601D1886-AC64-4F84-AA16-D3DE0DEAC7D6): 12
LogDevObjectVersion:   Dev-Enterprise (9DFFBCD6-494F-0158-E221-12823C92A888): 1
LogStreaming: Display: Took  0.009s to delete old logs.
LogInit: Presizing for max 8388607 objects, including 0 objects not considered by GC, pre-allocating 0 bytes for permanent pool.
LogInit: Object subsystem initialized
[2018.10.18-14.05.52:782][  0]LogInit: Selected Device Profile: [Windows]
[2018.10.18-14.05.52:782][  0]LogInit: Applying CVar settings loaded from the selected device profile: [Windows]
[2018.10.18-14.05.52:792][  0]LogHAL: Display: Platform has ~ 16 GB [17126547456 / 17179869184 / 16], which maps to Larger [LargestMinGB=32, LargerMinGB=12, DefaultMinGB=8, SmallerMinGB=6, SmallestMinGB=0)
[2018.10.18-14.05.52:792][  0]LogInit: Setting Device Profile CVar: [[r.Vulkan.UseRealUBs:1]]
[2018.10.18-14.05.52:792][  0]LogInit: Going up to parent DeviceProfile []
[2018.10.18-14.05.52:793][  0]LogInit: Computer: EDWARD
[2018.10.18-14.05.52:793][  0]LogInit: User: John
[2018.10.18-14.05.52:793][  0]LogInit: CPU Page size=4096, Cores=4
[2018.10.18-14.05.52:793][  0]LogInit: High frequency timer resolution =3.914065 MHz
[2018.10.18-14.05.52:793][  0]LogMemory: Memory total: Physical=16.0GB (16GB approx)
[2018.10.18-14.05.52:793][  0]LogMemory: Platform Memory Stats for Windows
[2018.10.18-14.05.52:794][  0]LogMemory: Process Physical Memory: 100.79 MB used, 100.79 MB peak
[2018.10.18-14.05.52:794][  0]LogMemory: Process Virtual Memory: 91.43 MB used, 91.43 MB peak
[2018.10.18-14.05.52:794][  0]LogMemory: Physical Memory: 7464.18 MB used,  8868.96 MB free, 16333.15 MB total
[2018.10.18-14.05.52:794][  0]LogMemory: Virtual Memory: 4640.09 MB used,  8868.96 MB free, 134217728.00 MB total
[2018.10.18-14.05.52:932][  0]LogInit: Using OS detected language (en-US).
[2018.10.18-14.05.52:932][  0]LogInit: Using OS detected locale (en-US).
[2018.10.18-14.05.52:934][  0]LogTextLocalizationManager: No specific localization for 'en-US' exists, so the 'en' localization will be used.
[2018.10.18-14.05.53:278][  0]LogStreaming: Display: Took  0.345s to InitEngineTextLocalization.
[2018.10.18-14.05.53:278][  0]LogInit: Setting process to per monitor DPI aware
[2018.10.18-14.05.53:349][  0]LogSlate: New Slate User Created.  User Index 0, Is Virtual User: 0
[2018.10.18-14.05.53:349][  0]LogSlate: Slate User Registered.  User Index 0, Is Virtual User: 0
[2018.10.18-14.05.53:639][  0]LogHMD: Failed to initialize OpenVR with code 102
[2018.10.18-14.05.53:640][  0]LogD3D11RHI: D3D11 adapters:
[2018.10.18-14.05.53:772][  0]LogD3D11RHI:    0. 'NVIDIA GeForce GTX 1060 6GB' (Feature Level 11_0)
[2018.10.18-14.05.53:772][  0]LogD3D11RHI:       6061/0/8166 MB DedicatedVideo/DedicatedSystem/SharedSystem, Outputs:2, VendorId:0x10de
[2018.10.18-14.05.53:778][  0]LogD3D11RHI:    1. 'Microsoft Basic Render Driver' (Feature Level 11_0)
[2018.10.18-14.05.53:778][  0]LogD3D11RHI:       0/0/8166 MB DedicatedVideo/DedicatedSystem/SharedSystem, Outputs:0, VendorId:0x1414
[2018.10.18-14.05.53:778][  0]LogD3D11RHI: Chosen D3D11 Adapter: 0
[2018.10.18-14.05.53:786][  0]LogD3D11RHI: Creating new Direct3DDevice
[2018.10.18-14.05.53:786][  0]LogD3D11RHI:     GPU DeviceId: 0x1c03 (for the marketing name, search the web for "GPU Device Id")
[2018.10.18-14.05.53:786][  0]LogWindows: EnumDisplayDevices:
[2018.10.18-14.05.53:786][  0]LogWindows:    0. 'NVIDIA GeForce GTX 1060 6GB' (P:1 D:1)
[2018.10.18-14.05.53:787][  0]LogWindows:    1. 'NVIDIA GeForce GTX 1060 6GB' (P:0 D:1)
[2018.10.18-14.05.53:787][  0]LogWindows:    2. 'NVIDIA GeForce GTX 1060 6GB' (P:0 D:0)
[2018.10.18-14.05.53:788][  0]LogWindows:    3. 'NVIDIA GeForce GTX 1060 6GB' (P:0 D:0)
[2018.10.18-14.05.53:788][  0]LogWindows: DebugString: FoundDriverCount:4 
[2018.10.18-14.05.53:788][  0]LogD3D11RHI:     Adapter Name: NVIDIA GeForce GTX 1060 6GB
[2018.10.18-14.05.53:788][  0]LogD3D11RHI:   Driver Version: 388.13 (internal:23.21.13.8813, unified:388.13)
[2018.10.18-14.05.53:788][  0]LogD3D11RHI:      Driver Date: 10-27-2017
[2018.10.18-14.05.53:788][  0]LogRHI: Texture pool is 4242 MB (70% of 6061 MB)
[2018.10.18-14.05.53:818][  0]LogD3D11RHI: Async texture creation enabled
[2018.10.18-14.05.53:834][  0]LogD3D11RHI: GPU Timing Frequency: 1000.000000 (Debug: 2 1)
[2018.10.18-14.05.53:931][  0]LogShaderCompilers: Guid format shader working directory is 5 characters bigger than the processId version (../../../../../../Git/SpideyCPP/SideyCPP/Intermediate/Shaders/WorkingDirectory/1728/).
[2018.10.18-14.05.53:931][  0]LogShaderCompilers: Cleaned the shader compiler working directory 'C:/Users/John/AppData/Local/Temp/UnrealShaderWorkingDir/0B534CEF4BAC5DFF7B58EAB35A3C31E0/'.
[2018.10.18-14.05.54:243][  0]LogTemp: Display: Loaded TP AllDesktopTargetPlatform
[2018.10.18-14.05.54:262][  0]LogTemp: Display: Loaded TP MacClientTargetPlatform
[2018.10.18-14.05.54:290][  0]LogTemp: Display: Loaded TP MacNoEditorTargetPlatform
[2018.10.18-14.05.54:318][  0]LogTemp: Display: Loaded TP MacServerTargetPlatform
[2018.10.18-14.05.54:339][  0]LogTemp: Display: Loaded TP MacTargetPlatform
[2018.10.18-14.05.54:358][  0]LogTemp: Display: Loaded TP WindowsClientTargetPlatform
[2018.10.18-14.05.54:381][  0]LogTemp: Display: Loaded TP WindowsNoEditorTargetPlatform
[2018.10.18-14.05.54:411][  0]LogTemp: Display: Loaded TP WindowsServerTargetPlatform
[2018.10.18-14.05.54:434][  0]LogTemp: Display: Loaded TP WindowsTargetPlatform
[2018.10.18-14.05.54:517][  0]LogTemp: Display: Loaded TP AndroidTargetPlatform
[2018.10.18-14.05.54:518][  0]LogTemp: Display: Loaded TP AndroidTargetPlatform
[2018.10.18-14.05.54:518][  0]LogTemp: Display: Loaded TP AndroidTargetPlatform
[2018.10.18-14.05.54:518][  0]LogTemp: Display: Loaded TP AndroidTargetPlatform
[2018.10.18-14.05.54:518][  0]LogTemp: Display: Loaded TP AndroidTargetPlatform
[2018.10.18-14.05.54:518][  0]LogTemp: Display: Loaded TP AndroidTargetPlatform
[2018.10.18-14.05.54:518][  0]LogTemp: Display: Loaded TP AndroidTargetPlatform
[2018.10.18-14.05.54:518][  0]LogTemp: Display: Loaded TP AndroidTargetPlatform
[2018.10.18-14.05.54:518][  0]LogTemp: Display: Loaded TP AndroidTargetPlatform
[2018.10.18-14.05.54:518][  0]LogTemp: Display: Loaded TP AndroidTargetPlatform
[2018.10.18-14.05.54:518][  0]LogTemp: Display: Loaded TP AndroidTargetPlatform
[2018.10.18-14.05.54:518][  0]LogTemp: Display: Loaded TP AndroidTargetPlatform
[2018.10.18-14.05.54:518][  0]LogTemp: Display: Loaded TP AndroidTargetPlatform
[2018.10.18-14.05.54:518][  0]LogTemp: Display: Loaded TP AndroidTargetPlatform
[2018.10.18-14.05.54:518][  0]LogTemp: Display: Loaded TP AndroidTargetPlatform
[2018.10.18-14.05.54:518][  0]LogTemp: Display: Loaded TP AndroidTargetPlatform
[2018.10.18-14.05.54:518][  0]LogTemp: Display: Loaded TP AndroidTargetPlatform
[2018.10.18-14.05.54:518][  0]LogTemp: Display: Loaded TP AndroidTargetPlatform
[2018.10.18-14.05.54:524][  0]LogTemp: Display: Loaded TP HTML5TargetPlatform
[2018.10.18-14.05.54:627][  0]LogTemp: Display: Loaded TP IOSTargetPlatform
[2018.10.18-14.05.54:627][  0]LogTemp: Display: Loaded TP IOSTargetPlatform
[2018.10.18-14.05.54:655][  0]LogTemp: Display: Loaded TP TVOSTargetPlatform
[2018.10.18-14.05.54:655][  0]LogTemp: Display: Loaded TP TVOSTargetPlatform
[2018.10.18-14.05.54:672][  0]LogTemp: Display: Loaded TP LinuxClientTargetPlatform
[2018.10.18-14.05.54:687][  0]LogTemp: Display: Loaded TP LinuxNoEditorTargetPlatform
[2018.10.18-14.05.54:715][  0]LogTemp: Display: Loaded TP LinuxServerTargetPlatform
[2018.10.18-14.05.54:749][  0]LogTemp: Display: Loaded TP LinuxTargetPlatform
[2018.10.18-14.05.54:784][  0]LogTemp: Display: Loaded TP LuminTargetPlatform
[2018.10.18-14.05.54:784][  0]LogTargetPlatformManager: Display: Building Assets For Windows
[2018.10.18-14.05.55:000][  0]LogXGEController: Cleaning working directory: C:/Users/John/AppData/Local/Temp/UnrealXGEWorkingDir/
[2018.10.18-14.05.55:001][  0]LogXGEController: Cannot use XGE Controller as Incredibuild is not installed on this machine.
[2018.10.18-14.05.55:001][  0]LogShaderCompilers: Cannot use XGE Shader Compiler as Incredibuild is not installed on this machine.
[2018.10.18-14.05.55:001][  0]LogShaderCompilers: Display: Using Local Shader Compiler.
[2018.10.18-14.05.55:857][  0]LogDerivedDataCache: Display: Max Cache Size: 512 MB
[2018.10.18-14.05.55:904][  0]LogDerivedDataCache: Loaded boot cache 0.05s 71MB C:/Users/John/AppData/Local/UnrealEngine/4.20/DerivedDataCache/Boot.ddc.
[2018.10.18-14.05.55:905][  0]LogDerivedDataCache: Display: Loaded Boot cache: C:/Users/John/AppData/Local/UnrealEngine/4.20/DerivedDataCache/Boot.ddc
[2018.10.18-14.05.55:905][  0]LogDerivedDataCache: FDerivedDataBackendGraph:  Pak pak cache file ../../../../../../Git/SpideyCPP/SideyCPP/DerivedDataCache/DDC.ddp not found, will not use a pak cache.
[2018.10.18-14.05.55:905][  0]LogDerivedDataCache: Unable to find inner node Pak for hierarchical cache Hierarchy.
[2018.10.18-14.05.55:905][  0]LogDerivedDataCache: FDerivedDataBackendGraph:  CompressedPak pak cache file ../../../../../../Git/SpideyCPP/SideyCPP/DerivedDataCache/Compressed.ddp not found, will not use a pak cache.
[2018.10.18-14.05.55:905][  0]LogDerivedDataCache: Unable to find inner node CompressedPak for hierarchical cache Hierarchy.
[2018.10.18-14.05.55:916][  0]LogDerivedDataCache: Display: Pak cache opened for reading ../../../Engine/DerivedDataCache/Compressed.ddp.
[2018.10.18-14.05.55:931][  0]LogDerivedDataCache: Using Local data cache path C:/Users/John/AppData/Local/UnrealEngine/Common/DerivedDataCache: Writable
[2018.10.18-14.05.55:931][  0]LogDerivedDataCache: Shared data cache path not found in *engine.ini, will not use an Shared cache.
[2018.10.18-14.05.55:932][  0]LogDerivedDataCache: Unable to find inner node Shared for hierarchical cache Hierarchy.
[2018.10.18-14.05.55:947][  0]LogMaterial: Verifying Global Shaders for PCD3D_SM5
[2018.10.18-14.05.55:948][  0]LogSlate: Using FreeType 2.6.0
[2018.10.18-14.05.55:949][  0]LogSlate: SlateFontServices - WITH_FREETYPE: 1, WITH_HARFBUZZ: 1
[2018.10.18-14.05.56:026][  0]LogAssetRegistry: FAssetRegistry took 0.0286 seconds to start up
[2018.10.18-14.05.56:361][  0]LogInit: Selected Device Profile: [Windows]
[2018.10.18-14.05.56:568][  0]LogSimplygon: Simplygon DLL not present - disabling.
[2018.10.18-14.05.56:590][  0]LogMeshReduction: Using SimplygonSwarm for distributed automatic mesh merging
[2018.10.18-14.05.56:590][  0]LogMeshReduction: Using ProxyLODMeshReduction for automatic mesh merging
[2018.10.18-14.05.56:590][  0]LogMeshReduction: Using QuadricMeshReduction for automatic static mesh reduction
[2018.10.18-14.05.56:590][  0]LogMeshReduction: No automatic skeletal mesh reduction module available
[2018.10.18-14.05.56:611][  0]LogNetVersion: SideyCPP 1.0.0, NetCL: 4212847, EngineNetVer: 5, GameNetVer: 0 (Checksum: 583984258)
[2018.10.18-14.05.57:191][  0]LogPackageLocalizationCache: Processed 11 localized package path(s) for 2 prioritized culture(s) in 0.122312 seconds
[2018.10.18-14.05.57:197][  0]LogUObjectArray: 38425 objects as part of root set at end of initial load.
[2018.10.18-14.05.57:197][  0]LogUObjectAllocator: 6690872 out of 0 bytes used by permanent object pool.
[2018.10.18-14.05.57:197][  0]LogUObjectArray: CloseDisregardForGC: 0/0 objects in disregard for GC pool
[2018.10.18-14.05.58:421][  0]LogTcpMessaging: Initializing TcpMessaging bridge
[2018.10.18-14.05.58:441][  0]LogUdpMessaging: Initializing bridge on interface 0.0.0.0:0 to multicast group 230.0.0.1:6666.
[2018.10.18-14.05.58:821][  0]SourceControl: Source control is disabled
[2018.10.18-14.05.58:821][  0]SourceControl: Source control is disabled
[2018.10.18-14.05.58:835][  0]SourceControl: Source control is disabled
[2018.10.18-14.05.58:842][  0]SourceControl: Source control is disabled
[2018.10.18-14.05.59:318][  0]LogAndroidPermission: UAndroidPermissionCallbackProxy::GetInstance
[2018.10.18-14.05.59:578][  0]LogOcInput: OculusInput pre-init called
[2018.10.18-14.05.59:706][  0]LogEngine: Initializing Engine...
[2018.10.18-14.05.59:708][  0]LogHMD: Failed to initialize OpenVR with code 102
[2018.10.18-14.05.59:709][  0]LogStats: UGameplayTagsManager::ConstructGameplayTagTree: ImportINI prefixes -  0.000 s
[2018.10.18-14.05.59:710][  0]LogStats: UGameplayTagsManager::ConstructGameplayTagTree: Construct from data asset -  0.000 s
[2018.10.18-14.05.59:710][  0]LogStats: UGameplayTagsManager::ConstructGameplayTagTree: ImportINI -  0.000 s
[2018.10.18-14.05.59:710][  0]LogStats: UGameplayTagsManager::ConstructGameplayTagTree: GameplayTagTreeChangedEvent.Broadcast -  0.000 s
[2018.10.18-14.05.59:908][  0]LogInit: Initializing FReadOnlyCVARCache
[2018.10.18-14.05.59:945][  0]LogAIModule: Creating AISystem for world Untitled
[2018.10.18-14.06.00:016][  0]LogInit: XAudio2 using 'Headset Earphone (Razer ManO'War)' : 2 channels at 48 kHz using 16 bits per sample (channel mask 0x3)
[2018.10.18-14.06.00:095][  0]LogInit: FAudioDevice initialized.
[2018.10.18-14.06.00:096][  0]LogNetVersion: Set ProjectVersion to 1.0.0.0. Version Checksum will be recalculated on next use.
[2018.10.18-14.06.00:191][  0]LogDerivedDataCache: Saved boot cache 0.10s 71MB C:/Users/John/AppData/Local/UnrealEngine/4.20/DerivedDataCache/Boot.ddc.
[2018.10.18-14.06.00:192][  0]LogInit: Texture streaming: Enabled
[2018.10.18-14.06.00:239][  0]LogEngineSessionManager: EngineSessionManager initialized
[2018.10.18-14.06.00:240][  0]LogEngineSessionManager: EngineSessionManager sent abnormal shutdown report. Type=Debugger, SessionId={D14C0024-4D11-083E-C1DE-F2BD8B7DFA64}
[2018.10.18-14.06.00:240][  0]LogEngineSessionManager: EngineSessionManager sent abnormal shutdown report. Type=Debugger, SessionId={BD7256E7-4726-6E86-F391-BF8335777ABF}
[2018.10.18-14.06.00:258][  0]LogInit: Transaction tracking system initialized
[2018.10.18-14.06.00:327][  0]BlueprintLog: New page: Editor Load
[2018.10.18-14.06.00:642][  0]LocalizationService: Localization service is disabled
[2018.10.18-14.06.01:137][  0]LogCook: Display: Max memory allowance for cook 16384mb min free memory 0mb
[2018.10.18-14.06.01:137][  0]LogCook: Display: Mobile HDR setting 1
[2018.10.18-14.06.01:137][  0]LogGameplayTags: Display: UGameplayTagsManager::DoneAddingNativeTags. DelegateIsBound: 0
[2018.10.18-14.06.01:137][  0]LogStats: UGameplayTagsManager::ConstructGameplayTagTree: ImportINI prefixes -  0.000 s
[2018.10.18-14.06.01:137][  0]LogStats: UGameplayTagsManager::ConstructGameplayTagTree: Construct from data asset -  0.000 s
[2018.10.18-14.06.01:138][  0]LogStats: UGameplayTagsManager::ConstructGameplayTagTree: ImportINI -  0.000 s
[2018.10.18-14.06.01:138][  0]LogStats: UGameplayTagsManager::ConstructGameplayTagTree: GameplayTagTreeChangedEvent.Broadcast -  0.000 s
[2018.10.18-14.06.01:440][  0]LogFileCache: Scanning file cache for directory 'D:/Git/SpideyCPP/SideyCPP/Content/' took 0.02s
[2018.10.18-14.06.01:455][  0]SourceControl: Source control is disabled
[2018.10.18-14.06.01:456][  0]Cmd: MAP LOAD FILE="../../../../../../Git/SpideyCPP/SideyCPP/Content/StarterContent/Maps/Minimal_Default.umap" TEMPLATE=0 SHOWPROGRESS=1 FEATURELEVEL=3
[2018.10.18-14.06.01:466][  0]LightingResults: New page: Lighting Build
[2018.10.18-14.06.01:470][  0]MapCheck: New page: Map Check
[2018.10.18-14.06.01:470][  0]LightingResults: New page: Lighting Build
[2018.10.18-14.06.01:721][  0]LogAIModule: Creating AISystem for world Minimal_Default
[2018.10.18-14.06.01:762][  0]LogEditorServer: Finished looking for orphan Actors (0.000 secs)
[2018.10.18-14.06.01:780][  0]Cmd: MAP CHECKDEP NOCLEARLOG
[2018.10.18-14.06.02:002][  0]MapCheck: Map check complete: 0 Error(s), 0 Warning(s), took 221.502ms to complete.
[2018.10.18-14.06.02:003][  0]LogFileHelpers: Loading map 'Minimal_Default' took 0.547
[2018.10.18-14.06.02:198][  0]LogSlate: Updating window title bar state: overlay mode, drag disabled, window buttons hidden, title bar hidden
[2018.10.18-14.06.02:205][  0]LogSlate: Updating window title bar state: overlay mode, drag disabled, window buttons hidden, title bar hidden
[2018.10.18-14.06.02:211][  0]LogSlate: Updating window title bar state: overlay mode, drag disabled, window buttons hidden, title bar hidden
[2018.10.18-14.06.02:218][  0]LogSlate: Updating window title bar state: overlay mode, drag disabled, window buttons hidden, title bar hidden
[2018.10.18-14.06.02:233][  0]LogCollectionManager: Loaded 0 collections in 0.002545 seconds
[2018.10.18-14.06.02:287][  0]LogFileCache: Scanning file cache for directory 'D:/Git/SpideyCPP/SideyCPP/Saved/Collections/' took 0.01s
[2018.10.18-14.06.02:287][  0]LogFileCache: Scanning file cache for directory 'D:/Git/SpideyCPP/SideyCPP/Content/Developers/John/Collections/' took 0.01s
[2018.10.18-14.06.02:287][  0]LogFileCache: Scanning file cache for directory 'D:/Git/SpideyCPP/SideyCPP/Content/Collections/' took 0.01s
[2018.10.18-14.06.02:287][  0]LogCollectionManager: Rebuilt the GUID cache for 0 collections in 0.000000 seconds
[2018.10.18-14.06.02:296][  0]LogContentBrowser: Native class hierarchy populated in 0.0083 seconds. Added 2576 classes and 605 folders.
[2018.10.18-14.06.02:305][  0]LogContentBrowser: Native class hierarchy updated for 'WidgetCarousel' in 0.0004 seconds. Added 0 classes and 0 folders.
[2018.10.18-14.06.02:366][  0]LogContentBrowser: Native class hierarchy updated for 'AddContentDialog' in 0.0004 seconds. Added 0 classes and 0 folders.
[2018.10.18-14.06.02:380][  0]LogContentBrowser: Native class hierarchy updated for 'SceneOutliner' in 0.0004 seconds. Added 1 classes and 2 folders.
[2018.10.18-14.06.02:393][  0]LogSlate: Took 0.000229 seconds to synchronously load lazily loaded font '../../../Engine/Content/Slate/Fonts/Roboto-Regular.ttf' (155K)
[2018.10.18-14.06.02:395][  0]LogSlate: Took 0.000178 seconds to synchronously load lazily loaded font '../../../Engine/Content/Slate/Fonts/Roboto-Bold.ttf' (160K)
[2018.10.18-14.06.02:401][  0]LogSlate: Took 0.000244 seconds to synchronously load lazily loaded font '../../../Engine/Content/Editor/Slate/Fonts/FontAwesome.ttf' (139K)
[2018.10.18-14.06.02:476][  0]LogRenderer: Reallocating scene render targets to support 1208x600 Format 10 NumSamples 1 (Frame:1).
[2018.10.18-14.06.02:517][  0]LogSlate: Took 0.000220 seconds to synchronously load lazily loaded font '../../../Engine/Content/Slate/Fonts/Roboto-Light.ttf' (167K)
[2018.10.18-14.06.02:620][  0]LogContentBrowser: Native class hierarchy updated for 'HierarchicalLODOutliner' in 0.0004 seconds. Added 0 classes and 0 folders.
[2018.10.18-14.06.02:621][  0]LogLoad: (Engine Initialization) Total time: 12.68 seconds
[2018.10.18-14.06.02:621][  0]LogLoad: (Engine Initialization) Total Blueprint compile time: 0.00 seconds
[2018.10.18-14.06.02:630][  0]LogWindowsTextInputMethodSystem: Display: IME system now deactivated.
[2018.10.18-14.06.02:653][  0]LogContentStreaming: Texture pool size now 1000 MB
[2018.10.18-14.06.02:757][  1]LogAssetRegistry: Asset discovery search completed in 6.7545 seconds
[2018.10.18-14.06.02:759][  1]LogCollectionManager: Rebuilt the object cache for 0 collections in 0.000000 seconds (found 0 objects)
[2018.10.18-14.06.02:759][  1]LogCollectionManager: Fixed up redirectors for 0 collections in 0.000105 seconds (updated 0 objects)
[2018.10.18-14.06.04:597][165]LogSlate: FSceneViewport::OnFocusLost() reason 0
[2018.10.18-14.06.04:677][170]LogTemp: Repeating last play command: Selected Viewport
[2018.10.18-14.06.04:688][170]LogBlueprintUserMessages: Early PlayInEditor Detection: Level '/Game/StarterContent/Maps/Minimal_Default.Minimal_Default:PersistentLevel' has LevelScriptBlueprint '/Game/StarterContent/Maps/Minimal_Default.Minimal_Default:PersistentLevel.Minimal_Default' with GeneratedClass '/Game/StarterContent/Maps/Minimal_Default.Minimal_Default_C' with ClassGeneratedBy '/Game/StarterContent/Maps/Minimal_Default.Minimal_Default:PersistentLevel.Minimal_Default'
[2018.10.18-14.06.04:688][170]LogPlayLevel: PlayLevel: No blueprints needed recompiling
[2018.10.18-14.06.04:702][170]PIE: New page: PIE session: Minimal_Default (Oct 18, 2018, 4:06:04 PM)
[2018.10.18-14.06.04:702][170]LogPlayLevel: Creating play world package: /Game/StarterContent/Maps/UEDPIE_0_Minimal_Default
[2018.10.18-14.06.04:706][170]LogPlayLevel: PIE: StaticDuplicateObject took: (0.003581s)
[2018.10.18-14.06.04:707][170]LogAIModule: Creating AISystem for world Minimal_Default
[2018.10.18-14.06.04:707][170]LogPlayLevel: PIE: World Init took: (0.000920s)
[2018.10.18-14.06.04:707][170]LogPlayLevel: PIE: Created PIE world by copying editor world from /Game/StarterContent/Maps/Minimal_Default.Minimal_Default to /Game/StarterContent/Maps/UEDPIE_0_Minimal_Default.Minimal_Default (0.004823s)
[2018.10.18-14.06.04:766][170]LogInit: XAudio2 using 'Headset Earphone (Razer ManO'War)' : 2 channels at 48 kHz using 16 bits per sample (channel mask 0x3)
[2018.10.18-14.06.04:828][170]LogInit: FAudioDevice initialized.
[2018.10.18-14.06.05:035][170]LogLoad: Game class is 'MySideyCPPGameModeBase_C'
[2018.10.18-14.06.05:041][170]LogWorld: Bringing World /Game/StarterContent/Maps/UEDPIE_0_Minimal_Default.Minimal_Default up for play (max tick rate 0) at 2018.10.18-15.06.05
[2018.10.18-14.06.05:041][170]LogWorld: Bringing up level for play took: 0.003576
[2018.10.18-14.06.05:100][170]LogContentBrowser: Native class hierarchy updated for 'MovieSceneCapture' in 0.0004 seconds. Added 10 classes and 0 folders.
[2018.10.18-14.06.05:103][170]PIE: Play in editor start time for /Game/StarterContent/Maps/UEDPIE_0_Minimal_Default 0.507
[2018.10.18-14.06.05:103][170]LogBlueprintUserMessages: Late PlayInEditor Detection: Level '/Game/StarterContent/Maps/Minimal_Default.Minimal_Default:PersistentLevel' has LevelScriptBlueprint '/Game/StarterContent/Maps/Minimal_Default.Minimal_Default:PersistentLevel.Minimal_Default' with GeneratedClass '/Game/StarterContent/Maps/Minimal_Default.Minimal_Default_C' with ClassGeneratedBy '/Game/StarterContent/Maps/Minimal_Default.Minimal_Default:PersistentLevel.Minimal_Default'
[2018.10.18-14.06.05:104][170]LogBlueprintUserMessages: [Player_C_0] X=-1.000 Y=0.000 Z=0.000
[2018.10.18-14.06.05:127][171]LogBlueprintUserMessages: [Player_C_0] X=-1.000 Y=0.000 Z=0.000
[2018.10.18-14.06.05:139][172]LogBlueprintUserMessages: [Player_C_0] X=-1.000 Y=0.000 Z=0.000
[2018.10.18-14.06.05:146][173]LogBlueprintUserMessages: [Player_C_0] X=-1.000 Y=0.000 Z=0.000
[2018.10.18-14.06.05:155][174]LogBlueprintUserMessages: [Player_C_0] X=-1.000 Y=0.000 Z=0.000
[2018.10.18-14.06.05:178][175]LogBlueprintUserMessages: [Player_C_0] X=-1.000 Y=0.000 Z=0.000
[2018.10.18-14.06.05:245][176]LogBlueprintUserMessages: [Player_C_0] X=-1.000 Y=0.000 Z=0.000
[2018.10.18-14.06.05:253][177]LogBlueprintUserMessages: [Player_C_0] X=-1.000 Y=0.000 Z=0.000
[2018.10.18-14.06.05:261][178]LogBlueprintUserMessages: [Player_C_0] X=-1.000 Y=0.000 Z=0.000
[2018.10.18-14.06.05:270][179]LogBlueprintUserMessages: [Player_C_0] X=-1.000 Y=0.000 Z=0.000
[2018.10.18-14.06.05:278][180]LogBlueprintUserMessages: [Player_C_0] X=-1.000 Y=0.000 Z=0.000
[2018.10.18-14.06.05:287][181]LogBlueprintUserMessages: [Player_C_0] X=-1.000 Y=0.000 Z=0.000
[2018.10.18-14.06.05:295][182]LogBlueprintUserMessages: [Player_C_0] X=-1.000 Y=0.000 Z=0.000
[2018.10.18-14.06.05:303][183]LogBlueprintUserMessages: [Player_C_0] X=-1.000 Y=0.000 Z=0.000
[2018.10.18-14.06.05:312][184]LogBlueprintUserMessages: [Player_C_0] X=-1.000 Y=0.000 Z=0.000
[2018.10.18-14.06.05:320][185]LogBlueprintUserMessages: [Player_C_0] X=-1.000 Y=0.000 Z=0.000
[2018.10.18-14.06.05:328][186]LogBlueprintUserMessages: [Player_C_0] X=-1.000 Y=0.000 Z=0.000
[2018.10.18-14.06.05:337][187]LogBlueprintUserMessages: [Player_C_0] X=-1.000 Y=0.000 Z=0.000
[2018.10.18-14.06.05:346][188]LogBlueprintUserMessages: [Player_C_0] X=-1.000 Y=0.000 Z=0.000
[2018.10.18-14.06.05:354][189]LogBlueprintUserMessages: [Player_C_0] X=-1.000 Y=0.000 Z=0.000
[2018.10.18-14.06.05:362][190]LogBlueprintUserMessages: [Player_C_0] X=-1.000 Y=0.000 Z=0.000
[2018.10.18-14.06.05:370][191]LogBlueprintUserMessages: [Player_C_0] X=-1.000 Y=0.000 Z=0.000
[2018.10.18-14.06.05:379][192]LogBlueprintUserMessages: [Player_C_0] X=-1.000 Y=-0.003 Z=0.000
[2018.10.18-14.06.05:389][193]LogBlueprintUserMessages: [Player_C_0] X=-1.000 Y=-0.006 Z=0.000
[2018.10.18-14.06.05:396][194]LogBlueprintUserMessages: [Player_C_0] X=-1.000 Y=-0.010 Z=0.000
[2018.10.18-14.06.05:404][195]LogBlueprintUserMessages: [Player_C_0] X=-1.000 Y=-0.015 Z=0.000
[2018.10.18-14.06.05:412][196]LogBlueprintUserMessages: [Player_C_0] X=-1.000 Y=-0.024 Z=0.000
[2018.10.18-14.06.05:421][197]LogBlueprintUserMessages: [Player_C_0] X=-1.000 Y=-0.031 Z=0.000
[2018.10.18-14.06.05:429][198]LogBlueprintUserMessages: [Player_C_0] X=-0.999 Y=-0.037 Z=0.000
[2018.10.18-14.06.05:437][199]LogBlueprintUserMessages: [Player_C_0] X=-0.999 Y=-0.042 Z=0.000
[2018.10.18-14.06.05:446][200]LogBlueprintUserMessages: [Player_C_0] X=-0.999 Y=-0.045 Z=0.000
[2018.10.18-14.06.05:454][201]LogBlueprintUserMessages: [Player_C_0] X=-0.999 Y=-0.045 Z=0.000
[2018.10.18-14.06.05:462][202]LogBlueprintUserMessages: [Player_C_0] X=-0.999 Y=-0.045 Z=0.000
[2018.10.18-14.06.05:470][203]LogBlueprintUserMessages: [Player_C_0] X=-0.999 Y=-0.047 Z=0.000
[2018.10.18-14.06.05:479][204]LogBlueprintUserMessages: [Player_C_0] X=-0.999 Y=-0.047 Z=0.000
[2018.10.18-14.06.05:487][205]LogBlueprintUserMessages: [Player_C_0] X=-0.999 Y=-0.047 Z=0.000
[2018.10.18-14.06.05:495][206]LogBlueprintUserMessages: [Player_C_0] X=-0.999 Y=-0.047 Z=0.000
[2018.10.18-14.06.05:504][207]LogBlueprintUserMessages: [Player_C_0] X=-0.999 Y=-0.045 Z=0.000
[2018.10.18-14.06.05:512][208]LogBlueprintUserMessages: [Player_C_0] X=-0.999 Y=-0.045 Z=0.000
[2018.10.18-14.06.05:521][209]LogBlueprintUserMessages: [Player_C_0] X=-0.999 Y=-0.045 Z=0.000
[2018.10.18-14.06.05:529][210]LogBlueprintUserMessages: [Player_C_0] X=-0.999 Y=-0.045 Z=0.000
[2018.10.18-14.06.05:537][211]LogBlueprintUserMessages: [Player_C_0] X=-0.999 Y=-0.045 Z=0.000
[2018.10.18-14.06.05:546][212]LogBlueprintUserMessages: [Player_C_0] X=-0.999 Y=-0.045 Z=0.000
[2018.10.18-14.06.05:554][213]LogBlueprintUserMessages: [Player_C_0] X=-0.999 Y=-0.045 Z=0.000
[2018.10.18-14.06.05:562][214]LogBlueprintUserMessages: [Player_C_0] X=-0.999 Y=-0.047 Z=0.000
[2018.10.18-14.06.05:570][215]LogBlueprintUserMessages: [Player_C_0] X=-0.999 Y=-0.047 Z=0.000
[2018.10.18-14.06.05:578][216]LogBlueprintUserMessages: [Player_C_0] X=-0.999 Y=-0.047 Z=0.000
[2018.10.18-14.06.05:586][217]LogBlueprintUserMessages: [Player_C_0] X=-0.999 Y=-0.047 Z=0.000
[2018.10.18-14.06.05:595][218]LogBlueprintUserMessages: [Player_C_0] X=-0.999 Y=-0.047 Z=0.000
[2018.10.18-14.06.05:604][219]LogBlueprintUserMessages: [Player_C_0] X=-0.999 Y=-0.050 Z=0.000
[2018.10.18-14.06.05:612][220]LogBlueprintUserMessages: [Player_C_0] X=-0.999 Y=-0.052 Z=0.000
[2018.10.18-14.06.05:621][221]LogBlueprintUserMessages: [Player_C_0] X=-0.998 Y=-0.055 Z=0.000
[2018.10.18-14.06.05:629][222]LogBlueprintUserMessages: [Player_C_0] X=-0.998 Y=-0.062 Z=0.000
[2018.10.18-14.06.05:637][223]LogBlueprintUserMessages: [Player_C_0] X=-0.998 Y=-0.070 Z=0.000
[2018.10.18-14.06.05:645][224]LogBlueprintUserMessages: [Player_C_0] X=-0.997 Y=-0.077 Z=0.000
[2018.10.18-14.06.05:698][225]LogBlueprintUserMessages: [Player_C_0] X=-0.996 Y=-0.087 Z=0.000
[2018.10.18-14.06.05:704][226]LogBlueprintUserMessages: [Player_C_0] X=-0.995 Y=-0.095 Z=0.000
[2018.10.18-14.06.05:713][227]LogBlueprintUserMessages: [Player_C_0] X=-0.979 Y=-0.202 Z=0.000
[2018.10.18-14.06.05:721][228]LogBlueprintUserMessages: [Player_C_0] X=-0.978 Y=-0.208 Z=0.000
[2018.10.18-14.06.05:729][229]LogBlueprintUserMessages: [Player_C_0] X=-0.977 Y=-0.214 Z=0.000
[2018.10.18-14.06.05:738][230]LogBlueprintUserMessages: [Player_C_0] X=-0.976 Y=-0.217 Z=0.000
[2018.10.18-14.06.05:746][231]LogBlueprintUserMessages: [Player_C_0] X=-0.976 Y=-0.217 Z=0.000
[2018.10.18-14.06.05:754][232]LogBlueprintUserMessages: [Player_C_0] X=-0.976 Y=-0.217 Z=0.000
[2018.10.18-14.06.05:763][233]LogBlueprintUserMessages: [Player_C_0] X=-0.976 Y=-0.217 Z=0.000
[2018.10.18-14.06.05:771][234]LogBlueprintUserMessages: [Player_C_0] X=-0.976 Y=-0.217 Z=0.000
[2018.10.18-14.06.05:791][235]LogBlueprintUserMessages: [Player_C_0] X=-0.976 Y=-0.217 Z=0.000
[2018.10.18-14.06.05:822][236]LogBlueprintUserMessages: [Player_C_0] X=-0.976 Y=-0.217 Z=0.000
[2018.10.18-14.06.05:831][237]LogBlueprintUserMessages: [Player_C_0] X=-0.976 Y=-0.217 Z=0.000
[2018.10.18-14.06.05:839][238]LogBlueprintUserMessages: [Player_C_0] X=-0.976 Y=-0.217 Z=0.000
[2018.10.18-14.06.05:847][239]LogBlueprintUserMessages: [Player_C_0] X=-0.976 Y=-0.217 Z=0.000
[2018.10.18-14.06.05:856][240]LogBlueprintUserMessages: [Player_C_0] X=-0.976 Y=-0.217 Z=0.000
[2018.10.18-14.06.05:864][241]LogBlueprintUserMessages: [Player_C_0] X=-0.976 Y=-0.217 Z=0.000
[2018.10.18-14.06.05:872][242]LogBlueprintUserMessages: [Player_C_0] X=-0.976 Y=-0.217 Z=0.000
[2018.10.18-14.06.05:881][243]LogBlueprintUserMessages: [Player_C_0] X=-0.976 Y=-0.217 Z=0.000
[2018.10.18-14.06.05:889][244]LogBlueprintUserMessages: [Player_C_0] X=-0.976 Y=-0.217 Z=0.000
[2018.10.18-14.06.05:913][245]LogBlueprintUserMessages: [Player_C_0] X=-0.976 Y=-0.217 Z=0.000
[2018.10.18-14.06.05:946][246]LogBlueprintUserMessages: [Player_C_0] X=-0.976 Y=-0.217 Z=0.000
[2018.10.18-14.06.05:954][247]LogBlueprintUserMessages: [Player_C_0] X=-0.976 Y=-0.217 Z=0.000
[2018.10.18-14.06.05:962][248]LogBlueprintUserMessages: [Player_C_0] X=-0.976 Y=-0.217 Z=0.000
[2018.10.18-14.06.05:970][249]LogBlueprintUserMessages: [Player_C_0] X=-0.976 Y=-0.217 Z=0.000
[2018.10.18-14.06.05:979][250]LogBlueprintUserMessages: [Player_C_0] X=-0.976 Y=-0.217 Z=0.000
[2018.10.18-14.06.05:987][251]LogBlueprintUserMessages: [Player_C_0] X=-0.976 Y=-0.217 Z=0.000
[2018.10.18-14.06.05:995][252]LogBlueprintUserMessages: [Player_C_0] X=-0.976 Y=-0.217 Z=0.000
[2018.10.18-14.06.06:004][253]LogBlueprintUserMessages: [Player_C_0] X=-0.976 Y=-0.217 Z=0.000
[2018.10.18-14.06.06:012][254]LogBlueprintUserMessages: [Player_C_0] X=-0.976 Y=-0.217 Z=0.000
[2018.10.18-14.06.06:021][255]LogBlueprintUserMessages: [Player_C_0] X=-0.976 Y=-0.217 Z=0.000
[2018.10.18-14.06.06:029][256]LogBlueprintUserMessages: [Player_C_0] X=-0.976 Y=-0.217 Z=0.000
[2018.10.18-14.06.06:037][257]LogBlueprintUserMessages: [Player_C_0] X=-0.976 Y=-0.217 Z=0.000
[2018.10.18-14.06.06:046][258]LogBlueprintUserMessages: [Player_C_0] X=-0.976 Y=-0.217 Z=0.000
[2018.10.18-14.06.06:134][259]LogBlueprintUserMessages: [Player_C_0] X=-0.977 Y=-0.214 Z=0.000
[2018.10.18-14.06.06:139][260]LogBlueprintUserMessages: [Player_C_0] X=-0.977 Y=-0.214 Z=0.000
[2018.10.18-14.06.06:148][261]LogBlueprintUserMessages: [Player_C_0] X=-0.980 Y=-0.200 Z=0.000
[2018.10.18-14.06.06:156][262]LogBlueprintUserMessages: [Player_C_0] X=-0.980 Y=-0.200 Z=0.000
[2018.10.18-14.06.06:164][263]LogBlueprintUserMessages: [Player_C_0] X=-0.980 Y=-0.197 Z=0.000
[2018.10.18-14.06.06:173][264]LogBlueprintUserMessages: [Player_C_0] X=-0.980 Y=-0.197 Z=0.000
[2018.10.18-14.06.06:181][265]LogBlueprintUserMessages: [Player_C_0] X=-0.980 Y=-0.197 Z=0.000
[2018.10.18-14.06.06:190][266]LogBlueprintUserMessages: [Player_C_0] X=-0.980 Y=-0.197 Z=0.000
[2018.10.18-14.06.06:198][267]LogBlueprintUserMessages: [Player_C_0] X=-0.980 Y=-0.197 Z=0.000
[2018.10.18-14.06.06:206][268]LogBlueprintUserMessages: [Player_C_0] X=-0.980 Y=-0.197 Z=0.000
[2018.10.18-14.06.06:229][269]LogBlueprintUserMessages: [Player_C_0] X=-0.981 Y=-0.195 Z=0.000
[2018.10.18-14.06.06:297][270]LogBlueprintUserMessages: [Player_C_0] X=-0.981 Y=-0.195 Z=0.000
[2018.10.18-14.06.06:304][271]LogBlueprintUserMessages: [Player_C_0] X=-0.981 Y=-0.195 Z=0.000
[2018.10.18-14.06.06:312][272]LogBlueprintUserMessages: [Player_C_0] X=-0.986 Y=-0.166 Z=0.000
[2018.10.18-14.06.06:320][273]LogBlueprintUserMessages: [Player_C_0] X=-0.986 Y=-0.166 Z=0.000
[2018.10.18-14.06.06:328][274]LogBlueprintUserMessages: [Player_C_0] X=-0.986 Y=-0.166 Z=0.000
[2018.10.18-14.06.06:337][275]LogBlueprintUserMessages: [Player_C_0] X=-0.986 Y=-0.166 Z=0.000
[2018.10.18-14.06.06:345][276]LogBlueprintUserMessages: [Player_C_0] X=-0.987 Y=-0.163 Z=0.000
[2018.10.18-14.06.06:353][277]LogBlueprintUserMessages: [Player_C_0] X=-0.987 Y=-0.163 Z=0.000
[2018.10.18-14.06.06:362][278]LogBlueprintUserMessages: [Player_C_0] X=-0.987 Y=-0.163 Z=0.000
[2018.10.18-14.06.06:370][279]LogBlueprintUserMessages: [Player_C_0] X=-0.987 Y=-0.163 Z=0.000
[2018.10.18-14.06.06:379][280]LogBlueprintUserMessages: [Player_C_0] X=-0.987 Y=-0.161 Z=0.000
[2018.10.18-14.06.06:387][281]LogBlueprintUserMessages: [Player_C_0] X=-0.987 Y=-0.161 Z=0.000
[2018.10.18-14.06.06:395][282]LogBlueprintUserMessages: [Player_C_0] X=-0.987 Y=-0.158 Z=0.000
[2018.10.18-14.06.06:404][283]LogBlueprintUserMessages: [Player_C_0] X=-0.988 Y=-0.152 Z=0.000
[2018.10.18-14.06.06:411][284]LogBlueprintUserMessages: [Player_C_0] X=-0.989 Y=-0.149 Z=0.000
[2018.10.18-14.06.06:420][285]LogBlueprintUserMessages: [Player_C_0] X=-0.989 Y=-0.149 Z=0.000
[2018.10.18-14.06.06:428][286]LogBlueprintUserMessages: [Player_C_0] X=-0.990 Y=-0.144 Z=0.000
[2018.10.18-14.06.06:436][287]LogBlueprintUserMessages: [Player_C_0] X=-0.990 Y=-0.144 Z=0.000
[2018.10.18-14.06.06:445][288]LogBlueprintUserMessages: [Player_C_0] X=-0.990 Y=-0.142 Z=0.000
[2018.10.18-14.06.06:454][289]LogBlueprintUserMessages: [Player_C_0] X=-0.990 Y=-0.139 Z=0.000
[2018.10.18-14.06.06:461][290]LogBlueprintUserMessages: [Player_C_0] X=-0.990 Y=-0.139 Z=0.000
[2018.10.18-14.06.06:470][291]LogBlueprintUserMessages: [Player_C_0] X=-0.991 Y=-0.137 Z=0.000
[2018.10.18-14.06.06:478][292]LogBlueprintUserMessages: [Player_C_0] X=-0.991 Y=-0.137 Z=0.000
[2018.10.18-14.06.06:486][293]LogBlueprintUserMessages: [Player_C_0] X=-0.991 Y=-0.134 Z=0.000
[2018.10.18-14.06.06:495][294]LogBlueprintUserMessages: [Player_C_0] X=-0.991 Y=-0.134 Z=0.000
[2018.10.18-14.06.06:503][295]LogBlueprintUserMessages: [Player_C_0] X=-0.991 Y=-0.132 Z=0.000
[2018.10.18-14.06.06:511][296]LogBlueprintUserMessages: [Player_C_0] X=-0.992 Y=-0.129 Z=0.000
[2018.10.18-14.06.06:520][297]LogBlueprintUserMessages: [Player_C_0] X=-0.992 Y=-0.127 Z=0.000
[2018.10.18-14.06.06:528][298]LogBlueprintUserMessages: [Player_C_0] X=-0.992 Y=-0.124 Z=0.000
[2018.10.18-14.06.06:537][299]LogBlueprintUserMessages: [Player_C_0] X=-0.993 Y=-0.122 Z=0.000
[2018.10.18-14.06.06:545][300]LogBlueprintUserMessages: [Player_C_0] X=-0.993 Y=-0.118 Z=0.000
[2018.10.18-14.06.06:553][301]LogBlueprintUserMessages: [Player_C_0] X=-0.993 Y=-0.115 Z=0.000
[2018.10.18-14.06.06:561][302]LogBlueprintUserMessages: [Player_C_0] X=-0.994 Y=-0.113 Z=0.000
[2018.10.18-14.06.06:569][303]LogBlueprintUserMessages: [Player_C_0] X=-0.994 Y=-0.113 Z=0.000
[2018.10.18-14.06.06:578][304]LogBlueprintUserMessages: [Player_C_0] X=-0.994 Y=-0.110 Z=0.000
[2018.10.18-14.06.06:586][305]LogBlueprintUserMessages: [Player_C_0] X=-0.994 Y=-0.108 Z=0.000
[2018.10.18-14.06.06:595][306]LogBlueprintUserMessages: [Player_C_0] X=-0.994 Y=-0.108 Z=0.000
[2018.10.18-14.06.06:603][307]LogBlueprintUserMessages: [Player_C_0] X=-0.994 Y=-0.108 Z=0.000
[2018.10.18-14.06.06:611][308]LogBlueprintUserMessages: [Player_C_0] X=-0.994 Y=-0.105 Z=0.000
[2018.10.18-14.06.06:620][309]LogBlueprintUserMessages: [Player_C_0] X=-0.994 Y=-0.105 Z=0.000
[2018.10.18-14.06.06:628][310]LogBlueprintUserMessages: [Player_C_0] X=-0.994 Y=-0.105 Z=0.000
[2018.10.18-14.06.06:636][311]LogBlueprintUserMessages: [Player_C_0] X=-0.995 Y=-0.103 Z=0.000
[2018.10.18-14.06.06:645][312]LogBlueprintUserMessages: [Player_C_0] X=-0.995 Y=-0.103 Z=0.000
[2018.10.18-14.06.06:653][313]LogBlueprintUserMessages: [Player_C_0] X=-0.995 Y=-0.103 Z=0.000
[2018.10.18-14.06.06:661][314]LogBlueprintUserMessages: [Player_C_0] X=-0.995 Y=-0.103 Z=0.000
[2018.10.18-14.06.06:670][315]LogBlueprintUserMessages: [Player_C_0] X=-0.995 Y=-0.100 Z=0.000
[2018.10.18-14.06.06:678][316]LogBlueprintUserMessages: [Player_C_0] X=-0.995 Y=-0.100 Z=0.000
[2018.10.18-14.06.06:686][317]LogBlueprintUserMessages: [Player_C_0] X=-0.995 Y=-0.100 Z=0.000
[2018.10.18-14.06.06:695][318]LogBlueprintUserMessages: [Player_C_0] X=-0.995 Y=-0.100 Z=0.000
[2018.10.18-14.06.06:743][319]LogBlueprintUserMessages: [Player_C_0] X=-0.995 Y=-0.100 Z=0.000
[2018.10.18-14.06.06:751][320]LogBlueprintUserMessages: [Player_C_0] X=-0.995 Y=-0.100 Z=0.000
[2018.10.18-14.06.06:759][321]LogBlueprintUserMessages: [Player_C_0] X=-0.995 Y=-0.100 Z=0.000
[2018.10.18-14.06.06:768][322]LogBlueprintUserMessages: [Player_C_0] X=-0.995 Y=-0.100 Z=0.000
[2018.10.18-14.06.06:776][323]LogBlueprintUserMessages: [Player_C_0] X=-0.995 Y=-0.100 Z=0.000
[2018.10.18-14.06.06:784][324]LogBlueprintUserMessages: [Player_C_0] X=-0.995 Y=-0.100 Z=0.000
[2018.10.18-14.06.06:793][325]LogBlueprintUserMessages: [Player_C_0] X=-0.995 Y=-0.100 Z=0.000
[2018.10.18-14.06.06:801][326]LogBlueprintUserMessages: [Player_C_0] X=-0.995 Y=-0.100 Z=0.000
[2018.10.18-14.06.06:809][327]LogBlueprintUserMessages: [Player_C_0] X=-0.995 Y=-0.100 Z=0.000
[2018.10.18-14.06.06:818][328]LogBlueprintUserMessages: [Player_C_0] X=-0.995 Y=-0.100 Z=0.000
[2018.10.18-14.06.06:837][329]LogBlueprintUserMessages: [Player_C_0] X=-0.995 Y=-0.100 Z=0.000
[2018.10.18-14.06.06:870][330]LogBlueprintUserMessages: [Player_C_0] X=-0.995 Y=-0.100 Z=0.000
[2018.10.18-14.06.06:877][331]LogBlueprintUserMessages: [Player_C_0] X=-0.995 Y=-0.100 Z=0.000
[2018.10.18-14.06.06:885][332]LogBlueprintUserMessages: [Player_C_0] X=-0.995 Y=-0.100 Z=0.000
[2018.10.18-14.06.06:894][333]LogBlueprintUserMessages: [Player_C_0] X=-0.995 Y=-0.100 Z=0.000
[2018.10.18-14.06.06:902][334]LogBlueprintUserMessages: [Player_C_0] X=-0.995 Y=-0.100 Z=0.000
[2018.10.18-14.06.06:910][335]LogBlueprintUserMessages: [Player_C_0] X=-0.995 Y=-0.100 Z=0.000
[2018.10.18-14.06.06:919][336]LogBlueprintUserMessages: [Player_C_0] X=-0.995 Y=-0.100 Z=0.000
[2018.10.18-14.06.06:927][337]LogBlueprintUserMessages: [Player_C_0] X=-0.995 Y=-0.100 Z=0.000
[2018.10.18-14.06.06:935][338]LogBlueprintUserMessages: [Player_C_0] X=-0.995 Y=-0.100 Z=0.000
[2018.10.18-14.06.06:954][339]LogBlueprintUserMessages: [Player_C_0] X=-0.995 Y=-0.100 Z=0.000
[2018.10.18-14.06.06:990][340]LogBlueprintUserMessages: [Player_C_0] X=-0.995 Y=-0.100 Z=0.000
[2018.10.18-14.06.06:998][341]LogBlueprintUserMessages: [Player_C_0] X=-0.995 Y=-0.100 Z=0.000
[2018.10.18-14.06.07:006][342]LogBlueprintUserMessages: [Player_C_0] X=-0.995 Y=-0.100 Z=0.000
[2018.10.18-14.06.07:015][343]LogBlueprintUserMessages: [Player_C_0] X=-0.995 Y=-0.100 Z=0.000
[2018.10.18-14.06.07:023][344]LogBlueprintUserMessages: [Player_C_0] X=-0.995 Y=-0.100 Z=0.000
[2018.10.18-14.06.07:031][345]LogBlueprintUserMessages: [Player_C_0] X=-0.995 Y=-0.100 Z=0.000
[2018.10.18-14.06.07:040][346]LogBlueprintUserMessages: [Player_C_0] X=-0.995 Y=-0.100 Z=0.000
[2018.10.18-14.06.07:048][347]LogBlueprintUserMessages: [Player_C_0] X=-0.995 Y=-0.100 Z=0.000
[2018.10.18-14.06.07:056][348]LogBlueprintUserMessages: [Player_C_0] X=-0.995 Y=-0.100 Z=0.000
[2018.10.18-14.06.07:065][349]LogBlueprintUserMessages: [Player_C_0] X=-0.995 Y=-0.100 Z=0.000
[2018.10.18-14.06.07:073][350]LogBlueprintUserMessages: [Player_C_0] X=-0.995 Y=-0.100 Z=0.000
[2018.10.18-14.06.07:081][351]LogBlueprintUserMessages: [Player_C_0] X=-0.995 Y=-0.100 Z=0.000
[2018.10.18-14.06.07:090][352]LogBlueprintUserMessages: [Player_C_0] X=-0.995 Y=-0.100 Z=0.000
[2018.10.18-14.06.07:112][353]LogBlueprintUserMessages: [Player_C_0] X=-0.995 Y=-0.100 Z=0.000
[2018.10.18-14.06.07:180][354]LogBlueprintUserMessages: [Player_C_0] X=-0.995 Y=-0.100 Z=0.000
[2018.10.18-14.06.07:184][355]LogBlueprintUserMessages: [Player_C_0] X=-0.995 Y=-0.100 Z=0.000
[2018.10.18-14.06.07:193][356]LogBlueprintUserMessages: [Player_C_0] X=-0.997 Y=-0.082 Z=0.000
[2018.10.18-14.06.07:201][357]LogBlueprintUserMessages: [Player_C_0] X=-0.997 Y=-0.082 Z=0.000
[2018.10.18-14.06.07:210][358]LogBlueprintUserMessages: [Player_C_0] X=-0.997 Y=-0.082 Z=0.000
[2018.10.18-14.06.07:218][359]LogBlueprintUserMessages: [Player_C_0] X=-0.997 Y=-0.082 Z=0.000
[2018.10.18-14.06.07:226][360]LogBlueprintUserMessages: [Player_C_0] X=-0.997 Y=-0.082 Z=0.000
[2018.10.18-14.06.07:235][361]LogBlueprintUserMessages: [Player_C_0] X=-0.997 Y=-0.082 Z=0.000
[2018.10.18-14.06.07:243][362]LogBlueprintUserMessages: [Player_C_0] X=-0.997 Y=-0.082 Z=0.000
[2018.10.18-14.06.07:251][363]LogBlueprintUserMessages: [Player_C_0] X=-0.997 Y=-0.082 Z=0.000
[2018.10.18-14.06.07:335][364]LogBlueprintUserMessages: [Player_C_0] X=-0.997 Y=-0.082 Z=0.000
[2018.10.18-14.06.07:345][365]LogBlueprintUserMessages: [Player_C_0] X=-0.997 Y=-0.082 Z=0.000
[2018.10.18-14.06.07:354][366]LogBlueprintUserMessages: [Player_C_0] X=-0.997 Y=-0.079 Z=0.000
[2018.10.18-14.06.07:362][367]LogBlueprintUserMessages: [Player_C_0] X=-0.997 Y=-0.079 Z=0.000
[2018.10.18-14.06.07:371][368]LogBlueprintUserMessages: [Player_C_0] X=-0.997 Y=-0.079 Z=0.000
[2018.10.18-14.06.07:379][369]LogBlueprintUserMessages: [Player_C_0] X=-0.997 Y=-0.079 Z=0.000
[2018.10.18-14.06.07:387][370]LogBlueprintUserMessages: [Player_C_0] X=-0.997 Y=-0.079 Z=0.000
[2018.10.18-14.06.07:396][371]LogBlueprintUserMessages: [Player_C_0] X=-0.997 Y=-0.079 Z=0.000
[2018.10.18-14.06.07:404][372]LogBlueprintUserMessages: [Player_C_0] X=-0.997 Y=-0.079 Z=0.000
[2018.10.18-14.06.07:413][373]LogBlueprintUserMessages: [Player_C_0] X=-0.997 Y=-0.079 Z=0.000
[2018.10.18-14.06.07:421][374]LogBlueprintUserMessages: [Player_C_0] X=-0.997 Y=-0.079 Z=0.000
[2018.10.18-14.06.07:429][375]LogBlueprintUserMessages: [Player_C_0] X=-0.997 Y=-0.079 Z=0.000
[2018.10.18-14.06.07:438][376]LogBlueprintUserMessages: [Player_C_0] X=-0.997 Y=-0.079 Z=0.000
[2018.10.18-14.06.07:446][377]LogBlueprintUserMessages: [Player_C_0] X=-0.997 Y=-0.079 Z=0.000
[2018.10.18-14.06.07:455][378]LogBlueprintUserMessages: [Player_C_0] X=-0.997 Y=-0.079 Z=0.000
[2018.10.18-14.06.07:463][379]LogBlueprintUserMessages: [Player_C_0] X=-0.997 Y=-0.079 Z=0.000
[2018.10.18-14.06.07:471][380]LogBlueprintUserMessages: [Player_C_0] X=-0.997 Y=-0.079 Z=0.000
[2018.10.18-14.06.07:479][381]LogBlueprintUserMessages: [Player_C_0] X=-0.997 Y=-0.079 Z=0.000
[2018.10.18-14.06.07:487][382]LogBlueprintUserMessages: [Player_C_0] X=-0.997 Y=-0.079 Z=0.000
[2018.10.18-14.06.07:495][383]LogBlueprintUserMessages: [Player_C_0] X=-0.997 Y=-0.079 Z=0.000
[2018.10.18-14.06.07:504][384]LogBlueprintUserMessages: [Player_C_0] X=-0.997 Y=-0.079 Z=0.000
[2018.10.18-14.06.07:512][385]LogBlueprintUserMessages: [Player_C_0] X=-0.997 Y=-0.079 Z=0.000
[2018.10.18-14.06.07:520][386]LogBlueprintUserMessages: [Player_C_0] X=-0.997 Y=-0.079 Z=0.000
[2018.10.18-14.06.07:529][387]LogBlueprintUserMessages: [Player_C_0] X=-0.997 Y=-0.079 Z=0.000
[2018.10.18-14.06.07:537][388]LogBlueprintUserMessages: [Player_C_0] X=-0.997 Y=-0.079 Z=0.000
[2018.10.18-14.06.07:545][389]LogBlueprintUserMessages: [Player_C_0] X=-0.997 Y=-0.079 Z=0.000
[2018.10.18-14.06.07:554][390]LogBlueprintUserMessages: [Player_C_0] X=-0.997 Y=-0.079 Z=0.000
[2018.10.18-14.06.07:562][391]LogBlueprintUserMessages: [Player_C_0] X=-0.997 Y=-0.079 Z=0.000
[2018.10.18-14.06.07:570][392]LogBlueprintUserMessages: [Player_C_0] X=-0.997 Y=-0.079 Z=0.000
[2018.10.18-14.06.07:579][393]LogBlueprintUserMessages: [Player_C_0] X=-0.997 Y=-0.079 Z=0.000
[2018.10.18-14.06.07:587][394]LogBlueprintUserMessages: [Player_C_0] X=-0.997 Y=-0.079 Z=0.000
[2018.10.18-14.06.07:596][395]LogBlueprintUserMessages: [Player_C_0] X=-0.997 Y=-0.079 Z=0.000
[2018.10.18-14.06.07:604][396]LogBlueprintUserMessages: [Player_C_0] X=-0.997 Y=-0.079 Z=0.000
[2018.10.18-14.06.07:612][397]LogBlueprintUserMessages: [Player_C_0] X=-0.997 Y=-0.079 Z=0.000
[2018.10.18-14.06.07:621][398]LogBlueprintUserMessages: [Player_C_0] X=-0.997 Y=-0.079 Z=0.000
[2018.10.18-14.06.07:629][399]LogBlueprintUserMessages: [Player_C_0] X=-0.997 Y=-0.079 Z=0.000
[2018.10.18-14.06.07:637][400]LogBlueprintUserMessages: [Player_C_0] X=-0.997 Y=-0.079 Z=0.000
[2018.10.18-14.06.07:646][401]LogBlueprintUserMessages: [Player_C_0] X=-0.997 Y=-0.079 Z=0.000
[2018.10.18-14.06.07:654][402]LogBlueprintUserMessages: [Player_C_0] X=-0.997 Y=-0.079 Z=0.000
[2018.10.18-14.06.07:663][403]LogBlueprintUserMessages: [Player_C_0] X=-0.997 Y=-0.079 Z=0.000
[2018.10.18-14.06.07:672][404]LogBlueprintUserMessages: [Player_C_0] X=-0.997 Y=-0.079 Z=0.000
[2018.10.18-14.06.07:679][405]LogBlueprintUserMessages: [Player_C_0] X=-0.997 Y=-0.079 Z=0.000
[2018.10.18-14.06.07:688][406]LogBlueprintUserMessages: [Player_C_0] X=-0.997 Y=-0.079 Z=0.000
[2018.10.18-14.06.07:696][407]LogBlueprintUserMessages: [Player_C_0] X=-0.997 Y=-0.079 Z=0.000
[2018.10.18-14.06.07:704][408]LogBlueprintUserMessages: [Player_C_0] X=-0.997 Y=-0.079 Z=0.000
[2018.10.18-14.06.07:712][409]LogBlueprintUserMessages: [Player_C_0] X=-0.997 Y=-0.079 Z=0.000
[2018.10.18-14.06.07:721][410]LogBlueprintUserMessages: [Player_C_0] X=-0.997 Y=-0.079 Z=0.000
[2018.10.18-14.06.07:729][411]LogBlueprintUserMessages: [Player_C_0] X=-0.997 Y=-0.079 Z=0.000
[2018.10.18-14.06.07:737][412]LogBlueprintUserMessages: [Player_C_0] X=-0.997 Y=-0.079 Z=0.000
[2018.10.18-14.06.07:759][413]LogBlueprintUserMessages: [Player_C_0] X=-0.997 Y=-0.079 Z=0.000
[2018.10.18-14.06.07:791][414]LogBlueprintUserMessages: [Player_C_0] X=-0.997 Y=-0.079 Z=0.000
[2018.10.18-14.06.07:799][415]LogBlueprintUserMessages: [Player_C_0] X=-0.997 Y=-0.079 Z=0.000
[2018.10.18-14.06.07:808][416]LogBlueprintUserMessages: [Player_C_0] X=-0.997 Y=-0.079 Z=0.000
[2018.10.18-14.06.07:816][417]LogBlueprintUserMessages: [Player_C_0] X=-0.997 Y=-0.079 Z=0.000
[2018.10.18-14.06.07:825][418]LogBlueprintUserMessages: [Player_C_0] X=-0.997 Y=-0.079 Z=0.000
[2018.10.18-14.06.07:833][419]LogBlueprintUserMessages: [Player_C_0] X=-0.997 Y=-0.079 Z=0.000
[2018.10.18-14.06.07:841][420]LogBlueprintUserMessages: [Player_C_0] X=-0.997 Y=-0.079 Z=0.000
[2018.10.18-14.06.07:850][421]LogBlueprintUserMessages: [Player_C_0] X=-0.997 Y=-0.079 Z=0.000
[2018.10.18-14.06.07:858][422]LogBlueprintUserMessages: [Player_C_0] X=-0.997 Y=-0.079 Z=0.000
[2018.10.18-14.06.07:866][423]LogBlueprintUserMessages: [Player_C_0] X=-0.997 Y=-0.079 Z=0.000
[2018.10.18-14.06.07:913][424]LogBlueprintUserMessages: [Player_C_0] X=-0.997 Y=-0.079 Z=0.000
[2018.10.18-14.06.07:919][425]LogBlueprintUserMessages: [Player_C_0] X=-0.997 Y=-0.079 Z=0.000
[2018.10.18-14.06.07:927][426]LogBlueprintUserMessages: [Player_C_0] X=-0.997 Y=-0.079 Z=0.000
[2018.10.18-14.06.07:935][427]LogBlueprintUserMessages: [Player_C_0] X=-0.997 Y=-0.079 Z=0.000
[2018.10.18-14.06.07:944][428]LogBlueprintUserMessages: [Player_C_0] X=-0.997 Y=-0.079 Z=0.000
[2018.10.18-14.06.07:952][429]LogBlueprintUserMessages: [Player_C_0] X=-0.997 Y=-0.079 Z=0.000
[2018.10.18-14.06.07:961][430]LogBlueprintUserMessages: [Player_C_0] X=-0.997 Y=-0.079 Z=0.000
[2018.10.18-14.06.07:969][431]LogBlueprintUserMessages: [Player_C_0] X=-0.997 Y=-0.079 Z=0.000
[2018.10.18-14.06.07:977][432]LogBlueprintUserMessages: [Player_C_0] X=-0.997 Y=-0.079 Z=0.000
[2018.10.18-14.06.07:986][433]LogBlueprintUserMessages: [Player_C_0] X=-0.997 Y=-0.079 Z=0.000
[2018.10.18-14.06.08:007][434]LogBlueprintUserMessages: [Player_C_0] X=-0.997 Y=-0.079 Z=0.000
[2018.10.18-14.06.08:037][435]LogBlueprintUserMessages: [Player_C_0] X=-0.997 Y=-0.079 Z=0.000
[2018.10.18-14.06.08:045][436]LogBlueprintUserMessages: [Player_C_0] X=-0.997 Y=-0.079 Z=0.000
[2018.10.18-14.06.08:053][437]LogBlueprintUserMessages: [Player_C_0] X=-0.997 Y=-0.079 Z=0.000
[2018.10.18-14.06.08:062][438]LogBlueprintUserMessages: [Player_C_0] X=-0.997 Y=-0.079 Z=0.000
[2018.10.18-14.06.08:070][439]LogBlueprintUserMessages: [Player_C_0] X=-0.997 Y=-0.079 Z=0.000
[2018.10.18-14.06.08:078][440]LogBlueprintUserMessages: [Player_C_0] X=-0.997 Y=-0.079 Z=0.000
[2018.10.18-14.06.08:087][441]LogBlueprintUserMessages: [Player_C_0] X=-0.997 Y=-0.079 Z=0.000
[2018.10.18-14.06.08:095][442]LogBlueprintUserMessages: [Player_C_0] X=-0.997 Y=-0.079 Z=0.000
[2018.10.18-14.06.08:103][443]LogBlueprintUserMessages: [Player_C_0] X=-0.997 Y=-0.079 Z=0.000
[2018.10.18-14.06.08:112][444]LogBlueprintUserMessages: [Player_C_0] X=-0.997 Y=-0.079 Z=0.000
[2018.10.18-14.06.08:120][445]LogBlueprintUserMessages: [Player_C_0] X=-0.997 Y=-0.079 Z=0.000
[2018.10.18-14.06.08:129][446]LogBlueprintUserMessages: [Player_C_0] X=-0.997 Y=-0.079 Z=0.000
[2018.10.18-14.06.08:137][447]LogBlueprintUserMessages: [Player_C_0] X=-0.997 Y=-0.079 Z=0.000
[2018.10.18-14.06.08:159][448]LogBlueprintUserMessages: [Player_C_0] X=-0.997 Y=-0.079 Z=0.000
[2018.10.18-14.06.08:220][449]LogBlueprintUserMessages: [Player_C_0] X=-0.997 Y=-0.079 Z=0.000
[2018.10.18-14.06.08:228][450]LogBlueprintUserMessages: [Player_C_0] X=-0.997 Y=-0.079 Z=0.000
[2018.10.18-14.06.08:237][451]LogBlueprintUserMessages: [Player_C_0] X=-0.997 Y=-0.079 Z=0.000
[2018.10.18-14.06.08:245][452]LogBlueprintUserMessages: [Player_C_0] X=-0.997 Y=-0.079 Z=0.000
[2018.10.18-14.06.08:253][453]LogBlueprintUserMessages: [Player_C_0] X=-0.997 Y=-0.079 Z=0.000
[2018.10.18-14.06.08:262][454]LogBlueprintUserMessages: [Player_C_0] X=-0.997 Y=-0.079 Z=0.000
[2018.10.18-14.06.08:271][455]LogBlueprintUserMessages: [Player_C_0] X=-0.997 Y=-0.079 Z=0.000
[2018.10.18-14.06.08:279][456]LogBlueprintUserMessages: [Player_C_0] X=-0.997 Y=-0.079 Z=0.000
[2018.10.18-14.06.08:286][457]LogBlueprintUserMessages: [Player_C_0] X=-0.997 Y=-0.079 Z=0.000
[2018.10.18-14.06.08:295][458]LogBlueprintUserMessages: [Player_C_0] X=-0.997 Y=-0.079 Z=0.000
[2018.10.18-14.06.08:303][459]LogBlueprintUserMessages: [Player_C_0] X=-0.997 Y=-0.079 Z=0.000
[2018.10.18-14.06.08:323][460]LogBlueprintUserMessages: [Player_C_0] X=-0.997 Y=-0.079 Z=0.000
[2018.10.18-14.06.08:372][461]LogBlueprintUserMessages: [Player_C_0] X=-0.997 Y=-0.079 Z=0.000
[2018.10.18-14.06.08:393][462]LogBlueprintUserMessages: [Player_C_0] X=-0.997 Y=-0.079 Z=0.000
[2018.10.18-14.06.08:401][463]LogBlueprintUserMessages: [Player_C_0] X=-0.997 Y=-0.079 Z=0.000
[2018.10.18-14.06.08:409][464]LogBlueprintUserMessages: [Player_C_0] X=-0.997 Y=-0.079 Z=0.000
[2018.10.18-14.06.08:418][465]LogBlueprintUserMessages: [Player_C_0] X=-0.997 Y=-0.079 Z=0.000
[2018.10.18-14.06.08:426][466]LogBlueprintUserMessages: [Player_C_0] X=-0.997 Y=-0.079 Z=0.000
[2018.10.18-14.06.08:434][467]LogBlueprintUserMessages: [Player_C_0] X=-0.997 Y=-0.079 Z=0.000
[2018.10.18-14.06.08:443][468]LogBlueprintUserMessages: [Player_C_0] X=-0.997 Y=-0.079 Z=0.000
[2018.10.18-14.06.08:451][469]LogBlueprintUserMessages: [Player_C_0] X=-0.997 Y=-0.079 Z=0.000
[2018.10.18-14.06.08:460][470]LogBlueprintUserMessages: [Player_C_0] X=-0.997 Y=-0.079 Z=0.000
[2018.10.18-14.06.08:468][471]LogBlueprintUserMessages: [Player_C_0] X=-0.997 Y=-0.079 Z=0.000
[2018.10.18-14.06.08:477][472]LogBlueprintUserMessages: [Player_C_0] X=-0.997 Y=-0.079 Z=0.000
[2018.10.18-14.06.08:485][473]LogBlueprintUserMessages: [Player_C_0] X=-0.997 Y=-0.079 Z=0.000
[2018.10.18-14.06.08:493][474]LogBlueprintUserMessages: [Player_C_0] X=-0.997 Y=-0.079 Z=0.000
[2018.10.18-14.06.08:501][475]LogBlueprintUserMessages: [Player_C_0] X=-0.997 Y=-0.079 Z=0.000
[2018.10.18-14.06.08:510][476]LogBlueprintUserMessages: [Player_C_0] X=-0.997 Y=-0.079 Z=0.000
[2018.10.18-14.06.08:518][477]LogBlueprintUserMessages: [Player_C_0] X=-0.997 Y=-0.079 Z=0.000
[2018.10.18-14.06.08:526][478]LogBlueprintUserMessages: [Player_C_0] X=-0.997 Y=-0.079 Z=0.000
[2018.10.18-14.06.08:535][479]LogBlueprintUserMessages: [Player_C_0] X=-0.997 Y=-0.079 Z=0.000
[2018.10.18-14.06.08:543][480]LogBlueprintUserMessages: [Player_C_0] X=-0.997 Y=-0.079 Z=0.000
[2018.10.18-14.06.08:551][481]LogBlueprintUserMessages: [Player_C_0] X=-0.997 Y=-0.079 Z=0.000
[2018.10.18-14.06.08:560][482]LogBlueprintUserMessages: [Player_C_0] X=-0.997 Y=-0.079 Z=0.000
[2018.10.18-14.06.08:568][483]LogBlueprintUserMessages: [Player_C_0] X=-0.997 Y=-0.079 Z=0.000
[2018.10.18-14.06.08:576][484]LogBlueprintUserMessages: [Player_C_0] X=-0.997 Y=-0.079 Z=0.000
[2018.10.18-14.06.08:585][485]LogBlueprintUserMessages: [Player_C_0] X=-0.997 Y=-0.079 Z=0.000
[2018.10.18-14.06.08:593][486]LogBlueprintUserMessages: [Player_C_0] X=-0.997 Y=-0.079 Z=0.000
[2018.10.18-14.06.08:601][487]LogBlueprintUserMessages: [Player_C_0] X=-0.997 Y=-0.079 Z=0.000
[2018.10.18-14.06.08:610][488]LogBlueprintUserMessages: [Player_C_0] X=-0.997 Y=-0.079 Z=0.000
[2018.10.18-14.06.08:618][489]LogBlueprintUserMessages: [Player_C_0] X=-0.997 Y=-0.079 Z=0.000
[2018.10.18-14.06.08:627][490]LogBlueprintUserMessages: [Player_C_0] X=-0.997 Y=-0.079 Z=0.000
[2018.10.18-14.06.08:635][491]LogBlueprintUserMessages: [Player_C_0] X=-0.997 Y=-0.079 Z=0.000
[2018.10.18-14.06.08:643][492]LogBlueprintUserMessages: [Player_C_0] X=-0.997 Y=-0.079 Z=0.000
[2018.10.18-14.06.08:652][493]LogBlueprintUserMessages: [Player_C_0] X=-0.997 Y=-0.079 Z=0.000
[2018.10.18-14.06.08:660][494]LogBlueprintUserMessages: [Player_C_0] X=-0.997 Y=-0.079 Z=0.000
[2018.10.18-14.06.08:668][495]LogBlueprintUserMessages: [Player_C_0] X=-0.997 Y=-0.079 Z=0.000
[2018.10.18-14.06.08:676][496]LogBlueprintUserMessages: [Player_C_0] X=-0.997 Y=-0.079 Z=0.000
[2018.10.18-14.06.08:684][497]LogBlueprintUserMessages: [Player_C_0] X=-0.997 Y=-0.079 Z=0.000
[2018.10.18-14.06.08:692][498]LogBlueprintUserMessages: [Player_C_0] X=-0.997 Y=-0.079 Z=0.000
[2018.10.18-14.06.08:701][499]LogBlueprintUserMessages: [Player_C_0] X=-0.997 Y=-0.079 Z=0.000
[2018.10.18-14.06.08:709][500]LogBlueprintUserMessages: [Player_C_0] X=-0.997 Y=-0.079 Z=0.000
[2018.10.18-14.06.08:718][501]LogBlueprintUserMessages: [Player_C_0] X=-0.997 Y=-0.079 Z=0.000
[2018.10.18-14.06.08:726][502]LogBlueprintUserMessages: [Player_C_0] X=-0.997 Y=-0.079 Z=0.000
[2018.10.18-14.06.08:734][503]LogBlueprintUserMessages: [Player_C_0] X=-0.997 Y=-0.079 Z=0.000
[2018.10.18-14.06.08:742][504]LogBlueprintUserMessages: [Player_C_0] X=-0.997 Y=-0.079 Z=0.000
[2018.10.18-14.06.08:751][505]LogBlueprintUserMessages: [Player_C_0] X=-0.997 Y=-0.079 Z=0.000
[2018.10.18-14.06.08:759][506]LogBlueprintUserMessages: [Player_C_0] X=-0.997 Y=-0.079 Z=0.000
[2018.10.18-14.06.08:768][507]LogBlueprintUserMessages: [Player_C_0] X=-0.997 Y=-0.079 Z=0.000
[2018.10.18-14.06.08:776][508]LogBlueprintUserMessages: [Player_C_0] X=-0.997 Y=-0.079 Z=0.000
[2018.10.18-14.06.08:784][509]LogBlueprintUserMessages: [Player_C_0] X=-0.997 Y=-0.079 Z=0.000
[2018.10.18-14.06.08:807][510]LogBlueprintUserMessages: [Player_C_0] X=-0.997 Y=-0.079 Z=0.000
[2018.10.18-14.06.08:840][511]LogBlueprintUserMessages: [Player_C_0] X=-0.997 Y=-0.079 Z=0.000
[2018.10.18-14.06.08:849][512]LogBlueprintUserMessages: [Player_C_0] X=-0.997 Y=-0.079 Z=0.000
[2018.10.18-14.06.08:857][513]LogBlueprintUserMessages: [Player_C_0] X=-0.997 Y=-0.079 Z=0.000
[2018.10.18-14.06.08:866][514]LogBlueprintUserMessages: [Player_C_0] X=-0.997 Y=-0.079 Z=0.000
[2018.10.18-14.06.08:874][515]LogBlueprintUserMessages: [Player_C_0] X=-0.997 Y=-0.079 Z=0.000
[2018.10.18-14.06.08:882][516]LogBlueprintUserMessages: [Player_C_0] X=-0.997 Y=-0.079 Z=0.000
[2018.10.18-14.06.08:891][517]LogBlueprintUserMessages: [Player_C_0] X=-0.997 Y=-0.079 Z=0.000
[2018.10.18-14.06.08:899][518]LogBlueprintUserMessages: [Player_C_0] X=-0.997 Y=-0.079 Z=0.000
[2018.10.18-14.06.08:907][519]LogBlueprintUserMessages: [Player_C_0] X=-0.997 Y=-0.079 Z=0.000
[2018.10.18-14.06.08:931][520]LogBlueprintUserMessages: [Player_C_0] X=-0.997 Y=-0.079 Z=0.000
[2018.10.18-14.06.08:963][521]LogBlueprintUserMessages: [Player_C_0] X=-0.997 Y=-0.079 Z=0.000
[2018.10.18-14.06.08:971][522]LogBlueprintUserMessages: [Player_C_0] X=-0.997 Y=-0.079 Z=0.000
[2018.10.18-14.06.08:979][523]LogBlueprintUserMessages: [Player_C_0] X=-0.997 Y=-0.079 Z=0.000
[2018.10.18-14.06.08:988][524]LogBlueprintUserMessages: [Player_C_0] X=-0.997 Y=-0.079 Z=0.000
[2018.10.18-14.06.08:996][525]LogBlueprintUserMessages: [Player_C_0] X=-0.997 Y=-0.079 Z=0.000
[2018.10.18-14.06.09:004][526]LogBlueprintUserMessages: [Player_C_0] X=-0.997 Y=-0.079 Z=0.000
[2018.10.18-14.06.09:013][527]LogBlueprintUserMessages: [Player_C_0] X=-0.997 Y=-0.079 Z=0.000
[2018.10.18-14.06.09:021][528]LogBlueprintUserMessages: [Player_C_0] X=-0.997 Y=-0.079 Z=0.000
[2018.10.18-14.06.09:030][529]LogBlueprintUserMessages: [Player_C_0] X=-0.997 Y=-0.079 Z=0.000
[2018.10.18-14.06.09:051][530]LogBlueprintUserMessages: [Player_C_0] X=-0.997 Y=-0.079 Z=0.000
[2018.10.18-14.06.09:084][531]LogBlueprintUserMessages: [Player_C_0] X=-0.997 Y=-0.079 Z=0.000
[2018.10.18-14.06.09:092][532]LogBlueprintUserMessages: [Player_C_0] X=-0.997 Y=-0.079 Z=0.000
[2018.10.18-14.06.09:100][533]LogBlueprintUserMessages: [Player_C_0] X=-0.997 Y=-0.079 Z=0.000
[2018.10.18-14.06.09:109][534]LogBlueprintUserMessages: [Player_C_0] X=-0.997 Y=-0.079 Z=0.000
[2018.10.18-14.06.09:117][535]LogBlueprintUserMessages: [Player_C_0] X=-0.997 Y=-0.079 Z=0.000
[2018.10.18-14.06.09:126][536]LogBlueprintUserMessages: [Player_C_0] X=-0.997 Y=-0.079 Z=0.000
[2018.10.18-14.06.09:134][537]LogBlueprintUserMessages: [Player_C_0] X=-0.997 Y=-0.079 Z=0.000
[2018.10.18-14.06.09:142][538]LogBlueprintUserMessages: [Player_C_0] X=-0.997 Y=-0.079 Z=0.000
[2018.10.18-14.06.09:151][539]LogBlueprintUserMessages: [Player_C_0] X=-0.997 Y=-0.079 Z=0.000
[2018.10.18-14.06.09:159][540]LogBlueprintUserMessages: [Player_C_0] X=-0.997 Y=-0.079 Z=0.000
[2018.10.18-14.06.09:168][541]LogBlueprintUserMessages: [Player_C_0] X=-0.997 Y=-0.082 Z=0.000
[2018.10.18-14.06.09:177][542]LogBlueprintUserMessages: [Player_C_0] X=-0.997 Y=-0.083 Z=0.000
[2018.10.18-14.06.09:185][543]LogBlueprintUserMessages: [Player_C_0] X=-0.996 Y=-0.086 Z=0.000
[2018.10.18-14.06.09:273][544]LogBlueprintUserMessages: [Player_C_0] X=-0.996 Y=-0.089 Z=0.000
[2018.10.18-14.06.09:279][545]LogBlueprintUserMessages: [Player_C_0] X=-0.996 Y=-0.092 Z=0.000
[2018.10.18-14.06.09:287][546]LogBlueprintUserMessages: [Player_C_0] X=-0.991 Y=-0.133 Z=0.000
[2018.10.18-14.06.09:296][547]LogBlueprintUserMessages: [Player_C_0] X=-0.963 Y=-0.268 Z=0.000
[2018.10.18-14.06.09:304][548]LogBlueprintUserMessages: [Player_C_0] X=-0.959 Y=-0.282 Z=0.000
[2018.10.18-14.06.09:313][549]LogBlueprintUserMessages: [Player_C_0] X=-0.953 Y=-0.304 Z=0.000
[2018.10.18-14.06.09:321][550]LogBlueprintUserMessages: [Player_C_0] X=-0.944 Y=-0.330 Z=0.000
[2018.10.18-14.06.09:330][551]LogBlueprintUserMessages: [Player_C_0] X=-0.933 Y=-0.360 Z=0.000
[2018.10.18-14.06.09:338][552]LogBlueprintUserMessages: [Player_C_0] X=-0.920 Y=-0.391 Z=0.000
[2018.10.18-14.06.09:346][553]LogBlueprintUserMessages: [Player_C_0] X=-0.907 Y=-0.421 Z=0.000
[2018.10.18-14.06.09:438][554]LogBlueprintUserMessages: [Player_C_0] X=-0.893 Y=-0.449 Z=0.000
[2018.10.18-14.06.09:442][555]LogBlueprintUserMessages: [Player_C_0] X=-0.881 Y=-0.474 Z=0.000
[2018.10.18-14.06.09:451][556]LogBlueprintUserMessages: [Player_C_0] X=-0.873 Y=-0.488 Z=0.000
[2018.10.18-14.06.09:459][557]LogBlueprintUserMessages: [Player_C_0] X=-0.873 Y=-0.488 Z=0.000
[2018.10.18-14.06.09:467][558]LogBlueprintUserMessages: [Player_C_0] X=-0.873 Y=-0.488 Z=0.000
[2018.10.18-14.06.09:476][559]LogBlueprintUserMessages: [Player_C_0] X=-0.873 Y=-0.488 Z=0.000
[2018.10.18-14.06.09:484][560]LogBlueprintUserMessages: [Player_C_0] X=-0.873 Y=-0.488 Z=0.000
[2018.10.18-14.06.09:492][561]LogBlueprintUserMessages: [Player_C_0] X=-0.873 Y=-0.488 Z=0.000
[2018.10.18-14.06.09:501][562]LogBlueprintUserMessages: [Player_C_0] X=-0.873 Y=-0.488 Z=0.000
[2018.10.18-14.06.09:509][563]LogBlueprintUserMessages: [Player_C_0] X=-0.873 Y=-0.488 Z=0.000
[2018.10.18-14.06.09:518][564]LogBlueprintUserMessages: [Player_C_0] X=-0.873 Y=-0.488 Z=0.000
[2018.10.18-14.06.09:526][565]LogBlueprintUserMessages: [Player_C_0] X=-0.873 Y=-0.488 Z=0.000
[2018.10.18-14.06.09:534][566]LogBlueprintUserMessages: [Player_C_0] X=-0.873 Y=-0.488 Z=0.000
[2018.10.18-14.06.09:543][567]LogBlueprintUserMessages: [Player_C_0] X=-0.873 Y=-0.488 Z=0.000
[2018.10.18-14.06.09:551][568]LogBlueprintUserMessages: [Player_C_0] X=-0.873 Y=-0.488 Z=0.000
[2018.10.18-14.06.09:559][569]LogBlueprintUserMessages: [Player_C_0] X=-0.873 Y=-0.488 Z=0.000
[2018.10.18-14.06.09:568][570]LogBlueprintUserMessages: [Player_C_0] X=-0.873 Y=-0.488 Z=0.000
[2018.10.18-14.06.09:577][571]LogBlueprintUserMessages: [Player_C_0] X=-0.873 Y=-0.488 Z=0.000
[2018.10.18-14.06.09:584][572]LogBlueprintUserMessages: [Player_C_0] X=-0.873 Y=-0.488 Z=0.000
[2018.10.18-14.06.09:593][573]LogBlueprintUserMessages: [Player_C_0] X=-0.873 Y=-0.488 Z=0.000
[2018.10.18-14.06.09:601][574]LogBlueprintUserMessages: [Player_C_0] X=-0.873 Y=-0.488 Z=0.000
[2018.10.18-14.06.09:609][575]LogBlueprintUserMessages: [Player_C_0] X=-0.873 Y=-0.488 Z=0.000
[2018.10.18-14.06.09:618][576]LogBlueprintUserMessages: [Player_C_0] X=-0.873 Y=-0.488 Z=0.000
[2018.10.18-14.06.09:626][577]LogBlueprintUserMessages: [Player_C_0] X=-0.873 Y=-0.488 Z=0.000
[2018.10.18-14.06.09:635][578]LogBlueprintUserMessages: [Player_C_0] X=-0.873 Y=-0.488 Z=0.000
[2018.10.18-14.06.09:643][579]LogBlueprintUserMessages: [Player_C_0] X=-0.873 Y=-0.488 Z=0.000
[2018.10.18-14.06.09:651][580]LogBlueprintUserMessages: [Player_C_0] X=-0.873 Y=-0.488 Z=0.000
[2018.10.18-14.06.09:660][581]LogBlueprintUserMessages: [Player_C_0] X=-0.873 Y=-0.488 Z=0.000
[2018.10.18-14.06.09:667][582]LogBlueprintUserMessages: [Player_C_0] X=-0.872 Y=-0.490 Z=0.000
[2018.10.18-14.06.09:676][583]LogBlueprintUserMessages: [Player_C_0] X=-0.872 Y=-0.490 Z=0.000
[2018.10.18-14.06.09:684][584]LogBlueprintUserMessages: [Player_C_0] X=-0.872 Y=-0.490 Z=0.000
[2018.10.18-14.06.09:693][585]LogBlueprintUserMessages: [Player_C_0] X=-0.872 Y=-0.490 Z=0.000
[2018.10.18-14.06.09:701][586]LogBlueprintUserMessages: [Player_C_0] X=-0.872 Y=-0.490 Z=0.000
[2018.10.18-14.06.09:709][587]LogBlueprintUserMessages: [Player_C_0] X=-0.872 Y=-0.490 Z=0.000
[2018.10.18-14.06.09:718][588]LogBlueprintUserMessages: [Player_C_0] X=-0.872 Y=-0.490 Z=0.000
[2018.10.18-14.06.09:726][589]LogBlueprintUserMessages: [Player_C_0] X=-0.872 Y=-0.490 Z=0.000
[2018.10.18-14.06.09:735][590]LogBlueprintUserMessages: [Player_C_0] X=-0.872 Y=-0.490 Z=0.000
[2018.10.18-14.06.09:743][591]LogBlueprintUserMessages: [Player_C_0] X=-0.872 Y=-0.490 Z=0.000
[2018.10.18-14.06.09:751][592]LogBlueprintUserMessages: [Player_C_0] X=-0.872 Y=-0.490 Z=0.000
[2018.10.18-14.06.09:759][593]LogBlueprintUserMessages: [Player_C_0] X=-0.872 Y=-0.490 Z=0.000
[2018.10.18-14.06.09:768][594]LogBlueprintUserMessages: [Player_C_0] X=-0.872 Y=-0.490 Z=0.000
[2018.10.18-14.06.09:776][595]LogBlueprintUserMessages: [Player_C_0] X=-0.872 Y=-0.490 Z=0.000
[2018.10.18-14.06.09:784][596]LogBlueprintUserMessages: [Player_C_0] X=-0.872 Y=-0.490 Z=0.000
[2018.10.18-14.06.09:793][597]LogBlueprintUserMessages: [Player_C_0] X=-0.872 Y=-0.490 Z=0.000
[2018.10.18-14.06.09:801][598]LogBlueprintUserMessages: [Player_C_0] X=-0.872 Y=-0.490 Z=0.000
[2018.10.18-14.06.09:809][599]LogBlueprintUserMessages: [Player_C_0] X=-0.872 Y=-0.490 Z=0.000
[2018.10.18-14.06.09:818][600]LogBlueprintUserMessages: [Player_C_0] X=-0.872 Y=-0.490 Z=0.000
[2018.10.18-14.06.09:826][601]LogBlueprintUserMessages: [Player_C_0] X=-0.872 Y=-0.490 Z=0.000
[2018.10.18-14.06.09:834][602]LogBlueprintUserMessages: [Player_C_0] X=-0.872 Y=-0.490 Z=0.000
[2018.10.18-14.06.09:884][603]LogBlueprintUserMessages: [Player_C_0] X=-0.872 Y=-0.490 Z=0.000
[2018.10.18-14.06.09:889][604]LogBlueprintUserMessages: [Player_C_0] X=-0.872 Y=-0.490 Z=0.000
[2018.10.18-14.06.09:898][605]LogBlueprintUserMessages: [Player_C_0] X=-0.882 Y=-0.471 Z=0.000
[2018.10.18-14.06.09:906][606]LogBlueprintUserMessages: [Player_C_0] X=-0.887 Y=-0.461 Z=0.000
[2018.10.18-14.06.09:914][607]LogBlueprintUserMessages: [Player_C_0] X=-0.888 Y=-0.459 Z=0.000
[2018.10.18-14.06.09:923][608]LogBlueprintUserMessages: [Player_C_0] X=-0.888 Y=-0.459 Z=0.000
[2018.10.18-14.06.09:931][609]LogBlueprintUserMessages: [Player_C_0] X=-0.888 Y=-0.459 Z=0.000
[2018.10.18-14.06.09:939][610]LogBlueprintUserMessages: [Player_C_0] X=-0.888 Y=-0.459 Z=0.000
[2018.10.18-14.06.09:947][611]LogBlueprintUserMessages: [Player_C_0] X=-0.888 Y=-0.459 Z=0.000
[2018.10.18-14.06.09:955][612]LogBlueprintUserMessages: [Player_C_0] X=-0.888 Y=-0.459 Z=0.000
[2018.10.18-14.06.10:006][613]LogBlueprintUserMessages: [Player_C_0] X=-0.888 Y=-0.459 Z=0.000
[2018.10.18-14.06.10:010][614]LogBlueprintUserMessages: [Player_C_0] X=-0.888 Y=-0.459 Z=0.000
[2018.10.18-14.06.10:019][615]LogBlueprintUserMessages: [Player_C_0] X=-0.894 Y=-0.448 Z=0.000
[2018.10.18-14.06.10:027][616]LogBlueprintUserMessages: [Player_C_0] X=-0.894 Y=-0.448 Z=0.000
[2018.10.18-14.06.10:035][617]LogBlueprintUserMessages: [Player_C_0] X=-0.894 Y=-0.448 Z=0.000
[2018.10.18-14.06.10:044][618]LogBlueprintUserMessages: [Player_C_0] X=-0.894 Y=-0.448 Z=0.000
[2018.10.18-14.06.10:052][619]LogBlueprintUserMessages: [Player_C_0] X=-0.894 Y=-0.448 Z=0.000
[2018.10.18-14.06.10:060][620]LogBlueprintUserMessages: [Player_C_0] X=-0.894 Y=-0.448 Z=0.000
[2018.10.18-14.06.10:069][621]LogBlueprintUserMessages: [Player_C_0] X=-0.894 Y=-0.448 Z=0.000
[2018.10.18-14.06.10:077][622]LogBlueprintUserMessages: [Player_C_0] X=-0.894 Y=-0.448 Z=0.000
[2018.10.18-14.06.10:124][623]LogBlueprintUserMessages: [Player_C_0] X=-0.894 Y=-0.448 Z=0.000
[2018.10.18-14.06.10:130][624]LogBlueprintUserMessages: [Player_C_0] X=-0.894 Y=-0.448 Z=0.000
[2018.10.18-14.06.10:139][625]LogBlueprintUserMessages: [Player_C_0] X=-0.894 Y=-0.448 Z=0.000
[2018.10.18-14.06.10:147][626]LogBlueprintUserMessages: [Player_C_0] X=-0.894 Y=-0.448 Z=0.000
[2018.10.18-14.06.10:155][627]LogBlueprintUserMessages: [Player_C_0] X=-0.894 Y=-0.448 Z=0.000
[2018.10.18-14.06.10:163][628]LogBlueprintUserMessages: [Player_C_0] X=-0.894 Y=-0.448 Z=0.000
[2018.10.18-14.06.10:172][629]LogBlueprintUserMessages: [Player_C_0] X=-0.894 Y=-0.448 Z=0.000
[2018.10.18-14.06.10:180][630]LogBlueprintUserMessages: [Player_C_0] X=-0.894 Y=-0.448 Z=0.000
[2018.10.18-14.06.10:189][631]LogBlueprintUserMessages: [Player_C_0] X=-0.894 Y=-0.448 Z=0.000
[2018.10.18-14.06.10:197][632]LogBlueprintUserMessages: [Player_C_0] X=-0.894 Y=-0.448 Z=0.000
[2018.10.18-14.06.10:205][633]LogBlueprintUserMessages: [Player_C_0] X=-0.894 Y=-0.448 Z=0.000
[2018.10.18-14.06.10:214][634]LogBlueprintUserMessages: [Player_C_0] X=-0.894 Y=-0.448 Z=0.000
[2018.10.18-14.06.10:222][635]LogBlueprintUserMessages: [Player_C_0] X=-0.894 Y=-0.448 Z=0.000
[2018.10.18-14.06.10:230][636]LogBlueprintUserMessages: [Player_C_0] X=-0.894 Y=-0.448 Z=0.000
[2018.10.18-14.06.10:253][637]LogBlueprintUserMessages: [Player_C_0] X=-0.894 Y=-0.448 Z=0.000
[2018.10.18-14.06.10:318][638]LogBlueprintUserMessages: [Player_C_0] X=-0.894 Y=-0.448 Z=0.000
[2018.10.18-14.06.10:320][638]LogBlueprintUserMessages: Early EndPlayMap Detection: Level '/Game/StarterContent/Maps/Minimal_Default.Minimal_Default:PersistentLevel' has LevelScriptBlueprint '/Game/StarterContent/Maps/Minimal_Default.Minimal_Default:PersistentLevel.Minimal_Default' with GeneratedClass '/Game/StarterContent/Maps/Minimal_Default.Minimal_Default_C' with ClassGeneratedBy '/Game/StarterContent/Maps/Minimal_Default.Minimal_Default:PersistentLevel.Minimal_Default'
[2018.10.18-14.06.10:320][638]LogSlate: Updating window title bar state: overlay mode, drag disabled, window buttons hidden, title bar hidden
[2018.10.18-14.06.10:358][638]LogPlayLevel: Display: Shutting down PIE online subsystems
[2018.10.18-14.06.10:359][638]LogBlueprintUserMessages: Late EndPlayMap Detection: Level '/Game/StarterContent/Maps/Minimal_Default.Minimal_Default:PersistentLevel' has LevelScriptBlueprint '/Game/StarterContent/Maps/Minimal_Default.Minimal_Default:PersistentLevel.Minimal_Default' with GeneratedClass '/Game/StarterContent/Maps/Minimal_Default.Minimal_Default_C' with ClassGeneratedBy '/Game/StarterContent/Maps/Minimal_Default.Minimal_Default:PersistentLevel.Minimal_Default'
[2018.10.18-14.06.10:379][638]LogSlate: Updating window title bar state: overlay mode, drag disabled, window buttons hidden, title bar hidden
[2018.10.18-14.06.10:416][640]LogPlayLevel: Display: Destroying online subsystem :Context_1
