Log file open, 10/21/18 23:46:46
LogWindows: Failed to load 'aqProf.dll' (GetLastError=126)
LogWindows: File 'aqProf.dll' does not exist
LogWindows: Failed to load 'VSPerf140.dll' (GetLastError=126)
LogWindows: File 'VSPerf140.dll' does not exist
LogWindows: Failed to load 'VtuneApi.dll' (GetLastError=126)
LogWindows: File 'VtuneApi.dll' does not exist
LogWindows: Failed to load 'VtuneApi32e.dll' (GetLastError=126)
LogWindows: File 'VtuneApi32e.dll' does not exist
LogInit: Display: Running engine for game: SideyCPP
LogPlatformFile: Not using cached read wrapper
LogTaskGraph: Started task graph with 5 named threads and 23 total threads with 3 sets of task threads.
LogStats: Stats thread started at 0.478569
LogD3D11RHI: Loaded GFSDK_Aftermath_Lib.x64.dll
LogICUInternationalization: Display: ICU TimeZone Detection - Raw Offset: +0:00, Platform Override: ''
LogPluginManager: Mounting plugin Paper2D
LogPluginManager: Mounting plugin AISupport
LogPluginManager: Mounting plugin LightPropagationVolume
LogPluginManager: Mounting plugin CLionSourceCodeAccess
LogPluginManager: Mounting plugin CodeLiteSourceCodeAccess
LogPluginManager: Mounting plugin GitSourceControl
LogPluginManager: Mounting plugin KDevelopSourceCodeAccess
LogPluginManager: Mounting plugin NullSourceCodeAccess
LogPluginManager: Mounting plugin PerforceSourceControl
LogPluginManager: Mounting plugin SubversionSourceControl
LogPluginManager: Mounting plugin UObjectPlugin
LogPluginManager: Mounting plugin VisualStudioCodeSourceCodeAccess
LogPluginManager: Mounting plugin VisualStudioSourceCodeAccess
LogPluginManager: Mounting plugin XCodeSourceCodeAccess
LogPluginManager: Mounting plugin AssetManagerEditor
LogPluginManager: Mounting plugin CryptoKeys
LogPluginManager: Mounting plugin DataValidation
LogPluginManager: Mounting plugin FacialAnimation
LogPluginManager: Mounting plugin GameplayTagsEditor
LogPluginManager: Mounting plugin MacGraphicsSwitching
LogPluginManager: Mounting plugin MeshEditor
LogPluginManager: Mounting plugin MobileLauncherProfileWizard
LogPluginManager: Mounting plugin PluginBrowser
LogPluginManager: Mounting plugin SpeedTreeImporter
LogPluginManager: Mounting plugin DatasmithContent
LogPluginManager: Mounting plugin AlembicImporter
LogPluginManager: Mounting plugin AppleImageUtils
LogPluginManager: Mounting plugin AppleVision
LogPluginManager: Mounting plugin BackChannel
LogPluginManager: Mounting plugin CharacterAI
LogPluginManager: Mounting plugin GeometryCache
LogPluginManager: Mounting plugin HTML5Networking
LogPluginManager: Mounting plugin ProxyLODPlugin
LogPluginManager: Mounting plugin MagicLeap
LogPluginManager: Mounting plugin MagicLeapEmulator
LogPluginManager: Mounting plugin MagicLeapMedia
LogPluginManager: Mounting plugin AndroidMedia
LogPluginManager: Mounting plugin AvfMedia
LogPluginManager: Mounting plugin ImgMedia
LogPluginManager: Mounting plugin LinearTimecode
LogPluginManager: Mounting plugin MediaCompositing
LogPluginManager: Mounting plugin MediaPlayerEditor
LogPluginManager: Mounting plugin WmfMedia
LogPluginManager: Mounting plugin TcpMessaging
LogPluginManager: Mounting plugin UdpMessaging
LogPluginManager: Mounting plugin ActorSequence
LogPluginManager: Mounting plugin LevelSequenceEditor
LogPluginManager: Mounting plugin MatineeToLevelSequence
LogPluginManager: Mounting plugin NetcodeUnitTest
LogPluginManager: Mounting plugin NUTUnrealEngine4
LogPluginManager: Mounting plugin OnlineSubsystemGooglePlay
LogPluginManager: Mounting plugin OnlineSubsystemIOS
LogPluginManager: Mounting plugin OnlineSubsystem
LogPluginManager: Mounting plugin OnlineSubsystemNull
LogPluginManager: Mounting plugin OnlineSubsystemUtils
LogPluginManager: Mounting plugin LauncherChunkInstaller
LogPluginManager: Mounting plugin AndroidDeviceProfileSelector
LogPluginManager: Mounting plugin AndroidMoviePlayer
LogPluginManager: Mounting plugin AndroidPermission
LogPluginManager: Mounting plugin AppleMoviePlayer
LogPluginManager: Mounting plugin ArchVisCharacter
LogPluginManager: Mounting plugin AudioCapture
LogPluginManager: Mounting plugin CableComponent
LogPluginManager: Mounting plugin CustomMeshComponent
LogPluginManager: Mounting plugin EditableMesh
LogPluginManager: Mounting plugin ExampleDeviceProfileSelector
LogPluginManager: Mounting plugin GoogleCloudMessaging
LogPluginManager: Mounting plugin ImmediatePhysics
LogPluginManager: Mounting plugin IOSDeviceProfileSelector
LogPluginManager: Mounting plugin LinuxDeviceProfileSelector
LogPluginManager: Mounting plugin LocationServicesBPLibrary
LogPluginManager: Mounting plugin MobilePatchingUtils
LogPluginManager: Mounting plugin OculusVR
LogPluginManager: Plugin shader directory ../../../Engine/Plugins/Runtime/Oculus/OculusVR/Shaders found
LogPluginManager: Mapping shader source directory ../../../Engine/Plugins/Runtime/Oculus/OculusVR/Shaders to virtual directory /Plugin/OculusVR
LogPluginManager: Mounting plugin PhysXVehicles
LogPluginManager: Mounting plugin ProceduralMeshComponent
LogPluginManager: Mounting plugin RuntimePhysXCooking
LogPluginManager: Mounting plugin SteamVR
LogPluginManager: Mounting plugin WindowsMoviePlayer
LogStreaming: Display: Took  0.277s to configure plugins.
LogInit: Using libcurl 7.55.1-DEV
LogInit:  - built for x86_64-pc-win32
LogInit:  - supports SSL with OpenSSL/1.0.2h
LogInit:  - supports HTTP deflate (compression) using libz 1.2.8
LogInit:  - other features:
LogInit:      CURL_VERSION_SSL
LogInit:      CURL_VERSION_LIBZ
LogInit:      CURL_VERSION_IPV6
LogInit:      CURL_VERSION_ASYNCHDNS
LogInit:      CURL_VERSION_LARGEFILE
LogInit:      CURL_VERSION_IDN
LogInit:  CurlRequestOptions (configurable via config and command line):
LogInit:  - bVerifyPeer = false  - Libcurl will NOT verify peer certificate
LogInit:  - bUseHttpProxy = false  - Libcurl will NOT use HTTP proxy
LogInit:  - bDontReuseConnections = false  - Libcurl will reuse connections
LogInit:  - CertBundlePath = nullptr  - Libcurl will use whatever was configured at build time.
LogInit:  - MaxHostConnections = 16  - Libcurl will limit the number of connections to a host
LogInit:  - LocalHostAddr = Default
LogInit:  - BufferSize = 65536
LogInit: WinSock: version 1.1 (2.2), MaxSocks=32767, MaxUdp=65467
LogInit: Build: ++UE4+Release-4.20-CL-4369336
LogInit: Engine Version: 4.20.3-4369336+++UE4+Release-4.20
LogInit: Compatible Engine Version: 4.20.0-4212847+++UE4+Release-4.20
LogInit: Net CL: 4212847
LogInit: OS: Windows 10 (), CPU: Intel(R) Xeon(R) CPU E5-1620 v3 @ 3.50GHz, GPU: NVIDIA GeForce GTX 970
LogInit: Compiled (64-bit): Sep 17 2018 12:26:19
LogInit: Compiled with Visual C++: 19.13.26129.00
LogInit: Build Configuration: Development
LogInit: Branch Name: ++UE4+Release-4.20
LogInit: Command Line:  -skipcompile
LogInit: Base Directory: C:/Epic/UE4/UE_4.20/Engine/Binaries/Win64/
LogInit: Installed Engine Build: 1
LogDevObjectVersion: Number of dev versions registered: 20
LogDevObjectVersion:   Dev-Blueprints (B0D832E4-1F89-4F0D-ACCF-7EB736FD4AA2): 10
LogDevObjectVersion:   Dev-Build (E1C64328-A22C-4D53-A36C-8E866417BD8C): 0
LogDevObjectVersion:   Dev-Core (375EC13C-06E4-48FB-B500-84F0262A717E): 2
LogDevObjectVersion:   Dev-Editor (E4B068ED-F494-42E9-A231-DA0B2E46BB41): 24
LogDevObjectVersion:   Dev-Framework (CFFC743F-43B0-4480-9391-14DF171D2073): 34
LogDevObjectVersion:   Dev-Mobile (B02B49B5-BB20-44E9-A304-32B752E40360): 2
LogDevObjectVersion:   Dev-Networking (A4E4105C-59A1-49B5-A7C5-40C4547EDFEE): 0
LogDevObjectVersion:   Dev-Online (39C831C9-5AE6-47DC-9A44-9C173E1C8E7C): 0
LogDevObjectVersion:   Dev-Physics (78F01B33-EBEA-4F98-B9B4-84EACCB95AA2): 0
LogDevObjectVersion:   Dev-Platform (6631380F-2D4D-43E0-8009-CF276956A95A): 0
LogDevObjectVersion:   Dev-Rendering (12F88B9F-8875-4AFC-A67C-D90C383ABD29): 26
LogDevObjectVersion:   Dev-Sequencer (7B5AE74C-D270-4C10-A958-57980B212A5A): 9
LogDevObjectVersion:   Dev-VR (D7296918-1DD6-4BDD-9DE2-64A83CC13884): 2
LogDevObjectVersion:   Dev-LoadTimes (C2A15278-BFE7-4AFE-6C17-90FF531DF755): 1
LogDevObjectVersion:   Private-Geometry (6EACA3D4-40EC-4CC1-B786-8BED09428FC5): 3
LogDevObjectVersion:   Dev-AnimPhys (29E575DD-E0A3-4627-9D10-D276232CDCEA): 17
LogDevObjectVersion:   Dev-ReflectionCapture (6B266CEC-1EC7-4B8F-A30B-E4D90942FC07): 1
LogDevObjectVersion:   Dev-Automation (0DF73D61-A23F-47EA-B727-89E90C41499A): 1
LogDevObjectVersion:   FortniteMain (601D1886-AC64-4F84-AA16-D3DE0DEAC7D6): 12
LogDevObjectVersion:   Dev-Enterprise (9DFFBCD6-494F-0158-E221-12823C92A888): 1
LogStreaming: Display: Took  0.008s to delete old logs.
LogInit: Presizing for max 8388607 objects, including 0 objects not considered by GC, pre-allocating 0 bytes for permanent pool.
LogInit: Object subsystem initialized
[2018.10.21-22.46.47:527][  0]LogInit: Selected Device Profile: [Windows]
[2018.10.21-22.46.47:527][  0]LogInit: Applying CVar settings loaded from the selected device profile: [Windows]
[2018.10.21-22.46.47:546][  0]LogHAL: Display: Platform has ~ 16 GB [17092038656 / 17179869184 / 16], which maps to Larger [LargestMinGB=32, LargerMinGB=12, DefaultMinGB=8, SmallerMinGB=6, SmallestMinGB=0)
[2018.10.21-22.46.47:546][  0]LogInit: Setting Device Profile CVar: [[r.Vulkan.UseRealUBs:1]]
[2018.10.21-22.46.47:546][  0]LogInit: Going up to parent DeviceProfile []
[2018.10.21-22.46.47:547][  0]LogInit: Computer: C115-4
[2018.10.21-22.46.47:547][  0]LogInit: User: w017177h
[2018.10.21-22.46.47:547][  0]LogInit: CPU Page size=4096, Cores=4
[2018.10.21-22.46.47:547][  0]LogInit: High frequency timer resolution =3.410072 MHz
[2018.10.21-22.46.47:548][  0]LogMemory: Memory total: Physical=15.9GB (16GB approx)
[2018.10.21-22.46.47:548][  0]LogMemory: Platform Memory Stats for Windows
[2018.10.21-22.46.47:548][  0]LogMemory: Process Physical Memory: 101.05 MB used, 101.05 MB peak
[2018.10.21-22.46.47:548][  0]LogMemory: Process Virtual Memory: 91.07 MB used, 91.07 MB peak
[2018.10.21-22.46.47:548][  0]LogMemory: Physical Memory: 5920.39 MB used,  10379.85 MB free, 16300.24 MB total
[2018.10.21-22.46.47:548][  0]LogMemory: Virtual Memory: 4640.09 MB used,  10379.85 MB free, 134217728.00 MB total
[2018.10.21-22.46.47:691][  0]LogInit: Using OS detected language (en-US).
[2018.10.21-22.46.47:691][  0]LogInit: Using OS detected locale (en-GB).
[2018.10.21-22.46.47:693][  0]LogTextLocalizationManager: No specific localization for 'en-US' exists, so the 'en' localization will be used.
[2018.10.21-22.46.48:140][  0]LogStreaming: Display: Took  0.449s to InitEngineTextLocalization.
[2018.10.21-22.46.48:140][  0]LogInit: Setting process to per monitor DPI aware
[2018.10.21-22.46.48:176][  0]LogSlate: New Slate User Created.  User Index 0, Is Virtual User: 0
[2018.10.21-22.46.48:176][  0]LogSlate: Slate User Registered.  User Index 0, Is Virtual User: 0
[2018.10.21-22.46.48:551][  0]LogHMD: Failed to initialize OpenVR with code 110
[2018.10.21-22.46.48:551][  0]LogD3D11RHI: D3D11 adapters:
[2018.10.21-22.46.48:660][  0]LogD3D11RHI:    0. 'NVIDIA GeForce GTX 970' (Feature Level 11_0)
[2018.10.21-22.46.48:660][  0]LogD3D11RHI:       4043/0/8150 MB DedicatedVideo/DedicatedSystem/SharedSystem, Outputs:2, VendorId:0x10de
[2018.10.21-22.46.48:666][  0]LogD3D11RHI:    1. 'Microsoft Basic Render Driver' (Feature Level 11_0)
[2018.10.21-22.46.48:666][  0]LogD3D11RHI:       0/0/8150 MB DedicatedVideo/DedicatedSystem/SharedSystem, Outputs:0, VendorId:0x1414
[2018.10.21-22.46.48:666][  0]LogD3D11RHI: Chosen D3D11 Adapter: 0
[2018.10.21-22.46.48:677][  0]LogD3D11RHI: Creating new Direct3DDevice
[2018.10.21-22.46.48:677][  0]LogD3D11RHI:     GPU DeviceId: 0x13c2 (for the marketing name, search the web for "GPU Device Id")
[2018.10.21-22.46.48:677][  0]LogWindows: EnumDisplayDevices:
[2018.10.21-22.46.48:677][  0]LogWindows:    0. 'NVIDIA GeForce GTX 970' (P:0 D:1)
[2018.10.21-22.46.48:678][  0]LogWindows:    1. 'NVIDIA GeForce GTX 970' (P:1 D:1)
[2018.10.21-22.46.48:678][  0]LogWindows:    2. 'NVIDIA GeForce GTX 970' (P:0 D:0)
[2018.10.21-22.46.48:678][  0]LogWindows:    3. 'NVIDIA GeForce GTX 970' (P:0 D:0)
[2018.10.21-22.46.48:679][  0]LogWindows: DebugString: FoundDriverCount:4 
[2018.10.21-22.46.48:679][  0]LogD3D11RHI:     Adapter Name: NVIDIA GeForce GTX 970
[2018.10.21-22.46.48:679][  0]LogD3D11RHI:   Driver Version: 398.82 (internal:24.21.13.9882, unified:398.82)
[2018.10.21-22.46.48:679][  0]LogD3D11RHI:      Driver Date: 7-30-2018
[2018.10.21-22.46.48:679][  0]LogRHI: Texture pool is 2830 MB (70% of 4043 MB)
[2018.10.21-22.46.48:733][  0]LogD3D11RHI: Async texture creation enabled
[2018.10.21-22.46.48:753][  0]LogD3D11RHI: GPU Timing Frequency: 1000.000000 (Debug: 2 2)
[2018.10.21-22.46.48:799][  0]LogShaderCompilers: Guid format shader working directory is -20 characters bigger than the processId version (../../../../../../Users/w017177h/Documents/GitHub/SpideyCPP/SideyCPP/Intermediate/Shaders/WorkingDirectory/12268/).
[2018.10.21-22.46.48:800][  0]LogShaderCompilers: Cleaned the shader compiler working directory 'C:/Users/w017177h/AppData/Local/Temp/UnrealShaderWorkingDir/898612F44BF8CE6047494586535B5374/'.
[2018.10.21-22.46.49:210][  0]LogTemp: Display: Loaded TP AllDesktopTargetPlatform
[2018.10.21-22.46.49:246][  0]LogTemp: Display: Loaded TP MacClientTargetPlatform
[2018.10.21-22.46.49:266][  0]LogTemp: Display: Loaded TP MacNoEditorTargetPlatform
[2018.10.21-22.46.49:286][  0]LogTemp: Display: Loaded TP MacServerTargetPlatform
[2018.10.21-22.46.49:306][  0]LogTemp: Display: Loaded TP MacTargetPlatform
[2018.10.21-22.46.49:325][  0]LogTemp: Display: Loaded TP WindowsClientTargetPlatform
[2018.10.21-22.46.49:345][  0]LogTemp: Display: Loaded TP WindowsNoEditorTargetPlatform
[2018.10.21-22.46.49:370][  0]LogTemp: Display: Loaded TP WindowsServerTargetPlatform
[2018.10.21-22.46.49:385][  0]LogTemp: Display: Loaded TP WindowsTargetPlatform
[2018.10.21-22.46.49:489][  0]LogTemp: Display: Loaded TP AndroidTargetPlatform
[2018.10.21-22.46.49:490][  0]LogTemp: Display: Loaded TP AndroidTargetPlatform
[2018.10.21-22.46.49:490][  0]LogTemp: Display: Loaded TP AndroidTargetPlatform
[2018.10.21-22.46.49:490][  0]LogTemp: Display: Loaded TP AndroidTargetPlatform
[2018.10.21-22.46.49:490][  0]LogTemp: Display: Loaded TP AndroidTargetPlatform
[2018.10.21-22.46.49:490][  0]LogTemp: Display: Loaded TP AndroidTargetPlatform
[2018.10.21-22.46.49:490][  0]LogTemp: Display: Loaded TP AndroidTargetPlatform
[2018.10.21-22.46.49:490][  0]LogTemp: Display: Loaded TP AndroidTargetPlatform
[2018.10.21-22.46.49:490][  0]LogTemp: Display: Loaded TP AndroidTargetPlatform
[2018.10.21-22.46.49:490][  0]LogTemp: Display: Loaded TP AndroidTargetPlatform
[2018.10.21-22.46.49:490][  0]LogTemp: Display: Loaded TP AndroidTargetPlatform
[2018.10.21-22.46.49:490][  0]LogTemp: Display: Loaded TP AndroidTargetPlatform
[2018.10.21-22.46.49:490][  0]LogTemp: Display: Loaded TP AndroidTargetPlatform
[2018.10.21-22.46.49:490][  0]LogTemp: Display: Loaded TP AndroidTargetPlatform
[2018.10.21-22.46.49:490][  0]LogTemp: Display: Loaded TP AndroidTargetPlatform
[2018.10.21-22.46.49:491][  0]LogTemp: Display: Loaded TP AndroidTargetPlatform
[2018.10.21-22.46.49:491][  0]LogTemp: Display: Loaded TP AndroidTargetPlatform
[2018.10.21-22.46.49:491][  0]LogTemp: Display: Loaded TP AndroidTargetPlatform
[2018.10.21-22.46.49:496][  0]LogTemp: Display: Loaded TP HTML5TargetPlatform
[2018.10.21-22.46.49:577][  0]LogTemp: Display: Loaded TP IOSTargetPlatform
[2018.10.21-22.46.49:577][  0]LogTemp: Display: Loaded TP IOSTargetPlatform
[2018.10.21-22.46.49:608][  0]LogTemp: Display: Loaded TP TVOSTargetPlatform
[2018.10.21-22.46.49:608][  0]LogTemp: Display: Loaded TP TVOSTargetPlatform
[2018.10.21-22.46.49:625][  0]LogTemp: Display: Loaded TP LinuxClientTargetPlatform
[2018.10.21-22.46.49:641][  0]LogTemp: Display: Loaded TP LinuxNoEditorTargetPlatform
[2018.10.21-22.46.49:657][  0]LogTemp: Display: Loaded TP LinuxServerTargetPlatform
[2018.10.21-22.46.49:675][  0]LogTemp: Display: Loaded TP LinuxTargetPlatform
[2018.10.21-22.46.49:692][  0]LogTemp: Display: Loaded TP LuminTargetPlatform
[2018.10.21-22.46.49:692][  0]LogTargetPlatformManager: Display: Building Assets For Windows
[2018.10.21-22.46.49:862][  0]LogXGEController: Cleaning working directory: C:/Users/w017177h/AppData/Local/Temp/UnrealXGEWorkingDir/
[2018.10.21-22.46.49:863][  0]LogXGEController: Cannot use XGE Controller as Incredibuild is not installed on this machine.
[2018.10.21-22.46.49:863][  0]LogShaderCompilers: Cannot use XGE Shader Compiler as Incredibuild is not installed on this machine.
[2018.10.21-22.46.49:863][  0]LogShaderCompilers: Display: Using Local Shader Compiler.
[2018.10.21-22.46.50:923][  0]LogDerivedDataCache: Display: Max Cache Size: 512 MB
[2018.10.21-22.46.51:024][  0]LogDerivedDataCache: Loaded boot cache 0.10s 71MB C:/Users/w017177h/AppData/Local/UnrealEngine/4.20/DerivedDataCache/Boot.ddc.
[2018.10.21-22.46.51:028][  0]LogDerivedDataCache: Display: Loaded Boot cache: C:/Users/w017177h/AppData/Local/UnrealEngine/4.20/DerivedDataCache/Boot.ddc
[2018.10.21-22.46.51:028][  0]LogDerivedDataCache: FDerivedDataBackendGraph:  Pak pak cache file ../../../../../../Users/w017177h/Documents/GitHub/SpideyCPP/SideyCPP/DerivedDataCache/DDC.ddp not found, will not use a pak cache.
[2018.10.21-22.46.51:028][  0]LogDerivedDataCache: Unable to find inner node Pak for hierarchical cache Hierarchy.
[2018.10.21-22.46.51:028][  0]LogDerivedDataCache: FDerivedDataBackendGraph:  CompressedPak pak cache file ../../../../../../Users/w017177h/Documents/GitHub/SpideyCPP/SideyCPP/DerivedDataCache/Compressed.ddp not found, will not use a pak cache.
[2018.10.21-22.46.51:029][  0]LogDerivedDataCache: Unable to find inner node CompressedPak for hierarchical cache Hierarchy.
[2018.10.21-22.46.51:058][  0]LogDerivedDataCache: Display: Pak cache opened for reading ../../../Engine/DerivedDataCache/Compressed.ddp.
[2018.10.21-22.46.51:075][  0]LogDerivedDataCache: Using Local data cache path C:/Users/w017177h/AppData/Local/UnrealEngine/Common/DerivedDataCache: Writable
[2018.10.21-22.46.51:076][  0]LogDerivedDataCache: Shared data cache path not found in *engine.ini, will not use an Shared cache.
[2018.10.21-22.46.51:076][  0]LogDerivedDataCache: Unable to find inner node Shared for hierarchical cache Hierarchy.
[2018.10.21-22.46.51:096][  0]LogMaterial: Verifying Global Shaders for PCD3D_SM5
[2018.10.21-22.46.51:101][  0]LogSlate: Using FreeType 2.6.0
[2018.10.21-22.46.51:104][  0]LogSlate: SlateFontServices - WITH_FREETYPE: 1, WITH_HARFBUZZ: 1
[2018.10.21-22.46.51:211][  0]LogAssetRegistry: FAssetRegistry took 0.0300 seconds to start up
[2018.10.21-22.46.51:689][  0]LogInit: Selected Device Profile: [Windows]
[2018.10.21-22.46.51:883][  0]LogSimplygon: Simplygon DLL not present - disabling.
[2018.10.21-22.46.51:900][  0]LogMeshReduction: Using SimplygonSwarm for distributed automatic mesh merging
[2018.10.21-22.46.51:900][  0]LogMeshReduction: Using ProxyLODMeshReduction for automatic mesh merging
[2018.10.21-22.46.51:900][  0]LogMeshReduction: Using QuadricMeshReduction for automatic static mesh reduction
[2018.10.21-22.46.51:900][  0]LogMeshReduction: No automatic skeletal mesh reduction module available
[2018.10.21-22.46.52:021][  0]LogNetVersion: SideyCPP 1.0.0, NetCL: 4212847, EngineNetVer: 5, GameNetVer: 0 (Checksum: 583984258)
[2018.10.21-22.46.52:879][  0]LogPackageLocalizationCache: Processed 11 localized package path(s) for 2 prioritized culture(s) in 0.230236 seconds
[2018.10.21-22.46.52:888][  0]LogUObjectArray: 38425 objects as part of root set at end of initial load.
[2018.10.21-22.46.52:888][  0]LogUObjectAllocator: 6690864 out of 0 bytes used by permanent object pool.
[2018.10.21-22.46.52:888][  0]LogUObjectArray: CloseDisregardForGC: 0/0 objects in disregard for GC pool
[2018.10.21-22.46.54:313][  0]LogTcpMessaging: Initializing TcpMessaging bridge
[2018.10.21-22.46.54:331][  0]LogUdpMessaging: Initializing bridge on interface 0.0.0.0:0 to multicast group 230.0.0.1:6666.
[2018.10.21-22.46.54:640][  0]SourceControl: Source control is disabled
[2018.10.21-22.46.54:640][  0]SourceControl: Source control is disabled
[2018.10.21-22.46.54:645][  0]SourceControl: Source control is disabled
[2018.10.21-22.46.54:649][  0]SourceControl: Source control is disabled
[2018.10.21-22.46.54:982][  0]LogAndroidPermission: UAndroidPermissionCallbackProxy::GetInstance
[2018.10.21-22.46.55:099][  0]LogOcInput: OculusInput pre-init called
[2018.10.21-22.46.55:181][  0]LogEngine: Initializing Engine...
[2018.10.21-22.46.55:182][  0]LogHMD: Failed to initialize OpenVR with code 110
[2018.10.21-22.46.55:183][  0]LogStats: UGameplayTagsManager::ConstructGameplayTagTree: ImportINI prefixes -  0.000 s
[2018.10.21-22.46.55:183][  0]LogStats: UGameplayTagsManager::ConstructGameplayTagTree: Construct from data asset -  0.000 s
[2018.10.21-22.46.55:184][  0]LogStats: UGameplayTagsManager::ConstructGameplayTagTree: ImportINI -  0.000 s
[2018.10.21-22.46.55:184][  0]LogStats: UGameplayTagsManager::ConstructGameplayTagTree: GameplayTagTreeChangedEvent.Broadcast -  0.000 s
[2018.10.21-22.46.55:473][  0]LogInit: Initializing FReadOnlyCVARCache
[2018.10.21-22.46.55:521][  0]LogAIModule: Creating AISystem for world Untitled
[2018.10.21-22.46.55:537][  0]LogInit: XAudio2 using 'Speakers (Realtek High Definition Audio)' : 2 channels at 48 kHz using 32 bits per sample (channel mask 0x3)
[2018.10.21-22.46.55:587][  0]LogInit: FAudioDevice initialized.
[2018.10.21-22.46.55:588][  0]LogNetVersion: Set ProjectVersion to 1.0.0.0. Version Checksum will be recalculated on next use.
[2018.10.21-22.46.55:681][  0]LogDerivedDataCache: Saved boot cache 0.09s 71MB C:/Users/w017177h/AppData/Local/UnrealEngine/4.20/DerivedDataCache/Boot.ddc.
[2018.10.21-22.46.55:706][  0]LogInit: Texture streaming: Enabled
[2018.10.21-22.46.55:743][  0]LogEngineSessionManager: EngineSessionManager initialized
[2018.10.21-22.46.55:743][  0]LogEngineSessionManager: EngineSessionManager sent abnormal shutdown report. Type=Debugger, SessionId={16134817-43E4-8312-B202-91BE7F9C3310}
[2018.10.21-22.46.55:744][  0]LogEngineSessionManager: EngineSessionManager sent abnormal shutdown report. Type=Debugger, SessionId={6F3EEBB3-47FE-3D7B-FC22-2BA92E21C96A}
[2018.10.21-22.46.55:761][  0]LogInit: Transaction tracking system initialized
[2018.10.21-22.46.55:816][  0]BlueprintLog: New page: Editor Load
[2018.10.21-22.46.55:999][  0]LocalizationService: Localization service is disabled
[2018.10.21-22.46.56:400][  0]LogCook: Display: Max memory allowance for cook 16384mb min free memory 0mb
[2018.10.21-22.46.56:400][  0]LogCook: Display: Mobile HDR setting 1
[2018.10.21-22.46.56:400][  0]LogGameplayTags: Display: UGameplayTagsManager::DoneAddingNativeTags. DelegateIsBound: 0
[2018.10.21-22.46.56:401][  0]LogStats: UGameplayTagsManager::ConstructGameplayTagTree: ImportINI prefixes -  0.000 s
[2018.10.21-22.46.56:401][  0]LogStats: UGameplayTagsManager::ConstructGameplayTagTree: Construct from data asset -  0.000 s
[2018.10.21-22.46.56:401][  0]LogStats: UGameplayTagsManager::ConstructGameplayTagTree: ImportINI -  0.000 s
[2018.10.21-22.46.56:401][  0]LogStats: UGameplayTagsManager::ConstructGameplayTagTree: GameplayTagTreeChangedEvent.Broadcast -  0.000 s
[2018.10.21-22.46.56:666][  0]LogFileCache: Scanning file cache for directory 'C:/Users/w017177h/Documents/GitHub/SpideyCPP/SideyCPP/Content/' took 0.02s
[2018.10.21-22.46.56:667][  0]SourceControl: Source control is disabled
[2018.10.21-22.46.56:667][  0]Cmd: MAP LOAD FILE="../../../../../../Users/w017177h/Documents/GitHub/SpideyCPP/SideyCPP/Content/StarterContent/Maps/Minimal_Default.umap" TEMPLATE=0 SHOWPROGRESS=1 FEATURELEVEL=3
[2018.10.21-22.46.56:669][  0]LightingResults: New page: Lighting Build
[2018.10.21-22.46.56:674][  0]MapCheck: New page: Map Check
[2018.10.21-22.46.56:674][  0]LightingResults: New page: Lighting Build
[2018.10.21-22.46.56:977][  0]LogAIModule: Creating AISystem for world Minimal_Default
[2018.10.21-22.46.56:994][  0]LogEditorServer: Finished looking for orphan Actors (0.000 secs)
[2018.10.21-22.46.57:031][  0]Cmd: MAP CHECKDEP NOCLEARLOG
[2018.10.21-22.46.57:215][  0]MapCheck: Map check complete: 0 Error(s), 0 Warning(s), took 184.392ms to complete.
[2018.10.21-22.46.57:215][  0]LogFileHelpers: Loading map 'Minimal_Default' took 0.549
[2018.10.21-22.46.57:397][  0]LogSlate: Updating window title bar state: overlay mode, drag disabled, window buttons hidden, title bar hidden
[2018.10.21-22.46.57:408][  0]LogSlate: Updating window title bar state: overlay mode, drag disabled, window buttons hidden, title bar hidden
[2018.10.21-22.46.57:418][  0]LogSlate: Updating window title bar state: overlay mode, drag disabled, window buttons hidden, title bar hidden
[2018.10.21-22.46.57:427][  0]LogSlate: Updating window title bar state: overlay mode, drag disabled, window buttons hidden, title bar hidden
[2018.10.21-22.46.57:442][  0]LogCollectionManager: Loaded 0 collections in 0.005049 seconds
[2018.10.21-22.46.57:501][  0]LogFileCache: Scanning file cache for directory 'C:/Users/w017177h/Documents/GitHub/SpideyCPP/SideyCPP/Saved/Collections/' took 0.01s
[2018.10.21-22.46.57:501][  0]LogFileCache: Scanning file cache for directory 'C:/Users/w017177h/Documents/GitHub/SpideyCPP/SideyCPP/Content/Developers/w017177h/Collections/' took 0.01s
[2018.10.21-22.46.57:501][  0]LogFileCache: Scanning file cache for directory 'C:/Users/w017177h/Documents/GitHub/SpideyCPP/SideyCPP/Content/Collections/' took 0.01s
[2018.10.21-22.46.57:501][  0]LogCollectionManager: Rebuilt the GUID cache for 0 collections in 0.000001 seconds
[2018.10.21-22.46.57:515][  0]LogContentBrowser: Native class hierarchy populated in 0.0136 seconds. Added 2576 classes and 605 folders.
[2018.10.21-22.46.57:526][  0]LogContentBrowser: Native class hierarchy updated for 'WidgetCarousel' in 0.0005 seconds. Added 0 classes and 0 folders.
[2018.10.21-22.46.57:613][  0]LogContentBrowser: Native class hierarchy updated for 'AddContentDialog' in 0.0005 seconds. Added 0 classes and 0 folders.
[2018.10.21-22.46.57:623][  0]LogContentBrowser: Native class hierarchy updated for 'SceneOutliner' in 0.0005 seconds. Added 1 classes and 2 folders.
[2018.10.21-22.46.57:638][  0]LogSlate: Took 0.000282 seconds to synchronously load lazily loaded font '../../../Engine/Content/Slate/Fonts/Roboto-Regular.ttf' (155K)
[2018.10.21-22.46.57:641][  0]LogSlate: Took 0.000234 seconds to synchronously load lazily loaded font '../../../Engine/Content/Slate/Fonts/Roboto-Bold.ttf' (160K)
[2018.10.21-22.46.57:648][  0]LogSlate: Took 0.000272 seconds to synchronously load lazily loaded font '../../../Engine/Content/Editor/Slate/Fonts/FontAwesome.ttf' (139K)
[2018.10.21-22.46.57:741][  0]LogRenderer: Reallocating scene render targets to support 1208x576 Format 10 NumSamples 1 (Frame:1).
[2018.10.21-22.46.57:954][  0]LogContentBrowser: Native class hierarchy updated for 'HierarchicalLODOutliner' in 0.0009 seconds. Added 0 classes and 0 folders.
[2018.10.21-22.46.57:954][  0]LogLoad: (Engine Initialization) Total time: 14.37 seconds
[2018.10.21-22.46.57:954][  0]LogLoad: (Engine Initialization) Total Blueprint compile time: 0.00 seconds
[2018.10.21-22.46.57:997][  0]LogContentStreaming: Texture pool size now 1000 MB
[2018.10.21-22.46.58:049][  0]LogSlate: Took 0.000469 seconds to synchronously load lazily loaded font '../../../Engine/Content/Slate/Fonts/Roboto-Light.ttf' (167K)
[2018.10.21-22.46.58:141][  2]LogAssetRegistry: Asset discovery search completed in 6.9547 seconds
[2018.10.21-22.46.58:143][  2]LogCollectionManager: Rebuilt the object cache for 0 collections in 0.000000 seconds (found 0 objects)
[2018.10.21-22.46.58:143][  2]LogCollectionManager: Fixed up redirectors for 0 collections in 0.000145 seconds (updated 0 objects)
[2018.10.21-22.47.30:895][182]LogSlate: FSceneViewport::OnFocusLost() reason 0
[2018.10.21-22.47.30:953][189]LogTemp: Repeating last play command: Selected Viewport
[2018.10.21-22.47.30:971][189]LogBlueprintUserMessages: Early PlayInEditor Detection: Level '/Game/StarterContent/Maps/Minimal_Default.Minimal_Default:PersistentLevel' has LevelScriptBlueprint '/Game/StarterContent/Maps/Minimal_Default.Minimal_Default:PersistentLevel.Minimal_Default' with GeneratedClass '/Game/StarterContent/Maps/Minimal_Default.Minimal_Default_C' with ClassGeneratedBy '/Game/StarterContent/Maps/Minimal_Default.Minimal_Default:PersistentLevel.Minimal_Default'
[2018.10.21-22.47.30:972][189]LogPlayLevel: PlayLevel: No blueprints needed recompiling
[2018.10.21-22.47.30:985][189]PIE: New page: PIE session: Minimal_Default (22 Oct 2018 00:47:30)
[2018.10.21-22.47.30:986][189]LogPlayLevel: Creating play world package: /Game/StarterContent/Maps/UEDPIE_0_Minimal_Default
[2018.10.21-22.47.30:991][189]LogPlayLevel: PIE: StaticDuplicateObject took: (0.005650s)
[2018.10.21-22.47.30:992][189]LogAIModule: Creating AISystem for world Minimal_Default
[2018.10.21-22.47.30:993][189]LogPlayLevel: PIE: World Init took: (0.001162s)
[2018.10.21-22.47.30:993][189]LogPlayLevel: PIE: Created PIE world by copying editor world from /Game/StarterContent/Maps/Minimal_Default.Minimal_Default to /Game/StarterContent/Maps/UEDPIE_0_Minimal_Default.Minimal_Default (0.007265s)
[2018.10.21-22.47.31:025][189]LogInit: XAudio2 using 'Speakers (Realtek High Definition Audio)' : 2 channels at 48 kHz using 32 bits per sample (channel mask 0x3)
[2018.10.21-22.47.31:041][189]LogInit: FAudioDevice initialized.
[2018.10.21-22.47.31:324][189]LogLoad: Game class is 'MySideyCPPGameModeBase_C'
[2018.10.21-22.47.31:329][189]LogWorld: Bringing World /Game/StarterContent/Maps/UEDPIE_0_Minimal_Default.Minimal_Default up for play (max tick rate 0) at 2018.10.21-23.47.31
[2018.10.21-22.47.31:330][189]LogWorld: Bringing up level for play took: 0.003056
[2018.10.21-22.47.31:359][189]LogContentBrowser: Native class hierarchy updated for 'MovieSceneCapture' in 0.0008 seconds. Added 10 classes and 0 folders.
[2018.10.21-22.47.31:366][189]PIE: Play in editor start time for /Game/StarterContent/Maps/UEDPIE_0_Minimal_Default 0.001
[2018.10.21-22.47.31:367][189]LogBlueprintUserMessages: Late PlayInEditor Detection: Level '/Game/StarterContent/Maps/Minimal_Default.Minimal_Default:PersistentLevel' has LevelScriptBlueprint '/Game/StarterContent/Maps/Minimal_Default.Minimal_Default:PersistentLevel.Minimal_Default' with GeneratedClass '/Game/StarterContent/Maps/Minimal_Default.Minimal_Default_C' with ClassGeneratedBy '/Game/StarterContent/Maps/Minimal_Default.Minimal_Default:PersistentLevel.Minimal_Default'
[2018.10.21-22.47.44:032][646]LogBlueprintUserMessages: Early EndPlayMap Detection: Level '/Game/StarterContent/Maps/Minimal_Default.Minimal_Default:PersistentLevel' has LevelScriptBlueprint '/Game/StarterContent/Maps/Minimal_Default.Minimal_Default:PersistentLevel.Minimal_Default' with GeneratedClass '/Game/StarterContent/Maps/Minimal_Default.Minimal_Default_C' with ClassGeneratedBy '/Game/StarterContent/Maps/Minimal_Default.Minimal_Default:PersistentLevel.Minimal_Default'
[2018.10.21-22.47.44:032][646]LogSlate: Updating window title bar state: overlay mode, drag disabled, window buttons hidden, title bar hidden
[2018.10.21-22.47.44:073][646]LogPlayLevel: Display: Shutting down PIE online subsystems
[2018.10.21-22.47.44:073][646]LogBlueprintUserMessages: Late EndPlayMap Detection: Level '/Game/StarterContent/Maps/Minimal_Default.Minimal_Default:PersistentLevel' has LevelScriptBlueprint '/Game/StarterContent/Maps/Minimal_Default.Minimal_Default:PersistentLevel.Minimal_Default' with GeneratedClass '/Game/StarterContent/Maps/Minimal_Default.Minimal_Default_C' with ClassGeneratedBy '/Game/StarterContent/Maps/Minimal_Default.Minimal_Default:PersistentLevel.Minimal_Default'
[2018.10.21-22.47.44:127][646]LogSlate: Updating window title bar state: overlay mode, drag disabled, window buttons hidden, title bar hidden
[2018.10.21-22.47.44:154][647]LogPlayLevel: Display: Destroying online subsystem :Context_2
[2018.10.21-22.47.44:518][689]LogSlate: Took 0.000217 seconds to synchronously load lazily loaded font '../../../Engine/Content/Slate/Fonts/Roboto-Light.ttf' (167K)
[2018.10.21-22.47.44:521][689]LogSlate: FSceneViewport::OnFocusLost() reason 2
[2018.10.21-22.47.44:705][689]LogSavePackage: Moving '../../../../../../Users/w017177h/Documents/GitHub/SpideyCPP/SideyCPP/Saved/Minimal_Default5BC81756493F0E7D2C662BA288F307A3.tmp' to '../../../../../../Users/w017177h/Documents/GitHub/SpideyCPP/SideyCPP/Content/StarterContent/Maps/Minimal_Default.umap'
[2018.10.21-22.47.44:811][689]LogSavePackage: Moving '../../../../../../Users/w017177h/Documents/GitHub/SpideyCPP/SideyCPP/Saved/Minimal_Default_BuiltData088CCB2A4FCA2C295F55D19CB5D05776.tmp' to '../../../../../../Users/w017177h/Documents/GitHub/SpideyCPP/SideyCPP/Content/StarterContent/Maps/Minimal_Default_BuiltData.uasset'
