Log file open, 10/22/18 19:43:58
LogWindows: Failed to load 'aqProf.dll' (GetLastError=126)
LogWindows: File 'aqProf.dll' does not exist
LogWindows: Failed to load 'VSPerf140.dll' (GetLastError=126)
LogWindows: File 'VSPerf140.dll' does not exist
LogWindows: Failed to load 'VtuneApi.dll' (GetLastError=126)
LogWindows: File 'VtuneApi.dll' does not exist
LogWindows: Failed to load 'VtuneApi32e.dll' (GetLastError=126)
LogWindows: File 'VtuneApi32e.dll' does not exist
LogInit: Display: Running engine for game: SideyCPP
LogPlatformFile: Not using cached read wrapper
LogTaskGraph: Started task graph with 5 named threads and 23 total threads with 3 sets of task threads.
LogStats: Stats thread started at 0.421043
LogD3D11RHI: Loaded GFSDK_Aftermath_Lib.x64.dll
LogICUInternationalization: Display: ICU TimeZone Detection - Raw Offset: +0:00, Platform Override: ''
LogPluginManager: Mounting plugin Paper2D
LogPluginManager: Mounting plugin AISupport
LogPluginManager: Mounting plugin LightPropagationVolume
LogPluginManager: Mounting plugin CLionSourceCodeAccess
LogPluginManager: Mounting plugin CodeLiteSourceCodeAccess
LogPluginManager: Mounting plugin GitSourceControl
LogPluginManager: Mounting plugin KDevelopSourceCodeAccess
LogPluginManager: Mounting plugin NullSourceCodeAccess
LogPluginManager: Mounting plugin PerforceSourceControl
LogPluginManager: Mounting plugin SubversionSourceControl
LogPluginManager: Mounting plugin UObjectPlugin
LogPluginManager: Mounting plugin VisualStudioCodeSourceCodeAccess
LogPluginManager: Mounting plugin VisualStudioSourceCodeAccess
LogPluginManager: Mounting plugin XCodeSourceCodeAccess
LogPluginManager: Mounting plugin AssetManagerEditor
LogPluginManager: Mounting plugin CryptoKeys
LogPluginManager: Mounting plugin DataValidation
LogPluginManager: Mounting plugin FacialAnimation
LogPluginManager: Mounting plugin GameplayTagsEditor
LogPluginManager: Mounting plugin MacGraphicsSwitching
LogPluginManager: Mounting plugin MeshEditor
LogPluginManager: Mounting plugin MobileLauncherProfileWizard
LogPluginManager: Mounting plugin PluginBrowser
LogPluginManager: Mounting plugin SpeedTreeImporter
LogPluginManager: Mounting plugin DatasmithContent
LogPluginManager: Mounting plugin AlembicImporter
LogPluginManager: Mounting plugin AppleImageUtils
LogPluginManager: Mounting plugin AppleVision
LogPluginManager: Mounting plugin BackChannel
LogPluginManager: Mounting plugin CharacterAI
LogPluginManager: Mounting plugin GeometryCache
LogPluginManager: Mounting plugin HTML5Networking
LogPluginManager: Mounting plugin ProxyLODPlugin
LogPluginManager: Mounting plugin MagicLeap
LogPluginManager: Mounting plugin MagicLeapEmulator
LogPluginManager: Mounting plugin MagicLeapMedia
LogPluginManager: Mounting plugin AndroidMedia
LogPluginManager: Mounting plugin AvfMedia
LogPluginManager: Mounting plugin ImgMedia
LogPluginManager: Mounting plugin LinearTimecode
LogPluginManager: Mounting plugin MediaCompositing
LogPluginManager: Mounting plugin MediaPlayerEditor
LogPluginManager: Mounting plugin WmfMedia
LogPluginManager: Mounting plugin TcpMessaging
LogPluginManager: Mounting plugin UdpMessaging
LogPluginManager: Mounting plugin ActorSequence
LogPluginManager: Mounting plugin LevelSequenceEditor
LogPluginManager: Mounting plugin MatineeToLevelSequence
LogPluginManager: Mounting plugin NetcodeUnitTest
LogPluginManager: Mounting plugin NUTUnrealEngine4
LogPluginManager: Mounting plugin OnlineSubsystemGooglePlay
LogPluginManager: Mounting plugin OnlineSubsystemIOS
LogPluginManager: Mounting plugin OnlineSubsystem
LogPluginManager: Mounting plugin OnlineSubsystemNull
LogPluginManager: Mounting plugin OnlineSubsystemUtils
LogPluginManager: Mounting plugin LauncherChunkInstaller
LogPluginManager: Mounting plugin AndroidDeviceProfileSelector
LogPluginManager: Mounting plugin AndroidMoviePlayer
LogPluginManager: Mounting plugin AndroidPermission
LogPluginManager: Mounting plugin AppleMoviePlayer
LogPluginManager: Mounting plugin ArchVisCharacter
LogPluginManager: Mounting plugin AudioCapture
LogPluginManager: Mounting plugin CableComponent
LogPluginManager: Mounting plugin CustomMeshComponent
LogPluginManager: Mounting plugin EditableMesh
LogPluginManager: Mounting plugin ExampleDeviceProfileSelector
LogPluginManager: Mounting plugin GoogleCloudMessaging
LogPluginManager: Mounting plugin ImmediatePhysics
LogPluginManager: Mounting plugin IOSDeviceProfileSelector
LogPluginManager: Mounting plugin LinuxDeviceProfileSelector
LogPluginManager: Mounting plugin LocationServicesBPLibrary
LogPluginManager: Mounting plugin MobilePatchingUtils
LogPluginManager: Mounting plugin OculusVR
LogPluginManager: Plugin shader directory ../../../Engine/Plugins/Runtime/Oculus/OculusVR/Shaders found
LogPluginManager: Mapping shader source directory ../../../Engine/Plugins/Runtime/Oculus/OculusVR/Shaders to virtual directory /Plugin/OculusVR
LogPluginManager: Mounting plugin PhysXVehicles
LogPluginManager: Mounting plugin ProceduralMeshComponent
LogPluginManager: Mounting plugin RuntimePhysXCooking
LogPluginManager: Mounting plugin SteamVR
LogPluginManager: Mounting plugin WindowsMoviePlayer
LogStreaming: Display: Took  0.175s to configure plugins.
LogInit: Using libcurl 7.55.1-DEV
LogInit:  - built for x86_64-pc-win32
LogInit:  - supports SSL with OpenSSL/1.0.2h
LogInit:  - supports HTTP deflate (compression) using libz 1.2.8
LogInit:  - other features:
LogInit:      CURL_VERSION_SSL
LogInit:      CURL_VERSION_LIBZ
LogInit:      CURL_VERSION_IPV6
LogInit:      CURL_VERSION_ASYNCHDNS
LogInit:      CURL_VERSION_LARGEFILE
LogInit:      CURL_VERSION_IDN
LogInit:  CurlRequestOptions (configurable via config and command line):
LogInit:  - bVerifyPeer = false  - Libcurl will NOT verify peer certificate
LogInit:  - bUseHttpProxy = false  - Libcurl will NOT use HTTP proxy
LogInit:  - bDontReuseConnections = false  - Libcurl will reuse connections
LogInit:  - CertBundlePath = nullptr  - Libcurl will use whatever was configured at build time.
LogInit:  - MaxHostConnections = 16  - Libcurl will limit the number of connections to a host
LogInit:  - LocalHostAddr = Default
LogInit:  - BufferSize = 65536
LogInit: WinSock: version 1.1 (2.2), MaxSocks=32767, MaxUdp=65467
LogInit: Build: ++UE4+Release-4.20-CL-4369336
LogInit: Engine Version: 4.20.3-4369336+++UE4+Release-4.20
LogInit: Compatible Engine Version: 4.20.0-4212847+++UE4+Release-4.20
LogInit: Net CL: 4212847
LogInit: OS: Windows 10 (), CPU: Intel(R) Xeon(R) W-2123 CPU @ 3.60GHz, GPU: NVIDIA GeForce GTX 1070
LogInit: Compiled (64-bit): Sep 17 2018 12:26:19
LogInit: Compiled with Visual C++: 19.13.26129.00
LogInit: Build Configuration: Development
LogInit: Branch Name: ++UE4+Release-4.20
LogInit: Command Line:  -skipcompile
LogInit: Base Directory: C:/Epic/UE4/UE_4.20/Engine/Binaries/Win64/
LogInit: Installed Engine Build: 1
LogDevObjectVersion: Number of dev versions registered: 20
LogDevObjectVersion:   Dev-Blueprints (B0D832E4-1F89-4F0D-ACCF-7EB736FD4AA2): 10
LogDevObjectVersion:   Dev-Build (E1C64328-A22C-4D53-A36C-8E866417BD8C): 0
LogDevObjectVersion:   Dev-Core (375EC13C-06E4-48FB-B500-84F0262A717E): 2
LogDevObjectVersion:   Dev-Editor (E4B068ED-F494-42E9-A231-DA0B2E46BB41): 24
LogDevObjectVersion:   Dev-Framework (CFFC743F-43B0-4480-9391-14DF171D2073): 34
LogDevObjectVersion:   Dev-Mobile (B02B49B5-BB20-44E9-A304-32B752E40360): 2
LogDevObjectVersion:   Dev-Networking (A4E4105C-59A1-49B5-A7C5-40C4547EDFEE): 0
LogDevObjectVersion:   Dev-Online (39C831C9-5AE6-47DC-9A44-9C173E1C8E7C): 0
LogDevObjectVersion:   Dev-Physics (78F01B33-EBEA-4F98-B9B4-84EACCB95AA2): 0
LogDevObjectVersion:   Dev-Platform (6631380F-2D4D-43E0-8009-CF276956A95A): 0
LogDevObjectVersion:   Dev-Rendering (12F88B9F-8875-4AFC-A67C-D90C383ABD29): 26
LogDevObjectVersion:   Dev-Sequencer (7B5AE74C-D270-4C10-A958-57980B212A5A): 9
LogDevObjectVersion:   Dev-VR (D7296918-1DD6-4BDD-9DE2-64A83CC13884): 2
LogDevObjectVersion:   Dev-LoadTimes (C2A15278-BFE7-4AFE-6C17-90FF531DF755): 1
LogDevObjectVersion:   Private-Geometry (6EACA3D4-40EC-4CC1-B786-8BED09428FC5): 3
LogDevObjectVersion:   Dev-AnimPhys (29E575DD-E0A3-4627-9D10-D276232CDCEA): 17
LogDevObjectVersion:   Dev-ReflectionCapture (6B266CEC-1EC7-4B8F-A30B-E4D90942FC07): 1
LogDevObjectVersion:   Dev-Automation (0DF73D61-A23F-47EA-B727-89E90C41499A): 1
LogDevObjectVersion:   FortniteMain (601D1886-AC64-4F84-AA16-D3DE0DEAC7D6): 12
LogDevObjectVersion:   Dev-Enterprise (9DFFBCD6-494F-0158-E221-12823C92A888): 1
LogStreaming: Display: Took  0.004s to delete old logs.
LogInit: Presizing for max 8388607 objects, including 0 objects not considered by GC, pre-allocating 0 bytes for permanent pool.
LogInit: Object subsystem initialized
[2018.10.22-18.43.59:512][  0]LogInit: Selected Device Profile: [Windows]
[2018.10.22-18.43.59:512][  0]LogInit: Applying CVar settings loaded from the selected device profile: [Windows]
[2018.10.22-18.43.59:526][  0]LogHAL: Display: Platform has ~ 32 GB [34065870848 / 34359738368 / 32], which maps to Largest [LargestMinGB=32, LargerMinGB=12, DefaultMinGB=8, SmallerMinGB=6, SmallestMinGB=0)
[2018.10.22-18.43.59:526][  0]LogInit: Setting Device Profile CVar: [[r.Vulkan.UseRealUBs:1]]
[2018.10.22-18.43.59:526][  0]LogInit: Going up to parent DeviceProfile []
[2018.10.22-18.43.59:526][  0]LogInit: Computer: A007-27
[2018.10.22-18.43.59:526][  0]LogInit: User: w017177h
[2018.10.22-18.43.59:527][  0]LogInit: CPU Page size=4096, Cores=4
[2018.10.22-18.43.59:527][  0]LogInit: High frequency timer resolution =3.515623 MHz
[2018.10.22-18.43.59:527][  0]LogMemory: Memory total: Physical=31.7GB (32GB approx)
[2018.10.22-18.43.59:527][  0]LogMemory: Platform Memory Stats for Windows
[2018.10.22-18.43.59:527][  0]LogMemory: Process Physical Memory: 100.75 MB used, 100.75 MB peak
[2018.10.22-18.43.59:527][  0]LogMemory: Process Virtual Memory: 90.88 MB used, 90.88 MB peak
[2018.10.22-18.43.59:527][  0]LogMemory: Physical Memory: 8780.52 MB used,  23707.23 MB free, 32487.75 MB total
[2018.10.22-18.43.59:527][  0]LogMemory: Virtual Memory: 4640.09 MB used,  23707.23 MB free, 134217728.00 MB total
[2018.10.22-18.43.59:653][  0]LogInit: Using OS detected language (en-US).
[2018.10.22-18.43.59:654][  0]LogInit: Using OS detected locale (en-GB).
[2018.10.22-18.43.59:655][  0]LogTextLocalizationManager: No specific localization for 'en-US' exists, so the 'en' localization will be used.
[2018.10.22-18.44.00:037][  0]LogStreaming: Display: Took  0.383s to InitEngineTextLocalization.
[2018.10.22-18.44.00:037][  0]LogInit: Setting process to per monitor DPI aware
[2018.10.22-18.44.00:090][  0]LogSlate: New Slate User Created.  User Index 0, Is Virtual User: 0
[2018.10.22-18.44.00:090][  0]LogSlate: Slate User Registered.  User Index 0, Is Virtual User: 0
[2018.10.22-18.44.00:356][  0]LogHMD: Failed to initialize OpenVR with code 110
[2018.10.22-18.44.00:357][  0]LogD3D11RHI: D3D11 adapters:
[2018.10.22-18.44.00:476][  0]LogD3D11RHI:    0. 'NVIDIA GeForce GTX 1070' (Feature Level 11_0)
[2018.10.22-18.44.00:476][  0]LogD3D11RHI:       8088/0/16243 MB DedicatedVideo/DedicatedSystem/SharedSystem, Outputs:2, VendorId:0x10de
[2018.10.22-18.44.00:493][  0]LogD3D11RHI:    1. 'Microsoft Basic Render Driver' (Feature Level 11_0)
[2018.10.22-18.44.00:493][  0]LogD3D11RHI:       0/0/16243 MB DedicatedVideo/DedicatedSystem/SharedSystem, Outputs:0, VendorId:0x1414
[2018.10.22-18.44.00:494][  0]LogD3D11RHI: Chosen D3D11 Adapter: 0
[2018.10.22-18.44.00:504][  0]LogD3D11RHI: Creating new Direct3DDevice
[2018.10.22-18.44.00:504][  0]LogD3D11RHI:     GPU DeviceId: 0x1b81 (for the marketing name, search the web for "GPU Device Id")
[2018.10.22-18.44.00:504][  0]LogWindows: EnumDisplayDevices:
[2018.10.22-18.44.00:504][  0]LogWindows:    0. 'NVIDIA GeForce GTX 1070' (P:0 D:1)
[2018.10.22-18.44.00:504][  0]LogWindows:    1. 'NVIDIA GeForce GTX 1070' (P:1 D:1)
[2018.10.22-18.44.00:505][  0]LogWindows:    2. 'NVIDIA GeForce GTX 1070' (P:0 D:0)
[2018.10.22-18.44.00:505][  0]LogWindows:    3. 'NVIDIA GeForce GTX 1070' (P:0 D:0)
[2018.10.22-18.44.00:505][  0]LogWindows: DebugString: FoundDriverCount:4 
[2018.10.22-18.44.00:505][  0]LogD3D11RHI:     Adapter Name: NVIDIA GeForce GTX 1070
[2018.10.22-18.44.00:505][  0]LogD3D11RHI:   Driver Version: 399.24 (internal:24.21.13.9924, unified:399.24)
[2018.10.22-18.44.00:505][  0]LogD3D11RHI:      Driver Date: 9-5-2018
[2018.10.22-18.44.00:505][  0]LogRHI: Texture pool is 5661 MB (70% of 8088 MB)
[2018.10.22-18.44.00:555][  0]LogD3D11RHI: Async texture creation enabled
[2018.10.22-18.44.00:574][  0]LogD3D11RHI: GPU Timing Frequency: 1000.000000 (Debug: 2 2)
[2018.10.22-18.44.00:577][  0]LogShaderCompilers: Guid format shader working directory is -20 characters bigger than the processId version (../../../../../../Users/w017177h/Documents/GitHub/SpideyCPP/SideyCPP/Intermediate/Shaders/WorkingDirectory/15288/).
[2018.10.22-18.44.00:577][  0]LogShaderCompilers: Cleaned the shader compiler working directory 'C:/Users/w017177h/AppData/Local/Temp/UnrealShaderWorkingDir/A132820849E8DE502CDC8A83F7DFDEAF/'.
[2018.10.22-18.44.00:856][  0]LogTemp: Display: Loaded TP AllDesktopTargetPlatform
[2018.10.22-18.44.00:873][  0]LogTemp: Display: Loaded TP MacClientTargetPlatform
[2018.10.22-18.44.00:889][  0]LogTemp: Display: Loaded TP MacNoEditorTargetPlatform
[2018.10.22-18.44.00:906][  0]LogTemp: Display: Loaded TP MacServerTargetPlatform
[2018.10.22-18.44.00:925][  0]LogTemp: Display: Loaded TP MacTargetPlatform
[2018.10.22-18.44.00:948][  0]LogTemp: Display: Loaded TP WindowsClientTargetPlatform
[2018.10.22-18.44.00:967][  0]LogTemp: Display: Loaded TP WindowsNoEditorTargetPlatform
[2018.10.22-18.44.00:984][  0]LogTemp: Display: Loaded TP WindowsServerTargetPlatform
[2018.10.22-18.44.00:995][  0]LogTemp: Display: Loaded TP WindowsTargetPlatform
[2018.10.22-18.44.01:084][  0]LogTemp: Display: Loaded TP AndroidTargetPlatform
[2018.10.22-18.44.01:084][  0]LogTemp: Display: Loaded TP AndroidTargetPlatform
[2018.10.22-18.44.01:084][  0]LogTemp: Display: Loaded TP AndroidTargetPlatform
[2018.10.22-18.44.01:085][  0]LogTemp: Display: Loaded TP AndroidTargetPlatform
[2018.10.22-18.44.01:085][  0]LogTemp: Display: Loaded TP AndroidTargetPlatform
[2018.10.22-18.44.01:085][  0]LogTemp: Display: Loaded TP AndroidTargetPlatform
[2018.10.22-18.44.01:085][  0]LogTemp: Display: Loaded TP AndroidTargetPlatform
[2018.10.22-18.44.01:085][  0]LogTemp: Display: Loaded TP AndroidTargetPlatform
[2018.10.22-18.44.01:085][  0]LogTemp: Display: Loaded TP AndroidTargetPlatform
[2018.10.22-18.44.01:085][  0]LogTemp: Display: Loaded TP AndroidTargetPlatform
[2018.10.22-18.44.01:085][  0]LogTemp: Display: Loaded TP AndroidTargetPlatform
[2018.10.22-18.44.01:085][  0]LogTemp: Display: Loaded TP AndroidTargetPlatform
[2018.10.22-18.44.01:085][  0]LogTemp: Display: Loaded TP AndroidTargetPlatform
[2018.10.22-18.44.01:085][  0]LogTemp: Display: Loaded TP AndroidTargetPlatform
[2018.10.22-18.44.01:085][  0]LogTemp: Display: Loaded TP AndroidTargetPlatform
[2018.10.22-18.44.01:086][  0]LogTemp: Display: Loaded TP AndroidTargetPlatform
[2018.10.22-18.44.01:086][  0]LogTemp: Display: Loaded TP AndroidTargetPlatform
[2018.10.22-18.44.01:086][  0]LogTemp: Display: Loaded TP AndroidTargetPlatform
[2018.10.22-18.44.01:090][  0]LogTemp: Display: Loaded TP HTML5TargetPlatform
[2018.10.22-18.44.01:165][  0]LogTemp: Display: Loaded TP IOSTargetPlatform
[2018.10.22-18.44.01:165][  0]LogTemp: Display: Loaded TP IOSTargetPlatform
[2018.10.22-18.44.01:197][  0]LogTemp: Display: Loaded TP TVOSTargetPlatform
[2018.10.22-18.44.01:197][  0]LogTemp: Display: Loaded TP TVOSTargetPlatform
[2018.10.22-18.44.01:215][  0]LogTemp: Display: Loaded TP LinuxClientTargetPlatform
[2018.10.22-18.44.01:231][  0]LogTemp: Display: Loaded TP LinuxNoEditorTargetPlatform
[2018.10.22-18.44.01:245][  0]LogTemp: Display: Loaded TP LinuxServerTargetPlatform
[2018.10.22-18.44.01:260][  0]LogTemp: Display: Loaded TP LinuxTargetPlatform
[2018.10.22-18.44.01:272][  0]LogTemp: Display: Loaded TP LuminTargetPlatform
[2018.10.22-18.44.01:272][  0]LogTargetPlatformManager: Display: Building Assets For Windows
[2018.10.22-18.44.01:414][  0]LogXGEController: Cleaning working directory: C:/Users/w017177h/AppData/Local/Temp/UnrealXGEWorkingDir/
[2018.10.22-18.44.01:415][  0]LogXGEController: Cannot use XGE Controller as Incredibuild is not installed on this machine.
[2018.10.22-18.44.01:415][  0]LogShaderCompilers: Cannot use XGE Shader Compiler as Incredibuild is not installed on this machine.
[2018.10.22-18.44.01:415][  0]LogShaderCompilers: Display: Using Local Shader Compiler.
[2018.10.22-18.44.02:283][  0]LogDerivedDataCache: Display: Max Cache Size: 512 MB
[2018.10.22-18.44.02:340][  0]LogDerivedDataCache: Loaded boot cache 0.06s 71MB C:/Users/w017177h/AppData/Local/UnrealEngine/4.20/DerivedDataCache/Boot.ddc.
[2018.10.22-18.44.02:341][  0]LogDerivedDataCache: Display: Loaded Boot cache: C:/Users/w017177h/AppData/Local/UnrealEngine/4.20/DerivedDataCache/Boot.ddc
[2018.10.22-18.44.02:341][  0]LogDerivedDataCache: FDerivedDataBackendGraph:  Pak pak cache file ../../../../../../Users/w017177h/Documents/GitHub/SpideyCPP/SideyCPP/DerivedDataCache/DDC.ddp not found, will not use a pak cache.
[2018.10.22-18.44.02:342][  0]LogDerivedDataCache: Unable to find inner node Pak for hierarchical cache Hierarchy.
[2018.10.22-18.44.02:342][  0]LogDerivedDataCache: FDerivedDataBackendGraph:  CompressedPak pak cache file ../../../../../../Users/w017177h/Documents/GitHub/SpideyCPP/SideyCPP/DerivedDataCache/Compressed.ddp not found, will not use a pak cache.
[2018.10.22-18.44.02:342][  0]LogDerivedDataCache: Unable to find inner node CompressedPak for hierarchical cache Hierarchy.
[2018.10.22-18.44.02:355][  0]LogDerivedDataCache: Display: Pak cache opened for reading ../../../Engine/DerivedDataCache/Compressed.ddp.
[2018.10.22-18.44.02:369][  0]LogDerivedDataCache: Using Local data cache path C:/Users/w017177h/AppData/Local/UnrealEngine/Common/DerivedDataCache: Writable
[2018.10.22-18.44.02:369][  0]LogDerivedDataCache: Shared data cache path not found in *engine.ini, will not use an Shared cache.
[2018.10.22-18.44.02:369][  0]LogDerivedDataCache: Unable to find inner node Shared for hierarchical cache Hierarchy.
[2018.10.22-18.44.02:395][  0]LogMaterial: Verifying Global Shaders for PCD3D_SM5
[2018.10.22-18.44.02:397][  0]LogSlate: Using FreeType 2.6.0
[2018.10.22-18.44.02:397][  0]LogSlate: SlateFontServices - WITH_FREETYPE: 1, WITH_HARFBUZZ: 1
[2018.10.22-18.44.02:478][  0]LogAssetRegistry: FAssetRegistry took 0.0332 seconds to start up
[2018.10.22-18.44.02:846][  0]LogInit: Selected Device Profile: [Windows]
[2018.10.22-18.44.03:006][  0]LogSimplygon: Simplygon DLL not present - disabling.
[2018.10.22-18.44.03:017][  0]LogMeshReduction: Using SimplygonSwarm for distributed automatic mesh merging
[2018.10.22-18.44.03:017][  0]LogMeshReduction: Using ProxyLODMeshReduction for automatic mesh merging
[2018.10.22-18.44.03:017][  0]LogMeshReduction: Using QuadricMeshReduction for automatic static mesh reduction
[2018.10.22-18.44.03:017][  0]LogMeshReduction: No automatic skeletal mesh reduction module available
[2018.10.22-18.44.03:037][  0]LogNetVersion: SideyCPP 1.0.0, NetCL: 4212847, EngineNetVer: 5, GameNetVer: 0 (Checksum: 583984258)
[2018.10.22-18.44.03:621][  0]LogPackageLocalizationCache: Processed 11 localized package path(s) for 2 prioritized culture(s) in 0.131216 seconds
[2018.10.22-18.44.03:628][  0]LogUObjectArray: 38425 objects as part of root set at end of initial load.
[2018.10.22-18.44.03:628][  0]LogUObjectAllocator: 6690872 out of 0 bytes used by permanent object pool.
[2018.10.22-18.44.03:628][  0]LogUObjectArray: CloseDisregardForGC: 0/0 objects in disregard for GC pool
[2018.10.22-18.44.04:736][  0]LogTcpMessaging: Initializing TcpMessaging bridge
[2018.10.22-18.44.04:753][  0]LogUdpMessaging: Initializing bridge on interface 0.0.0.0:0 to multicast group 230.0.0.1:6666.
[2018.10.22-18.44.05:254][  0]SourceControl: Source control is disabled
[2018.10.22-18.44.05:254][  0]SourceControl: Source control is disabled
[2018.10.22-18.44.05:260][  0]SourceControl: Source control is disabled
[2018.10.22-18.44.05:279][  0]SourceControl: Source control is disabled
[2018.10.22-18.44.05:624][  0]LogAndroidPermission: UAndroidPermissionCallbackProxy::GetInstance
[2018.10.22-18.44.05:760][  0]LogOcInput: OculusInput pre-init called
[2018.10.22-18.44.05:828][  0]LogEngine: Initializing Engine...
[2018.10.22-18.44.05:829][  0]LogHMD: Failed to initialize OpenVR with code 110
[2018.10.22-18.44.05:831][  0]LogStats: UGameplayTagsManager::ConstructGameplayTagTree: ImportINI prefixes -  0.000 s
[2018.10.22-18.44.05:831][  0]LogStats: UGameplayTagsManager::ConstructGameplayTagTree: Construct from data asset -  0.000 s
[2018.10.22-18.44.05:831][  0]LogStats: UGameplayTagsManager::ConstructGameplayTagTree: ImportINI -  0.000 s
[2018.10.22-18.44.05:831][  0]LogStats: UGameplayTagsManager::ConstructGameplayTagTree: GameplayTagTreeChangedEvent.Broadcast -  0.000 s
[2018.10.22-18.44.06:029][  0]LogInit: Initializing FReadOnlyCVARCache
[2018.10.22-18.44.06:049][  0]LogAIModule: Creating AISystem for world Untitled
[2018.10.22-18.44.06:119][  0]LogInit: XAudio2 using 'Realtek HD Audio 2nd output (Realtek High Definition Audio)' : 2 channels at 48 kHz using 32 bits per sample (channel mask 0x3)
[2018.10.22-18.44.06:141][  0]LogInit: FAudioDevice initialized.
[2018.10.22-18.44.06:142][  0]LogNetVersion: Set ProjectVersion to 1.0.0.0. Version Checksum will be recalculated on next use.
[2018.10.22-18.44.06:191][  0]LogDerivedDataCache: Saved boot cache 0.05s 71MB C:/Users/w017177h/AppData/Local/UnrealEngine/4.20/DerivedDataCache/Boot.ddc.
[2018.10.22-18.44.06:206][  0]LogInit: Texture streaming: Enabled
[2018.10.22-18.44.06:245][  0]LogEngineSessionManager: EngineSessionManager initialized
[2018.10.22-18.44.06:245][  0]LogEngineSessionManager: EngineSessionManager sent abnormal shutdown report. Type=Debugger, SessionId={4C275C34-48BA-DA45-F5AF-7F9DB14D789E}
[2018.10.22-18.44.06:259][  0]LogInit: Transaction tracking system initialized
[2018.10.22-18.44.06:301][  0]BlueprintLog: New page: Editor Load
[2018.10.22-18.44.06:437][  0]LocalizationService: Localization service is disabled
[2018.10.22-18.44.06:747][  0]LogCook: Display: Max memory allowance for cook 16384mb min free memory 0mb
[2018.10.22-18.44.06:747][  0]LogCook: Display: Mobile HDR setting 1
[2018.10.22-18.44.06:748][  0]LogGameplayTags: Display: UGameplayTagsManager::DoneAddingNativeTags. DelegateIsBound: 0
[2018.10.22-18.44.06:748][  0]LogStats: UGameplayTagsManager::ConstructGameplayTagTree: ImportINI prefixes -  0.000 s
[2018.10.22-18.44.06:748][  0]LogStats: UGameplayTagsManager::ConstructGameplayTagTree: Construct from data asset -  0.000 s
[2018.10.22-18.44.06:748][  0]LogStats: UGameplayTagsManager::ConstructGameplayTagTree: ImportINI -  0.000 s
[2018.10.22-18.44.06:748][  0]LogStats: UGameplayTagsManager::ConstructGameplayTagTree: GameplayTagTreeChangedEvent.Broadcast -  0.000 s
[2018.10.22-18.44.06:997][  0]LogFileCache: Scanning file cache for directory 'C:/Users/w017177h/Documents/GitHub/SpideyCPP/SideyCPP/Content/' took 0.02s
[2018.10.22-18.44.06:997][  0]SourceControl: Source control is disabled
[2018.10.22-18.44.06:997][  0]Cmd: MAP LOAD FILE="../../../../../../Users/w017177h/Documents/GitHub/SpideyCPP/SideyCPP/Content/StarterContent/Maps/Minimal_Default.umap" TEMPLATE=0 SHOWPROGRESS=1 FEATURELEVEL=3
[2018.10.22-18.44.06:998][  0]LightingResults: New page: Lighting Build
[2018.10.22-18.44.07:002][  0]MapCheck: New page: Map Check
[2018.10.22-18.44.07:002][  0]LightingResults: New page: Lighting Build
[2018.10.22-18.44.07:276][  0]LogAIModule: Creating AISystem for world Minimal_Default
[2018.10.22-18.44.07:288][  0]LogEditorServer: Finished looking for orphan Actors (0.000 secs)
[2018.10.22-18.44.07:321][  0]Cmd: MAP CHECKDEP NOCLEARLOG
[2018.10.22-18.44.07:440][  0]MapCheck: Map check complete: 0 Error(s), 0 Warning(s), took 117.915ms to complete.
[2018.10.22-18.44.07:440][  0]LogFileHelpers: Loading map 'Minimal_Default' took 0.442
[2018.10.22-18.44.07:573][  0]LogSlate: Updating window title bar state: overlay mode, drag disabled, window buttons hidden, title bar hidden
[2018.10.22-18.44.07:580][  0]LogSlate: Updating window title bar state: overlay mode, drag disabled, window buttons hidden, title bar hidden
[2018.10.22-18.44.07:587][  0]LogSlate: Updating window title bar state: overlay mode, drag disabled, window buttons hidden, title bar hidden
[2018.10.22-18.44.07:594][  0]LogSlate: Updating window title bar state: overlay mode, drag disabled, window buttons hidden, title bar hidden
[2018.10.22-18.44.07:603][  0]LogCollectionManager: Loaded 0 collections in 0.002264 seconds
[2018.10.22-18.44.07:655][  0]LogFileCache: Scanning file cache for directory 'C:/Users/w017177h/Documents/GitHub/SpideyCPP/SideyCPP/Saved/Collections/' took 0.01s
[2018.10.22-18.44.07:655][  0]LogFileCache: Scanning file cache for directory 'C:/Users/w017177h/Documents/GitHub/SpideyCPP/SideyCPP/Content/Developers/w017177h/Collections/' took 0.01s
[2018.10.22-18.44.07:655][  0]LogFileCache: Scanning file cache for directory 'C:/Users/w017177h/Documents/GitHub/SpideyCPP/SideyCPP/Content/Collections/' took 0.01s
[2018.10.22-18.44.07:655][  0]LogCollectionManager: Rebuilt the GUID cache for 0 collections in 0.000001 seconds
[2018.10.22-18.44.07:667][  0]LogContentBrowser: Native class hierarchy populated in 0.0117 seconds. Added 2576 classes and 605 folders.
[2018.10.22-18.44.07:674][  0]LogContentBrowser: Native class hierarchy updated for 'WidgetCarousel' in 0.0004 seconds. Added 0 classes and 0 folders.
[2018.10.22-18.44.07:736][  0]LogContentBrowser: Native class hierarchy updated for 'AddContentDialog' in 0.0005 seconds. Added 0 classes and 0 folders.
[2018.10.22-18.44.07:744][  0]LogContentBrowser: Native class hierarchy updated for 'SceneOutliner' in 0.0006 seconds. Added 1 classes and 2 folders.
[2018.10.22-18.44.07:759][  0]LogSlate: Took 0.000242 seconds to synchronously load lazily loaded font '../../../Engine/Content/Slate/Fonts/Roboto-Regular.ttf' (155K)
[2018.10.22-18.44.07:761][  0]LogSlate: Took 0.000258 seconds to synchronously load lazily loaded font '../../../Engine/Content/Slate/Fonts/Roboto-Bold.ttf' (160K)
[2018.10.22-18.44.07:768][  0]LogSlate: Took 0.000275 seconds to synchronously load lazily loaded font '../../../Engine/Content/Editor/Slate/Fonts/FontAwesome.ttf' (139K)
[2018.10.22-18.44.07:845][  0]LogRenderer: Reallocating scene render targets to support 1208x576 Format 10 NumSamples 1 (Frame:1).
[2018.10.22-18.44.07:972][  0]LogSlate: FSceneViewport::OnFocusLost() reason 2
[2018.10.22-18.44.07:987][  0]LogSlate: Window 'Tutorials' being destroyed
[2018.10.22-18.44.08:027][  0]LogContentBrowser: Native class hierarchy updated for 'HierarchicalLODOutliner' in 0.0004 seconds. Added 0 classes and 0 folders.
[2018.10.22-18.44.08:027][  0]LogLoad: (Engine Initialization) Total time: 11.02 seconds
[2018.10.22-18.44.08:027][  0]LogLoad: (Engine Initialization) Total Blueprint compile time: 0.00 seconds
[2018.10.22-18.44.08:037][  0]LogWindowsTextInputMethodSystem: Display: IME system now deactivated.
[2018.10.22-18.44.08:060][  0]LogContentStreaming: Texture pool size now 1000 MB
[2018.10.22-18.44.08:085][  0]LogSlate: Took 0.000154 seconds to synchronously load lazily loaded font '../../../Engine/Content/Slate/Fonts/Roboto-Light.ttf' (167K)
[2018.10.22-18.44.08:120][  1]LogAssetRegistry: Asset discovery search completed in 5.6669 seconds
[2018.10.22-18.44.08:122][  1]LogCollectionManager: Rebuilt the object cache for 0 collections in 0.000001 seconds (found 0 objects)
[2018.10.22-18.44.08:122][  1]LogCollectionManager: Fixed up redirectors for 0 collections in 0.000174 seconds (updated 0 objects)
[2018.10.22-18.44.28:353][300]LogSlate: FSceneViewport::OnFocusLost() reason 0
[2018.10.22-18.44.28:437][310]LogTemp: Repeating last play command: Selected Viewport
[2018.10.22-18.44.28:455][310]LogBlueprintUserMessages: Early PlayInEditor Detection: Level '/Game/StarterContent/Maps/Minimal_Default.Minimal_Default:PersistentLevel' has LevelScriptBlueprint '/Game/StarterContent/Maps/Minimal_Default.Minimal_Default:PersistentLevel.Minimal_Default' with GeneratedClass '/Game/StarterContent/Maps/Minimal_Default.Minimal_Default_C' with ClassGeneratedBy '/Game/StarterContent/Maps/Minimal_Default.Minimal_Default:PersistentLevel.Minimal_Default'
[2018.10.22-18.44.28:455][310]LogPlayLevel: PlayLevel: No blueprints needed recompiling
[2018.10.22-18.44.28:470][310]PIE: New page: PIE session: Minimal_Default (22 Oct 2018 20:44:28)
[2018.10.22-18.44.28:470][310]LogPlayLevel: Creating play world package: /Game/StarterContent/Maps/UEDPIE_0_Minimal_Default
[2018.10.22-18.44.28:474][310]LogPlayLevel: PIE: StaticDuplicateObject took: (0.004322s)
[2018.10.22-18.44.28:475][310]LogAIModule: Creating AISystem for world Minimal_Default
[2018.10.22-18.44.28:476][310]LogPlayLevel: PIE: World Init took: (0.000945s)
[2018.10.22-18.44.28:476][310]LogPlayLevel: PIE: Created PIE world by copying editor world from /Game/StarterContent/Maps/Minimal_Default.Minimal_Default to /Game/StarterContent/Maps/UEDPIE_0_Minimal_Default.Minimal_Default (0.005678s)
[2018.10.22-18.44.28:509][310]LogInit: XAudio2 using 'Realtek HD Audio 2nd output (Realtek High Definition Audio)' : 2 channels at 48 kHz using 32 bits per sample (channel mask 0x3)
[2018.10.22-18.44.28:525][310]LogInit: FAudioDevice initialized.
[2018.10.22-18.44.28:732][310]LogLoad: Game class is 'MySideyCPPGameModeBase_C'
[2018.10.22-18.44.28:735][310]LogWorld: Bringing World /Game/StarterContent/Maps/UEDPIE_0_Minimal_Default.Minimal_Default up for play (max tick rate 0) at 2018.10.22-19.44.28
[2018.10.22-18.44.28:735][310]LogWorld: Bringing up level for play took: 0.000992
[2018.10.22-18.44.28:754][310]LogContentBrowser: Native class hierarchy updated for 'MovieSceneCapture' in 0.0004 seconds. Added 10 classes and 0 folders.
[2018.10.22-18.44.28:758][310]PIE: Play in editor start time for /Game/StarterContent/Maps/UEDPIE_0_Minimal_Default 0.923
[2018.10.22-18.44.28:758][310]LogBlueprintUserMessages: Late PlayInEditor Detection: Level '/Game/StarterContent/Maps/Minimal_Default.Minimal_Default:PersistentLevel' has LevelScriptBlueprint '/Game/StarterContent/Maps/Minimal_Default.Minimal_Default:PersistentLevel.Minimal_Default' with GeneratedClass '/Game/StarterContent/Maps/Minimal_Default.Minimal_Default_C' with ClassGeneratedBy '/Game/StarterContent/Maps/Minimal_Default.Minimal_Default:PersistentLevel.Minimal_Default'
[2018.10.22-18.44.55:730][364]LogBlueprintUserMessages: [Player_C_0] I hit a wall
[2018.10.22-18.44.55:740][365]LogBlueprintUserMessages: [Player_C_0] I hit a wall
[2018.10.22-18.44.55:749][366]LogBlueprintUserMessages: [Player_C_0] I hit a wall
[2018.10.22-18.44.55:757][367]LogBlueprintUserMessages: [Player_C_0] I hit a wall
[2018.10.22-18.44.55:766][368]LogBlueprintUserMessages: [Player_C_0] I hit a wall
[2018.10.22-18.44.55:774][369]LogBlueprintUserMessages: [Player_C_0] I hit a wall
[2018.10.22-18.44.55:783][370]LogBlueprintUserMessages: [Player_C_0] I hit a wall
[2018.10.22-18.44.55:791][371]LogBlueprintUserMessages: [Player_C_0] I hit a wall
[2018.10.22-18.44.55:799][372]LogBlueprintUserMessages: [Player_C_0] I hit a wall
[2018.10.22-18.44.55:808][373]LogBlueprintUserMessages: [Player_C_0] I hit a wall
[2018.10.22-18.44.55:816][374]LogBlueprintUserMessages: [Player_C_0] I hit a wall
[2018.10.22-18.44.55:824][375]LogBlueprintUserMessages: [Player_C_0] I hit a wall
[2018.10.22-18.44.56:149][414]LogBlueprintUserMessages: [Player_C_0] I hit a wall
[2018.10.22-18.44.56:158][415]LogBlueprintUserMessages: [Player_C_0] I hit a wall
[2018.10.22-18.44.56:168][416]LogBlueprintUserMessages: [Player_C_0] I hit a wall
[2018.10.22-18.44.56:177][417]LogBlueprintUserMessages: [Player_C_0] I hit a wall
[2018.10.22-18.44.56:185][418]LogBlueprintUserMessages: [Player_C_0] I hit a wall
[2018.10.22-18.44.56:193][419]LogBlueprintUserMessages: [Player_C_0] I hit a wall
[2018.10.22-18.44.56:201][420]LogBlueprintUserMessages: [Player_C_0] I hit a wall
[2018.10.22-18.44.56:210][421]LogBlueprintUserMessages: [Player_C_0] I hit a wall
[2018.10.22-18.44.56:218][422]LogBlueprintUserMessages: [Player_C_0] I hit a wall
[2018.10.22-18.44.56:227][423]LogBlueprintUserMessages: [Player_C_0] I hit a wall
[2018.10.22-18.44.56:235][424]LogBlueprintUserMessages: [Player_C_0] I hit a wall
[2018.10.22-18.44.56:243][425]LogBlueprintUserMessages: [Player_C_0] I hit a wall
[2018.10.22-18.44.56:252][426]LogBlueprintUserMessages: [Player_C_0] I hit a wall
[2018.10.22-18.44.56:260][427]LogBlueprintUserMessages: [Player_C_0] I hit a wall
[2018.10.22-18.44.56:268][428]LogBlueprintUserMessages: [Player_C_0] I hit a wall
[2018.10.22-18.44.56:277][429]LogBlueprintUserMessages: [Player_C_0] I hit a wall
[2018.10.22-18.44.56:285][430]LogBlueprintUserMessages: [Player_C_0] I hit a wall
[2018.10.22-18.44.56:294][431]LogBlueprintUserMessages: [Player_C_0] I hit a wall
[2018.10.22-18.44.56:302][432]LogBlueprintUserMessages: [Player_C_0] I hit a wall
[2018.10.22-18.44.56:310][433]LogBlueprintUserMessages: [Player_C_0] I hit a wall
[2018.10.22-18.44.56:318][434]LogBlueprintUserMessages: [Player_C_0] I hit a wall
[2018.10.22-18.44.56:327][435]LogBlueprintUserMessages: [Player_C_0] I hit a wall
[2018.10.22-18.44.56:335][436]LogBlueprintUserMessages: [Player_C_0] I hit a wall
[2018.10.22-18.44.56:344][437]LogBlueprintUserMessages: [Player_C_0] I hit a wall
[2018.10.22-18.44.56:352][438]LogBlueprintUserMessages: [Player_C_0] I hit a wall
[2018.10.22-18.44.56:360][439]LogBlueprintUserMessages: [Player_C_0] I hit a wall
[2018.10.22-18.44.56:369][440]LogBlueprintUserMessages: [Player_C_0] I hit a wall
[2018.10.22-18.44.56:427][441]LogBlueprintUserMessages: [Player_C_0] I hit a wall
[2018.10.22-18.44.56:441][442]LogBlueprintUserMessages: [Player_C_0] I hit a wall
[2018.10.22-18.44.56:451][443]LogBlueprintUserMessages: [Player_C_0] I hit a wall
[2018.10.22-18.44.56:459][444]LogBlueprintUserMessages: [Player_C_0] I hit a wall
[2018.10.22-18.44.56:467][445]LogBlueprintUserMessages: [Player_C_0] I hit a wall
[2018.10.22-18.44.56:475][446]LogBlueprintUserMessages: [Player_C_0] I hit a wall
[2018.10.22-18.44.56:483][447]LogBlueprintUserMessages: [Player_C_0] I hit a wall
[2018.10.22-18.44.56:492][448]LogBlueprintUserMessages: [Player_C_0] I hit a wall
[2018.10.22-18.44.56:500][449]LogBlueprintUserMessages: [Player_C_0] I hit a wall
[2018.10.22-18.44.56:509][450]LogBlueprintUserMessages: [Player_C_0] I hit a wall
[2018.10.22-18.44.56:517][451]LogBlueprintUserMessages: [Player_C_0] I hit a wall
[2018.10.22-18.44.56:525][452]LogBlueprintUserMessages: [Player_C_0] I hit a wall
[2018.10.22-18.44.56:534][453]LogBlueprintUserMessages: [Player_C_0] I hit a wall
[2018.10.22-18.44.56:542][454]LogBlueprintUserMessages: [Player_C_0] I hit a wall
[2018.10.22-18.44.56:550][455]LogBlueprintUserMessages: [Player_C_0] I hit a wall
[2018.10.22-18.44.56:559][456]LogBlueprintUserMessages: [Player_C_0] I hit a wall
[2018.10.22-18.44.56:567][457]LogBlueprintUserMessages: [Player_C_0] I hit a wall
[2018.10.22-18.44.56:575][458]LogBlueprintUserMessages: [Player_C_0] I hit a wall
[2018.10.22-18.44.56:584][459]LogBlueprintUserMessages: [Player_C_0] I hit a wall
[2018.10.22-18.44.56:592][460]LogBlueprintUserMessages: [Player_C_0] I hit a wall
[2018.10.22-18.44.56:601][461]LogBlueprintUserMessages: [Player_C_0] I hit a wall
[2018.10.22-18.44.56:609][462]LogBlueprintUserMessages: [Player_C_0] I hit a wall
[2018.10.22-18.44.56:617][463]LogBlueprintUserMessages: [Player_C_0] I hit a wall
[2018.10.22-18.44.56:626][464]LogBlueprintUserMessages: [Player_C_0] I hit a wall
[2018.10.22-18.44.56:634][465]LogBlueprintUserMessages: [Player_C_0] I hit a wall
[2018.10.22-18.44.56:642][466]LogBlueprintUserMessages: [Player_C_0] I hit a wall
[2018.10.22-18.44.56:650][467]LogBlueprintUserMessages: [Player_C_0] I hit a wall
[2018.10.22-18.44.56:659][468]LogBlueprintUserMessages: [Player_C_0] I hit a wall
[2018.10.22-18.44.56:667][469]LogBlueprintUserMessages: [Player_C_0] I hit a wall
[2018.10.22-18.44.56:676][470]LogBlueprintUserMessages: [Player_C_0] I hit a wall
[2018.10.22-18.44.56:684][471]LogBlueprintUserMessages: [Player_C_0] I hit a wall
[2018.10.22-18.44.56:692][472]LogBlueprintUserMessages: [Player_C_0] I hit a wall
[2018.10.22-18.44.56:701][473]LogBlueprintUserMessages: [Player_C_0] I hit a wall
[2018.10.22-18.44.56:709][474]LogBlueprintUserMessages: [Player_C_0] I hit a wall
[2018.10.22-18.44.56:718][475]LogBlueprintUserMessages: [Player_C_0] I hit a wall
[2018.10.22-18.44.56:726][476]LogBlueprintUserMessages: [Player_C_0] I hit a wall
[2018.10.22-18.44.56:734][477]LogBlueprintUserMessages: [Player_C_0] I hit a wall
[2018.10.22-18.44.56:743][478]LogBlueprintUserMessages: [Player_C_0] I hit a wall
[2018.10.22-18.44.56:751][479]LogBlueprintUserMessages: [Player_C_0] I hit a wall
[2018.10.22-18.44.56:759][480]LogBlueprintUserMessages: [Player_C_0] I hit a wall
[2018.10.22-18.44.56:768][481]LogBlueprintUserMessages: [Player_C_0] I hit a wall
[2018.10.22-18.44.56:776][482]LogBlueprintUserMessages: [Player_C_0] I hit a wall
[2018.10.22-18.44.56:785][483]LogBlueprintUserMessages: [Player_C_0] I hit a wall
[2018.10.22-18.44.56:793][484]LogBlueprintUserMessages: [Player_C_0] I hit a wall
[2018.10.22-18.44.56:801][485]LogBlueprintUserMessages: [Player_C_0] I hit a wall
[2018.10.22-18.44.56:810][486]LogBlueprintUserMessages: [Player_C_0] I hit a wall
[2018.10.22-18.44.56:818][487]LogBlueprintUserMessages: [Player_C_0] I hit a wall
[2018.10.22-18.44.56:826][488]LogBlueprintUserMessages: [Player_C_0] I hit a wall
[2018.10.22-18.44.56:833][489]LogBlueprintUserMessages: [Player_C_0] I hit a wall
[2018.10.22-18.44.56:842][490]LogBlueprintUserMessages: [Player_C_0] I hit a wall
[2018.10.22-18.44.56:850][491]LogBlueprintUserMessages: [Player_C_0] I hit a wall
[2018.10.22-18.44.56:859][492]LogBlueprintUserMessages: [Player_C_0] I hit a wall
[2018.10.22-18.44.56:867][493]LogBlueprintUserMessages: [Player_C_0] I hit a wall
[2018.10.22-18.44.56:875][494]LogBlueprintUserMessages: [Player_C_0] I hit a wall
[2018.10.22-18.44.56:884][495]LogBlueprintUserMessages: [Player_C_0] I hit a wall
[2018.10.22-18.44.56:892][496]LogBlueprintUserMessages: [Player_C_0] I hit a wall
[2018.10.22-18.44.56:900][497]LogBlueprintUserMessages: [Player_C_0] I hit a wall
[2018.10.22-18.44.56:909][498]LogBlueprintUserMessages: [Player_C_0] I hit a wall
[2018.10.22-18.44.56:917][499]LogBlueprintUserMessages: [Player_C_0] I hit a wall
[2018.10.22-18.44.56:925][500]LogBlueprintUserMessages: [Player_C_0] I hit a wall
[2018.10.22-18.44.56:934][501]LogBlueprintUserMessages: [Player_C_0] I hit a wall
[2018.10.22-18.44.56:942][502]LogBlueprintUserMessages: [Player_C_0] I hit a wall
[2018.10.22-18.44.56:951][503]LogBlueprintUserMessages: [Player_C_0] I hit a wall
[2018.10.22-18.44.56:959][504]LogBlueprintUserMessages: [Player_C_0] I hit a wall
[2018.10.22-18.44.56:967][505]LogBlueprintUserMessages: [Player_C_0] I hit a wall
[2018.10.22-18.44.56:976][506]LogBlueprintUserMessages: [Player_C_0] I hit a wall
[2018.10.22-18.44.56:984][507]LogBlueprintUserMessages: [Player_C_0] I hit a wall
[2018.10.22-18.44.56:993][508]LogBlueprintUserMessages: [Player_C_0] I hit a wall
[2018.10.22-18.44.57:001][509]LogBlueprintUserMessages: [Player_C_0] I hit a wall
[2018.10.22-18.44.57:009][510]LogBlueprintUserMessages: [Player_C_0] I hit a wall
[2018.10.22-18.44.57:018][511]LogBlueprintUserMessages: [Player_C_0] I hit a wall
[2018.10.22-18.44.57:026][512]LogBlueprintUserMessages: [Player_C_0] I hit a wall
[2018.10.22-18.44.57:034][513]LogBlueprintUserMessages: [Player_C_0] I hit a wall
[2018.10.22-18.44.57:043][514]LogBlueprintUserMessages: [Player_C_0] I hit a wall
[2018.10.22-18.44.57:051][515]LogBlueprintUserMessages: [Player_C_0] I hit a wall
[2018.10.22-18.44.57:060][516]LogBlueprintUserMessages: [Player_C_0] I hit a wall
[2018.10.22-18.44.57:068][517]LogBlueprintUserMessages: [Player_C_0] I hit a wall
[2018.10.22-18.44.57:077][518]LogBlueprintUserMessages: [Player_C_0] I hit a wall
[2018.10.22-18.44.57:085][519]LogBlueprintUserMessages: [Player_C_0] I hit a wall
[2018.10.22-18.44.57:093][520]LogBlueprintUserMessages: [Player_C_0] I hit a wall
[2018.10.22-18.44.57:101][521]LogBlueprintUserMessages: [Player_C_0] I hit a wall
[2018.10.22-18.44.57:110][522]LogBlueprintUserMessages: [Player_C_0] I hit a wall
[2018.10.22-18.44.57:118][523]LogBlueprintUserMessages: [Player_C_0] I hit a wall
[2018.10.22-18.44.57:126][524]LogBlueprintUserMessages: [Player_C_0] I hit a wall
[2018.10.22-18.44.57:135][525]LogBlueprintUserMessages: [Player_C_0] I hit a wall
[2018.10.22-18.44.57:143][526]LogBlueprintUserMessages: [Player_C_0] I hit a wall
[2018.10.22-18.44.57:152][527]LogBlueprintUserMessages: [Player_C_0] I hit a wall
[2018.10.22-18.44.57:160][528]LogBlueprintUserMessages: [Player_C_0] I hit a wall
[2018.10.22-18.44.57:168][529]LogBlueprintUserMessages: [Player_C_0] I hit a wall
[2018.10.22-18.44.57:177][530]LogBlueprintUserMessages: [Player_C_0] I hit a wall
[2018.10.22-18.44.57:185][531]LogBlueprintUserMessages: [Player_C_0] I hit a wall
[2018.10.22-18.44.57:193][532]LogBlueprintUserMessages: [Player_C_0] I hit a wall
[2018.10.22-18.44.57:202][533]LogBlueprintUserMessages: [Player_C_0] I hit a wall
[2018.10.22-18.44.57:209][534]LogBlueprintUserMessages: [Player_C_0] I hit a wall
[2018.10.22-18.44.57:217][535]LogBlueprintUserMessages: [Player_C_0] I hit a wall
[2018.10.22-18.44.57:226][536]LogBlueprintUserMessages: [Player_C_0] I hit a wall
[2018.10.22-18.44.57:234][537]LogBlueprintUserMessages: [Player_C_0] I hit a wall
[2018.10.22-18.44.57:243][538]LogBlueprintUserMessages: [Player_C_0] I hit a wall
[2018.10.22-18.44.57:251][539]LogBlueprintUserMessages: [Player_C_0] I hit a wall
[2018.10.22-18.44.57:259][540]LogBlueprintUserMessages: [Player_C_0] I hit a wall
[2018.10.22-18.44.57:267][541]LogBlueprintUserMessages: [Player_C_0] I hit a wall
[2018.10.22-18.44.57:276][542]LogBlueprintUserMessages: [Player_C_0] I hit a wall
[2018.10.22-18.44.57:284][543]LogBlueprintUserMessages: [Player_C_0] I hit a wall
[2018.10.22-18.44.57:293][544]LogBlueprintUserMessages: [Player_C_0] I hit a wall
[2018.10.22-18.44.57:301][545]LogBlueprintUserMessages: [Player_C_0] I hit a wall
[2018.10.22-18.44.57:309][546]LogBlueprintUserMessages: [Player_C_0] I hit a wall
[2018.10.22-18.44.57:318][547]LogBlueprintUserMessages: [Player_C_0] I hit a wall
[2018.10.22-18.44.57:326][548]LogBlueprintUserMessages: [Player_C_0] I hit a wall
[2018.10.22-18.44.57:334][549]LogBlueprintUserMessages: [Player_C_0] I hit a wall
[2018.10.22-18.44.57:343][550]LogBlueprintUserMessages: [Player_C_0] I hit a wall
[2018.10.22-18.44.57:352][551]LogBlueprintUserMessages: [Player_C_0] I hit a wall
[2018.10.22-18.44.57:361][552]LogBlueprintUserMessages: [Player_C_0] I hit a wall
[2018.10.22-18.44.57:369][553]LogBlueprintUserMessages: [Player_C_0] I hit a wall
[2018.10.22-18.44.57:377][554]LogBlueprintUserMessages: [Player_C_0] I hit a wall
[2018.10.22-18.44.57:386][555]LogBlueprintUserMessages: [Player_C_0] I hit a wall
[2018.10.22-18.44.57:394][556]LogBlueprintUserMessages: [Player_C_0] I hit a wall
[2018.10.22-18.44.57:402][557]LogBlueprintUserMessages: [Player_C_0] I hit a wall
[2018.10.22-18.44.57:412][558]LogBlueprintUserMessages: [Player_C_0] I hit a wall
[2018.10.22-18.44.57:420][559]LogBlueprintUserMessages: [Player_C_0] I hit a wall
[2018.10.22-18.44.57:445][560]LogBlueprintUserMessages: [Player_C_0] I hit a wall
[2018.10.22-18.44.57:486][561]LogBlueprintUserMessages: [Player_C_0] I hit a wall
[2018.10.22-18.44.57:495][562]LogBlueprintUserMessages: [Player_C_0] I hit a wall
[2018.10.22-18.44.57:503][563]LogBlueprintUserMessages: [Player_C_0] I hit a wall
[2018.10.22-18.44.57:511][564]LogBlueprintUserMessages: [Player_C_0] I hit a wall
[2018.10.22-18.44.57:519][565]LogBlueprintUserMessages: [Player_C_0] I hit a wall
[2018.10.22-18.44.57:528][566]LogBlueprintUserMessages: [Player_C_0] I hit a wall
[2018.10.22-18.44.57:537][567]LogBlueprintUserMessages: [Player_C_0] I hit a wall
[2018.10.22-18.44.57:545][568]LogBlueprintUserMessages: [Player_C_0] I hit a wall
[2018.10.22-18.44.57:554][569]LogBlueprintUserMessages: [Player_C_0] I hit a wall
[2018.10.22-18.44.57:562][570]LogBlueprintUserMessages: [Player_C_0] I hit a wall
[2018.10.22-18.44.57:570][571]LogBlueprintUserMessages: [Player_C_0] I hit a wall
[2018.10.22-18.44.57:578][572]LogBlueprintUserMessages: [Player_C_0] I hit a wall
[2018.10.22-18.44.57:586][573]LogBlueprintUserMessages: [Player_C_0] I hit a wall
[2018.10.22-18.44.57:594][574]LogBlueprintUserMessages: [Player_C_0] I hit a wall
[2018.10.22-18.44.57:603][575]LogBlueprintUserMessages: [Player_C_0] I hit a wall
[2018.10.22-18.44.57:611][576]LogBlueprintUserMessages: [Player_C_0] I hit a wall
[2018.10.22-18.44.57:619][577]LogBlueprintUserMessages: [Player_C_0] I hit a wall
[2018.10.22-18.44.57:628][578]LogBlueprintUserMessages: [Player_C_0] I hit a wall
[2018.10.22-18.44.57:636][579]LogBlueprintUserMessages: [Player_C_0] I hit a wall
[2018.10.22-18.44.57:644][580]LogBlueprintUserMessages: [Player_C_0] I hit a wall
[2018.10.22-18.44.57:653][581]LogBlueprintUserMessages: [Player_C_0] I hit a wall
[2018.10.22-18.44.57:661][582]LogBlueprintUserMessages: [Player_C_0] I hit a wall
[2018.10.22-18.44.57:669][583]LogBlueprintUserMessages: [Player_C_0] I hit a wall
[2018.10.22-18.44.57:678][584]LogBlueprintUserMessages: [Player_C_0] I hit a wall
[2018.10.22-18.44.57:686][585]LogBlueprintUserMessages: [Player_C_0] I hit a wall
[2018.10.22-18.44.57:695][586]LogBlueprintUserMessages: [Player_C_0] I hit a wall
[2018.10.22-18.44.57:703][587]LogBlueprintUserMessages: [Player_C_0] I hit a wall
[2018.10.22-18.44.57:711][588]LogBlueprintUserMessages: [Player_C_0] I hit a wall
[2018.10.22-18.44.57:719][589]LogBlueprintUserMessages: [Player_C_0] I hit a wall
[2018.10.22-18.44.57:728][590]LogBlueprintUserMessages: [Player_C_0] I hit a wall
[2018.10.22-18.44.57:737][591]LogBlueprintUserMessages: [Player_C_0] I hit a wall
[2018.10.22-18.44.57:745][592]LogBlueprintUserMessages: [Player_C_0] I hit a wall
[2018.10.22-18.44.57:753][593]LogBlueprintUserMessages: [Player_C_0] I hit a wall
[2018.10.22-18.44.57:761][594]LogBlueprintUserMessages: [Player_C_0] I hit a wall
[2018.10.22-18.44.57:770][595]LogBlueprintUserMessages: [Player_C_0] I hit a wall
[2018.10.22-18.44.57:778][596]LogBlueprintUserMessages: [Player_C_0] I hit a wall
[2018.10.22-18.44.57:786][597]LogBlueprintUserMessages: [Player_C_0] I hit a wall
[2018.10.22-18.44.57:795][598]LogBlueprintUserMessages: [Player_C_0] I hit a wall
[2018.10.22-18.44.57:804][599]LogBlueprintUserMessages: [Player_C_0] I hit a wall
[2018.10.22-18.44.57:812][600]LogBlueprintUserMessages: [Player_C_0] I hit a wall
[2018.10.22-18.44.57:821][601]LogBlueprintUserMessages: [Player_C_0] I hit a wall
[2018.10.22-18.44.57:829][602]LogBlueprintUserMessages: [Player_C_0] I hit a wall
[2018.10.22-18.44.57:839][603]LogBlueprintUserMessages: [Player_C_0] I hit a wall
[2018.10.22-18.44.57:848][604]LogBlueprintUserMessages: [Player_C_0] I hit a wall
[2018.10.22-18.44.57:856][605]LogBlueprintUserMessages: [Player_C_0] I hit a wall
[2018.10.22-18.44.57:864][606]LogBlueprintUserMessages: [Player_C_0] I hit a wall
[2018.10.22-18.44.57:872][607]LogBlueprintUserMessages: [Player_C_0] I hit a wall
[2018.10.22-18.44.57:880][608]LogBlueprintUserMessages: [Player_C_0] I hit a wall
[2018.10.22-18.44.57:888][609]LogBlueprintUserMessages: [Player_C_0] I hit a wall
[2018.10.22-18.44.57:897][610]LogBlueprintUserMessages: [Player_C_0] I hit a wall
[2018.10.22-18.44.57:905][611]LogBlueprintUserMessages: [Player_C_0] I hit a wall
[2018.10.22-18.44.57:914][612]LogBlueprintUserMessages: [Player_C_0] I hit a wall
[2018.10.22-18.44.57:922][613]LogBlueprintUserMessages: [Player_C_0] I hit a wall
[2018.10.22-18.44.57:931][614]LogBlueprintUserMessages: [Player_C_0] I hit a wall
[2018.10.22-18.44.57:939][615]LogBlueprintUserMessages: [Player_C_0] I hit a wall
[2018.10.22-18.44.57:947][616]LogBlueprintUserMessages: [Player_C_0] I hit a wall
[2018.10.22-18.44.57:955][617]LogBlueprintUserMessages: [Player_C_0] I hit a wall
[2018.10.22-18.44.57:964][618]LogBlueprintUserMessages: [Player_C_0] I hit a wall
[2018.10.22-18.44.57:972][619]LogBlueprintUserMessages: [Player_C_0] I hit a wall
[2018.10.22-18.44.57:981][620]LogBlueprintUserMessages: [Player_C_0] I hit a wall
[2018.10.22-18.44.57:989][621]LogBlueprintUserMessages: [Player_C_0] I hit a wall
[2018.10.22-18.44.57:997][622]LogBlueprintUserMessages: [Player_C_0] I hit a wall
[2018.10.22-18.44.58:006][623]LogBlueprintUserMessages: [Player_C_0] I hit a wall
[2018.10.22-18.44.58:098][634]LogBlueprintUserMessages: [Player_C_0] I hit a wall
[2018.10.22-18.44.58:106][635]LogBlueprintUserMessages: [Player_C_0] I hit a wall
[2018.10.22-18.44.58:115][636]LogBlueprintUserMessages: [Player_C_0] I hit a wall
[2018.10.22-18.44.58:123][637]LogBlueprintUserMessages: [Player_C_0] I hit a wall
[2018.10.22-18.44.58:131][638]LogBlueprintUserMessages: [Player_C_0] I hit a wall
[2018.10.22-18.44.58:140][639]LogBlueprintUserMessages: [Player_C_0] I hit a wall
[2018.10.22-18.44.58:150][640]LogBlueprintUserMessages: [Player_C_0] I hit a wall
[2018.10.22-18.44.58:159][641]LogBlueprintUserMessages: [Player_C_0] I hit a wall
[2018.10.22-18.44.58:168][642]LogBlueprintUserMessages: [Player_C_0] I hit a wall
[2018.10.22-18.44.58:177][643]LogBlueprintUserMessages: [Player_C_0] I hit a wall
[2018.10.22-18.44.58:186][644]LogBlueprintUserMessages: [Player_C_0] I hit a wall
[2018.10.22-18.44.58:196][645]LogBlueprintUserMessages: [Player_C_0] I hit a wall
[2018.10.22-18.44.58:204][646]LogBlueprintUserMessages: [Player_C_0] I hit a wall
[2018.10.22-18.45.03:308][205]LogBlueprintUserMessages: Early EndPlayMap Detection: Level '/Game/StarterContent/Maps/Minimal_Default.Minimal_Default:PersistentLevel' has LevelScriptBlueprint '/Game/StarterContent/Maps/Minimal_Default.Minimal_Default:PersistentLevel.Minimal_Default' with GeneratedClass '/Game/StarterContent/Maps/Minimal_Default.Minimal_Default_C' with ClassGeneratedBy '/Game/StarterContent/Maps/Minimal_Default.Minimal_Default:PersistentLevel.Minimal_Default'
[2018.10.22-18.45.03:309][205]LogSlate: Updating window title bar state: overlay mode, drag disabled, window buttons hidden, title bar hidden
[2018.10.22-18.45.03:352][205]LogPlayLevel: Display: Shutting down PIE online subsystems
[2018.10.22-18.45.03:352][205]LogBlueprintUserMessages: Late EndPlayMap Detection: Level '/Game/StarterContent/Maps/Minimal_Default.Minimal_Default:PersistentLevel' has LevelScriptBlueprint '/Game/StarterContent/Maps/Minimal_Default.Minimal_Default:PersistentLevel.Minimal_Default' with GeneratedClass '/Game/StarterContent/Maps/Minimal_Default.Minimal_Default_C' with ClassGeneratedBy '/Game/StarterContent/Maps/Minimal_Default.Minimal_Default:PersistentLevel.Minimal_Default'
[2018.10.22-18.45.03:386][205]LogSlate: Updating window title bar state: overlay mode, drag disabled, window buttons hidden, title bar hidden
[2018.10.22-18.45.03:415][207]LogPlayLevel: Display: Destroying online subsystem :Context_2
[2018.10.22-18.45.04:083][278]LogSlate: Took 0.000208 seconds to synchronously load lazily loaded font '../../../Engine/Content/Slate/Fonts/Roboto-Light.ttf' (167K)
[2018.10.22-18.45.04:086][278]LogSlate: FSceneViewport::OnFocusLost() reason 2
[2018.10.22-18.45.04:236][278]LogSavePackage: Moving '../../../../../../Users/w017177h/Documents/GitHub/SpideyCPP/SideyCPP/Saved/Minimal_DefaultE30DD3AA45C7BDBE97EF0C888CC23B82.tmp' to '../../../../../../Users/w017177h/Documents/GitHub/SpideyCPP/SideyCPP/Content/StarterContent/Maps/Minimal_Default.umap'
[2018.10.22-18.45.04:345][278]LogSavePackage: Moving '../../../../../../Users/w017177h/Documents/GitHub/SpideyCPP/SideyCPP/Saved/Minimal_Default_BuiltData015D758B4221D70FEAE1598F47F44DCD.tmp' to '../../../../../../Users/w017177h/Documents/GitHub/SpideyCPP/SideyCPP/Content/StarterContent/Maps/Minimal_Default_BuiltData.uasset'
