Log file open, 10/20/18 19:54:30
LogWindows: Failed to load 'aqProf.dll' (GetLastError=126)
LogWindows: File 'aqProf.dll' does not exist
LogWindows: Failed to load 'VSPerf140.dll' (GetLastError=126)
LogWindows: File 'VSPerf140.dll' does not exist
LogWindows: Failed to load 'VtuneApi.dll' (GetLastError=126)
LogWindows: File 'VtuneApi.dll' does not exist
LogWindows: Failed to load 'VtuneApi32e.dll' (GetLastError=126)
LogWindows: File 'VtuneApi32e.dll' does not exist
LogInit: Display: Running engine for game: SideyCPP
LogPlatformFile: Not using cached read wrapper
LogTaskGraph: Started task graph with 5 named threads and 23 total threads with 3 sets of task threads.
LogStats: Stats thread started at 0.395751
LogD3D11RHI: Loaded GFSDK_Aftermath_Lib.x64.dll
LogICUInternationalization: Display: ICU TimeZone Detection - Raw Offset: +0:00, Platform Override: ''
LogPluginManager: Mounting plugin Paper2D
LogPluginManager: Mounting plugin AISupport
LogPluginManager: Mounting plugin LightPropagationVolume
LogPluginManager: Mounting plugin CLionSourceCodeAccess
LogPluginManager: Mounting plugin CodeLiteSourceCodeAccess
LogPluginManager: Mounting plugin GitSourceControl
LogPluginManager: Mounting plugin KDevelopSourceCodeAccess
LogPluginManager: Mounting plugin NullSourceCodeAccess
LogPluginManager: Mounting plugin PerforceSourceControl
LogPluginManager: Mounting plugin SubversionSourceControl
LogPluginManager: Mounting plugin UObjectPlugin
LogPluginManager: Mounting plugin VisualStudioCodeSourceCodeAccess
LogPluginManager: Mounting plugin VisualStudioSourceCodeAccess
LogPluginManager: Mounting plugin XCodeSourceCodeAccess
LogPluginManager: Mounting plugin AssetManagerEditor
LogPluginManager: Mounting plugin CryptoKeys
LogPluginManager: Mounting plugin DataValidation
LogPluginManager: Mounting plugin FacialAnimation
LogPluginManager: Mounting plugin GameplayTagsEditor
LogPluginManager: Mounting plugin MacGraphicsSwitching
LogPluginManager: Mounting plugin MeshEditor
LogPluginManager: Mounting plugin MobileLauncherProfileWizard
LogPluginManager: Mounting plugin PluginBrowser
LogPluginManager: Mounting plugin SpeedTreeImporter
LogPluginManager: Mounting plugin DatasmithContent
LogPluginManager: Mounting plugin AlembicImporter
LogPluginManager: Mounting plugin AppleImageUtils
LogPluginManager: Mounting plugin AppleVision
LogPluginManager: Mounting plugin BackChannel
LogPluginManager: Mounting plugin CharacterAI
LogPluginManager: Mounting plugin GeometryCache
LogPluginManager: Mounting plugin HTML5Networking
LogPluginManager: Mounting plugin ProxyLODPlugin
LogPluginManager: Mounting plugin MagicLeap
LogPluginManager: Mounting plugin MagicLeapEmulator
LogPluginManager: Mounting plugin MagicLeapMedia
LogPluginManager: Mounting plugin AndroidMedia
LogPluginManager: Mounting plugin AvfMedia
LogPluginManager: Mounting plugin ImgMedia
LogPluginManager: Mounting plugin LinearTimecode
LogPluginManager: Mounting plugin MediaCompositing
LogPluginManager: Mounting plugin MediaPlayerEditor
LogPluginManager: Mounting plugin WmfMedia
LogPluginManager: Mounting plugin TcpMessaging
LogPluginManager: Mounting plugin UdpMessaging
LogPluginManager: Mounting plugin ActorSequence
LogPluginManager: Mounting plugin LevelSequenceEditor
LogPluginManager: Mounting plugin MatineeToLevelSequence
LogPluginManager: Mounting plugin NetcodeUnitTest
LogPluginManager: Mounting plugin NUTUnrealEngine4
LogPluginManager: Mounting plugin OnlineSubsystemGooglePlay
LogPluginManager: Mounting plugin OnlineSubsystemIOS
LogPluginManager: Mounting plugin OnlineSubsystem
LogPluginManager: Mounting plugin OnlineSubsystemNull
LogPluginManager: Mounting plugin OnlineSubsystemUtils
LogPluginManager: Mounting plugin LauncherChunkInstaller
LogPluginManager: Mounting plugin AndroidDeviceProfileSelector
LogPluginManager: Mounting plugin AndroidMoviePlayer
LogPluginManager: Mounting plugin AndroidPermission
LogPluginManager: Mounting plugin AppleMoviePlayer
LogPluginManager: Mounting plugin ArchVisCharacter
LogPluginManager: Mounting plugin AudioCapture
LogPluginManager: Mounting plugin CableComponent
LogPluginManager: Mounting plugin CustomMeshComponent
LogPluginManager: Mounting plugin EditableMesh
LogPluginManager: Mounting plugin ExampleDeviceProfileSelector
LogPluginManager: Mounting plugin GoogleCloudMessaging
LogPluginManager: Mounting plugin ImmediatePhysics
LogPluginManager: Mounting plugin IOSDeviceProfileSelector
LogPluginManager: Mounting plugin LinuxDeviceProfileSelector
LogPluginManager: Mounting plugin LocationServicesBPLibrary
LogPluginManager: Mounting plugin MobilePatchingUtils
LogPluginManager: Mounting plugin OculusVR
LogPluginManager: Plugin shader directory ../../../Engine/Plugins/Runtime/Oculus/OculusVR/Shaders found
LogPluginManager: Mapping shader source directory ../../../Engine/Plugins/Runtime/Oculus/OculusVR/Shaders to virtual directory /Plugin/OculusVR
LogPluginManager: Mounting plugin PhysXVehicles
LogPluginManager: Mounting plugin ProceduralMeshComponent
LogPluginManager: Mounting plugin RuntimePhysXCooking
LogPluginManager: Mounting plugin SteamVR
LogPluginManager: Mounting plugin WindowsMoviePlayer
LogStreaming: Display: Took  0.241s to configure plugins.
LogInit: Using libcurl 7.55.1-DEV
LogInit:  - built for x86_64-pc-win32
LogInit:  - supports SSL with OpenSSL/1.0.2h
LogInit:  - supports HTTP deflate (compression) using libz 1.2.8
LogInit:  - other features:
LogInit:      CURL_VERSION_SSL
LogInit:      CURL_VERSION_LIBZ
LogInit:      CURL_VERSION_IPV6
LogInit:      CURL_VERSION_ASYNCHDNS
LogInit:      CURL_VERSION_LARGEFILE
LogInit:      CURL_VERSION_IDN
LogInit:  CurlRequestOptions (configurable via config and command line):
LogInit:  - bVerifyPeer = false  - Libcurl will NOT verify peer certificate
LogInit:  - bUseHttpProxy = false  - Libcurl will NOT use HTTP proxy
LogInit:  - bDontReuseConnections = false  - Libcurl will reuse connections
LogInit:  - CertBundlePath = nullptr  - Libcurl will use whatever was configured at build time.
LogInit:  - MaxHostConnections = 16  - Libcurl will limit the number of connections to a host
LogInit:  - LocalHostAddr = Default
LogInit:  - BufferSize = 65536
LogInit: WinSock: version 1.1 (2.2), MaxSocks=32767, MaxUdp=65467
LogInit: Build: ++UE4+Release-4.20-CL-4369336
LogInit: Engine Version: 4.20.3-4369336+++UE4+Release-4.20
LogInit: Compatible Engine Version: 4.20.0-4212847+++UE4+Release-4.20
LogInit: Net CL: 4212847
LogInit: OS: Windows 10 (), CPU: Intel(R) Core(TM) i7-6700K CPU @ 4.00GHz, GPU: NVIDIA GeForce GTX 1060 6GB
LogInit: Compiled (64-bit): Sep 17 2018 12:26:19
LogInit: Compiled with Visual C++: 19.13.26129.00
LogInit: Build Configuration: Development
LogInit: Branch Name: ++UE4+Release-4.20
LogInit: Command Line:  -skipcompile
LogInit: Base Directory: D:/Program Files/Epic Games/UE_4.20/Engine/Binaries/Win64/
LogInit: Installed Engine Build: 1
LogDevObjectVersion: Number of dev versions registered: 20
LogDevObjectVersion:   Dev-Blueprints (B0D832E4-1F89-4F0D-ACCF-7EB736FD4AA2): 10
LogDevObjectVersion:   Dev-Build (E1C64328-A22C-4D53-A36C-8E866417BD8C): 0
LogDevObjectVersion:   Dev-Core (375EC13C-06E4-48FB-B500-84F0262A717E): 2
LogDevObjectVersion:   Dev-Editor (E4B068ED-F494-42E9-A231-DA0B2E46BB41): 24
LogDevObjectVersion:   Dev-Framework (CFFC743F-43B0-4480-9391-14DF171D2073): 34
LogDevObjectVersion:   Dev-Mobile (B02B49B5-BB20-44E9-A304-32B752E40360): 2
LogDevObjectVersion:   Dev-Networking (A4E4105C-59A1-49B5-A7C5-40C4547EDFEE): 0
LogDevObjectVersion:   Dev-Online (39C831C9-5AE6-47DC-9A44-9C173E1C8E7C): 0
LogDevObjectVersion:   Dev-Physics (78F01B33-EBEA-4F98-B9B4-84EACCB95AA2): 0
LogDevObjectVersion:   Dev-Platform (6631380F-2D4D-43E0-8009-CF276956A95A): 0
LogDevObjectVersion:   Dev-Rendering (12F88B9F-8875-4AFC-A67C-D90C383ABD29): 26
LogDevObjectVersion:   Dev-Sequencer (7B5AE74C-D270-4C10-A958-57980B212A5A): 9
LogDevObjectVersion:   Dev-VR (D7296918-1DD6-4BDD-9DE2-64A83CC13884): 2
LogDevObjectVersion:   Dev-LoadTimes (C2A15278-BFE7-4AFE-6C17-90FF531DF755): 1
LogDevObjectVersion:   Private-Geometry (6EACA3D4-40EC-4CC1-B786-8BED09428FC5): 3
LogDevObjectVersion:   Dev-AnimPhys (29E575DD-E0A3-4627-9D10-D276232CDCEA): 17
LogDevObjectVersion:   Dev-ReflectionCapture (6B266CEC-1EC7-4B8F-A30B-E4D90942FC07): 1
LogDevObjectVersion:   Dev-Automation (0DF73D61-A23F-47EA-B727-89E90C41499A): 1
LogDevObjectVersion:   FortniteMain (601D1886-AC64-4F84-AA16-D3DE0DEAC7D6): 12
LogDevObjectVersion:   Dev-Enterprise (9DFFBCD6-494F-0158-E221-12823C92A888): 1
LogStreaming: Display: Took  0.015s to delete old logs.
LogInit: Presizing for max 8388607 objects, including 0 objects not considered by GC, pre-allocating 0 bytes for permanent pool.
LogInit: Object subsystem initialized
[2018.10.20-18.54.31:089][  0]LogInit: Selected Device Profile: [Windows]
[2018.10.20-18.54.31:089][  0]LogInit: Applying CVar settings loaded from the selected device profile: [Windows]
[2018.10.20-18.54.31:099][  0]LogHAL: Display: Platform has ~ 16 GB [17126547456 / 17179869184 / 16], which maps to Larger [LargestMinGB=32, LargerMinGB=12, DefaultMinGB=8, SmallerMinGB=6, SmallestMinGB=0)
[2018.10.20-18.54.31:099][  0]LogInit: Setting Device Profile CVar: [[r.Vulkan.UseRealUBs:1]]
[2018.10.20-18.54.31:099][  0]LogInit: Going up to parent DeviceProfile []
[2018.10.20-18.54.31:100][  0]LogInit: Computer: EDWARD
[2018.10.20-18.54.31:100][  0]LogInit: User: John
[2018.10.20-18.54.31:100][  0]LogInit: CPU Page size=4096, Cores=4
[2018.10.20-18.54.31:100][  0]LogInit: High frequency timer resolution =3.914065 MHz
[2018.10.20-18.54.31:100][  0]LogMemory: Memory total: Physical=16.0GB (16GB approx)
[2018.10.20-18.54.31:100][  0]LogMemory: Platform Memory Stats for Windows
[2018.10.20-18.54.31:100][  0]LogMemory: Process Physical Memory: 100.88 MB used, 100.88 MB peak
[2018.10.20-18.54.31:100][  0]LogMemory: Process Virtual Memory: 91.55 MB used, 91.55 MB peak
[2018.10.20-18.54.31:100][  0]LogMemory: Physical Memory: 7966.40 MB used,  8366.75 MB free, 16333.15 MB total
[2018.10.20-18.54.31:100][  0]LogMemory: Virtual Memory: 4640.09 MB used,  8366.75 MB free, 134217728.00 MB total
[2018.10.20-18.54.31:236][  0]LogInit: Using OS detected language (en-US).
[2018.10.20-18.54.31:236][  0]LogInit: Using OS detected locale (en-US).
[2018.10.20-18.54.31:237][  0]LogTextLocalizationManager: No specific localization for 'en-US' exists, so the 'en' localization will be used.
[2018.10.20-18.54.31:544][  0]LogStreaming: Display: Took  0.307s to InitEngineTextLocalization.
[2018.10.20-18.54.31:545][  0]LogInit: Setting process to per monitor DPI aware
[2018.10.20-18.54.31:600][  0]LogSlate: New Slate User Created.  User Index 0, Is Virtual User: 0
[2018.10.20-18.54.31:601][  0]LogSlate: Slate User Registered.  User Index 0, Is Virtual User: 0
[2018.10.20-18.54.31:851][  0]LogHMD: Failed to initialize OpenVR with code 102
[2018.10.20-18.54.31:851][  0]LogD3D11RHI: D3D11 adapters:
[2018.10.20-18.54.31:924][  0]LogD3D11RHI:    0. 'NVIDIA GeForce GTX 1060 6GB' (Feature Level 11_0)
[2018.10.20-18.54.31:924][  0]LogD3D11RHI:       6061/0/8166 MB DedicatedVideo/DedicatedSystem/SharedSystem, Outputs:1, VendorId:0x10de
[2018.10.20-18.54.31:929][  0]LogD3D11RHI:    1. 'Microsoft Basic Render Driver' (Feature Level 11_0)
[2018.10.20-18.54.31:930][  0]LogD3D11RHI:       0/0/8166 MB DedicatedVideo/DedicatedSystem/SharedSystem, Outputs:0, VendorId:0x1414
[2018.10.20-18.54.31:930][  0]LogD3D11RHI: Chosen D3D11 Adapter: 0
[2018.10.20-18.54.31:937][  0]LogD3D11RHI: Creating new Direct3DDevice
[2018.10.20-18.54.31:937][  0]LogD3D11RHI:     GPU DeviceId: 0x1c03 (for the marketing name, search the web for "GPU Device Id")
[2018.10.20-18.54.31:937][  0]LogWindows: EnumDisplayDevices:
[2018.10.20-18.54.31:937][  0]LogWindows:    0. 'NVIDIA GeForce GTX 1060 6GB' (P:1 D:1)
[2018.10.20-18.54.31:938][  0]LogWindows:    1. 'NVIDIA GeForce GTX 1060 6GB' (P:0 D:0)
[2018.10.20-18.54.31:938][  0]LogWindows:    2. 'NVIDIA GeForce GTX 1060 6GB' (P:0 D:0)
[2018.10.20-18.54.31:939][  0]LogWindows:    3. 'NVIDIA GeForce GTX 1060 6GB' (P:0 D:0)
[2018.10.20-18.54.31:939][  0]LogWindows: DebugString: FoundDriverCount:4 
[2018.10.20-18.54.31:939][  0]LogD3D11RHI:     Adapter Name: NVIDIA GeForce GTX 1060 6GB
[2018.10.20-18.54.31:939][  0]LogD3D11RHI:   Driver Version: 388.13 (internal:23.21.13.8813, unified:388.13)
[2018.10.20-18.54.31:939][  0]LogD3D11RHI:      Driver Date: 10-27-2017
[2018.10.20-18.54.31:940][  0]LogRHI: Texture pool is 4242 MB (70% of 6061 MB)
[2018.10.20-18.54.31:968][  0]LogD3D11RHI: Async texture creation enabled
[2018.10.20-18.54.31:985][  0]LogD3D11RHI: GPU Timing Frequency: 1000.000000 (Debug: 2 1)
[2018.10.20-18.54.32:035][  0]LogShaderCompilers: Guid format shader working directory is 4 characters bigger than the processId version (../../../../../../Git/SpideyCPP/SideyCPP/Intermediate/Shaders/WorkingDirectory/14868/).
[2018.10.20-18.54.32:035][  0]LogShaderCompilers: Cleaned the shader compiler working directory 'C:/Users/John/AppData/Local/Temp/UnrealShaderWorkingDir/ABF2550546BF57D2BA4A0DB1E1513FD2/'.
[2018.10.20-18.54.32:325][  0]LogTemp: Display: Loaded TP AllDesktopTargetPlatform
[2018.10.20-18.54.32:344][  0]LogTemp: Display: Loaded TP MacClientTargetPlatform
[2018.10.20-18.54.32:364][  0]LogTemp: Display: Loaded TP MacNoEditorTargetPlatform
[2018.10.20-18.54.32:386][  0]LogTemp: Display: Loaded TP MacServerTargetPlatform
[2018.10.20-18.54.32:407][  0]LogTemp: Display: Loaded TP MacTargetPlatform
[2018.10.20-18.54.32:427][  0]LogTemp: Display: Loaded TP WindowsClientTargetPlatform
[2018.10.20-18.54.32:452][  0]LogTemp: Display: Loaded TP WindowsNoEditorTargetPlatform
[2018.10.20-18.54.32:474][  0]LogTemp: Display: Loaded TP WindowsServerTargetPlatform
[2018.10.20-18.54.32:489][  0]LogTemp: Display: Loaded TP WindowsTargetPlatform
[2018.10.20-18.54.32:571][  0]LogTemp: Display: Loaded TP AndroidTargetPlatform
[2018.10.20-18.54.32:571][  0]LogTemp: Display: Loaded TP AndroidTargetPlatform
[2018.10.20-18.54.32:571][  0]LogTemp: Display: Loaded TP AndroidTargetPlatform
[2018.10.20-18.54.32:571][  0]LogTemp: Display: Loaded TP AndroidTargetPlatform
[2018.10.20-18.54.32:571][  0]LogTemp: Display: Loaded TP AndroidTargetPlatform
[2018.10.20-18.54.32:571][  0]LogTemp: Display: Loaded TP AndroidTargetPlatform
[2018.10.20-18.54.32:571][  0]LogTemp: Display: Loaded TP AndroidTargetPlatform
[2018.10.20-18.54.32:571][  0]LogTemp: Display: Loaded TP AndroidTargetPlatform
[2018.10.20-18.54.32:572][  0]LogTemp: Display: Loaded TP AndroidTargetPlatform
[2018.10.20-18.54.32:572][  0]LogTemp: Display: Loaded TP AndroidTargetPlatform
[2018.10.20-18.54.32:572][  0]LogTemp: Display: Loaded TP AndroidTargetPlatform
[2018.10.20-18.54.32:572][  0]LogTemp: Display: Loaded TP AndroidTargetPlatform
[2018.10.20-18.54.32:572][  0]LogTemp: Display: Loaded TP AndroidTargetPlatform
[2018.10.20-18.54.32:572][  0]LogTemp: Display: Loaded TP AndroidTargetPlatform
[2018.10.20-18.54.32:572][  0]LogTemp: Display: Loaded TP AndroidTargetPlatform
[2018.10.20-18.54.32:572][  0]LogTemp: Display: Loaded TP AndroidTargetPlatform
[2018.10.20-18.54.32:572][  0]LogTemp: Display: Loaded TP AndroidTargetPlatform
[2018.10.20-18.54.32:572][  0]LogTemp: Display: Loaded TP AndroidTargetPlatform
[2018.10.20-18.54.32:578][  0]LogTemp: Display: Loaded TP HTML5TargetPlatform
[2018.10.20-18.54.32:657][  0]LogTemp: Display: Loaded TP IOSTargetPlatform
[2018.10.20-18.54.32:657][  0]LogTemp: Display: Loaded TP IOSTargetPlatform
[2018.10.20-18.54.32:683][  0]LogTemp: Display: Loaded TP TVOSTargetPlatform
[2018.10.20-18.54.32:683][  0]LogTemp: Display: Loaded TP TVOSTargetPlatform
[2018.10.20-18.54.32:700][  0]LogTemp: Display: Loaded TP LinuxClientTargetPlatform
[2018.10.20-18.54.32:716][  0]LogTemp: Display: Loaded TP LinuxNoEditorTargetPlatform
[2018.10.20-18.54.32:732][  0]LogTemp: Display: Loaded TP LinuxServerTargetPlatform
[2018.10.20-18.54.32:749][  0]LogTemp: Display: Loaded TP LinuxTargetPlatform
[2018.10.20-18.54.32:763][  0]LogTemp: Display: Loaded TP LuminTargetPlatform
[2018.10.20-18.54.32:764][  0]LogTargetPlatformManager: Display: Building Assets For Windows
[2018.10.20-18.54.33:004][  0]LogXGEController: Cleaning working directory: C:/Users/John/AppData/Local/Temp/UnrealXGEWorkingDir/
[2018.10.20-18.54.33:005][  0]LogXGEController: Cannot use XGE Controller as Incredibuild is not installed on this machine.
[2018.10.20-18.54.33:005][  0]LogShaderCompilers: Cannot use XGE Shader Compiler as Incredibuild is not installed on this machine.
[2018.10.20-18.54.33:005][  0]LogShaderCompilers: Display: Using Local Shader Compiler.
[2018.10.20-18.54.33:851][  0]LogDerivedDataCache: Display: Max Cache Size: 512 MB
[2018.10.20-18.54.33:899][  0]LogDerivedDataCache: Loaded boot cache 0.05s 71MB C:/Users/John/AppData/Local/UnrealEngine/4.20/DerivedDataCache/Boot.ddc.
[2018.10.20-18.54.33:899][  0]LogDerivedDataCache: Display: Loaded Boot cache: C:/Users/John/AppData/Local/UnrealEngine/4.20/DerivedDataCache/Boot.ddc
[2018.10.20-18.54.33:899][  0]LogDerivedDataCache: FDerivedDataBackendGraph:  Pak pak cache file ../../../../../../Git/SpideyCPP/SideyCPP/DerivedDataCache/DDC.ddp not found, will not use a pak cache.
[2018.10.20-18.54.33:899][  0]LogDerivedDataCache: Unable to find inner node Pak for hierarchical cache Hierarchy.
[2018.10.20-18.54.33:899][  0]LogDerivedDataCache: FDerivedDataBackendGraph:  CompressedPak pak cache file ../../../../../../Git/SpideyCPP/SideyCPP/DerivedDataCache/Compressed.ddp not found, will not use a pak cache.
[2018.10.20-18.54.33:900][  0]LogDerivedDataCache: Unable to find inner node CompressedPak for hierarchical cache Hierarchy.
[2018.10.20-18.54.33:910][  0]LogDerivedDataCache: Display: Pak cache opened for reading ../../../Engine/DerivedDataCache/Compressed.ddp.
[2018.10.20-18.54.33:924][  0]LogDerivedDataCache: Using Local data cache path C:/Users/John/AppData/Local/UnrealEngine/Common/DerivedDataCache: Writable
[2018.10.20-18.54.33:924][  0]LogDerivedDataCache: Shared data cache path not found in *engine.ini, will not use an Shared cache.
[2018.10.20-18.54.33:924][  0]LogDerivedDataCache: Unable to find inner node Shared for hierarchical cache Hierarchy.
[2018.10.20-18.54.33:940][  0]LogMaterial: Verifying Global Shaders for PCD3D_SM5
[2018.10.20-18.54.33:941][  0]LogSlate: Using FreeType 2.6.0
[2018.10.20-18.54.33:942][  0]LogSlate: SlateFontServices - WITH_FREETYPE: 1, WITH_HARFBUZZ: 1
[2018.10.20-18.54.34:018][  0]LogAssetRegistry: FAssetRegistry took 0.0282 seconds to start up
[2018.10.20-18.54.34:371][  0]LogInit: Selected Device Profile: [Windows]
[2018.10.20-18.54.34:550][  0]LogSimplygon: Simplygon DLL not present - disabling.
[2018.10.20-18.54.34:570][  0]LogMeshReduction: Using SimplygonSwarm for distributed automatic mesh merging
[2018.10.20-18.54.34:570][  0]LogMeshReduction: Using ProxyLODMeshReduction for automatic mesh merging
[2018.10.20-18.54.34:570][  0]LogMeshReduction: Using QuadricMeshReduction for automatic static mesh reduction
[2018.10.20-18.54.34:570][  0]LogMeshReduction: No automatic skeletal mesh reduction module available
[2018.10.20-18.54.34:588][  0]LogNetVersion: SideyCPP 1.0.0, NetCL: 4212847, EngineNetVer: 5, GameNetVer: 0 (Checksum: 583984258)
[2018.10.20-18.54.35:159][  0]LogPackageLocalizationCache: Processed 11 localized package path(s) for 2 prioritized culture(s) in 0.125361 seconds
[2018.10.20-18.54.35:165][  0]LogUObjectArray: 38425 objects as part of root set at end of initial load.
[2018.10.20-18.54.35:165][  0]LogUObjectAllocator: 6690872 out of 0 bytes used by permanent object pool.
[2018.10.20-18.54.35:165][  0]LogUObjectArray: CloseDisregardForGC: 0/0 objects in disregard for GC pool
[2018.10.20-18.54.36:370][  0]LogTcpMessaging: Initializing TcpMessaging bridge
[2018.10.20-18.54.36:391][  0]LogUdpMessaging: Initializing bridge on interface 0.0.0.0:0 to multicast group 230.0.0.1:6666.
[2018.10.20-18.54.36:661][  0]SourceControl: Source control is disabled
[2018.10.20-18.54.36:661][  0]SourceControl: Source control is disabled
[2018.10.20-18.54.36:674][  0]SourceControl: Source control is disabled
[2018.10.20-18.54.36:681][  0]SourceControl: Source control is disabled
[2018.10.20-18.54.37:090][  0]LogAndroidPermission: UAndroidPermissionCallbackProxy::GetInstance
[2018.10.20-18.54.37:264][  0]LogOcInput: OculusInput pre-init called
[2018.10.20-18.54.37:356][  0]LogEngine: Initializing Engine...
[2018.10.20-18.54.37:358][  0]LogHMD: Failed to initialize OpenVR with code 102
[2018.10.20-18.54.37:360][  0]LogStats: UGameplayTagsManager::ConstructGameplayTagTree: ImportINI prefixes -  0.000 s
[2018.10.20-18.54.37:360][  0]LogStats: UGameplayTagsManager::ConstructGameplayTagTree: Construct from data asset -  0.000 s
[2018.10.20-18.54.37:360][  0]LogStats: UGameplayTagsManager::ConstructGameplayTagTree: ImportINI -  0.000 s
[2018.10.20-18.54.37:360][  0]LogStats: UGameplayTagsManager::ConstructGameplayTagTree: GameplayTagTreeChangedEvent.Broadcast -  0.000 s
[2018.10.20-18.54.37:554][  0]LogInit: Initializing FReadOnlyCVARCache
[2018.10.20-18.54.37:584][  0]LogAIModule: Creating AISystem for world Untitled
[2018.10.20-18.54.37:658][  0]LogInit: XAudio2 using 'Headset Earphone (Razer ManO'War)' : 2 channels at 48 kHz using 16 bits per sample (channel mask 0x3)
[2018.10.20-18.54.37:741][  0]LogInit: FAudioDevice initialized.
[2018.10.20-18.54.37:742][  0]LogNetVersion: Set ProjectVersion to 1.0.0.0. Version Checksum will be recalculated on next use.
[2018.10.20-18.54.38:019][  0]LogDerivedDataCache: Saved boot cache 0.28s 71MB C:/Users/John/AppData/Local/UnrealEngine/4.20/DerivedDataCache/Boot.ddc.
[2018.10.20-18.54.38:027][  0]LogInit: Texture streaming: Enabled
[2018.10.20-18.54.38:072][  0]LogEngineSessionManager: EngineSessionManager initialized
[2018.10.20-18.54.38:072][  0]LogEngineSessionManager: EngineSessionManager sent abnormal shutdown report. Type=Debugger, SessionId={611D3001-49F8-8B75-5FB0-4B973AD184D6}
[2018.10.20-18.54.38:090][  0]LogInit: Transaction tracking system initialized
[2018.10.20-18.54.38:158][  0]BlueprintLog: New page: Editor Load
[2018.10.20-18.54.38:402][  0]LocalizationService: Localization service is disabled
[2018.10.20-18.54.38:816][  0]LogCook: Display: Max memory allowance for cook 16384mb min free memory 0mb
[2018.10.20-18.54.38:816][  0]LogCook: Display: Mobile HDR setting 1
[2018.10.20-18.54.38:816][  0]LogGameplayTags: Display: UGameplayTagsManager::DoneAddingNativeTags. DelegateIsBound: 0
[2018.10.20-18.54.38:817][  0]LogStats: UGameplayTagsManager::ConstructGameplayTagTree: ImportINI prefixes -  0.000 s
[2018.10.20-18.54.38:817][  0]LogStats: UGameplayTagsManager::ConstructGameplayTagTree: Construct from data asset -  0.000 s
[2018.10.20-18.54.38:817][  0]LogStats: UGameplayTagsManager::ConstructGameplayTagTree: ImportINI -  0.000 s
[2018.10.20-18.54.38:817][  0]LogStats: UGameplayTagsManager::ConstructGameplayTagTree: GameplayTagTreeChangedEvent.Broadcast -  0.000 s
[2018.10.20-18.54.39:123][  0]LogFileCache: Scanning file cache for directory 'D:/Git/SpideyCPP/SideyCPP/Content/' took 0.02s
[2018.10.20-18.54.39:123][  0]SourceControl: Source control is disabled
[2018.10.20-18.54.39:124][  0]Cmd: MAP LOAD FILE="../../../../../../Git/SpideyCPP/SideyCPP/Content/StarterContent/Maps/Minimal_Default.umap" TEMPLATE=0 SHOWPROGRESS=1 FEATURELEVEL=3
[2018.10.20-18.54.39:125][  0]LightingResults: New page: Lighting Build
[2018.10.20-18.54.39:129][  0]MapCheck: New page: Map Check
[2018.10.20-18.54.39:129][  0]LightingResults: New page: Lighting Build
[2018.10.20-18.54.39:376][  0]LogAIModule: Creating AISystem for world Minimal_Default
[2018.10.20-18.54.39:388][  0]LogEditorServer: Finished looking for orphan Actors (0.000 secs)
[2018.10.20-18.54.39:407][  0]Cmd: MAP CHECKDEP NOCLEARLOG
[2018.10.20-18.54.39:617][  0]MapCheck: Map check complete: 0 Error(s), 0 Warning(s), took 209.791ms to complete.
[2018.10.20-18.54.39:617][  0]LogFileHelpers: Loading map 'Minimal_Default' took 0.493
[2018.10.20-18.54.39:753][  0]LogSlate: Updating window title bar state: overlay mode, drag disabled, window buttons hidden, title bar hidden
[2018.10.20-18.54.39:760][  0]LogSlate: Updating window title bar state: overlay mode, drag disabled, window buttons hidden, title bar hidden
[2018.10.20-18.54.39:766][  0]LogSlate: Updating window title bar state: overlay mode, drag disabled, window buttons hidden, title bar hidden
[2018.10.20-18.54.39:773][  0]LogSlate: Updating window title bar state: overlay mode, drag disabled, window buttons hidden, title bar hidden
[2018.10.20-18.54.39:788][  0]LogCollectionManager: Loaded 0 collections in 0.003127 seconds
[2018.10.20-18.54.39:840][  0]LogFileCache: Scanning file cache for directory 'D:/Git/SpideyCPP/SideyCPP/Saved/Collections/' took 0.01s
[2018.10.20-18.54.39:841][  0]LogFileCache: Scanning file cache for directory 'D:/Git/SpideyCPP/SideyCPP/Content/Developers/John/Collections/' took 0.01s
[2018.10.20-18.54.39:841][  0]LogFileCache: Scanning file cache for directory 'D:/Git/SpideyCPP/SideyCPP/Content/Collections/' took 0.01s
[2018.10.20-18.54.39:841][  0]LogCollectionManager: Rebuilt the GUID cache for 0 collections in 0.000000 seconds
[2018.10.20-18.54.39:849][  0]LogContentBrowser: Native class hierarchy populated in 0.0084 seconds. Added 2576 classes and 605 folders.
[2018.10.20-18.54.39:859][  0]LogContentBrowser: Native class hierarchy updated for 'WidgetCarousel' in 0.0004 seconds. Added 0 classes and 0 folders.
[2018.10.20-18.54.39:921][  0]LogContentBrowser: Native class hierarchy updated for 'AddContentDialog' in 0.0004 seconds. Added 0 classes and 0 folders.
[2018.10.20-18.54.39:934][  0]LogContentBrowser: Native class hierarchy updated for 'SceneOutliner' in 0.0004 seconds. Added 1 classes and 2 folders.
[2018.10.20-18.54.39:946][  0]LogSlate: Took 0.000255 seconds to synchronously load lazily loaded font '../../../Engine/Content/Slate/Fonts/Roboto-Regular.ttf' (155K)
[2018.10.20-18.54.39:950][  0]LogSlate: Took 0.000358 seconds to synchronously load lazily loaded font '../../../Engine/Content/Slate/Fonts/Roboto-Bold.ttf' (160K)
[2018.10.20-18.54.39:956][  0]LogSlate: Took 0.000276 seconds to synchronously load lazily loaded font '../../../Engine/Content/Editor/Slate/Fonts/FontAwesome.ttf' (139K)
[2018.10.20-18.54.40:034][  0]LogRenderer: Reallocating scene render targets to support 1168x600 Format 10 NumSamples 1 (Frame:1).
[2018.10.20-18.54.40:081][  0]LogSlate: Took 0.000399 seconds to synchronously load lazily loaded font '../../../Engine/Content/Slate/Fonts/Roboto-Light.ttf' (167K)
[2018.10.20-18.54.40:203][  0]LogContentBrowser: Native class hierarchy updated for 'HierarchicalLODOutliner' in 0.0004 seconds. Added 0 classes and 0 folders.
[2018.10.20-18.54.40:203][  0]LogLoad: (Engine Initialization) Total time: 11.66 seconds
[2018.10.20-18.54.40:203][  0]LogLoad: (Engine Initialization) Total Blueprint compile time: 0.00 seconds
[2018.10.20-18.54.40:213][  0]LogWindowsTextInputMethodSystem: Display: IME system now deactivated.
[2018.10.20-18.54.40:236][  0]LogContentStreaming: Texture pool size now 1000 MB
[2018.10.20-18.54.40:270][  1]LogAssetRegistry: Asset discovery search completed in 6.2764 seconds
[2018.10.20-18.54.40:272][  1]LogCollectionManager: Rebuilt the object cache for 0 collections in 0.000001 seconds (found 0 objects)
[2018.10.20-18.54.40:273][  1]LogCollectionManager: Fixed up redirectors for 0 collections in 0.000131 seconds (updated 0 objects)
[2018.10.20-18.54.41:204][ 89]LogSlate: FSceneViewport::OnFocusLost() reason 0
[2018.10.20-18.54.41:274][ 97]LogTemp: Repeating last play command: Selected Viewport
[2018.10.20-18.54.41:284][ 97]LogBlueprintUserMessages: Early PlayInEditor Detection: Level '/Game/StarterContent/Maps/Minimal_Default.Minimal_Default:PersistentLevel' has LevelScriptBlueprint '/Game/StarterContent/Maps/Minimal_Default.Minimal_Default:PersistentLevel.Minimal_Default' with GeneratedClass '/Game/StarterContent/Maps/Minimal_Default.Minimal_Default_C' with ClassGeneratedBy '/Game/StarterContent/Maps/Minimal_Default.Minimal_Default:PersistentLevel.Minimal_Default'
[2018.10.20-18.54.41:284][ 97]LogPlayLevel: PlayLevel: No blueprints needed recompiling
[2018.10.20-18.54.41:298][ 97]PIE: New page: PIE session: Minimal_Default (Oct 20, 2018, 8:54:41 PM)
[2018.10.20-18.54.41:299][ 97]LogPlayLevel: Creating play world package: /Game/StarterContent/Maps/UEDPIE_0_Minimal_Default
[2018.10.20-18.54.41:303][ 97]LogPlayLevel: PIE: StaticDuplicateObject took: (0.004250s)
[2018.10.20-18.54.41:304][ 97]LogAIModule: Creating AISystem for world Minimal_Default
[2018.10.20-18.54.41:304][ 97]LogPlayLevel: PIE: World Init took: (0.000941s)
[2018.10.20-18.54.41:304][ 97]LogPlayLevel: PIE: Created PIE world by copying editor world from /Game/StarterContent/Maps/Minimal_Default.Minimal_Default to /Game/StarterContent/Maps/UEDPIE_0_Minimal_Default.Minimal_Default (0.005595s)
[2018.10.20-18.54.41:357][ 97]LogInit: XAudio2 using 'Headset Earphone (Razer ManO'War)' : 2 channels at 48 kHz using 16 bits per sample (channel mask 0x3)
[2018.10.20-18.54.41:421][ 97]LogInit: FAudioDevice initialized.
[2018.10.20-18.54.41:595][ 97]LogLoad: Game class is 'MySideyCPPGameModeBase_C'
[2018.10.20-18.54.41:597][ 97]LogWorld: Bringing World /Game/StarterContent/Maps/UEDPIE_0_Minimal_Default.Minimal_Default up for play (max tick rate 0) at 2018.10.20-19.54.41
[2018.10.20-18.54.41:598][ 97]LogWorld: Bringing up level for play took: 0.001272
[2018.10.20-18.54.41:618][ 97]LogContentBrowser: Native class hierarchy updated for 'MovieSceneCapture' in 0.0004 seconds. Added 10 classes and 0 folders.
[2018.10.20-18.54.41:622][ 97]PIE: Play in editor start time for /Game/StarterContent/Maps/UEDPIE_0_Minimal_Default -0.564
[2018.10.20-18.54.41:622][ 97]LogBlueprintUserMessages: Late PlayInEditor Detection: Level '/Game/StarterContent/Maps/Minimal_Default.Minimal_Default:PersistentLevel' has LevelScriptBlueprint '/Game/StarterContent/Maps/Minimal_Default.Minimal_Default:PersistentLevel.Minimal_Default' with GeneratedClass '/Game/StarterContent/Maps/Minimal_Default.Minimal_Default_C' with ClassGeneratedBy '/Game/StarterContent/Maps/Minimal_Default.Minimal_Default:PersistentLevel.Minimal_Default'
[2018.10.20-18.54.41:623][ 97]LogBlueprintUserMessages: [Player_C_0] X=-1.000 Y=0.000 Z=0.000
[2018.10.20-18.54.46:563][ 98]LogBlueprintUserMessages: [Player_C_0] X=-1.000 Y=0.000 Z=0.000
[2018.10.20-18.54.46:901][ 99]LogBlueprintUserMessages: [Player_C_0] X=-1.000 Y=0.000 Z=0.000
[2018.10.20-18.54.47:239][100]LogBlueprintUserMessages: [Player_C_0] X=-1.000 Y=0.000 Z=0.000
[2018.10.20-18.54.47:576][101]LogBlueprintUserMessages: [Player_C_0] X=-1.000 Y=0.000 Z=0.000
[2018.10.20-18.54.47:903][102]LogBlueprintUserMessages: [Player_C_0] X=-1.000 Y=0.000 Z=0.000
[2018.10.20-18.54.47:912][103]LogBlueprintUserMessages: [Player_C_0] X=-1.000 Y=0.000 Z=0.000
[2018.10.20-18.54.47:920][104]LogBlueprintUserMessages: [Player_C_0] X=-1.000 Y=0.000 Z=0.000
[2018.10.20-18.54.47:928][105]LogBlueprintUserMessages: [Player_C_0] X=-1.000 Y=0.000 Z=0.000
[2018.10.20-18.54.47:937][106]LogBlueprintUserMessages: [Player_C_0] X=-1.000 Y=0.000 Z=0.000
[2018.10.20-18.54.47:946][107]LogBlueprintUserMessages: [Player_C_0] X=-1.000 Y=0.000 Z=0.000
[2018.10.20-18.54.47:960][108]LogBlueprintUserMessages: [Player_C_0] X=-1.000 Y=0.000 Z=0.000
[2018.10.20-18.54.47:973][109]LogBlueprintUserMessages: [Player_C_0] X=-1.000 Y=0.000 Z=0.000
[2018.10.20-18.54.47:986][110]LogBlueprintUserMessages: [Player_C_0] X=-1.000 Y=0.000 Z=0.000
[2018.10.20-18.54.47:997][111]LogBlueprintUserMessages: [Player_C_0] X=-1.000 Y=0.000 Z=0.000
[2018.10.20-18.54.48:021][112]LogBlueprintUserMessages: [Player_C_0] X=-1.000 Y=0.000 Z=0.000
[2018.10.20-18.54.48:029][113]LogBlueprintUserMessages: [Player_C_0] X=-1.000 Y=0.000 Z=0.000
[2018.10.20-18.54.48:037][114]LogBlueprintUserMessages: [Player_C_0] X=-1.000 Y=-0.008 Z=0.000
[2018.10.20-18.54.48:047][115]LogBlueprintUserMessages: [Player_C_0] X=-1.000 Y=-0.008 Z=0.000
[2018.10.20-18.54.48:059][116]LogBlueprintUserMessages: [Player_C_0] X=-1.000 Y=-0.008 Z=0.000
[2018.10.20-18.54.48:067][117]LogBlueprintUserMessages: [Player_C_0] X=-1.000 Y=-0.008 Z=0.000
[2018.10.20-18.54.48:075][118]LogBlueprintUserMessages: [Player_C_0] X=-1.000 Y=-0.008 Z=0.000
[2018.10.20-18.54.48:084][119]LogBlueprintUserMessages: [Player_C_0] X=-1.000 Y=-0.008 Z=0.000
[2018.10.20-18.54.48:092][120]LogBlueprintUserMessages: [Player_C_0] X=-1.000 Y=-0.008 Z=0.000
[2018.10.20-18.54.48:100][121]LogBlueprintUserMessages: [Player_C_0] X=-1.000 Y=-0.008 Z=0.000
[2018.10.20-18.54.48:108][122]LogBlueprintUserMessages: [Player_C_0] X=-1.000 Y=-0.008 Z=0.000
[2018.10.20-18.54.48:117][123]LogBlueprintUserMessages: [Player_C_0] X=-1.000 Y=-0.008 Z=0.000
[2018.10.20-18.54.48:125][124]LogBlueprintUserMessages: [Player_C_0] X=-1.000 Y=-0.005 Z=0.000
[2018.10.20-18.54.48:134][125]LogBlueprintUserMessages: [Player_C_0] X=-1.000 Y=0.009 Z=0.000
[2018.10.20-18.54.48:142][126]LogBlueprintUserMessages: [Player_C_0] X=-1.000 Y=0.028 Z=0.000
[2018.10.20-18.54.48:150][127]LogBlueprintUserMessages: [Player_C_0] X=-0.998 Y=0.057 Z=0.000
[2018.10.20-18.54.48:159][128]LogBlueprintUserMessages: [Player_C_0] X=-0.994 Y=0.107 Z=0.000
[2018.10.20-18.54.48:167][129]LogBlueprintUserMessages: [Player_C_0] X=-0.986 Y=0.166 Z=0.000
[2018.10.20-18.54.48:175][130]LogBlueprintUserMessages: [Player_C_0] X=-0.972 Y=0.235 Z=0.000
[2018.10.20-18.54.48:184][131]LogBlueprintUserMessages: [Player_C_0] X=-0.948 Y=0.319 Z=0.000
[2018.10.20-18.54.48:192][132]LogBlueprintUserMessages: [Player_C_0] X=-0.911 Y=0.413 Z=0.000
[2018.10.20-18.54.48:200][133]LogBlueprintUserMessages: [Player_C_0] X=-0.867 Y=0.499 Z=0.000
[2018.10.20-18.54.48:209][134]LogBlueprintUserMessages: [Player_C_0] X=-0.817 Y=0.577 Z=0.000
[2018.10.20-18.54.48:217][135]LogBlueprintUserMessages: [Player_C_0] X=-0.769 Y=0.639 Z=0.000
[2018.10.20-18.54.48:225][136]LogBlueprintUserMessages: [Player_C_0] X=-0.727 Y=0.686 Z=0.000
[2018.10.20-18.54.48:234][137]LogBlueprintUserMessages: [Player_C_0] X=-0.689 Y=0.725 Z=0.000
[2018.10.20-18.54.48:242][138]LogBlueprintUserMessages: [Player_C_0] X=-0.653 Y=0.758 Z=0.000
[2018.10.20-18.54.48:251][139]LogBlueprintUserMessages: [Player_C_0] X=-0.618 Y=0.786 Z=0.000
[2018.10.20-18.54.48:259][140]LogBlueprintUserMessages: [Player_C_0] X=-0.589 Y=0.808 Z=0.000
[2018.10.20-18.54.48:268][141]LogBlueprintUserMessages: [Player_C_0] X=-0.563 Y=0.827 Z=0.000
[2018.10.20-18.54.48:278][142]LogBlueprintUserMessages: [Player_C_0] X=-0.540 Y=0.842 Z=0.000
[2018.10.20-18.54.48:284][143]LogBlueprintUserMessages: [Player_C_0] X=-0.512 Y=0.859 Z=0.000
[2018.10.20-18.54.48:293][144]LogBlueprintUserMessages: [Player_C_0] X=-0.475 Y=0.880 Z=0.000
[2018.10.20-18.54.48:301][145]LogBlueprintUserMessages: [Player_C_0] X=-0.430 Y=0.903 Z=0.000
[2018.10.20-18.54.48:309][146]LogBlueprintUserMessages: [Player_C_0] X=-0.380 Y=0.925 Z=0.000
[2018.10.20-18.54.48:318][147]LogBlueprintUserMessages: [Player_C_0] X=-0.318 Y=0.948 Z=0.000
[2018.10.20-18.54.48:326][148]LogBlueprintUserMessages: [Player_C_0] X=-0.253 Y=0.967 Z=0.000
[2018.10.20-18.54.48:334][149]LogBlueprintUserMessages: [Player_C_0] X=-0.182 Y=0.983 Z=0.000
[2018.10.20-18.54.48:343][150]LogBlueprintUserMessages: [Player_C_0] X=-0.104 Y=0.995 Z=0.000
[2018.10.20-18.54.48:351][151]LogBlueprintUserMessages: [Player_C_0] X=-0.026 Y=1.000 Z=0.000
[2018.10.20-18.54.48:360][152]LogBlueprintUserMessages: [Player_C_0] X=0.052 Y=0.999 Z=0.000
[2018.10.20-18.54.48:367][153]LogBlueprintUserMessages: [Player_C_0] X=0.130 Y=0.992 Z=0.000
[2018.10.20-18.54.48:375][154]LogBlueprintUserMessages: [Player_C_0] X=0.202 Y=0.979 Z=0.000
[2018.10.20-18.54.48:384][155]LogBlueprintUserMessages: [Player_C_0] X=0.267 Y=0.964 Z=0.000
[2018.10.20-18.54.48:392][156]LogBlueprintUserMessages: [Player_C_0] X=0.328 Y=0.945 Z=0.000
[2018.10.20-18.54.48:400][157]LogBlueprintUserMessages: [Player_C_0] X=0.383 Y=0.924 Z=0.000
[2018.10.20-18.54.48:409][158]LogBlueprintUserMessages: [Player_C_0] X=0.434 Y=0.901 Z=0.000
[2018.10.20-18.54.48:418][159]LogBlueprintUserMessages: [Player_C_0] X=0.481 Y=0.877 Z=0.000
[2018.10.20-18.54.48:426][160]LogBlueprintUserMessages: [Player_C_0] X=0.523 Y=0.852 Z=0.000
[2018.10.20-18.54.48:434][161]LogBlueprintUserMessages: [Player_C_0] X=0.559 Y=0.829 Z=0.000
[2018.10.20-18.54.48:443][162]LogBlueprintUserMessages: [Player_C_0] X=0.585 Y=0.811 Z=0.000
[2018.10.20-18.54.48:451][163]LogBlueprintUserMessages: [Player_C_0] X=0.603 Y=0.798 Z=0.000
[2018.10.20-18.54.48:459][164]LogBlueprintUserMessages: [Player_C_0] X=0.617 Y=0.787 Z=0.000
[2018.10.20-18.54.48:468][165]LogBlueprintUserMessages: [Player_C_0] X=0.623 Y=0.782 Z=0.000
[2018.10.20-18.54.48:476][166]LogBlueprintUserMessages: [Player_C_0] X=0.588 Y=0.809 Z=0.000
[2018.10.20-18.54.48:484][167]LogBlueprintUserMessages: [Player_C_0] X=0.588 Y=0.809 Z=0.000
[2018.10.20-18.54.48:492][168]LogBlueprintUserMessages: [Player_C_0] X=0.588 Y=0.809 Z=0.000
[2018.10.20-18.54.48:500][169]LogBlueprintUserMessages: [Player_C_0] X=0.588 Y=0.809 Z=0.000
[2018.10.20-18.54.48:508][170]LogBlueprintUserMessages: [Player_C_0] X=0.588 Y=0.809 Z=0.000
[2018.10.20-18.54.48:517][171]LogBlueprintUserMessages: [Player_C_0] X=0.588 Y=0.809 Z=0.000
[2018.10.20-18.54.48:525][172]LogBlueprintUserMessages: [Player_C_0] X=0.588 Y=0.809 Z=0.000
[2018.10.20-18.54.48:533][173]LogBlueprintUserMessages: [Player_C_0] X=0.588 Y=0.809 Z=0.000
[2018.10.20-18.54.48:542][174]LogBlueprintUserMessages: [Player_C_0] X=0.588 Y=0.809 Z=0.000
[2018.10.20-18.54.48:550][175]LogBlueprintUserMessages: [Player_C_0] X=0.588 Y=0.809 Z=0.000
[2018.10.20-18.54.48:559][176]LogBlueprintUserMessages: [Player_C_0] X=0.588 Y=0.809 Z=0.000
[2018.10.20-18.54.48:567][177]LogBlueprintUserMessages: [Player_C_0] X=0.588 Y=0.809 Z=0.000
[2018.10.20-18.54.48:576][178]LogBlueprintUserMessages: [Player_C_0] X=0.588 Y=0.809 Z=0.000
[2018.10.20-18.54.48:584][179]LogBlueprintUserMessages: [Player_C_0] X=0.588 Y=0.809 Z=0.000
[2018.10.20-18.54.48:592][180]LogBlueprintUserMessages: [Player_C_0] X=0.588 Y=0.809 Z=0.000
[2018.10.20-18.54.48:601][181]LogBlueprintUserMessages: [Player_C_0] X=0.588 Y=0.809 Z=0.000
[2018.10.20-18.54.48:609][182]LogBlueprintUserMessages: [Player_C_0] X=0.588 Y=0.809 Z=0.000
[2018.10.20-18.54.48:617][183]LogBlueprintUserMessages: [Player_C_0] X=0.588 Y=0.809 Z=0.000
[2018.10.20-18.54.48:626][184]LogBlueprintUserMessages: [Player_C_0] X=0.588 Y=0.809 Z=0.000
[2018.10.20-18.54.48:634][185]LogBlueprintUserMessages: [Player_C_0] X=0.588 Y=0.809 Z=0.000
[2018.10.20-18.54.48:643][186]LogBlueprintUserMessages: [Player_C_0] X=0.588 Y=0.809 Z=0.000
[2018.10.20-18.54.48:651][187]LogBlueprintUserMessages: [Player_C_0] X=0.588 Y=0.809 Z=0.000
[2018.10.20-18.54.48:659][188]LogBlueprintUserMessages: [Player_C_0] X=0.588 Y=0.809 Z=0.000
[2018.10.20-18.54.48:667][189]LogBlueprintUserMessages: [Player_C_0] X=0.588 Y=0.809 Z=0.000
[2018.10.20-18.54.48:675][190]LogBlueprintUserMessages: [Player_C_0] X=0.588 Y=0.809 Z=0.000
[2018.10.20-18.54.48:684][191]LogBlueprintUserMessages: [Player_C_0] X=0.588 Y=0.809 Z=0.000
[2018.10.20-18.54.48:692][192]LogBlueprintUserMessages: [Player_C_0] X=0.588 Y=0.809 Z=0.000
[2018.10.20-18.54.48:701][193]LogBlueprintUserMessages: [Player_C_0] X=0.588 Y=0.809 Z=0.000
[2018.10.20-18.54.48:709][194]LogBlueprintUserMessages: [Player_C_0] X=0.588 Y=0.809 Z=0.000
[2018.10.20-18.54.48:717][195]LogBlueprintUserMessages: [Player_C_0] X=0.588 Y=0.809 Z=0.000
[2018.10.20-18.54.48:726][196]LogBlueprintUserMessages: [Player_C_0] X=0.588 Y=0.809 Z=0.000
[2018.10.20-18.54.48:734][197]LogBlueprintUserMessages: [Player_C_0] X=0.588 Y=0.809 Z=0.000
[2018.10.20-18.54.48:742][198]LogBlueprintUserMessages: [Player_C_0] X=0.592 Y=0.806 Z=0.000
[2018.10.20-18.54.48:751][199]LogBlueprintUserMessages: [Player_C_0] X=0.596 Y=0.803 Z=0.000
[2018.10.20-18.54.48:759][200]LogBlueprintUserMessages: [Player_C_0] X=0.596 Y=0.803 Z=0.000
[2018.10.20-18.54.48:768][201]LogBlueprintUserMessages: [Player_C_0] X=0.596 Y=0.803 Z=0.000
[2018.10.20-18.54.48:776][202]LogBlueprintUserMessages: [Player_C_0] X=0.596 Y=0.803 Z=0.000
[2018.10.20-18.54.48:785][203]LogBlueprintUserMessages: [Player_C_0] X=0.598 Y=0.801 Z=0.000
[2018.10.20-18.54.48:793][204]LogBlueprintUserMessages: [Player_C_0] X=0.604 Y=0.797 Z=0.000
[2018.10.20-18.54.48:801][205]LogBlueprintUserMessages: [Player_C_0] X=0.612 Y=0.791 Z=0.000
[2018.10.20-18.54.48:810][206]LogBlueprintUserMessages: [Player_C_0] X=0.616 Y=0.788 Z=0.000
[2018.10.20-18.54.48:818][207]LogBlueprintUserMessages: [Player_C_0] X=0.620 Y=0.785 Z=0.000
[2018.10.20-18.54.48:826][208]LogBlueprintUserMessages: [Player_C_0] X=0.627 Y=0.779 Z=0.000
[2018.10.20-18.54.48:834][209]LogBlueprintUserMessages: [Player_C_0] X=0.631 Y=0.776 Z=0.000
[2018.10.20-18.54.48:843][210]LogBlueprintUserMessages: [Player_C_0] X=0.635 Y=0.772 Z=0.000
[2018.10.20-18.54.48:851][211]LogBlueprintUserMessages: [Player_C_0] X=0.639 Y=0.769 Z=0.000
[2018.10.20-18.54.48:859][212]LogBlueprintUserMessages: [Player_C_0] X=0.639 Y=0.769 Z=0.000
[2018.10.20-18.54.48:868][213]LogBlueprintUserMessages: [Player_C_0] X=0.639 Y=0.769 Z=0.000
[2018.10.20-18.54.48:875][214]LogBlueprintUserMessages: [Player_C_0] X=0.639 Y=0.769 Z=0.000
[2018.10.20-18.54.48:883][215]LogBlueprintUserMessages: [Player_C_0] X=0.639 Y=0.769 Z=0.000
[2018.10.20-18.54.48:892][216]LogBlueprintUserMessages: [Player_C_0] X=0.639 Y=0.769 Z=0.000
[2018.10.20-18.54.48:900][217]LogBlueprintUserMessages: [Player_C_0] X=0.639 Y=0.769 Z=0.000
[2018.10.20-18.54.48:910][218]LogBlueprintUserMessages: [Player_C_0] X=0.637 Y=0.771 Z=0.000
[2018.10.20-18.54.48:917][219]LogBlueprintUserMessages: [Player_C_0] X=0.637 Y=0.771 Z=0.000
[2018.10.20-18.54.48:925][220]LogBlueprintUserMessages: [Player_C_0] X=0.633 Y=0.774 Z=0.000
[2018.10.20-18.54.48:934][221]LogBlueprintUserMessages: [Player_C_0] X=0.628 Y=0.778 Z=0.000
[2018.10.20-18.54.48:942][222]LogBlueprintUserMessages: [Player_C_0] X=0.623 Y=0.782 Z=0.000
[2018.10.20-18.54.48:950][223]LogBlueprintUserMessages: [Player_C_0] X=0.618 Y=0.786 Z=0.000
[2018.10.20-18.54.48:959][224]LogBlueprintUserMessages: [Player_C_0] X=0.609 Y=0.794 Z=0.000
[2018.10.20-18.54.48:967][225]LogBlueprintUserMessages: [Player_C_0] X=0.599 Y=0.801 Z=0.000
[2018.10.20-18.54.48:976][226]LogBlueprintUserMessages: [Player_C_0] X=0.588 Y=0.809 Z=0.000
[2018.10.20-18.54.48:984][227]LogBlueprintUserMessages: [Player_C_0] X=0.572 Y=0.820 Z=0.000
[2018.10.20-18.54.48:993][228]LogBlueprintUserMessages: [Player_C_0] X=0.555 Y=0.832 Z=0.000
[2018.10.20-18.54.49:001][229]LogBlueprintUserMessages: [Player_C_0] X=0.537 Y=0.843 Z=0.000
[2018.10.20-18.54.49:009][230]LogBlueprintUserMessages: [Player_C_0] X=0.516 Y=0.857 Z=0.000
[2018.10.20-18.54.49:017][231]LogBlueprintUserMessages: [Player_C_0] X=0.495 Y=0.869 Z=0.000
[2018.10.20-18.54.49:026][232]LogBlueprintUserMessages: [Player_C_0] X=0.473 Y=0.881 Z=0.000
[2018.10.20-18.54.49:034][233]LogBlueprintUserMessages: [Player_C_0] X=0.452 Y=0.892 Z=0.000
[2018.10.20-18.54.49:043][234]LogBlueprintUserMessages: [Player_C_0] X=0.437 Y=0.899 Z=0.000
[2018.10.20-18.54.49:050][235]LogBlueprintUserMessages: [Player_C_0] X=0.424 Y=0.905 Z=0.000
[2018.10.20-18.54.49:059][236]LogBlueprintUserMessages: [Player_C_0] X=0.416 Y=0.910 Z=0.000
[2018.10.20-18.54.49:067][237]LogBlueprintUserMessages: [Player_C_0] X=0.413 Y=0.911 Z=0.000
[2018.10.20-18.54.49:075][238]LogBlueprintUserMessages: [Player_C_0] X=0.411 Y=0.912 Z=0.000
[2018.10.20-18.54.49:084][239]LogBlueprintUserMessages: [Player_C_0] X=0.411 Y=0.912 Z=0.000
[2018.10.20-18.54.49:092][240]LogBlueprintUserMessages: [Player_C_0] X=0.411 Y=0.912 Z=0.000
[2018.10.20-18.54.49:100][241]LogBlueprintUserMessages: [Player_C_0] X=0.411 Y=0.912 Z=0.000
[2018.10.20-18.54.49:109][242]LogBlueprintUserMessages: [Player_C_0] X=0.411 Y=0.912 Z=0.000
[2018.10.20-18.54.49:117][243]LogBlueprintUserMessages: [Player_C_0] X=0.411 Y=0.912 Z=0.000
[2018.10.20-18.54.49:126][244]LogBlueprintUserMessages: [Player_C_0] X=0.411 Y=0.912 Z=0.000
[2018.10.20-18.54.49:134][245]LogBlueprintUserMessages: [Player_C_0] X=0.416 Y=0.910 Z=0.000
[2018.10.20-18.54.49:143][246]LogBlueprintUserMessages: [Player_C_0] X=0.424 Y=0.906 Z=0.000
[2018.10.20-18.54.49:151][247]LogBlueprintUserMessages: [Player_C_0] X=0.433 Y=0.902 Z=0.000
[2018.10.20-18.54.49:159][248]LogBlueprintUserMessages: [Player_C_0] X=0.441 Y=0.898 Z=0.000
[2018.10.20-18.54.49:167][249]LogBlueprintUserMessages: [Player_C_0] X=0.449 Y=0.893 Z=0.000
[2018.10.20-18.54.49:176][250]LogBlueprintUserMessages: [Player_C_0] X=0.455 Y=0.891 Z=0.000
[2018.10.20-18.54.49:184][251]LogBlueprintUserMessages: [Player_C_0] X=0.459 Y=0.888 Z=0.000
[2018.10.20-18.54.49:192][252]LogBlueprintUserMessages: [Player_C_0] X=0.465 Y=0.885 Z=0.000
[2018.10.20-18.54.49:201][253]LogBlueprintUserMessages: [Player_C_0] X=0.469 Y=0.883 Z=0.000
[2018.10.20-18.54.49:209][254]LogBlueprintUserMessages: [Player_C_0] X=0.477 Y=0.879 Z=0.000
[2018.10.20-18.54.49:217][255]LogBlueprintUserMessages: [Player_C_0] X=0.485 Y=0.874 Z=0.000
[2018.10.20-18.54.49:226][256]LogBlueprintUserMessages: [Player_C_0] X=0.493 Y=0.870 Z=0.000
[2018.10.20-18.54.49:234][257]LogBlueprintUserMessages: [Player_C_0] X=0.503 Y=0.864 Z=0.000
[2018.10.20-18.54.49:242][258]LogBlueprintUserMessages: [Player_C_0] X=0.511 Y=0.860 Z=0.000
[2018.10.20-18.54.49:251][259]LogBlueprintUserMessages: [Player_C_0] X=0.520 Y=0.854 Z=0.000
[2018.10.20-18.54.49:259][260]LogBlueprintUserMessages: [Player_C_0] X=0.532 Y=0.847 Z=0.000
[2018.10.20-18.54.49:268][261]LogBlueprintUserMessages: [Player_C_0] X=0.546 Y=0.838 Z=0.000
[2018.10.20-18.54.49:276][262]LogBlueprintUserMessages: [Player_C_0] X=0.561 Y=0.828 Z=0.000
[2018.10.20-18.54.49:284][263]LogBlueprintUserMessages: [Player_C_0] X=0.580 Y=0.815 Z=0.000
[2018.10.20-18.54.49:292][264]LogBlueprintUserMessages: [Player_C_0] X=0.601 Y=0.800 Z=0.000
[2018.10.20-18.54.49:301][265]LogBlueprintUserMessages: [Player_C_0] X=0.623 Y=0.783 Z=0.000
[2018.10.20-18.54.49:310][266]LogBlueprintUserMessages: [Player_C_0] X=0.648 Y=0.762 Z=0.000
[2018.10.20-18.54.49:318][267]LogBlueprintUserMessages: [Player_C_0] X=0.670 Y=0.742 Z=0.000
[2018.10.20-18.54.49:326][268]LogBlueprintUserMessages: [Player_C_0] X=0.693 Y=0.721 Z=0.000
[2018.10.20-18.54.49:336][269]LogBlueprintUserMessages: [Player_C_0] X=0.715 Y=0.699 Z=0.000
[2018.10.20-18.54.49:343][270]LogBlueprintUserMessages: [Player_C_0] X=0.735 Y=0.679 Z=0.000
[2018.10.20-18.54.49:351][271]LogBlueprintUserMessages: [Player_C_0] X=0.750 Y=0.662 Z=0.000
[2018.10.20-18.54.49:359][272]LogBlueprintUserMessages: [Player_C_0] X=0.765 Y=0.644 Z=0.000
[2018.10.20-18.54.49:368][273]LogBlueprintUserMessages: [Player_C_0] X=0.777 Y=0.630 Z=0.000
[2018.10.20-18.54.49:376][274]LogBlueprintUserMessages: [Player_C_0] X=0.788 Y=0.615 Z=0.000
[2018.10.20-18.54.49:384][275]LogBlueprintUserMessages: [Player_C_0] X=0.800 Y=0.600 Z=0.000
[2018.10.20-18.54.49:393][276]LogBlueprintUserMessages: [Player_C_0] X=0.809 Y=0.587 Z=0.000
[2018.10.20-18.54.49:401][277]LogBlueprintUserMessages: [Player_C_0] X=0.819 Y=0.574 Z=0.000
[2018.10.20-18.54.49:409][278]LogBlueprintUserMessages: [Player_C_0] X=0.827 Y=0.562 Z=0.000
[2018.10.20-18.54.49:418][279]LogBlueprintUserMessages: [Player_C_0] X=0.835 Y=0.550 Z=0.000
[2018.10.20-18.54.49:426][280]LogBlueprintUserMessages: [Player_C_0] X=0.840 Y=0.543 Z=0.000
[2018.10.20-18.54.49:434][281]LogBlueprintUserMessages: [Player_C_0] X=0.845 Y=0.535 Z=0.000
[2018.10.20-18.54.49:443][282]LogBlueprintUserMessages: [Player_C_0] X=0.850 Y=0.527 Z=0.000
[2018.10.20-18.54.49:451][283]LogBlueprintUserMessages: [Player_C_0] X=0.855 Y=0.519 Z=0.000
[2018.10.20-18.54.49:460][284]LogBlueprintUserMessages: [Player_C_0] X=0.860 Y=0.511 Z=0.000
[2018.10.20-18.54.49:468][285]LogBlueprintUserMessages: [Player_C_0] X=0.865 Y=0.503 Z=0.000
[2018.10.20-18.54.49:476][286]LogBlueprintUserMessages: [Player_C_0] X=0.866 Y=0.500 Z=0.000
[2018.10.20-18.54.49:484][287]LogBlueprintUserMessages: [Player_C_0] X=0.870 Y=0.492 Z=0.000
[2018.10.20-18.54.49:494][288]LogBlueprintUserMessages: [Player_C_0] X=0.873 Y=0.487 Z=0.000
[2018.10.20-18.54.49:501][289]LogBlueprintUserMessages: [Player_C_0] X=0.875 Y=0.485 Z=0.000
[2018.10.20-18.54.49:509][290]LogBlueprintUserMessages: [Player_C_0] X=0.875 Y=0.485 Z=0.000
[2018.10.20-18.54.49:518][291]LogBlueprintUserMessages: [Player_C_0] X=0.875 Y=0.485 Z=0.000
[2018.10.20-18.54.49:526][292]LogBlueprintUserMessages: [Player_C_0] X=0.875 Y=0.485 Z=0.000
[2018.10.20-18.54.49:534][293]LogBlueprintUserMessages: [Player_C_0] X=0.875 Y=0.485 Z=0.000
[2018.10.20-18.54.49:543][294]LogBlueprintUserMessages: [Player_C_0] X=0.875 Y=0.485 Z=0.000
[2018.10.20-18.54.49:551][295]LogBlueprintUserMessages: [Player_C_0] X=0.875 Y=0.485 Z=0.000
[2018.10.20-18.54.49:559][296]LogBlueprintUserMessages: [Player_C_0] X=0.875 Y=0.485 Z=0.000
[2018.10.20-18.54.49:567][297]LogBlueprintUserMessages: [Player_C_0] X=0.875 Y=0.485 Z=0.000
[2018.10.20-18.54.49:575][298]LogBlueprintUserMessages: [Player_C_0] X=0.875 Y=0.485 Z=0.000
[2018.10.20-18.54.49:583][299]LogBlueprintUserMessages: [Player_C_0] X=0.875 Y=0.485 Z=0.000
[2018.10.20-18.54.49:592][300]LogBlueprintUserMessages: [Player_C_0] X=0.875 Y=0.485 Z=0.000
[2018.10.20-18.54.49:600][301]LogBlueprintUserMessages: [Player_C_0] X=0.875 Y=0.485 Z=0.000
[2018.10.20-18.54.49:609][302]LogBlueprintUserMessages: [Player_C_0] X=0.875 Y=0.485 Z=0.000
[2018.10.20-18.54.49:617][303]LogBlueprintUserMessages: [Player_C_0] X=0.873 Y=0.487 Z=0.000
[2018.10.20-18.54.49:625][304]LogBlueprintUserMessages: [Player_C_0] X=0.869 Y=0.495 Z=0.000
[2018.10.20-18.54.49:634][305]LogBlueprintUserMessages: [Player_C_0] X=0.863 Y=0.505 Z=0.000
[2018.10.20-18.54.49:642][306]LogBlueprintUserMessages: [Player_C_0] X=0.855 Y=0.519 Z=0.000
[2018.10.20-18.54.49:651][307]LogBlueprintUserMessages: [Player_C_0] X=0.844 Y=0.536 Z=0.000
[2018.10.20-18.54.49:659][308]LogBlueprintUserMessages: [Player_C_0] X=0.832 Y=0.555 Z=0.000
[2018.10.20-18.54.49:667][309]LogBlueprintUserMessages: [Player_C_0] X=0.818 Y=0.576 Z=0.000
[2018.10.20-18.54.49:676][310]LogBlueprintUserMessages: [Player_C_0] X=0.802 Y=0.597 Z=0.000
[2018.10.20-18.54.49:684][311]LogBlueprintUserMessages: [Player_C_0] X=0.786 Y=0.619 Z=0.000
[2018.10.20-18.54.49:693][312]LogBlueprintUserMessages: [Player_C_0] X=0.767 Y=0.642 Z=0.000
[2018.10.20-18.54.49:701][313]LogBlueprintUserMessages: [Player_C_0] X=0.745 Y=0.667 Z=0.000
[2018.10.20-18.54.49:709][314]LogBlueprintUserMessages: [Player_C_0] X=0.723 Y=0.691 Z=0.000
[2018.10.20-18.54.49:717][315]LogBlueprintUserMessages: [Player_C_0] X=0.700 Y=0.714 Z=0.000
[2018.10.20-18.54.49:727][316]LogBlueprintUserMessages: [Player_C_0] X=0.677 Y=0.736 Z=0.000
[2018.10.20-18.54.49:734][317]LogBlueprintUserMessages: [Player_C_0] X=0.654 Y=0.756 Z=0.000
[2018.10.20-18.54.49:742][318]LogBlueprintUserMessages: [Player_C_0] X=0.633 Y=0.774 Z=0.000
[2018.10.20-18.54.49:751][319]LogBlueprintUserMessages: [Player_C_0] X=0.615 Y=0.789 Z=0.000
[2018.10.20-18.54.49:760][320]LogBlueprintUserMessages: [Player_C_0] X=0.595 Y=0.804 Z=0.000
[2018.10.20-18.54.49:768][321]LogBlueprintUserMessages: [Player_C_0] X=0.578 Y=0.816 Z=0.000
[2018.10.20-18.54.49:776][322]LogBlueprintUserMessages: [Player_C_0] X=0.562 Y=0.827 Z=0.000
[2018.10.20-18.54.49:784][323]LogBlueprintUserMessages: [Player_C_0] X=0.545 Y=0.839 Z=0.000
[2018.10.20-18.54.49:793][324]LogBlueprintUserMessages: [Player_C_0] X=0.529 Y=0.849 Z=0.000
[2018.10.20-18.54.49:801][325]LogBlueprintUserMessages: [Player_C_0] X=0.515 Y=0.857 Z=0.000
[2018.10.20-18.54.49:809][326]LogBlueprintUserMessages: [Player_C_0] X=0.499 Y=0.867 Z=0.000
[2018.10.20-18.54.49:818][327]LogBlueprintUserMessages: [Player_C_0] X=0.485 Y=0.875 Z=0.000
[2018.10.20-18.54.49:827][328]LogBlueprintUserMessages: [Player_C_0] X=0.468 Y=0.884 Z=0.000
[2018.10.20-18.54.49:835][329]LogBlueprintUserMessages: [Player_C_0] X=0.453 Y=0.891 Z=0.000
[2018.10.20-18.54.49:843][330]LogBlueprintUserMessages: [Player_C_0] X=0.437 Y=0.900 Z=0.000
[2018.10.20-18.54.49:851][331]LogBlueprintUserMessages: [Player_C_0] X=0.422 Y=0.907 Z=0.000
[2018.10.20-18.54.49:860][332]LogBlueprintUserMessages: [Player_C_0] X=0.407 Y=0.913 Z=0.000
[2018.10.20-18.54.49:868][333]LogBlueprintUserMessages: [Player_C_0] X=0.392 Y=0.920 Z=0.000
[2018.10.20-18.54.49:876][334]LogBlueprintUserMessages: [Player_C_0] X=0.376 Y=0.927 Z=0.000
[2018.10.20-18.54.49:885][335]LogBlueprintUserMessages: [Player_C_0] X=0.361 Y=0.933 Z=0.000
[2018.10.20-18.54.49:893][336]LogBlueprintUserMessages: [Player_C_0] X=0.343 Y=0.939 Z=0.000
[2018.10.20-18.54.49:901][337]LogBlueprintUserMessages: [Player_C_0] X=0.328 Y=0.945 Z=0.000
[2018.10.20-18.54.49:910][338]LogBlueprintUserMessages: [Player_C_0] X=0.310 Y=0.951 Z=0.000
[2018.10.20-18.54.49:918][339]LogBlueprintUserMessages: [Player_C_0] X=0.294 Y=0.956 Z=0.000
[2018.10.20-18.54.49:926][340]LogBlueprintUserMessages: [Player_C_0] X=0.282 Y=0.959 Z=0.000
[2018.10.20-18.54.49:934][341]LogBlueprintUserMessages: [Player_C_0] X=0.269 Y=0.963 Z=0.000
[2018.10.20-18.54.49:942][342]LogBlueprintUserMessages: [Player_C_0] X=0.260 Y=0.966 Z=0.000
[2018.10.20-18.54.49:950][343]LogBlueprintUserMessages: [Player_C_0] X=0.248 Y=0.969 Z=0.000
[2018.10.20-18.54.49:959][344]LogBlueprintUserMessages: [Player_C_0] X=0.239 Y=0.971 Z=0.000
[2018.10.20-18.54.49:967][345]LogBlueprintUserMessages: [Player_C_0] X=0.230 Y=0.973 Z=0.000
[2018.10.20-18.54.49:975][346]LogBlueprintUserMessages: [Player_C_0] X=0.221 Y=0.975 Z=0.000
[2018.10.20-18.54.49:984][347]LogBlueprintUserMessages: [Player_C_0] X=0.218 Y=0.976 Z=0.000
[2018.10.20-18.54.49:992][348]LogBlueprintUserMessages: [Player_C_0] X=0.216 Y=0.976 Z=0.000
[2018.10.20-18.54.50:000][349]LogBlueprintUserMessages: [Player_C_0] X=0.216 Y=0.976 Z=0.000
[2018.10.20-18.54.50:009][350]LogBlueprintUserMessages: [Player_C_0] X=0.213 Y=0.977 Z=0.000
[2018.10.20-18.54.50:017][351]LogBlueprintUserMessages: [Player_C_0] X=0.213 Y=0.977 Z=0.000
[2018.10.20-18.54.50:026][352]LogBlueprintUserMessages: [Player_C_0] X=0.213 Y=0.977 Z=0.000
[2018.10.20-18.54.50:034][353]LogBlueprintUserMessages: [Player_C_0] X=0.213 Y=0.977 Z=0.000
[2018.10.20-18.54.50:042][354]LogBlueprintUserMessages: [Player_C_0] X=0.213 Y=0.977 Z=0.000
[2018.10.20-18.54.50:051][355]LogBlueprintUserMessages: [Player_C_0] X=0.211 Y=0.978 Z=0.000
[2018.10.20-18.54.50:060][356]LogBlueprintUserMessages: [Player_C_0] X=0.211 Y=0.978 Z=0.000
[2018.10.20-18.54.50:067][357]LogBlueprintUserMessages: [Player_C_0] X=0.211 Y=0.978 Z=0.000
[2018.10.20-18.54.50:076][358]LogBlueprintUserMessages: [Player_C_0] X=0.208 Y=0.978 Z=0.000
[2018.10.20-18.54.50:084][359]LogBlueprintUserMessages: [Player_C_0] X=0.208 Y=0.978 Z=0.000
[2018.10.20-18.54.50:092][360]LogBlueprintUserMessages: [Player_C_0] X=0.208 Y=0.978 Z=0.000
[2018.10.20-18.54.50:101][361]LogBlueprintUserMessages: [Player_C_0] X=0.208 Y=0.978 Z=0.000
[2018.10.20-18.54.50:109][362]LogBlueprintUserMessages: [Player_C_0] X=0.208 Y=0.978 Z=0.000
[2018.10.20-18.54.50:117][363]LogBlueprintUserMessages: [Player_C_0] X=0.208 Y=0.978 Z=0.000
[2018.10.20-18.54.50:126][364]LogBlueprintUserMessages: [Player_C_0] X=0.208 Y=0.978 Z=0.000
[2018.10.20-18.54.50:134][365]LogBlueprintUserMessages: [Player_C_0] X=0.208 Y=0.978 Z=0.000
[2018.10.20-18.54.50:142][366]LogBlueprintUserMessages: [Player_C_0] X=0.208 Y=0.978 Z=0.000
[2018.10.20-18.54.50:151][367]LogBlueprintUserMessages: [Player_C_0] X=0.208 Y=0.978 Z=0.000
[2018.10.20-18.54.50:159][368]LogBlueprintUserMessages: [Player_C_0] X=0.208 Y=0.978 Z=0.000
[2018.10.20-18.54.50:168][369]LogBlueprintUserMessages: [Player_C_0] X=0.208 Y=0.978 Z=0.000
[2018.10.20-18.54.50:176][370]LogBlueprintUserMessages: [Player_C_0] X=0.208 Y=0.978 Z=0.000
[2018.10.20-18.54.50:184][371]LogBlueprintUserMessages: [Player_C_0] X=0.208 Y=0.978 Z=0.000
[2018.10.20-18.54.50:193][372]LogBlueprintUserMessages: [Player_C_0] X=0.208 Y=0.978 Z=0.000
[2018.10.20-18.54.50:201][373]LogBlueprintUserMessages: [Player_C_0] X=0.208 Y=0.978 Z=0.000
[2018.10.20-18.54.50:210][374]LogBlueprintUserMessages: [Player_C_0] X=0.206 Y=0.979 Z=0.000
[2018.10.20-18.54.50:218][375]LogBlueprintUserMessages: [Player_C_0] X=0.206 Y=0.979 Z=0.000
[2018.10.20-18.54.50:226][376]LogBlueprintUserMessages: [Player_C_0] X=0.203 Y=0.979 Z=0.000
[2018.10.20-18.54.50:235][377]LogBlueprintUserMessages: [Player_C_0] X=0.201 Y=0.980 Z=0.000
[2018.10.20-18.54.50:243][378]LogBlueprintUserMessages: [Player_C_0] X=0.201 Y=0.980 Z=0.000
[2018.10.20-18.54.50:251][379]LogBlueprintUserMessages: [Player_C_0] X=0.196 Y=0.981 Z=0.000
[2018.10.20-18.54.50:260][380]LogBlueprintUserMessages: [Player_C_0] X=0.193 Y=0.981 Z=0.000
[2018.10.20-18.54.50:268][381]LogBlueprintUserMessages: [Player_C_0] X=0.187 Y=0.982 Z=0.000
[2018.10.20-18.54.50:276][382]LogBlueprintUserMessages: [Player_C_0] X=0.178 Y=0.984 Z=0.000
[2018.10.20-18.54.50:284][383]LogBlueprintUserMessages: [Player_C_0] X=0.173 Y=0.985 Z=0.000
[2018.10.20-18.54.50:293][384]LogBlueprintUserMessages: [Player_C_0] X=0.164 Y=0.987 Z=0.000
[2018.10.20-18.54.50:301][385]LogBlueprintUserMessages: [Player_C_0] X=0.155 Y=0.988 Z=0.000
[2018.10.20-18.54.50:309][386]LogBlueprintUserMessages: [Player_C_0] X=0.148 Y=0.989 Z=0.000
[2018.10.20-18.54.50:318][387]LogBlueprintUserMessages: [Player_C_0] X=0.145 Y=0.989 Z=0.000
[2018.10.20-18.54.50:326][388]LogBlueprintUserMessages: [Player_C_0] X=0.140 Y=0.990 Z=0.000
[2018.10.20-18.54.50:334][389]LogBlueprintUserMessages: [Player_C_0] X=0.140 Y=0.990 Z=0.000
[2018.10.20-18.54.50:343][390]LogBlueprintUserMessages: [Player_C_0] X=0.140 Y=0.990 Z=0.000
[2018.10.20-18.54.50:351][391]LogBlueprintUserMessages: [Player_C_0] X=0.140 Y=0.990 Z=0.000
[2018.10.20-18.54.50:359][392]LogBlueprintUserMessages: [Player_C_0] X=0.140 Y=0.990 Z=0.000
[2018.10.20-18.54.50:368][393]LogBlueprintUserMessages: [Player_C_0] X=0.140 Y=0.990 Z=0.000
[2018.10.20-18.54.50:376][394]LogBlueprintUserMessages: [Player_C_0] X=0.140 Y=0.990 Z=0.000
[2018.10.20-18.54.50:384][395]LogBlueprintUserMessages: [Player_C_0] X=0.140 Y=0.990 Z=0.000
[2018.10.20-18.54.50:393][396]LogBlueprintUserMessages: [Player_C_0] X=0.140 Y=0.990 Z=0.000
[2018.10.20-18.54.50:401][397]LogBlueprintUserMessages: [Player_C_0] X=0.140 Y=0.990 Z=0.000
[2018.10.20-18.54.50:409][398]LogBlueprintUserMessages: [Player_C_0] X=0.140 Y=0.990 Z=0.000
[2018.10.20-18.54.50:418][399]LogBlueprintUserMessages: [Player_C_0] X=0.140 Y=0.990 Z=0.000
[2018.10.20-18.54.50:426][400]LogBlueprintUserMessages: [Player_C_0] X=0.140 Y=0.990 Z=0.000
[2018.10.20-18.54.50:435][401]LogBlueprintUserMessages: [Player_C_0] X=0.140 Y=0.990 Z=0.000
[2018.10.20-18.54.50:444][402]LogBlueprintUserMessages: [Player_C_0] X=0.140 Y=0.990 Z=0.000
[2018.10.20-18.54.50:451][403]LogBlueprintUserMessages: [Player_C_0] X=0.140 Y=0.990 Z=0.000
[2018.10.20-18.54.50:459][404]LogBlueprintUserMessages: [Player_C_0] X=0.138 Y=0.990 Z=0.000
[2018.10.20-18.54.50:467][405]LogBlueprintUserMessages: [Player_C_0] X=0.133 Y=0.991 Z=0.000
[2018.10.20-18.54.50:476][406]LogBlueprintUserMessages: [Player_C_0] X=0.127 Y=0.992 Z=0.000
[2018.10.20-18.54.50:484][407]LogBlueprintUserMessages: [Player_C_0] X=0.120 Y=0.993 Z=0.000
[2018.10.20-18.54.50:492][408]LogBlueprintUserMessages: [Player_C_0] X=0.113 Y=0.994 Z=0.000
[2018.10.20-18.54.50:501][409]LogBlueprintUserMessages: [Player_C_0] X=0.106 Y=0.994 Z=0.000
[2018.10.20-18.54.50:509][410]LogBlueprintUserMessages: [Player_C_0] X=0.099 Y=0.995 Z=0.000
[2018.10.20-18.54.50:517][411]LogBlueprintUserMessages: [Player_C_0] X=0.092 Y=0.996 Z=0.000
[2018.10.20-18.54.50:526][412]LogBlueprintUserMessages: [Player_C_0] X=0.083 Y=0.997 Z=0.000
[2018.10.20-18.54.50:534][413]LogBlueprintUserMessages: [Player_C_0] X=0.076 Y=0.997 Z=0.000
[2018.10.20-18.54.50:543][414]LogBlueprintUserMessages: [Player_C_0] X=0.067 Y=0.998 Z=0.000
[2018.10.20-18.54.50:551][415]LogBlueprintUserMessages: [Player_C_0] X=0.058 Y=0.998 Z=0.000
[2018.10.20-18.54.50:559][416]LogBlueprintUserMessages: [Player_C_0] X=0.052 Y=0.999 Z=0.000
[2018.10.20-18.54.50:568][417]LogBlueprintUserMessages: [Player_C_0] X=0.045 Y=0.999 Z=0.000
[2018.10.20-18.54.50:576][418]LogBlueprintUserMessages: [Player_C_0] X=0.038 Y=0.999 Z=0.000
[2018.10.20-18.54.50:585][419]LogBlueprintUserMessages: [Player_C_0] X=0.032 Y=0.999 Z=0.000
[2018.10.20-18.54.50:593][420]LogBlueprintUserMessages: [Player_C_0] X=0.023 Y=1.000 Z=0.000
[2018.10.20-18.54.50:601][421]LogBlueprintUserMessages: [Player_C_0] X=0.016 Y=1.000 Z=0.000
[2018.10.20-18.54.50:610][422]LogBlueprintUserMessages: [Player_C_0] X=0.012 Y=1.000 Z=0.000
[2018.10.20-18.54.50:618][423]LogBlueprintUserMessages: [Player_C_0] X=0.007 Y=1.000 Z=0.000
[2018.10.20-18.54.50:626][424]LogBlueprintUserMessages: [Player_C_0] X=0.002 Y=1.000 Z=0.000
[2018.10.20-18.54.50:635][425]LogBlueprintUserMessages: [Player_C_0] X=-0.000 Y=1.000 Z=0.000
[2018.10.20-18.54.50:643][426]LogBlueprintUserMessages: [Player_C_0] X=-0.003 Y=1.000 Z=0.000
[2018.10.20-18.54.50:651][427]LogBlueprintUserMessages: [Player_C_0] X=-0.006 Y=1.000 Z=0.000
[2018.10.20-18.54.50:659][428]LogBlueprintUserMessages: [Player_C_0] X=-0.008 Y=1.000 Z=0.000
[2018.10.20-18.54.50:668][429]LogBlueprintUserMessages: [Player_C_0] X=-0.008 Y=1.000 Z=0.000
[2018.10.20-18.54.50:676][430]LogBlueprintUserMessages: [Player_C_0] X=-0.008 Y=1.000 Z=0.000
[2018.10.20-18.54.50:685][431]LogBlueprintUserMessages: [Player_C_0] X=-0.011 Y=1.000 Z=0.000
[2018.10.20-18.54.50:693][432]LogBlueprintUserMessages: [Player_C_0] X=-0.011 Y=1.000 Z=0.000
[2018.10.20-18.54.50:701][433]LogBlueprintUserMessages: [Player_C_0] X=-0.011 Y=1.000 Z=0.000
[2018.10.20-18.54.50:710][434]LogBlueprintUserMessages: [Player_C_0] X=-0.011 Y=1.000 Z=0.000
[2018.10.20-18.54.50:717][435]LogBlueprintUserMessages: [Player_C_0] X=-0.011 Y=1.000 Z=0.000
[2018.10.20-18.54.50:725][436]LogBlueprintUserMessages: [Player_C_0] X=-0.011 Y=1.000 Z=0.000
[2018.10.20-18.54.50:734][437]LogBlueprintUserMessages: [Player_C_0] X=-0.011 Y=1.000 Z=0.000
[2018.10.20-18.54.50:742][438]LogBlueprintUserMessages: [Player_C_0] X=-0.011 Y=1.000 Z=0.000
[2018.10.20-18.54.50:750][439]LogBlueprintUserMessages: [Player_C_0] X=-0.011 Y=1.000 Z=0.000
[2018.10.20-18.54.50:759][440]LogBlueprintUserMessages: [Player_C_0] X=-0.011 Y=1.000 Z=0.000
[2018.10.20-18.54.50:767][441]LogBlueprintUserMessages: [Player_C_0] X=-0.011 Y=1.000 Z=0.000
[2018.10.20-18.54.50:775][442]LogBlueprintUserMessages: [Player_C_0] X=-0.011 Y=1.000 Z=0.000
[2018.10.20-18.54.50:784][443]LogBlueprintUserMessages: [Player_C_0] X=-0.011 Y=1.000 Z=0.000
[2018.10.20-18.54.50:792][444]LogBlueprintUserMessages: [Player_C_0] X=-0.011 Y=1.000 Z=0.000
[2018.10.20-18.54.50:800][445]LogBlueprintUserMessages: [Player_C_0] X=-0.011 Y=1.000 Z=0.000
[2018.10.20-18.54.50:809][446]LogBlueprintUserMessages: [Player_C_0] X=-0.011 Y=1.000 Z=0.000
[2018.10.20-18.54.50:817][447]LogBlueprintUserMessages: [Player_C_0] X=-0.011 Y=1.000 Z=0.000
[2018.10.20-18.54.50:826][448]LogBlueprintUserMessages: [Player_C_0] X=-0.011 Y=1.000 Z=0.000
[2018.10.20-18.54.50:834][449]LogBlueprintUserMessages: [Player_C_0] X=-0.011 Y=1.000 Z=0.000
[2018.10.20-18.54.50:842][450]LogBlueprintUserMessages: [Player_C_0] X=-0.011 Y=1.000 Z=0.000
[2018.10.20-18.54.50:851][451]LogBlueprintUserMessages: [Player_C_0] X=-0.011 Y=1.000 Z=0.000
[2018.10.20-18.54.50:859][452]LogBlueprintUserMessages: [Player_C_0] X=-0.011 Y=1.000 Z=0.000
[2018.10.20-18.54.50:867][453]LogBlueprintUserMessages: [Player_C_0] X=-0.011 Y=1.000 Z=0.000
[2018.10.20-18.54.50:876][454]LogBlueprintUserMessages: [Player_C_0] X=-0.011 Y=1.000 Z=0.000
[2018.10.20-18.54.50:884][455]LogBlueprintUserMessages: [Player_C_0] X=-0.011 Y=1.000 Z=0.000
[2018.10.20-18.54.50:892][456]LogBlueprintUserMessages: [Player_C_0] X=-0.011 Y=1.000 Z=0.000
[2018.10.20-18.54.50:901][457]LogBlueprintUserMessages: [Player_C_0] X=-0.011 Y=1.000 Z=0.000
[2018.10.20-18.54.50:909][458]LogBlueprintUserMessages: [Player_C_0] X=-0.011 Y=1.000 Z=0.000
[2018.10.20-18.54.50:918][459]LogBlueprintUserMessages: [Player_C_0] X=-0.011 Y=1.000 Z=0.000
[2018.10.20-18.54.50:926][460]LogBlueprintUserMessages: [Player_C_0] X=-0.011 Y=1.000 Z=0.000
[2018.10.20-18.54.50:934][461]LogBlueprintUserMessages: [Player_C_0] X=-0.011 Y=1.000 Z=0.000
[2018.10.20-18.54.50:943][462]LogBlueprintUserMessages: [Player_C_0] X=-0.008 Y=1.000 Z=0.000
[2018.10.20-18.54.50:951][463]LogBlueprintUserMessages: [Player_C_0] X=-0.008 Y=1.000 Z=0.000
[2018.10.20-18.54.50:959][464]LogBlueprintUserMessages: [Player_C_0] X=-0.006 Y=1.000 Z=0.000
[2018.10.20-18.54.50:968][465]LogBlueprintUserMessages: [Player_C_0] X=-0.006 Y=1.000 Z=0.000
[2018.10.20-18.54.50:977][466]LogBlueprintUserMessages: [Player_C_0] X=-0.006 Y=1.000 Z=0.000
[2018.10.20-18.54.50:984][467]LogBlueprintUserMessages: [Player_C_0] X=-0.006 Y=1.000 Z=0.000
[2018.10.20-18.54.50:993][468]LogBlueprintUserMessages: [Player_C_0] X=-0.003 Y=1.000 Z=0.000
[2018.10.20-18.54.51:001][469]LogBlueprintUserMessages: [Player_C_0] X=-0.003 Y=1.000 Z=0.000
[2018.10.20-18.54.51:010][470]LogBlueprintUserMessages: [Player_C_0] X=-0.000 Y=1.000 Z=0.000
[2018.10.20-18.54.51:018][471]LogBlueprintUserMessages: [Player_C_0] X=-0.000 Y=1.000 Z=0.000
[2018.10.20-18.54.51:026][472]LogBlueprintUserMessages: [Player_C_0] X=0.002 Y=1.000 Z=0.000
[2018.10.20-18.54.51:034][473]LogBlueprintUserMessages: [Player_C_0] X=0.002 Y=1.000 Z=0.000
[2018.10.20-18.54.51:043][474]LogBlueprintUserMessages: [Player_C_0] X=0.002 Y=1.000 Z=0.000
