Log file open, 10/20/18 19:45:08
LogWindows: Failed to load 'aqProf.dll' (GetLastError=126)
LogWindows: File 'aqProf.dll' does not exist
LogWindows: Failed to load 'VSPerf140.dll' (GetLastError=126)
LogWindows: File 'VSPerf140.dll' does not exist
LogWindows: Failed to load 'VtuneApi.dll' (GetLastError=126)
LogWindows: File 'VtuneApi.dll' does not exist
LogWindows: Failed to load 'VtuneApi32e.dll' (GetLastError=126)
LogWindows: File 'VtuneApi32e.dll' does not exist
LogInit: Display: Running engine for game: SideyCPP
LogPlatformFile: Not using cached read wrapper
LogTaskGraph: Started task graph with 5 named threads and 23 total threads with 3 sets of task threads.
LogStats: Stats thread started at 3.758968
LogD3D11RHI: Loaded GFSDK_Aftermath_Lib.x64.dll
LogICUInternationalization: Display: ICU TimeZone Detection - Raw Offset: +0:00, Platform Override: ''
LogPluginManager: Mounting plugin Paper2D
LogPluginManager: Mounting plugin AISupport
LogPluginManager: Mounting plugin LightPropagationVolume
LogPluginManager: Mounting plugin CLionSourceCodeAccess
LogPluginManager: Mounting plugin CodeLiteSourceCodeAccess
LogPluginManager: Mounting plugin GitSourceControl
LogPluginManager: Mounting plugin KDevelopSourceCodeAccess
LogPluginManager: Mounting plugin NullSourceCodeAccess
LogPluginManager: Mounting plugin PerforceSourceControl
LogPluginManager: Mounting plugin SubversionSourceControl
LogPluginManager: Mounting plugin UObjectPlugin
LogPluginManager: Mounting plugin VisualStudioCodeSourceCodeAccess
LogPluginManager: Mounting plugin VisualStudioSourceCodeAccess
LogPluginManager: Mounting plugin XCodeSourceCodeAccess
LogPluginManager: Mounting plugin AssetManagerEditor
LogPluginManager: Mounting plugin CryptoKeys
LogPluginManager: Mounting plugin DataValidation
LogPluginManager: Mounting plugin FacialAnimation
LogPluginManager: Mounting plugin GameplayTagsEditor
LogPluginManager: Mounting plugin MacGraphicsSwitching
LogPluginManager: Mounting plugin MeshEditor
LogPluginManager: Mounting plugin MobileLauncherProfileWizard
LogPluginManager: Mounting plugin PluginBrowser
LogPluginManager: Mounting plugin SpeedTreeImporter
LogPluginManager: Mounting plugin DatasmithContent
LogPluginManager: Mounting plugin AlembicImporter
LogPluginManager: Mounting plugin AppleImageUtils
LogPluginManager: Mounting plugin AppleVision
LogPluginManager: Mounting plugin BackChannel
LogPluginManager: Mounting plugin CharacterAI
LogPluginManager: Mounting plugin GeometryCache
LogPluginManager: Mounting plugin HTML5Networking
LogPluginManager: Mounting plugin ProxyLODPlugin
LogPluginManager: Mounting plugin MagicLeap
LogPluginManager: Mounting plugin MagicLeapEmulator
LogPluginManager: Mounting plugin MagicLeapMedia
LogPluginManager: Mounting plugin AndroidMedia
LogPluginManager: Mounting plugin AvfMedia
LogPluginManager: Mounting plugin ImgMedia
LogPluginManager: Mounting plugin LinearTimecode
LogPluginManager: Mounting plugin MediaCompositing
LogPluginManager: Mounting plugin MediaPlayerEditor
LogPluginManager: Mounting plugin WmfMedia
LogPluginManager: Mounting plugin TcpMessaging
LogPluginManager: Mounting plugin UdpMessaging
LogPluginManager: Mounting plugin ActorSequence
LogPluginManager: Mounting plugin LevelSequenceEditor
LogPluginManager: Mounting plugin MatineeToLevelSequence
LogPluginManager: Mounting plugin NetcodeUnitTest
LogPluginManager: Mounting plugin NUTUnrealEngine4
LogPluginManager: Mounting plugin OnlineSubsystemGooglePlay
LogPluginManager: Mounting plugin OnlineSubsystemIOS
LogPluginManager: Mounting plugin OnlineSubsystem
LogPluginManager: Mounting plugin OnlineSubsystemNull
LogPluginManager: Mounting plugin OnlineSubsystemUtils
LogPluginManager: Mounting plugin LauncherChunkInstaller
LogPluginManager: Mounting plugin AndroidDeviceProfileSelector
LogPluginManager: Mounting plugin AndroidMoviePlayer
LogPluginManager: Mounting plugin AndroidPermission
LogPluginManager: Mounting plugin AppleMoviePlayer
LogPluginManager: Mounting plugin ArchVisCharacter
LogPluginManager: Mounting plugin AudioCapture
LogPluginManager: Mounting plugin CableComponent
LogPluginManager: Mounting plugin CustomMeshComponent
LogPluginManager: Mounting plugin EditableMesh
LogPluginManager: Mounting plugin ExampleDeviceProfileSelector
LogPluginManager: Mounting plugin GoogleCloudMessaging
LogPluginManager: Mounting plugin ImmediatePhysics
LogPluginManager: Mounting plugin IOSDeviceProfileSelector
LogPluginManager: Mounting plugin LinuxDeviceProfileSelector
LogPluginManager: Mounting plugin LocationServicesBPLibrary
LogPluginManager: Mounting plugin MobilePatchingUtils
LogPluginManager: Mounting plugin OculusVR
LogPluginManager: Plugin shader directory ../../../Engine/Plugins/Runtime/Oculus/OculusVR/Shaders found
LogPluginManager: Mapping shader source directory ../../../Engine/Plugins/Runtime/Oculus/OculusVR/Shaders to virtual directory /Plugin/OculusVR
LogPluginManager: Mounting plugin PhysXVehicles
LogPluginManager: Mounting plugin ProceduralMeshComponent
LogPluginManager: Mounting plugin RuntimePhysXCooking
LogPluginManager: Mounting plugin SteamVR
LogPluginManager: Mounting plugin WindowsMoviePlayer
LogStreaming: Display: Took  0.449s to configure plugins.
LogInit: Using libcurl 7.55.1-DEV
LogInit:  - built for x86_64-pc-win32
LogInit:  - supports SSL with OpenSSL/1.0.2h
LogInit:  - supports HTTP deflate (compression) using libz 1.2.8
LogInit:  - other features:
LogInit:      CURL_VERSION_SSL
LogInit:      CURL_VERSION_LIBZ
LogInit:      CURL_VERSION_IPV6
LogInit:      CURL_VERSION_ASYNCHDNS
LogInit:      CURL_VERSION_LARGEFILE
LogInit:      CURL_VERSION_IDN
LogInit:  CurlRequestOptions (configurable via config and command line):
LogInit:  - bVerifyPeer = false  - Libcurl will NOT verify peer certificate
LogInit:  - bUseHttpProxy = false  - Libcurl will NOT use HTTP proxy
LogInit:  - bDontReuseConnections = false  - Libcurl will reuse connections
LogInit:  - CertBundlePath = nullptr  - Libcurl will use whatever was configured at build time.
LogInit:  - MaxHostConnections = 16  - Libcurl will limit the number of connections to a host
LogInit:  - LocalHostAddr = Default
LogInit:  - BufferSize = 65536
LogInit: WinSock: version 1.1 (2.2), MaxSocks=32767, MaxUdp=65467
LogInit: Build: ++UE4+Release-4.20-CL-4369336
LogInit: Engine Version: 4.20.3-4369336+++UE4+Release-4.20
LogInit: Compatible Engine Version: 4.20.0-4212847+++UE4+Release-4.20
LogInit: Net CL: 4212847
LogInit: OS: Windows 10 (), CPU: Intel(R) Core(TM) i7-6700K CPU @ 4.00GHz, GPU: NVIDIA GeForce GTX 1060 6GB
LogInit: Compiled (64-bit): Sep 17 2018 12:26:19
LogInit: Compiled with Visual C++: 19.13.26129.00
LogInit: Build Configuration: Development
LogInit: Branch Name: ++UE4+Release-4.20
LogInit: Command Line:  -skipcompile
LogInit: Base Directory: D:/Program Files/Epic Games/UE_4.20/Engine/Binaries/Win64/
LogInit: Installed Engine Build: 1
LogDevObjectVersion: Number of dev versions registered: 20
LogDevObjectVersion:   Dev-Blueprints (B0D832E4-1F89-4F0D-ACCF-7EB736FD4AA2): 10
LogDevObjectVersion:   Dev-Build (E1C64328-A22C-4D53-A36C-8E866417BD8C): 0
LogDevObjectVersion:   Dev-Core (375EC13C-06E4-48FB-B500-84F0262A717E): 2
LogDevObjectVersion:   Dev-Editor (E4B068ED-F494-42E9-A231-DA0B2E46BB41): 24
LogDevObjectVersion:   Dev-Framework (CFFC743F-43B0-4480-9391-14DF171D2073): 34
LogDevObjectVersion:   Dev-Mobile (B02B49B5-BB20-44E9-A304-32B752E40360): 2
LogDevObjectVersion:   Dev-Networking (A4E4105C-59A1-49B5-A7C5-40C4547EDFEE): 0
LogDevObjectVersion:   Dev-Online (39C831C9-5AE6-47DC-9A44-9C173E1C8E7C): 0
LogDevObjectVersion:   Dev-Physics (78F01B33-EBEA-4F98-B9B4-84EACCB95AA2): 0
LogDevObjectVersion:   Dev-Platform (6631380F-2D4D-43E0-8009-CF276956A95A): 0
LogDevObjectVersion:   Dev-Rendering (12F88B9F-8875-4AFC-A67C-D90C383ABD29): 26
LogDevObjectVersion:   Dev-Sequencer (7B5AE74C-D270-4C10-A958-57980B212A5A): 9
LogDevObjectVersion:   Dev-VR (D7296918-1DD6-4BDD-9DE2-64A83CC13884): 2
LogDevObjectVersion:   Dev-LoadTimes (C2A15278-BFE7-4AFE-6C17-90FF531DF755): 1
LogDevObjectVersion:   Private-Geometry (6EACA3D4-40EC-4CC1-B786-8BED09428FC5): 3
LogDevObjectVersion:   Dev-AnimPhys (29E575DD-E0A3-4627-9D10-D276232CDCEA): 17
LogDevObjectVersion:   Dev-ReflectionCapture (6B266CEC-1EC7-4B8F-A30B-E4D90942FC07): 1
LogDevObjectVersion:   Dev-Automation (0DF73D61-A23F-47EA-B727-89E90C41499A): 1
LogDevObjectVersion:   FortniteMain (601D1886-AC64-4F84-AA16-D3DE0DEAC7D6): 12
LogDevObjectVersion:   Dev-Enterprise (9DFFBCD6-494F-0158-E221-12823C92A888): 1
LogStreaming: Display: Took  0.010s to delete old logs.
LogInit: Presizing for max 8388607 objects, including 0 objects not considered by GC, pre-allocating 0 bytes for permanent pool.
LogInit: Object subsystem initialized
[2018.10.20-18.45.11:830][  0]LogInit: Selected Device Profile: [Windows]
[2018.10.20-18.45.11:835][  0]LogInit: Applying CVar settings loaded from the selected device profile: [Windows]
[2018.10.20-18.45.11:862][  0]LogHAL: Display: Platform has ~ 16 GB [17126547456 / 17179869184 / 16], which maps to Larger [LargestMinGB=32, LargerMinGB=12, DefaultMinGB=8, SmallerMinGB=6, SmallestMinGB=0)
[2018.10.20-18.45.11:865][  0]LogInit: Setting Device Profile CVar: [[r.Vulkan.UseRealUBs:1]]
[2018.10.20-18.45.11:867][  0]LogInit: Going up to parent DeviceProfile []
[2018.10.20-18.45.11:903][  0]LogInit: Computer: EDWARD
[2018.10.20-18.45.11:903][  0]LogInit: User: John
[2018.10.20-18.45.11:903][  0]LogInit: CPU Page size=4096, Cores=4
[2018.10.20-18.45.11:903][  0]LogInit: High frequency timer resolution =3.914065 MHz
[2018.10.20-18.45.11:903][  0]LogMemory: Memory total: Physical=16.0GB (16GB approx)
[2018.10.20-18.45.11:903][  0]LogMemory: Platform Memory Stats for Windows
[2018.10.20-18.45.11:903][  0]LogMemory: Process Physical Memory: 100.96 MB used, 100.96 MB peak
[2018.10.20-18.45.11:903][  0]LogMemory: Process Virtual Memory: 89.76 MB used, 89.76 MB peak
[2018.10.20-18.45.11:903][  0]LogMemory: Physical Memory: 7157.11 MB used,  9176.04 MB free, 16333.15 MB total
[2018.10.20-18.45.11:903][  0]LogMemory: Virtual Memory: 4638.52 MB used,  9176.04 MB free, 134217728.00 MB total
[2018.10.20-18.45.12:944][  0]LogInit: Using OS detected language (en-US).
[2018.10.20-18.45.12:944][  0]LogInit: Using OS detected locale (en-US).
[2018.10.20-18.45.12:976][  0]LogTextLocalizationManager: No specific localization for 'en-US' exists, so the 'en' localization will be used.
[2018.10.20-18.45.13:581][  0]LogStreaming: Display: Took  0.626s to InitEngineTextLocalization.
[2018.10.20-18.45.13:593][  0]LogInit: Setting process to per monitor DPI aware
[2018.10.20-18.45.14:133][  0]LogSlate: New Slate User Created.  User Index 0, Is Virtual User: 0
[2018.10.20-18.45.14:134][  0]LogSlate: Slate User Registered.  User Index 0, Is Virtual User: 0
[2018.10.20-18.45.15:096][  0]LogHMD: Failed to initialize OpenVR with code 102
[2018.10.20-18.45.15:096][  0]LogD3D11RHI: D3D11 adapters:
[2018.10.20-18.45.15:188][  0]LogD3D11RHI:    0. 'NVIDIA GeForce GTX 1060 6GB' (Feature Level 11_0)
[2018.10.20-18.45.15:188][  0]LogD3D11RHI:       6061/0/8166 MB DedicatedVideo/DedicatedSystem/SharedSystem, Outputs:1, VendorId:0x10de
[2018.10.20-18.45.15:216][  0]LogD3D11RHI:    1. 'Microsoft Basic Render Driver' (Feature Level 11_0)
[2018.10.20-18.45.15:216][  0]LogD3D11RHI:       0/0/8166 MB DedicatedVideo/DedicatedSystem/SharedSystem, Outputs:0, VendorId:0x1414
[2018.10.20-18.45.15:216][  0]LogD3D11RHI: Chosen D3D11 Adapter: 0
[2018.10.20-18.45.15:224][  0]LogD3D11RHI: Creating new Direct3DDevice
[2018.10.20-18.45.15:225][  0]LogD3D11RHI:     GPU DeviceId: 0x1c03 (for the marketing name, search the web for "GPU Device Id")
[2018.10.20-18.45.15:247][  0]LogWindows: EnumDisplayDevices:
[2018.10.20-18.45.15:247][  0]LogWindows:    0. 'NVIDIA GeForce GTX 1060 6GB' (P:1 D:1)
[2018.10.20-18.45.15:248][  0]LogWindows:    1. 'NVIDIA GeForce GTX 1060 6GB' (P:0 D:0)
[2018.10.20-18.45.15:248][  0]LogWindows:    2. 'NVIDIA GeForce GTX 1060 6GB' (P:0 D:0)
[2018.10.20-18.45.15:249][  0]LogWindows:    3. 'NVIDIA GeForce GTX 1060 6GB' (P:0 D:0)
[2018.10.20-18.45.15:249][  0]LogWindows: DebugString: FoundDriverCount:4 
[2018.10.20-18.45.15:249][  0]LogD3D11RHI:     Adapter Name: NVIDIA GeForce GTX 1060 6GB
[2018.10.20-18.45.15:259][  0]LogD3D11RHI:   Driver Version: 388.13 (internal:23.21.13.8813, unified:388.13)
[2018.10.20-18.45.15:259][  0]LogD3D11RHI:      Driver Date: 10-27-2017
[2018.10.20-18.45.15:259][  0]LogRHI: Texture pool is 4242 MB (70% of 6061 MB)
[2018.10.20-18.45.15:331][  0]LogD3D11RHI: Async texture creation enabled
[2018.10.20-18.45.15:554][  0]LogD3D11RHI: GPU Timing Frequency: 1000.000000 (Debug: 2 1)
[2018.10.20-18.45.15:657][  0]LogShaderCompilers: Guid format shader working directory is 4 characters bigger than the processId version (../../../../../../Git/SpideyCPP/SideyCPP/Intermediate/Shaders/WorkingDirectory/14508/).
[2018.10.20-18.45.15:657][  0]LogShaderCompilers: Cleaned the shader compiler working directory 'C:/Users/John/AppData/Local/Temp/UnrealShaderWorkingDir/3B49B2844E1C9A4C3933D386CA6B5996/'.
[2018.10.20-18.45.15:999][  0]LogTemp: Display: Loaded TP AllDesktopTargetPlatform
[2018.10.20-18.45.16:071][  0]LogTemp: Display: Loaded TP MacClientTargetPlatform
[2018.10.20-18.45.16:139][  0]LogTemp: Display: Loaded TP MacNoEditorTargetPlatform
[2018.10.20-18.45.16:219][  0]LogTemp: Display: Loaded TP MacServerTargetPlatform
[2018.10.20-18.45.16:317][  0]LogTemp: Display: Loaded TP MacTargetPlatform
[2018.10.20-18.45.16:391][  0]LogTemp: Display: Loaded TP WindowsClientTargetPlatform
[2018.10.20-18.45.16:446][  0]LogTemp: Display: Loaded TP WindowsNoEditorTargetPlatform
[2018.10.20-18.45.16:508][  0]LogTemp: Display: Loaded TP WindowsServerTargetPlatform
[2018.10.20-18.45.16:555][  0]LogTemp: Display: Loaded TP WindowsTargetPlatform
[2018.10.20-18.45.16:679][  0]LogTemp: Display: Loaded TP AndroidTargetPlatform
[2018.10.20-18.45.16:679][  0]LogTemp: Display: Loaded TP AndroidTargetPlatform
[2018.10.20-18.45.16:680][  0]LogTemp: Display: Loaded TP AndroidTargetPlatform
[2018.10.20-18.45.16:680][  0]LogTemp: Display: Loaded TP AndroidTargetPlatform
[2018.10.20-18.45.16:680][  0]LogTemp: Display: Loaded TP AndroidTargetPlatform
[2018.10.20-18.45.16:680][  0]LogTemp: Display: Loaded TP AndroidTargetPlatform
[2018.10.20-18.45.16:680][  0]LogTemp: Display: Loaded TP AndroidTargetPlatform
[2018.10.20-18.45.16:680][  0]LogTemp: Display: Loaded TP AndroidTargetPlatform
[2018.10.20-18.45.16:680][  0]LogTemp: Display: Loaded TP AndroidTargetPlatform
[2018.10.20-18.45.16:680][  0]LogTemp: Display: Loaded TP AndroidTargetPlatform
[2018.10.20-18.45.16:680][  0]LogTemp: Display: Loaded TP AndroidTargetPlatform
[2018.10.20-18.45.16:680][  0]LogTemp: Display: Loaded TP AndroidTargetPlatform
[2018.10.20-18.45.16:680][  0]LogTemp: Display: Loaded TP AndroidTargetPlatform
[2018.10.20-18.45.16:680][  0]LogTemp: Display: Loaded TP AndroidTargetPlatform
[2018.10.20-18.45.16:680][  0]LogTemp: Display: Loaded TP AndroidTargetPlatform
[2018.10.20-18.45.16:680][  0]LogTemp: Display: Loaded TP AndroidTargetPlatform
[2018.10.20-18.45.16:680][  0]LogTemp: Display: Loaded TP AndroidTargetPlatform
[2018.10.20-18.45.16:680][  0]LogTemp: Display: Loaded TP AndroidTargetPlatform
[2018.10.20-18.45.16:722][  0]LogTemp: Display: Loaded TP HTML5TargetPlatform
[2018.10.20-18.45.16:938][  0]LogTemp: Display: Loaded TP IOSTargetPlatform
[2018.10.20-18.45.16:938][  0]LogTemp: Display: Loaded TP IOSTargetPlatform
[2018.10.20-18.45.16:987][  0]LogTemp: Display: Loaded TP TVOSTargetPlatform
[2018.10.20-18.45.16:987][  0]LogTemp: Display: Loaded TP TVOSTargetPlatform
[2018.10.20-18.45.17:028][  0]LogTemp: Display: Loaded TP LinuxClientTargetPlatform
[2018.10.20-18.45.17:067][  0]LogTemp: Display: Loaded TP LinuxNoEditorTargetPlatform
[2018.10.20-18.45.17:099][  0]LogTemp: Display: Loaded TP LinuxServerTargetPlatform
[2018.10.20-18.45.17:159][  0]LogTemp: Display: Loaded TP LinuxTargetPlatform
[2018.10.20-18.45.17:197][  0]LogTemp: Display: Loaded TP LuminTargetPlatform
[2018.10.20-18.45.17:197][  0]LogTargetPlatformManager: Display: Building Assets For Windows
[2018.10.20-18.45.18:541][  0]LogXGEController: Cleaning working directory: C:/Users/John/AppData/Local/Temp/UnrealXGEWorkingDir/
[2018.10.20-18.45.18:542][  0]LogXGEController: Cannot use XGE Controller as Incredibuild is not installed on this machine.
[2018.10.20-18.45.18:542][  0]LogShaderCompilers: Cannot use XGE Shader Compiler as Incredibuild is not installed on this machine.
[2018.10.20-18.45.18:542][  0]LogShaderCompilers: Display: Using Local Shader Compiler.
[2018.10.20-18.45.20:276][  0]LogDerivedDataCache: Display: Max Cache Size: 512 MB
[2018.10.20-18.45.20:754][  0]LogDerivedDataCache: Loaded boot cache 0.48s 71MB C:/Users/John/AppData/Local/UnrealEngine/4.20/DerivedDataCache/Boot.ddc.
[2018.10.20-18.45.20:755][  0]LogDerivedDataCache: Display: Loaded Boot cache: C:/Users/John/AppData/Local/UnrealEngine/4.20/DerivedDataCache/Boot.ddc
[2018.10.20-18.45.20:755][  0]LogDerivedDataCache: FDerivedDataBackendGraph:  Pak pak cache file ../../../../../../Git/SpideyCPP/SideyCPP/DerivedDataCache/DDC.ddp not found, will not use a pak cache.
[2018.10.20-18.45.20:755][  0]LogDerivedDataCache: Unable to find inner node Pak for hierarchical cache Hierarchy.
[2018.10.20-18.45.20:755][  0]LogDerivedDataCache: FDerivedDataBackendGraph:  CompressedPak pak cache file ../../../../../../Git/SpideyCPP/SideyCPP/DerivedDataCache/Compressed.ddp not found, will not use a pak cache.
[2018.10.20-18.45.20:755][  0]LogDerivedDataCache: Unable to find inner node CompressedPak for hierarchical cache Hierarchy.
[2018.10.20-18.45.20:799][  0]LogDerivedDataCache: Display: Pak cache opened for reading ../../../Engine/DerivedDataCache/Compressed.ddp.
[2018.10.20-18.45.20:815][  0]LogDerivedDataCache: Using Local data cache path C:/Users/John/AppData/Local/UnrealEngine/Common/DerivedDataCache: Writable
[2018.10.20-18.45.20:816][  0]LogDerivedDataCache: Shared data cache path not found in *engine.ini, will not use an Shared cache.
[2018.10.20-18.45.20:816][  0]LogDerivedDataCache: Unable to find inner node Shared for hierarchical cache Hierarchy.
[2018.10.20-18.45.20:841][  0]LogMaterial: Verifying Global Shaders for PCD3D_SM5
[2018.10.20-18.45.20:916][  0]LogSlate: Using FreeType 2.6.0
[2018.10.20-18.45.20:997][  0]LogSlate: SlateFontServices - WITH_FREETYPE: 1, WITH_HARFBUZZ: 1
[2018.10.20-18.45.21:484][  0]LogAssetRegistry: FAssetRegistry took 0.0367 seconds to start up
[2018.10.20-18.45.27:370][  0]LogInit: Selected Device Profile: [Windows]
[2018.10.20-18.45.35:147][  0]LogSimplygon: Simplygon DLL not present - disabling.
[2018.10.20-18.45.36:348][  0]LogMeshReduction: Using SimplygonSwarm for distributed automatic mesh merging
[2018.10.20-18.45.36:375][  0]LogMeshReduction: Using ProxyLODMeshReduction for automatic mesh merging
[2018.10.20-18.45.36:424][  0]LogMeshReduction: Using QuadricMeshReduction for automatic static mesh reduction
[2018.10.20-18.45.36:424][  0]LogMeshReduction: No automatic skeletal mesh reduction module available
[2018.10.20-18.45.37:777][  0]LogNetVersion: SideyCPP 1.0.0, NetCL: 4212847, EngineNetVer: 5, GameNetVer: 0 (Checksum: 583984258)
[2018.10.20-18.45.51:118][  0]LogPackageLocalizationCache: Processed 11 localized package path(s) for 2 prioritized culture(s) in 0.251595 seconds
[2018.10.20-18.45.51:236][  0]LogUObjectArray: 38425 objects as part of root set at end of initial load.
[2018.10.20-18.45.51:236][  0]LogUObjectAllocator: 6690872 out of 0 bytes used by permanent object pool.
[2018.10.20-18.45.51:236][  0]LogUObjectArray: CloseDisregardForGC: 0/0 objects in disregard for GC pool
[2018.10.20-18.46.22:245][  0]LogTcpMessaging: Initializing TcpMessaging bridge
[2018.10.20-18.46.22:316][  0]LogUdpMessaging: Initializing bridge on interface 0.0.0.0:0 to multicast group 230.0.0.1:6666.
[2018.10.20-18.46.23:969][  0]SourceControl: Source control is disabled
[2018.10.20-18.46.23:988][  0]SourceControl: Source control is disabled
[2018.10.20-18.46.24:117][  0]SourceControl: Source control is disabled
[2018.10.20-18.46.24:168][  0]SourceControl: Source control is disabled
[2018.10.20-18.46.26:893][  0]LogAndroidPermission: UAndroidPermissionCallbackProxy::GetInstance
[2018.10.20-18.46.27:400][  0]LogOcInput: OculusInput pre-init called
[2018.10.20-18.46.28:457][  0]LogEngine: Initializing Engine...
[2018.10.20-18.46.28:512][  0]LogHMD: Failed to initialize OpenVR with code 102
[2018.10.20-18.46.28:554][  0]LogStats: UGameplayTagsManager::ConstructGameplayTagTree: ImportINI prefixes -  0.001 s
[2018.10.20-18.46.28:554][  0]LogStats: UGameplayTagsManager::ConstructGameplayTagTree: Construct from data asset -  0.000 s
[2018.10.20-18.46.28:555][  0]LogStats: UGameplayTagsManager::ConstructGameplayTagTree: ImportINI -  0.000 s
[2018.10.20-18.46.28:555][  0]LogStats: UGameplayTagsManager::ConstructGameplayTagTree: GameplayTagTreeChangedEvent.Broadcast -  0.000 s
[2018.10.20-18.46.28:920][  0]LogInit: Initializing FReadOnlyCVARCache
[2018.10.20-18.46.29:621][  0]LogAIModule: Creating AISystem for world Untitled
[2018.10.20-18.46.29:848][  0]LogInit: XAudio2 using 'Headset Earphone (Razer ManO'War)' : 2 channels at 48 kHz using 16 bits per sample (channel mask 0x3)
[2018.10.20-18.46.29:950][  0]LogInit: FAudioDevice initialized.
[2018.10.20-18.46.29:961][  0]LogNetVersion: Set ProjectVersion to 1.0.0.0. Version Checksum will be recalculated on next use.
[2018.10.20-18.46.30:068][  0]LogDerivedDataCache: Saved boot cache 0.11s 71MB C:/Users/John/AppData/Local/UnrealEngine/4.20/DerivedDataCache/Boot.ddc.
[2018.10.20-18.46.30:069][  0]LogInit: Texture streaming: Enabled
[2018.10.20-18.46.30:394][  0]LogEngineSessionManager: EngineSessionManager initialized
[2018.10.20-18.46.30:395][  0]LogEngineSessionManager: EngineSessionManager sent abnormal shutdown report. Type=Debugger, SessionId={6D8D8C91-4311-A9A6-B445-3DAF24DEFF34}
[2018.10.20-18.46.30:395][  0]LogEngineSessionManager: EngineSessionManager sent abnormal shutdown report. Type=Debugger, SessionId={778C764C-4FED-BFAF-99AA-F7AFE3FFA41B}
[2018.10.20-18.46.30:664][  0]LogInit: Transaction tracking system initialized
[2018.10.20-18.46.31:246][  0]BlueprintLog: New page: Editor Load
[2018.10.20-18.46.33:540][  0]LocalizationService: Localization service is disabled
[2018.10.20-18.46.35:831][  0]LogFileCache: Scanning file cache for directory 'D:/Git/SpideyCPP/SideyCPP/Content/' took 0.02s
[2018.10.20-18.46.35:831][  0]LogCook: Display: Max memory allowance for cook 16384mb min free memory 0mb
[2018.10.20-18.46.35:831][  0]LogCook: Display: Mobile HDR setting 1
[2018.10.20-18.46.35:836][  0]LogGameplayTags: Display: UGameplayTagsManager::DoneAddingNativeTags. DelegateIsBound: 0
[2018.10.20-18.46.35:852][  0]LogStats: UGameplayTagsManager::ConstructGameplayTagTree: ImportINI prefixes -  0.000 s
[2018.10.20-18.46.35:852][  0]LogStats: UGameplayTagsManager::ConstructGameplayTagTree: Construct from data asset -  0.000 s
[2018.10.20-18.46.35:853][  0]LogStats: UGameplayTagsManager::ConstructGameplayTagTree: ImportINI -  0.000 s
[2018.10.20-18.46.35:853][  0]LogStats: UGameplayTagsManager::ConstructGameplayTagTree: GameplayTagTreeChangedEvent.Broadcast -  0.000 s
[2018.10.20-18.46.44:217][  0]SourceControl: Source control is disabled
[2018.10.20-18.46.44:268][  0]Cmd: MAP LOAD FILE="../../../../../../Git/SpideyCPP/SideyCPP/Content/StarterContent/Maps/Minimal_Default.umap" TEMPLATE=0 SHOWPROGRESS=1 FEATURELEVEL=3
[2018.10.20-18.46.44:294][  0]LightingResults: New page: Lighting Build
[2018.10.20-18.46.44:602][  0]MapCheck: New page: Map Check
[2018.10.20-18.46.44:602][  0]LightingResults: New page: Lighting Build
[2018.10.20-18.46.46:609][  0]LogAIModule: Creating AISystem for world Minimal_Default
[2018.10.20-18.46.47:540][  0]LogEditorServer: Finished looking for orphan Actors (0.000 secs)
[2018.10.20-18.46.47:732][  0]Cmd: MAP CHECKDEP NOCLEARLOG
[2018.10.20-18.46.47:968][  0]MapCheck: Map check complete: 0 Error(s), 0 Warning(s), took 235.711ms to complete.
[2018.10.20-18.46.47:968][  0]LogFileHelpers: Loading map 'Minimal_Default' took 3.742
[2018.10.20-18.46.50:246][  0]LogSlate: Updating window title bar state: overlay mode, drag disabled, window buttons hidden, title bar hidden
[2018.10.20-18.46.50:279][  0]LogSlate: Updating window title bar state: overlay mode, drag disabled, window buttons hidden, title bar hidden
[2018.10.20-18.46.50:285][  0]LogSlate: Updating window title bar state: overlay mode, drag disabled, window buttons hidden, title bar hidden
[2018.10.20-18.46.50:291][  0]LogSlate: Updating window title bar state: overlay mode, drag disabled, window buttons hidden, title bar hidden
[2018.10.20-18.46.50:484][  0]LogCollectionManager: Loaded 0 collections in 0.002559 seconds
[2018.10.20-18.46.50:654][  0]LogFileCache: Scanning file cache for directory 'D:/Git/SpideyCPP/SideyCPP/Saved/Collections/' took 0.01s
[2018.10.20-18.46.50:654][  0]LogFileCache: Scanning file cache for directory 'D:/Git/SpideyCPP/SideyCPP/Content/Developers/John/Collections/' took 0.01s
[2018.10.20-18.46.50:654][  0]LogFileCache: Scanning file cache for directory 'D:/Git/SpideyCPP/SideyCPP/Content/Collections/' took 0.01s
[2018.10.20-18.46.50:654][  0]LogCollectionManager: Rebuilt the GUID cache for 0 collections in 0.000000 seconds
[2018.10.20-18.46.50:693][  0]LogContentBrowser: Native class hierarchy populated in 0.0236 seconds. Added 2576 classes and 605 folders.
[2018.10.20-18.46.50:850][  0]LogContentBrowser: Native class hierarchy updated for 'WidgetCarousel' in 0.0004 seconds. Added 0 classes and 0 folders.
[2018.10.20-18.46.52:457][  0]LogContentBrowser: Native class hierarchy updated for 'AddContentDialog' in 0.0004 seconds. Added 0 classes and 0 folders.
[2018.10.20-18.46.52:605][  0]LogContentBrowser: Native class hierarchy updated for 'SceneOutliner' in 0.0005 seconds. Added 1 classes and 2 folders.
[2018.10.20-18.46.53:332][  0]LogSlate: Took 0.011906 seconds to synchronously load lazily loaded font '../../../Engine/Content/Slate/Fonts/Roboto-Regular.ttf' (155K)
[2018.10.20-18.46.53:367][  0]LogSlate: Took 0.016849 seconds to synchronously load lazily loaded font '../../../Engine/Content/Slate/Fonts/Roboto-Bold.ttf' (160K)
[2018.10.20-18.46.53:463][  0]LogSlate: Took 0.006746 seconds to synchronously load lazily loaded font '../../../Engine/Content/Editor/Slate/Fonts/FontAwesome.ttf' (139K)
[2018.10.20-18.46.54:173][  0]LogRenderer: Reallocating scene render targets to support 1168x600 Format 10 NumSamples 1 (Frame:1).
[2018.10.20-18.46.54:953][  0]LogSlate: Took 0.011691 seconds to synchronously load lazily loaded font '../../../Engine/Content/Slate/Fonts/Roboto-Light.ttf' (167K)
[2018.10.20-18.46.55:322][  0]LogContentBrowser: Native class hierarchy updated for 'HierarchicalLODOutliner' in 0.0004 seconds. Added 0 classes and 0 folders.
[2018.10.20-18.46.55:322][  0]LogLoad: (Engine Initialization) Total time: 114.38 seconds
[2018.10.20-18.46.55:323][  0]LogLoad: (Engine Initialization) Total Blueprint compile time: 0.00 seconds
[2018.10.20-18.46.56:023][  0]LogContentStreaming: Texture pool size now 1000 MB
[2018.10.20-18.46.56:659][  3]LogAssetRegistry: Asset discovery search completed in 95.2066 seconds
[2018.10.20-18.46.56:687][  3]LogCollectionManager: Rebuilt the object cache for 0 collections in 0.000001 seconds (found 0 objects)
[2018.10.20-18.46.56:687][  3]LogCollectionManager: Fixed up redirectors for 0 collections in 0.008370 seconds (updated 0 objects)
[2018.10.20-18.47.22:763][326]LogSlate: FSceneViewport::OnFocusLost() reason 0
[2018.10.20-18.47.23:109][368]LogTemp: Repeating last play command: Selected Viewport
[2018.10.20-18.47.23:190][368]LogBlueprintUserMessages: Early PlayInEditor Detection: Level '/Game/StarterContent/Maps/Minimal_Default.Minimal_Default:PersistentLevel' has LevelScriptBlueprint '/Game/StarterContent/Maps/Minimal_Default.Minimal_Default:PersistentLevel.Minimal_Default' with GeneratedClass '/Game/StarterContent/Maps/Minimal_Default.Minimal_Default_C' with ClassGeneratedBy '/Game/StarterContent/Maps/Minimal_Default.Minimal_Default:PersistentLevel.Minimal_Default'
[2018.10.20-18.47.23:211][368]LogPlayLevel: PlayLevel: No blueprints needed recompiling
[2018.10.20-18.47.23:442][368]PIE: New page: PIE session: Minimal_Default (Oct 20, 2018, 8:47:23 PM)
[2018.10.20-18.47.23:442][368]LogPlayLevel: Creating play world package: /Game/StarterContent/Maps/UEDPIE_0_Minimal_Default
[2018.10.20-18.47.23:551][368]LogPlayLevel: PIE: StaticDuplicateObject took: (0.108176s)
[2018.10.20-18.47.23:551][368]LogAIModule: Creating AISystem for world Minimal_Default
[2018.10.20-18.47.23:570][368]LogPlayLevel: PIE: World Init took: (0.019693s)
[2018.10.20-18.47.23:587][368]LogPlayLevel: PIE: Created PIE world by copying editor world from /Game/StarterContent/Maps/Minimal_Default.Minimal_Default to /Game/StarterContent/Maps/UEDPIE_0_Minimal_Default.Minimal_Default (0.144111s)
[2018.10.20-18.47.23:668][368]LogInit: XAudio2 using 'Headset Earphone (Razer ManO'War)' : 2 channels at 48 kHz using 16 bits per sample (channel mask 0x3)
[2018.10.20-18.47.23:735][368]LogInit: FAudioDevice initialized.
[2018.10.20-18.47.24:439][368]LogLoad: Game class is 'MySideyCPPGameModeBase_C'
[2018.10.20-18.47.24:560][368]LogWorld: Bringing World /Game/StarterContent/Maps/UEDPIE_0_Minimal_Default.Minimal_Default up for play (max tick rate 3) at 2018.10.20-19.47.24
[2018.10.20-18.47.24:661][368]LogWorld: Bringing up level for play took: 0.103185
[2018.10.20-18.47.24:788][368]LogContentBrowser: Native class hierarchy updated for 'MovieSceneCapture' in 0.0112 seconds. Added 10 classes and 0 folders.
[2018.10.20-18.47.25:003][368]PIE: Play in editor start time for /Game/StarterContent/Maps/UEDPIE_0_Minimal_Default 2.817
[2018.10.20-18.47.25:003][368]LogBlueprintUserMessages: Late PlayInEditor Detection: Level '/Game/StarterContent/Maps/Minimal_Default.Minimal_Default:PersistentLevel' has LevelScriptBlueprint '/Game/StarterContent/Maps/Minimal_Default.Minimal_Default:PersistentLevel.Minimal_Default' with GeneratedClass '/Game/StarterContent/Maps/Minimal_Default.Minimal_Default_C' with ClassGeneratedBy '/Game/StarterContent/Maps/Minimal_Default.Minimal_Default:PersistentLevel.Minimal_Default'
[2018.10.20-18.47.25:040][368]LogBlueprintUserMessages: [Player_C_0] X=-1.000 Y=0.000 Z=0.000
[2018.10.20-18.47.25:245][369]LogBlueprintUserMessages: [Player_C_0] X=-1.000 Y=0.000 Z=0.000
[2018.10.20-18.47.25:537][370]LogBlueprintUserMessages: [Player_C_0] X=-1.000 Y=0.000 Z=0.000
[2018.10.20-18.47.25:872][371]LogBlueprintUserMessages: [Player_C_0] X=-1.000 Y=0.000 Z=0.000
[2018.10.20-18.47.26:224][372]LogBlueprintUserMessages: [Player_C_0] X=-1.000 Y=0.000 Z=0.000
[2018.10.20-18.47.26:537][373]LogBlueprintUserMessages: [Player_C_0] X=-1.000 Y=0.000 Z=0.000
[2018.10.20-18.47.26:871][374]LogBlueprintUserMessages: [Player_C_0] X=-1.000 Y=0.000 Z=0.000
[2018.10.20-18.47.27:210][375]LogBlueprintUserMessages: [Player_C_0] X=-1.000 Y=0.000 Z=0.000
[2018.10.20-18.47.27:544][376]LogBlueprintUserMessages: [Player_C_0] X=-1.000 Y=0.000 Z=0.000
[2018.10.20-18.47.27:880][377]LogBlueprintUserMessages: [Player_C_0] X=-1.000 Y=0.000 Z=0.000
[2018.10.20-18.47.28:219][378]LogBlueprintUserMessages: [Player_C_0] X=-1.000 Y=0.000 Z=0.000
[2018.10.20-18.47.28:556][379]LogBlueprintUserMessages: [Player_C_0] X=-1.000 Y=0.000 Z=0.000
[2018.10.20-18.47.28:883][380]LogBlueprintUserMessages: [Player_C_0] X=-1.000 Y=0.000 Z=0.000
[2018.10.20-18.47.28:892][381]LogBlueprintUserMessages: [Player_C_0] X=-1.000 Y=0.000 Z=0.000
[2018.10.20-18.47.28:901][382]LogBlueprintUserMessages: [Player_C_0] X=-1.000 Y=0.000 Z=0.000
[2018.10.20-18.47.28:908][383]LogBlueprintUserMessages: [Player_C_0] X=-1.000 Y=0.000 Z=0.000
[2018.10.20-18.47.28:917][384]LogBlueprintUserMessages: [Player_C_0] X=-1.000 Y=0.000 Z=0.000
[2018.10.20-18.47.28:925][385]LogBlueprintUserMessages: [Player_C_0] X=-1.000 Y=0.000 Z=0.000
[2018.10.20-18.47.28:934][386]LogBlueprintUserMessages: [Player_C_0] X=-1.000 Y=0.000 Z=0.000
[2018.10.20-18.47.28:942][387]LogBlueprintUserMessages: [Player_C_0] X=-1.000 Y=0.000 Z=0.000
[2018.10.20-18.47.28:950][388]LogBlueprintUserMessages: [Player_C_0] X=-1.000 Y=0.000 Z=0.000
[2018.10.20-18.47.28:959][389]LogBlueprintUserMessages: [Player_C_0] X=-1.000 Y=0.000 Z=0.000
[2018.10.20-18.47.28:967][390]LogBlueprintUserMessages: [Player_C_0] X=-1.000 Y=0.000 Z=0.000
[2018.10.20-18.47.28:976][391]LogBlueprintUserMessages: [Player_C_0] X=-1.000 Y=0.000 Z=0.000
[2018.10.20-18.47.28:984][392]LogBlueprintUserMessages: [Player_C_0] X=-1.000 Y=0.000 Z=0.000
[2018.10.20-18.47.28:992][393]LogBlueprintUserMessages: [Player_C_0] X=-1.000 Y=0.000 Z=0.000
[2018.10.20-18.47.29:000][394]LogBlueprintUserMessages: [Player_C_0] X=-1.000 Y=0.000 Z=0.000
[2018.10.20-18.47.29:009][395]LogBlueprintUserMessages: [Player_C_0] X=-1.000 Y=0.000 Z=0.000
[2018.10.20-18.47.29:017][396]LogBlueprintUserMessages: [Player_C_0] X=-1.000 Y=0.000 Z=0.000
[2018.10.20-18.47.29:026][397]LogBlueprintUserMessages: [Player_C_0] X=-1.000 Y=0.000 Z=0.000
[2018.10.20-18.47.29:034][398]LogBlueprintUserMessages: [Player_C_0] X=-1.000 Y=0.000 Z=0.000
[2018.10.20-18.47.29:042][399]LogBlueprintUserMessages: [Player_C_0] X=-1.000 Y=0.000 Z=0.000
[2018.10.20-18.47.29:050][400]LogBlueprintUserMessages: [Player_C_0] X=-1.000 Y=0.000 Z=0.000
[2018.10.20-18.47.29:059][401]LogBlueprintUserMessages: [Player_C_0] X=-1.000 Y=0.000 Z=0.000
[2018.10.20-18.47.29:067][402]LogBlueprintUserMessages: [Player_C_0] X=-1.000 Y=0.000 Z=0.000
[2018.10.20-18.47.29:075][403]LogBlueprintUserMessages: [Player_C_0] X=-1.000 Y=0.000 Z=0.000
[2018.10.20-18.47.29:085][404]LogBlueprintUserMessages: [Player_C_0] X=-1.000 Y=0.000 Z=0.000
[2018.10.20-18.47.29:092][405]LogBlueprintUserMessages: [Player_C_0] X=-1.000 Y=0.000 Z=0.000
[2018.10.20-18.47.29:101][406]LogBlueprintUserMessages: [Player_C_0] X=-1.000 Y=0.003 Z=0.000
[2018.10.20-18.47.29:109][407]LogBlueprintUserMessages: [Player_C_0] X=-1.000 Y=0.003 Z=0.000
[2018.10.20-18.47.29:117][408]LogBlueprintUserMessages: [Player_C_0] X=-1.000 Y=0.003 Z=0.000
[2018.10.20-18.47.29:126][409]LogBlueprintUserMessages: [Player_C_0] X=-1.000 Y=0.005 Z=0.000
[2018.10.20-18.47.29:134][410]LogBlueprintUserMessages: [Player_C_0] X=-1.000 Y=0.005 Z=0.000
[2018.10.20-18.47.29:142][411]LogBlueprintUserMessages: [Player_C_0] X=-1.000 Y=0.008 Z=0.000
[2018.10.20-18.47.29:151][412]LogBlueprintUserMessages: [Player_C_0] X=-1.000 Y=0.008 Z=0.000
[2018.10.20-18.47.29:159][413]LogBlueprintUserMessages: [Player_C_0] X=-1.000 Y=0.008 Z=0.000
[2018.10.20-18.47.29:167][414]LogBlueprintUserMessages: [Player_C_0] X=-1.000 Y=0.008 Z=0.000
[2018.10.20-18.47.29:176][415]LogBlueprintUserMessages: [Player_C_0] X=-1.000 Y=0.010 Z=0.000
[2018.10.20-18.47.29:184][416]LogBlueprintUserMessages: [Player_C_0] X=-1.000 Y=0.010 Z=0.000
[2018.10.20-18.47.29:192][417]LogBlueprintUserMessages: [Player_C_0] X=-1.000 Y=0.010 Z=0.000
[2018.10.20-18.47.29:201][418]LogBlueprintUserMessages: [Player_C_0] X=-1.000 Y=0.010 Z=0.000
[2018.10.20-18.47.29:209][419]LogBlueprintUserMessages: [Player_C_0] X=-1.000 Y=0.010 Z=0.000
[2018.10.20-18.47.29:217][420]LogBlueprintUserMessages: [Player_C_0] X=-1.000 Y=0.010 Z=0.000
[2018.10.20-18.47.29:226][421]LogBlueprintUserMessages: [Player_C_0] X=-1.000 Y=0.010 Z=0.000
[2018.10.20-18.47.29:234][422]LogBlueprintUserMessages: [Player_C_0] X=-1.000 Y=0.010 Z=0.000
[2018.10.20-18.47.29:242][423]LogBlueprintUserMessages: [Player_C_0] X=-1.000 Y=0.010 Z=0.000
[2018.10.20-18.47.29:250][424]LogBlueprintUserMessages: [Player_C_0] X=-1.000 Y=0.010 Z=0.000
[2018.10.20-18.47.29:258][425]LogBlueprintUserMessages: [Player_C_0] X=-1.000 Y=0.013 Z=0.000
[2018.10.20-18.47.29:267][426]LogBlueprintUserMessages: [Player_C_0] X=-1.000 Y=0.018 Z=0.000
[2018.10.20-18.47.29:275][427]LogBlueprintUserMessages: [Player_C_0] X=-1.000 Y=0.030 Z=0.000
[2018.10.20-18.47.29:283][428]LogBlueprintUserMessages: [Player_C_0] X=-0.999 Y=0.053 Z=0.000
[2018.10.20-18.47.29:292][429]LogBlueprintUserMessages: [Player_C_0] X=-0.996 Y=0.089 Z=0.000
[2018.10.20-18.47.29:300][430]LogBlueprintUserMessages: [Player_C_0] X=-0.991 Y=0.136 Z=0.000
[2018.10.20-18.47.29:309][431]LogBlueprintUserMessages: [Player_C_0] X=-0.982 Y=0.189 Z=0.000
[2018.10.20-18.47.29:317][432]LogBlueprintUserMessages: [Player_C_0] X=-0.967 Y=0.254 Z=0.000
[2018.10.20-18.47.29:325][433]LogBlueprintUserMessages: [Player_C_0] X=-0.946 Y=0.323 Z=0.000
[2018.10.20-18.47.29:334][434]LogBlueprintUserMessages: [Player_C_0] X=-0.918 Y=0.398 Z=0.000
[2018.10.20-18.47.29:342][435]LogBlueprintUserMessages: [Player_C_0] X=-0.879 Y=0.476 Z=0.000
[2018.10.20-18.47.29:351][436]LogBlueprintUserMessages: [Player_C_0] X=-0.830 Y=0.558 Z=0.000
[2018.10.20-18.47.29:359][437]LogBlueprintUserMessages: [Player_C_0] X=-0.771 Y=0.637 Z=0.000
[2018.10.20-18.47.29:367][438]LogBlueprintUserMessages: [Player_C_0] X=-0.698 Y=0.716 Z=0.000
[2018.10.20-18.47.29:375][439]LogBlueprintUserMessages: [Player_C_0] X=-0.612 Y=0.791 Z=0.000
[2018.10.20-18.47.29:384][440]LogBlueprintUserMessages: [Player_C_0] X=-0.514 Y=0.858 Z=0.000
[2018.10.20-18.47.29:392][441]LogBlueprintUserMessages: [Player_C_0] X=-0.404 Y=0.915 Z=0.000
[2018.10.20-18.47.29:401][442]LogBlueprintUserMessages: [Player_C_0] X=-0.282 Y=0.959 Z=0.000
[2018.10.20-18.47.29:409][443]LogBlueprintUserMessages: [Player_C_0] X=-0.151 Y=0.988 Z=0.000
[2018.10.20-18.47.29:417][444]LogBlueprintUserMessages: [Player_C_0] X=-0.007 Y=1.000 Z=0.000
[2018.10.20-18.47.29:426][445]LogBlueprintUserMessages: [Player_C_0] X=0.147 Y=0.989 Z=0.000
[2018.10.20-18.47.29:434][446]LogBlueprintUserMessages: [Player_C_0] X=0.300 Y=0.954 Z=0.000
[2018.10.20-18.47.29:442][447]LogBlueprintUserMessages: [Player_C_0] X=0.453 Y=0.892 Z=0.000
[2018.10.20-18.47.29:451][448]LogBlueprintUserMessages: [Player_C_0] X=0.597 Y=0.802 Z=0.000
[2018.10.20-18.47.29:459][449]LogBlueprintUserMessages: [Player_C_0] X=0.725 Y=0.688 Z=0.000
[2018.10.20-18.47.29:467][450]LogBlueprintUserMessages: [Player_C_0] X=0.835 Y=0.550 Z=0.000
[2018.10.20-18.47.29:476][451]LogBlueprintUserMessages: [Player_C_0] X=0.915 Y=0.403 Z=0.000
[2018.10.20-18.47.29:484][452]LogBlueprintUserMessages: [Player_C_0] X=0.968 Y=0.252 Z=0.000
[2018.10.20-18.47.29:492][453]LogBlueprintUserMessages: [Player_C_0] X=0.995 Y=0.104 Z=0.000
[2018.10.20-18.47.29:501][454]LogBlueprintUserMessages: [Player_C_0] X=0.999 Y=-0.033 Z=0.000
[2018.10.20-18.47.29:509][455]LogBlueprintUserMessages: [Player_C_0] X=0.987 Y=-0.158 Z=0.000
[2018.10.20-18.47.29:517][456]LogBlueprintUserMessages: [Player_C_0] X=0.970 Y=-0.245 Z=0.000
[2018.10.20-18.47.29:526][457]LogBlueprintUserMessages: [Player_C_0] X=0.966 Y=-0.257 Z=0.000
[2018.10.20-18.47.29:534][458]LogBlueprintUserMessages: [Player_C_0] X=0.966 Y=-0.257 Z=0.000
[2018.10.20-18.47.29:542][459]LogBlueprintUserMessages: [Player_C_0] X=0.966 Y=-0.257 Z=0.000
[2018.10.20-18.47.29:551][460]LogBlueprintUserMessages: [Player_C_0] X=0.966 Y=-0.257 Z=0.000
[2018.10.20-18.47.29:559][461]LogBlueprintUserMessages: [Player_C_0] X=0.966 Y=-0.257 Z=0.000
[2018.10.20-18.47.29:567][462]LogBlueprintUserMessages: [Player_C_0] X=0.966 Y=-0.257 Z=0.000
[2018.10.20-18.47.29:576][463]LogBlueprintUserMessages: [Player_C_0] X=0.966 Y=-0.257 Z=0.000
[2018.10.20-18.47.29:584][464]LogBlueprintUserMessages: [Player_C_0] X=0.966 Y=-0.257 Z=0.000
[2018.10.20-18.47.29:592][465]LogBlueprintUserMessages: [Player_C_0] X=0.966 Y=-0.257 Z=0.000
[2018.10.20-18.47.29:601][466]LogBlueprintUserMessages: [Player_C_0] X=0.966 Y=-0.257 Z=0.000
[2018.10.20-18.47.29:609][467]LogBlueprintUserMessages: [Player_C_0] X=0.966 Y=-0.257 Z=0.000
[2018.10.20-18.47.29:617][468]LogBlueprintUserMessages: [Player_C_0] X=0.966 Y=-0.257 Z=0.000
[2018.10.20-18.47.29:625][469]LogBlueprintUserMessages: [Player_C_0] X=0.966 Y=-0.257 Z=0.000
[2018.10.20-18.47.29:633][470]LogBlueprintUserMessages: [Player_C_0] X=0.966 Y=-0.257 Z=0.000
[2018.10.20-18.47.29:641][471]LogBlueprintUserMessages: [Player_C_0] X=0.966 Y=-0.257 Z=0.000
[2018.10.20-18.47.29:650][472]LogBlueprintUserMessages: [Player_C_0] X=0.966 Y=-0.257 Z=0.000
[2018.10.20-18.47.29:658][473]LogBlueprintUserMessages: [Player_C_0] X=0.966 Y=-0.257 Z=0.000
[2018.10.20-18.47.29:667][474]LogBlueprintUserMessages: [Player_C_0] X=0.966 Y=-0.257 Z=0.000
[2018.10.20-18.47.29:675][475]LogBlueprintUserMessages: [Player_C_0] X=0.966 Y=-0.257 Z=0.000
[2018.10.20-18.47.29:683][476]LogBlueprintUserMessages: [Player_C_0] X=0.966 Y=-0.257 Z=0.000
[2018.10.20-18.47.29:692][477]LogBlueprintUserMessages: [Player_C_0] X=0.966 Y=-0.257 Z=0.000
[2018.10.20-18.47.29:700][478]LogBlueprintUserMessages: [Player_C_0] X=0.966 Y=-0.257 Z=0.000
[2018.10.20-18.47.29:708][479]LogBlueprintUserMessages: [Player_C_0] X=0.966 Y=-0.257 Z=0.000
[2018.10.20-18.47.29:717][480]LogBlueprintUserMessages: [Player_C_0] X=0.966 Y=-0.257 Z=0.000
[2018.10.20-18.47.29:725][481]LogBlueprintUserMessages: [Player_C_0] X=0.966 Y=-0.257 Z=0.000
[2018.10.20-18.47.29:733][482]LogBlueprintUserMessages: [Player_C_0] X=0.966 Y=-0.257 Z=0.000
[2018.10.20-18.47.29:742][483]LogBlueprintUserMessages: [Player_C_0] X=0.966 Y=-0.257 Z=0.000
[2018.10.20-18.47.29:750][484]LogBlueprintUserMessages: [Player_C_0] X=0.966 Y=-0.257 Z=0.000
[2018.10.20-18.47.29:758][485]LogBlueprintUserMessages: [Player_C_0] X=0.966 Y=-0.257 Z=0.000
[2018.10.20-18.47.29:767][486]LogBlueprintUserMessages: [Player_C_0] X=0.966 Y=-0.257 Z=0.000
[2018.10.20-18.47.29:775][487]LogBlueprintUserMessages: [Player_C_0] X=0.966 Y=-0.257 Z=0.000
[2018.10.20-18.47.29:784][488]LogBlueprintUserMessages: [Player_C_0] X=0.966 Y=-0.257 Z=0.000
[2018.10.20-18.47.29:792][489]LogBlueprintUserMessages: [Player_C_0] X=0.966 Y=-0.257 Z=0.000
[2018.10.20-18.47.29:800][490]LogBlueprintUserMessages: [Player_C_0] X=0.966 Y=-0.257 Z=0.000
[2018.10.20-18.47.29:809][491]LogBlueprintUserMessages: [Player_C_0] X=0.966 Y=-0.257 Z=0.000
[2018.10.20-18.47.29:817][492]LogBlueprintUserMessages: [Player_C_0] X=0.966 Y=-0.257 Z=0.000
[2018.10.20-18.47.29:825][493]LogBlueprintUserMessages: [Player_C_0] X=0.966 Y=-0.257 Z=0.000
[2018.10.20-18.47.29:834][494]LogBlueprintUserMessages: [Player_C_0] X=0.966 Y=-0.257 Z=0.000
[2018.10.20-18.47.29:842][495]LogBlueprintUserMessages: [Player_C_0] X=0.966 Y=-0.257 Z=0.000
[2018.10.20-18.47.29:850][496]LogBlueprintUserMessages: [Player_C_0] X=0.966 Y=-0.257 Z=0.000
[2018.10.20-18.47.29:859][497]LogBlueprintUserMessages: [Player_C_0] X=0.966 Y=-0.257 Z=0.000
[2018.10.20-18.47.29:867][498]LogBlueprintUserMessages: [Player_C_0] X=0.966 Y=-0.257 Z=0.000
[2018.10.20-18.47.29:876][499]LogBlueprintUserMessages: [Player_C_0] X=0.966 Y=-0.257 Z=0.000
[2018.10.20-18.47.29:884][500]LogBlueprintUserMessages: [Player_C_0] X=0.965 Y=-0.262 Z=0.000
[2018.10.20-18.47.29:892][501]LogBlueprintUserMessages: [Player_C_0] X=0.946 Y=-0.324 Z=0.000
[2018.10.20-18.47.29:901][502]LogBlueprintUserMessages: [Player_C_0] X=0.949 Y=-0.315 Z=0.000
[2018.10.20-18.47.29:909][503]LogBlueprintUserMessages: [Player_C_0] X=0.952 Y=-0.308 Z=0.000
[2018.10.20-18.47.29:917][504]LogBlueprintUserMessages: [Player_C_0] X=0.952 Y=-0.305 Z=0.000
[2018.10.20-18.47.29:926][505]LogBlueprintUserMessages: [Player_C_0] X=0.952 Y=-0.305 Z=0.000
[2018.10.20-18.47.29:934][506]LogBlueprintUserMessages: [Player_C_0] X=0.952 Y=-0.305 Z=0.000
[2018.10.20-18.47.29:943][507]LogBlueprintUserMessages: [Player_C_0] X=0.953 Y=-0.303 Z=0.000
[2018.10.20-18.47.29:951][508]LogBlueprintUserMessages: [Player_C_0] X=0.954 Y=-0.300 Z=0.000
[2018.10.20-18.47.29:959][509]LogBlueprintUserMessages: [Player_C_0] X=0.956 Y=-0.293 Z=0.000
[2018.10.20-18.47.29:968][510]LogBlueprintUserMessages: [Player_C_0] X=0.958 Y=-0.285 Z=0.000
[2018.10.20-18.47.29:977][511]LogBlueprintUserMessages: [Player_C_0] X=0.961 Y=-0.276 Z=0.000
[2018.10.20-18.47.29:984][512]LogBlueprintUserMessages: [Player_C_0] X=0.965 Y=-0.264 Z=0.000
[2018.10.20-18.47.29:993][513]LogBlueprintUserMessages: [Player_C_0] X=0.969 Y=-0.247 Z=0.000
[2018.10.20-18.47.30:000][514]LogBlueprintUserMessages: [Player_C_0] X=0.974 Y=-0.228 Z=0.000
[2018.10.20-18.47.30:009][515]LogBlueprintUserMessages: [Player_C_0] X=0.977 Y=-0.211 Z=0.000
[2018.10.20-18.47.30:017][516]LogBlueprintUserMessages: [Player_C_0] X=0.981 Y=-0.192 Z=0.000
[2018.10.20-18.47.30:025][517]LogBlueprintUserMessages: [Player_C_0] X=0.985 Y=-0.170 Z=0.000
[2018.10.20-18.47.30:034][518]LogBlueprintUserMessages: [Player_C_0] X=0.989 Y=-0.148 Z=0.000
[2018.10.20-18.47.30:042][519]LogBlueprintUserMessages: [Player_C_0] X=0.992 Y=-0.124 Z=0.000
[2018.10.20-18.47.30:051][520]LogBlueprintUserMessages: [Player_C_0] X=0.995 Y=-0.097 Z=0.000
[2018.10.20-18.47.30:059][521]LogBlueprintUserMessages: [Player_C_0] X=0.998 Y=-0.070 Z=0.000
[2018.10.20-18.47.30:067][522]LogBlueprintUserMessages: [Player_C_0] X=0.999 Y=-0.044 Z=0.000
[2018.10.20-18.47.30:077][523]LogBlueprintUserMessages: [Player_C_0] X=1.000 Y=-0.027 Z=0.000
[2018.10.20-18.47.30:084][524]LogBlueprintUserMessages: [Player_C_0] X=1.000 Y=-0.010 Z=0.000
[2018.10.20-18.47.30:093][525]LogBlueprintUserMessages: [Player_C_0] X=1.000 Y=-0.004 Z=0.000
[2018.10.20-18.47.30:101][526]LogBlueprintUserMessages: [Player_C_0] X=1.000 Y=-0.001 Z=0.000
[2018.10.20-18.47.30:108][527]LogBlueprintUserMessages: [Player_C_0] X=1.000 Y=0.002 Z=0.000
[2018.10.20-18.47.30:117][528]LogBlueprintUserMessages: [Player_C_0] X=1.000 Y=0.002 Z=0.000
[2018.10.20-18.47.30:125][529]LogBlueprintUserMessages: [Player_C_0] X=1.000 Y=0.002 Z=0.000
[2018.10.20-18.47.30:133][530]LogBlueprintUserMessages: [Player_C_0] X=1.000 Y=0.002 Z=0.000
[2018.10.20-18.47.30:142][531]LogBlueprintUserMessages: [Player_C_0] X=1.000 Y=-0.001 Z=0.000
[2018.10.20-18.47.30:150][532]LogBlueprintUserMessages: [Player_C_0] X=1.000 Y=-0.001 Z=0.000
[2018.10.20-18.47.30:158][533]LogBlueprintUserMessages: [Player_C_0] X=1.000 Y=-0.001 Z=0.000
[2018.10.20-18.47.30:167][534]LogBlueprintUserMessages: [Player_C_0] X=1.000 Y=-0.001 Z=0.000
[2018.10.20-18.47.30:175][535]LogBlueprintUserMessages: [Player_C_0] X=1.000 Y=-0.001 Z=0.000
[2018.10.20-18.47.30:183][536]LogBlueprintUserMessages: [Player_C_0] X=1.000 Y=-0.001 Z=0.000
[2018.10.20-18.47.30:192][537]LogBlueprintUserMessages: [Player_C_0] X=1.000 Y=-0.001 Z=0.000
[2018.10.20-18.47.30:200][538]LogBlueprintUserMessages: [Player_C_0] X=1.000 Y=-0.001 Z=0.000
[2018.10.20-18.47.30:208][539]LogBlueprintUserMessages: [Player_C_0] X=1.000 Y=-0.001 Z=0.000
[2018.10.20-18.47.30:217][540]LogBlueprintUserMessages: [Player_C_0] X=1.000 Y=-0.001 Z=0.000
[2018.10.20-18.47.30:225][541]LogBlueprintUserMessages: [Player_C_0] X=1.000 Y=-0.001 Z=0.000
[2018.10.20-18.47.30:233][542]LogBlueprintUserMessages: [Player_C_0] X=1.000 Y=-0.001 Z=0.000
[2018.10.20-18.47.30:242][543]LogBlueprintUserMessages: [Player_C_0] X=1.000 Y=-0.001 Z=0.000
[2018.10.20-18.47.30:250][544]LogBlueprintUserMessages: [Player_C_0] X=1.000 Y=-0.001 Z=0.000
[2018.10.20-18.47.30:259][545]LogBlueprintUserMessages: [Player_C_0] X=1.000 Y=-0.001 Z=0.000
[2018.10.20-18.47.30:267][546]LogBlueprintUserMessages: [Player_C_0] X=1.000 Y=-0.001 Z=0.000
[2018.10.20-18.47.30:275][547]LogBlueprintUserMessages: [Player_C_0] X=1.000 Y=-0.001 Z=0.000
[2018.10.20-18.47.30:284][548]LogBlueprintUserMessages: [Player_C_0] X=1.000 Y=-0.001 Z=0.000
[2018.10.20-18.47.30:293][549]LogBlueprintUserMessages: [Player_C_0] X=1.000 Y=-0.001 Z=0.000
[2018.10.20-18.47.30:300][550]LogBlueprintUserMessages: [Player_C_0] X=1.000 Y=-0.001 Z=0.000
[2018.10.20-18.47.30:309][551]LogBlueprintUserMessages: [Player_C_0] X=1.000 Y=-0.001 Z=0.000
[2018.10.20-18.47.30:317][552]LogBlueprintUserMessages: [Player_C_0] X=1.000 Y=-0.001 Z=0.000
[2018.10.20-18.47.30:325][553]LogBlueprintUserMessages: [Player_C_0] X=1.000 Y=-0.001 Z=0.000
[2018.10.20-18.47.30:334][554]LogBlueprintUserMessages: [Player_C_0] X=1.000 Y=-0.001 Z=0.000
[2018.10.20-18.47.30:342][555]LogBlueprintUserMessages: [Player_C_0] X=1.000 Y=-0.001 Z=0.000
[2018.10.20-18.47.30:350][556]LogBlueprintUserMessages: [Player_C_0] X=1.000 Y=-0.001 Z=0.000
[2018.10.20-18.47.30:359][557]LogBlueprintUserMessages: [Player_C_0] X=1.000 Y=-0.001 Z=0.000
[2018.10.20-18.47.30:367][558]LogBlueprintUserMessages: [Player_C_0] X=1.000 Y=-0.001 Z=0.000
[2018.10.20-18.47.30:375][559]LogBlueprintUserMessages: [Player_C_0] X=1.000 Y=-0.001 Z=0.000
[2018.10.20-18.47.30:383][560]LogBlueprintUserMessages: [Player_C_0] X=1.000 Y=-0.001 Z=0.000
[2018.10.20-18.47.30:392][561]LogBlueprintUserMessages: [Player_C_0] X=1.000 Y=-0.001 Z=0.000
[2018.10.20-18.47.30:400][562]LogBlueprintUserMessages: [Player_C_0] X=1.000 Y=-0.001 Z=0.000
[2018.10.20-18.47.30:408][563]LogBlueprintUserMessages: [Player_C_0] X=1.000 Y=-0.001 Z=0.000
[2018.10.20-18.47.30:417][564]LogBlueprintUserMessages: [Player_C_0] X=1.000 Y=-0.001 Z=0.000
[2018.10.20-18.47.30:425][565]LogBlueprintUserMessages: [Player_C_0] X=1.000 Y=-0.001 Z=0.000
[2018.10.20-18.47.30:433][566]LogBlueprintUserMessages: [Player_C_0] X=1.000 Y=-0.001 Z=0.000
[2018.10.20-18.47.30:442][567]LogBlueprintUserMessages: [Player_C_0] X=1.000 Y=-0.001 Z=0.000
[2018.10.20-18.47.30:450][568]LogBlueprintUserMessages: [Player_C_0] X=1.000 Y=-0.001 Z=0.000
[2018.10.20-18.47.30:458][569]LogBlueprintUserMessages: [Player_C_0] X=1.000 Y=-0.001 Z=0.000
[2018.10.20-18.47.30:467][570]LogBlueprintUserMessages: [Player_C_0] X=1.000 Y=-0.001 Z=0.000
[2018.10.20-18.47.30:475][571]LogBlueprintUserMessages: [Player_C_0] X=1.000 Y=-0.001 Z=0.000
[2018.10.20-18.47.30:484][572]LogBlueprintUserMessages: [Player_C_0] X=1.000 Y=-0.001 Z=0.000
[2018.10.20-18.47.30:492][573]LogBlueprintUserMessages: [Player_C_0] X=1.000 Y=-0.001 Z=0.000
[2018.10.20-18.47.30:500][574]LogBlueprintUserMessages: [Player_C_0] X=1.000 Y=-0.001 Z=0.000
[2018.10.20-18.47.30:508][575]LogBlueprintUserMessages: [Player_C_0] X=1.000 Y=-0.001 Z=0.000
[2018.10.20-18.47.30:517][576]LogBlueprintUserMessages: [Player_C_0] X=1.000 Y=-0.001 Z=0.000
[2018.10.20-18.47.30:525][577]LogBlueprintUserMessages: [Player_C_0] X=1.000 Y=-0.001 Z=0.000
[2018.10.20-18.47.30:533][578]LogBlueprintUserMessages: [Player_C_0] X=1.000 Y=-0.001 Z=0.000
[2018.10.20-18.47.30:542][579]LogBlueprintUserMessages: [Player_C_0] X=1.000 Y=-0.001 Z=0.000
[2018.10.20-18.47.30:550][580]LogBlueprintUserMessages: [Player_C_0] X=1.000 Y=-0.001 Z=0.000
[2018.10.20-18.47.30:558][581]LogBlueprintUserMessages: [Player_C_0] X=1.000 Y=-0.001 Z=0.000
[2018.10.20-18.47.30:567][582]LogBlueprintUserMessages: [Player_C_0] X=1.000 Y=-0.001 Z=0.000
[2018.10.20-18.47.30:575][583]LogBlueprintUserMessages: [Player_C_0] X=1.000 Y=-0.001 Z=0.000
[2018.10.20-18.47.30:583][584]LogBlueprintUserMessages: [Player_C_0] X=1.000 Y=-0.001 Z=0.000
[2018.10.20-18.47.30:592][585]LogBlueprintUserMessages: [Player_C_0] X=1.000 Y=-0.001 Z=0.000
[2018.10.20-18.47.30:600][586]LogBlueprintUserMessages: [Player_C_0] X=1.000 Y=-0.001 Z=0.000
[2018.10.20-18.47.30:609][587]LogBlueprintUserMessages: [Player_C_0] X=1.000 Y=-0.001 Z=0.000
[2018.10.20-18.47.30:617][588]LogBlueprintUserMessages: [Player_C_0] X=1.000 Y=0.004 Z=0.000
[2018.10.20-18.47.30:625][589]LogBlueprintUserMessages: [Player_C_0] X=1.000 Y=0.004 Z=0.000
[2018.10.20-18.47.30:634][590]LogBlueprintUserMessages: [Player_C_0] X=1.000 Y=0.019 Z=0.000
[2018.10.20-18.47.30:642][591]LogBlueprintUserMessages: [Player_C_0] X=0.998 Y=0.059 Z=0.000
[2018.10.20-18.47.30:651][592]LogBlueprintUserMessages: [Player_C_0] X=0.992 Y=0.125 Z=0.000
[2018.10.20-18.47.30:659][593]LogBlueprintUserMessages: [Player_C_0] X=0.978 Y=0.210 Z=0.000
[2018.10.20-18.47.30:668][594]LogBlueprintUserMessages: [Player_C_0] X=0.952 Y=0.305 Z=0.000
[2018.10.20-18.47.30:675][595]LogBlueprintUserMessages: [Player_C_0] X=0.915 Y=0.404 Z=0.000
[2018.10.20-18.47.30:684][596]LogBlueprintUserMessages: [Player_C_0] X=0.864 Y=0.504 Z=0.000
[2018.10.20-18.47.30:692][597]LogBlueprintUserMessages: [Player_C_0] X=0.806 Y=0.592 Z=0.000
[2018.10.20-18.47.30:701][598]LogBlueprintUserMessages: [Player_C_0] X=0.737 Y=0.676 Z=0.000
[2018.10.20-18.47.30:710][599]LogBlueprintUserMessages: [Player_C_0] X=0.661 Y=0.750 Z=0.000
[2018.10.20-18.47.30:717][600]LogBlueprintUserMessages: [Player_C_0] X=0.587 Y=0.810 Z=0.000
[2018.10.20-18.47.30:727][601]LogBlueprintUserMessages: [Player_C_0] X=0.519 Y=0.855 Z=0.000
[2018.10.20-18.47.30:734][602]LogBlueprintUserMessages: [Player_C_0] X=0.465 Y=0.885 Z=0.000
[2018.10.20-18.47.30:742][603]LogBlueprintUserMessages: [Player_C_0] X=0.427 Y=0.904 Z=0.000
[2018.10.20-18.47.30:751][604]LogBlueprintUserMessages: [Player_C_0] X=0.402 Y=0.916 Z=0.000
[2018.10.20-18.47.30:759][605]LogBlueprintUserMessages: [Player_C_0] X=0.388 Y=0.921 Z=0.000
[2018.10.20-18.47.30:767][606]LogBlueprintUserMessages: [Player_C_0] X=0.379 Y=0.925 Z=0.000
[2018.10.20-18.47.30:776][607]LogBlueprintUserMessages: [Player_C_0] X=0.377 Y=0.926 Z=0.000
[2018.10.20-18.47.30:784][608]LogBlueprintUserMessages: [Player_C_0] X=0.377 Y=0.926 Z=0.000
[2018.10.20-18.47.30:792][609]LogBlueprintUserMessages: [Player_C_0] X=0.377 Y=0.926 Z=0.000
[2018.10.20-18.47.30:801][610]LogBlueprintUserMessages: [Player_C_0] X=0.377 Y=0.926 Z=0.000
[2018.10.20-18.47.30:809][611]LogBlueprintUserMessages: [Player_C_0] X=0.377 Y=0.926 Z=0.000
[2018.10.20-18.47.30:817][612]LogBlueprintUserMessages: [Player_C_0] X=0.377 Y=0.926 Z=0.000
[2018.10.20-18.47.30:826][613]LogBlueprintUserMessages: [Player_C_0] X=0.377 Y=0.926 Z=0.000
[2018.10.20-18.47.30:834][614]LogBlueprintUserMessages: [Player_C_0] X=0.377 Y=0.926 Z=0.000
[2018.10.20-18.47.30:844][615]LogBlueprintUserMessages: [Player_C_0] X=0.377 Y=0.926 Z=0.000
[2018.10.20-18.47.30:851][616]LogBlueprintUserMessages: [Player_C_0] X=0.379 Y=0.925 Z=0.000
[2018.10.20-18.47.30:859][617]LogBlueprintUserMessages: [Player_C_0] X=0.384 Y=0.923 Z=0.000
[2018.10.20-18.47.30:868][618]LogBlueprintUserMessages: [Player_C_0] X=0.390 Y=0.921 Z=0.000
[2018.10.20-18.47.30:875][619]LogBlueprintUserMessages: [Player_C_0] X=0.396 Y=0.918 Z=0.000
[2018.10.20-18.47.30:883][620]LogBlueprintUserMessages: [Player_C_0] X=0.403 Y=0.915 Z=0.000
[2018.10.20-18.47.30:892][621]LogBlueprintUserMessages: [Player_C_0] X=0.407 Y=0.913 Z=0.000
[2018.10.20-18.47.30:900][622]LogBlueprintUserMessages: [Player_C_0] X=0.414 Y=0.910 Z=0.000
[2018.10.20-18.47.30:909][623]LogBlueprintUserMessages: [Player_C_0] X=0.420 Y=0.908 Z=0.000
[2018.10.20-18.47.30:918][624]LogBlueprintUserMessages: [Player_C_0] X=0.427 Y=0.904 Z=0.000
[2018.10.20-18.47.30:925][625]LogBlueprintUserMessages: [Player_C_0] X=0.433 Y=0.902 Z=0.000
[2018.10.20-18.47.30:934][626]LogBlueprintUserMessages: [Player_C_0] X=0.439 Y=0.898 Z=0.000
[2018.10.20-18.47.30:942][627]LogBlueprintUserMessages: [Player_C_0] X=0.444 Y=0.896 Z=0.000
[2018.10.20-18.47.30:950][628]LogBlueprintUserMessages: [Player_C_0] X=0.450 Y=0.893 Z=0.000
[2018.10.20-18.47.30:959][629]LogBlueprintUserMessages: [Player_C_0] X=0.457 Y=0.890 Z=0.000
[2018.10.20-18.47.30:967][630]LogBlueprintUserMessages: [Player_C_0] X=0.465 Y=0.885 Z=0.000
[2018.10.20-18.47.30:975][631]LogBlueprintUserMessages: [Player_C_0] X=0.474 Y=0.880 Z=0.000
[2018.10.20-18.47.30:984][632]LogBlueprintUserMessages: [Player_C_0] X=0.483 Y=0.876 Z=0.000
[2018.10.20-18.47.30:993][633]LogBlueprintUserMessages: [Player_C_0] X=0.491 Y=0.871 Z=0.000
[2018.10.20-18.47.31:001][634]LogBlueprintUserMessages: [Player_C_0] X=0.498 Y=0.867 Z=0.000
[2018.10.20-18.47.31:009][635]LogBlueprintUserMessages: [Player_C_0] X=0.506 Y=0.862 Z=0.000
[2018.10.20-18.47.31:017][636]LogBlueprintUserMessages: [Player_C_0] X=0.508 Y=0.861 Z=0.000
[2018.10.20-18.47.31:025][637]LogBlueprintUserMessages: [Player_C_0] X=0.508 Y=0.861 Z=0.000
[2018.10.20-18.47.31:034][638]LogBlueprintUserMessages: [Player_C_0] X=0.508 Y=0.861 Z=0.000
[2018.10.20-18.47.31:042][639]LogBlueprintUserMessages: [Player_C_0] X=0.508 Y=0.861 Z=0.000
[2018.10.20-18.47.31:050][640]LogBlueprintUserMessages: [Player_C_0] X=0.508 Y=0.861 Z=0.000
[2018.10.20-18.47.31:059][641]LogBlueprintUserMessages: [Player_C_0] X=0.508 Y=0.861 Z=0.000
[2018.10.20-18.47.31:067][642]LogBlueprintUserMessages: [Player_C_0] X=0.508 Y=0.861 Z=0.000
[2018.10.20-18.47.31:076][643]LogBlueprintUserMessages: [Player_C_0] X=0.508 Y=0.861 Z=0.000
[2018.10.20-18.47.31:084][644]LogBlueprintUserMessages: [Player_C_0] X=0.506 Y=0.862 Z=0.000
[2018.10.20-18.47.31:093][645]LogBlueprintUserMessages: [Player_C_0] X=0.502 Y=0.865 Z=0.000
[2018.10.20-18.47.31:102][646]LogBlueprintUserMessages: [Player_C_0] X=0.498 Y=0.867 Z=0.000
[2018.10.20-18.47.31:109][647]LogBlueprintUserMessages: [Player_C_0] X=0.493 Y=0.870 Z=0.000
[2018.10.20-18.47.31:119][648]LogBlueprintUserMessages: [Player_C_0] X=0.488 Y=0.873 Z=0.000
[2018.10.20-18.47.31:125][649]LogBlueprintUserMessages: [Player_C_0] X=0.486 Y=0.874 Z=0.000
[2018.10.20-18.47.31:135][650]LogBlueprintUserMessages: [Player_C_0] X=0.480 Y=0.877 Z=0.000
[2018.10.20-18.47.31:142][651]LogBlueprintUserMessages: [Player_C_0] X=0.478 Y=0.878 Z=0.000
[2018.10.20-18.47.31:150][652]LogBlueprintUserMessages: [Player_C_0] X=0.476 Y=0.880 Z=0.000
[2018.10.20-18.47.31:159][653]LogBlueprintUserMessages: [Player_C_0] X=0.473 Y=0.881 Z=0.000
[2018.10.20-18.47.31:167][654]LogBlueprintUserMessages: [Player_C_0] X=0.473 Y=0.881 Z=0.000
