Log file open, 10/21/18 23:56:01
LogWindows: Failed to load 'aqProf.dll' (GetLastError=126)
LogWindows: File 'aqProf.dll' does not exist
LogWindows: Failed to load 'VSPerf140.dll' (GetLastError=126)
LogWindows: File 'VSPerf140.dll' does not exist
LogWindows: Failed to load 'VtuneApi.dll' (GetLastError=126)
LogWindows: File 'VtuneApi.dll' does not exist
LogWindows: Failed to load 'VtuneApi32e.dll' (GetLastError=126)
LogWindows: File 'VtuneApi32e.dll' does not exist
LogInit: Display: Running engine for game: SideyCPP
LogPlatformFile: Not using cached read wrapper
LogTaskGraph: Started task graph with 5 named threads and 23 total threads with 3 sets of task threads.
LogStats: Stats thread started at 0.424109
LogD3D11RHI: Loaded GFSDK_Aftermath_Lib.x64.dll
LogICUInternationalization: Display: ICU TimeZone Detection - Raw Offset: +0:00, Platform Override: ''
LogPluginManager: Mounting plugin Paper2D
LogPluginManager: Mounting plugin AISupport
LogPluginManager: Mounting plugin LightPropagationVolume
LogPluginManager: Mounting plugin CLionSourceCodeAccess
LogPluginManager: Mounting plugin CodeLiteSourceCodeAccess
LogPluginManager: Mounting plugin GitSourceControl
LogPluginManager: Mounting plugin KDevelopSourceCodeAccess
LogPluginManager: Mounting plugin NullSourceCodeAccess
LogPluginManager: Mounting plugin PerforceSourceControl
LogPluginManager: Mounting plugin SubversionSourceControl
LogPluginManager: Mounting plugin UObjectPlugin
LogPluginManager: Mounting plugin VisualStudioCodeSourceCodeAccess
LogPluginManager: Mounting plugin VisualStudioSourceCodeAccess
LogPluginManager: Mounting plugin XCodeSourceCodeAccess
LogPluginManager: Mounting plugin AssetManagerEditor
LogPluginManager: Mounting plugin CryptoKeys
LogPluginManager: Mounting plugin DataValidation
LogPluginManager: Mounting plugin FacialAnimation
LogPluginManager: Mounting plugin GameplayTagsEditor
LogPluginManager: Mounting plugin MacGraphicsSwitching
LogPluginManager: Mounting plugin MeshEditor
LogPluginManager: Mounting plugin MobileLauncherProfileWizard
LogPluginManager: Mounting plugin PluginBrowser
LogPluginManager: Mounting plugin SpeedTreeImporter
LogPluginManager: Mounting plugin DatasmithContent
LogPluginManager: Mounting plugin AlembicImporter
LogPluginManager: Mounting plugin AppleImageUtils
LogPluginManager: Mounting plugin AppleVision
LogPluginManager: Mounting plugin BackChannel
LogPluginManager: Mounting plugin CharacterAI
LogPluginManager: Mounting plugin GeometryCache
LogPluginManager: Mounting plugin HTML5Networking
LogPluginManager: Mounting plugin ProxyLODPlugin
LogPluginManager: Mounting plugin MagicLeap
LogPluginManager: Mounting plugin MagicLeapEmulator
LogPluginManager: Mounting plugin MagicLeapMedia
LogPluginManager: Mounting plugin AndroidMedia
LogPluginManager: Mounting plugin AvfMedia
LogPluginManager: Mounting plugin ImgMedia
LogPluginManager: Mounting plugin LinearTimecode
LogPluginManager: Mounting plugin MediaCompositing
LogPluginManager: Mounting plugin MediaPlayerEditor
LogPluginManager: Mounting plugin WmfMedia
LogPluginManager: Mounting plugin TcpMessaging
LogPluginManager: Mounting plugin UdpMessaging
LogPluginManager: Mounting plugin ActorSequence
LogPluginManager: Mounting plugin LevelSequenceEditor
LogPluginManager: Mounting plugin MatineeToLevelSequence
LogPluginManager: Mounting plugin NetcodeUnitTest
LogPluginManager: Mounting plugin NUTUnrealEngine4
LogPluginManager: Mounting plugin OnlineSubsystemGooglePlay
LogPluginManager: Mounting plugin OnlineSubsystemIOS
LogPluginManager: Mounting plugin OnlineSubsystem
LogPluginManager: Mounting plugin OnlineSubsystemNull
LogPluginManager: Mounting plugin OnlineSubsystemUtils
LogPluginManager: Mounting plugin LauncherChunkInstaller
LogPluginManager: Mounting plugin AndroidDeviceProfileSelector
LogPluginManager: Mounting plugin AndroidMoviePlayer
LogPluginManager: Mounting plugin AndroidPermission
LogPluginManager: Mounting plugin AppleMoviePlayer
LogPluginManager: Mounting plugin ArchVisCharacter
LogPluginManager: Mounting plugin AudioCapture
LogPluginManager: Mounting plugin CableComponent
LogPluginManager: Mounting plugin CustomMeshComponent
LogPluginManager: Mounting plugin EditableMesh
LogPluginManager: Mounting plugin ExampleDeviceProfileSelector
LogPluginManager: Mounting plugin GoogleCloudMessaging
LogPluginManager: Mounting plugin ImmediatePhysics
LogPluginManager: Mounting plugin IOSDeviceProfileSelector
LogPluginManager: Mounting plugin LinuxDeviceProfileSelector
LogPluginManager: Mounting plugin LocationServicesBPLibrary
LogPluginManager: Mounting plugin MobilePatchingUtils
LogPluginManager: Mounting plugin OculusVR
LogPluginManager: Plugin shader directory ../../../Engine/Plugins/Runtime/Oculus/OculusVR/Shaders found
LogPluginManager: Mapping shader source directory ../../../Engine/Plugins/Runtime/Oculus/OculusVR/Shaders to virtual directory /Plugin/OculusVR
LogPluginManager: Mounting plugin PhysXVehicles
LogPluginManager: Mounting plugin ProceduralMeshComponent
LogPluginManager: Mounting plugin RuntimePhysXCooking
LogPluginManager: Mounting plugin SteamVR
LogPluginManager: Mounting plugin WindowsMoviePlayer
LogStreaming: Display: Took  0.310s to configure plugins.
LogInit: Using libcurl 7.55.1-DEV
LogInit:  - built for x86_64-pc-win32
LogInit:  - supports SSL with OpenSSL/1.0.2h
LogInit:  - supports HTTP deflate (compression) using libz 1.2.8
LogInit:  - other features:
LogInit:      CURL_VERSION_SSL
LogInit:      CURL_VERSION_LIBZ
LogInit:      CURL_VERSION_IPV6
LogInit:      CURL_VERSION_ASYNCHDNS
LogInit:      CURL_VERSION_LARGEFILE
LogInit:      CURL_VERSION_IDN
LogInit:  CurlRequestOptions (configurable via config and command line):
LogInit:  - bVerifyPeer = false  - Libcurl will NOT verify peer certificate
LogInit:  - bUseHttpProxy = false  - Libcurl will NOT use HTTP proxy
LogInit:  - bDontReuseConnections = false  - Libcurl will reuse connections
LogInit:  - CertBundlePath = nullptr  - Libcurl will use whatever was configured at build time.
LogInit:  - MaxHostConnections = 16  - Libcurl will limit the number of connections to a host
LogInit:  - LocalHostAddr = Default
LogInit:  - BufferSize = 65536
LogInit: WinSock: version 1.1 (2.2), MaxSocks=32767, MaxUdp=65467
LogInit: Build: ++UE4+Release-4.20-CL-4369336
LogInit: Engine Version: 4.20.3-4369336+++UE4+Release-4.20
LogInit: Compatible Engine Version: 4.20.0-4212847+++UE4+Release-4.20
LogInit: Net CL: 4212847
LogInit: OS: Windows 10 (), CPU: Intel(R) Xeon(R) CPU E5-1620 v3 @ 3.50GHz, GPU: NVIDIA GeForce GTX 970
LogInit: Compiled (64-bit): Sep 17 2018 12:26:19
LogInit: Compiled with Visual C++: 19.13.26129.00
LogInit: Build Configuration: Development
LogInit: Branch Name: ++UE4+Release-4.20
LogInit: Command Line:  -skipcompile
LogInit: Base Directory: C:/Epic/UE4/UE_4.20/Engine/Binaries/Win64/
LogInit: Installed Engine Build: 1
LogDevObjectVersion: Number of dev versions registered: 20
LogDevObjectVersion:   Dev-Blueprints (B0D832E4-1F89-4F0D-ACCF-7EB736FD4AA2): 10
LogDevObjectVersion:   Dev-Build (E1C64328-A22C-4D53-A36C-8E866417BD8C): 0
LogDevObjectVersion:   Dev-Core (375EC13C-06E4-48FB-B500-84F0262A717E): 2
LogDevObjectVersion:   Dev-Editor (E4B068ED-F494-42E9-A231-DA0B2E46BB41): 24
LogDevObjectVersion:   Dev-Framework (CFFC743F-43B0-4480-9391-14DF171D2073): 34
LogDevObjectVersion:   Dev-Mobile (B02B49B5-BB20-44E9-A304-32B752E40360): 2
LogDevObjectVersion:   Dev-Networking (A4E4105C-59A1-49B5-A7C5-40C4547EDFEE): 0
LogDevObjectVersion:   Dev-Online (39C831C9-5AE6-47DC-9A44-9C173E1C8E7C): 0
LogDevObjectVersion:   Dev-Physics (78F01B33-EBEA-4F98-B9B4-84EACCB95AA2): 0
LogDevObjectVersion:   Dev-Platform (6631380F-2D4D-43E0-8009-CF276956A95A): 0
LogDevObjectVersion:   Dev-Rendering (12F88B9F-8875-4AFC-A67C-D90C383ABD29): 26
LogDevObjectVersion:   Dev-Sequencer (7B5AE74C-D270-4C10-A958-57980B212A5A): 9
LogDevObjectVersion:   Dev-VR (D7296918-1DD6-4BDD-9DE2-64A83CC13884): 2
LogDevObjectVersion:   Dev-LoadTimes (C2A15278-BFE7-4AFE-6C17-90FF531DF755): 1
LogDevObjectVersion:   Private-Geometry (6EACA3D4-40EC-4CC1-B786-8BED09428FC5): 3
LogDevObjectVersion:   Dev-AnimPhys (29E575DD-E0A3-4627-9D10-D276232CDCEA): 17
LogDevObjectVersion:   Dev-ReflectionCapture (6B266CEC-1EC7-4B8F-A30B-E4D90942FC07): 1
LogDevObjectVersion:   Dev-Automation (0DF73D61-A23F-47EA-B727-89E90C41499A): 1
LogDevObjectVersion:   FortniteMain (601D1886-AC64-4F84-AA16-D3DE0DEAC7D6): 12
LogDevObjectVersion:   Dev-Enterprise (9DFFBCD6-494F-0158-E221-12823C92A888): 1
LogStreaming: Display: Took  0.007s to delete old logs.
LogInit: Presizing for max 8388607 objects, including 0 objects not considered by GC, pre-allocating 0 bytes for permanent pool.
LogInit: Object subsystem initialized
[2018.10.21-22.56.02:590][  0]LogInit: Selected Device Profile: [Windows]
[2018.10.21-22.56.02:591][  0]LogInit: Applying CVar settings loaded from the selected device profile: [Windows]
[2018.10.21-22.56.02:631][  0]LogHAL: Display: Platform has ~ 16 GB [17092038656 / 17179869184 / 16], which maps to Larger [LargestMinGB=32, LargerMinGB=12, DefaultMinGB=8, SmallerMinGB=6, SmallestMinGB=0)
[2018.10.21-22.56.02:631][  0]LogInit: Setting Device Profile CVar: [[r.Vulkan.UseRealUBs:1]]
[2018.10.21-22.56.02:632][  0]LogInit: Going up to parent DeviceProfile []
[2018.10.21-22.56.02:633][  0]LogInit: Computer: C115-4
[2018.10.21-22.56.02:633][  0]LogInit: User: w017177h
[2018.10.21-22.56.02:633][  0]LogInit: CPU Page size=4096, Cores=4
[2018.10.21-22.56.02:633][  0]LogInit: High frequency timer resolution =3.410072 MHz
[2018.10.21-22.56.02:634][  0]LogMemory: Memory total: Physical=15.9GB (16GB approx)
[2018.10.21-22.56.02:634][  0]LogMemory: Platform Memory Stats for Windows
[2018.10.21-22.56.02:634][  0]LogMemory: Process Physical Memory: 101.00 MB used, 101.00 MB peak
[2018.10.21-22.56.02:635][  0]LogMemory: Process Virtual Memory: 91.01 MB used, 91.01 MB peak
[2018.10.21-22.56.02:635][  0]LogMemory: Physical Memory: 5819.52 MB used,  10480.72 MB free, 16300.24 MB total
[2018.10.21-22.56.02:635][  0]LogMemory: Virtual Memory: 4640.09 MB used,  10480.72 MB free, 134217728.00 MB total
[2018.10.21-22.56.02:861][  0]LogInit: Using OS detected language (en-US).
[2018.10.21-22.56.02:861][  0]LogInit: Using OS detected locale (en-GB).
[2018.10.21-22.56.02:865][  0]LogTextLocalizationManager: No specific localization for 'en-US' exists, so the 'en' localization will be used.
[2018.10.21-22.56.03:382][  0]LogStreaming: Display: Took  0.521s to InitEngineTextLocalization.
[2018.10.21-22.56.03:383][  0]LogInit: Setting process to per monitor DPI aware
[2018.10.21-22.56.03:439][  0]LogSlate: New Slate User Created.  User Index 0, Is Virtual User: 0
[2018.10.21-22.56.03:439][  0]LogSlate: Slate User Registered.  User Index 0, Is Virtual User: 0
[2018.10.21-22.56.03:796][  0]LogHMD: Failed to initialize OpenVR with code 110
[2018.10.21-22.56.03:796][  0]LogD3D11RHI: D3D11 adapters:
[2018.10.21-22.56.03:890][  0]LogD3D11RHI:    0. 'NVIDIA GeForce GTX 970' (Feature Level 11_0)
[2018.10.21-22.56.03:890][  0]LogD3D11RHI:       4043/0/8150 MB DedicatedVideo/DedicatedSystem/SharedSystem, Outputs:2, VendorId:0x10de
[2018.10.21-22.56.03:896][  0]LogD3D11RHI:    1. 'Microsoft Basic Render Driver' (Feature Level 11_0)
[2018.10.21-22.56.03:896][  0]LogD3D11RHI:       0/0/8150 MB DedicatedVideo/DedicatedSystem/SharedSystem, Outputs:0, VendorId:0x1414
[2018.10.21-22.56.03:896][  0]LogD3D11RHI: Chosen D3D11 Adapter: 0
[2018.10.21-22.56.03:906][  0]LogD3D11RHI: Creating new Direct3DDevice
[2018.10.21-22.56.03:907][  0]LogD3D11RHI:     GPU DeviceId: 0x13c2 (for the marketing name, search the web for "GPU Device Id")
[2018.10.21-22.56.03:907][  0]LogWindows: EnumDisplayDevices:
[2018.10.21-22.56.03:907][  0]LogWindows:    0. 'NVIDIA GeForce GTX 970' (P:0 D:1)
[2018.10.21-22.56.03:907][  0]LogWindows:    1. 'NVIDIA GeForce GTX 970' (P:1 D:1)
[2018.10.21-22.56.03:908][  0]LogWindows:    2. 'NVIDIA GeForce GTX 970' (P:0 D:0)
[2018.10.21-22.56.03:908][  0]LogWindows:    3. 'NVIDIA GeForce GTX 970' (P:0 D:0)
[2018.10.21-22.56.03:909][  0]LogWindows: DebugString: FoundDriverCount:4 
[2018.10.21-22.56.03:909][  0]LogD3D11RHI:     Adapter Name: NVIDIA GeForce GTX 970
[2018.10.21-22.56.03:909][  0]LogD3D11RHI:   Driver Version: 398.82 (internal:24.21.13.9882, unified:398.82)
[2018.10.21-22.56.03:909][  0]LogD3D11RHI:      Driver Date: 7-30-2018
[2018.10.21-22.56.03:909][  0]LogRHI: Texture pool is 2830 MB (70% of 4043 MB)
[2018.10.21-22.56.03:958][  0]LogD3D11RHI: Async texture creation enabled
[2018.10.21-22.56.03:977][  0]LogD3D11RHI: GPU Timing Frequency: 1000.000000 (Debug: 2 2)
[2018.10.21-22.56.04:022][  0]LogShaderCompilers: Guid format shader working directory is -20 characters bigger than the processId version (../../../../../../Users/w017177h/Documents/GitHub/SpideyCPP/SideyCPP/Intermediate/Shaders/WorkingDirectory/14136/).
[2018.10.21-22.56.04:023][  0]LogShaderCompilers: Cleaned the shader compiler working directory 'C:/Users/w017177h/AppData/Local/Temp/UnrealShaderWorkingDir/80A4AAD648308707108841AC259D2E98/'.
[2018.10.21-22.56.04:433][  0]LogTemp: Display: Loaded TP AllDesktopTargetPlatform
[2018.10.21-22.56.04:451][  0]LogTemp: Display: Loaded TP MacClientTargetPlatform
[2018.10.21-22.56.04:471][  0]LogTemp: Display: Loaded TP MacNoEditorTargetPlatform
[2018.10.21-22.56.04:493][  0]LogTemp: Display: Loaded TP MacServerTargetPlatform
[2018.10.21-22.56.04:514][  0]LogTemp: Display: Loaded TP MacTargetPlatform
[2018.10.21-22.56.04:534][  0]LogTemp: Display: Loaded TP WindowsClientTargetPlatform
[2018.10.21-22.56.04:553][  0]LogTemp: Display: Loaded TP WindowsNoEditorTargetPlatform
[2018.10.21-22.56.04:572][  0]LogTemp: Display: Loaded TP WindowsServerTargetPlatform
[2018.10.21-22.56.04:583][  0]LogTemp: Display: Loaded TP WindowsTargetPlatform
[2018.10.21-22.56.04:683][  0]LogTemp: Display: Loaded TP AndroidTargetPlatform
[2018.10.21-22.56.04:683][  0]LogTemp: Display: Loaded TP AndroidTargetPlatform
[2018.10.21-22.56.04:683][  0]LogTemp: Display: Loaded TP AndroidTargetPlatform
[2018.10.21-22.56.04:683][  0]LogTemp: Display: Loaded TP AndroidTargetPlatform
[2018.10.21-22.56.04:684][  0]LogTemp: Display: Loaded TP AndroidTargetPlatform
[2018.10.21-22.56.04:684][  0]LogTemp: Display: Loaded TP AndroidTargetPlatform
[2018.10.21-22.56.04:684][  0]LogTemp: Display: Loaded TP AndroidTargetPlatform
[2018.10.21-22.56.04:684][  0]LogTemp: Display: Loaded TP AndroidTargetPlatform
[2018.10.21-22.56.04:684][  0]LogTemp: Display: Loaded TP AndroidTargetPlatform
[2018.10.21-22.56.04:684][  0]LogTemp: Display: Loaded TP AndroidTargetPlatform
[2018.10.21-22.56.04:684][  0]LogTemp: Display: Loaded TP AndroidTargetPlatform
[2018.10.21-22.56.04:684][  0]LogTemp: Display: Loaded TP AndroidTargetPlatform
[2018.10.21-22.56.04:684][  0]LogTemp: Display: Loaded TP AndroidTargetPlatform
[2018.10.21-22.56.04:684][  0]LogTemp: Display: Loaded TP AndroidTargetPlatform
[2018.10.21-22.56.04:684][  0]LogTemp: Display: Loaded TP AndroidTargetPlatform
[2018.10.21-22.56.04:684][  0]LogTemp: Display: Loaded TP AndroidTargetPlatform
[2018.10.21-22.56.04:684][  0]LogTemp: Display: Loaded TP AndroidTargetPlatform
[2018.10.21-22.56.04:684][  0]LogTemp: Display: Loaded TP AndroidTargetPlatform
[2018.10.21-22.56.04:690][  0]LogTemp: Display: Loaded TP HTML5TargetPlatform
[2018.10.21-22.56.04:768][  0]LogTemp: Display: Loaded TP IOSTargetPlatform
[2018.10.21-22.56.04:768][  0]LogTemp: Display: Loaded TP IOSTargetPlatform
[2018.10.21-22.56.04:799][  0]LogTemp: Display: Loaded TP TVOSTargetPlatform
[2018.10.21-22.56.04:800][  0]LogTemp: Display: Loaded TP TVOSTargetPlatform
[2018.10.21-22.56.04:827][  0]LogTemp: Display: Loaded TP LinuxClientTargetPlatform
[2018.10.21-22.56.04:850][  0]LogTemp: Display: Loaded TP LinuxNoEditorTargetPlatform
[2018.10.21-22.56.04:875][  0]LogTemp: Display: Loaded TP LinuxServerTargetPlatform
[2018.10.21-22.56.04:893][  0]LogTemp: Display: Loaded TP LinuxTargetPlatform
[2018.10.21-22.56.04:906][  0]LogTemp: Display: Loaded TP LuminTargetPlatform
[2018.10.21-22.56.04:906][  0]LogTargetPlatformManager: Display: Building Assets For Windows
[2018.10.21-22.56.05:085][  0]LogXGEController: Cleaning working directory: C:/Users/w017177h/AppData/Local/Temp/UnrealXGEWorkingDir/
[2018.10.21-22.56.05:086][  0]LogXGEController: Cannot use XGE Controller as Incredibuild is not installed on this machine.
[2018.10.21-22.56.05:086][  0]LogShaderCompilers: Cannot use XGE Shader Compiler as Incredibuild is not installed on this machine.
[2018.10.21-22.56.05:086][  0]LogShaderCompilers: Display: Using Local Shader Compiler.
[2018.10.21-22.56.06:186][  0]LogDerivedDataCache: Display: Max Cache Size: 512 MB
[2018.10.21-22.56.06:298][  0]LogDerivedDataCache: Loaded boot cache 0.11s 71MB C:/Users/w017177h/AppData/Local/UnrealEngine/4.20/DerivedDataCache/Boot.ddc.
[2018.10.21-22.56.06:299][  0]LogDerivedDataCache: Display: Loaded Boot cache: C:/Users/w017177h/AppData/Local/UnrealEngine/4.20/DerivedDataCache/Boot.ddc
[2018.10.21-22.56.06:299][  0]LogDerivedDataCache: FDerivedDataBackendGraph:  Pak pak cache file ../../../../../../Users/w017177h/Documents/GitHub/SpideyCPP/SideyCPP/DerivedDataCache/DDC.ddp not found, will not use a pak cache.
[2018.10.21-22.56.06:300][  0]LogDerivedDataCache: Unable to find inner node Pak for hierarchical cache Hierarchy.
[2018.10.21-22.56.06:300][  0]LogDerivedDataCache: FDerivedDataBackendGraph:  CompressedPak pak cache file ../../../../../../Users/w017177h/Documents/GitHub/SpideyCPP/SideyCPP/DerivedDataCache/Compressed.ddp not found, will not use a pak cache.
[2018.10.21-22.56.06:300][  0]LogDerivedDataCache: Unable to find inner node CompressedPak for hierarchical cache Hierarchy.
[2018.10.21-22.56.06:316][  0]LogDerivedDataCache: Display: Pak cache opened for reading ../../../Engine/DerivedDataCache/Compressed.ddp.
[2018.10.21-22.56.06:331][  0]LogDerivedDataCache: Using Local data cache path C:/Users/w017177h/AppData/Local/UnrealEngine/Common/DerivedDataCache: Writable
[2018.10.21-22.56.06:331][  0]LogDerivedDataCache: Shared data cache path not found in *engine.ini, will not use an Shared cache.
[2018.10.21-22.56.06:331][  0]LogDerivedDataCache: Unable to find inner node Shared for hierarchical cache Hierarchy.
[2018.10.21-22.56.06:366][  0]LogMaterial: Verifying Global Shaders for PCD3D_SM5
[2018.10.21-22.56.06:369][  0]LogSlate: Using FreeType 2.6.0
[2018.10.21-22.56.06:370][  0]LogSlate: SlateFontServices - WITH_FREETYPE: 1, WITH_HARFBUZZ: 1
[2018.10.21-22.56.06:486][  0]LogAssetRegistry: FAssetRegistry took 0.0363 seconds to start up
[2018.10.21-22.56.06:946][  0]LogInit: Selected Device Profile: [Windows]
[2018.10.21-22.56.07:156][  0]LogSimplygon: Simplygon DLL not present - disabling.
[2018.10.21-22.56.07:168][  0]LogMeshReduction: Using SimplygonSwarm for distributed automatic mesh merging
[2018.10.21-22.56.07:169][  0]LogMeshReduction: Using ProxyLODMeshReduction for automatic mesh merging
[2018.10.21-22.56.07:169][  0]LogMeshReduction: Using QuadricMeshReduction for automatic static mesh reduction
[2018.10.21-22.56.07:169][  0]LogMeshReduction: No automatic skeletal mesh reduction module available
[2018.10.21-22.56.07:195][  0]LogNetVersion: SideyCPP 1.0.0, NetCL: 4212847, EngineNetVer: 5, GameNetVer: 0 (Checksum: 583984258)
[2018.10.21-22.56.07:907][  0]LogPackageLocalizationCache: Processed 11 localized package path(s) for 2 prioritized culture(s) in 0.155054 seconds
[2018.10.21-22.56.07:915][  0]LogUObjectArray: 38425 objects as part of root set at end of initial load.
[2018.10.21-22.56.07:915][  0]LogUObjectAllocator: 6690864 out of 0 bytes used by permanent object pool.
[2018.10.21-22.56.07:915][  0]LogUObjectArray: CloseDisregardForGC: 0/0 objects in disregard for GC pool
[2018.10.21-22.56.09:186][  0]LogTcpMessaging: Initializing TcpMessaging bridge
[2018.10.21-22.56.09:204][  0]LogUdpMessaging: Initializing bridge on interface 0.0.0.0:0 to multicast group 230.0.0.1:6666.
[2018.10.21-22.56.09:491][  0]SourceControl: Source control is disabled
[2018.10.21-22.56.09:492][  0]SourceControl: Source control is disabled
[2018.10.21-22.56.09:496][  0]SourceControl: Source control is disabled
[2018.10.21-22.56.09:499][  0]SourceControl: Source control is disabled
[2018.10.21-22.56.09:816][  0]LogAndroidPermission: UAndroidPermissionCallbackProxy::GetInstance
[2018.10.21-22.56.09:935][  0]LogOcInput: OculusInput pre-init called
[2018.10.21-22.56.10:038][  0]LogEngine: Initializing Engine...
[2018.10.21-22.56.10:039][  0]LogHMD: Failed to initialize OpenVR with code 110
[2018.10.21-22.56.10:041][  0]LogStats: UGameplayTagsManager::ConstructGameplayTagTree: ImportINI prefixes -  0.000 s
[2018.10.21-22.56.10:041][  0]LogStats: UGameplayTagsManager::ConstructGameplayTagTree: Construct from data asset -  0.000 s
[2018.10.21-22.56.10:041][  0]LogStats: UGameplayTagsManager::ConstructGameplayTagTree: ImportINI -  0.000 s
[2018.10.21-22.56.10:041][  0]LogStats: UGameplayTagsManager::ConstructGameplayTagTree: GameplayTagTreeChangedEvent.Broadcast -  0.000 s
[2018.10.21-22.56.10:299][  0]LogInit: Initializing FReadOnlyCVARCache
[2018.10.21-22.56.10:325][  0]LogAIModule: Creating AISystem for world Untitled
[2018.10.21-22.56.10:347][  0]LogInit: XAudio2 using 'Speakers (Realtek High Definition Audio)' : 2 channels at 48 kHz using 32 bits per sample (channel mask 0x3)
[2018.10.21-22.56.10:393][  0]LogInit: FAudioDevice initialized.
[2018.10.21-22.56.10:393][  0]LogNetVersion: Set ProjectVersion to 1.0.0.0. Version Checksum will be recalculated on next use.
[2018.10.21-22.56.10:495][  0]LogDerivedDataCache: Saved boot cache 0.10s 71MB C:/Users/w017177h/AppData/Local/UnrealEngine/4.20/DerivedDataCache/Boot.ddc.
[2018.10.21-22.56.10:535][  0]LogInit: Texture streaming: Enabled
[2018.10.21-22.56.10:609][  0]LogEngineSessionManager: EngineSessionManager initialized
[2018.10.21-22.56.10:610][  0]LogEngineSessionManager: EngineSessionManager sent abnormal shutdown report. Type=Debugger, SessionId={DD485E9D-443D-2C9B-D076-5D8E1251C19F}
[2018.10.21-22.56.10:630][  0]LogInit: Transaction tracking system initialized
[2018.10.21-22.56.10:697][  0]BlueprintLog: New page: Editor Load
[2018.10.21-22.56.10:893][  0]LocalizationService: Localization service is disabled
[2018.10.21-22.56.11:304][  0]LogCook: Display: Max memory allowance for cook 16384mb min free memory 0mb
[2018.10.21-22.56.11:304][  0]LogCook: Display: Mobile HDR setting 1
[2018.10.21-22.56.11:304][  0]LogGameplayTags: Display: UGameplayTagsManager::DoneAddingNativeTags. DelegateIsBound: 0
[2018.10.21-22.56.11:304][  0]LogStats: UGameplayTagsManager::ConstructGameplayTagTree: ImportINI prefixes -  0.000 s
[2018.10.21-22.56.11:304][  0]LogStats: UGameplayTagsManager::ConstructGameplayTagTree: Construct from data asset -  0.000 s
[2018.10.21-22.56.11:305][  0]LogStats: UGameplayTagsManager::ConstructGameplayTagTree: ImportINI -  0.000 s
[2018.10.21-22.56.11:305][  0]LogStats: UGameplayTagsManager::ConstructGameplayTagTree: GameplayTagTreeChangedEvent.Broadcast -  0.000 s
[2018.10.21-22.56.11:567][  0]LogFileCache: Scanning file cache for directory 'C:/Users/w017177h/Documents/GitHub/SpideyCPP/SideyCPP/Content/' took 0.02s
[2018.10.21-22.56.11:567][  0]SourceControl: Source control is disabled
[2018.10.21-22.56.11:567][  0]Cmd: MAP LOAD FILE="../../../../../../Users/w017177h/Documents/GitHub/SpideyCPP/SideyCPP/Content/StarterContent/Maps/Minimal_Default.umap" TEMPLATE=0 SHOWPROGRESS=1 FEATURELEVEL=3
[2018.10.21-22.56.11:568][  0]LightingResults: New page: Lighting Build
[2018.10.21-22.56.11:573][  0]MapCheck: New page: Map Check
[2018.10.21-22.56.11:573][  0]LightingResults: New page: Lighting Build
[2018.10.21-22.56.11:897][  0]LogAIModule: Creating AISystem for world Minimal_Default
[2018.10.21-22.56.11:919][  0]LogEditorServer: Finished looking for orphan Actors (0.000 secs)
[2018.10.21-22.56.11:952][  0]Cmd: MAP CHECKDEP NOCLEARLOG
[2018.10.21-22.56.12:161][  0]MapCheck: Map check complete: 0 Error(s), 0 Warning(s), took 208.166ms to complete.
[2018.10.21-22.56.12:161][  0]LogFileHelpers: Loading map 'Minimal_Default' took 0.594
[2018.10.21-22.56.12:357][  0]LogSlate: Updating window title bar state: overlay mode, drag disabled, window buttons hidden, title bar hidden
[2018.10.21-22.56.12:367][  0]LogSlate: Updating window title bar state: overlay mode, drag disabled, window buttons hidden, title bar hidden
[2018.10.21-22.56.12:374][  0]LogSlate: Updating window title bar state: overlay mode, drag disabled, window buttons hidden, title bar hidden
[2018.10.21-22.56.12:381][  0]LogSlate: Updating window title bar state: overlay mode, drag disabled, window buttons hidden, title bar hidden
[2018.10.21-22.56.12:393][  0]LogCollectionManager: Loaded 0 collections in 0.003465 seconds
[2018.10.21-22.56.12:468][  0]LogFileCache: Scanning file cache for directory 'C:/Users/w017177h/Documents/GitHub/SpideyCPP/SideyCPP/Saved/Collections/' took 0.01s
[2018.10.21-22.56.12:468][  0]LogFileCache: Scanning file cache for directory 'C:/Users/w017177h/Documents/GitHub/SpideyCPP/SideyCPP/Content/Developers/w017177h/Collections/' took 0.01s
[2018.10.21-22.56.12:468][  0]LogFileCache: Scanning file cache for directory 'C:/Users/w017177h/Documents/GitHub/SpideyCPP/SideyCPP/Content/Collections/' took 0.01s
[2018.10.21-22.56.12:468][  0]LogCollectionManager: Rebuilt the GUID cache for 0 collections in 0.000001 seconds
[2018.10.21-22.56.12:498][  0]LogContentBrowser: Native class hierarchy populated in 0.0284 seconds. Added 2576 classes and 605 folders.
[2018.10.21-22.56.12:521][  0]LogContentBrowser: Native class hierarchy updated for 'WidgetCarousel' in 0.0008 seconds. Added 0 classes and 0 folders.
[2018.10.21-22.56.12:630][  0]LogContentBrowser: Native class hierarchy updated for 'AddContentDialog' in 0.0005 seconds. Added 0 classes and 0 folders.
[2018.10.21-22.56.12:643][  0]LogContentBrowser: Native class hierarchy updated for 'SceneOutliner' in 0.0007 seconds. Added 1 classes and 2 folders.
[2018.10.21-22.56.12:663][  0]LogSlate: Took 0.000336 seconds to synchronously load lazily loaded font '../../../Engine/Content/Slate/Fonts/Roboto-Regular.ttf' (155K)
[2018.10.21-22.56.12:667][  0]LogSlate: Took 0.000319 seconds to synchronously load lazily loaded font '../../../Engine/Content/Slate/Fonts/Roboto-Bold.ttf' (160K)
[2018.10.21-22.56.12:675][  0]LogSlate: Took 0.000377 seconds to synchronously load lazily loaded font '../../../Engine/Content/Editor/Slate/Fonts/FontAwesome.ttf' (139K)
[2018.10.21-22.56.12:770][  0]LogRenderer: Reallocating scene render targets to support 1208x576 Format 10 NumSamples 1 (Frame:1).
[2018.10.21-22.56.12:965][  0]LogContentBrowser: Native class hierarchy updated for 'HierarchicalLODOutliner' in 0.0005 seconds. Added 0 classes and 0 folders.
[2018.10.21-22.56.12:965][  0]LogLoad: (Engine Initialization) Total time: 13.98 seconds
[2018.10.21-22.56.12:965][  0]LogLoad: (Engine Initialization) Total Blueprint compile time: 0.00 seconds
[2018.10.21-22.56.12:975][  0]LogWindowsTextInputMethodSystem: Display: IME system now deactivated.
[2018.10.21-22.56.12:997][  0]LogContentStreaming: Texture pool size now 1000 MB
[2018.10.21-22.56.13:021][  0]LogSlate: Took 0.000225 seconds to synchronously load lazily loaded font '../../../Engine/Content/Slate/Fonts/Roboto-Light.ttf' (167K)
[2018.10.21-22.56.13:358][  2]LogAssetRegistry: Asset discovery search completed in 6.8970 seconds
[2018.10.21-22.56.13:361][  2]LogCollectionManager: Rebuilt the object cache for 0 collections in 0.000000 seconds (found 0 objects)
[2018.10.21-22.56.13:361][  2]LogCollectionManager: Fixed up redirectors for 0 collections in 0.000211 seconds (updated 0 objects)
[2018.10.21-22.56.16:169][314]LogSlate: FSceneViewport::OnFocusLost() reason 0
[2018.10.21-22.56.23:421][122]LogSlate: Took 0.000330 seconds to synchronously load lazily loaded font '../../../Engine/Content/Slate/Fonts/Roboto-Light.ttf' (167K)
[2018.10.21-22.56.24:807][122]LogSlate: Window 'Pick Parent Class' being destroyed
[2018.10.21-22.56.35:202][335]LogAssetEditorManager: Opening Asset editor for Blueprint /Game/Blueprints/SwingingCollision.SwingingCollision
[2018.10.21-22.56.35:704][335]LogContentBrowser: Native class hierarchy updated for 'BlueprintGraph' in 0.0008 seconds. Added 116 classes and 0 folders.
[2018.10.21-22.56.43:491][ 74]LogSlate: Took 0.000274 seconds to synchronously load lazily loaded font '../../../Engine/Content/Slate/Fonts/Roboto-Italic.ttf' (157K)
[2018.10.21-22.56.43:994][127]Cmd: OBJ SAVEPACKAGE PACKAGE="/Game/Blueprints/SwingingCollision" FILE="../../../../../../Users/w017177h/Documents/GitHub/SpideyCPP/SideyCPP/Content/Blueprints/SwingingCollision.uasset" SILENT=true
[2018.10.21-22.56.44:013][127]LogSavePackage: Moving '../../../../../../Users/w017177h/Documents/GitHub/SpideyCPP/SideyCPP/Saved/SwingingCollisionC0EB35C340F5186419CC68B5F23C825C.tmp' to '../../../../../../Users/w017177h/Documents/GitHub/SpideyCPP/SideyCPP/Content/Blueprints/SwingingCollision.uasset'
[2018.10.21-22.56.45:842][323]BlueprintLog: New page: Compile SwingingCollision
[2018.10.21-22.56.46:739][403]Cmd: OBJ SAVEPACKAGE PACKAGE="/Game/Blueprints/SwingingCollision" FILE="../../../../../../Users/w017177h/Documents/GitHub/SpideyCPP/SideyCPP/Content/Blueprints/SwingingCollision.uasset" SILENT=true
[2018.10.21-22.56.46:794][403]LogSavePackage: Moving '../../../../../../Users/w017177h/Documents/GitHub/SpideyCPP/SideyCPP/Saved/SwingingCollision2567742445AFFD3C3BE5D18DF1E40976.tmp' to '../../../../../../Users/w017177h/Documents/GitHub/SpideyCPP/SideyCPP/Content/Blueprints/SwingingCollision.uasset'
[2018.10.21-22.56.52:169][  8]LogSlate: Took 0.000271 seconds to synchronously load lazily loaded font '../../../Engine/Content/Slate/Fonts/Roboto-BoldCondensed.ttf' (158K)
[2018.10.21-22.57.06:989][581]Cmd: OBJ SAVEPACKAGE PACKAGE="/Game/Blueprints/SwingingCollision" FILE="../../../../../../Users/w017177h/Documents/GitHub/SpideyCPP/SideyCPP/Content/Blueprints/SwingingCollision.uasset" SILENT=true
[2018.10.21-22.57.07:040][581]LogSavePackage: Moving '../../../../../../Users/w017177h/Documents/GitHub/SpideyCPP/SideyCPP/Saved/SwingingCollisionB15F0C1545CE29695C0E17B6F66910C2.tmp' to '../../../../../../Users/w017177h/Documents/GitHub/SpideyCPP/SideyCPP/Content/Blueprints/SwingingCollision.uasset'
[2018.10.21-22.57.23:700][499]Cmd: OBJ SAVEPACKAGE PACKAGE="/Game/Blueprints/SwingingCollision" FILE="../../../../../../Users/w017177h/Documents/GitHub/SpideyCPP/SideyCPP/Content/Blueprints/SwingingCollision.uasset" SILENT=true
[2018.10.21-22.57.23:747][499]LogSavePackage: Moving '../../../../../../Users/w017177h/Documents/GitHub/SpideyCPP/SideyCPP/Saved/SwingingCollision9428AE604244AE0AED3E76B230F7FC54.tmp' to '../../../../../../Users/w017177h/Documents/GitHub/SpideyCPP/SideyCPP/Content/Blueprints/SwingingCollision.uasset'
[2018.10.21-22.57.33:414][564]Cmd: OBJ SAVEPACKAGE PACKAGE="/Game/Blueprints/SwingingCollision" FILE="../../../../../../Users/w017177h/Documents/GitHub/SpideyCPP/SideyCPP/Content/Blueprints/SwingingCollision.uasset" SILENT=true
[2018.10.21-22.57.33:462][564]LogSavePackage: Moving '../../../../../../Users/w017177h/Documents/GitHub/SpideyCPP/SideyCPP/Saved/SwingingCollision57D94CBB40FB7C935877F587911CFAED.tmp' to '../../../../../../Users/w017177h/Documents/GitHub/SpideyCPP/SideyCPP/Content/Blueprints/SwingingCollision.uasset'
[2018.10.21-22.57.35:407][788]Cmd: OBJ SAVEPACKAGE PACKAGE="/Game/Blueprints/SwingingCollision" FILE="../../../../../../Users/w017177h/Documents/GitHub/SpideyCPP/SideyCPP/Content/Blueprints/SwingingCollision.uasset" SILENT=true
[2018.10.21-22.57.35:457][788]LogSavePackage: Moving '../../../../../../Users/w017177h/Documents/GitHub/SpideyCPP/SideyCPP/Saved/SwingingCollision8621140D4BB94594988B3094B6C622A1.tmp' to '../../../../../../Users/w017177h/Documents/GitHub/SpideyCPP/SideyCPP/Content/Blueprints/SwingingCollision.uasset'
[2018.10.21-22.57.38:530][139]Cmd: OBJ SAVEPACKAGE PACKAGE="/Game/Blueprints/SwingingCollision" FILE="../../../../../../Users/w017177h/Documents/GitHub/SpideyCPP/SideyCPP/Content/Blueprints/SwingingCollision.uasset" SILENT=true
[2018.10.21-22.57.38:578][139]LogSavePackage: Moving '../../../../../../Users/w017177h/Documents/GitHub/SpideyCPP/SideyCPP/Saved/SwingingCollision86586B814C7CDA1FC6BA1592C6F63B2A.tmp' to '../../../../../../Users/w017177h/Documents/GitHub/SpideyCPP/SideyCPP/Content/Blueprints/SwingingCollision.uasset'
[2018.10.21-22.57.51:625][471]BlueprintLog: New page: Compile SwingingCollision
[2018.10.21-22.57.52:536][554]LogSlate: Window 'SwingingCollision' being destroyed
[2018.10.21-22.57.56:263][936]LogSlate: Window 'SwingingCollision' being destroyed
[2018.10.21-22.57.58:487][996]LogSlate: Window 'SwingingCollision' being destroyed
[2018.10.21-22.58.05:280][786]LogSlate: FSceneViewport::OnFocusLost() reason 0
[2018.10.21-22.58.12:348][551]Cmd: TRANSACTION UNDO
[2018.10.21-22.58.12:348][551]LogEditorTransaction: Undo Scale Actors
[2018.10.21-22.59.16:846][827]LogEditorViewport: Clicking on Actor (LMB): StaticMeshActor (Cube)
[2018.10.21-22.59.19:400][116]Cmd: TRANSACTION UNDO
[2018.10.21-22.59.19:400][116]LogEditorTransaction: Undo Scale Actors
[2018.10.21-22.59.20:339][224]LogEditorViewport: Clicking on Actor (LMB): StaticMeshActor (Cube)
[2018.10.21-22.59.20:766][269]LogEditorViewport: Clicking on Actor (LMB): BP_Sky_Sphere_C (BP_Sky_Sphere2)
[2018.10.21-22.59.21:157][311]LogEditorViewport: Clicking on Actor (LMB): BP_Sky_Sphere_C (BP_Sky_Sphere2)
[2018.10.21-22.59.21:539][352]LogEditorViewport: Clicking on Actor (LMB): BP_Sky_Sphere_C (BP_Sky_Sphere2)
[2018.10.21-22.59.24:596][685]LogEditorViewport: Clicking on Actor (LMB): SwingingCollision_C (SwingingCollision)
[2018.10.21-22.59.47:225][258]LogSlate: FSceneViewport::OnFocusLost() reason 2
[2018.10.21-22.59.47:479][258]LogSavePackage: Moving '../../../../../../Users/w017177h/Documents/GitHub/SpideyCPP/SideyCPP/Saved/Minimal_Default5C999CF14DB1A1645F55C980346190E5.tmp' to '../../../../../../Users/w017177h/Documents/GitHub/SpideyCPP/SideyCPP/Content/StarterContent/Maps/Minimal_Default.umap'
[2018.10.21-22.59.47:600][258]LogSavePackage: Moving '../../../../../../Users/w017177h/Documents/GitHub/SpideyCPP/SideyCPP/Saved/Minimal_Default_BuiltData4D5350D4402C7ED01CBC87982321A8F3.tmp' to '../../../../../../Users/w017177h/Documents/GitHub/SpideyCPP/SideyCPP/Content/StarterContent/Maps/Minimal_Default_BuiltData.uasset'
[2018.10.21-22.59.56:911][338]LogEditorViewport: Clicking on Actor (LMB): StaticMeshActor (Cube2)
[2018.10.21-22.59.57:161][360]LogSlate: FSceneViewport::OnFocusLost() reason 2
[2018.10.21-22.59.57:450][360]LogSavePackage: Moving '../../../../../../Users/w017177h/Documents/GitHub/SpideyCPP/SideyCPP/Saved/Minimal_Default0EC5213A4FCE0E66BC2D0DA04672C7A4.tmp' to '../../../../../../Users/w017177h/Documents/GitHub/SpideyCPP/SideyCPP/Content/StarterContent/Maps/Minimal_Default.umap'
[2018.10.21-22.59.57:561][360]LogSavePackage: Moving '../../../../../../Users/w017177h/Documents/GitHub/SpideyCPP/SideyCPP/Saved/Minimal_Default_BuiltData29F40A0549D980DAE094CCAF15A027A4.tmp' to '../../../../../../Users/w017177h/Documents/GitHub/SpideyCPP/SideyCPP/Content/StarterContent/Maps/Minimal_Default_BuiltData.uasset'
[2018.10.21-22.59.59:554][569]LogEditorViewport: Clicking on Actor (LMB): BP_Sky_Sphere_C (BP_Sky_Sphere2)
[2018.10.21-23.00.01:667][797]LogSlate: FSceneViewport::OnFocusLost() reason 2
[2018.10.21-23.00.01:919][797]LogSavePackage: Moving '../../../../../../Users/w017177h/Documents/GitHub/SpideyCPP/SideyCPP/Saved/Minimal_Default381690B74A3A1E7E66734EBF9FA52DF2.tmp' to '../../../../../../Users/w017177h/Documents/GitHub/SpideyCPP/SideyCPP/Content/StarterContent/Maps/Minimal_Default.umap'
[2018.10.21-23.00.02:029][797]LogSavePackage: Moving '../../../../../../Users/w017177h/Documents/GitHub/SpideyCPP/SideyCPP/Saved/Minimal_Default_BuiltDataC241969C47F2202A14A5BFB8FD7BEC66.tmp' to '../../../../../../Users/w017177h/Documents/GitHub/SpideyCPP/SideyCPP/Content/StarterContent/Maps/Minimal_Default_BuiltData.uasset'
[2018.10.21-23.00.02:793][862]LogEditorViewport: Clicking on Actor (LMB): SwingingCollision_C (SwingingCollision)
[2018.10.21-23.00.03:738][968]LogEditorViewport: Clicking on Actor (LMB): StaticMeshActor (Floor)
[2018.10.21-23.00.05:599][165]LogSlate: FSceneViewport::OnFocusLost() reason 2
[2018.10.21-23.00.05:856][165]LogSavePackage: Moving '../../../../../../Users/w017177h/Documents/GitHub/SpideyCPP/SideyCPP/Saved/Minimal_DefaultD18585AE419D9C4CB79820A40F6FEACE.tmp' to '../../../../../../Users/w017177h/Documents/GitHub/SpideyCPP/SideyCPP/Content/StarterContent/Maps/Minimal_Default.umap'
[2018.10.21-23.00.05:963][165]LogSavePackage: Moving '../../../../../../Users/w017177h/Documents/GitHub/SpideyCPP/SideyCPP/Saved/Minimal_Default_BuiltData2DD2DCE24EA275C68B83F8ACA1691E0E.tmp' to '../../../../../../Users/w017177h/Documents/GitHub/SpideyCPP/SideyCPP/Content/StarterContent/Maps/Minimal_Default_BuiltData.uasset'
[2018.10.21-23.01.40:630][290]LogEditorViewport: Clicking on Actor (LMB): StaticMeshActor (Cube)
[2018.10.21-23.01.41:035][329]LogEditorViewport: Clicking on Actor (LMB): StaticMeshActor (Cube)
[2018.10.21-23.01.41:559][390]LogEditorViewport: Clicking on Actor (LMB): BP_Sky_Sphere_C (BP_Sky_Sphere2)
[2018.10.21-23.01.41:767][409]LogSlate: FSceneViewport::OnFocusLost() reason 2
[2018.10.21-23.01.42:012][409]LogSavePackage: Moving '../../../../../../Users/w017177h/Documents/GitHub/SpideyCPP/SideyCPP/Saved/Minimal_Default5E00C4AE4364446BD8AF0D8B34A4317D.tmp' to '../../../../../../Users/w017177h/Documents/GitHub/SpideyCPP/SideyCPP/Content/StarterContent/Maps/Minimal_Default.umap'
[2018.10.21-23.01.42:125][409]LogSavePackage: Moving '../../../../../../Users/w017177h/Documents/GitHub/SpideyCPP/SideyCPP/Saved/Minimal_Default_BuiltDataEBEDD5874EBED6D5897D2CA43BE18A4E.tmp' to '../../../../../../Users/w017177h/Documents/GitHub/SpideyCPP/SideyCPP/Content/StarterContent/Maps/Minimal_Default_BuiltData.uasset'
[2018.10.21-23.01.45:039][726]LogSlate: FSceneViewport::OnFocusLost() reason 2
[2018.10.21-23.01.45:268][726]LogSavePackage: Moving '../../../../../../Users/w017177h/Documents/GitHub/SpideyCPP/SideyCPP/Saved/Minimal_Default8DD94B2840CDC85F23D0DB825D421426.tmp' to '../../../../../../Users/w017177h/Documents/GitHub/SpideyCPP/SideyCPP/Content/StarterContent/Maps/Minimal_Default.umap'
[2018.10.21-23.01.45:370][726]LogSavePackage: Moving '../../../../../../Users/w017177h/Documents/GitHub/SpideyCPP/SideyCPP/Saved/Minimal_Default_BuiltData762BA1284B7E338C5E81E586F8C89BC6.tmp' to '../../../../../../Users/w017177h/Documents/GitHub/SpideyCPP/SideyCPP/Content/StarterContent/Maps/Minimal_Default_BuiltData.uasset'
[2018.10.21-23.01.47:520][939]LogSlate: FSceneViewport::OnFocusLost() reason 0
[2018.10.21-23.01.47:597][948]LogTemp: Repeating last play command: Selected Viewport
[2018.10.21-23.01.47:618][948]LogBlueprintUserMessages: Early PlayInEditor Detection: Level '/Game/StarterContent/Maps/Minimal_Default.Minimal_Default:PersistentLevel' has LevelScriptBlueprint '/Game/StarterContent/Maps/Minimal_Default.Minimal_Default:PersistentLevel.Minimal_Default' with GeneratedClass '/Game/StarterContent/Maps/Minimal_Default.Minimal_Default_C' with ClassGeneratedBy '/Game/StarterContent/Maps/Minimal_Default.Minimal_Default:PersistentLevel.Minimal_Default'
[2018.10.21-23.01.47:618][948]LogPlayLevel: PlayLevel: No blueprints needed recompiling
[2018.10.21-23.01.47:633][948]PIE: New page: PIE session: Minimal_Default (22 Oct 2018 01:01:47)
[2018.10.21-23.01.47:633][948]LogPlayLevel: Creating play world package: /Game/StarterContent/Maps/UEDPIE_0_Minimal_Default
[2018.10.21-23.01.47:637][948]LogPlayLevel: PIE: StaticDuplicateObject took: (0.004275s)
[2018.10.21-23.01.47:638][948]LogAIModule: Creating AISystem for world Minimal_Default
[2018.10.21-23.01.47:638][948]LogPlayLevel: PIE: World Init took: (0.000867s)
[2018.10.21-23.01.47:638][948]LogPlayLevel: PIE: Created PIE world by copying editor world from /Game/StarterContent/Maps/Minimal_Default.Minimal_Default to /Game/StarterContent/Maps/UEDPIE_0_Minimal_Default.Minimal_Default (0.005544s)
[2018.10.21-23.01.47:671][948]LogInit: XAudio2 using 'Speakers (Realtek High Definition Audio)' : 2 channels at 48 kHz using 32 bits per sample (channel mask 0x3)
[2018.10.21-23.01.47:689][948]LogInit: FAudioDevice initialized.
[2018.10.21-23.01.47:920][948]LogLoad: Game class is 'MySideyCPPGameModeBase_C'
[2018.10.21-23.01.47:922][948]LogWorld: Bringing World /Game/StarterContent/Maps/UEDPIE_0_Minimal_Default.Minimal_Default up for play (max tick rate 0) at 2018.10.22-00.01.47
[2018.10.21-23.01.47:923][948]LogWorld: Bringing up level for play took: 0.001983
[2018.10.21-23.01.47:949][948]LogContentBrowser: Native class hierarchy updated for 'MovieSceneCapture' in 0.0005 seconds. Added 10 classes and 0 folders.
[2018.10.21-23.01.47:953][948]PIE: Play in editor start time for /Game/StarterContent/Maps/UEDPIE_0_Minimal_Default 0.578
[2018.10.21-23.01.47:953][948]LogBlueprintUserMessages: Late PlayInEditor Detection: Level '/Game/StarterContent/Maps/Minimal_Default.Minimal_Default:PersistentLevel' has LevelScriptBlueprint '/Game/StarterContent/Maps/Minimal_Default.Minimal_Default:PersistentLevel.Minimal_Default' with GeneratedClass '/Game/StarterContent/Maps/Minimal_Default.Minimal_Default_C' with ClassGeneratedBy '/Game/StarterContent/Maps/Minimal_Default.Minimal_Default:PersistentLevel.Minimal_Default'
[2018.10.21-23.02.06:363][ 84]LogBlueprintUserMessages: Early EndPlayMap Detection: Level '/Game/StarterContent/Maps/Minimal_Default.Minimal_Default:PersistentLevel' has LevelScriptBlueprint '/Game/StarterContent/Maps/Minimal_Default.Minimal_Default:PersistentLevel.Minimal_Default' with GeneratedClass '/Game/StarterContent/Maps/Minimal_Default.Minimal_Default_C' with ClassGeneratedBy '/Game/StarterContent/Maps/Minimal_Default.Minimal_Default:PersistentLevel.Minimal_Default'
[2018.10.21-23.02.06:363][ 84]LogSlate: Updating window title bar state: overlay mode, drag disabled, window buttons hidden, title bar hidden
[2018.10.21-23.02.06:407][ 84]LogPlayLevel: Display: Shutting down PIE online subsystems
[2018.10.21-23.02.06:407][ 84]LogBlueprintUserMessages: Late EndPlayMap Detection: Level '/Game/StarterContent/Maps/Minimal_Default.Minimal_Default:PersistentLevel' has LevelScriptBlueprint '/Game/StarterContent/Maps/Minimal_Default.Minimal_Default:PersistentLevel.Minimal_Default' with GeneratedClass '/Game/StarterContent/Maps/Minimal_Default.Minimal_Default_C' with ClassGeneratedBy '/Game/StarterContent/Maps/Minimal_Default.Minimal_Default:PersistentLevel.Minimal_Default'
[2018.10.21-23.02.06:464][ 84]LogSlate: Updating window title bar state: overlay mode, drag disabled, window buttons hidden, title bar hidden
[2018.10.21-23.02.06:486][ 85]LogPlayLevel: Display: Destroying online subsystem :Context_5
[2018.10.21-23.02.06:968][138]LogSlate: FSceneViewport::OnFocusLost() reason 2
[2018.10.21-23.02.07:247][138]LogSavePackage: Moving '../../../../../../Users/w017177h/Documents/GitHub/SpideyCPP/SideyCPP/Saved/Minimal_Default21144A454C04641EB58654AAC80288C7.tmp' to '../../../../../../Users/w017177h/Documents/GitHub/SpideyCPP/SideyCPP/Content/StarterContent/Maps/Minimal_Default.umap'
[2018.10.21-23.02.07:404][138]LogSavePackage: Moving '../../../../../../Users/w017177h/Documents/GitHub/SpideyCPP/SideyCPP/Saved/Minimal_Default_BuiltDataDDB45B2C4E56E9DF5EEB86A02D191CE4.tmp' to '../../../../../../Users/w017177h/Documents/GitHub/SpideyCPP/SideyCPP/Content/StarterContent/Maps/Minimal_Default_BuiltData.uasset'
