Log file open, 10/21/18 23:40:42
LogWindows: Failed to load 'aqProf.dll' (GetLastError=126)
LogWindows: File 'aqProf.dll' does not exist
LogWindows: Failed to load 'VSPerf140.dll' (GetLastError=126)
LogWindows: File 'VSPerf140.dll' does not exist
LogWindows: Failed to load 'VtuneApi.dll' (GetLastError=126)
LogWindows: File 'VtuneApi.dll' does not exist
LogWindows: Failed to load 'VtuneApi32e.dll' (GetLastError=126)
LogWindows: File 'VtuneApi32e.dll' does not exist
LogInit: Display: Running engine for game: SideyCPP
LogPlatformFile: Not using cached read wrapper
LogTaskGraph: Started task graph with 5 named threads and 23 total threads with 3 sets of task threads.
LogStats: Stats thread started at 0.464486
LogD3D11RHI: Loaded GFSDK_Aftermath_Lib.x64.dll
LogICUInternationalization: Display: ICU TimeZone Detection - Raw Offset: +0:00, Platform Override: ''
LogPluginManager: Mounting plugin Paper2D
LogPluginManager: Mounting plugin AISupport
LogPluginManager: Mounting plugin LightPropagationVolume
LogPluginManager: Mounting plugin CLionSourceCodeAccess
LogPluginManager: Mounting plugin CodeLiteSourceCodeAccess
LogPluginManager: Mounting plugin GitSourceControl
LogPluginManager: Mounting plugin KDevelopSourceCodeAccess
LogPluginManager: Mounting plugin NullSourceCodeAccess
LogPluginManager: Mounting plugin PerforceSourceControl
LogPluginManager: Mounting plugin SubversionSourceControl
LogPluginManager: Mounting plugin UObjectPlugin
LogPluginManager: Mounting plugin VisualStudioCodeSourceCodeAccess
LogPluginManager: Mounting plugin VisualStudioSourceCodeAccess
LogPluginManager: Mounting plugin XCodeSourceCodeAccess
LogPluginManager: Mounting plugin AssetManagerEditor
LogPluginManager: Mounting plugin CryptoKeys
LogPluginManager: Mounting plugin DataValidation
LogPluginManager: Mounting plugin FacialAnimation
LogPluginManager: Mounting plugin GameplayTagsEditor
LogPluginManager: Mounting plugin MacGraphicsSwitching
LogPluginManager: Mounting plugin MeshEditor
LogPluginManager: Mounting plugin MobileLauncherProfileWizard
LogPluginManager: Mounting plugin PluginBrowser
LogPluginManager: Mounting plugin SpeedTreeImporter
LogPluginManager: Mounting plugin DatasmithContent
LogPluginManager: Mounting plugin AlembicImporter
LogPluginManager: Mounting plugin AppleImageUtils
LogPluginManager: Mounting plugin AppleVision
LogPluginManager: Mounting plugin BackChannel
LogPluginManager: Mounting plugin CharacterAI
LogPluginManager: Mounting plugin GeometryCache
LogPluginManager: Mounting plugin HTML5Networking
LogPluginManager: Mounting plugin ProxyLODPlugin
LogPluginManager: Mounting plugin MagicLeap
LogPluginManager: Mounting plugin MagicLeapEmulator
LogPluginManager: Mounting plugin MagicLeapMedia
LogPluginManager: Mounting plugin AndroidMedia
LogPluginManager: Mounting plugin AvfMedia
LogPluginManager: Mounting plugin ImgMedia
LogPluginManager: Mounting plugin LinearTimecode
LogPluginManager: Mounting plugin MediaCompositing
LogPluginManager: Mounting plugin MediaPlayerEditor
LogPluginManager: Mounting plugin WmfMedia
LogPluginManager: Mounting plugin TcpMessaging
LogPluginManager: Mounting plugin UdpMessaging
LogPluginManager: Mounting plugin ActorSequence
LogPluginManager: Mounting plugin LevelSequenceEditor
LogPluginManager: Mounting plugin MatineeToLevelSequence
LogPluginManager: Mounting plugin NetcodeUnitTest
LogPluginManager: Mounting plugin NUTUnrealEngine4
LogPluginManager: Mounting plugin OnlineSubsystemGooglePlay
LogPluginManager: Mounting plugin OnlineSubsystemIOS
LogPluginManager: Mounting plugin OnlineSubsystem
LogPluginManager: Mounting plugin OnlineSubsystemNull
LogPluginManager: Mounting plugin OnlineSubsystemUtils
LogPluginManager: Mounting plugin LauncherChunkInstaller
LogPluginManager: Mounting plugin AndroidDeviceProfileSelector
LogPluginManager: Mounting plugin AndroidMoviePlayer
LogPluginManager: Mounting plugin AndroidPermission
LogPluginManager: Mounting plugin AppleMoviePlayer
LogPluginManager: Mounting plugin ArchVisCharacter
LogPluginManager: Mounting plugin AudioCapture
LogPluginManager: Mounting plugin CableComponent
LogPluginManager: Mounting plugin CustomMeshComponent
LogPluginManager: Mounting plugin EditableMesh
LogPluginManager: Mounting plugin ExampleDeviceProfileSelector
LogPluginManager: Mounting plugin GoogleCloudMessaging
LogPluginManager: Mounting plugin ImmediatePhysics
LogPluginManager: Mounting plugin IOSDeviceProfileSelector
LogPluginManager: Mounting plugin LinuxDeviceProfileSelector
LogPluginManager: Mounting plugin LocationServicesBPLibrary
LogPluginManager: Mounting plugin MobilePatchingUtils
LogPluginManager: Mounting plugin OculusVR
LogPluginManager: Plugin shader directory ../../../Engine/Plugins/Runtime/Oculus/OculusVR/Shaders found
LogPluginManager: Mapping shader source directory ../../../Engine/Plugins/Runtime/Oculus/OculusVR/Shaders to virtual directory /Plugin/OculusVR
LogPluginManager: Mounting plugin PhysXVehicles
LogPluginManager: Mounting plugin ProceduralMeshComponent
LogPluginManager: Mounting plugin RuntimePhysXCooking
LogPluginManager: Mounting plugin SteamVR
LogPluginManager: Mounting plugin WindowsMoviePlayer
LogStreaming: Display: Took  0.267s to configure plugins.
LogInit: Using libcurl 7.55.1-DEV
LogInit:  - built for x86_64-pc-win32
LogInit:  - supports SSL with OpenSSL/1.0.2h
LogInit:  - supports HTTP deflate (compression) using libz 1.2.8
LogInit:  - other features:
LogInit:      CURL_VERSION_SSL
LogInit:      CURL_VERSION_LIBZ
LogInit:      CURL_VERSION_IPV6
LogInit:      CURL_VERSION_ASYNCHDNS
LogInit:      CURL_VERSION_LARGEFILE
LogInit:      CURL_VERSION_IDN
LogInit:  CurlRequestOptions (configurable via config and command line):
LogInit:  - bVerifyPeer = false  - Libcurl will NOT verify peer certificate
LogInit:  - bUseHttpProxy = false  - Libcurl will NOT use HTTP proxy
LogInit:  - bDontReuseConnections = false  - Libcurl will reuse connections
LogInit:  - CertBundlePath = nullptr  - Libcurl will use whatever was configured at build time.
LogInit:  - MaxHostConnections = 16  - Libcurl will limit the number of connections to a host
LogInit:  - LocalHostAddr = Default
LogInit:  - BufferSize = 65536
LogInit: WinSock: version 1.1 (2.2), MaxSocks=32767, MaxUdp=65467
LogInit: Build: ++UE4+Release-4.20-CL-4369336
LogInit: Engine Version: 4.20.3-4369336+++UE4+Release-4.20
LogInit: Compatible Engine Version: 4.20.0-4212847+++UE4+Release-4.20
LogInit: Net CL: 4212847
LogInit: OS: Windows 10 (), CPU: Intel(R) Xeon(R) CPU E5-1620 v3 @ 3.50GHz, GPU: NVIDIA GeForce GTX 970
LogInit: Compiled (64-bit): Sep 17 2018 12:26:19
LogInit: Compiled with Visual C++: 19.13.26129.00
LogInit: Build Configuration: Development
LogInit: Branch Name: ++UE4+Release-4.20
LogInit: Command Line:  -skipcompile
LogInit: Base Directory: C:/Epic/UE4/UE_4.20/Engine/Binaries/Win64/
LogInit: Installed Engine Build: 1
LogDevObjectVersion: Number of dev versions registered: 20
LogDevObjectVersion:   Dev-Blueprints (B0D832E4-1F89-4F0D-ACCF-7EB736FD4AA2): 10
LogDevObjectVersion:   Dev-Build (E1C64328-A22C-4D53-A36C-8E866417BD8C): 0
LogDevObjectVersion:   Dev-Core (375EC13C-06E4-48FB-B500-84F0262A717E): 2
LogDevObjectVersion:   Dev-Editor (E4B068ED-F494-42E9-A231-DA0B2E46BB41): 24
LogDevObjectVersion:   Dev-Framework (CFFC743F-43B0-4480-9391-14DF171D2073): 34
LogDevObjectVersion:   Dev-Mobile (B02B49B5-BB20-44E9-A304-32B752E40360): 2
LogDevObjectVersion:   Dev-Networking (A4E4105C-59A1-49B5-A7C5-40C4547EDFEE): 0
LogDevObjectVersion:   Dev-Online (39C831C9-5AE6-47DC-9A44-9C173E1C8E7C): 0
LogDevObjectVersion:   Dev-Physics (78F01B33-EBEA-4F98-B9B4-84EACCB95AA2): 0
LogDevObjectVersion:   Dev-Platform (6631380F-2D4D-43E0-8009-CF276956A95A): 0
LogDevObjectVersion:   Dev-Rendering (12F88B9F-8875-4AFC-A67C-D90C383ABD29): 26
LogDevObjectVersion:   Dev-Sequencer (7B5AE74C-D270-4C10-A958-57980B212A5A): 9
LogDevObjectVersion:   Dev-VR (D7296918-1DD6-4BDD-9DE2-64A83CC13884): 2
LogDevObjectVersion:   Dev-LoadTimes (C2A15278-BFE7-4AFE-6C17-90FF531DF755): 1
LogDevObjectVersion:   Private-Geometry (6EACA3D4-40EC-4CC1-B786-8BED09428FC5): 3
LogDevObjectVersion:   Dev-AnimPhys (29E575DD-E0A3-4627-9D10-D276232CDCEA): 17
LogDevObjectVersion:   Dev-ReflectionCapture (6B266CEC-1EC7-4B8F-A30B-E4D90942FC07): 1
LogDevObjectVersion:   Dev-Automation (0DF73D61-A23F-47EA-B727-89E90C41499A): 1
LogDevObjectVersion:   FortniteMain (601D1886-AC64-4F84-AA16-D3DE0DEAC7D6): 12
LogDevObjectVersion:   Dev-Enterprise (9DFFBCD6-494F-0158-E221-12823C92A888): 1
LogStreaming: Display: Took  0.007s to delete old logs.
LogInit: Presizing for max 8388607 objects, including 0 objects not considered by GC, pre-allocating 0 bytes for permanent pool.
LogInit: Object subsystem initialized
[2018.10.21-22.40.43:291][  0]LogInit: Selected Device Profile: [Windows]
[2018.10.21-22.40.43:291][  0]LogInit: Applying CVar settings loaded from the selected device profile: [Windows]
[2018.10.21-22.40.43:326][  0]LogHAL: Display: Platform has ~ 16 GB [17092038656 / 17179869184 / 16], which maps to Larger [LargestMinGB=32, LargerMinGB=12, DefaultMinGB=8, SmallerMinGB=6, SmallestMinGB=0)
[2018.10.21-22.40.43:326][  0]LogInit: Setting Device Profile CVar: [[r.Vulkan.UseRealUBs:1]]
[2018.10.21-22.40.43:326][  0]LogInit: Going up to parent DeviceProfile []
[2018.10.21-22.40.43:327][  0]LogInit: Computer: C115-4
[2018.10.21-22.40.43:327][  0]LogInit: User: w017177h
[2018.10.21-22.40.43:327][  0]LogInit: CPU Page size=4096, Cores=4
[2018.10.21-22.40.43:327][  0]LogInit: High frequency timer resolution =3.410072 MHz
[2018.10.21-22.40.43:329][  0]LogMemory: Memory total: Physical=15.9GB (16GB approx)
[2018.10.21-22.40.43:329][  0]LogMemory: Platform Memory Stats for Windows
[2018.10.21-22.40.43:329][  0]LogMemory: Process Physical Memory: 100.98 MB used, 100.98 MB peak
[2018.10.21-22.40.43:329][  0]LogMemory: Process Virtual Memory: 90.98 MB used, 90.98 MB peak
[2018.10.21-22.40.43:330][  0]LogMemory: Physical Memory: 5974.85 MB used,  10325.39 MB free, 16300.24 MB total
[2018.10.21-22.40.43:330][  0]LogMemory: Virtual Memory: 4640.09 MB used,  10325.39 MB free, 134217728.00 MB total
[2018.10.21-22.40.43:539][  0]LogInit: Using OS detected language (en-US).
[2018.10.21-22.40.43:539][  0]LogInit: Using OS detected locale (en-GB).
[2018.10.21-22.40.43:543][  0]LogTextLocalizationManager: No specific localization for 'en-US' exists, so the 'en' localization will be used.
[2018.10.21-22.40.44:022][  0]LogStreaming: Display: Took  0.484s to InitEngineTextLocalization.
[2018.10.21-22.40.44:022][  0]LogInit: Setting process to per monitor DPI aware
[2018.10.21-22.40.44:060][  0]LogSlate: New Slate User Created.  User Index 0, Is Virtual User: 0
[2018.10.21-22.40.44:060][  0]LogSlate: Slate User Registered.  User Index 0, Is Virtual User: 0
[2018.10.21-22.40.44:418][  0]LogHMD: Failed to initialize OpenVR with code 110
[2018.10.21-22.40.44:418][  0]LogD3D11RHI: D3D11 adapters:
[2018.10.21-22.40.44:506][  0]LogD3D11RHI:    0. 'NVIDIA GeForce GTX 970' (Feature Level 11_0)
[2018.10.21-22.40.44:506][  0]LogD3D11RHI:       4043/0/8150 MB DedicatedVideo/DedicatedSystem/SharedSystem, Outputs:2, VendorId:0x10de
[2018.10.21-22.40.44:512][  0]LogD3D11RHI:    1. 'Microsoft Basic Render Driver' (Feature Level 11_0)
[2018.10.21-22.40.44:512][  0]LogD3D11RHI:       0/0/8150 MB DedicatedVideo/DedicatedSystem/SharedSystem, Outputs:0, VendorId:0x1414
[2018.10.21-22.40.44:512][  0]LogD3D11RHI: Chosen D3D11 Adapter: 0
[2018.10.21-22.40.44:522][  0]LogD3D11RHI: Creating new Direct3DDevice
[2018.10.21-22.40.44:522][  0]LogD3D11RHI:     GPU DeviceId: 0x13c2 (for the marketing name, search the web for "GPU Device Id")
[2018.10.21-22.40.44:522][  0]LogWindows: EnumDisplayDevices:
[2018.10.21-22.40.44:522][  0]LogWindows:    0. 'NVIDIA GeForce GTX 970' (P:0 D:1)
[2018.10.21-22.40.44:523][  0]LogWindows:    1. 'NVIDIA GeForce GTX 970' (P:1 D:1)
[2018.10.21-22.40.44:523][  0]LogWindows:    2. 'NVIDIA GeForce GTX 970' (P:0 D:0)
[2018.10.21-22.40.44:523][  0]LogWindows:    3. 'NVIDIA GeForce GTX 970' (P:0 D:0)
[2018.10.21-22.40.44:524][  0]LogWindows: DebugString: FoundDriverCount:4 
[2018.10.21-22.40.44:524][  0]LogD3D11RHI:     Adapter Name: NVIDIA GeForce GTX 970
[2018.10.21-22.40.44:524][  0]LogD3D11RHI:   Driver Version: 398.82 (internal:24.21.13.9882, unified:398.82)
[2018.10.21-22.40.44:524][  0]LogD3D11RHI:      Driver Date: 7-30-2018
[2018.10.21-22.40.44:524][  0]LogRHI: Texture pool is 2830 MB (70% of 4043 MB)
[2018.10.21-22.40.44:590][  0]LogD3D11RHI: Async texture creation enabled
[2018.10.21-22.40.44:608][  0]LogD3D11RHI: GPU Timing Frequency: 1000.000000 (Debug: 2 2)
[2018.10.21-22.40.44:653][  0]LogShaderCompilers: Guid format shader working directory is -20 characters bigger than the processId version (../../../../../../Users/w017177h/Documents/GitHub/SpideyCPP/SideyCPP/Intermediate/Shaders/WorkingDirectory/10916/).
[2018.10.21-22.40.44:654][  0]LogShaderCompilers: Cleaned the shader compiler working directory 'C:/Users/w017177h/AppData/Local/Temp/UnrealShaderWorkingDir/8E1791FE471B4065F64967A78596946C/'.
[2018.10.21-22.40.44:998][  0]LogTemp: Display: Loaded TP AllDesktopTargetPlatform
[2018.10.21-22.40.45:016][  0]LogTemp: Display: Loaded TP MacClientTargetPlatform
[2018.10.21-22.40.45:034][  0]LogTemp: Display: Loaded TP MacNoEditorTargetPlatform
[2018.10.21-22.40.45:053][  0]LogTemp: Display: Loaded TP MacServerTargetPlatform
[2018.10.21-22.40.45:071][  0]LogTemp: Display: Loaded TP MacTargetPlatform
[2018.10.21-22.40.45:090][  0]LogTemp: Display: Loaded TP WindowsClientTargetPlatform
[2018.10.21-22.40.45:110][  0]LogTemp: Display: Loaded TP WindowsNoEditorTargetPlatform
[2018.10.21-22.40.45:133][  0]LogTemp: Display: Loaded TP WindowsServerTargetPlatform
[2018.10.21-22.40.45:144][  0]LogTemp: Display: Loaded TP WindowsTargetPlatform
[2018.10.21-22.40.45:239][  0]LogTemp: Display: Loaded TP AndroidTargetPlatform
[2018.10.21-22.40.45:239][  0]LogTemp: Display: Loaded TP AndroidTargetPlatform
[2018.10.21-22.40.45:239][  0]LogTemp: Display: Loaded TP AndroidTargetPlatform
[2018.10.21-22.40.45:239][  0]LogTemp: Display: Loaded TP AndroidTargetPlatform
[2018.10.21-22.40.45:240][  0]LogTemp: Display: Loaded TP AndroidTargetPlatform
[2018.10.21-22.40.45:240][  0]LogTemp: Display: Loaded TP AndroidTargetPlatform
[2018.10.21-22.40.45:240][  0]LogTemp: Display: Loaded TP AndroidTargetPlatform
[2018.10.21-22.40.45:240][  0]LogTemp: Display: Loaded TP AndroidTargetPlatform
[2018.10.21-22.40.45:240][  0]LogTemp: Display: Loaded TP AndroidTargetPlatform
[2018.10.21-22.40.45:240][  0]LogTemp: Display: Loaded TP AndroidTargetPlatform
[2018.10.21-22.40.45:240][  0]LogTemp: Display: Loaded TP AndroidTargetPlatform
[2018.10.21-22.40.45:240][  0]LogTemp: Display: Loaded TP AndroidTargetPlatform
[2018.10.21-22.40.45:240][  0]LogTemp: Display: Loaded TP AndroidTargetPlatform
[2018.10.21-22.40.45:240][  0]LogTemp: Display: Loaded TP AndroidTargetPlatform
[2018.10.21-22.40.45:241][  0]LogTemp: Display: Loaded TP AndroidTargetPlatform
[2018.10.21-22.40.45:241][  0]LogTemp: Display: Loaded TP AndroidTargetPlatform
[2018.10.21-22.40.45:241][  0]LogTemp: Display: Loaded TP AndroidTargetPlatform
[2018.10.21-22.40.45:241][  0]LogTemp: Display: Loaded TP AndroidTargetPlatform
[2018.10.21-22.40.45:249][  0]LogTemp: Display: Loaded TP HTML5TargetPlatform
[2018.10.21-22.40.45:360][  0]LogTemp: Display: Loaded TP IOSTargetPlatform
[2018.10.21-22.40.45:360][  0]LogTemp: Display: Loaded TP IOSTargetPlatform
[2018.10.21-22.40.45:406][  0]LogTemp: Display: Loaded TP TVOSTargetPlatform
[2018.10.21-22.40.45:406][  0]LogTemp: Display: Loaded TP TVOSTargetPlatform
[2018.10.21-22.40.45:424][  0]LogTemp: Display: Loaded TP LinuxClientTargetPlatform
[2018.10.21-22.40.45:441][  0]LogTemp: Display: Loaded TP LinuxNoEditorTargetPlatform
[2018.10.21-22.40.45:462][  0]LogTemp: Display: Loaded TP LinuxServerTargetPlatform
[2018.10.21-22.40.45:493][  0]LogTemp: Display: Loaded TP LinuxTargetPlatform
[2018.10.21-22.40.45:512][  0]LogTemp: Display: Loaded TP LuminTargetPlatform
[2018.10.21-22.40.45:512][  0]LogTargetPlatformManager: Display: Building Assets For Windows
[2018.10.21-22.40.45:706][  0]LogXGEController: Cleaning working directory: C:/Users/w017177h/AppData/Local/Temp/UnrealXGEWorkingDir/
[2018.10.21-22.40.45:707][  0]LogXGEController: Cannot use XGE Controller as Incredibuild is not installed on this machine.
[2018.10.21-22.40.45:707][  0]LogShaderCompilers: Cannot use XGE Shader Compiler as Incredibuild is not installed on this machine.
[2018.10.21-22.40.45:707][  0]LogShaderCompilers: Display: Using Local Shader Compiler.
[2018.10.21-22.40.46:893][  0]LogDerivedDataCache: Display: Max Cache Size: 512 MB
[2018.10.21-22.40.47:012][  0]LogDerivedDataCache: Loaded boot cache 0.12s 71MB C:/Users/w017177h/AppData/Local/UnrealEngine/4.20/DerivedDataCache/Boot.ddc.
[2018.10.21-22.40.47:015][  0]LogDerivedDataCache: Display: Loaded Boot cache: C:/Users/w017177h/AppData/Local/UnrealEngine/4.20/DerivedDataCache/Boot.ddc
[2018.10.21-22.40.47:015][  0]LogDerivedDataCache: FDerivedDataBackendGraph:  Pak pak cache file ../../../../../../Users/w017177h/Documents/GitHub/SpideyCPP/SideyCPP/DerivedDataCache/DDC.ddp not found, will not use a pak cache.
[2018.10.21-22.40.47:015][  0]LogDerivedDataCache: Unable to find inner node Pak for hierarchical cache Hierarchy.
[2018.10.21-22.40.47:015][  0]LogDerivedDataCache: FDerivedDataBackendGraph:  CompressedPak pak cache file ../../../../../../Users/w017177h/Documents/GitHub/SpideyCPP/SideyCPP/DerivedDataCache/Compressed.ddp not found, will not use a pak cache.
[2018.10.21-22.40.47:016][  0]LogDerivedDataCache: Unable to find inner node CompressedPak for hierarchical cache Hierarchy.
[2018.10.21-22.40.47:030][  0]LogDerivedDataCache: Display: Pak cache opened for reading ../../../Engine/DerivedDataCache/Compressed.ddp.
[2018.10.21-22.40.47:044][  0]LogDerivedDataCache: Using Local data cache path C:/Users/w017177h/AppData/Local/UnrealEngine/Common/DerivedDataCache: Writable
[2018.10.21-22.40.47:044][  0]LogDerivedDataCache: Shared data cache path not found in *engine.ini, will not use an Shared cache.
[2018.10.21-22.40.47:044][  0]LogDerivedDataCache: Unable to find inner node Shared for hierarchical cache Hierarchy.
[2018.10.21-22.40.47:069][  0]LogMaterial: Verifying Global Shaders for PCD3D_SM5
[2018.10.21-22.40.47:071][  0]LogSlate: Using FreeType 2.6.0
[2018.10.21-22.40.47:071][  0]LogSlate: SlateFontServices - WITH_FREETYPE: 1, WITH_HARFBUZZ: 1
[2018.10.21-22.40.47:160][  0]LogAssetRegistry: FAssetRegistry took 0.0294 seconds to start up
[2018.10.21-22.40.47:586][  0]LogInit: Selected Device Profile: [Windows]
[2018.10.21-22.40.47:828][  0]LogSimplygon: Simplygon DLL not present - disabling.
[2018.10.21-22.40.47:845][  0]LogMeshReduction: Using SimplygonSwarm for distributed automatic mesh merging
[2018.10.21-22.40.47:845][  0]LogMeshReduction: Using ProxyLODMeshReduction for automatic mesh merging
[2018.10.21-22.40.47:845][  0]LogMeshReduction: Using QuadricMeshReduction for automatic static mesh reduction
[2018.10.21-22.40.47:845][  0]LogMeshReduction: No automatic skeletal mesh reduction module available
[2018.10.21-22.40.47:867][  0]LogNetVersion: SideyCPP 1.0.0, NetCL: 4212847, EngineNetVer: 5, GameNetVer: 0 (Checksum: 583984258)
[2018.10.21-22.40.48:599][  0]LogPackageLocalizationCache: Processed 11 localized package path(s) for 2 prioritized culture(s) in 0.177946 seconds
[2018.10.21-22.40.48:605][  0]LogUObjectArray: 38425 objects as part of root set at end of initial load.
[2018.10.21-22.40.48:605][  0]LogUObjectAllocator: 6690864 out of 0 bytes used by permanent object pool.
[2018.10.21-22.40.48:606][  0]LogUObjectArray: CloseDisregardForGC: 0/0 objects in disregard for GC pool
[2018.10.21-22.40.49:967][  0]LogTcpMessaging: Initializing TcpMessaging bridge
[2018.10.21-22.40.49:984][  0]LogUdpMessaging: Initializing bridge on interface 0.0.0.0:0 to multicast group 230.0.0.1:6666.
[2018.10.21-22.40.50:279][  0]SourceControl: Source control is disabled
[2018.10.21-22.40.50:279][  0]SourceControl: Source control is disabled
[2018.10.21-22.40.50:285][  0]SourceControl: Source control is disabled
[2018.10.21-22.40.50:288][  0]SourceControl: Source control is disabled
[2018.10.21-22.40.50:640][  0]LogAndroidPermission: UAndroidPermissionCallbackProxy::GetInstance
[2018.10.21-22.40.50:792][  0]LogOcInput: OculusInput pre-init called
[2018.10.21-22.40.50:876][  0]LogEngine: Initializing Engine...
[2018.10.21-22.40.50:878][  0]LogHMD: Failed to initialize OpenVR with code 110
[2018.10.21-22.40.50:879][  0]LogStats: UGameplayTagsManager::ConstructGameplayTagTree: ImportINI prefixes -  0.000 s
[2018.10.21-22.40.50:879][  0]LogStats: UGameplayTagsManager::ConstructGameplayTagTree: Construct from data asset -  0.000 s
[2018.10.21-22.40.50:879][  0]LogStats: UGameplayTagsManager::ConstructGameplayTagTree: ImportINI -  0.000 s
[2018.10.21-22.40.50:879][  0]LogStats: UGameplayTagsManager::ConstructGameplayTagTree: GameplayTagTreeChangedEvent.Broadcast -  0.000 s
[2018.10.21-22.40.51:146][  0]LogInit: Initializing FReadOnlyCVARCache
[2018.10.21-22.40.51:172][  0]LogAIModule: Creating AISystem for world Untitled
[2018.10.21-22.40.51:191][  0]LogInit: XAudio2 using 'Speakers (Realtek High Definition Audio)' : 2 channels at 48 kHz using 32 bits per sample (channel mask 0x3)
[2018.10.21-22.40.51:246][  0]LogInit: FAudioDevice initialized.
[2018.10.21-22.40.51:246][  0]LogNetVersion: Set ProjectVersion to 1.0.0.0. Version Checksum will be recalculated on next use.
[2018.10.21-22.40.51:343][  0]LogDerivedDataCache: Saved boot cache 0.10s 71MB C:/Users/w017177h/AppData/Local/UnrealEngine/4.20/DerivedDataCache/Boot.ddc.
[2018.10.21-22.40.51:388][  0]LogInit: Texture streaming: Enabled
[2018.10.21-22.40.51:436][  0]LogEngineSessionManager: EngineSessionManager initialized
[2018.10.21-22.40.51:437][  0]LogEngineSessionManager: EngineSessionManager sent abnormal shutdown report. Type=Debugger, SessionId={2CD6926B-439F-E90C-8F6C-8DA930EAF28B}
[2018.10.21-22.40.51:453][  0]LogInit: Transaction tracking system initialized
[2018.10.21-22.40.51:509][  0]BlueprintLog: New page: Editor Load
[2018.10.21-22.40.51:700][  0]LocalizationService: Localization service is disabled
[2018.10.21-22.40.52:089][  0]LogCook: Display: Max memory allowance for cook 16384mb min free memory 0mb
[2018.10.21-22.40.52:089][  0]LogCook: Display: Mobile HDR setting 1
[2018.10.21-22.40.52:089][  0]LogGameplayTags: Display: UGameplayTagsManager::DoneAddingNativeTags. DelegateIsBound: 0
[2018.10.21-22.40.52:090][  0]LogStats: UGameplayTagsManager::ConstructGameplayTagTree: ImportINI prefixes -  0.000 s
[2018.10.21-22.40.52:090][  0]LogStats: UGameplayTagsManager::ConstructGameplayTagTree: Construct from data asset -  0.000 s
[2018.10.21-22.40.52:090][  0]LogStats: UGameplayTagsManager::ConstructGameplayTagTree: ImportINI -  0.000 s
[2018.10.21-22.40.52:090][  0]LogStats: UGameplayTagsManager::ConstructGameplayTagTree: GameplayTagTreeChangedEvent.Broadcast -  0.000 s
[2018.10.21-22.40.52:333][  0]LogFileCache: Scanning file cache for directory 'C:/Users/w017177h/Documents/GitHub/SpideyCPP/SideyCPP/Content/' took 0.02s
[2018.10.21-22.40.52:333][  0]SourceControl: Source control is disabled
[2018.10.21-22.40.52:334][  0]Cmd: MAP LOAD FILE="../../../../../../Users/w017177h/Documents/GitHub/SpideyCPP/SideyCPP/Content/StarterContent/Maps/Minimal_Default.umap" TEMPLATE=0 SHOWPROGRESS=1 FEATURELEVEL=3
[2018.10.21-22.40.52:335][  0]LightingResults: New page: Lighting Build
[2018.10.21-22.40.52:341][  0]MapCheck: New page: Map Check
[2018.10.21-22.40.52:342][  0]LightingResults: New page: Lighting Build
[2018.10.21-22.40.52:674][  0]LogAIModule: Creating AISystem for world Minimal_Default
[2018.10.21-22.40.52:683][  0]LogEditorServer: Finished looking for orphan Actors (0.000 secs)
[2018.10.21-22.40.52:720][  0]Cmd: MAP CHECKDEP NOCLEARLOG
[2018.10.21-22.40.52:956][  0]MapCheck: Map check complete: 0 Error(s), 0 Warning(s), took 235.77ms to complete.
[2018.10.21-22.40.52:956][  0]LogFileHelpers: Loading map 'Minimal_Default' took 0.623
[2018.10.21-22.40.53:129][  0]LogSlate: Updating window title bar state: overlay mode, drag disabled, window buttons hidden, title bar hidden
[2018.10.21-22.40.53:136][  0]LogSlate: Updating window title bar state: overlay mode, drag disabled, window buttons hidden, title bar hidden
[2018.10.21-22.40.53:143][  0]LogSlate: Updating window title bar state: overlay mode, drag disabled, window buttons hidden, title bar hidden
[2018.10.21-22.40.53:150][  0]LogSlate: Updating window title bar state: overlay mode, drag disabled, window buttons hidden, title bar hidden
[2018.10.21-22.40.53:165][  0]LogCollectionManager: Loaded 0 collections in 0.004560 seconds
[2018.10.21-22.40.53:240][  0]LogFileCache: Scanning file cache for directory 'C:/Users/w017177h/Documents/GitHub/SpideyCPP/SideyCPP/Saved/Collections/' took 0.01s
[2018.10.21-22.40.53:240][  0]LogFileCache: Scanning file cache for directory 'C:/Users/w017177h/Documents/GitHub/SpideyCPP/SideyCPP/Content/Developers/w017177h/Collections/' took 0.01s
[2018.10.21-22.40.53:240][  0]LogFileCache: Scanning file cache for directory 'C:/Users/w017177h/Documents/GitHub/SpideyCPP/SideyCPP/Content/Collections/' took 0.01s
[2018.10.21-22.40.53:240][  0]LogCollectionManager: Rebuilt the GUID cache for 0 collections in 0.000000 seconds
[2018.10.21-22.40.53:271][  0]LogContentBrowser: Native class hierarchy populated in 0.0294 seconds. Added 2576 classes and 605 folders.
[2018.10.21-22.40.53:292][  0]LogContentBrowser: Native class hierarchy updated for 'WidgetCarousel' in 0.0007 seconds. Added 0 classes and 0 folders.
[2018.10.21-22.40.53:407][  0]LogContentBrowser: Native class hierarchy updated for 'AddContentDialog' in 0.0005 seconds. Added 0 classes and 0 folders.
[2018.10.21-22.40.53:425][  0]LogContentBrowser: Native class hierarchy updated for 'SceneOutliner' in 0.0013 seconds. Added 1 classes and 2 folders.
[2018.10.21-22.40.53:466][  0]LogSlate: Took 0.000703 seconds to synchronously load lazily loaded font '../../../Engine/Content/Slate/Fonts/Roboto-Regular.ttf' (155K)
[2018.10.21-22.40.53:474][  0]LogSlate: Took 0.000719 seconds to synchronously load lazily loaded font '../../../Engine/Content/Slate/Fonts/Roboto-Bold.ttf' (160K)
[2018.10.21-22.40.53:490][  0]LogSlate: Took 0.000489 seconds to synchronously load lazily loaded font '../../../Engine/Content/Editor/Slate/Fonts/FontAwesome.ttf' (139K)
[2018.10.21-22.40.53:599][  0]LogRenderer: Reallocating scene render targets to support 1208x576 Format 10 NumSamples 1 (Frame:1).
[2018.10.21-22.40.53:784][  0]LogContentBrowser: Native class hierarchy updated for 'HierarchicalLODOutliner' in 0.0005 seconds. Added 0 classes and 0 folders.
[2018.10.21-22.40.53:784][  0]LogLoad: (Engine Initialization) Total time: 13.99 seconds
[2018.10.21-22.40.53:785][  0]LogLoad: (Engine Initialization) Total Blueprint compile time: 0.00 seconds
[2018.10.21-22.40.53:821][  0]LogContentStreaming: Texture pool size now 1000 MB
[2018.10.21-22.40.53:856][  0]LogSlate: Took 0.000274 seconds to synchronously load lazily loaded font '../../../Engine/Content/Slate/Fonts/Roboto-Light.ttf' (167K)
[2018.10.21-22.40.53:899][  1]LogAssetRegistry: Asset discovery search completed in 6.7623 seconds
[2018.10.21-22.40.53:901][  1]LogCollectionManager: Rebuilt the object cache for 0 collections in 0.000001 seconds (found 0 objects)
[2018.10.21-22.40.53:901][  1]LogCollectionManager: Fixed up redirectors for 0 collections in 0.000156 seconds (updated 0 objects)
[2018.10.21-22.41.08:014][147]LogSlate: FSceneViewport::OnFocusLost() reason 0
[2018.10.21-22.41.08:625][214]Candidate modules for hot reload:
[2018.10.21-22.41.08:626][214]  SideyCPP
[2018.10.21-22.41.08:626][214]Launching UnrealBuildTool... [C:/Epic/UE4/UE_4.20/Engine/Binaries/DotNET/UnrealBuildTool.exe  -ModuleWithSuffix=SideyCPP,9147 Win64 Development -TargetType=Editor -Project="../../../../../../Users/w017177h/Documents/GitHub/SpideyCPP/SideyCPP/SideyCPP.uproject" -canskiplink "C:/Users/w017177h/Documents/GitHub/SpideyCPP/SideyCPP/SideyCPP.uproject" ]
[2018.10.21-22.41.08:633][214]Warning: Starting HotReload took  0.1s.
[2018.10.21-22.41.10:596][441]CompilerResultsLog: New page: Compilation - 22 Oct 2018 00:41:10
[2018.10.21-22.41.10:633][441]CompilerResultsLog: Performing full C++ include scan (hot reloading a new target)
[2018.10.21-22.41.10:633][441]CompilerResultsLog: Using 'git status' to determine working set for adaptive non-unity build.
[2018.10.21-22.41.10:633][441]CompilerResultsLog: Creating makefile for hot reloading SideyCPPEditor (.uproject file is newer)
[2018.10.21-22.41.10:633][441]CompilerResultsLog: Compiling game modules for hot reload
[2018.10.21-22.41.10:633][441]CompilerResultsLog: Using Visual Studio 2017 14.14.26428 toolchain (C:\Program Files (x86)\Microsoft Visual Studio\2017\Professional\VC\Tools\MSVC\14.14.26428) and Windows 10.0.17134.0 SDK (C:\Program Files (x86)\Windows Kits\10).
[2018.10.21-22.41.10:633][441]LogMainFrame: MainFrame: Module compiling took 2.018 seconds
[2018.10.21-22.41.10:634][441]Warning: HotReload failed, recompile failed
[2018.10.21-22.41.11:667][561]LogTemp: Repeating last play command: Selected Viewport
[2018.10.21-22.41.11:685][561]LogBlueprintUserMessages: Early PlayInEditor Detection: Level '/Game/StarterContent/Maps/Minimal_Default.Minimal_Default:PersistentLevel' has LevelScriptBlueprint '/Game/StarterContent/Maps/Minimal_Default.Minimal_Default:PersistentLevel.Minimal_Default' with GeneratedClass '/Game/StarterContent/Maps/Minimal_Default.Minimal_Default_C' with ClassGeneratedBy '/Game/StarterContent/Maps/Minimal_Default.Minimal_Default:PersistentLevel.Minimal_Default'
[2018.10.21-22.41.11:685][561]LogPlayLevel: PlayLevel: No blueprints needed recompiling
[2018.10.21-22.41.11:698][561]PIE: New page: PIE session: Minimal_Default (22 Oct 2018 00:41:11)
[2018.10.21-22.41.11:699][561]LogPlayLevel: Creating play world package: /Game/StarterContent/Maps/UEDPIE_0_Minimal_Default
[2018.10.21-22.41.11:706][561]LogPlayLevel: PIE: StaticDuplicateObject took: (0.006835s)
[2018.10.21-22.41.11:707][561]LogAIModule: Creating AISystem for world Minimal_Default
[2018.10.21-22.41.11:707][561]LogPlayLevel: PIE: World Init took: (0.001026s)
[2018.10.21-22.41.11:707][561]LogPlayLevel: PIE: Created PIE world by copying editor world from /Game/StarterContent/Maps/Minimal_Default.Minimal_Default to /Game/StarterContent/Maps/UEDPIE_0_Minimal_Default.Minimal_Default (0.008387s)
[2018.10.21-22.41.11:735][561]LogInit: XAudio2 using 'Speakers (Realtek High Definition Audio)' : 2 channels at 48 kHz using 32 bits per sample (channel mask 0x3)
[2018.10.21-22.41.11:750][561]LogInit: FAudioDevice initialized.
[2018.10.21-22.41.12:028][561]LogLoad: Game class is 'MySideyCPPGameModeBase_C'
[2018.10.21-22.41.12:033][561]LogWorld: Bringing World /Game/StarterContent/Maps/UEDPIE_0_Minimal_Default.Minimal_Default up for play (max tick rate 0) at 2018.10.21-23.41.12
[2018.10.21-22.41.12:034][561]LogWorld: Bringing up level for play took: 0.002093
[2018.10.21-22.41.12:133][561]LogContentBrowser: Native class hierarchy updated for 'MovieSceneCapture' in 0.0017 seconds. Added 10 classes and 0 folders.
[2018.10.21-22.41.12:139][561]PIE: Play in editor start time for /Game/StarterContent/Maps/UEDPIE_0_Minimal_Default 0.776
[2018.10.21-22.41.12:140][561]LogBlueprintUserMessages: Late PlayInEditor Detection: Level '/Game/StarterContent/Maps/Minimal_Default.Minimal_Default:PersistentLevel' has LevelScriptBlueprint '/Game/StarterContent/Maps/Minimal_Default.Minimal_Default:PersistentLevel.Minimal_Default' with GeneratedClass '/Game/StarterContent/Maps/Minimal_Default.Minimal_Default_C' with ClassGeneratedBy '/Game/StarterContent/Maps/Minimal_Default.Minimal_Default:PersistentLevel.Minimal_Default'
[2018.10.21-22.41.19:556][430]LogBlueprintUserMessages: Early EndPlayMap Detection: Level '/Game/StarterContent/Maps/Minimal_Default.Minimal_Default:PersistentLevel' has LevelScriptBlueprint '/Game/StarterContent/Maps/Minimal_Default.Minimal_Default:PersistentLevel.Minimal_Default' with GeneratedClass '/Game/StarterContent/Maps/Minimal_Default.Minimal_Default_C' with ClassGeneratedBy '/Game/StarterContent/Maps/Minimal_Default.Minimal_Default:PersistentLevel.Minimal_Default'
[2018.10.21-22.41.19:557][430]LogSlate: Updating window title bar state: overlay mode, drag disabled, window buttons hidden, title bar hidden
[2018.10.21-22.41.19:597][430]LogPlayLevel: Display: Shutting down PIE online subsystems
[2018.10.21-22.41.19:597][430]LogBlueprintUserMessages: Late EndPlayMap Detection: Level '/Game/StarterContent/Maps/Minimal_Default.Minimal_Default:PersistentLevel' has LevelScriptBlueprint '/Game/StarterContent/Maps/Minimal_Default.Minimal_Default:PersistentLevel.Minimal_Default' with GeneratedClass '/Game/StarterContent/Maps/Minimal_Default.Minimal_Default_C' with ClassGeneratedBy '/Game/StarterContent/Maps/Minimal_Default.Minimal_Default:PersistentLevel.Minimal_Default'
[2018.10.21-22.41.19:632][430]LogSlate: Updating window title bar state: overlay mode, drag disabled, window buttons hidden, title bar hidden
[2018.10.21-22.41.19:660][432]LogPlayLevel: Display: Destroying online subsystem :Context_2
[2018.10.21-22.41.20:187][493]LogSlate: FSceneViewport::OnFocusLost() reason 0
[2018.10.21-22.41.20:270][503]LogTemp: Repeating last play command: Selected Viewport
[2018.10.21-22.41.20:289][503]LogBlueprintUserMessages: Early PlayInEditor Detection: Level '/Game/StarterContent/Maps/Minimal_Default.Minimal_Default:PersistentLevel' has LevelScriptBlueprint '/Game/StarterContent/Maps/Minimal_Default.Minimal_Default:PersistentLevel.Minimal_Default' with GeneratedClass '/Game/StarterContent/Maps/Minimal_Default.Minimal_Default_C' with ClassGeneratedBy '/Game/StarterContent/Maps/Minimal_Default.Minimal_Default:PersistentLevel.Minimal_Default'
[2018.10.21-22.41.20:289][503]LogPlayLevel: PlayLevel: No blueprints needed recompiling
[2018.10.21-22.41.20:290][503]PIE: New page: PIE session: Minimal_Default (22 Oct 2018 00:41:20)
[2018.10.21-22.41.20:290][503]LogPlayLevel: Creating play world package: /Game/StarterContent/Maps/UEDPIE_0_Minimal_Default
[2018.10.21-22.41.20:293][503]LogPlayLevel: PIE: StaticDuplicateObject took: (0.003591s)
[2018.10.21-22.41.20:294][503]LogAIModule: Creating AISystem for world Minimal_Default
[2018.10.21-22.41.20:295][503]LogPlayLevel: PIE: World Init took: (0.000967s)
[2018.10.21-22.41.20:295][503]LogPlayLevel: PIE: Created PIE world by copying editor world from /Game/StarterContent/Maps/Minimal_Default.Minimal_Default to /Game/StarterContent/Maps/UEDPIE_0_Minimal_Default.Minimal_Default (0.004899s)
[2018.10.21-22.41.20:322][503]LogInit: XAudio2 using 'Speakers (Realtek High Definition Audio)' : 2 channels at 48 kHz using 32 bits per sample (channel mask 0x3)
[2018.10.21-22.41.20:336][503]LogInit: FAudioDevice initialized.
[2018.10.21-22.41.20:375][503]LogLoad: Game class is 'MySideyCPPGameModeBase_C'
[2018.10.21-22.41.20:379][503]LogWorld: Bringing World /Game/StarterContent/Maps/UEDPIE_0_Minimal_Default.Minimal_Default up for play (max tick rate 0) at 2018.10.21-23.41.20
[2018.10.21-22.41.20:380][503]LogWorld: Bringing up level for play took: 0.002719
[2018.10.21-22.41.20:400][503]PIE: Play in editor start time for /Game/StarterContent/Maps/UEDPIE_0_Minimal_Default 1.037
[2018.10.21-22.41.20:401][503]LogBlueprintUserMessages: Late PlayInEditor Detection: Level '/Game/StarterContent/Maps/Minimal_Default.Minimal_Default:PersistentLevel' has LevelScriptBlueprint '/Game/StarterContent/Maps/Minimal_Default.Minimal_Default:PersistentLevel.Minimal_Default' with GeneratedClass '/Game/StarterContent/Maps/Minimal_Default.Minimal_Default_C' with ClassGeneratedBy '/Game/StarterContent/Maps/Minimal_Default.Minimal_Default:PersistentLevel.Minimal_Default'
[2018.10.21-22.41.23:975][917]LogBlueprintUserMessages: Early EndPlayMap Detection: Level '/Game/StarterContent/Maps/Minimal_Default.Minimal_Default:PersistentLevel' has LevelScriptBlueprint '/Game/StarterContent/Maps/Minimal_Default.Minimal_Default:PersistentLevel.Minimal_Default' with GeneratedClass '/Game/StarterContent/Maps/Minimal_Default.Minimal_Default_C' with ClassGeneratedBy '/Game/StarterContent/Maps/Minimal_Default.Minimal_Default:PersistentLevel.Minimal_Default'
[2018.10.21-22.41.23:975][917]LogSlate: Updating window title bar state: overlay mode, drag disabled, window buttons hidden, title bar hidden
[2018.10.21-22.41.24:014][917]LogPlayLevel: Display: Shutting down PIE online subsystems
[2018.10.21-22.41.24:015][917]LogBlueprintUserMessages: Late EndPlayMap Detection: Level '/Game/StarterContent/Maps/Minimal_Default.Minimal_Default:PersistentLevel' has LevelScriptBlueprint '/Game/StarterContent/Maps/Minimal_Default.Minimal_Default:PersistentLevel.Minimal_Default' with GeneratedClass '/Game/StarterContent/Maps/Minimal_Default.Minimal_Default_C' with ClassGeneratedBy '/Game/StarterContent/Maps/Minimal_Default.Minimal_Default:PersistentLevel.Minimal_Default'
[2018.10.21-22.41.24:038][917]LogSlate: Updating window title bar state: overlay mode, drag disabled, window buttons hidden, title bar hidden
[2018.10.21-22.41.24:078][920]LogPlayLevel: Display: Destroying online subsystem :Context_4
[2018.10.21-22.41.25:904][138]LogSlate: FSceneViewport::OnFocusLost() reason 0
[2018.10.21-22.41.26:021][150]LogTemp: Repeating last play command: Selected Viewport
[2018.10.21-22.41.26:041][150]LogBlueprintUserMessages: Early PlayInEditor Detection: Level '/Game/StarterContent/Maps/Minimal_Default.Minimal_Default:PersistentLevel' has LevelScriptBlueprint '/Game/StarterContent/Maps/Minimal_Default.Minimal_Default:PersistentLevel.Minimal_Default' with GeneratedClass '/Game/StarterContent/Maps/Minimal_Default.Minimal_Default_C' with ClassGeneratedBy '/Game/StarterContent/Maps/Minimal_Default.Minimal_Default:PersistentLevel.Minimal_Default'
[2018.10.21-22.41.26:041][150]LogPlayLevel: PlayLevel: No blueprints needed recompiling
[2018.10.21-22.41.26:041][150]PIE: New page: PIE session: Minimal_Default (22 Oct 2018 00:41:26)
[2018.10.21-22.41.26:041][150]LogPlayLevel: Creating play world package: /Game/StarterContent/Maps/UEDPIE_0_Minimal_Default
[2018.10.21-22.41.26:045][150]LogPlayLevel: PIE: StaticDuplicateObject took: (0.003552s)
[2018.10.21-22.41.26:045][150]LogAIModule: Creating AISystem for world Minimal_Default
[2018.10.21-22.41.26:046][150]LogPlayLevel: PIE: World Init took: (0.000843s)
[2018.10.21-22.41.26:046][150]LogPlayLevel: PIE: Created PIE world by copying editor world from /Game/StarterContent/Maps/Minimal_Default.Minimal_Default to /Game/StarterContent/Maps/UEDPIE_0_Minimal_Default.Minimal_Default (0.004775s)
[2018.10.21-22.41.26:072][150]LogInit: XAudio2 using 'Speakers (Realtek High Definition Audio)' : 2 channels at 48 kHz using 32 bits per sample (channel mask 0x3)
[2018.10.21-22.41.26:085][150]LogInit: FAudioDevice initialized.
[2018.10.21-22.41.26:122][150]LogLoad: Game class is 'MySideyCPPGameModeBase_C'
[2018.10.21-22.41.26:124][150]LogWorld: Bringing World /Game/StarterContent/Maps/UEDPIE_0_Minimal_Default.Minimal_Default up for play (max tick rate 0) at 2018.10.21-23.41.26
[2018.10.21-22.41.26:124][150]LogWorld: Bringing up level for play took: 0.001235
[2018.10.21-22.41.26:140][150]PIE: Play in editor start time for /Game/StarterContent/Maps/UEDPIE_0_Minimal_Default 0.777
[2018.10.21-22.41.26:140][150]LogBlueprintUserMessages: Late PlayInEditor Detection: Level '/Game/StarterContent/Maps/Minimal_Default.Minimal_Default:PersistentLevel' has LevelScriptBlueprint '/Game/StarterContent/Maps/Minimal_Default.Minimal_Default:PersistentLevel.Minimal_Default' with GeneratedClass '/Game/StarterContent/Maps/Minimal_Default.Minimal_Default_C' with ClassGeneratedBy '/Game/StarterContent/Maps/Minimal_Default.Minimal_Default:PersistentLevel.Minimal_Default'
[2018.10.21-22.42.32:401][916]LogBlueprintUserMessages: Early EndPlayMap Detection: Level '/Game/StarterContent/Maps/Minimal_Default.Minimal_Default:PersistentLevel' has LevelScriptBlueprint '/Game/StarterContent/Maps/Minimal_Default.Minimal_Default:PersistentLevel.Minimal_Default' with GeneratedClass '/Game/StarterContent/Maps/Minimal_Default.Minimal_Default_C' with ClassGeneratedBy '/Game/StarterContent/Maps/Minimal_Default.Minimal_Default:PersistentLevel.Minimal_Default'
[2018.10.21-22.42.32:401][916]LogSlate: Updating window title bar state: overlay mode, drag disabled, window buttons hidden, title bar hidden
[2018.10.21-22.42.32:449][916]LogPlayLevel: Display: Shutting down PIE online subsystems
[2018.10.21-22.42.32:449][916]LogBlueprintUserMessages: Late EndPlayMap Detection: Level '/Game/StarterContent/Maps/Minimal_Default.Minimal_Default:PersistentLevel' has LevelScriptBlueprint '/Game/StarterContent/Maps/Minimal_Default.Minimal_Default:PersistentLevel.Minimal_Default' with GeneratedClass '/Game/StarterContent/Maps/Minimal_Default.Minimal_Default_C' with ClassGeneratedBy '/Game/StarterContent/Maps/Minimal_Default.Minimal_Default:PersistentLevel.Minimal_Default'
[2018.10.21-22.42.32:483][916]LogSlate: Updating window title bar state: overlay mode, drag disabled, window buttons hidden, title bar hidden
[2018.10.21-22.42.32:502][917]LogPlayLevel: Display: Destroying online subsystem :Context_5
