Log file open, 10/16/18 22:43:54
LogWindows: Failed to load 'aqProf.dll' (GetLastError=126)
LogWindows: File 'aqProf.dll' does not exist
LogWindows: Failed to load 'VSPerf140.dll' (GetLastError=126)
LogWindows: File 'VSPerf140.dll' does not exist
LogWindows: Failed to load 'VtuneApi.dll' (GetLastError=126)
LogWindows: File 'VtuneApi.dll' does not exist
LogWindows: Failed to load 'VtuneApi32e.dll' (GetLastError=126)
LogWindows: File 'VtuneApi32e.dll' does not exist
LogInit: Display: Running engine for game: SideyCPP
LogPlatformFile: Not using cached read wrapper
LogTaskGraph: Started task graph with 5 named threads and 23 total threads with 3 sets of task threads.
LogStats: Stats thread started at 0.422600
LogD3D11RHI: Loaded GFSDK_Aftermath_Lib.x64.dll
LogICUInternationalization: Display: ICU TimeZone Detection - Raw Offset: +0:00, Platform Override: ''
LogPluginManager: Mounting plugin Paper2D
LogPluginManager: Mounting plugin AISupport
LogPluginManager: Mounting plugin LightPropagationVolume
LogPluginManager: Mounting plugin CLionSourceCodeAccess
LogPluginManager: Mounting plugin CodeLiteSourceCodeAccess
LogPluginManager: Mounting plugin GitSourceControl
LogPluginManager: Mounting plugin KDevelopSourceCodeAccess
LogPluginManager: Mounting plugin NullSourceCodeAccess
LogPluginManager: Mounting plugin PerforceSourceControl
LogPluginManager: Mounting plugin SubversionSourceControl
LogPluginManager: Mounting plugin UObjectPlugin
LogPluginManager: Mounting plugin VisualStudioCodeSourceCodeAccess
LogPluginManager: Mounting plugin VisualStudioSourceCodeAccess
LogPluginManager: Mounting plugin XCodeSourceCodeAccess
LogPluginManager: Mounting plugin AssetManagerEditor
LogPluginManager: Mounting plugin CryptoKeys
LogPluginManager: Mounting plugin DataValidation
LogPluginManager: Mounting plugin FacialAnimation
LogPluginManager: Mounting plugin GameplayTagsEditor
LogPluginManager: Mounting plugin MacGraphicsSwitching
LogPluginManager: Mounting plugin MeshEditor
LogPluginManager: Mounting plugin MobileLauncherProfileWizard
LogPluginManager: Mounting plugin PluginBrowser
LogPluginManager: Mounting plugin SpeedTreeImporter
LogPluginManager: Mounting plugin DatasmithContent
LogPluginManager: Mounting plugin AlembicImporter
LogPluginManager: Mounting plugin AppleImageUtils
LogPluginManager: Mounting plugin AppleVision
LogPluginManager: Mounting plugin BackChannel
LogPluginManager: Mounting plugin CharacterAI
LogPluginManager: Mounting plugin GeometryCache
LogPluginManager: Mounting plugin HTML5Networking
LogPluginManager: Mounting plugin ProxyLODPlugin
LogPluginManager: Mounting plugin MagicLeap
LogPluginManager: Mounting plugin MagicLeapEmulator
LogPluginManager: Mounting plugin MagicLeapMedia
LogPluginManager: Mounting plugin AndroidMedia
LogPluginManager: Mounting plugin AvfMedia
LogPluginManager: Mounting plugin ImgMedia
LogPluginManager: Mounting plugin LinearTimecode
LogPluginManager: Mounting plugin MediaCompositing
LogPluginManager: Mounting plugin MediaPlayerEditor
LogPluginManager: Mounting plugin WmfMedia
LogPluginManager: Mounting plugin TcpMessaging
LogPluginManager: Mounting plugin UdpMessaging
LogPluginManager: Mounting plugin ActorSequence
LogPluginManager: Mounting plugin LevelSequenceEditor
LogPluginManager: Mounting plugin MatineeToLevelSequence
LogPluginManager: Mounting plugin NetcodeUnitTest
LogPluginManager: Mounting plugin NUTUnrealEngine4
LogPluginManager: Mounting plugin OnlineSubsystemGooglePlay
LogPluginManager: Mounting plugin OnlineSubsystemIOS
LogPluginManager: Mounting plugin OnlineSubsystem
LogPluginManager: Mounting plugin OnlineSubsystemNull
LogPluginManager: Mounting plugin OnlineSubsystemUtils
LogPluginManager: Mounting plugin LauncherChunkInstaller
LogPluginManager: Mounting plugin AndroidDeviceProfileSelector
LogPluginManager: Mounting plugin AndroidMoviePlayer
LogPluginManager: Mounting plugin AndroidPermission
LogPluginManager: Mounting plugin AppleMoviePlayer
LogPluginManager: Mounting plugin ArchVisCharacter
LogPluginManager: Mounting plugin AudioCapture
LogPluginManager: Mounting plugin CableComponent
LogPluginManager: Mounting plugin CustomMeshComponent
LogPluginManager: Mounting plugin EditableMesh
LogPluginManager: Mounting plugin ExampleDeviceProfileSelector
LogPluginManager: Mounting plugin GoogleCloudMessaging
LogPluginManager: Mounting plugin ImmediatePhysics
LogPluginManager: Mounting plugin IOSDeviceProfileSelector
LogPluginManager: Mounting plugin LinuxDeviceProfileSelector
LogPluginManager: Mounting plugin LocationServicesBPLibrary
LogPluginManager: Mounting plugin MobilePatchingUtils
LogPluginManager: Mounting plugin OculusVR
LogPluginManager: Plugin shader directory ../../../Engine/Plugins/Runtime/Oculus/OculusVR/Shaders found
LogPluginManager: Mapping shader source directory ../../../Engine/Plugins/Runtime/Oculus/OculusVR/Shaders to virtual directory /Plugin/OculusVR
LogPluginManager: Mounting plugin PhysXVehicles
LogPluginManager: Mounting plugin ProceduralMeshComponent
LogPluginManager: Mounting plugin RuntimePhysXCooking
LogPluginManager: Mounting plugin SteamVR
LogPluginManager: Mounting plugin WindowsMoviePlayer
LogStreaming: Display: Took  0.284s to configure plugins.
LogInit: Using libcurl 7.55.1-DEV
LogInit:  - built for x86_64-pc-win32
LogInit:  - supports SSL with OpenSSL/1.0.2h
LogInit:  - supports HTTP deflate (compression) using libz 1.2.8
LogInit:  - other features:
LogInit:      CURL_VERSION_SSL
LogInit:      CURL_VERSION_LIBZ
LogInit:      CURL_VERSION_IPV6
LogInit:      CURL_VERSION_ASYNCHDNS
LogInit:      CURL_VERSION_LARGEFILE
LogInit:      CURL_VERSION_IDN
LogInit:  CurlRequestOptions (configurable via config and command line):
LogInit:  - bVerifyPeer = false  - Libcurl will NOT verify peer certificate
LogInit:  - bUseHttpProxy = false  - Libcurl will NOT use HTTP proxy
LogInit:  - bDontReuseConnections = false  - Libcurl will reuse connections
LogInit:  - CertBundlePath = nullptr  - Libcurl will use whatever was configured at build time.
LogInit:  - MaxHostConnections = 16  - Libcurl will limit the number of connections to a host
LogInit:  - LocalHostAddr = Default
LogInit:  - BufferSize = 65536
LogInit: WinSock: version 1.1 (2.2), MaxSocks=32767, MaxUdp=65467
LogInit: Build: ++UE4+Release-4.20-CL-4369336
LogInit: Engine Version: 4.20.3-4369336+++UE4+Release-4.20
LogInit: Compatible Engine Version: 4.20.0-4212847+++UE4+Release-4.20
LogInit: Net CL: 4212847
LogInit: OS: Windows 10 (), CPU: Intel(R) Xeon(R) CPU E5-1620 v4 @ 3.50GHz, GPU: NVIDIA GeForce GTX 1070
LogInit: Compiled (64-bit): Sep 17 2018 12:26:19
LogInit: Compiled with Visual C++: 19.13.26129.00
LogInit: Build Configuration: Development
LogInit: Branch Name: ++UE4+Release-4.20
LogInit: Command Line:  -skipcompile
LogInit: Base Directory: C:/Epic/UE4/UE_4.20/Engine/Binaries/Win64/
LogInit: Installed Engine Build: 1
LogDevObjectVersion: Number of dev versions registered: 20
LogDevObjectVersion:   Dev-Blueprints (B0D832E4-1F89-4F0D-ACCF-7EB736FD4AA2): 10
LogDevObjectVersion:   Dev-Build (E1C64328-A22C-4D53-A36C-8E866417BD8C): 0
LogDevObjectVersion:   Dev-Core (375EC13C-06E4-48FB-B500-84F0262A717E): 2
LogDevObjectVersion:   Dev-Editor (E4B068ED-F494-42E9-A231-DA0B2E46BB41): 24
LogDevObjectVersion:   Dev-Framework (CFFC743F-43B0-4480-9391-14DF171D2073): 34
LogDevObjectVersion:   Dev-Mobile (B02B49B5-BB20-44E9-A304-32B752E40360): 2
LogDevObjectVersion:   Dev-Networking (A4E4105C-59A1-49B5-A7C5-40C4547EDFEE): 0
LogDevObjectVersion:   Dev-Online (39C831C9-5AE6-47DC-9A44-9C173E1C8E7C): 0
LogDevObjectVersion:   Dev-Physics (78F01B33-EBEA-4F98-B9B4-84EACCB95AA2): 0
LogDevObjectVersion:   Dev-Platform (6631380F-2D4D-43E0-8009-CF276956A95A): 0
LogDevObjectVersion:   Dev-Rendering (12F88B9F-8875-4AFC-A67C-D90C383ABD29): 26
LogDevObjectVersion:   Dev-Sequencer (7B5AE74C-D270-4C10-A958-57980B212A5A): 9
LogDevObjectVersion:   Dev-VR (D7296918-1DD6-4BDD-9DE2-64A83CC13884): 2
LogDevObjectVersion:   Dev-LoadTimes (C2A15278-BFE7-4AFE-6C17-90FF531DF755): 1
LogDevObjectVersion:   Private-Geometry (6EACA3D4-40EC-4CC1-B786-8BED09428FC5): 3
LogDevObjectVersion:   Dev-AnimPhys (29E575DD-E0A3-4627-9D10-D276232CDCEA): 17
LogDevObjectVersion:   Dev-ReflectionCapture (6B266CEC-1EC7-4B8F-A30B-E4D90942FC07): 1
LogDevObjectVersion:   Dev-Automation (0DF73D61-A23F-47EA-B727-89E90C41499A): 1
LogDevObjectVersion:   FortniteMain (601D1886-AC64-4F84-AA16-D3DE0DEAC7D6): 12
LogDevObjectVersion:   Dev-Enterprise (9DFFBCD6-494F-0158-E221-12823C92A888): 1
LogStreaming: Display: Took  0.005s to delete old logs.
LogInit: Presizing for max 8388607 objects, including 0 objects not considered by GC, pre-allocating 0 bytes for permanent pool.
LogInit: Object subsystem initialized
[2018.10.16-21.43.55:417][  0]LogInit: Selected Device Profile: [Windows]
[2018.10.16-21.43.55:417][  0]LogInit: Applying CVar settings loaded from the selected device profile: [Windows]
[2018.10.16-21.43.55:433][  0]LogHAL: Display: Platform has ~ 32 GB [34272002048 / 34359738368 / 32], which maps to Largest [LargestMinGB=32, LargerMinGB=12, DefaultMinGB=8, SmallerMinGB=6, SmallestMinGB=0)
[2018.10.16-21.43.55:433][  0]LogInit: Setting Device Profile CVar: [[r.Vulkan.UseRealUBs:1]]
[2018.10.16-21.43.55:434][  0]LogInit: Going up to parent DeviceProfile []
[2018.10.16-21.43.55:434][  0]LogInit: Computer: D105-05
[2018.10.16-21.43.55:434][  0]LogInit: User: w017177h
[2018.10.16-21.43.55:434][  0]LogInit: CPU Page size=4096, Cores=4
[2018.10.16-21.43.55:434][  0]LogInit: High frequency timer resolution =3.410075 MHz
[2018.10.16-21.43.55:435][  0]LogMemory: Memory total: Physical=31.9GB (32GB approx)
[2018.10.16-21.43.55:435][  0]LogMemory: Platform Memory Stats for Windows
[2018.10.16-21.43.55:435][  0]LogMemory: Process Physical Memory: 101.01 MB used, 101.01 MB peak
[2018.10.16-21.43.55:435][  0]LogMemory: Process Virtual Memory: 91.14 MB used, 91.14 MB peak
[2018.10.16-21.43.55:435][  0]LogMemory: Physical Memory: 7781.41 MB used,  24902.92 MB free, 32684.33 MB total
[2018.10.16-21.43.55:435][  0]LogMemory: Virtual Memory: 4640.09 MB used,  24902.92 MB free, 134217728.00 MB total
[2018.10.16-21.43.55:556][  0]LogInit: Using OS detected language (en-US).
[2018.10.16-21.43.55:556][  0]LogInit: Using OS detected locale (en-GB).
[2018.10.16-21.43.55:557][  0]LogTextLocalizationManager: No specific localization for 'en-US' exists, so the 'en' localization will be used.
[2018.10.16-21.43.55:971][  0]LogStreaming: Display: Took  0.415s to InitEngineTextLocalization.
[2018.10.16-21.43.55:971][  0]LogInit: Setting process to per monitor DPI aware
[2018.10.16-21.43.56:024][  0]LogSlate: New Slate User Created.  User Index 0, Is Virtual User: 0
[2018.10.16-21.43.56:024][  0]LogSlate: Slate User Registered.  User Index 0, Is Virtual User: 0
[2018.10.16-21.43.56:386][  0]LogHMD: Failed to initialize OpenVR with code 110
[2018.10.16-21.43.56:386][  0]LogD3D11RHI: D3D11 adapters:
[2018.10.16-21.43.56:508][  0]LogD3D11RHI:    0. 'NVIDIA GeForce GTX 1070' (Feature Level 11_0)
[2018.10.16-21.43.56:509][  0]LogD3D11RHI:       8088/0/16342 MB DedicatedVideo/DedicatedSystem/SharedSystem, Outputs:2, VendorId:0x10de
[2018.10.16-21.43.56:515][  0]LogD3D11RHI:    1. 'Microsoft Basic Render Driver' (Feature Level 11_0)
[2018.10.16-21.43.56:515][  0]LogD3D11RHI:       0/0/16342 MB DedicatedVideo/DedicatedSystem/SharedSystem, Outputs:0, VendorId:0x1414
[2018.10.16-21.43.56:516][  0]LogD3D11RHI: Chosen D3D11 Adapter: 0
[2018.10.16-21.43.56:526][  0]LogD3D11RHI: Creating new Direct3DDevice
[2018.10.16-21.43.56:526][  0]LogD3D11RHI:     GPU DeviceId: 0x1b81 (for the marketing name, search the web for "GPU Device Id")
[2018.10.16-21.43.56:526][  0]LogWindows: EnumDisplayDevices:
[2018.10.16-21.43.56:526][  0]LogWindows:    0. 'NVIDIA GeForce GTX 1070' (P:0 D:1)
[2018.10.16-21.43.56:527][  0]LogWindows:    1. 'NVIDIA GeForce GTX 1070' (P:1 D:1)
[2018.10.16-21.43.56:527][  0]LogWindows:    2. 'NVIDIA GeForce GTX 1070' (P:0 D:0)
[2018.10.16-21.43.56:528][  0]LogWindows:    3. 'NVIDIA GeForce GTX 1070' (P:0 D:0)
[2018.10.16-21.43.56:528][  0]LogWindows: DebugString: FoundDriverCount:4 
[2018.10.16-21.43.56:528][  0]LogD3D11RHI:     Adapter Name: NVIDIA GeForce GTX 1070
[2018.10.16-21.43.56:528][  0]LogD3D11RHI:   Driver Version: 398.82 (internal:24.21.13.9882, unified:398.82)
[2018.10.16-21.43.56:528][  0]LogD3D11RHI:      Driver Date: 7-30-2018
[2018.10.16-21.43.56:528][  0]LogRHI: Texture pool is 5661 MB (70% of 8088 MB)
[2018.10.16-21.43.56:581][  0]LogD3D11RHI: Async texture creation enabled
[2018.10.16-21.43.56:599][  0]LogD3D11RHI: GPU Timing Frequency: 1000.000000 (Debug: 2 2)
[2018.10.16-21.43.56:685][  0]LogShaderCompilers: Guid format shader working directory is -19 characters bigger than the processId version (../../../../../../Users/w017177h/Documents/GitHub/SpideyCPP/SideyCPP/Intermediate/Shaders/WorkingDirectory/8432/).
[2018.10.16-21.43.56:685][  0]LogShaderCompilers: Cleaned the shader compiler working directory 'C:/Users/w017177h/AppData/Local/Temp/UnrealShaderWorkingDir/2E915D3546AF7F9661A999954052060C/'.
[2018.10.16-21.43.57:069][  0]LogTemp: Display: Loaded TP AllDesktopTargetPlatform
[2018.10.16-21.43.57:088][  0]LogTemp: Display: Loaded TP MacClientTargetPlatform
[2018.10.16-21.43.57:106][  0]LogTemp: Display: Loaded TP MacNoEditorTargetPlatform
[2018.10.16-21.43.57:124][  0]LogTemp: Display: Loaded TP MacServerTargetPlatform
[2018.10.16-21.43.57:142][  0]LogTemp: Display: Loaded TP MacTargetPlatform
[2018.10.16-21.43.57:161][  0]LogTemp: Display: Loaded TP WindowsClientTargetPlatform
[2018.10.16-21.43.57:179][  0]LogTemp: Display: Loaded TP WindowsNoEditorTargetPlatform
[2018.10.16-21.43.57:197][  0]LogTemp: Display: Loaded TP WindowsServerTargetPlatform
[2018.10.16-21.43.57:208][  0]LogTemp: Display: Loaded TP WindowsTargetPlatform
[2018.10.16-21.43.57:299][  0]LogTemp: Display: Loaded TP AndroidTargetPlatform
[2018.10.16-21.43.57:300][  0]LogTemp: Display: Loaded TP AndroidTargetPlatform
[2018.10.16-21.43.57:300][  0]LogTemp: Display: Loaded TP AndroidTargetPlatform
[2018.10.16-21.43.57:300][  0]LogTemp: Display: Loaded TP AndroidTargetPlatform
[2018.10.16-21.43.57:300][  0]LogTemp: Display: Loaded TP AndroidTargetPlatform
[2018.10.16-21.43.57:300][  0]LogTemp: Display: Loaded TP AndroidTargetPlatform
[2018.10.16-21.43.57:300][  0]LogTemp: Display: Loaded TP AndroidTargetPlatform
[2018.10.16-21.43.57:300][  0]LogTemp: Display: Loaded TP AndroidTargetPlatform
[2018.10.16-21.43.57:300][  0]LogTemp: Display: Loaded TP AndroidTargetPlatform
[2018.10.16-21.43.57:300][  0]LogTemp: Display: Loaded TP AndroidTargetPlatform
[2018.10.16-21.43.57:300][  0]LogTemp: Display: Loaded TP AndroidTargetPlatform
[2018.10.16-21.43.57:301][  0]LogTemp: Display: Loaded TP AndroidTargetPlatform
[2018.10.16-21.43.57:301][  0]LogTemp: Display: Loaded TP AndroidTargetPlatform
[2018.10.16-21.43.57:301][  0]LogTemp: Display: Loaded TP AndroidTargetPlatform
[2018.10.16-21.43.57:301][  0]LogTemp: Display: Loaded TP AndroidTargetPlatform
[2018.10.16-21.43.57:301][  0]LogTemp: Display: Loaded TP AndroidTargetPlatform
[2018.10.16-21.43.57:301][  0]LogTemp: Display: Loaded TP AndroidTargetPlatform
[2018.10.16-21.43.57:301][  0]LogTemp: Display: Loaded TP AndroidTargetPlatform
[2018.10.16-21.43.57:309][  0]LogTemp: Display: Loaded TP HTML5TargetPlatform
[2018.10.16-21.43.57:430][  0]LogTemp: Display: Loaded TP IOSTargetPlatform
[2018.10.16-21.43.57:430][  0]LogTemp: Display: Loaded TP IOSTargetPlatform
[2018.10.16-21.43.57:481][  0]LogTemp: Display: Loaded TP TVOSTargetPlatform
[2018.10.16-21.43.57:481][  0]LogTemp: Display: Loaded TP TVOSTargetPlatform
[2018.10.16-21.43.57:505][  0]LogTemp: Display: Loaded TP LinuxClientTargetPlatform
[2018.10.16-21.43.57:529][  0]LogTemp: Display: Loaded TP LinuxNoEditorTargetPlatform
[2018.10.16-21.43.57:549][  0]LogTemp: Display: Loaded TP LinuxServerTargetPlatform
[2018.10.16-21.43.57:568][  0]LogTemp: Display: Loaded TP LinuxTargetPlatform
[2018.10.16-21.43.57:582][  0]LogTemp: Display: Loaded TP LuminTargetPlatform
[2018.10.16-21.43.57:582][  0]LogTargetPlatformManager: Display: Building Assets For Windows
[2018.10.16-21.43.57:770][  0]LogXGEController: Cleaning working directory: C:/Users/w017177h/AppData/Local/Temp/UnrealXGEWorkingDir/
[2018.10.16-21.43.57:771][  0]LogXGEController: Cannot use XGE Controller as Incredibuild is not installed on this machine.
[2018.10.16-21.43.57:771][  0]LogShaderCompilers: Cannot use XGE Shader Compiler as Incredibuild is not installed on this machine.
[2018.10.16-21.43.57:771][  0]LogShaderCompilers: Display: Using Local Shader Compiler.
[2018.10.16-21.43.58:918][  0]LogDerivedDataCache: Display: Max Cache Size: 512 MB
[2018.10.16-21.43.59:033][  0]LogDerivedDataCache: Loaded boot cache 0.11s 71MB C:/Users/w017177h/AppData/Local/UnrealEngine/4.20/DerivedDataCache/Boot.ddc.
[2018.10.16-21.43.59:033][  0]LogDerivedDataCache: Display: Loaded Boot cache: C:/Users/w017177h/AppData/Local/UnrealEngine/4.20/DerivedDataCache/Boot.ddc
[2018.10.16-21.43.59:033][  0]LogDerivedDataCache: FDerivedDataBackendGraph:  Pak pak cache file ../../../../../../Users/w017177h/Documents/GitHub/SpideyCPP/SideyCPP/DerivedDataCache/DDC.ddp not found, will not use a pak cache.
[2018.10.16-21.43.59:033][  0]LogDerivedDataCache: Unable to find inner node Pak for hierarchical cache Hierarchy.
[2018.10.16-21.43.59:034][  0]LogDerivedDataCache: FDerivedDataBackendGraph:  CompressedPak pak cache file ../../../../../../Users/w017177h/Documents/GitHub/SpideyCPP/SideyCPP/DerivedDataCache/Compressed.ddp not found, will not use a pak cache.
[2018.10.16-21.43.59:034][  0]LogDerivedDataCache: Unable to find inner node CompressedPak for hierarchical cache Hierarchy.
[2018.10.16-21.43.59:058][  0]LogDerivedDataCache: Display: Pak cache opened for reading ../../../Engine/DerivedDataCache/Compressed.ddp.
[2018.10.16-21.43.59:073][  0]LogDerivedDataCache: Using Local data cache path C:/Users/w017177h/AppData/Local/UnrealEngine/Common/DerivedDataCache: Writable
[2018.10.16-21.43.59:074][  0]LogDerivedDataCache: Shared data cache path not found in *engine.ini, will not use an Shared cache.
[2018.10.16-21.43.59:074][  0]LogDerivedDataCache: Unable to find inner node Shared for hierarchical cache Hierarchy.
[2018.10.16-21.43.59:116][  0]LogMaterial: Verifying Global Shaders for PCD3D_SM5
[2018.10.16-21.43.59:122][  0]LogSlate: Using FreeType 2.6.0
[2018.10.16-21.43.59:124][  0]LogSlate: SlateFontServices - WITH_FREETYPE: 1, WITH_HARFBUZZ: 1
[2018.10.16-21.43.59:241][  0]LogAssetRegistry: FAssetRegistry took 0.0405 seconds to start up
[2018.10.16-21.43.59:762][  0]LogInit: Selected Device Profile: [Windows]
[2018.10.16-21.43.59:964][  0]LogSimplygon: Simplygon DLL not present - disabling.
[2018.10.16-21.43.59:977][  0]LogMeshReduction: Using SimplygonSwarm for distributed automatic mesh merging
[2018.10.16-21.43.59:977][  0]LogMeshReduction: Using ProxyLODMeshReduction for automatic mesh merging
[2018.10.16-21.43.59:977][  0]LogMeshReduction: Using QuadricMeshReduction for automatic static mesh reduction
[2018.10.16-21.43.59:978][  0]LogMeshReduction: No automatic skeletal mesh reduction module available
[2018.10.16-21.44.00:026][  0]LogNetVersion: SideyCPP 1.0.0, NetCL: 4212847, EngineNetVer: 5, GameNetVer: 0 (Checksum: 583984258)
[2018.10.16-21.44.00:819][  0]LogPackageLocalizationCache: Processed 11 localized package path(s) for 2 prioritized culture(s) in 0.190866 seconds
[2018.10.16-21.44.00:828][  0]LogUObjectArray: 38425 objects as part of root set at end of initial load.
[2018.10.16-21.44.00:828][  0]LogUObjectAllocator: 6690872 out of 0 bytes used by permanent object pool.
[2018.10.16-21.44.00:828][  0]LogUObjectArray: CloseDisregardForGC: 0/0 objects in disregard for GC pool
[2018.10.16-21.44.02:126][  0]LogTcpMessaging: Initializing TcpMessaging bridge
[2018.10.16-21.44.02:143][  0]LogUdpMessaging: Initializing bridge on interface 0.0.0.0:0 to multicast group 230.0.0.1:6666.
[2018.10.16-21.44.02:441][  0]SourceControl: Source control is disabled
[2018.10.16-21.44.02:441][  0]SourceControl: Source control is disabled
[2018.10.16-21.44.02:446][  0]SourceControl: Source control is disabled
[2018.10.16-21.44.02:450][  0]SourceControl: Source control is disabled
[2018.10.16-21.44.02:775][  0]LogAndroidPermission: UAndroidPermissionCallbackProxy::GetInstance
[2018.10.16-21.44.02:884][  0]LogOcInput: OculusInput pre-init called
[2018.10.16-21.44.02:963][  0]LogEngine: Initializing Engine...
[2018.10.16-21.44.02:964][  0]LogHMD: Failed to initialize OpenVR with code 110
[2018.10.16-21.44.02:966][  0]LogStats: UGameplayTagsManager::ConstructGameplayTagTree: ImportINI prefixes -  0.000 s
[2018.10.16-21.44.02:966][  0]LogStats: UGameplayTagsManager::ConstructGameplayTagTree: Construct from data asset -  0.000 s
[2018.10.16-21.44.02:966][  0]LogStats: UGameplayTagsManager::ConstructGameplayTagTree: ImportINI -  0.000 s
[2018.10.16-21.44.02:967][  0]LogStats: UGameplayTagsManager::ConstructGameplayTagTree: GameplayTagTreeChangedEvent.Broadcast -  0.000 s
[2018.10.16-21.44.03:239][  0]LogInit: Initializing FReadOnlyCVARCache
[2018.10.16-21.44.03:267][  0]LogAIModule: Creating AISystem for world Untitled
[2018.10.16-21.44.03:291][  0]LogInit: XAudio2 using 'Speakers (Realtek High Definition Audio)' : 2 channels at 48 kHz using 32 bits per sample (channel mask 0x3)
[2018.10.16-21.44.03:315][  0]LogInit: FAudioDevice initialized.
[2018.10.16-21.44.03:315][  0]LogNetVersion: Set ProjectVersion to 1.0.0.0. Version Checksum will be recalculated on next use.
[2018.10.16-21.44.03:407][  0]LogDerivedDataCache: Saved boot cache 0.09s 71MB C:/Users/w017177h/AppData/Local/UnrealEngine/4.20/DerivedDataCache/Boot.ddc.
[2018.10.16-21.44.03:417][  0]LogInit: Texture streaming: Enabled
[2018.10.16-21.44.03:456][  0]LogEngineSessionManager: EngineSessionManager initialized
[2018.10.16-21.44.03:457][  0]LogEngineSessionManager: EngineSessionManager sent abnormal shutdown report. Type=Debugger, SessionId={3D8A1A21-485A-15A9-0FB1-D7A5BEE93FCA}
[2018.10.16-21.44.03:457][  0]LogEngineSessionManager: EngineSessionManager sent abnormal shutdown report. Type=Debugger, SessionId={F0525538-4051-D37E-0A8D-09AFAE83328F}
[2018.10.16-21.44.03:474][  0]LogInit: Transaction tracking system initialized
[2018.10.16-21.44.03:528][  0]BlueprintLog: New page: Editor Load
[2018.10.16-21.44.03:712][  0]LocalizationService: Localization service is disabled
[2018.10.16-21.44.04:091][  0]LogCook: Display: Max memory allowance for cook 16384mb min free memory 0mb
[2018.10.16-21.44.04:091][  0]LogCook: Display: Mobile HDR setting 1
[2018.10.16-21.44.04:092][  0]LogGameplayTags: Display: UGameplayTagsManager::DoneAddingNativeTags. DelegateIsBound: 0
[2018.10.16-21.44.04:092][  0]LogStats: UGameplayTagsManager::ConstructGameplayTagTree: ImportINI prefixes -  0.000 s
[2018.10.16-21.44.04:092][  0]LogStats: UGameplayTagsManager::ConstructGameplayTagTree: Construct from data asset -  0.000 s
[2018.10.16-21.44.04:092][  0]LogStats: UGameplayTagsManager::ConstructGameplayTagTree: ImportINI -  0.000 s
[2018.10.16-21.44.04:092][  0]LogStats: UGameplayTagsManager::ConstructGameplayTagTree: GameplayTagTreeChangedEvent.Broadcast -  0.000 s
[2018.10.16-21.44.04:358][  0]LogFileCache: Scanning file cache for directory 'C:/Users/w017177h/Documents/GitHub/SpideyCPP/SideyCPP/Content/' took 0.02s
[2018.10.16-21.44.04:372][  0]SourceControl: Source control is disabled
[2018.10.16-21.44.04:373][  0]Cmd: MAP LOAD FILE="../../../../../../Users/w017177h/Documents/GitHub/SpideyCPP/SideyCPP/Content/StarterContent/Maps/Minimal_Default.umap" TEMPLATE=0 SHOWPROGRESS=1 FEATURELEVEL=3
[2018.10.16-21.44.04:374][  0]LightingResults: New page: Lighting Build
[2018.10.16-21.44.04:380][  0]MapCheck: New page: Map Check
[2018.10.16-21.44.04:380][  0]LightingResults: New page: Lighting Build
[2018.10.16-21.44.04:768][  0]LogAIModule: Creating AISystem for world Minimal_Default
[2018.10.16-21.44.04:774][  0]LogEditorServer: Finished looking for orphan Actors (0.000 secs)
[2018.10.16-21.44.04:807][  0]Cmd: MAP CHECKDEP NOCLEARLOG
[2018.10.16-21.44.05:011][  0]MapCheck: Map check complete: 0 Error(s), 0 Warning(s), took 203.755ms to complete.
[2018.10.16-21.44.05:011][  0]LogFileHelpers: Loading map 'Minimal_Default' took 0.638
[2018.10.16-21.44.05:152][  0]LogSlate: Updating window title bar state: overlay mode, drag disabled, window buttons hidden, title bar hidden
[2018.10.16-21.44.05:163][  0]LogSlate: Updating window title bar state: overlay mode, drag disabled, window buttons hidden, title bar hidden
[2018.10.16-21.44.05:170][  0]LogSlate: Updating window title bar state: overlay mode, drag disabled, window buttons hidden, title bar hidden
[2018.10.16-21.44.05:178][  0]LogSlate: Updating window title bar state: overlay mode, drag disabled, window buttons hidden, title bar hidden
[2018.10.16-21.44.05:190][  0]LogCollectionManager: Loaded 0 collections in 0.003876 seconds
[2018.10.16-21.44.05:268][  0]LogFileCache: Scanning file cache for directory 'C:/Users/w017177h/Documents/GitHub/SpideyCPP/SideyCPP/Saved/Collections/' took 0.03s
[2018.10.16-21.44.05:268][  0]LogFileCache: Scanning file cache for directory 'C:/Users/w017177h/Documents/GitHub/SpideyCPP/SideyCPP/Content/Developers/w017177h/Collections/' took 0.01s
[2018.10.16-21.44.05:268][  0]LogFileCache: Scanning file cache for directory 'C:/Users/w017177h/Documents/GitHub/SpideyCPP/SideyCPP/Content/Collections/' took 0.01s
[2018.10.16-21.44.05:268][  0]LogCollectionManager: Rebuilt the GUID cache for 0 collections in 0.000000 seconds
[2018.10.16-21.44.05:279][  0]LogContentBrowser: Native class hierarchy populated in 0.0104 seconds. Added 2575 classes and 605 folders.
[2018.10.16-21.44.05:290][  0]LogContentBrowser: Native class hierarchy updated for 'WidgetCarousel' in 0.0006 seconds. Added 0 classes and 0 folders.
[2018.10.16-21.44.05:400][  0]LogContentBrowser: Native class hierarchy updated for 'AddContentDialog' in 0.0010 seconds. Added 0 classes and 0 folders.
[2018.10.16-21.44.05:420][  0]LogContentBrowser: Native class hierarchy updated for 'SceneOutliner' in 0.0010 seconds. Added 1 classes and 2 folders.
[2018.10.16-21.44.05:454][  0]LogSlate: Took 0.000391 seconds to synchronously load lazily loaded font '../../../Engine/Content/Slate/Fonts/Roboto-Regular.ttf' (155K)
[2018.10.16-21.44.05:459][  0]LogSlate: Took 0.000428 seconds to synchronously load lazily loaded font '../../../Engine/Content/Slate/Fonts/Roboto-Bold.ttf' (160K)
[2018.10.16-21.44.05:476][  0]LogSlate: Took 0.000759 seconds to synchronously load lazily loaded font '../../../Engine/Content/Editor/Slate/Fonts/FontAwesome.ttf' (139K)
[2018.10.16-21.44.05:561][  0]LogRenderer: Reallocating scene render targets to support 1208x576 Format 10 NumSamples 1 (Frame:1).
[2018.10.16-21.44.05:805][  0]LogSlate: FSceneViewport::OnFocusLost() reason 2
[2018.10.16-21.44.05:824][  0]LogSlate: Window 'Tutorials' being destroyed
[2018.10.16-21.44.05:866][  0]LogContentBrowser: Native class hierarchy updated for 'HierarchicalLODOutliner' in 0.0005 seconds. Added 0 classes and 0 folders.
[2018.10.16-21.44.05:866][  0]LogLoad: (Engine Initialization) Total time: 13.95 seconds
[2018.10.16-21.44.05:866][  0]LogLoad: (Engine Initialization) Total Blueprint compile time: 0.00 seconds
[2018.10.16-21.44.05:877][  0]LogWindowsTextInputMethodSystem: Display: IME system now deactivated.
[2018.10.16-21.44.05:899][  0]LogContentStreaming: Texture pool size now 1000 MB
[2018.10.16-21.44.05:931][  0]LogSlate: Took 0.000243 seconds to synchronously load lazily loaded font '../../../Engine/Content/Slate/Fonts/Roboto-Light.ttf' (167K)
[2018.10.16-21.44.05:951][  1]LogAssetRegistry: Asset discovery search completed in 6.7365 seconds
[2018.10.16-21.44.05:953][  1]LogCollectionManager: Rebuilt the object cache for 0 collections in 0.000001 seconds (found 0 objects)
[2018.10.16-21.44.05:953][  1]LogCollectionManager: Fixed up redirectors for 0 collections in 0.000132 seconds (updated 0 objects)
[2018.10.16-21.44.43:655][317]LogSlate: FSceneViewport::OnFocusLost() reason 0
[2018.10.16-21.44.44:226][320]LogSlate: Window 'Tutorials' being destroyed
[2018.10.16-21.44.45:432][456]LogEditorViewport: Clicking on Actor (LMB): StaticMeshActor (Table)
[2018.10.16-21.44.45:880][486]LogSlate: FSceneViewport::OnFocusLost() reason 2
[2018.10.16-21.44.47:590][677]LogEditorViewport: Clicking on Actor (LMB): StaticMeshActor (Floor)
[2018.10.16-21.44.48:050][723]LogEditorViewport: Clicking on Actor (LMB): BP_Sky_Sphere_C (BP_Sky_Sphere)
[2018.10.16-21.44.48:807][809]LogSlate: FSceneViewport::OnFocusLost() reason 0
[2018.10.16-21.44.48:879][815]LogTemp: Repeating last play command: Selected Viewport
[2018.10.16-21.44.48:898][815]LogBlueprintUserMessages: Early PlayInEditor Detection: Level '/Game/StarterContent/Maps/Minimal_Default.Minimal_Default:PersistentLevel' has LevelScriptBlueprint '/Game/StarterContent/Maps/Minimal_Default.Minimal_Default:PersistentLevel.Minimal_Default' with GeneratedClass '/Game/StarterContent/Maps/Minimal_Default.Minimal_Default_C' with ClassGeneratedBy '/Game/StarterContent/Maps/Minimal_Default.Minimal_Default:PersistentLevel.Minimal_Default'
[2018.10.16-21.44.48:898][815]LogPlayLevel: PlayLevel: No blueprints needed recompiling
[2018.10.16-21.44.48:913][815]PIE: New page: PIE session: Minimal_Default (16 Oct 2018 23:44:48)
[2018.10.16-21.44.48:913][815]LogPlayLevel: Creating play world package: /Game/StarterContent/Maps/UEDPIE_0_Minimal_Default
[2018.10.16-21.44.48:917][815]LogPlayLevel: PIE: StaticDuplicateObject took: (0.004563s)
[2018.10.16-21.44.48:918][815]LogAIModule: Creating AISystem for world Minimal_Default
[2018.10.16-21.44.48:919][815]LogPlayLevel: PIE: World Init took: (0.000964s)
[2018.10.16-21.44.48:919][815]LogPlayLevel: PIE: Created PIE world by copying editor world from /Game/StarterContent/Maps/Minimal_Default.Minimal_Default to /Game/StarterContent/Maps/UEDPIE_0_Minimal_Default.Minimal_Default (0.005974s)
[2018.10.16-21.44.48:950][815]LogInit: XAudio2 using 'Speakers (Realtek High Definition Audio)' : 2 channels at 48 kHz using 32 bits per sample (channel mask 0x3)
[2018.10.16-21.44.48:965][815]LogInit: FAudioDevice initialized.
[2018.10.16-21.44.49:215][815]LogLoad: Game class is 'MySideyCPPGameModeBase_C'
[2018.10.16-21.44.49:218][815]LogWorld: Bringing World /Game/StarterContent/Maps/UEDPIE_0_Minimal_Default.Minimal_Default up for play (max tick rate 0) at 2018.10.16-22.44.49
[2018.10.16-21.44.49:218][815]LogWorld: Bringing up level for play took: 0.001177
[2018.10.16-21.44.49:244][815]LogContentBrowser: Native class hierarchy updated for 'MovieSceneCapture' in 0.0006 seconds. Added 10 classes and 0 folders.
[2018.10.16-21.44.49:247][815]PIE: Play in editor start time for /Game/StarterContent/Maps/UEDPIE_0_Minimal_Default -0.125
[2018.10.16-21.44.49:248][815]LogBlueprintUserMessages: Late PlayInEditor Detection: Level '/Game/StarterContent/Maps/Minimal_Default.Minimal_Default:PersistentLevel' has LevelScriptBlueprint '/Game/StarterContent/Maps/Minimal_Default.Minimal_Default:PersistentLevel.Minimal_Default' with GeneratedClass '/Game/StarterContent/Maps/Minimal_Default.Minimal_Default_C' with ClassGeneratedBy '/Game/StarterContent/Maps/Minimal_Default.Minimal_Default:PersistentLevel.Minimal_Default'
[2018.10.16-21.45.21:475][506]LogBlueprintUserMessages: Early EndPlayMap Detection: Level '/Game/StarterContent/Maps/Minimal_Default.Minimal_Default:PersistentLevel' has LevelScriptBlueprint '/Game/StarterContent/Maps/Minimal_Default.Minimal_Default:PersistentLevel.Minimal_Default' with GeneratedClass '/Game/StarterContent/Maps/Minimal_Default.Minimal_Default_C' with ClassGeneratedBy '/Game/StarterContent/Maps/Minimal_Default.Minimal_Default:PersistentLevel.Minimal_Default'
[2018.10.16-21.45.21:476][506]LogSlate: Updating window title bar state: overlay mode, drag disabled, window buttons hidden, title bar hidden
[2018.10.16-21.45.21:516][506]LogPlayLevel: Display: Shutting down PIE online subsystems
[2018.10.16-21.45.21:516][506]LogBlueprintUserMessages: Late EndPlayMap Detection: Level '/Game/StarterContent/Maps/Minimal_Default.Minimal_Default:PersistentLevel' has LevelScriptBlueprint '/Game/StarterContent/Maps/Minimal_Default.Minimal_Default:PersistentLevel.Minimal_Default' with GeneratedClass '/Game/StarterContent/Maps/Minimal_Default.Minimal_Default_C' with ClassGeneratedBy '/Game/StarterContent/Maps/Minimal_Default.Minimal_Default:PersistentLevel.Minimal_Default'
[2018.10.16-21.45.21:547][506]LogSlate: Updating window title bar state: overlay mode, drag disabled, window buttons hidden, title bar hidden
[2018.10.16-21.45.21:578][508]LogPlayLevel: Display: Destroying online subsystem :Context_3
