Log file open, 10/22/18 18:59:52
LogWindows: Failed to load 'aqProf.dll' (GetLastError=126)
LogWindows: File 'aqProf.dll' does not exist
LogWindows: Failed to load 'VSPerf140.dll' (GetLastError=126)
LogWindows: File 'VSPerf140.dll' does not exist
LogWindows: Failed to load 'VtuneApi.dll' (GetLastError=126)
LogWindows: File 'VtuneApi.dll' does not exist
LogWindows: Failed to load 'VtuneApi32e.dll' (GetLastError=126)
LogWindows: File 'VtuneApi32e.dll' does not exist
LogInit: Display: Running engine for game: SideyCPP
LogPlatformFile: Not using cached read wrapper
LogTaskGraph: Started task graph with 5 named threads and 23 total threads with 3 sets of task threads.
LogStats: Stats thread started at 0.380286
LogD3D11RHI: Loaded GFSDK_Aftermath_Lib.x64.dll
LogICUInternationalization: Display: ICU TimeZone Detection - Raw Offset: +0:00, Platform Override: ''
LogPluginManager: Mounting plugin Paper2D
LogPluginManager: Mounting plugin AISupport
LogPluginManager: Mounting plugin LightPropagationVolume
LogPluginManager: Mounting plugin CLionSourceCodeAccess
LogPluginManager: Mounting plugin CodeLiteSourceCodeAccess
LogPluginManager: Mounting plugin GitSourceControl
LogPluginManager: Mounting plugin KDevelopSourceCodeAccess
LogPluginManager: Mounting plugin NullSourceCodeAccess
LogPluginManager: Mounting plugin PerforceSourceControl
LogPluginManager: Mounting plugin SubversionSourceControl
LogPluginManager: Mounting plugin UObjectPlugin
LogPluginManager: Mounting plugin VisualStudioCodeSourceCodeAccess
LogPluginManager: Mounting plugin VisualStudioSourceCodeAccess
LogPluginManager: Mounting plugin XCodeSourceCodeAccess
LogPluginManager: Mounting plugin AssetManagerEditor
LogPluginManager: Mounting plugin CryptoKeys
LogPluginManager: Mounting plugin DataValidation
LogPluginManager: Mounting plugin FacialAnimation
LogPluginManager: Mounting plugin GameplayTagsEditor
LogPluginManager: Mounting plugin MacGraphicsSwitching
LogPluginManager: Mounting plugin MeshEditor
LogPluginManager: Mounting plugin MobileLauncherProfileWizard
LogPluginManager: Mounting plugin PluginBrowser
LogPluginManager: Mounting plugin SpeedTreeImporter
LogPluginManager: Mounting plugin DatasmithContent
LogPluginManager: Mounting plugin AlembicImporter
LogPluginManager: Mounting plugin AppleImageUtils
LogPluginManager: Mounting plugin AppleVision
LogPluginManager: Mounting plugin BackChannel
LogPluginManager: Mounting plugin CharacterAI
LogPluginManager: Mounting plugin GeometryCache
LogPluginManager: Mounting plugin HTML5Networking
LogPluginManager: Mounting plugin ProxyLODPlugin
LogPluginManager: Mounting plugin MagicLeap
LogPluginManager: Mounting plugin MagicLeapEmulator
LogPluginManager: Mounting plugin MagicLeapMedia
LogPluginManager: Mounting plugin AndroidMedia
LogPluginManager: Mounting plugin AvfMedia
LogPluginManager: Mounting plugin ImgMedia
LogPluginManager: Mounting plugin LinearTimecode
LogPluginManager: Mounting plugin MediaCompositing
LogPluginManager: Mounting plugin MediaPlayerEditor
LogPluginManager: Mounting plugin WmfMedia
LogPluginManager: Mounting plugin TcpMessaging
LogPluginManager: Mounting plugin UdpMessaging
LogPluginManager: Mounting plugin ActorSequence
LogPluginManager: Mounting plugin LevelSequenceEditor
LogPluginManager: Mounting plugin MatineeToLevelSequence
LogPluginManager: Mounting plugin NetcodeUnitTest
LogPluginManager: Mounting plugin NUTUnrealEngine4
LogPluginManager: Mounting plugin OnlineSubsystemGooglePlay
LogPluginManager: Mounting plugin OnlineSubsystemIOS
LogPluginManager: Mounting plugin OnlineSubsystem
LogPluginManager: Mounting plugin OnlineSubsystemNull
LogPluginManager: Mounting plugin OnlineSubsystemUtils
LogPluginManager: Mounting plugin LauncherChunkInstaller
LogPluginManager: Mounting plugin AndroidDeviceProfileSelector
LogPluginManager: Mounting plugin AndroidMoviePlayer
LogPluginManager: Mounting plugin AndroidPermission
LogPluginManager: Mounting plugin AppleMoviePlayer
LogPluginManager: Mounting plugin ArchVisCharacter
LogPluginManager: Mounting plugin AudioCapture
LogPluginManager: Mounting plugin CableComponent
LogPluginManager: Mounting plugin CustomMeshComponent
LogPluginManager: Mounting plugin EditableMesh
LogPluginManager: Mounting plugin ExampleDeviceProfileSelector
LogPluginManager: Mounting plugin GoogleCloudMessaging
LogPluginManager: Mounting plugin ImmediatePhysics
LogPluginManager: Mounting plugin IOSDeviceProfileSelector
LogPluginManager: Mounting plugin LinuxDeviceProfileSelector
LogPluginManager: Mounting plugin LocationServicesBPLibrary
LogPluginManager: Mounting plugin MobilePatchingUtils
LogPluginManager: Mounting plugin OculusVR
LogPluginManager: Plugin shader directory ../../../Engine/Plugins/Runtime/Oculus/OculusVR/Shaders found
LogPluginManager: Mapping shader source directory ../../../Engine/Plugins/Runtime/Oculus/OculusVR/Shaders to virtual directory /Plugin/OculusVR
LogPluginManager: Mounting plugin PhysXVehicles
LogPluginManager: Mounting plugin ProceduralMeshComponent
LogPluginManager: Mounting plugin RuntimePhysXCooking
LogPluginManager: Mounting plugin SteamVR
LogPluginManager: Mounting plugin WindowsMoviePlayer
LogStreaming: Display: Took  0.253s to configure plugins.
LogInit: Using libcurl 7.55.1-DEV
LogInit:  - built for x86_64-pc-win32
LogInit:  - supports SSL with OpenSSL/1.0.2h
LogInit:  - supports HTTP deflate (compression) using libz 1.2.8
LogInit:  - other features:
LogInit:      CURL_VERSION_SSL
LogInit:      CURL_VERSION_LIBZ
LogInit:      CURL_VERSION_IPV6
LogInit:      CURL_VERSION_ASYNCHDNS
LogInit:      CURL_VERSION_LARGEFILE
LogInit:      CURL_VERSION_IDN
LogInit:  CurlRequestOptions (configurable via config and command line):
LogInit:  - bVerifyPeer = false  - Libcurl will NOT verify peer certificate
LogInit:  - bUseHttpProxy = false  - Libcurl will NOT use HTTP proxy
LogInit:  - bDontReuseConnections = false  - Libcurl will reuse connections
LogInit:  - CertBundlePath = nullptr  - Libcurl will use whatever was configured at build time.
LogInit:  - MaxHostConnections = 16  - Libcurl will limit the number of connections to a host
LogInit:  - LocalHostAddr = Default
LogInit:  - BufferSize = 65536
LogInit: WinSock: version 1.1 (2.2), MaxSocks=32767, MaxUdp=65467
LogInit: Build: ++UE4+Release-4.20-CL-4369336
LogInit: Engine Version: 4.20.3-4369336+++UE4+Release-4.20
LogInit: Compatible Engine Version: 4.20.0-4212847+++UE4+Release-4.20
LogInit: Net CL: 4212847
LogInit: OS: Windows 10 (), CPU: Intel(R) Xeon(R) W-2123 CPU @ 3.60GHz, GPU: NVIDIA GeForce GTX 1070
LogInit: Compiled (64-bit): Sep 17 2018 12:26:19
LogInit: Compiled with Visual C++: 19.13.26129.00
LogInit: Build Configuration: Development
LogInit: Branch Name: ++UE4+Release-4.20
LogInit: Command Line:  -skipcompile
LogInit: Base Directory: C:/Epic/UE4/UE_4.20/Engine/Binaries/Win64/
LogInit: Installed Engine Build: 1
LogDevObjectVersion: Number of dev versions registered: 20
LogDevObjectVersion:   Dev-Blueprints (B0D832E4-1F89-4F0D-ACCF-7EB736FD4AA2): 10
LogDevObjectVersion:   Dev-Build (E1C64328-A22C-4D53-A36C-8E866417BD8C): 0
LogDevObjectVersion:   Dev-Core (375EC13C-06E4-48FB-B500-84F0262A717E): 2
LogDevObjectVersion:   Dev-Editor (E4B068ED-F494-42E9-A231-DA0B2E46BB41): 24
LogDevObjectVersion:   Dev-Framework (CFFC743F-43B0-4480-9391-14DF171D2073): 34
LogDevObjectVersion:   Dev-Mobile (B02B49B5-BB20-44E9-A304-32B752E40360): 2
LogDevObjectVersion:   Dev-Networking (A4E4105C-59A1-49B5-A7C5-40C4547EDFEE): 0
LogDevObjectVersion:   Dev-Online (39C831C9-5AE6-47DC-9A44-9C173E1C8E7C): 0
LogDevObjectVersion:   Dev-Physics (78F01B33-EBEA-4F98-B9B4-84EACCB95AA2): 0
LogDevObjectVersion:   Dev-Platform (6631380F-2D4D-43E0-8009-CF276956A95A): 0
LogDevObjectVersion:   Dev-Rendering (12F88B9F-8875-4AFC-A67C-D90C383ABD29): 26
LogDevObjectVersion:   Dev-Sequencer (7B5AE74C-D270-4C10-A958-57980B212A5A): 9
LogDevObjectVersion:   Dev-VR (D7296918-1DD6-4BDD-9DE2-64A83CC13884): 2
LogDevObjectVersion:   Dev-LoadTimes (C2A15278-BFE7-4AFE-6C17-90FF531DF755): 1
LogDevObjectVersion:   Private-Geometry (6EACA3D4-40EC-4CC1-B786-8BED09428FC5): 3
LogDevObjectVersion:   Dev-AnimPhys (29E575DD-E0A3-4627-9D10-D276232CDCEA): 17
LogDevObjectVersion:   Dev-ReflectionCapture (6B266CEC-1EC7-4B8F-A30B-E4D90942FC07): 1
LogDevObjectVersion:   Dev-Automation (0DF73D61-A23F-47EA-B727-89E90C41499A): 1
LogDevObjectVersion:   FortniteMain (601D1886-AC64-4F84-AA16-D3DE0DEAC7D6): 12
LogDevObjectVersion:   Dev-Enterprise (9DFFBCD6-494F-0158-E221-12823C92A888): 1
LogStreaming: Display: Took  0.004s to delete old logs.
LogInit: Presizing for max 8388607 objects, including 0 objects not considered by GC, pre-allocating 0 bytes for permanent pool.
LogInit: Object subsystem initialized
[2018.10.22-17.59.52:563][  0]LogInit: Selected Device Profile: [Windows]
[2018.10.22-17.59.52:563][  0]LogInit: Applying CVar settings loaded from the selected device profile: [Windows]
[2018.10.22-17.59.52:577][  0]LogHAL: Display: Platform has ~ 32 GB [34065870848 / 34359738368 / 32], which maps to Largest [LargestMinGB=32, LargerMinGB=12, DefaultMinGB=8, SmallerMinGB=6, SmallestMinGB=0)
[2018.10.22-17.59.52:577][  0]LogInit: Setting Device Profile CVar: [[r.Vulkan.UseRealUBs:1]]
[2018.10.22-17.59.52:578][  0]LogInit: Going up to parent DeviceProfile []
[2018.10.22-17.59.52:578][  0]LogInit: Computer: A007-27
[2018.10.22-17.59.52:578][  0]LogInit: User: w017177h
[2018.10.22-17.59.52:578][  0]LogInit: CPU Page size=4096, Cores=4
[2018.10.22-17.59.52:578][  0]LogInit: High frequency timer resolution =3.515623 MHz
[2018.10.22-17.59.52:578][  0]LogMemory: Memory total: Physical=31.7GB (32GB approx)
[2018.10.22-17.59.52:578][  0]LogMemory: Platform Memory Stats for Windows
[2018.10.22-17.59.52:578][  0]LogMemory: Process Physical Memory: 100.97 MB used, 100.97 MB peak
[2018.10.22-17.59.52:579][  0]LogMemory: Process Virtual Memory: 91.04 MB used, 91.04 MB peak
[2018.10.22-17.59.52:579][  0]LogMemory: Physical Memory: 8177.50 MB used,  24310.25 MB free, 32487.75 MB total
[2018.10.22-17.59.52:579][  0]LogMemory: Virtual Memory: 4640.09 MB used,  24310.25 MB free, 134217728.00 MB total
[2018.10.22-17.59.52:690][  0]LogInit: Using OS detected language (en-US).
[2018.10.22-17.59.52:690][  0]LogInit: Using OS detected locale (en-GB).
[2018.10.22-17.59.52:691][  0]LogTextLocalizationManager: No specific localization for 'en-US' exists, so the 'en' localization will be used.
[2018.10.22-17.59.53:058][  0]LogStreaming: Display: Took  0.368s to InitEngineTextLocalization.
[2018.10.22-17.59.53:059][  0]LogInit: Setting process to per monitor DPI aware
[2018.10.22-17.59.53:122][  0]LogSlate: New Slate User Created.  User Index 0, Is Virtual User: 0
[2018.10.22-17.59.53:122][  0]LogSlate: Slate User Registered.  User Index 0, Is Virtual User: 0
[2018.10.22-17.59.53:365][  0]LogHMD: Failed to initialize OpenVR with code 110
[2018.10.22-17.59.53:366][  0]LogD3D11RHI: D3D11 adapters:
[2018.10.22-17.59.53:458][  0]LogD3D11RHI:    0. 'NVIDIA GeForce GTX 1070' (Feature Level 11_0)
[2018.10.22-17.59.53:458][  0]LogD3D11RHI:       8088/0/16243 MB DedicatedVideo/DedicatedSystem/SharedSystem, Outputs:2, VendorId:0x10de
[2018.10.22-17.59.53:463][  0]LogD3D11RHI:    1. 'Microsoft Basic Render Driver' (Feature Level 11_0)
[2018.10.22-17.59.53:464][  0]LogD3D11RHI:       0/0/16243 MB DedicatedVideo/DedicatedSystem/SharedSystem, Outputs:0, VendorId:0x1414
[2018.10.22-17.59.53:464][  0]LogD3D11RHI: Chosen D3D11 Adapter: 0
[2018.10.22-17.59.53:470][  0]LogD3D11RHI: Creating new Direct3DDevice
[2018.10.22-17.59.53:470][  0]LogD3D11RHI:     GPU DeviceId: 0x1b81 (for the marketing name, search the web for "GPU Device Id")
[2018.10.22-17.59.53:471][  0]LogWindows: EnumDisplayDevices:
[2018.10.22-17.59.53:471][  0]LogWindows:    0. 'NVIDIA GeForce GTX 1070' (P:0 D:1)
[2018.10.22-17.59.53:471][  0]LogWindows:    1. 'NVIDIA GeForce GTX 1070' (P:1 D:1)
[2018.10.22-17.59.53:471][  0]LogWindows:    2. 'NVIDIA GeForce GTX 1070' (P:0 D:0)
[2018.10.22-17.59.53:471][  0]LogWindows:    3. 'NVIDIA GeForce GTX 1070' (P:0 D:0)
[2018.10.22-17.59.53:472][  0]LogWindows: DebugString: FoundDriverCount:4 
[2018.10.22-17.59.53:472][  0]LogD3D11RHI:     Adapter Name: NVIDIA GeForce GTX 1070
[2018.10.22-17.59.53:472][  0]LogD3D11RHI:   Driver Version: 399.24 (internal:24.21.13.9924, unified:399.24)
[2018.10.22-17.59.53:472][  0]LogD3D11RHI:      Driver Date: 9-5-2018
[2018.10.22-17.59.53:472][  0]LogRHI: Texture pool is 5661 MB (70% of 8088 MB)
[2018.10.22-17.59.53:518][  0]LogD3D11RHI: Async texture creation enabled
[2018.10.22-17.59.53:535][  0]LogD3D11RHI: GPU Timing Frequency: 1000.000000 (Debug: 2 2)
[2018.10.22-17.59.53:538][  0]LogShaderCompilers: Guid format shader working directory is -19 characters bigger than the processId version (../../../../../../Users/w017177h/Documents/GitHub/SpideyCPP/SideyCPP/Intermediate/Shaders/WorkingDirectory/5496/).
[2018.10.22-17.59.53:538][  0]LogShaderCompilers: Cleaned the shader compiler working directory 'C:/Users/w017177h/AppData/Local/Temp/UnrealShaderWorkingDir/93EA8AE840B299EA817E169F7C8B639B/'.
[2018.10.22-17.59.53:830][  0]LogTemp: Display: Loaded TP AllDesktopTargetPlatform
[2018.10.22-17.59.53:846][  0]LogTemp: Display: Loaded TP MacClientTargetPlatform
[2018.10.22-17.59.53:866][  0]LogTemp: Display: Loaded TP MacNoEditorTargetPlatform
[2018.10.22-17.59.53:884][  0]LogTemp: Display: Loaded TP MacServerTargetPlatform
[2018.10.22-17.59.53:903][  0]LogTemp: Display: Loaded TP MacTargetPlatform
[2018.10.22-17.59.53:920][  0]LogTemp: Display: Loaded TP WindowsClientTargetPlatform
[2018.10.22-17.59.53:935][  0]LogTemp: Display: Loaded TP WindowsNoEditorTargetPlatform
[2018.10.22-17.59.53:951][  0]LogTemp: Display: Loaded TP WindowsServerTargetPlatform
[2018.10.22-17.59.53:962][  0]LogTemp: Display: Loaded TP WindowsTargetPlatform
[2018.10.22-17.59.54:040][  0]LogTemp: Display: Loaded TP AndroidTargetPlatform
[2018.10.22-17.59.54:041][  0]LogTemp: Display: Loaded TP AndroidTargetPlatform
[2018.10.22-17.59.54:041][  0]LogTemp: Display: Loaded TP AndroidTargetPlatform
[2018.10.22-17.59.54:041][  0]LogTemp: Display: Loaded TP AndroidTargetPlatform
[2018.10.22-17.59.54:041][  0]LogTemp: Display: Loaded TP AndroidTargetPlatform
[2018.10.22-17.59.54:041][  0]LogTemp: Display: Loaded TP AndroidTargetPlatform
[2018.10.22-17.59.54:041][  0]LogTemp: Display: Loaded TP AndroidTargetPlatform
[2018.10.22-17.59.54:041][  0]LogTemp: Display: Loaded TP AndroidTargetPlatform
[2018.10.22-17.59.54:041][  0]LogTemp: Display: Loaded TP AndroidTargetPlatform
[2018.10.22-17.59.54:041][  0]LogTemp: Display: Loaded TP AndroidTargetPlatform
[2018.10.22-17.59.54:041][  0]LogTemp: Display: Loaded TP AndroidTargetPlatform
[2018.10.22-17.59.54:041][  0]LogTemp: Display: Loaded TP AndroidTargetPlatform
[2018.10.22-17.59.54:041][  0]LogTemp: Display: Loaded TP AndroidTargetPlatform
[2018.10.22-17.59.54:041][  0]LogTemp: Display: Loaded TP AndroidTargetPlatform
[2018.10.22-17.59.54:041][  0]LogTemp: Display: Loaded TP AndroidTargetPlatform
[2018.10.22-17.59.54:041][  0]LogTemp: Display: Loaded TP AndroidTargetPlatform
[2018.10.22-17.59.54:041][  0]LogTemp: Display: Loaded TP AndroidTargetPlatform
[2018.10.22-17.59.54:041][  0]LogTemp: Display: Loaded TP AndroidTargetPlatform
[2018.10.22-17.59.54:046][  0]LogTemp: Display: Loaded TP HTML5TargetPlatform
[2018.10.22-17.59.54:133][  0]LogTemp: Display: Loaded TP IOSTargetPlatform
[2018.10.22-17.59.54:133][  0]LogTemp: Display: Loaded TP IOSTargetPlatform
[2018.10.22-17.59.54:169][  0]LogTemp: Display: Loaded TP TVOSTargetPlatform
[2018.10.22-17.59.54:169][  0]LogTemp: Display: Loaded TP TVOSTargetPlatform
[2018.10.22-17.59.54:185][  0]LogTemp: Display: Loaded TP LinuxClientTargetPlatform
[2018.10.22-17.59.54:204][  0]LogTemp: Display: Loaded TP LinuxNoEditorTargetPlatform
[2018.10.22-17.59.54:221][  0]LogTemp: Display: Loaded TP LinuxServerTargetPlatform
[2018.10.22-17.59.54:236][  0]LogTemp: Display: Loaded TP LinuxTargetPlatform
[2018.10.22-17.59.54:249][  0]LogTemp: Display: Loaded TP LuminTargetPlatform
[2018.10.22-17.59.54:249][  0]LogTargetPlatformManager: Display: Building Assets For Windows
[2018.10.22-17.59.54:390][  0]LogXGEController: Cleaning working directory: C:/Users/w017177h/AppData/Local/Temp/UnrealXGEWorkingDir/
[2018.10.22-17.59.54:390][  0]LogXGEController: Cannot use XGE Controller as Incredibuild is not installed on this machine.
[2018.10.22-17.59.54:390][  0]LogShaderCompilers: Cannot use XGE Shader Compiler as Incredibuild is not installed on this machine.
[2018.10.22-17.59.54:390][  0]LogShaderCompilers: Display: Using Local Shader Compiler.
[2018.10.22-17.59.55:237][  0]LogDerivedDataCache: Display: Max Cache Size: 512 MB
[2018.10.22-17.59.55:299][  0]LogDerivedDataCache: Loaded boot cache 0.06s 71MB C:/Users/w017177h/AppData/Local/UnrealEngine/4.20/DerivedDataCache/Boot.ddc.
[2018.10.22-17.59.55:300][  0]LogDerivedDataCache: Display: Loaded Boot cache: C:/Users/w017177h/AppData/Local/UnrealEngine/4.20/DerivedDataCache/Boot.ddc
[2018.10.22-17.59.55:300][  0]LogDerivedDataCache: FDerivedDataBackendGraph:  Pak pak cache file ../../../../../../Users/w017177h/Documents/GitHub/SpideyCPP/SideyCPP/DerivedDataCache/DDC.ddp not found, will not use a pak cache.
[2018.10.22-17.59.55:300][  0]LogDerivedDataCache: Unable to find inner node Pak for hierarchical cache Hierarchy.
[2018.10.22-17.59.55:301][  0]LogDerivedDataCache: FDerivedDataBackendGraph:  CompressedPak pak cache file ../../../../../../Users/w017177h/Documents/GitHub/SpideyCPP/SideyCPP/DerivedDataCache/Compressed.ddp not found, will not use a pak cache.
[2018.10.22-17.59.55:301][  0]LogDerivedDataCache: Unable to find inner node CompressedPak for hierarchical cache Hierarchy.
[2018.10.22-17.59.55:318][  0]LogDerivedDataCache: Display: Pak cache opened for reading ../../../Engine/DerivedDataCache/Compressed.ddp.
[2018.10.22-17.59.55:333][  0]LogDerivedDataCache: Using Local data cache path C:/Users/w017177h/AppData/Local/UnrealEngine/Common/DerivedDataCache: Writable
[2018.10.22-17.59.55:333][  0]LogDerivedDataCache: Shared data cache path not found in *engine.ini, will not use an Shared cache.
[2018.10.22-17.59.55:334][  0]LogDerivedDataCache: Unable to find inner node Shared for hierarchical cache Hierarchy.
[2018.10.22-17.59.55:370][  0]LogMaterial: Verifying Global Shaders for PCD3D_SM5
[2018.10.22-17.59.55:372][  0]LogSlate: Using FreeType 2.6.0
[2018.10.22-17.59.55:374][  0]LogSlate: SlateFontServices - WITH_FREETYPE: 1, WITH_HARFBUZZ: 1
[2018.10.22-17.59.55:460][  0]LogAssetRegistry: FAssetRegistry took 0.0363 seconds to start up
[2018.10.22-17.59.55:807][  0]LogInit: Selected Device Profile: [Windows]
[2018.10.22-17.59.55:967][  0]LogSimplygon: Simplygon DLL not present - disabling.
[2018.10.22-17.59.55:977][  0]LogMeshReduction: Using SimplygonSwarm for distributed automatic mesh merging
[2018.10.22-17.59.55:978][  0]LogMeshReduction: Using ProxyLODMeshReduction for automatic mesh merging
[2018.10.22-17.59.55:978][  0]LogMeshReduction: Using QuadricMeshReduction for automatic static mesh reduction
[2018.10.22-17.59.55:978][  0]LogMeshReduction: No automatic skeletal mesh reduction module available
[2018.10.22-17.59.55:998][  0]LogNetVersion: SideyCPP 1.0.0, NetCL: 4212847, EngineNetVer: 5, GameNetVer: 0 (Checksum: 583984258)
[2018.10.22-17.59.56:559][  0]LogPackageLocalizationCache: Processed 11 localized package path(s) for 2 prioritized culture(s) in 0.141795 seconds
[2018.10.22-17.59.56:566][  0]LogUObjectArray: 38425 objects as part of root set at end of initial load.
[2018.10.22-17.59.56:566][  0]LogUObjectAllocator: 6690872 out of 0 bytes used by permanent object pool.
[2018.10.22-17.59.56:566][  0]LogUObjectArray: CloseDisregardForGC: 0/0 objects in disregard for GC pool
[2018.10.22-17.59.57:583][  0]LogTcpMessaging: Initializing TcpMessaging bridge
[2018.10.22-17.59.57:602][  0]LogUdpMessaging: Initializing bridge on interface 0.0.0.0:0 to multicast group 230.0.0.1:6666.
[2018.10.22-17.59.57:809][  0]SourceControl: Source control is disabled
[2018.10.22-17.59.57:809][  0]SourceControl: Source control is disabled
[2018.10.22-17.59.57:812][  0]SourceControl: Source control is disabled
[2018.10.22-17.59.57:816][  0]SourceControl: Source control is disabled
[2018.10.22-17.59.58:100][  0]LogAndroidPermission: UAndroidPermissionCallbackProxy::GetInstance
[2018.10.22-17.59.58:197][  0]LogOcInput: OculusInput pre-init called
[2018.10.22-17.59.58:318][  0]LogEngine: Initializing Engine...
[2018.10.22-17.59.58:319][  0]LogHMD: Failed to initialize OpenVR with code 110
[2018.10.22-17.59.58:322][  0]LogStats: UGameplayTagsManager::ConstructGameplayTagTree: ImportINI prefixes -  0.000 s
[2018.10.22-17.59.58:322][  0]LogStats: UGameplayTagsManager::ConstructGameplayTagTree: Construct from data asset -  0.000 s
[2018.10.22-17.59.58:323][  0]LogStats: UGameplayTagsManager::ConstructGameplayTagTree: ImportINI -  0.001 s
[2018.10.22-17.59.58:323][  0]LogStats: UGameplayTagsManager::ConstructGameplayTagTree: GameplayTagTreeChangedEvent.Broadcast -  0.000 s
[2018.10.22-17.59.58:558][  0]LogInit: Initializing FReadOnlyCVARCache
[2018.10.22-17.59.58:575][  0]LogAIModule: Creating AISystem for world Untitled
[2018.10.22-17.59.58:652][  0]LogInit: XAudio2 using 'Realtek HD Audio 2nd output (Realtek High Definition Audio)' : 2 channels at 48 kHz using 32 bits per sample (channel mask 0x3)
[2018.10.22-17.59.58:685][  0]LogInit: FAudioDevice initialized.
[2018.10.22-17.59.58:686][  0]LogNetVersion: Set ProjectVersion to 1.0.0.0. Version Checksum will be recalculated on next use.
[2018.10.22-17.59.58:740][  0]LogDerivedDataCache: Saved boot cache 0.05s 71MB C:/Users/w017177h/AppData/Local/UnrealEngine/4.20/DerivedDataCache/Boot.ddc.
[2018.10.22-17.59.58:754][  0]LogInit: Texture streaming: Enabled
[2018.10.22-17.59.58:786][  0]LogEngineSessionManager: EngineSessionManager initialized
[2018.10.22-17.59.58:786][  0]LogEngineSessionManager: EngineSessionManager sent abnormal shutdown report. Type=Debugger, SessionId={D0FE3BB7-400C-DAE3-A7AD-6F935921BF38}
[2018.10.22-17.59.58:799][  0]LogInit: Transaction tracking system initialized
[2018.10.22-17.59.58:839][  0]BlueprintLog: New page: Editor Load
[2018.10.22-17.59.58:984][  0]LocalizationService: Localization service is disabled
[2018.10.22-17.59.59:310][  0]LogCook: Display: Max memory allowance for cook 16384mb min free memory 0mb
[2018.10.22-17.59.59:310][  0]LogCook: Display: Mobile HDR setting 1
[2018.10.22-17.59.59:311][  0]LogGameplayTags: Display: UGameplayTagsManager::DoneAddingNativeTags. DelegateIsBound: 0
[2018.10.22-17.59.59:311][  0]LogStats: UGameplayTagsManager::ConstructGameplayTagTree: ImportINI prefixes -  0.000 s
[2018.10.22-17.59.59:311][  0]LogStats: UGameplayTagsManager::ConstructGameplayTagTree: Construct from data asset -  0.000 s
[2018.10.22-17.59.59:311][  0]LogStats: UGameplayTagsManager::ConstructGameplayTagTree: ImportINI -  0.000 s
[2018.10.22-17.59.59:311][  0]LogStats: UGameplayTagsManager::ConstructGameplayTagTree: GameplayTagTreeChangedEvent.Broadcast -  0.000 s
[2018.10.22-17.59.59:318][  0]LogFileCache: Scanning file cache for directory 'C:/Users/w017177h/Documents/GitHub/SpideyCPP/SideyCPP/Content/' took 0.03s
[2018.10.22-17.59.59:513][  0]SourceControl: Source control is disabled
[2018.10.22-17.59.59:513][  0]Cmd: MAP LOAD FILE="../../../../../../Users/w017177h/Documents/GitHub/SpideyCPP/SideyCPP/Content/StarterContent/Maps/Minimal_Default.umap" TEMPLATE=0 SHOWPROGRESS=1 FEATURELEVEL=3
[2018.10.22-17.59.59:514][  0]LightingResults: New page: Lighting Build
[2018.10.22-17.59.59:518][  0]MapCheck: New page: Map Check
[2018.10.22-17.59.59:518][  0]LightingResults: New page: Lighting Build
[2018.10.22-17.59.59:849][  0]LogAIModule: Creating AISystem for world Minimal_Default
[2018.10.22-17.59.59:867][  0]LogEditorServer: Finished looking for orphan Actors (0.000 secs)
[2018.10.22-17.59.59:900][  0]Cmd: MAP CHECKDEP NOCLEARLOG
[2018.10.22-18.00.00:015][  0]MapCheck: Map check complete: 0 Error(s), 0 Warning(s), took 115.318ms to complete.
[2018.10.22-18.00.00:015][  0]LogFileHelpers: Loading map 'Minimal_Default' took 0.503
[2018.10.22-18.00.00:143][  0]LogSlate: Updating window title bar state: overlay mode, drag disabled, window buttons hidden, title bar hidden
[2018.10.22-18.00.00:152][  0]LogSlate: Updating window title bar state: overlay mode, drag disabled, window buttons hidden, title bar hidden
[2018.10.22-18.00.00:161][  0]LogSlate: Updating window title bar state: overlay mode, drag disabled, window buttons hidden, title bar hidden
[2018.10.22-18.00.00:168][  0]LogSlate: Updating window title bar state: overlay mode, drag disabled, window buttons hidden, title bar hidden
[2018.10.22-18.00.00:178][  0]LogCollectionManager: Loaded 0 collections in 0.002408 seconds
[2018.10.22-18.00.00:228][  0]LogFileCache: Scanning file cache for directory 'C:/Users/w017177h/Documents/GitHub/SpideyCPP/SideyCPP/Saved/Collections/' took 0.01s
[2018.10.22-18.00.00:229][  0]LogFileCache: Scanning file cache for directory 'C:/Users/w017177h/Documents/GitHub/SpideyCPP/SideyCPP/Content/Developers/w017177h/Collections/' took 0.01s
[2018.10.22-18.00.00:229][  0]LogFileCache: Scanning file cache for directory 'C:/Users/w017177h/Documents/GitHub/SpideyCPP/SideyCPP/Content/Collections/' took 0.01s
[2018.10.22-18.00.00:229][  0]LogCollectionManager: Rebuilt the GUID cache for 0 collections in 0.000001 seconds
[2018.10.22-18.00.00:238][  0]LogContentBrowser: Native class hierarchy populated in 0.0093 seconds. Added 2576 classes and 605 folders.
[2018.10.22-18.00.00:255][  0]LogContentBrowser: Native class hierarchy updated for 'WidgetCarousel' in 0.0008 seconds. Added 0 classes and 0 folders.
[2018.10.22-18.00.00:314][  0]LogContentBrowser: Native class hierarchy updated for 'AddContentDialog' in 0.0004 seconds. Added 0 classes and 0 folders.
[2018.10.22-18.00.00:337][  0]LogContentBrowser: Native class hierarchy updated for 'SceneOutliner' in 0.0014 seconds. Added 1 classes and 2 folders.
[2018.10.22-18.00.00:379][  0]LogSlate: Took 0.000296 seconds to synchronously load lazily loaded font '../../../Engine/Content/Slate/Fonts/Roboto-Regular.ttf' (155K)
[2018.10.22-18.00.00:383][  0]LogSlate: Took 0.000350 seconds to synchronously load lazily loaded font '../../../Engine/Content/Slate/Fonts/Roboto-Bold.ttf' (160K)
[2018.10.22-18.00.00:390][  0]LogSlate: Took 0.000274 seconds to synchronously load lazily loaded font '../../../Engine/Content/Editor/Slate/Fonts/FontAwesome.ttf' (139K)
[2018.10.22-18.00.00:468][  0]LogRenderer: Reallocating scene render targets to support 1208x576 Format 10 NumSamples 1 (Frame:1).
[2018.10.22-18.00.00:621][  0]LogSlate: FSceneViewport::OnFocusLost() reason 2
[2018.10.22-18.00.00:641][  0]LogSlate: Window 'Tutorials' being destroyed
[2018.10.22-18.00.00:680][  0]LogContentBrowser: Native class hierarchy updated for 'HierarchicalLODOutliner' in 0.0004 seconds. Added 0 classes and 0 folders.
[2018.10.22-18.00.00:681][  0]LogLoad: (Engine Initialization) Total time: 10.56 seconds
[2018.10.22-18.00.00:681][  0]LogLoad: (Engine Initialization) Total Blueprint compile time: 0.00 seconds
[2018.10.22-18.00.00:691][  0]LogWindowsTextInputMethodSystem: Display: IME system now deactivated.
[2018.10.22-18.00.00:711][  0]LogContentStreaming: Texture pool size now 1000 MB
[2018.10.22-18.00.00:735][  0]LogSlate: Took 0.000149 seconds to synchronously load lazily loaded font '../../../Engine/Content/Slate/Fonts/Roboto-Light.ttf' (167K)
[2018.10.22-18.00.00:771][  1]LogAssetRegistry: Asset discovery search completed in 5.3380 seconds
[2018.10.22-18.00.00:773][  1]LogCollectionManager: Rebuilt the object cache for 0 collections in 0.000001 seconds (found 0 objects)
[2018.10.22-18.00.00:773][  1]LogCollectionManager: Fixed up redirectors for 0 collections in 0.000141 seconds (updated 0 objects)
[2018.10.22-18.00.38:767][484]LogSlate: FSceneViewport::OnFocusLost() reason 0
[2018.10.22-18.00.38:977][484]LogTemp: Repeating last play command: Selected Viewport
[2018.10.22-18.00.38:996][484]LogBlueprintUserMessages: Early PlayInEditor Detection: Level '/Game/StarterContent/Maps/Minimal_Default.Minimal_Default:PersistentLevel' has LevelScriptBlueprint '/Game/StarterContent/Maps/Minimal_Default.Minimal_Default:PersistentLevel.Minimal_Default' with GeneratedClass '/Game/StarterContent/Maps/Minimal_Default.Minimal_Default_C' with ClassGeneratedBy '/Game/StarterContent/Maps/Minimal_Default.Minimal_Default:PersistentLevel.Minimal_Default'
[2018.10.22-18.00.38:996][484]LogPlayLevel: PlayLevel: No blueprints needed recompiling
[2018.10.22-18.00.39:010][484]PIE: New page: PIE session: Minimal_Default (22 Oct 2018 20:00:39)
[2018.10.22-18.00.39:011][484]LogPlayLevel: Creating play world package: /Game/StarterContent/Maps/UEDPIE_0_Minimal_Default
[2018.10.22-18.00.39:015][484]LogPlayLevel: PIE: StaticDuplicateObject took: (0.004084s)
[2018.10.22-18.00.39:016][484]LogAIModule: Creating AISystem for world Minimal_Default
[2018.10.22-18.00.39:016][484]LogPlayLevel: PIE: World Init took: (0.000926s)
[2018.10.22-18.00.39:016][484]LogPlayLevel: PIE: Created PIE world by copying editor world from /Game/StarterContent/Maps/Minimal_Default.Minimal_Default to /Game/StarterContent/Maps/UEDPIE_0_Minimal_Default.Minimal_Default (0.005426s)
[2018.10.22-18.00.39:055][484]LogInit: XAudio2 using 'Realtek HD Audio 2nd output (Realtek High Definition Audio)' : 2 channels at 48 kHz using 32 bits per sample (channel mask 0x3)
[2018.10.22-18.00.39:070][484]LogInit: FAudioDevice initialized.
[2018.10.22-18.00.39:239][484]LogLoad: Game class is 'MySideyCPPGameModeBase_C'
[2018.10.22-18.00.39:241][484]LogWorld: Bringing World /Game/StarterContent/Maps/UEDPIE_0_Minimal_Default.Minimal_Default up for play (max tick rate 0) at 2018.10.22-19.00.39
[2018.10.22-18.00.39:242][484]LogWorld: Bringing up level for play took: 0.001372
[2018.10.22-18.00.39:263][484]LogContentBrowser: Native class hierarchy updated for 'MovieSceneCapture' in 0.0005 seconds. Added 10 classes and 0 folders.
[2018.10.22-18.00.39:267][484]PIE: Play in editor start time for /Game/StarterContent/Maps/UEDPIE_0_Minimal_Default -0.606
[2018.10.22-18.00.39:268][484]LogBlueprintUserMessages: Late PlayInEditor Detection: Level '/Game/StarterContent/Maps/Minimal_Default.Minimal_Default:PersistentLevel' has LevelScriptBlueprint '/Game/StarterContent/Maps/Minimal_Default.Minimal_Default:PersistentLevel.Minimal_Default' with GeneratedClass '/Game/StarterContent/Maps/Minimal_Default.Minimal_Default_C' with ClassGeneratedBy '/Game/StarterContent/Maps/Minimal_Default.Minimal_Default:PersistentLevel.Minimal_Default'
[2018.10.22-18.00.43:689][983]LogBlueprintUserMessages: [Player_C_0] I hit a wall
[2018.10.22-18.00.43:697][984]LogBlueprintUserMessages: [Player_C_0] I hit a wall
[2018.10.22-18.00.43:706][985]LogBlueprintUserMessages: [Player_C_0] I hit a wall
[2018.10.22-18.00.43:714][986]LogBlueprintUserMessages: [Player_C_0] I hit a wall
[2018.10.22-18.00.43:722][987]LogBlueprintUserMessages: [Player_C_0] I hit a wall
[2018.10.22-18.00.43:731][988]LogBlueprintUserMessages: [Player_C_0] I hit a wall
[2018.10.22-18.00.43:739][989]LogBlueprintUserMessages: [Player_C_0] I hit a wall
[2018.10.22-18.00.43:748][990]LogBlueprintUserMessages: [Player_C_0] I hit a wall
[2018.10.22-18.00.43:756][991]LogBlueprintUserMessages: [Player_C_0] I hit a wall
[2018.10.22-18.00.43:764][992]LogBlueprintUserMessages: [Player_C_0] I hit a wall
[2018.10.22-18.00.43:773][993]LogBlueprintUserMessages: [Player_C_0] I hit a wall
[2018.10.22-18.00.43:780][994]LogBlueprintUserMessages: [Player_C_0] I hit a wall
[2018.10.22-18.00.43:788][995]LogBlueprintUserMessages: [Player_C_0] I hit a wall
[2018.10.22-18.00.43:797][996]LogBlueprintUserMessages: [Player_C_0] I hit a wall
[2018.10.22-18.00.43:805][997]LogBlueprintUserMessages: [Player_C_0] I hit a wall
[2018.10.22-18.00.43:813][998]LogBlueprintUserMessages: [Player_C_0] I hit a wall
[2018.10.22-18.00.43:822][999]LogBlueprintUserMessages: [Player_C_0] I hit a wall
[2018.10.22-18.00.43:830][  0]LogBlueprintUserMessages: [Player_C_0] I hit a wall
[2018.10.22-18.00.43:839][  1]LogBlueprintUserMessages: [Player_C_0] I hit a wall
[2018.10.22-18.00.43:847][  2]LogBlueprintUserMessages: [Player_C_0] I hit a wall
[2018.10.22-18.00.43:855][  3]LogBlueprintUserMessages: [Player_C_0] I hit a wall
[2018.10.22-18.00.43:864][  4]LogBlueprintUserMessages: [Player_C_0] I hit a wall
[2018.10.22-18.00.43:872][  5]LogBlueprintUserMessages: [Player_C_0] I hit a wall
[2018.10.22-18.00.43:880][  6]LogBlueprintUserMessages: [Player_C_0] I hit a wall
[2018.10.22-18.00.43:889][  7]LogBlueprintUserMessages: [Player_C_0] I hit a wall
[2018.10.22-18.00.43:897][  8]LogBlueprintUserMessages: [Player_C_0] I hit a wall
[2018.10.22-18.00.43:905][  9]LogBlueprintUserMessages: [Player_C_0] I hit a wall
[2018.10.22-18.00.43:914][ 10]LogBlueprintUserMessages: [Player_C_0] I hit a wall
[2018.10.22-18.00.43:922][ 11]LogBlueprintUserMessages: [Player_C_0] I hit a wall
[2018.10.22-18.00.43:930][ 12]LogBlueprintUserMessages: [Player_C_0] I hit a wall
[2018.10.22-18.00.43:939][ 13]LogBlueprintUserMessages: [Player_C_0] I hit a wall
[2018.10.22-18.00.43:947][ 14]LogBlueprintUserMessages: [Player_C_0] I hit a wall
[2018.10.22-18.00.43:955][ 15]LogBlueprintUserMessages: [Player_C_0] I hit a wall
[2018.10.22-18.00.43:964][ 16]LogBlueprintUserMessages: [Player_C_0] I hit a wall
[2018.10.22-18.00.43:972][ 17]LogBlueprintUserMessages: [Player_C_0] I hit a wall
[2018.10.22-18.00.43:981][ 18]LogBlueprintUserMessages: [Player_C_0] I hit a wall
[2018.10.22-18.00.43:989][ 19]LogBlueprintUserMessages: [Player_C_0] I hit a wall
[2018.10.22-18.00.43:997][ 20]LogBlueprintUserMessages: [Player_C_0] I hit a wall
[2018.10.22-18.00.44:006][ 21]LogBlueprintUserMessages: [Player_C_0] I hit a wall
[2018.10.22-18.00.44:014][ 22]LogBlueprintUserMessages: [Player_C_0] I hit a wall
[2018.10.22-18.00.44:022][ 23]LogBlueprintUserMessages: [Player_C_0] I hit a wall
[2018.10.22-18.00.44:031][ 24]LogBlueprintUserMessages: [Player_C_0] I hit a wall
[2018.10.22-18.00.44:039][ 25]LogBlueprintUserMessages: [Player_C_0] I hit a wall
[2018.10.22-18.00.44:047][ 26]LogBlueprintUserMessages: [Player_C_0] I hit a wall
[2018.10.22-18.00.44:056][ 27]LogBlueprintUserMessages: [Player_C_0] I hit a wall
[2018.10.22-18.00.44:064][ 28]LogBlueprintUserMessages: [Player_C_0] I hit a wall
[2018.10.22-18.00.44:072][ 29]LogBlueprintUserMessages: [Player_C_0] I hit a wall
[2018.10.22-18.00.44:081][ 30]LogBlueprintUserMessages: [Player_C_0] I hit a wall
[2018.10.22-18.00.44:089][ 31]LogBlueprintUserMessages: [Player_C_0] I hit a wall
[2018.10.22-18.00.44:097][ 32]LogBlueprintUserMessages: [Player_C_0] I hit a wall
[2018.10.22-18.00.44:106][ 33]LogBlueprintUserMessages: [Player_C_0] I hit a wall
[2018.10.22-18.00.44:116][ 34]LogBlueprintUserMessages: [Player_C_0] I hit a wall
[2018.10.22-18.00.44:125][ 35]LogBlueprintUserMessages: [Player_C_0] I hit a wall
[2018.10.22-18.00.44:133][ 36]LogBlueprintUserMessages: [Player_C_0] I hit a wall
[2018.10.22-18.00.44:141][ 37]LogBlueprintUserMessages: [Player_C_0] I hit a wall
[2018.10.22-18.00.44:150][ 38]LogBlueprintUserMessages: [Player_C_0] I hit a wall
[2018.10.22-18.00.44:157][ 39]LogBlueprintUserMessages: [Player_C_0] I hit a wall
[2018.10.22-18.00.44:166][ 40]LogBlueprintUserMessages: [Player_C_0] I hit a wall
[2018.10.22-18.00.44:215][ 41]LogBlueprintUserMessages: [Player_C_0] I hit a wall
[2018.10.22-18.00.44:224][ 42]LogBlueprintUserMessages: [Player_C_0] I hit a wall
[2018.10.22-18.00.44:232][ 43]LogBlueprintUserMessages: [Player_C_0] I hit a wall
[2018.10.22-18.00.44:240][ 44]LogBlueprintUserMessages: [Player_C_0] I hit a wall
[2018.10.22-18.00.44:248][ 45]LogBlueprintUserMessages: [Player_C_0] I hit a wall
[2018.10.22-18.00.44:257][ 46]LogBlueprintUserMessages: [Player_C_0] I hit a wall
[2018.10.22-18.00.44:265][ 47]LogBlueprintUserMessages: [Player_C_0] I hit a wall
[2018.10.22-18.00.44:273][ 48]LogBlueprintUserMessages: [Player_C_0] I hit a wall
[2018.10.22-18.00.44:282][ 49]LogBlueprintUserMessages: [Player_C_0] I hit a wall
[2018.10.22-18.00.44:290][ 50]LogBlueprintUserMessages: [Player_C_0] I hit a wall
[2018.10.22-18.00.44:298][ 51]LogBlueprintUserMessages: [Player_C_0] I hit a wall
[2018.10.22-18.00.44:307][ 52]LogBlueprintUserMessages: [Player_C_0] I hit a wall
[2018.10.22-18.00.44:315][ 53]LogBlueprintUserMessages: [Player_C_0] I hit a wall
[2018.10.22-18.00.44:324][ 54]LogBlueprintUserMessages: [Player_C_0] I hit a wall
[2018.10.22-18.00.44:332][ 55]LogBlueprintUserMessages: [Player_C_0] I hit a wall
[2018.10.22-18.00.44:340][ 56]LogBlueprintUserMessages: [Player_C_0] I hit a wall
[2018.10.22-18.00.44:348][ 57]LogBlueprintUserMessages: [Player_C_0] I hit a wall
[2018.10.22-18.00.44:357][ 58]LogBlueprintUserMessages: [Player_C_0] I hit a wall
[2018.10.22-18.00.44:365][ 59]LogBlueprintUserMessages: [Player_C_0] I hit a wall
[2018.10.22-18.00.44:374][ 60]LogBlueprintUserMessages: [Player_C_0] I hit a wall
[2018.10.22-18.00.44:382][ 61]LogBlueprintUserMessages: [Player_C_0] I hit a wall
[2018.10.22-18.00.44:390][ 62]LogBlueprintUserMessages: [Player_C_0] I hit a wall
[2018.10.22-18.00.44:399][ 63]LogBlueprintUserMessages: [Player_C_0] I hit a wall
[2018.10.22-18.00.44:407][ 64]LogBlueprintUserMessages: [Player_C_0] I hit a wall
[2018.10.22-18.00.44:415][ 65]LogBlueprintUserMessages: [Player_C_0] I hit a wall
[2018.10.22-18.00.44:424][ 66]LogBlueprintUserMessages: [Player_C_0] I hit a wall
[2018.10.22-18.00.44:432][ 67]LogBlueprintUserMessages: [Player_C_0] I hit a wall
[2018.10.22-18.00.44:440][ 68]LogBlueprintUserMessages: [Player_C_0] I hit a wall
[2018.10.22-18.00.44:449][ 69]LogBlueprintUserMessages: [Player_C_0] I hit a wall
[2018.10.22-18.00.44:457][ 70]LogBlueprintUserMessages: [Player_C_0] I hit a wall
[2018.10.22-18.00.44:465][ 71]LogBlueprintUserMessages: [Player_C_0] I hit a wall
[2018.10.22-18.00.44:474][ 72]LogBlueprintUserMessages: [Player_C_0] I hit a wall
[2018.10.22-18.00.44:483][ 73]LogBlueprintUserMessages: [Player_C_0] I hit a wall
[2018.10.22-18.00.44:491][ 74]LogBlueprintUserMessages: [Player_C_0] I hit a wall
[2018.10.22-18.00.44:499][ 75]LogBlueprintUserMessages: [Player_C_0] I hit a wall
[2018.10.22-18.00.44:508][ 76]LogBlueprintUserMessages: [Player_C_0] I hit a wall
[2018.10.22-18.00.44:516][ 77]LogBlueprintUserMessages: [Player_C_0] I hit a wall
[2018.10.22-18.00.44:524][ 78]LogBlueprintUserMessages: [Player_C_0] I hit a wall
[2018.10.22-18.00.44:531][ 79]LogBlueprintUserMessages: [Player_C_0] I hit a wall
[2018.10.22-18.00.44:540][ 80]LogBlueprintUserMessages: [Player_C_0] I hit a wall
[2018.10.22-18.00.44:548][ 81]LogBlueprintUserMessages: [Player_C_0] I hit a wall
[2018.10.22-18.00.44:557][ 82]LogBlueprintUserMessages: [Player_C_0] I hit a wall
[2018.10.22-18.00.44:565][ 83]LogBlueprintUserMessages: [Player_C_0] I hit a wall
[2018.10.22-18.00.44:574][ 84]LogBlueprintUserMessages: [Player_C_0] I hit a wall
[2018.10.22-18.00.44:582][ 85]LogBlueprintUserMessages: [Player_C_0] I hit a wall
[2018.10.22-18.00.44:590][ 86]LogBlueprintUserMessages: [Player_C_0] I hit a wall
[2018.10.22-18.00.44:598][ 87]LogBlueprintUserMessages: [Player_C_0] I hit a wall
[2018.10.22-18.00.44:607][ 88]LogBlueprintUserMessages: [Player_C_0] I hit a wall
[2018.10.22-18.00.44:615][ 89]LogBlueprintUserMessages: [Player_C_0] I hit a wall
[2018.10.22-18.00.44:624][ 90]LogBlueprintUserMessages: [Player_C_0] I hit a wall
[2018.10.22-18.00.44:632][ 91]LogBlueprintUserMessages: [Player_C_0] I hit a wall
[2018.10.22-18.00.44:640][ 92]LogBlueprintUserMessages: [Player_C_0] I hit a wall
[2018.10.22-18.00.44:648][ 93]LogBlueprintUserMessages: [Player_C_0] I hit a wall
[2018.10.22-18.00.44:657][ 94]LogBlueprintUserMessages: [Player_C_0] I hit a wall
[2018.10.22-18.00.44:665][ 95]LogBlueprintUserMessages: [Player_C_0] I hit a wall
[2018.10.22-18.00.44:674][ 96]LogBlueprintUserMessages: [Player_C_0] I hit a wall
[2018.10.22-18.00.44:682][ 97]LogBlueprintUserMessages: [Player_C_0] I hit a wall
[2018.10.22-18.00.44:690][ 98]LogBlueprintUserMessages: [Player_C_0] I hit a wall
[2018.10.22-18.00.44:698][ 99]LogBlueprintUserMessages: [Player_C_0] I hit a wall
[2018.10.22-18.00.44:707][100]LogBlueprintUserMessages: [Player_C_0] I hit a wall
[2018.10.22-18.00.44:715][101]LogBlueprintUserMessages: [Player_C_0] I hit a wall
[2018.10.22-18.00.44:724][102]LogBlueprintUserMessages: [Player_C_0] I hit a wall
[2018.10.22-18.00.44:732][103]LogBlueprintUserMessages: [Player_C_0] I hit a wall
[2018.10.22-18.00.44:741][104]LogBlueprintUserMessages: [Player_C_0] I hit a wall
[2018.10.22-18.00.44:751][105]LogBlueprintUserMessages: [Player_C_0] I hit a wall
[2018.10.22-18.00.44:760][106]LogBlueprintUserMessages: [Player_C_0] I hit a wall
[2018.10.22-18.00.44:768][107]LogBlueprintUserMessages: [Player_C_0] I hit a wall
[2018.10.22-18.00.44:776][108]LogBlueprintUserMessages: [Player_C_0] I hit a wall
[2018.10.22-18.00.44:785][109]LogBlueprintUserMessages: [Player_C_0] I hit a wall
[2018.10.22-18.00.44:793][110]LogBlueprintUserMessages: [Player_C_0] I hit a wall
[2018.10.22-18.00.44:801][111]LogBlueprintUserMessages: [Player_C_0] I hit a wall
[2018.10.22-18.00.44:810][112]LogBlueprintUserMessages: [Player_C_0] I hit a wall
[2018.10.22-18.00.44:818][113]LogBlueprintUserMessages: [Player_C_0] I hit a wall
[2018.10.22-18.00.44:826][114]LogBlueprintUserMessages: [Player_C_0] I hit a wall
[2018.10.22-18.00.44:835][115]LogBlueprintUserMessages: [Player_C_0] I hit a wall
[2018.10.22-18.00.44:843][116]LogBlueprintUserMessages: [Player_C_0] I hit a wall
[2018.10.22-18.00.44:852][117]LogBlueprintUserMessages: [Player_C_0] I hit a wall
[2018.10.22-18.00.44:860][118]LogBlueprintUserMessages: [Player_C_0] I hit a wall
[2018.10.22-18.00.44:868][119]LogBlueprintUserMessages: [Player_C_0] I hit a wall
[2018.10.22-18.00.44:877][120]LogBlueprintUserMessages: [Player_C_0] I hit a wall
[2018.10.22-18.00.44:885][121]LogBlueprintUserMessages: [Player_C_0] I hit a wall
[2018.10.22-18.00.44:894][122]LogBlueprintUserMessages: [Player_C_0] I hit a wall
[2018.10.22-18.00.44:902][123]LogBlueprintUserMessages: [Player_C_0] I hit a wall
[2018.10.22-18.00.44:909][124]LogBlueprintUserMessages: [Player_C_0] I hit a wall
[2018.10.22-18.00.44:917][125]LogBlueprintUserMessages: [Player_C_0] I hit a wall
[2018.10.22-18.00.44:926][126]LogBlueprintUserMessages: [Player_C_0] I hit a wall
[2018.10.22-18.00.44:934][127]LogBlueprintUserMessages: [Player_C_0] I hit a wall
[2018.10.22-18.00.44:942][128]LogBlueprintUserMessages: [Player_C_0] I hit a wall
[2018.10.22-18.00.44:951][129]LogBlueprintUserMessages: [Player_C_0] I hit a wall
[2018.10.22-18.00.44:959][130]LogBlueprintUserMessages: [Player_C_0] I hit a wall
[2018.10.22-18.00.44:968][131]LogBlueprintUserMessages: [Player_C_0] I hit a wall
[2018.10.22-18.00.44:976][132]LogBlueprintUserMessages: [Player_C_0] I hit a wall
[2018.10.22-18.00.44:984][133]LogBlueprintUserMessages: [Player_C_0] I hit a wall
[2018.10.22-18.00.44:993][134]LogBlueprintUserMessages: [Player_C_0] I hit a wall
[2018.10.22-18.00.45:001][135]LogBlueprintUserMessages: [Player_C_0] I hit a wall
[2018.10.22-18.00.45:009][136]LogBlueprintUserMessages: [Player_C_0] I hit a wall
[2018.10.22-18.00.45:018][137]LogBlueprintUserMessages: [Player_C_0] I hit a wall
[2018.10.22-18.00.45:026][138]LogBlueprintUserMessages: [Player_C_0] I hit a wall
[2018.10.22-18.00.45:034][139]LogBlueprintUserMessages: [Player_C_0] I hit a wall
[2018.10.22-18.00.45:043][140]LogBlueprintUserMessages: [Player_C_0] I hit a wall
[2018.10.22-18.00.45:051][141]LogBlueprintUserMessages: [Player_C_0] I hit a wall
[2018.10.22-18.00.45:060][142]LogBlueprintUserMessages: [Player_C_0] I hit a wall
[2018.10.22-18.00.45:068][143]LogBlueprintUserMessages: [Player_C_0] I hit a wall
[2018.10.22-18.00.45:076][144]LogBlueprintUserMessages: [Player_C_0] I hit a wall
[2018.10.22-18.00.45:084][145]LogBlueprintUserMessages: [Player_C_0] I hit a wall
[2018.10.22-18.00.45:093][146]LogBlueprintUserMessages: [Player_C_0] I hit a wall
[2018.10.22-18.00.45:101][147]LogBlueprintUserMessages: [Player_C_0] I hit a wall
[2018.10.22-18.00.45:110][148]LogBlueprintUserMessages: [Player_C_0] I hit a wall
[2018.10.22-18.00.45:118][149]LogBlueprintUserMessages: [Player_C_0] I hit a wall
[2018.10.22-18.00.45:126][150]LogBlueprintUserMessages: [Player_C_0] I hit a wall
[2018.10.22-18.00.45:135][151]LogBlueprintUserMessages: [Player_C_0] I hit a wall
[2018.10.22-18.00.45:143][152]LogBlueprintUserMessages: [Player_C_0] I hit a wall
[2018.10.22-18.00.45:151][153]LogBlueprintUserMessages: [Player_C_0] I hit a wall
[2018.10.22-18.00.45:160][154]LogBlueprintUserMessages: [Player_C_0] I hit a wall
[2018.10.22-18.00.45:168][155]LogBlueprintUserMessages: [Player_C_0] I hit a wall
[2018.10.22-18.00.45:176][156]LogBlueprintUserMessages: [Player_C_0] I hit a wall
[2018.10.22-18.00.45:185][157]LogBlueprintUserMessages: [Player_C_0] I hit a wall
[2018.10.22-18.00.45:193][158]LogBlueprintUserMessages: [Player_C_0] I hit a wall
[2018.10.22-18.00.45:201][159]LogBlueprintUserMessages: [Player_C_0] I hit a wall
[2018.10.22-18.00.45:210][160]LogBlueprintUserMessages: [Player_C_0] I hit a wall
[2018.10.22-18.00.45:233][161]LogBlueprintUserMessages: [Player_C_0] I hit a wall
[2018.10.22-18.00.45:277][162]LogBlueprintUserMessages: [Player_C_0] I hit a wall
[2018.10.22-18.00.45:285][163]LogBlueprintUserMessages: [Player_C_0] I hit a wall
[2018.10.22-18.00.45:293][164]LogBlueprintUserMessages: [Player_C_0] I hit a wall
[2018.10.22-18.00.45:302][165]LogBlueprintUserMessages: [Player_C_0] I hit a wall
[2018.10.22-18.00.45:310][166]LogBlueprintUserMessages: [Player_C_0] I hit a wall
[2018.10.22-18.00.45:318][167]LogBlueprintUserMessages: [Player_C_0] I hit a wall
[2018.10.22-18.00.45:327][168]LogBlueprintUserMessages: [Player_C_0] I hit a wall
[2018.10.22-18.00.45:335][169]LogBlueprintUserMessages: [Player_C_0] I hit a wall
[2018.10.22-18.00.45:344][170]LogBlueprintUserMessages: [Player_C_0] I hit a wall
[2018.10.22-18.00.45:352][171]LogBlueprintUserMessages: [Player_C_0] I hit a wall
[2018.10.22-18.00.45:360][172]LogBlueprintUserMessages: [Player_C_0] I hit a wall
[2018.10.22-18.00.45:368][173]LogBlueprintUserMessages: [Player_C_0] I hit a wall
[2018.10.22-18.00.45:377][174]LogBlueprintUserMessages: [Player_C_0] I hit a wall
[2018.10.22-18.00.45:385][175]LogBlueprintUserMessages: [Player_C_0] I hit a wall
[2018.10.22-18.00.45:393][176]LogBlueprintUserMessages: [Player_C_0] I hit a wall
[2018.10.22-18.00.45:402][177]LogBlueprintUserMessages: [Player_C_0] I hit a wall
[2018.10.22-18.00.45:410][178]LogBlueprintUserMessages: [Player_C_0] I hit a wall
[2018.10.22-18.00.45:419][179]LogBlueprintUserMessages: [Player_C_0] I hit a wall
[2018.10.22-18.00.45:427][180]LogBlueprintUserMessages: [Player_C_0] I hit a wall
[2018.10.22-18.00.45:435][181]LogBlueprintUserMessages: [Player_C_0] I hit a wall
[2018.10.22-18.00.45:444][182]LogBlueprintUserMessages: [Player_C_0] I hit a wall
[2018.10.22-18.00.45:452][183]LogBlueprintUserMessages: [Player_C_0] I hit a wall
[2018.10.22-18.00.45:460][184]LogBlueprintUserMessages: [Player_C_0] I hit a wall
[2018.10.22-18.00.45:469][185]LogBlueprintUserMessages: [Player_C_0] I hit a wall
[2018.10.22-18.00.45:477][186]LogBlueprintUserMessages: [Player_C_0] I hit a wall
[2018.10.22-18.00.45:491][187]LogBlueprintUserMessages: [Player_C_0] I hit a wall
[2018.10.22-18.00.45:499][188]LogBlueprintUserMessages: [Player_C_0] I hit a wall
[2018.10.22-18.00.45:507][189]LogBlueprintUserMessages: [Player_C_0] I hit a wall
[2018.10.22-18.00.45:516][190]LogBlueprintUserMessages: [Player_C_0] I hit a wall
[2018.10.22-18.00.45:524][191]LogBlueprintUserMessages: [Player_C_0] I hit a wall
[2018.10.22-18.00.45:532][192]LogBlueprintUserMessages: [Player_C_0] I hit a wall
[2018.10.22-18.00.45:541][193]LogBlueprintUserMessages: [Player_C_0] I hit a wall
[2018.10.22-18.00.45:549][194]LogBlueprintUserMessages: [Player_C_0] I hit a wall
[2018.10.22-18.00.45:557][195]LogBlueprintUserMessages: [Player_C_0] I hit a wall
[2018.10.22-18.00.45:566][196]LogBlueprintUserMessages: [Player_C_0] I hit a wall
[2018.10.22-18.00.45:574][197]LogBlueprintUserMessages: [Player_C_0] I hit a wall
[2018.10.22-18.00.45:582][198]LogBlueprintUserMessages: [Player_C_0] I hit a wall
[2018.10.22-18.00.45:591][199]LogBlueprintUserMessages: [Player_C_0] I hit a wall
[2018.10.22-18.00.45:599][200]LogBlueprintUserMessages: [Player_C_0] I hit a wall
[2018.10.22-18.00.45:608][201]LogBlueprintUserMessages: [Player_C_0] I hit a wall
[2018.10.22-18.00.45:616][202]LogBlueprintUserMessages: [Player_C_0] I hit a wall
[2018.10.22-18.00.45:624][203]LogBlueprintUserMessages: [Player_C_0] I hit a wall
[2018.10.22-18.00.45:632][204]LogBlueprintUserMessages: [Player_C_0] I hit a wall
[2018.10.22-18.00.45:641][205]LogBlueprintUserMessages: [Player_C_0] I hit a wall
[2018.10.22-18.00.45:649][206]LogBlueprintUserMessages: [Player_C_0] I hit a wall
[2018.10.22-18.00.45:656][207]LogBlueprintUserMessages: [Player_C_0] I hit a wall
[2018.10.22-18.00.45:665][208]LogBlueprintUserMessages: [Player_C_0] I hit a wall
[2018.10.22-18.00.45:673][209]LogBlueprintUserMessages: [Player_C_0] I hit a wall
[2018.10.22-18.00.45:681][210]LogBlueprintUserMessages: [Player_C_0] I hit a wall
[2018.10.22-18.00.45:691][211]LogBlueprintUserMessages: [Player_C_0] I hit a wall
[2018.10.22-18.00.45:698][212]LogBlueprintUserMessages: [Player_C_0] I hit a wall
[2018.10.22-18.00.45:707][213]LogBlueprintUserMessages: [Player_C_0] I hit a wall
[2018.10.22-18.00.45:715][214]LogBlueprintUserMessages: [Player_C_0] I hit a wall
[2018.10.22-18.00.45:723][215]LogBlueprintUserMessages: [Player_C_0] I hit a wall
[2018.10.22-18.00.45:732][216]LogBlueprintUserMessages: [Player_C_0] I hit a wall
[2018.10.22-18.00.45:740][217]LogBlueprintUserMessages: [Player_C_0] I hit a wall
[2018.10.22-18.00.45:748][218]LogBlueprintUserMessages: [Player_C_0] I hit a wall
[2018.10.22-18.00.45:757][219]LogBlueprintUserMessages: [Player_C_0] I hit a wall
[2018.10.22-18.00.45:769][220]LogBlueprintUserMessages: [Player_C_0] I hit a wall
[2018.10.22-18.00.45:777][221]LogBlueprintUserMessages: [Player_C_0] I hit a wall
[2018.10.22-18.00.45:785][222]LogBlueprintUserMessages: [Player_C_0] I hit a wall
[2018.10.22-18.00.45:794][223]LogBlueprintUserMessages: [Player_C_0] I hit a wall
[2018.10.22-18.00.45:802][224]LogBlueprintUserMessages: [Player_C_0] I hit a wall
[2018.10.22-18.00.45:810][225]LogBlueprintUserMessages: [Player_C_0] I hit a wall
[2018.10.22-18.00.45:819][226]LogBlueprintUserMessages: [Player_C_0] I hit a wall
[2018.10.22-18.00.45:827][227]LogBlueprintUserMessages: [Player_C_0] I hit a wall
[2018.10.22-18.00.45:835][228]LogBlueprintUserMessages: [Player_C_0] I hit a wall
[2018.10.22-18.00.45:844][229]LogBlueprintUserMessages: [Player_C_0] I hit a wall
[2018.10.22-18.00.45:852][230]LogBlueprintUserMessages: [Player_C_0] I hit a wall
[2018.10.22-18.00.45:860][231]LogBlueprintUserMessages: [Player_C_0] I hit a wall
[2018.10.22-18.00.45:869][232]LogBlueprintUserMessages: [Player_C_0] I hit a wall
[2018.10.22-18.00.45:877][233]LogBlueprintUserMessages: [Player_C_0] I hit a wall
[2018.10.22-18.00.45:885][234]LogBlueprintUserMessages: [Player_C_0] I hit a wall
[2018.10.22-18.00.45:894][235]LogBlueprintUserMessages: [Player_C_0] I hit a wall
[2018.10.22-18.00.45:902][236]LogBlueprintUserMessages: [Player_C_0] I hit a wall
[2018.10.22-18.00.45:911][237]LogBlueprintUserMessages: [Player_C_0] I hit a wall
[2018.10.22-18.00.45:919][238]LogBlueprintUserMessages: [Player_C_0] I hit a wall
[2018.10.22-18.00.45:927][239]LogBlueprintUserMessages: [Player_C_0] I hit a wall
[2018.10.22-18.00.45:936][240]LogBlueprintUserMessages: [Player_C_0] I hit a wall
[2018.10.22-18.00.46:069][256]LogBlueprintUserMessages: Early EndPlayMap Detection: Level '/Game/StarterContent/Maps/Minimal_Default.Minimal_Default:PersistentLevel' has LevelScriptBlueprint '/Game/StarterContent/Maps/Minimal_Default.Minimal_Default:PersistentLevel.Minimal_Default' with GeneratedClass '/Game/StarterContent/Maps/Minimal_Default.Minimal_Default_C' with ClassGeneratedBy '/Game/StarterContent/Maps/Minimal_Default.Minimal_Default:PersistentLevel.Minimal_Default'
[2018.10.22-18.00.46:070][256]LogSlate: Updating window title bar state: overlay mode, drag disabled, window buttons hidden, title bar hidden
[2018.10.22-18.00.46:112][256]LogPlayLevel: Display: Shutting down PIE online subsystems
[2018.10.22-18.00.46:112][256]LogBlueprintUserMessages: Late EndPlayMap Detection: Level '/Game/StarterContent/Maps/Minimal_Default.Minimal_Default:PersistentLevel' has LevelScriptBlueprint '/Game/StarterContent/Maps/Minimal_Default.Minimal_Default:PersistentLevel.Minimal_Default' with GeneratedClass '/Game/StarterContent/Maps/Minimal_Default.Minimal_Default_C' with ClassGeneratedBy '/Game/StarterContent/Maps/Minimal_Default.Minimal_Default:PersistentLevel.Minimal_Default'
[2018.10.22-18.00.46:143][256]LogSlate: Updating window title bar state: overlay mode, drag disabled, window buttons hidden, title bar hidden
[2018.10.22-18.00.46:184][258]LogPlayLevel: Display: Destroying online subsystem :Context_2
[2018.10.22-18.00.46:907][338]LogSlate: FSceneViewport::OnFocusLost() reason 0
[2018.10.22-18.00.46:986][347]LogTemp: Repeating last play command: Selected Viewport
[2018.10.22-18.00.47:003][347]LogBlueprintUserMessages: Early PlayInEditor Detection: Level '/Game/StarterContent/Maps/Minimal_Default.Minimal_Default:PersistentLevel' has LevelScriptBlueprint '/Game/StarterContent/Maps/Minimal_Default.Minimal_Default:PersistentLevel.Minimal_Default' with GeneratedClass '/Game/StarterContent/Maps/Minimal_Default.Minimal_Default_C' with ClassGeneratedBy '/Game/StarterContent/Maps/Minimal_Default.Minimal_Default:PersistentLevel.Minimal_Default'
[2018.10.22-18.00.47:003][347]LogPlayLevel: PlayLevel: No blueprints needed recompiling
[2018.10.22-18.00.47:003][347]PIE: New page: PIE session: Minimal_Default (22 Oct 2018 20:00:47)
[2018.10.22-18.00.47:003][347]LogPlayLevel: Creating play world package: /Game/StarterContent/Maps/UEDPIE_0_Minimal_Default
[2018.10.22-18.00.47:007][347]LogPlayLevel: PIE: StaticDuplicateObject took: (0.003180s)
[2018.10.22-18.00.47:007][347]LogAIModule: Creating AISystem for world Minimal_Default
[2018.10.22-18.00.47:008][347]LogPlayLevel: PIE: World Init took: (0.000976s)
[2018.10.22-18.00.47:008][347]LogPlayLevel: PIE: Created PIE world by copying editor world from /Game/StarterContent/Maps/Minimal_Default.Minimal_Default to /Game/StarterContent/Maps/UEDPIE_0_Minimal_Default.Minimal_Default (0.004528s)
[2018.10.22-18.00.47:042][347]LogInit: XAudio2 using 'Realtek HD Audio 2nd output (Realtek High Definition Audio)' : 2 channels at 48 kHz using 32 bits per sample (channel mask 0x3)
[2018.10.22-18.00.47:056][347]LogInit: FAudioDevice initialized.
[2018.10.22-18.00.47:093][347]LogLoad: Game class is 'MySideyCPPGameModeBase_C'
[2018.10.22-18.00.47:096][347]LogWorld: Bringing World /Game/StarterContent/Maps/UEDPIE_0_Minimal_Default.Minimal_Default up for play (max tick rate 0) at 2018.10.22-19.00.47
[2018.10.22-18.00.47:096][347]LogWorld: Bringing up level for play took: 0.001964
[2018.10.22-18.00.47:117][347]PIE: Play in editor start time for /Game/StarterContent/Maps/UEDPIE_0_Minimal_Default -0.757
[2018.10.22-18.00.47:117][347]LogBlueprintUserMessages: Late PlayInEditor Detection: Level '/Game/StarterContent/Maps/Minimal_Default.Minimal_Default:PersistentLevel' has LevelScriptBlueprint '/Game/StarterContent/Maps/Minimal_Default.Minimal_Default:PersistentLevel.Minimal_Default' with GeneratedClass '/Game/StarterContent/Maps/Minimal_Default.Minimal_Default_C' with ClassGeneratedBy '/Game/StarterContent/Maps/Minimal_Default.Minimal_Default:PersistentLevel.Minimal_Default'
[2018.10.22-18.00.52:759][969]LogBlueprintUserMessages: Early EndPlayMap Detection: Level '/Game/StarterContent/Maps/Minimal_Default.Minimal_Default:PersistentLevel' has LevelScriptBlueprint '/Game/StarterContent/Maps/Minimal_Default.Minimal_Default:PersistentLevel.Minimal_Default' with GeneratedClass '/Game/StarterContent/Maps/Minimal_Default.Minimal_Default_C' with ClassGeneratedBy '/Game/StarterContent/Maps/Minimal_Default.Minimal_Default:PersistentLevel.Minimal_Default'
[2018.10.22-18.00.52:760][969]LogSlate: Updating window title bar state: overlay mode, drag disabled, window buttons hidden, title bar hidden
[2018.10.22-18.00.52:801][969]LogPlayLevel: Display: Shutting down PIE online subsystems
[2018.10.22-18.00.52:801][969]LogBlueprintUserMessages: Late EndPlayMap Detection: Level '/Game/StarterContent/Maps/Minimal_Default.Minimal_Default:PersistentLevel' has LevelScriptBlueprint '/Game/StarterContent/Maps/Minimal_Default.Minimal_Default:PersistentLevel.Minimal_Default' with GeneratedClass '/Game/StarterContent/Maps/Minimal_Default.Minimal_Default_C' with ClassGeneratedBy '/Game/StarterContent/Maps/Minimal_Default.Minimal_Default:PersistentLevel.Minimal_Default'
[2018.10.22-18.00.52:844][969]LogSlate: Updating window title bar state: overlay mode, drag disabled, window buttons hidden, title bar hidden
[2018.10.22-18.00.52:862][970]LogPlayLevel: Display: Destroying online subsystem :Context_4
[2018.10.22-18.00.53:909][ 84]LogSlate: FSceneViewport::OnFocusLost() reason 0
[2018.10.22-18.00.53:993][ 94]LogTemp: Repeating last play command: Selected Viewport
[2018.10.22-18.00.54:010][ 94]LogBlueprintUserMessages: Early PlayInEditor Detection: Level '/Game/StarterContent/Maps/Minimal_Default.Minimal_Default:PersistentLevel' has LevelScriptBlueprint '/Game/StarterContent/Maps/Minimal_Default.Minimal_Default:PersistentLevel.Minimal_Default' with GeneratedClass '/Game/StarterContent/Maps/Minimal_Default.Minimal_Default_C' with ClassGeneratedBy '/Game/StarterContent/Maps/Minimal_Default.Minimal_Default:PersistentLevel.Minimal_Default'
[2018.10.22-18.00.54:011][ 94]LogPlayLevel: PlayLevel: No blueprints needed recompiling
[2018.10.22-18.00.54:011][ 94]PIE: New page: PIE session: Minimal_Default (22 Oct 2018 20:00:54)
[2018.10.22-18.00.54:011][ 94]LogPlayLevel: Creating play world package: /Game/StarterContent/Maps/UEDPIE_0_Minimal_Default
[2018.10.22-18.00.54:014][ 94]LogPlayLevel: PIE: StaticDuplicateObject took: (0.003165s)
[2018.10.22-18.00.54:015][ 94]LogAIModule: Creating AISystem for world Minimal_Default
[2018.10.22-18.00.54:015][ 94]LogPlayLevel: PIE: World Init took: (0.000741s)
[2018.10.22-18.00.54:015][ 94]LogPlayLevel: PIE: Created PIE world by copying editor world from /Game/StarterContent/Maps/Minimal_Default.Minimal_Default to /Game/StarterContent/Maps/UEDPIE_0_Minimal_Default.Minimal_Default (0.004246s)
[2018.10.22-18.00.54:051][ 94]LogInit: XAudio2 using 'Realtek HD Audio 2nd output (Realtek High Definition Audio)' : 2 channels at 48 kHz using 32 bits per sample (channel mask 0x3)
[2018.10.22-18.00.54:065][ 94]LogInit: FAudioDevice initialized.
[2018.10.22-18.00.54:108][ 94]LogLoad: Game class is 'MySideyCPPGameModeBase_C'
[2018.10.22-18.00.54:112][ 94]LogWorld: Bringing World /Game/StarterContent/Maps/UEDPIE_0_Minimal_Default.Minimal_Default up for play (max tick rate 0) at 2018.10.22-19.00.54
[2018.10.22-18.00.54:113][ 94]LogWorld: Bringing up level for play took: 0.002657
[2018.10.22-18.00.54:132][ 94]PIE: Play in editor start time for /Game/StarterContent/Maps/UEDPIE_0_Minimal_Default 0.259
[2018.10.22-18.00.54:133][ 94]LogBlueprintUserMessages: Late PlayInEditor Detection: Level '/Game/StarterContent/Maps/Minimal_Default.Minimal_Default:PersistentLevel' has LevelScriptBlueprint '/Game/StarterContent/Maps/Minimal_Default.Minimal_Default:PersistentLevel.Minimal_Default' with GeneratedClass '/Game/StarterContent/Maps/Minimal_Default.Minimal_Default_C' with ClassGeneratedBy '/Game/StarterContent/Maps/Minimal_Default.Minimal_Default:PersistentLevel.Minimal_Default'
[2018.10.22-18.01.11:707][ 60]LogBlueprintUserMessages: Early EndPlayMap Detection: Level '/Game/StarterContent/Maps/Minimal_Default.Minimal_Default:PersistentLevel' has LevelScriptBlueprint '/Game/StarterContent/Maps/Minimal_Default.Minimal_Default:PersistentLevel.Minimal_Default' with GeneratedClass '/Game/StarterContent/Maps/Minimal_Default.Minimal_Default_C' with ClassGeneratedBy '/Game/StarterContent/Maps/Minimal_Default.Minimal_Default:PersistentLevel.Minimal_Default'
[2018.10.22-18.01.11:708][ 60]LogSlate: Updating window title bar state: overlay mode, drag disabled, window buttons hidden, title bar hidden
[2018.10.22-18.01.11:793][ 60]LogPlayLevel: Display: Shutting down PIE online subsystems
[2018.10.22-18.01.11:793][ 60]LogBlueprintUserMessages: Late EndPlayMap Detection: Level '/Game/StarterContent/Maps/Minimal_Default.Minimal_Default:PersistentLevel' has LevelScriptBlueprint '/Game/StarterContent/Maps/Minimal_Default.Minimal_Default:PersistentLevel.Minimal_Default' with GeneratedClass '/Game/StarterContent/Maps/Minimal_Default.Minimal_Default_C' with ClassGeneratedBy '/Game/StarterContent/Maps/Minimal_Default.Minimal_Default:PersistentLevel.Minimal_Default'
[2018.10.22-18.01.11:831][ 60]LogSlate: Updating window title bar state: overlay mode, drag disabled, window buttons hidden, title bar hidden
[2018.10.22-18.01.11:850][ 61]LogPlayLevel: Display: Destroying online subsystem :Context_5
[2018.10.22-18.01.18:347][758]LogEditorViewport: Clicking on Actor (LMB): WebPoint_Base_C (WebPoint_Base)
[2018.10.22-18.01.26:276][574]LogSlate: Took 0.000203 seconds to synchronously load lazily loaded font '../../../Engine/Content/Slate/Fonts/Roboto-Light.ttf' (167K)
[2018.10.22-18.01.26:279][574]LogSlate: FSceneViewport::OnFocusLost() reason 2
[2018.10.22-18.01.26:449][574]LogSavePackage: Moving '../../../../../../Users/w017177h/Documents/GitHub/SpideyCPP/SideyCPP/Saved/Minimal_Default281CF846441012F9C4D4168F88AC2E82.tmp' to '../../../../../../Users/w017177h/Documents/GitHub/SpideyCPP/SideyCPP/Content/StarterContent/Maps/Minimal_Default.umap'
[2018.10.22-18.01.26:548][574]LogSavePackage: Moving '../../../../../../Users/w017177h/Documents/GitHub/SpideyCPP/SideyCPP/Saved/Minimal_Default_BuiltDataC369E2204EADBF6D4917DE8633DC8C93.tmp' to '../../../../../../Users/w017177h/Documents/GitHub/SpideyCPP/SideyCPP/Content/StarterContent/Maps/Minimal_Default_BuiltData.uasset'
[2018.10.22-18.01.26:981][617]LogSlate: FSceneViewport::OnFocusLost() reason 0
[2018.10.22-18.01.27:071][627]LogTemp: Repeating last play command: Selected Viewport
[2018.10.22-18.01.27:088][627]LogBlueprintUserMessages: Early PlayInEditor Detection: Level '/Game/StarterContent/Maps/Minimal_Default.Minimal_Default:PersistentLevel' has LevelScriptBlueprint '/Game/StarterContent/Maps/Minimal_Default.Minimal_Default:PersistentLevel.Minimal_Default' with GeneratedClass '/Game/StarterContent/Maps/Minimal_Default.Minimal_Default_C' with ClassGeneratedBy '/Game/StarterContent/Maps/Minimal_Default.Minimal_Default:PersistentLevel.Minimal_Default'
[2018.10.22-18.01.27:088][627]LogPlayLevel: PlayLevel: No blueprints needed recompiling
[2018.10.22-18.01.27:088][627]PIE: New page: PIE session: Minimal_Default (22 Oct 2018 20:01:27)
[2018.10.22-18.01.27:089][627]LogPlayLevel: Creating play world package: /Game/StarterContent/Maps/UEDPIE_0_Minimal_Default
[2018.10.22-18.01.27:092][627]LogPlayLevel: PIE: StaticDuplicateObject took: (0.003497s)
[2018.10.22-18.01.27:093][627]LogAIModule: Creating AISystem for world Minimal_Default
[2018.10.22-18.01.27:093][627]LogPlayLevel: PIE: World Init took: (0.000997s)
[2018.10.22-18.01.27:093][627]LogPlayLevel: PIE: Created PIE world by copying editor world from /Game/StarterContent/Maps/Minimal_Default.Minimal_Default to /Game/StarterContent/Maps/UEDPIE_0_Minimal_Default.Minimal_Default (0.004832s)
[2018.10.22-18.01.27:128][627]LogInit: XAudio2 using 'Realtek HD Audio 2nd output (Realtek High Definition Audio)' : 2 channels at 48 kHz using 32 bits per sample (channel mask 0x3)
[2018.10.22-18.01.27:142][627]LogInit: FAudioDevice initialized.
[2018.10.22-18.01.27:192][627]LogLoad: Game class is 'MySideyCPPGameModeBase_C'
[2018.10.22-18.01.27:195][627]LogWorld: Bringing World /Game/StarterContent/Maps/UEDPIE_0_Minimal_Default.Minimal_Default up for play (max tick rate 0) at 2018.10.22-19.01.27
[2018.10.22-18.01.27:196][627]LogWorld: Bringing up level for play took: 0.002132
[2018.10.22-18.01.27:216][627]PIE: Play in editor start time for /Game/StarterContent/Maps/UEDPIE_0_Minimal_Default -0.657
[2018.10.22-18.01.27:217][627]LogBlueprintUserMessages: Late PlayInEditor Detection: Level '/Game/StarterContent/Maps/Minimal_Default.Minimal_Default:PersistentLevel' has LevelScriptBlueprint '/Game/StarterContent/Maps/Minimal_Default.Minimal_Default:PersistentLevel.Minimal_Default' with GeneratedClass '/Game/StarterContent/Maps/Minimal_Default.Minimal_Default_C' with ClassGeneratedBy '/Game/StarterContent/Maps/Minimal_Default.Minimal_Default:PersistentLevel.Minimal_Default'
[2018.10.22-18.05.01:248][748]LogBlueprintUserMessages: Early EndPlayMap Detection: Level '/Game/StarterContent/Maps/Minimal_Default.Minimal_Default:PersistentLevel' has LevelScriptBlueprint '/Game/StarterContent/Maps/Minimal_Default.Minimal_Default:PersistentLevel.Minimal_Default' with GeneratedClass '/Game/StarterContent/Maps/Minimal_Default.Minimal_Default_C' with ClassGeneratedBy '/Game/StarterContent/Maps/Minimal_Default.Minimal_Default:PersistentLevel.Minimal_Default'
[2018.10.22-18.05.01:249][748]LogSlate: Updating window title bar state: overlay mode, drag disabled, window buttons hidden, title bar hidden
[2018.10.22-18.05.01:291][748]LogPlayLevel: Display: Shutting down PIE online subsystems
[2018.10.22-18.05.01:291][748]LogBlueprintUserMessages: Late EndPlayMap Detection: Level '/Game/StarterContent/Maps/Minimal_Default.Minimal_Default:PersistentLevel' has LevelScriptBlueprint '/Game/StarterContent/Maps/Minimal_Default.Minimal_Default:PersistentLevel.Minimal_Default' with GeneratedClass '/Game/StarterContent/Maps/Minimal_Default.Minimal_Default_C' with ClassGeneratedBy '/Game/StarterContent/Maps/Minimal_Default.Minimal_Default:PersistentLevel.Minimal_Default'
[2018.10.22-18.05.01:337][748]LogSlate: Updating window title bar state: overlay mode, drag disabled, window buttons hidden, title bar hidden
[2018.10.22-18.05.01:360][749]LogPlayLevel: Display: Destroying online subsystem :Context_6
[2018.10.22-18.05.02:211][841]LogSlate: FSceneViewport::OnFocusLost() reason 0
[2018.10.22-18.05.02:286][850]LogTemp: Repeating last play command: Selected Viewport
[2018.10.22-18.05.02:304][850]LogBlueprintUserMessages: Early PlayInEditor Detection: Level '/Game/StarterContent/Maps/Minimal_Default.Minimal_Default:PersistentLevel' has LevelScriptBlueprint '/Game/StarterContent/Maps/Minimal_Default.Minimal_Default:PersistentLevel.Minimal_Default' with GeneratedClass '/Game/StarterContent/Maps/Minimal_Default.Minimal_Default_C' with ClassGeneratedBy '/Game/StarterContent/Maps/Minimal_Default.Minimal_Default:PersistentLevel.Minimal_Default'
[2018.10.22-18.05.02:304][850]LogPlayLevel: PlayLevel: No blueprints needed recompiling
[2018.10.22-18.05.02:304][850]PIE: New page: PIE session: Minimal_Default (22 Oct 2018 20:05:02)
[2018.10.22-18.05.02:304][850]LogPlayLevel: Creating play world package: /Game/StarterContent/Maps/UEDPIE_0_Minimal_Default
[2018.10.22-18.05.02:308][850]LogPlayLevel: PIE: StaticDuplicateObject took: (0.003420s)
[2018.10.22-18.05.02:308][850]LogAIModule: Creating AISystem for world Minimal_Default
[2018.10.22-18.05.02:309][850]LogPlayLevel: PIE: World Init took: (0.000937s)
[2018.10.22-18.05.02:309][850]LogPlayLevel: PIE: Created PIE world by copying editor world from /Game/StarterContent/Maps/Minimal_Default.Minimal_Default to /Game/StarterContent/Maps/UEDPIE_0_Minimal_Default.Minimal_Default (0.004730s)
[2018.10.22-18.05.02:341][850]LogInit: XAudio2 using 'Realtek HD Audio 2nd output (Realtek High Definition Audio)' : 2 channels at 48 kHz using 32 bits per sample (channel mask 0x3)
[2018.10.22-18.05.02:355][850]LogInit: FAudioDevice initialized.
[2018.10.22-18.05.02:400][850]LogLoad: Game class is 'MySideyCPPGameModeBase_C'
[2018.10.22-18.05.02:403][850]LogWorld: Bringing World /Game/StarterContent/Maps/UEDPIE_0_Minimal_Default.Minimal_Default up for play (max tick rate 0) at 2018.10.22-19.05.02
[2018.10.22-18.05.02:404][850]LogWorld: Bringing up level for play took: 0.002063
[2018.10.22-18.05.02:421][850]PIE: Play in editor start time for /Game/StarterContent/Maps/UEDPIE_0_Minimal_Default 0.549
[2018.10.22-18.05.02:422][850]LogBlueprintUserMessages: Late PlayInEditor Detection: Level '/Game/StarterContent/Maps/Minimal_Default.Minimal_Default:PersistentLevel' has LevelScriptBlueprint '/Game/StarterContent/Maps/Minimal_Default.Minimal_Default:PersistentLevel.Minimal_Default' with GeneratedClass '/Game/StarterContent/Maps/Minimal_Default.Minimal_Default_C' with ClassGeneratedBy '/Game/StarterContent/Maps/Minimal_Default.Minimal_Default:PersistentLevel.Minimal_Default'
[2018.10.22-18.05.30:967][ 57]LogBlueprintUserMessages: Early EndPlayMap Detection: Level '/Game/StarterContent/Maps/Minimal_Default.Minimal_Default:PersistentLevel' has LevelScriptBlueprint '/Game/StarterContent/Maps/Minimal_Default.Minimal_Default:PersistentLevel.Minimal_Default' with GeneratedClass '/Game/StarterContent/Maps/Minimal_Default.Minimal_Default_C' with ClassGeneratedBy '/Game/StarterContent/Maps/Minimal_Default.Minimal_Default:PersistentLevel.Minimal_Default'
[2018.10.22-18.05.30:967][ 57]LogSlate: Updating window title bar state: overlay mode, drag disabled, window buttons hidden, title bar hidden
[2018.10.22-18.05.31:005][ 57]LogPlayLevel: Display: Shutting down PIE online subsystems
[2018.10.22-18.05.31:006][ 57]LogBlueprintUserMessages: Late EndPlayMap Detection: Level '/Game/StarterContent/Maps/Minimal_Default.Minimal_Default:PersistentLevel' has LevelScriptBlueprint '/Game/StarterContent/Maps/Minimal_Default.Minimal_Default:PersistentLevel.Minimal_Default' with GeneratedClass '/Game/StarterContent/Maps/Minimal_Default.Minimal_Default_C' with ClassGeneratedBy '/Game/StarterContent/Maps/Minimal_Default.Minimal_Default:PersistentLevel.Minimal_Default'
[2018.10.22-18.05.31:060][ 57]LogSlate: Updating window title bar state: overlay mode, drag disabled, window buttons hidden, title bar hidden
[2018.10.22-18.05.31:088][ 58]LogPlayLevel: Display: Destroying online subsystem :Context_7
[2018.10.22-18.05.31:468][101]LogSlate: FSceneViewport::OnFocusLost() reason 2
[2018.10.22-18.05.31:633][101]LogSavePackage: Moving '../../../../../../Users/w017177h/Documents/GitHub/SpideyCPP/SideyCPP/Saved/Minimal_Default39CCC9FF4257E832F5EAE88F41537516.tmp' to '../../../../../../Users/w017177h/Documents/GitHub/SpideyCPP/SideyCPP/Content/StarterContent/Maps/Minimal_Default.umap'
[2018.10.22-18.05.31:805][101]LogSavePackage: Moving '../../../../../../Users/w017177h/Documents/GitHub/SpideyCPP/SideyCPP/Saved/Minimal_Default_BuiltDataD540BCFF48731D8F795BA0A6DA2CDF8A.tmp' to '../../../../../../Users/w017177h/Documents/GitHub/SpideyCPP/SideyCPP/Content/StarterContent/Maps/Minimal_Default_BuiltData.uasset'
