Log file open, 10/25/18 09:54:34
LogWindows: Failed to load 'aqProf.dll' (GetLastError=126)
LogWindows: File 'aqProf.dll' does not exist
LogWindows: Failed to load 'VSPerf140.dll' (GetLastError=126)
LogWindows: File 'VSPerf140.dll' does not exist
LogWindows: Failed to load 'VtuneApi.dll' (GetLastError=126)
LogWindows: File 'VtuneApi.dll' does not exist
LogWindows: Failed to load 'VtuneApi32e.dll' (GetLastError=126)
LogWindows: File 'VtuneApi32e.dll' does not exist
LogInit: Display: Running engine for game: SideyCPP
LogPlatformFile: Not using cached read wrapper
LogTaskGraph: Started task graph with 5 named threads and 23 total threads with 3 sets of task threads.
LogStats: Stats thread started at 0.395059
LogD3D11RHI: Loaded GFSDK_Aftermath_Lib.x64.dll
LogICUInternationalization: Display: ICU TimeZone Detection - Raw Offset: +0:00, Platform Override: ''
LogPluginManager: Mounting plugin Paper2D
LogPluginManager: Mounting plugin AISupport
LogPluginManager: Mounting plugin LightPropagationVolume
LogPluginManager: Mounting plugin CLionSourceCodeAccess
LogPluginManager: Mounting plugin CodeLiteSourceCodeAccess
LogPluginManager: Mounting plugin GitSourceControl
LogPluginManager: Mounting plugin KDevelopSourceCodeAccess
LogPluginManager: Mounting plugin NullSourceCodeAccess
LogPluginManager: Mounting plugin PerforceSourceControl
LogPluginManager: Mounting plugin SubversionSourceControl
LogPluginManager: Mounting plugin UObjectPlugin
LogPluginManager: Mounting plugin VisualStudioCodeSourceCodeAccess
LogPluginManager: Mounting plugin VisualStudioSourceCodeAccess
LogPluginManager: Mounting plugin XCodeSourceCodeAccess
LogPluginManager: Mounting plugin AssetManagerEditor
LogPluginManager: Mounting plugin CryptoKeys
LogPluginManager: Mounting plugin DataValidation
LogPluginManager: Mounting plugin FacialAnimation
LogPluginManager: Mounting plugin GameplayTagsEditor
LogPluginManager: Mounting plugin MacGraphicsSwitching
LogPluginManager: Mounting plugin MeshEditor
LogPluginManager: Mounting plugin MobileLauncherProfileWizard
LogPluginManager: Mounting plugin PluginBrowser
LogPluginManager: Mounting plugin SpeedTreeImporter
LogPluginManager: Mounting plugin DatasmithContent
LogPluginManager: Mounting plugin AlembicImporter
LogPluginManager: Mounting plugin AppleImageUtils
LogPluginManager: Mounting plugin AppleVision
LogPluginManager: Mounting plugin BackChannel
LogPluginManager: Mounting plugin CharacterAI
LogPluginManager: Mounting plugin GeometryCache
LogPluginManager: Mounting plugin HTML5Networking
LogPluginManager: Mounting plugin ProxyLODPlugin
LogPluginManager: Mounting plugin MagicLeap
LogPluginManager: Mounting plugin MagicLeapEmulator
LogPluginManager: Mounting plugin MagicLeapMedia
LogPluginManager: Mounting plugin AndroidMedia
LogPluginManager: Mounting plugin AvfMedia
LogPluginManager: Mounting plugin ImgMedia
LogPluginManager: Mounting plugin LinearTimecode
LogPluginManager: Mounting plugin MediaCompositing
LogPluginManager: Mounting plugin MediaPlayerEditor
LogPluginManager: Mounting plugin WmfMedia
LogPluginManager: Mounting plugin TcpMessaging
LogPluginManager: Mounting plugin UdpMessaging
LogPluginManager: Mounting plugin ActorSequence
LogPluginManager: Mounting plugin LevelSequenceEditor
LogPluginManager: Mounting plugin MatineeToLevelSequence
LogPluginManager: Mounting plugin NetcodeUnitTest
LogPluginManager: Mounting plugin NUTUnrealEngine4
LogPluginManager: Mounting plugin OnlineSubsystemGooglePlay
LogPluginManager: Mounting plugin OnlineSubsystemIOS
LogPluginManager: Mounting plugin OnlineSubsystem
LogPluginManager: Mounting plugin OnlineSubsystemNull
LogPluginManager: Mounting plugin OnlineSubsystemUtils
LogPluginManager: Mounting plugin LauncherChunkInstaller
LogPluginManager: Mounting plugin AndroidDeviceProfileSelector
LogPluginManager: Mounting plugin AndroidMoviePlayer
LogPluginManager: Mounting plugin AndroidPermission
LogPluginManager: Mounting plugin AppleMoviePlayer
LogPluginManager: Mounting plugin ArchVisCharacter
LogPluginManager: Mounting plugin AudioCapture
LogPluginManager: Mounting plugin CableComponent
LogPluginManager: Mounting plugin CustomMeshComponent
LogPluginManager: Mounting plugin EditableMesh
LogPluginManager: Mounting plugin ExampleDeviceProfileSelector
LogPluginManager: Mounting plugin GoogleCloudMessaging
LogPluginManager: Mounting plugin ImmediatePhysics
LogPluginManager: Mounting plugin IOSDeviceProfileSelector
LogPluginManager: Mounting plugin LinuxDeviceProfileSelector
LogPluginManager: Mounting plugin LocationServicesBPLibrary
LogPluginManager: Mounting plugin MobilePatchingUtils
LogPluginManager: Mounting plugin OculusVR
LogPluginManager: Plugin shader directory ../../../Engine/Plugins/Runtime/Oculus/OculusVR/Shaders found
LogPluginManager: Mapping shader source directory ../../../Engine/Plugins/Runtime/Oculus/OculusVR/Shaders to virtual directory /Plugin/OculusVR
LogPluginManager: Mounting plugin PhysXVehicles
LogPluginManager: Mounting plugin ProceduralMeshComponent
LogPluginManager: Mounting plugin RuntimePhysXCooking
LogPluginManager: Mounting plugin SteamVR
LogPluginManager: Mounting plugin WindowsMoviePlayer
LogStreaming: Display: Took  0.182s to configure plugins.
LogInit: Using libcurl 7.55.1-DEV
LogInit:  - built for x86_64-pc-win32
LogInit:  - supports SSL with OpenSSL/1.0.2h
LogInit:  - supports HTTP deflate (compression) using libz 1.2.8
LogInit:  - other features:
LogInit:      CURL_VERSION_SSL
LogInit:      CURL_VERSION_LIBZ
LogInit:      CURL_VERSION_IPV6
LogInit:      CURL_VERSION_ASYNCHDNS
LogInit:      CURL_VERSION_LARGEFILE
LogInit:      CURL_VERSION_IDN
LogInit:  CurlRequestOptions (configurable via config and command line):
LogInit:  - bVerifyPeer = false  - Libcurl will NOT verify peer certificate
LogInit:  - bUseHttpProxy = false  - Libcurl will NOT use HTTP proxy
LogInit:  - bDontReuseConnections = false  - Libcurl will reuse connections
LogInit:  - CertBundlePath = nullptr  - Libcurl will use whatever was configured at build time.
LogInit:  - MaxHostConnections = 16  - Libcurl will limit the number of connections to a host
LogInit:  - LocalHostAddr = Default
LogInit:  - BufferSize = 65536
LogInit: WinSock: version 1.1 (2.2), MaxSocks=32767, MaxUdp=65467
LogInit: Build: ++UE4+Release-4.20-CL-4369336
LogInit: Engine Version: 4.20.3-4369336+++UE4+Release-4.20
LogInit: Compatible Engine Version: 4.20.0-4212847+++UE4+Release-4.20
LogInit: Net CL: 4212847
LogInit: OS: Windows 10 (), CPU: Intel(R) Xeon(R) W-2123 CPU @ 3.60GHz, GPU: NVIDIA GeForce GTX 1070
LogInit: Compiled (64-bit): Sep 17 2018 12:26:19
LogInit: Compiled with Visual C++: 19.13.26129.00
LogInit: Build Configuration: Development
LogInit: Branch Name: ++UE4+Release-4.20
LogInit: Command Line:  -skipcompile
LogInit: Base Directory: C:/Epic/UE4/UE_4.20/Engine/Binaries/Win64/
LogInit: Installed Engine Build: 1
LogDevObjectVersion: Number of dev versions registered: 20
LogDevObjectVersion:   Dev-Blueprints (B0D832E4-1F89-4F0D-ACCF-7EB736FD4AA2): 10
LogDevObjectVersion:   Dev-Build (E1C64328-A22C-4D53-A36C-8E866417BD8C): 0
LogDevObjectVersion:   Dev-Core (375EC13C-06E4-48FB-B500-84F0262A717E): 2
LogDevObjectVersion:   Dev-Editor (E4B068ED-F494-42E9-A231-DA0B2E46BB41): 24
LogDevObjectVersion:   Dev-Framework (CFFC743F-43B0-4480-9391-14DF171D2073): 34
LogDevObjectVersion:   Dev-Mobile (B02B49B5-BB20-44E9-A304-32B752E40360): 2
LogDevObjectVersion:   Dev-Networking (A4E4105C-59A1-49B5-A7C5-40C4547EDFEE): 0
LogDevObjectVersion:   Dev-Online (39C831C9-5AE6-47DC-9A44-9C173E1C8E7C): 0
LogDevObjectVersion:   Dev-Physics (78F01B33-EBEA-4F98-B9B4-84EACCB95AA2): 0
LogDevObjectVersion:   Dev-Platform (6631380F-2D4D-43E0-8009-CF276956A95A): 0
LogDevObjectVersion:   Dev-Rendering (12F88B9F-8875-4AFC-A67C-D90C383ABD29): 26
LogDevObjectVersion:   Dev-Sequencer (7B5AE74C-D270-4C10-A958-57980B212A5A): 9
LogDevObjectVersion:   Dev-VR (D7296918-1DD6-4BDD-9DE2-64A83CC13884): 2
LogDevObjectVersion:   Dev-LoadTimes (C2A15278-BFE7-4AFE-6C17-90FF531DF755): 1
LogDevObjectVersion:   Private-Geometry (6EACA3D4-40EC-4CC1-B786-8BED09428FC5): 3
LogDevObjectVersion:   Dev-AnimPhys (29E575DD-E0A3-4627-9D10-D276232CDCEA): 17
LogDevObjectVersion:   Dev-ReflectionCapture (6B266CEC-1EC7-4B8F-A30B-E4D90942FC07): 1
LogDevObjectVersion:   Dev-Automation (0DF73D61-A23F-47EA-B727-89E90C41499A): 1
LogDevObjectVersion:   FortniteMain (601D1886-AC64-4F84-AA16-D3DE0DEAC7D6): 12
LogDevObjectVersion:   Dev-Enterprise (9DFFBCD6-494F-0158-E221-12823C92A888): 1
LogStreaming: Display: Took  0.004s to delete old logs.
LogInit: Presizing for max 8388607 objects, including 0 objects not considered by GC, pre-allocating 0 bytes for permanent pool.
LogInit: Object subsystem initialized
[2018.10.25-08.54.35:207][  0]LogInit: Selected Device Profile: [Windows]
[2018.10.25-08.54.35:207][  0]LogInit: Applying CVar settings loaded from the selected device profile: [Windows]
[2018.10.25-08.54.35:222][  0]LogHAL: Display: Platform has ~ 32 GB [34065870848 / 34359738368 / 32], which maps to Largest [LargestMinGB=32, LargerMinGB=12, DefaultMinGB=8, SmallerMinGB=6, SmallestMinGB=0)
[2018.10.25-08.54.35:222][  0]LogInit: Setting Device Profile CVar: [[r.Vulkan.UseRealUBs:1]]
[2018.10.25-08.54.35:222][  0]LogInit: Going up to parent DeviceProfile []
[2018.10.25-08.54.35:222][  0]LogInit: Computer: C117B-04
[2018.10.25-08.54.35:223][  0]LogInit: User: w017177h
[2018.10.25-08.54.35:223][  0]LogInit: CPU Page size=4096, Cores=4
[2018.10.25-08.54.35:223][  0]LogInit: High frequency timer resolution =3.515623 MHz
[2018.10.25-08.54.35:223][  0]LogMemory: Memory total: Physical=31.7GB (32GB approx)
[2018.10.25-08.54.35:223][  0]LogMemory: Platform Memory Stats for Windows
[2018.10.25-08.54.35:223][  0]LogMemory: Process Physical Memory: 101.52 MB used, 101.52 MB peak
[2018.10.25-08.54.35:223][  0]LogMemory: Process Virtual Memory: 89.39 MB used, 89.39 MB peak
[2018.10.25-08.54.35:223][  0]LogMemory: Physical Memory: 8802.85 MB used,  23684.89 MB free, 32487.75 MB total
[2018.10.25-08.54.35:223][  0]LogMemory: Virtual Memory: 4638.52 MB used,  23684.89 MB free, 134217728.00 MB total
[2018.10.25-08.54.35:338][  0]LogInit: Using OS detected language (en-US).
[2018.10.25-08.54.35:338][  0]LogInit: Using OS detected locale (en-GB).
[2018.10.25-08.54.35:339][  0]LogTextLocalizationManager: No specific localization for 'en-US' exists, so the 'en' localization will be used.
[2018.10.25-08.54.35:727][  0]LogStreaming: Display: Took  0.389s to InitEngineTextLocalization.
[2018.10.25-08.54.35:727][  0]LogInit: Setting process to per monitor DPI aware
[2018.10.25-08.54.35:789][  0]LogSlate: New Slate User Created.  User Index 0, Is Virtual User: 0
[2018.10.25-08.54.35:789][  0]LogSlate: Slate User Registered.  User Index 0, Is Virtual User: 0
[2018.10.25-08.54.36:042][  0]LogHMD: Failed to initialize OpenVR with code 110
[2018.10.25-08.54.36:042][  0]LogD3D11RHI: D3D11 adapters:
[2018.10.25-08.54.36:130][  0]LogD3D11RHI:    0. 'NVIDIA GeForce GTX 1070' (Feature Level 11_0)
[2018.10.25-08.54.36:130][  0]LogD3D11RHI:       8088/0/16243 MB DedicatedVideo/DedicatedSystem/SharedSystem, Outputs:2, VendorId:0x10de
[2018.10.25-08.54.36:135][  0]LogD3D11RHI:    1. 'Microsoft Basic Render Driver' (Feature Level 11_0)
[2018.10.25-08.54.36:135][  0]LogD3D11RHI:       0/0/16243 MB DedicatedVideo/DedicatedSystem/SharedSystem, Outputs:0, VendorId:0x1414
[2018.10.25-08.54.36:136][  0]LogD3D11RHI: Chosen D3D11 Adapter: 0
[2018.10.25-08.54.36:142][  0]LogD3D11RHI: Creating new Direct3DDevice
[2018.10.25-08.54.36:142][  0]LogD3D11RHI:     GPU DeviceId: 0x1b81 (for the marketing name, search the web for "GPU Device Id")
[2018.10.25-08.54.36:142][  0]LogWindows: EnumDisplayDevices:
[2018.10.25-08.54.36:143][  0]LogWindows:    0. 'NVIDIA GeForce GTX 1070' (P:1 D:1)
[2018.10.25-08.54.36:143][  0]LogWindows:    1. 'NVIDIA GeForce GTX 1070' (P:0 D:1)
[2018.10.25-08.54.36:143][  0]LogWindows:    2. 'NVIDIA GeForce GTX 1070' (P:0 D:0)
[2018.10.25-08.54.36:143][  0]LogWindows:    3. 'NVIDIA GeForce GTX 1070' (P:0 D:0)
[2018.10.25-08.54.36:143][  0]LogWindows: DebugString: FoundDriverCount:4 
[2018.10.25-08.54.36:144][  0]LogD3D11RHI:     Adapter Name: NVIDIA GeForce GTX 1070
[2018.10.25-08.54.36:144][  0]LogD3D11RHI:   Driver Version: 399.24 (internal:24.21.13.9924, unified:399.24)
[2018.10.25-08.54.36:144][  0]LogD3D11RHI:      Driver Date: 9-5-2018
[2018.10.25-08.54.36:144][  0]LogRHI: Texture pool is 5661 MB (70% of 8088 MB)
[2018.10.25-08.54.36:186][  0]LogD3D11RHI: Async texture creation enabled
[2018.10.25-08.54.36:203][  0]LogD3D11RHI: GPU Timing Frequency: 1000.000000 (Debug: 2 2)
[2018.10.25-08.54.36:206][  0]LogShaderCompilers: Guid format shader working directory is -13 characters bigger than the processId version (../../../../../../Users/w017177h/Documents/SpideyCPP/SideyCPP/Intermediate/Shaders/WorkingDirectory/13416/).
[2018.10.25-08.54.36:206][  0]LogShaderCompilers: Cleaned the shader compiler working directory 'C:/Users/w017177h/AppData/Local/Temp/UnrealShaderWorkingDir/A1F1387B4CB3A6BF19D5F1B34E33D6BE/'.
[2018.10.25-08.54.36:520][  0]LogTemp: Display: Loaded TP AllDesktopTargetPlatform
[2018.10.25-08.54.36:536][  0]LogTemp: Display: Loaded TP MacClientTargetPlatform
[2018.10.25-08.54.36:551][  0]LogTemp: Display: Loaded TP MacNoEditorTargetPlatform
[2018.10.25-08.54.36:566][  0]LogTemp: Display: Loaded TP MacServerTargetPlatform
[2018.10.25-08.54.36:583][  0]LogTemp: Display: Loaded TP MacTargetPlatform
[2018.10.25-08.54.36:598][  0]LogTemp: Display: Loaded TP WindowsClientTargetPlatform
[2018.10.25-08.54.36:615][  0]LogTemp: Display: Loaded TP WindowsNoEditorTargetPlatform
[2018.10.25-08.54.36:631][  0]LogTemp: Display: Loaded TP WindowsServerTargetPlatform
[2018.10.25-08.54.36:640][  0]LogTemp: Display: Loaded TP WindowsTargetPlatform
[2018.10.25-08.54.36:716][  0]LogTemp: Display: Loaded TP AndroidTargetPlatform
[2018.10.25-08.54.36:716][  0]LogTemp: Display: Loaded TP AndroidTargetPlatform
[2018.10.25-08.54.36:716][  0]LogTemp: Display: Loaded TP AndroidTargetPlatform
[2018.10.25-08.54.36:716][  0]LogTemp: Display: Loaded TP AndroidTargetPlatform
[2018.10.25-08.54.36:716][  0]LogTemp: Display: Loaded TP AndroidTargetPlatform
[2018.10.25-08.54.36:716][  0]LogTemp: Display: Loaded TP AndroidTargetPlatform
[2018.10.25-08.54.36:716][  0]LogTemp: Display: Loaded TP AndroidTargetPlatform
[2018.10.25-08.54.36:717][  0]LogTemp: Display: Loaded TP AndroidTargetPlatform
[2018.10.25-08.54.36:717][  0]LogTemp: Display: Loaded TP AndroidTargetPlatform
[2018.10.25-08.54.36:717][  0]LogTemp: Display: Loaded TP AndroidTargetPlatform
[2018.10.25-08.54.36:717][  0]LogTemp: Display: Loaded TP AndroidTargetPlatform
[2018.10.25-08.54.36:717][  0]LogTemp: Display: Loaded TP AndroidTargetPlatform
[2018.10.25-08.54.36:717][  0]LogTemp: Display: Loaded TP AndroidTargetPlatform
[2018.10.25-08.54.36:717][  0]LogTemp: Display: Loaded TP AndroidTargetPlatform
[2018.10.25-08.54.36:717][  0]LogTemp: Display: Loaded TP AndroidTargetPlatform
[2018.10.25-08.54.36:718][  0]LogTemp: Display: Loaded TP AndroidTargetPlatform
[2018.10.25-08.54.36:718][  0]LogTemp: Display: Loaded TP AndroidTargetPlatform
[2018.10.25-08.54.36:718][  0]LogTemp: Display: Loaded TP AndroidTargetPlatform
[2018.10.25-08.54.36:725][  0]LogTemp: Display: Loaded TP HTML5TargetPlatform
[2018.10.25-08.54.36:823][  0]LogTemp: Display: Loaded TP IOSTargetPlatform
[2018.10.25-08.54.36:823][  0]LogTemp: Display: Loaded TP IOSTargetPlatform
[2018.10.25-08.54.36:850][  0]LogTemp: Display: Loaded TP TVOSTargetPlatform
[2018.10.25-08.54.36:850][  0]LogTemp: Display: Loaded TP TVOSTargetPlatform
[2018.10.25-08.54.36:869][  0]LogTemp: Display: Loaded TP LinuxClientTargetPlatform
[2018.10.25-08.54.36:883][  0]LogTemp: Display: Loaded TP LinuxNoEditorTargetPlatform
[2018.10.25-08.54.36:899][  0]LogTemp: Display: Loaded TP LinuxServerTargetPlatform
[2018.10.25-08.54.36:914][  0]LogTemp: Display: Loaded TP LinuxTargetPlatform
[2018.10.25-08.54.36:926][  0]LogTemp: Display: Loaded TP LuminTargetPlatform
[2018.10.25-08.54.36:926][  0]LogTargetPlatformManager: Display: Building Assets For Windows
[2018.10.25-08.54.37:061][  0]LogXGEController: Cleaning working directory: C:/Users/w017177h/AppData/Local/Temp/UnrealXGEWorkingDir/
[2018.10.25-08.54.37:061][  0]LogXGEController: Cannot use XGE Controller as Incredibuild is not installed on this machine.
[2018.10.25-08.54.37:061][  0]LogShaderCompilers: Cannot use XGE Shader Compiler as Incredibuild is not installed on this machine.
[2018.10.25-08.54.37:061][  0]LogShaderCompilers: Display: Using Local Shader Compiler.
[2018.10.25-08.54.37:894][  0]LogDerivedDataCache: Display: Max Cache Size: 512 MB
[2018.10.25-08.54.37:959][  0]LogDerivedDataCache: Loaded boot cache 0.06s 71MB C:/Users/w017177h/AppData/Local/UnrealEngine/4.20/DerivedDataCache/Boot.ddc.
[2018.10.25-08.54.37:960][  0]LogDerivedDataCache: Display: Loaded Boot cache: C:/Users/w017177h/AppData/Local/UnrealEngine/4.20/DerivedDataCache/Boot.ddc
[2018.10.25-08.54.37:960][  0]LogDerivedDataCache: FDerivedDataBackendGraph:  Pak pak cache file ../../../../../../Users/w017177h/Documents/SpideyCPP/SideyCPP/DerivedDataCache/DDC.ddp not found, will not use a pak cache.
[2018.10.25-08.54.37:960][  0]LogDerivedDataCache: Unable to find inner node Pak for hierarchical cache Hierarchy.
[2018.10.25-08.54.37:960][  0]LogDerivedDataCache: FDerivedDataBackendGraph:  CompressedPak pak cache file ../../../../../../Users/w017177h/Documents/SpideyCPP/SideyCPP/DerivedDataCache/Compressed.ddp not found, will not use a pak cache.
[2018.10.25-08.54.37:961][  0]LogDerivedDataCache: Unable to find inner node CompressedPak for hierarchical cache Hierarchy.
[2018.10.25-08.54.37:990][  0]LogDerivedDataCache: Display: Pak cache opened for reading ../../../Engine/DerivedDataCache/Compressed.ddp.
[2018.10.25-08.54.38:005][  0]LogDerivedDataCache: Using Local data cache path C:/Users/w017177h/AppData/Local/UnrealEngine/Common/DerivedDataCache: Writable
[2018.10.25-08.54.38:006][  0]LogDerivedDataCache: Shared data cache path not found in *engine.ini, will not use an Shared cache.
[2018.10.25-08.54.38:006][  0]LogDerivedDataCache: Unable to find inner node Shared for hierarchical cache Hierarchy.
[2018.10.25-08.54.38:040][  0]LogMaterial: Verifying Global Shaders for PCD3D_SM5
[2018.10.25-08.54.38:042][  0]LogSlate: Using FreeType 2.6.0
[2018.10.25-08.54.38:043][  0]LogSlate: SlateFontServices - WITH_FREETYPE: 1, WITH_HARFBUZZ: 1
[2018.10.25-08.54.38:135][  0]LogAssetRegistry: FAssetRegistry took 0.0299 seconds to start up
[2018.10.25-08.54.38:472][  0]LogInit: Selected Device Profile: [Windows]
[2018.10.25-08.54.38:659][  0]LogSimplygon: Simplygon DLL not present - disabling.
[2018.10.25-08.54.38:670][  0]LogMeshReduction: Using SimplygonSwarm for distributed automatic mesh merging
[2018.10.25-08.54.38:671][  0]LogMeshReduction: Using ProxyLODMeshReduction for automatic mesh merging
[2018.10.25-08.54.38:671][  0]LogMeshReduction: Using QuadricMeshReduction for automatic static mesh reduction
[2018.10.25-08.54.38:671][  0]LogMeshReduction: No automatic skeletal mesh reduction module available
[2018.10.25-08.54.38:689][  0]LogNetVersion: SideyCPP 1.0.0, NetCL: 4212847, EngineNetVer: 5, GameNetVer: 0 (Checksum: 583984258)
[2018.10.25-08.54.39:302][  0]LogPackageLocalizationCache: Processed 11 localized package path(s) for 2 prioritized culture(s) in 0.137035 seconds
[2018.10.25-08.54.39:311][  0]LogUObjectArray: 38425 objects as part of root set at end of initial load.
[2018.10.25-08.54.39:311][  0]LogUObjectAllocator: 6690872 out of 0 bytes used by permanent object pool.
[2018.10.25-08.54.39:311][  0]LogUObjectArray: CloseDisregardForGC: 0/0 objects in disregard for GC pool
[2018.10.25-08.54.40:330][  0]LogTcpMessaging: Initializing TcpMessaging bridge
[2018.10.25-08.54.40:347][  0]LogUdpMessaging: Initializing bridge on interface 0.0.0.0:0 to multicast group 230.0.0.1:6666.
[2018.10.25-08.54.40:586][  0]SourceControl: Source control is disabled
[2018.10.25-08.54.40:586][  0]SourceControl: Source control is disabled
[2018.10.25-08.54.40:590][  0]SourceControl: Source control is disabled
[2018.10.25-08.54.40:593][  0]SourceControl: Source control is disabled
[2018.10.25-08.54.40:889][  0]LogAndroidPermission: UAndroidPermissionCallbackProxy::GetInstance
[2018.10.25-08.54.40:987][  0]LogOcInput: OculusInput pre-init called
[2018.10.25-08.54.41:055][  0]LogEngine: Initializing Engine...
[2018.10.25-08.54.41:056][  0]LogHMD: Failed to initialize OpenVR with code 110
[2018.10.25-08.54.41:058][  0]LogStats: UGameplayTagsManager::ConstructGameplayTagTree: ImportINI prefixes -  0.000 s
[2018.10.25-08.54.41:058][  0]LogStats: UGameplayTagsManager::ConstructGameplayTagTree: Construct from data asset -  0.000 s
[2018.10.25-08.54.41:058][  0]LogStats: UGameplayTagsManager::ConstructGameplayTagTree: ImportINI -  0.000 s
[2018.10.25-08.54.41:058][  0]LogStats: UGameplayTagsManager::ConstructGameplayTagTree: GameplayTagTreeChangedEvent.Broadcast -  0.000 s
[2018.10.25-08.54.41:271][  0]LogInit: Initializing FReadOnlyCVARCache
[2018.10.25-08.54.41:296][  0]LogAIModule: Creating AISystem for world Untitled
[2018.10.25-08.54.41:362][  0]LogInit: XAudio2 using 'Speakers (2- High Definition Audio Device)' : 2 channels at 48 kHz using 16 bits per sample (channel mask 0x3)
[2018.10.25-08.54.41:382][  0]LogInit: FAudioDevice initialized.
[2018.10.25-08.54.41:382][  0]LogNetVersion: Set ProjectVersion to 1.0.0.0. Version Checksum will be recalculated on next use.
[2018.10.25-08.54.41:425][  0]LogDerivedDataCache: Saved boot cache 0.04s 71MB C:/Users/w017177h/AppData/Local/UnrealEngine/4.20/DerivedDataCache/Boot.ddc.
[2018.10.25-08.54.41:438][  0]LogInit: Texture streaming: Enabled
[2018.10.25-08.54.41:468][  0]LogEngineSessionManager: EngineSessionManager initialized
[2018.10.25-08.54.41:468][  0]LogEngineSessionManager: EngineSessionManager sent abnormal shutdown report. Type=Debugger, SessionId={6CAB399A-4DB5-5DA8-AFDC-B2AA1C45F75D}
[2018.10.25-08.54.41:483][  0]LogInit: Transaction tracking system initialized
[2018.10.25-08.54.41:523][  0]BlueprintLog: New page: Editor Load
[2018.10.25-08.54.41:677][  0]LocalizationService: Localization service is disabled
[2018.10.25-08.54.41:983][  0]LogCook: Display: Max memory allowance for cook 16384mb min free memory 0mb
[2018.10.25-08.54.41:984][  0]LogCook: Display: Mobile HDR setting 1
[2018.10.25-08.54.41:984][  0]LogGameplayTags: Display: UGameplayTagsManager::DoneAddingNativeTags. DelegateIsBound: 0
[2018.10.25-08.54.41:984][  0]LogStats: UGameplayTagsManager::ConstructGameplayTagTree: ImportINI prefixes -  0.000 s
[2018.10.25-08.54.41:984][  0]LogStats: UGameplayTagsManager::ConstructGameplayTagTree: Construct from data asset -  0.000 s
[2018.10.25-08.54.41:984][  0]LogStats: UGameplayTagsManager::ConstructGameplayTagTree: ImportINI -  0.000 s
[2018.10.25-08.54.41:984][  0]LogStats: UGameplayTagsManager::ConstructGameplayTagTree: GameplayTagTreeChangedEvent.Broadcast -  0.000 s
[2018.10.25-08.54.42:084][  0]LogFileCache: Scanning file cache for directory 'C:/Users/w017177h/Documents/SpideyCPP/SideyCPP/Content/' took 0.02s
[2018.10.25-08.54.42:190][  0]SourceControl: Source control is disabled
[2018.10.25-08.54.42:190][  0]Cmd: MAP LOAD FILE="../../../../../../Users/w017177h/Documents/SpideyCPP/SideyCPP/Content/StarterContent/Maps/Minimal_Default.umap" TEMPLATE=0 SHOWPROGRESS=1 FEATURELEVEL=3
[2018.10.25-08.54.42:191][  0]LightingResults: New page: Lighting Build
[2018.10.25-08.54.42:195][  0]MapCheck: New page: Map Check
[2018.10.25-08.54.42:195][  0]LightingResults: New page: Lighting Build
[2018.10.25-08.54.42:671][  0]LogAIModule: Creating AISystem for world Minimal_Default
[2018.10.25-08.54.42:924][  0]LogEditorServer: Finished looking for orphan Actors (0.000 secs)
[2018.10.25-08.54.42:975][  0]Cmd: MAP CHECKDEP NOCLEARLOG
[2018.10.25-08.54.43:096][  0]MapCheck: Map check complete: 0 Error(s), 0 Warning(s), took 120.928ms to complete.
[2018.10.25-08.54.43:096][  0]LogFileHelpers: Loading map 'Minimal_Default' took 0.906
[2018.10.25-08.54.43:235][  0]LogSlate: Updating window title bar state: overlay mode, drag disabled, window buttons hidden, title bar hidden
[2018.10.25-08.54.43:242][  0]LogSlate: Updating window title bar state: overlay mode, drag disabled, window buttons hidden, title bar hidden
[2018.10.25-08.54.43:249][  0]LogSlate: Updating window title bar state: overlay mode, drag disabled, window buttons hidden, title bar hidden
[2018.10.25-08.54.43:256][  0]LogSlate: Updating window title bar state: overlay mode, drag disabled, window buttons hidden, title bar hidden
[2018.10.25-08.54.43:265][  0]LogCollectionManager: Loaded 0 collections in 0.002321 seconds
[2018.10.25-08.54.43:331][  0]LogFileCache: Scanning file cache for directory 'C:/Users/w017177h/Documents/SpideyCPP/SideyCPP/Saved/Collections/' took 0.01s
[2018.10.25-08.54.43:331][  0]LogFileCache: Scanning file cache for directory 'C:/Users/w017177h/Documents/SpideyCPP/SideyCPP/Content/Developers/w017177h/Collections/' took 0.01s
[2018.10.25-08.54.43:332][  0]LogFileCache: Scanning file cache for directory 'C:/Users/w017177h/Documents/SpideyCPP/SideyCPP/Content/Collections/' took 0.01s
[2018.10.25-08.54.43:332][  0]LogCollectionManager: Rebuilt the GUID cache for 0 collections in 0.000001 seconds
[2018.10.25-08.54.43:355][  0]LogContentBrowser: Native class hierarchy populated in 0.0223 seconds. Added 2576 classes and 605 folders.
[2018.10.25-08.54.43:365][  0]LogContentBrowser: Native class hierarchy updated for 'WidgetCarousel' in 0.0004 seconds. Added 0 classes and 0 folders.
[2018.10.25-08.54.43:426][  0]LogContentBrowser: Native class hierarchy updated for 'AddContentDialog' in 0.0004 seconds. Added 0 classes and 0 folders.
[2018.10.25-08.54.43:437][  0]LogContentBrowser: Native class hierarchy updated for 'SceneOutliner' in 0.0006 seconds. Added 1 classes and 2 folders.
[2018.10.25-08.54.43:452][  0]LogSlate: Took 0.000220 seconds to synchronously load lazily loaded font '../../../Engine/Content/Slate/Fonts/Roboto-Regular.ttf' (155K)
[2018.10.25-08.54.43:455][  0]LogSlate: Took 0.000214 seconds to synchronously load lazily loaded font '../../../Engine/Content/Slate/Fonts/Roboto-Bold.ttf' (160K)
[2018.10.25-08.54.43:462][  0]LogSlate: Took 0.000191 seconds to synchronously load lazily loaded font '../../../Engine/Content/Editor/Slate/Fonts/FontAwesome.ttf' (139K)
[2018.10.25-08.54.43:538][  0]LogRenderer: Reallocating scene render targets to support 1208x576 Format 10 NumSamples 1 (Frame:1).
[2018.10.25-08.54.43:712][  0]LogContentBrowser: Native class hierarchy updated for 'HierarchicalLODOutliner' in 0.0004 seconds. Added 0 classes and 0 folders.
[2018.10.25-08.54.43:712][  0]LogLoad: (Engine Initialization) Total time: 10.96 seconds
[2018.10.25-08.54.43:712][  0]LogLoad: (Engine Initialization) Total Blueprint compile time: 0.00 seconds
[2018.10.25-08.54.43:723][  0]LogWindowsTextInputMethodSystem: Display: IME system now deactivated.
[2018.10.25-08.54.43:744][  0]LogContentStreaming: Texture pool size now 1000 MB
[2018.10.25-08.54.43:769][  0]LogSlate: Took 0.000238 seconds to synchronously load lazily loaded font '../../../Engine/Content/Slate/Fonts/Roboto-Light.ttf' (167K)
[2018.10.25-08.54.43:837][  1]LogAssetRegistry: Asset discovery search completed in 5.7273 seconds
[2018.10.25-08.54.43:838][  1]LogCollectionManager: Rebuilt the object cache for 0 collections in 0.000001 seconds (found 0 objects)
[2018.10.25-08.54.43:839][  1]LogCollectionManager: Fixed up redirectors for 0 collections in 0.000155 seconds (updated 0 objects)
[2018.10.25-08.54.46:503][305]LogSlate: FSceneViewport::OnFocusLost() reason 0
[2018.10.25-08.54.46:587][315]LogTemp: Repeating last play command: Selected Viewport
[2018.10.25-08.54.46:605][315]LogBlueprintUserMessages: Early PlayInEditor Detection: Level '/Game/StarterContent/Maps/Minimal_Default.Minimal_Default:PersistentLevel' has LevelScriptBlueprint '/Game/StarterContent/Maps/Minimal_Default.Minimal_Default:PersistentLevel.Minimal_Default' with GeneratedClass '/Game/StarterContent/Maps/Minimal_Default.Minimal_Default_C' with ClassGeneratedBy '/Game/StarterContent/Maps/Minimal_Default.Minimal_Default:PersistentLevel.Minimal_Default'
[2018.10.25-08.54.46:606][315]LogPlayLevel: PlayLevel: No blueprints needed recompiling
[2018.10.25-08.54.46:620][315]PIE: New page: PIE session: Minimal_Default (25 Oct 2018 10:54:46)
[2018.10.25-08.54.46:621][315]LogPlayLevel: Creating play world package: /Game/StarterContent/Maps/UEDPIE_0_Minimal_Default
[2018.10.25-08.54.46:659][315]LogPlayLevel: PIE: StaticDuplicateObject took: (0.038112s)
[2018.10.25-08.54.46:660][315]LogAIModule: Creating AISystem for world Minimal_Default
[2018.10.25-08.54.46:661][315]LogPlayLevel: PIE: World Init took: (0.001583s)
[2018.10.25-08.54.46:661][315]LogPlayLevel: PIE: Created PIE world by copying editor world from /Game/StarterContent/Maps/Minimal_Default.Minimal_Default to /Game/StarterContent/Maps/UEDPIE_0_Minimal_Default.Minimal_Default (0.040402s)
[2018.10.25-08.54.46:697][315]LogInit: XAudio2 using 'Speakers (2- High Definition Audio Device)' : 2 channels at 48 kHz using 16 bits per sample (channel mask 0x3)
[2018.10.25-08.54.46:707][315]LogInit: FAudioDevice initialized.
[2018.10.25-08.54.46:944][315]LogLoad: Game class is 'MySideyCPPGameModeBase_C'
[2018.10.25-08.54.46:960][315]LogWorld: Bringing World /Game/StarterContent/Maps/UEDPIE_0_Minimal_Default.Minimal_Default up for play (max tick rate 0) at 2018.10.25-09.54.46
[2018.10.25-08.54.46:964][315]LogWorld: Bringing up level for play took: 0.018150
[2018.10.25-08.54.46:985][315]LogContentBrowser: Native class hierarchy updated for 'MovieSceneCapture' in 0.0004 seconds. Added 10 classes and 0 folders.
[2018.10.25-08.54.46:989][315]PIE: Play in editor start time for /Game/StarterContent/Maps/UEDPIE_0_Minimal_Default 0.04
[2018.10.25-08.54.46:990][315]LogBlueprintUserMessages: Late PlayInEditor Detection: Level '/Game/StarterContent/Maps/Minimal_Default.Minimal_Default:PersistentLevel' has LevelScriptBlueprint '/Game/StarterContent/Maps/Minimal_Default.Minimal_Default:PersistentLevel.Minimal_Default' with GeneratedClass '/Game/StarterContent/Maps/Minimal_Default.Minimal_Default_C' with ClassGeneratedBy '/Game/StarterContent/Maps/Minimal_Default.Minimal_Default:PersistentLevel.Minimal_Default'
[2018.10.25-08.54.47:039][316]LogBlueprintUserMessages: [Player_C_0] I hit something
[2018.10.25-08.54.47:053][317]LogBlueprintUserMessages: [Player_C_0] I hit something
[2018.10.25-08.54.47:062][318]LogBlueprintUserMessages: [Player_C_0] I hit something
[2018.10.25-08.54.47:070][319]LogBlueprintUserMessages: [Player_C_0] I hit something
[2018.10.25-08.54.47:078][320]LogBlueprintUserMessages: [Player_C_0] I hit something
[2018.10.25-08.54.47:087][321]LogBlueprintUserMessages: [Player_C_0] I hit something
[2018.10.25-08.54.47:095][322]LogBlueprintUserMessages: [Player_C_0] I hit something
[2018.10.25-08.54.47:104][323]LogBlueprintUserMessages: [Player_C_0] I hit something
[2018.10.25-08.54.47:112][324]LogBlueprintUserMessages: [Player_C_0] I hit something
[2018.10.25-08.54.47:121][325]LogBlueprintUserMessages: [Player_C_0] I hit something
[2018.10.25-08.54.47:129][326]LogBlueprintUserMessages: [Player_C_0] I hit something
[2018.10.25-08.54.47:137][327]LogBlueprintUserMessages: [Player_C_0] I hit something
[2018.10.25-08.54.47:146][328]LogBlueprintUserMessages: [Player_C_0] I hit something
[2018.10.25-08.54.47:154][329]LogBlueprintUserMessages: [Player_C_0] I hit something
[2018.10.25-08.54.47:162][330]LogBlueprintUserMessages: [Player_C_0] I hit something
[2018.10.25-08.54.47:170][331]LogBlueprintUserMessages: [Player_C_0] I hit something
[2018.10.25-08.54.47:184][332]LogBlueprintUserMessages: [Player_C_0] I hit something
[2018.10.25-08.54.47:192][333]LogBlueprintUserMessages: [Player_C_0] I hit something
[2018.10.25-08.54.47:203][334]LogBlueprintUserMessages: [Player_C_0] I hit something
[2018.10.25-08.54.47:211][335]LogBlueprintUserMessages: [Player_C_0] I hit something
[2018.10.25-08.54.47:220][336]LogBlueprintUserMessages: [Player_C_0] I hit something
[2018.10.25-08.54.47:228][337]LogBlueprintUserMessages: [Player_C_0] I hit something
[2018.10.25-08.54.47:237][338]LogBlueprintUserMessages: [Player_C_0] I hit something
[2018.10.25-08.54.47:245][339]LogBlueprintUserMessages: [Player_C_0] I hit something
[2018.10.25-08.54.47:253][340]LogBlueprintUserMessages: [Player_C_0] I hit something
[2018.10.25-08.54.47:262][341]LogBlueprintUserMessages: [Player_C_0] I hit something
[2018.10.25-08.54.47:270][342]LogBlueprintUserMessages: [Player_C_0] I hit something
[2018.10.25-08.54.47:278][343]LogBlueprintUserMessages: [Player_C_0] I hit something
[2018.10.25-08.54.47:287][344]LogBlueprintUserMessages: [Player_C_0] I hit something
[2018.10.25-08.54.47:295][345]LogBlueprintUserMessages: [Player_C_0] I hit something
[2018.10.25-08.54.47:304][346]LogBlueprintUserMessages: [Player_C_0] I hit something
[2018.10.25-08.54.47:312][347]LogBlueprintUserMessages: [Player_C_0] I hit something
[2018.10.25-08.54.47:320][348]LogBlueprintUserMessages: [Player_C_0] I hit something
[2018.10.25-08.54.47:329][349]LogBlueprintUserMessages: [Player_C_0] I hit something
[2018.10.25-08.54.47:338][350]LogBlueprintUserMessages: [Player_C_0] I hit something
[2018.10.25-08.54.47:346][351]LogBlueprintUserMessages: [Player_C_0] I hit something
[2018.10.25-08.54.47:353][352]LogBlueprintUserMessages: [Player_C_0] I hit something
[2018.10.25-08.54.47:362][353]LogBlueprintUserMessages: [Player_C_0] I hit something
[2018.10.25-08.54.47:370][354]LogBlueprintUserMessages: [Player_C_0] I hit something
[2018.10.25-08.54.47:378][355]LogBlueprintUserMessages: [Player_C_0] I hit something
[2018.10.25-08.54.47:387][356]LogBlueprintUserMessages: [Player_C_0] I hit something
[2018.10.25-08.54.47:395][357]LogBlueprintUserMessages: [Player_C_0] I hit something
[2018.10.25-08.54.47:404][358]LogBlueprintUserMessages: [Player_C_0] I hit something
[2018.10.25-08.54.47:412][359]LogBlueprintUserMessages: [Player_C_0] I hit something
[2018.10.25-08.54.47:420][360]LogBlueprintUserMessages: [Player_C_0] I hit something
[2018.10.25-08.54.47:429][361]LogBlueprintUserMessages: [Player_C_0] I hit something
[2018.10.25-08.54.47:437][362]LogBlueprintUserMessages: [Player_C_0] I hit something
[2018.10.25-08.54.47:445][363]LogBlueprintUserMessages: [Player_C_0] I hit something
[2018.10.25-08.54.47:454][364]LogBlueprintUserMessages: [Player_C_0] I hit something
[2018.10.25-08.54.47:462][365]LogBlueprintUserMessages: [Player_C_0] I hit something
[2018.10.25-08.54.47:470][366]LogBlueprintUserMessages: [Player_C_0] I hit something
[2018.10.25-08.54.47:479][367]LogBlueprintUserMessages: [Player_C_0] I hit something
[2018.10.25-08.54.47:490][368]LogBlueprintUserMessages: [Player_C_0] I hit something
[2018.10.25-08.54.47:498][369]LogBlueprintUserMessages: [Player_C_0] I hit something
[2018.10.25-08.54.47:507][370]LogBlueprintUserMessages: [Player_C_0] I hit something
[2018.10.25-08.54.47:515][371]LogBlueprintUserMessages: [Player_C_0] I hit something
[2018.10.25-08.54.47:523][372]LogBlueprintUserMessages: [Player_C_0] I hit something
[2018.10.25-08.54.47:532][373]LogBlueprintUserMessages: [Player_C_0] I hit something
[2018.10.25-08.54.47:541][374]LogBlueprintUserMessages: [Player_C_0] I hit something
[2018.10.25-08.54.47:549][375]LogBlueprintUserMessages: [Player_C_0] I hit something
[2018.10.25-08.54.47:557][376]LogBlueprintUserMessages: [Player_C_0] I hit something
[2018.10.25-08.54.47:566][377]LogBlueprintUserMessages: [Player_C_0] I hit something
[2018.10.25-08.54.47:574][378]LogBlueprintUserMessages: [Player_C_0] I hit something
[2018.10.25-08.54.47:582][379]LogBlueprintUserMessages: [Player_C_0] I hit something
[2018.10.25-08.54.47:590][380]LogBlueprintUserMessages: [Player_C_0] I hit something
[2018.10.25-08.54.47:599][381]LogBlueprintUserMessages: [Player_C_0] I hit something
[2018.10.25-08.54.47:607][382]LogBlueprintUserMessages: [Player_C_0] I hit something
[2018.10.25-08.54.47:616][383]LogBlueprintUserMessages: [Player_C_0] I hit something
[2018.10.25-08.54.47:624][384]LogBlueprintUserMessages: [Player_C_0] I hit something
[2018.10.25-08.54.47:632][385]LogBlueprintUserMessages: [Player_C_0] I hit something
[2018.10.25-08.54.47:641][386]LogBlueprintUserMessages: [Player_C_0] I hit something
[2018.10.25-08.54.47:650][387]LogBlueprintUserMessages: [Player_C_0] I hit something
[2018.10.25-08.54.47:658][388]LogBlueprintUserMessages: [Player_C_0] I hit something
[2018.10.25-08.54.47:666][389]LogBlueprintUserMessages: [Player_C_0] I hit something
[2018.10.25-08.54.47:674][390]LogBlueprintUserMessages: [Player_C_0] I hit something
[2018.10.25-08.54.47:683][391]LogBlueprintUserMessages: [Player_C_0] I hit something
[2018.10.25-08.54.47:692][392]LogBlueprintUserMessages: [Player_C_0] I hit something
[2018.10.25-08.54.47:700][393]LogBlueprintUserMessages: [Player_C_0] I hit something
[2018.10.25-08.54.47:708][394]LogBlueprintUserMessages: [Player_C_0] I hit something
[2018.10.25-08.54.47:716][395]LogBlueprintUserMessages: [Player_C_0] I hit something
[2018.10.25-08.54.47:724][396]LogBlueprintUserMessages: [Player_C_0] I hit something
[2018.10.25-08.54.47:733][397]LogBlueprintUserMessages: [Player_C_0] I hit something
[2018.10.25-08.54.47:740][398]LogBlueprintUserMessages: [Player_C_0] I hit something
[2018.10.25-08.54.47:749][399]LogBlueprintUserMessages: [Player_C_0] I hit something
[2018.10.25-08.54.47:757][400]LogBlueprintUserMessages: [Player_C_0] I hit something
[2018.10.25-08.54.47:766][401]LogBlueprintUserMessages: [Player_C_0] I hit something
[2018.10.25-08.54.47:774][402]LogBlueprintUserMessages: [Player_C_0] I hit something
[2018.10.25-08.54.47:783][403]LogBlueprintUserMessages: [Player_C_0] I hit something
[2018.10.25-08.54.47:791][404]LogBlueprintUserMessages: [Player_C_0] I hit something
[2018.10.25-08.54.47:799][405]LogBlueprintUserMessages: [Player_C_0] I hit something
[2018.10.25-08.54.47:808][406]LogBlueprintUserMessages: [Player_C_0] I hit something
[2018.10.25-08.54.47:816][407]LogBlueprintUserMessages: [Player_C_0] I hit something
[2018.10.25-08.54.47:824][408]LogBlueprintUserMessages: [Player_C_0] I hit something
[2018.10.25-08.54.47:833][409]LogBlueprintUserMessages: [Player_C_0] I hit something
[2018.10.25-08.54.47:841][410]LogBlueprintUserMessages: [Player_C_0] I hit something
[2018.10.25-08.54.47:850][411]LogBlueprintUserMessages: [Player_C_0] I hit something
[2018.10.25-08.54.47:858][412]LogBlueprintUserMessages: [Player_C_0] I hit something
[2018.10.25-08.54.47:866][413]LogBlueprintUserMessages: [Player_C_0] I hit something
[2018.10.25-08.54.47:874][414]LogBlueprintUserMessages: [Player_C_0] I hit something
[2018.10.25-08.54.47:883][415]LogBlueprintUserMessages: [Player_C_0] I hit something
[2018.10.25-08.54.47:892][416]LogBlueprintUserMessages: [Player_C_0] I hit something
[2018.10.25-08.54.47:901][417]LogBlueprintUserMessages: [Player_C_0] I hit something
[2018.10.25-08.54.47:909][418]LogBlueprintUserMessages: [Player_C_0] I hit something
[2018.10.25-08.54.47:918][419]LogBlueprintUserMessages: [Player_C_0] I hit something
[2018.10.25-08.54.47:926][420]LogBlueprintUserMessages: [Player_C_0] I hit something
[2018.10.25-08.54.47:934][421]LogBlueprintUserMessages: [Player_C_0] I hit something
[2018.10.25-08.54.47:943][422]LogBlueprintUserMessages: [Player_C_0] I hit something
[2018.10.25-08.54.47:952][423]LogBlueprintUserMessages: [Player_C_0] I hit something
[2018.10.25-08.54.47:959][424]LogBlueprintUserMessages: [Player_C_0] I hit something
[2018.10.25-08.54.47:968][425]LogBlueprintUserMessages: [Player_C_0] I hit something
[2018.10.25-08.54.47:977][426]LogBlueprintUserMessages: [Player_C_0] I hit something
[2018.10.25-08.54.47:985][427]LogBlueprintUserMessages: [Player_C_0] I hit something
[2018.10.25-08.54.47:994][428]LogBlueprintUserMessages: [Player_C_0] I hit something
[2018.10.25-08.54.48:002][429]LogBlueprintUserMessages: [Player_C_0] I hit something
[2018.10.25-08.54.48:011][430]LogBlueprintUserMessages: [Player_C_0] I hit something
[2018.10.25-08.54.48:019][431]LogBlueprintUserMessages: [Player_C_0] I hit something
[2018.10.25-08.54.48:027][432]LogBlueprintUserMessages: [Player_C_0] I hit something
[2018.10.25-08.54.48:035][433]LogBlueprintUserMessages: [Player_C_0] I hit something
[2018.10.25-08.54.48:044][434]LogBlueprintUserMessages: [Player_C_0] I hit something
[2018.10.25-08.54.48:052][435]LogBlueprintUserMessages: [Player_C_0] I hit something
[2018.10.25-08.54.48:060][436]LogBlueprintUserMessages: [Player_C_0] I hit something
[2018.10.25-08.54.48:069][437]LogBlueprintUserMessages: [Player_C_0] I hit something
[2018.10.25-08.54.48:077][438]LogBlueprintUserMessages: [Player_C_0] I hit something
[2018.10.25-08.54.48:086][439]LogBlueprintUserMessages: [Player_C_0] I hit something
[2018.10.25-08.54.48:094][440]LogBlueprintUserMessages: [Player_C_0] I hit something
[2018.10.25-08.54.48:102][441]LogBlueprintUserMessages: [Player_C_0] I hit something
[2018.10.25-08.54.48:111][442]LogBlueprintUserMessages: [Player_C_0] I hit something
[2018.10.25-08.54.48:119][443]LogBlueprintUserMessages: [Player_C_0] I hit something
[2018.10.25-08.54.48:127][444]LogBlueprintUserMessages: [Player_C_0] I hit something
[2018.10.25-08.54.48:136][445]LogBlueprintUserMessages: [Player_C_0] I hit something
[2018.10.25-08.54.48:144][446]LogBlueprintUserMessages: [Player_C_0] I hit something
[2018.10.25-08.54.48:152][447]LogBlueprintUserMessages: [Player_C_0] I hit something
[2018.10.25-08.54.48:161][448]LogBlueprintUserMessages: [Player_C_0] I hit something
[2018.10.25-08.54.48:169][449]LogBlueprintUserMessages: [Player_C_0] I hit something
[2018.10.25-08.54.48:177][450]LogBlueprintUserMessages: [Player_C_0] I hit something
[2018.10.25-08.54.48:186][451]LogBlueprintUserMessages: [Player_C_0] I hit something
[2018.10.25-08.54.48:194][452]LogBlueprintUserMessages: [Player_C_0] I hit something
[2018.10.25-08.54.48:203][453]LogBlueprintUserMessages: [Player_C_0] I hit something
[2018.10.25-08.54.48:211][454]LogBlueprintUserMessages: [Player_C_0] I hit something
[2018.10.25-08.54.48:219][455]LogBlueprintUserMessages: [Player_C_0] I hit something
[2018.10.25-08.54.48:228][456]LogBlueprintUserMessages: [Player_C_0] I hit something
[2018.10.25-08.54.48:236][457]LogBlueprintUserMessages: [Player_C_0] I hit something
[2018.10.25-08.54.48:244][458]LogBlueprintUserMessages: [Player_C_0] I hit something
[2018.10.25-08.54.48:253][459]LogBlueprintUserMessages: [Player_C_0] I hit something
[2018.10.25-08.54.48:261][460]LogBlueprintUserMessages: [Player_C_0] I hit something
[2018.10.25-08.54.48:269][461]LogBlueprintUserMessages: [Player_C_0] I hit something
[2018.10.25-08.54.48:278][462]LogBlueprintUserMessages: [Player_C_0] I hit something
[2018.10.25-08.54.48:286][463]LogBlueprintUserMessages: [Player_C_0] I hit something
[2018.10.25-08.54.48:295][464]LogBlueprintUserMessages: [Player_C_0] I hit something
[2018.10.25-08.54.48:303][465]LogBlueprintUserMessages: [Player_C_0] I hit something
[2018.10.25-08.54.48:312][466]LogBlueprintUserMessages: [Player_C_0] I hit something
[2018.10.25-08.54.48:320][467]LogBlueprintUserMessages: [Player_C_0] I hit something
[2018.10.25-08.54.48:328][468]LogBlueprintUserMessages: [Player_C_0] I hit something
[2018.10.25-08.54.48:335][469]LogBlueprintUserMessages: [Player_C_0] I hit something
[2018.10.25-08.54.48:344][470]LogBlueprintUserMessages: [Player_C_0] I hit something
[2018.10.25-08.54.48:353][471]LogBlueprintUserMessages: [Player_C_0] I hit something
[2018.10.25-08.54.48:373][472]LogBlueprintUserMessages: [Player_C_0] I hit something
[2018.10.25-08.54.48:382][473]LogBlueprintUserMessages: [Player_C_0] I hit something
[2018.10.25-08.54.48:390][474]LogBlueprintUserMessages: [Player_C_0] I hit something
[2018.10.25-08.54.48:398][475]LogBlueprintUserMessages: [Player_C_0] I hit something
[2018.10.25-08.54.48:407][476]LogBlueprintUserMessages: [Player_C_0] I hit something
[2018.10.25-08.54.48:415][477]LogBlueprintUserMessages: [Player_C_0] I hit something
[2018.10.25-08.54.48:424][478]LogBlueprintUserMessages: [Player_C_0] I hit something
[2018.10.25-08.54.48:433][479]LogBlueprintUserMessages: [Player_C_0] I hit something
[2018.10.25-08.54.48:441][480]LogBlueprintUserMessages: [Player_C_0] I hit something
[2018.10.25-08.54.48:450][481]LogBlueprintUserMessages: [Player_C_0] I hit something
[2018.10.25-08.54.48:458][482]LogBlueprintUserMessages: [Player_C_0] I hit something
[2018.10.25-08.54.48:467][483]LogBlueprintUserMessages: [Player_C_0] I hit something
[2018.10.25-08.54.48:475][484]LogBlueprintUserMessages: [Player_C_0] I hit something
[2018.10.25-08.54.48:483][485]LogBlueprintUserMessages: [Player_C_0] I hit something
[2018.10.25-08.54.48:491][486]LogBlueprintUserMessages: [Player_C_0] I hit something
[2018.10.25-08.54.48:500][487]LogBlueprintUserMessages: [Player_C_0] I hit something
[2018.10.25-08.54.48:508][488]LogBlueprintUserMessages: [Player_C_0] I hit something
[2018.10.25-08.54.48:516][489]LogBlueprintUserMessages: [Player_C_0] I hit something
[2018.10.25-08.54.48:525][490]LogBlueprintUserMessages: [Player_C_0] I hit something
[2018.10.25-08.54.48:533][491]LogBlueprintUserMessages: [Player_C_0] I hit something
[2018.10.25-08.54.48:542][492]LogBlueprintUserMessages: [Player_C_0] I hit something
[2018.10.25-08.54.48:550][493]LogBlueprintUserMessages: [Player_C_0] I hit something
[2018.10.25-08.54.48:558][494]LogBlueprintUserMessages: [Player_C_0] I hit something
[2018.10.25-08.54.48:567][495]LogBlueprintUserMessages: [Player_C_0] I hit something
[2018.10.25-08.54.48:575][496]LogBlueprintUserMessages: [Player_C_0] I hit something
[2018.10.25-08.54.48:583][497]LogBlueprintUserMessages: [Player_C_0] I hit something
[2018.10.25-08.54.48:591][498]LogBlueprintUserMessages: [Player_C_0] I hit something
[2018.10.25-08.54.48:600][499]LogBlueprintUserMessages: [Player_C_0] I hit something
[2018.10.25-08.54.48:608][500]LogBlueprintUserMessages: [Player_C_0] I hit something
[2018.10.25-08.54.48:617][501]LogBlueprintUserMessages: [Player_C_0] I hit something
[2018.10.25-08.54.48:625][502]LogBlueprintUserMessages: [Player_C_0] I hit something
[2018.10.25-08.54.48:633][503]LogBlueprintUserMessages: [Player_C_0] I hit something
[2018.10.25-08.54.48:641][504]LogBlueprintUserMessages: [Player_C_0] I hit something
[2018.10.25-08.54.48:650][505]LogBlueprintUserMessages: [Player_C_0] I hit something
[2018.10.25-08.54.48:658][506]LogBlueprintUserMessages: [Player_C_0] I hit something
[2018.10.25-08.54.48:666][507]LogBlueprintUserMessages: [Player_C_0] I hit something
[2018.10.25-08.54.48:674][508]LogBlueprintUserMessages: [Player_C_0] I hit something
[2018.10.25-08.54.48:683][509]LogBlueprintUserMessages: [Player_C_0] I hit something
[2018.10.25-08.54.48:691][510]LogBlueprintUserMessages: [Player_C_0] I hit something
[2018.10.25-08.54.48:700][511]LogBlueprintUserMessages: [Player_C_0] I hit something
[2018.10.25-08.54.48:708][512]LogBlueprintUserMessages: [Player_C_0] I hit something
[2018.10.25-08.54.48:717][513]LogBlueprintUserMessages: [Player_C_0] I hit something
[2018.10.25-08.54.48:725][514]LogBlueprintUserMessages: [Player_C_0] I hit something
[2018.10.25-08.54.48:733][515]LogBlueprintUserMessages: [Player_C_0] I hit something
[2018.10.25-08.54.48:741][516]LogBlueprintUserMessages: [Player_C_0] I hit something
[2018.10.25-08.54.48:750][517]LogBlueprintUserMessages: [Player_C_0] I hit something
[2018.10.25-08.54.48:758][518]LogBlueprintUserMessages: [Player_C_0] I hit something
[2018.10.25-08.54.48:767][519]LogBlueprintUserMessages: [Player_C_0] I hit something
[2018.10.25-08.54.48:775][520]LogBlueprintUserMessages: [Player_C_0] I hit something
[2018.10.25-08.54.48:784][521]LogBlueprintUserMessages: [Player_C_0] I hit something
[2018.10.25-08.54.48:791][522]LogBlueprintUserMessages: [Player_C_0] I hit something
[2018.10.25-08.54.48:800][523]LogBlueprintUserMessages: [Player_C_0] I hit something
[2018.10.25-08.54.48:808][524]LogBlueprintUserMessages: [Player_C_0] I hit something
[2018.10.25-08.54.48:817][525]LogBlueprintUserMessages: [Player_C_0] I hit something
[2018.10.25-08.54.48:824][526]LogBlueprintUserMessages: [Player_C_0] I hit something
[2018.10.25-08.54.48:833][527]LogBlueprintUserMessages: [Player_C_0] I hit something
[2018.10.25-08.54.48:841][528]LogBlueprintUserMessages: [Player_C_0] I hit something
[2018.10.25-08.54.57:865][603]LogBlueprintUserMessages: Early EndPlayMap Detection: Level '/Game/StarterContent/Maps/Minimal_Default.Minimal_Default:PersistentLevel' has LevelScriptBlueprint '/Game/StarterContent/Maps/Minimal_Default.Minimal_Default:PersistentLevel.Minimal_Default' with GeneratedClass '/Game/StarterContent/Maps/Minimal_Default.Minimal_Default_C' with ClassGeneratedBy '/Game/StarterContent/Maps/Minimal_Default.Minimal_Default:PersistentLevel.Minimal_Default'
[2018.10.25-08.54.57:865][603]LogSlate: Updating window title bar state: overlay mode, drag disabled, window buttons hidden, title bar hidden
[2018.10.25-08.54.57:930][603]LogPlayLevel: Display: Shutting down PIE online subsystems
[2018.10.25-08.54.57:931][603]LogBlueprintUserMessages: Late EndPlayMap Detection: Level '/Game/StarterContent/Maps/Minimal_Default.Minimal_Default:PersistentLevel' has LevelScriptBlueprint '/Game/StarterContent/Maps/Minimal_Default.Minimal_Default:PersistentLevel.Minimal_Default' with GeneratedClass '/Game/StarterContent/Maps/Minimal_Default.Minimal_Default_C' with ClassGeneratedBy '/Game/StarterContent/Maps/Minimal_Default.Minimal_Default:PersistentLevel.Minimal_Default'
[2018.10.25-08.54.57:969][603]LogSlate: Updating window title bar state: overlay mode, drag disabled, window buttons hidden, title bar hidden
[2018.10.25-08.54.57:999][604]LogPlayLevel: Display: Destroying online subsystem :Context_7
[2018.10.25-08.54.58:943][716]LogSlate: Took 0.000199 seconds to synchronously load lazily loaded font '../../../Engine/Content/Slate/Fonts/Roboto-Light.ttf' (167K)
[2018.10.25-08.54.58:946][716]LogSlate: FSceneViewport::OnFocusLost() reason 2
[2018.10.25-08.54.59:678][716]LogSavePackage: Moving '../../../../../../Users/w017177h/Documents/SpideyCPP/SideyCPP/Saved/Minimal_Default8302C4C74D44584A5818C388AB809413.tmp' to '../../../../../../Users/w017177h/Documents/SpideyCPP/SideyCPP/Content/StarterContent/Maps/Minimal_Default.umap'
[2018.10.25-08.54.59:798][716]LogSavePackage: Moving '../../../../../../Users/w017177h/Documents/SpideyCPP/SideyCPP/Saved/Minimal_Default_BuiltData8CC119404D2DED263D37A3BF905DB4DD.tmp' to '../../../../../../Users/w017177h/Documents/SpideyCPP/SideyCPP/Content/StarterContent/Maps/Minimal_Default_BuiltData.uasset'
