Log file open, 10/18/18 10:20:10
LogWindows: Failed to load 'aqProf.dll' (GetLastError=126)
LogWindows: File 'aqProf.dll' does not exist
LogWindows: Failed to load 'VSPerf140.dll' (GetLastError=126)
LogWindows: File 'VSPerf140.dll' does not exist
LogWindows: Failed to load 'VtuneApi.dll' (GetLastError=126)
LogWindows: File 'VtuneApi.dll' does not exist
LogWindows: Failed to load 'VtuneApi32e.dll' (GetLastError=126)
LogWindows: File 'VtuneApi32e.dll' does not exist
LogInit: Display: Running engine for game: SideyCPP
LogPlatformFile: Not using cached read wrapper
LogTaskGraph: Started task graph with 5 named threads and 23 total threads with 3 sets of task threads.
LogStats: Stats thread started at 0.415834
LogD3D11RHI: Loaded GFSDK_Aftermath_Lib.x64.dll
LogICUInternationalization: Display: ICU TimeZone Detection - Raw Offset: +0:00, Platform Override: ''
LogPluginManager: Mounting plugin Paper2D
LogPluginManager: Mounting plugin AISupport
LogPluginManager: Mounting plugin LightPropagationVolume
LogPluginManager: Mounting plugin CLionSourceCodeAccess
LogPluginManager: Mounting plugin CodeLiteSourceCodeAccess
LogPluginManager: Mounting plugin GitSourceControl
LogPluginManager: Mounting plugin KDevelopSourceCodeAccess
LogPluginManager: Mounting plugin NullSourceCodeAccess
LogPluginManager: Mounting plugin PerforceSourceControl
LogPluginManager: Mounting plugin SubversionSourceControl
LogPluginManager: Mounting plugin UObjectPlugin
LogPluginManager: Mounting plugin VisualStudioCodeSourceCodeAccess
LogPluginManager: Mounting plugin VisualStudioSourceCodeAccess
LogPluginManager: Mounting plugin XCodeSourceCodeAccess
LogPluginManager: Mounting plugin AssetManagerEditor
LogPluginManager: Mounting plugin CryptoKeys
LogPluginManager: Mounting plugin DataValidation
LogPluginManager: Mounting plugin FacialAnimation
LogPluginManager: Mounting plugin GameplayTagsEditor
LogPluginManager: Mounting plugin MacGraphicsSwitching
LogPluginManager: Mounting plugin MeshEditor
LogPluginManager: Mounting plugin MobileLauncherProfileWizard
LogPluginManager: Mounting plugin PluginBrowser
LogPluginManager: Mounting plugin SpeedTreeImporter
LogPluginManager: Mounting plugin DatasmithContent
LogPluginManager: Mounting plugin AlembicImporter
LogPluginManager: Mounting plugin AppleImageUtils
LogPluginManager: Mounting plugin AppleVision
LogPluginManager: Mounting plugin BackChannel
LogPluginManager: Mounting plugin CharacterAI
LogPluginManager: Mounting plugin GeometryCache
LogPluginManager: Mounting plugin HTML5Networking
LogPluginManager: Mounting plugin ProxyLODPlugin
LogPluginManager: Mounting plugin MagicLeap
LogPluginManager: Mounting plugin MagicLeapEmulator
LogPluginManager: Mounting plugin MagicLeapMedia
LogPluginManager: Mounting plugin AndroidMedia
LogPluginManager: Mounting plugin AvfMedia
LogPluginManager: Mounting plugin ImgMedia
LogPluginManager: Mounting plugin LinearTimecode
LogPluginManager: Mounting plugin MediaCompositing
LogPluginManager: Mounting plugin MediaPlayerEditor
LogPluginManager: Mounting plugin WmfMedia
LogPluginManager: Mounting plugin TcpMessaging
LogPluginManager: Mounting plugin UdpMessaging
LogPluginManager: Mounting plugin ActorSequence
LogPluginManager: Mounting plugin LevelSequenceEditor
LogPluginManager: Mounting plugin MatineeToLevelSequence
LogPluginManager: Mounting plugin NetcodeUnitTest
LogPluginManager: Mounting plugin NUTUnrealEngine4
LogPluginManager: Mounting plugin OnlineSubsystemGooglePlay
LogPluginManager: Mounting plugin OnlineSubsystemIOS
LogPluginManager: Mounting plugin OnlineSubsystem
LogPluginManager: Mounting plugin OnlineSubsystemNull
LogPluginManager: Mounting plugin OnlineSubsystemUtils
LogPluginManager: Mounting plugin LauncherChunkInstaller
LogPluginManager: Mounting plugin AndroidDeviceProfileSelector
LogPluginManager: Mounting plugin AndroidMoviePlayer
LogPluginManager: Mounting plugin AndroidPermission
LogPluginManager: Mounting plugin AppleMoviePlayer
LogPluginManager: Mounting plugin ArchVisCharacter
LogPluginManager: Mounting plugin AudioCapture
LogPluginManager: Mounting plugin CableComponent
LogPluginManager: Mounting plugin CustomMeshComponent
LogPluginManager: Mounting plugin EditableMesh
LogPluginManager: Mounting plugin ExampleDeviceProfileSelector
LogPluginManager: Mounting plugin GoogleCloudMessaging
LogPluginManager: Mounting plugin ImmediatePhysics
LogPluginManager: Mounting plugin IOSDeviceProfileSelector
LogPluginManager: Mounting plugin LinuxDeviceProfileSelector
LogPluginManager: Mounting plugin LocationServicesBPLibrary
LogPluginManager: Mounting plugin MobilePatchingUtils
LogPluginManager: Mounting plugin OculusVR
LogPluginManager: Plugin shader directory ../../../Engine/Plugins/Runtime/Oculus/OculusVR/Shaders found
LogPluginManager: Mapping shader source directory ../../../Engine/Plugins/Runtime/Oculus/OculusVR/Shaders to virtual directory /Plugin/OculusVR
LogPluginManager: Mounting plugin PhysXVehicles
LogPluginManager: Mounting plugin ProceduralMeshComponent
LogPluginManager: Mounting plugin RuntimePhysXCooking
LogPluginManager: Mounting plugin SteamVR
LogPluginManager: Mounting plugin WindowsMoviePlayer
LogStreaming: Display: Took  0.247s to configure plugins.
LogInit: Using libcurl 7.55.1-DEV
LogInit:  - built for x86_64-pc-win32
LogInit:  - supports SSL with OpenSSL/1.0.2h
LogInit:  - supports HTTP deflate (compression) using libz 1.2.8
LogInit:  - other features:
LogInit:      CURL_VERSION_SSL
LogInit:      CURL_VERSION_LIBZ
LogInit:      CURL_VERSION_IPV6
LogInit:      CURL_VERSION_ASYNCHDNS
LogInit:      CURL_VERSION_LARGEFILE
LogInit:      CURL_VERSION_IDN
LogInit:  CurlRequestOptions (configurable via config and command line):
LogInit:  - bVerifyPeer = false  - Libcurl will NOT verify peer certificate
LogInit:  - bUseHttpProxy = false  - Libcurl will NOT use HTTP proxy
LogInit:  - bDontReuseConnections = false  - Libcurl will reuse connections
LogInit:  - CertBundlePath = nullptr  - Libcurl will use whatever was configured at build time.
LogInit:  - MaxHostConnections = 16  - Libcurl will limit the number of connections to a host
LogInit:  - LocalHostAddr = Default
LogInit:  - BufferSize = 65536
LogInit: WinSock: version 1.1 (2.2), MaxSocks=32767, MaxUdp=65467
LogInit: Build: ++UE4+Release-4.20-CL-4369336
LogInit: Engine Version: 4.20.3-4369336+++UE4+Release-4.20
LogInit: Compatible Engine Version: 4.20.0-4212847+++UE4+Release-4.20
LogInit: Net CL: 4212847
LogInit: OS: Windows 10 (), CPU: Intel(R) Xeon(R) W-2123 CPU @ 3.60GHz, GPU: NVIDIA GeForce GTX 1070
LogInit: Compiled (64-bit): Sep 17 2018 12:26:19
LogInit: Compiled with Visual C++: 19.13.26129.00
LogInit: Build Configuration: Development
LogInit: Branch Name: ++UE4+Release-4.20
LogInit: Command Line:  -skipcompile
LogInit: Base Directory: C:/Epic/UE4/UE_4.20/Engine/Binaries/Win64/
LogInit: Installed Engine Build: 1
LogDevObjectVersion: Number of dev versions registered: 20
LogDevObjectVersion:   Dev-Blueprints (B0D832E4-1F89-4F0D-ACCF-7EB736FD4AA2): 10
LogDevObjectVersion:   Dev-Build (E1C64328-A22C-4D53-A36C-8E866417BD8C): 0
LogDevObjectVersion:   Dev-Core (375EC13C-06E4-48FB-B500-84F0262A717E): 2
LogDevObjectVersion:   Dev-Editor (E4B068ED-F494-42E9-A231-DA0B2E46BB41): 24
LogDevObjectVersion:   Dev-Framework (CFFC743F-43B0-4480-9391-14DF171D2073): 34
LogDevObjectVersion:   Dev-Mobile (B02B49B5-BB20-44E9-A304-32B752E40360): 2
LogDevObjectVersion:   Dev-Networking (A4E4105C-59A1-49B5-A7C5-40C4547EDFEE): 0
LogDevObjectVersion:   Dev-Online (39C831C9-5AE6-47DC-9A44-9C173E1C8E7C): 0
LogDevObjectVersion:   Dev-Physics (78F01B33-EBEA-4F98-B9B4-84EACCB95AA2): 0
LogDevObjectVersion:   Dev-Platform (6631380F-2D4D-43E0-8009-CF276956A95A): 0
LogDevObjectVersion:   Dev-Rendering (12F88B9F-8875-4AFC-A67C-D90C383ABD29): 26
LogDevObjectVersion:   Dev-Sequencer (7B5AE74C-D270-4C10-A958-57980B212A5A): 9
LogDevObjectVersion:   Dev-VR (D7296918-1DD6-4BDD-9DE2-64A83CC13884): 2
LogDevObjectVersion:   Dev-LoadTimes (C2A15278-BFE7-4AFE-6C17-90FF531DF755): 1
LogDevObjectVersion:   Private-Geometry (6EACA3D4-40EC-4CC1-B786-8BED09428FC5): 3
LogDevObjectVersion:   Dev-AnimPhys (29E575DD-E0A3-4627-9D10-D276232CDCEA): 17
LogDevObjectVersion:   Dev-ReflectionCapture (6B266CEC-1EC7-4B8F-A30B-E4D90942FC07): 1
LogDevObjectVersion:   Dev-Automation (0DF73D61-A23F-47EA-B727-89E90C41499A): 1
LogDevObjectVersion:   FortniteMain (601D1886-AC64-4F84-AA16-D3DE0DEAC7D6): 12
LogDevObjectVersion:   Dev-Enterprise (9DFFBCD6-494F-0158-E221-12823C92A888): 1
LogStreaming: Display: Took  0.004s to delete old logs.
LogInit: Presizing for max 8388607 objects, including 0 objects not considered by GC, pre-allocating 0 bytes for permanent pool.
LogInit: Object subsystem initialized
[2018.10.18-09.20.10:923][  0]LogInit: Selected Device Profile: [Windows]
[2018.10.18-09.20.10:923][  0]LogInit: Applying CVar settings loaded from the selected device profile: [Windows]
[2018.10.18-09.20.10:938][  0]LogHAL: Display: Platform has ~ 32 GB [34065870848 / 34359738368 / 32], which maps to Largest [LargestMinGB=32, LargerMinGB=12, DefaultMinGB=8, SmallerMinGB=6, SmallestMinGB=0)
[2018.10.18-09.20.10:938][  0]LogInit: Setting Device Profile CVar: [[r.Vulkan.UseRealUBs:1]]
[2018.10.18-09.20.10:938][  0]LogInit: Going up to parent DeviceProfile []
[2018.10.18-09.20.10:939][  0]LogInit: Computer: C117B-03
[2018.10.18-09.20.10:939][  0]LogInit: User: w017177h
[2018.10.18-09.20.10:939][  0]LogInit: CPU Page size=4096, Cores=4
[2018.10.18-09.20.10:939][  0]LogInit: High frequency timer resolution =3.515633 MHz
[2018.10.18-09.20.10:939][  0]LogMemory: Memory total: Physical=31.7GB (32GB approx)
[2018.10.18-09.20.10:939][  0]LogMemory: Platform Memory Stats for Windows
[2018.10.18-09.20.10:939][  0]LogMemory: Process Physical Memory: 100.92 MB used, 100.92 MB peak
[2018.10.18-09.20.10:939][  0]LogMemory: Process Virtual Memory: 90.94 MB used, 90.94 MB peak
[2018.10.18-09.20.10:940][  0]LogMemory: Physical Memory: 8920.96 MB used,  23566.79 MB free, 32487.75 MB total
[2018.10.18-09.20.10:940][  0]LogMemory: Virtual Memory: 4640.09 MB used,  23566.79 MB free, 134217728.00 MB total
[2018.10.18-09.20.11:049][  0]LogInit: Using OS detected language (en-US).
[2018.10.18-09.20.11:049][  0]LogInit: Using OS detected locale (en-GB).
[2018.10.18-09.20.11:050][  0]LogTextLocalizationManager: No specific localization for 'en-US' exists, so the 'en' localization will be used.
[2018.10.18-09.20.11:406][  0]LogStreaming: Display: Took  0.358s to InitEngineTextLocalization.
[2018.10.18-09.20.11:407][  0]LogInit: Setting process to per monitor DPI aware
[2018.10.18-09.20.11:474][  0]LogSlate: New Slate User Created.  User Index 0, Is Virtual User: 0
[2018.10.18-09.20.11:474][  0]LogSlate: Slate User Registered.  User Index 0, Is Virtual User: 0
[2018.10.18-09.20.11:726][  0]LogHMD: Failed to initialize OpenVR with code 110
[2018.10.18-09.20.11:726][  0]LogD3D11RHI: D3D11 adapters:
[2018.10.18-09.20.11:825][  0]LogD3D11RHI:    0. 'NVIDIA GeForce GTX 1070' (Feature Level 11_0)
[2018.10.18-09.20.11:825][  0]LogD3D11RHI:       8088/0/16243 MB DedicatedVideo/DedicatedSystem/SharedSystem, Outputs:2, VendorId:0x10de
[2018.10.18-09.20.11:830][  0]LogD3D11RHI:    1. 'Microsoft Basic Render Driver' (Feature Level 11_0)
[2018.10.18-09.20.11:830][  0]LogD3D11RHI:       0/0/16243 MB DedicatedVideo/DedicatedSystem/SharedSystem, Outputs:0, VendorId:0x1414
[2018.10.18-09.20.11:831][  0]LogD3D11RHI: Chosen D3D11 Adapter: 0
[2018.10.18-09.20.11:837][  0]LogD3D11RHI: Creating new Direct3DDevice
[2018.10.18-09.20.11:837][  0]LogD3D11RHI:     GPU DeviceId: 0x1b81 (for the marketing name, search the web for "GPU Device Id")
[2018.10.18-09.20.11:837][  0]LogWindows: EnumDisplayDevices:
[2018.10.18-09.20.11:837][  0]LogWindows:    0. 'NVIDIA GeForce GTX 1070' (P:1 D:1)
[2018.10.18-09.20.11:838][  0]LogWindows:    1. 'NVIDIA GeForce GTX 1070' (P:0 D:1)
[2018.10.18-09.20.11:838][  0]LogWindows:    2. 'NVIDIA GeForce GTX 1070' (P:0 D:0)
[2018.10.18-09.20.11:838][  0]LogWindows:    3. 'NVIDIA GeForce GTX 1070' (P:0 D:0)
[2018.10.18-09.20.11:839][  0]LogWindows: DebugString: FoundDriverCount:4 
[2018.10.18-09.20.11:839][  0]LogD3D11RHI:     Adapter Name: NVIDIA GeForce GTX 1070
[2018.10.18-09.20.11:839][  0]LogD3D11RHI:   Driver Version: 399.24 (internal:24.21.13.9924, unified:399.24)
[2018.10.18-09.20.11:839][  0]LogD3D11RHI:      Driver Date: 9-5-2018
[2018.10.18-09.20.11:839][  0]LogRHI: Texture pool is 5661 MB (70% of 8088 MB)
[2018.10.18-09.20.11:879][  0]LogD3D11RHI: Async texture creation enabled
[2018.10.18-09.20.11:895][  0]LogD3D11RHI: GPU Timing Frequency: 1000.000000 (Debug: 2 2)
[2018.10.18-09.20.11:901][  0]LogShaderCompilers: Guid format shader working directory is -13 characters bigger than the processId version (../../../../../../Users/w017177h/Documents/SpideyCPP/SideyCPP/Intermediate/Shaders/WorkingDirectory/16344/).
[2018.10.18-09.20.11:901][  0]LogShaderCompilers: Cleaned the shader compiler working directory 'C:/Users/w017177h/AppData/Local/Temp/UnrealShaderWorkingDir/AAA31688470151A12069B0BE039F8A2F/'.
[2018.10.18-09.20.12:207][  0]LogTemp: Display: Loaded TP AllDesktopTargetPlatform
[2018.10.18-09.20.12:223][  0]LogTemp: Display: Loaded TP MacClientTargetPlatform
[2018.10.18-09.20.12:239][  0]LogTemp: Display: Loaded TP MacNoEditorTargetPlatform
[2018.10.18-09.20.12:255][  0]LogTemp: Display: Loaded TP MacServerTargetPlatform
[2018.10.18-09.20.12:271][  0]LogTemp: Display: Loaded TP MacTargetPlatform
[2018.10.18-09.20.12:286][  0]LogTemp: Display: Loaded TP WindowsClientTargetPlatform
[2018.10.18-09.20.12:308][  0]LogTemp: Display: Loaded TP WindowsNoEditorTargetPlatform
[2018.10.18-09.20.12:325][  0]LogTemp: Display: Loaded TP WindowsServerTargetPlatform
[2018.10.18-09.20.12:334][  0]LogTemp: Display: Loaded TP WindowsTargetPlatform
[2018.10.18-09.20.12:410][  0]LogTemp: Display: Loaded TP AndroidTargetPlatform
[2018.10.18-09.20.12:410][  0]LogTemp: Display: Loaded TP AndroidTargetPlatform
[2018.10.18-09.20.12:410][  0]LogTemp: Display: Loaded TP AndroidTargetPlatform
[2018.10.18-09.20.12:410][  0]LogTemp: Display: Loaded TP AndroidTargetPlatform
[2018.10.18-09.20.12:410][  0]LogTemp: Display: Loaded TP AndroidTargetPlatform
[2018.10.18-09.20.12:410][  0]LogTemp: Display: Loaded TP AndroidTargetPlatform
[2018.10.18-09.20.12:410][  0]LogTemp: Display: Loaded TP AndroidTargetPlatform
[2018.10.18-09.20.12:410][  0]LogTemp: Display: Loaded TP AndroidTargetPlatform
[2018.10.18-09.20.12:411][  0]LogTemp: Display: Loaded TP AndroidTargetPlatform
[2018.10.18-09.20.12:411][  0]LogTemp: Display: Loaded TP AndroidTargetPlatform
[2018.10.18-09.20.12:411][  0]LogTemp: Display: Loaded TP AndroidTargetPlatform
[2018.10.18-09.20.12:411][  0]LogTemp: Display: Loaded TP AndroidTargetPlatform
[2018.10.18-09.20.12:411][  0]LogTemp: Display: Loaded TP AndroidTargetPlatform
[2018.10.18-09.20.12:411][  0]LogTemp: Display: Loaded TP AndroidTargetPlatform
[2018.10.18-09.20.12:411][  0]LogTemp: Display: Loaded TP AndroidTargetPlatform
[2018.10.18-09.20.12:412][  0]LogTemp: Display: Loaded TP AndroidTargetPlatform
[2018.10.18-09.20.12:412][  0]LogTemp: Display: Loaded TP AndroidTargetPlatform
[2018.10.18-09.20.12:412][  0]LogTemp: Display: Loaded TP AndroidTargetPlatform
[2018.10.18-09.20.12:419][  0]LogTemp: Display: Loaded TP HTML5TargetPlatform
[2018.10.18-09.20.12:502][  0]LogTemp: Display: Loaded TP IOSTargetPlatform
[2018.10.18-09.20.12:502][  0]LogTemp: Display: Loaded TP IOSTargetPlatform
[2018.10.18-09.20.12:543][  0]LogTemp: Display: Loaded TP TVOSTargetPlatform
[2018.10.18-09.20.12:543][  0]LogTemp: Display: Loaded TP TVOSTargetPlatform
[2018.10.18-09.20.12:560][  0]LogTemp: Display: Loaded TP LinuxClientTargetPlatform
[2018.10.18-09.20.12:586][  0]LogTemp: Display: Loaded TP LinuxNoEditorTargetPlatform
[2018.10.18-09.20.12:601][  0]LogTemp: Display: Loaded TP LinuxServerTargetPlatform
[2018.10.18-09.20.12:616][  0]LogTemp: Display: Loaded TP LinuxTargetPlatform
[2018.10.18-09.20.12:628][  0]LogTemp: Display: Loaded TP LuminTargetPlatform
[2018.10.18-09.20.12:629][  0]LogTargetPlatformManager: Display: Building Assets For Windows
[2018.10.18-09.20.12:813][  0]LogXGEController: Cleaning working directory: C:/Users/w017177h/AppData/Local/Temp/UnrealXGEWorkingDir/
[2018.10.18-09.20.12:813][  0]LogXGEController: Cannot use XGE Controller as Incredibuild is not installed on this machine.
[2018.10.18-09.20.12:813][  0]LogShaderCompilers: Cannot use XGE Shader Compiler as Incredibuild is not installed on this machine.
[2018.10.18-09.20.12:813][  0]LogShaderCompilers: Display: Using Local Shader Compiler.
[2018.10.18-09.20.13:654][  0]LogDerivedDataCache: Display: Max Cache Size: 512 MB
[2018.10.18-09.20.13:723][  0]LogDerivedDataCache: Loaded boot cache 0.07s 71MB C:/Users/w017177h/AppData/Local/UnrealEngine/4.20/DerivedDataCache/Boot.ddc.
[2018.10.18-09.20.13:724][  0]LogDerivedDataCache: Display: Loaded Boot cache: C:/Users/w017177h/AppData/Local/UnrealEngine/4.20/DerivedDataCache/Boot.ddc
[2018.10.18-09.20.13:724][  0]LogDerivedDataCache: FDerivedDataBackendGraph:  Pak pak cache file ../../../../../../Users/w017177h/Documents/SpideyCPP/SideyCPP/DerivedDataCache/DDC.ddp not found, will not use a pak cache.
[2018.10.18-09.20.13:724][  0]LogDerivedDataCache: Unable to find inner node Pak for hierarchical cache Hierarchy.
[2018.10.18-09.20.13:724][  0]LogDerivedDataCache: FDerivedDataBackendGraph:  CompressedPak pak cache file ../../../../../../Users/w017177h/Documents/SpideyCPP/SideyCPP/DerivedDataCache/Compressed.ddp not found, will not use a pak cache.
[2018.10.18-09.20.13:724][  0]LogDerivedDataCache: Unable to find inner node CompressedPak for hierarchical cache Hierarchy.
[2018.10.18-09.20.13:736][  0]LogDerivedDataCache: Display: Pak cache opened for reading ../../../Engine/DerivedDataCache/Compressed.ddp.
[2018.10.18-09.20.13:750][  0]LogDerivedDataCache: Using Local data cache path C:/Users/w017177h/AppData/Local/UnrealEngine/Common/DerivedDataCache: Writable
[2018.10.18-09.20.13:750][  0]LogDerivedDataCache: Shared data cache path not found in *engine.ini, will not use an Shared cache.
[2018.10.18-09.20.13:751][  0]LogDerivedDataCache: Unable to find inner node Shared for hierarchical cache Hierarchy.
[2018.10.18-09.20.13:791][  0]LogMaterial: Verifying Global Shaders for PCD3D_SM5
[2018.10.18-09.20.13:795][  0]LogSlate: Using FreeType 2.6.0
[2018.10.18-09.20.13:797][  0]LogSlate: SlateFontServices - WITH_FREETYPE: 1, WITH_HARFBUZZ: 1
[2018.10.18-09.20.13:890][  0]LogAssetRegistry: FAssetRegistry took 0.0298 seconds to start up
[2018.10.18-09.20.14:223][  0]LogInit: Selected Device Profile: [Windows]
[2018.10.18-09.20.14:412][  0]LogSimplygon: Simplygon DLL not present - disabling.
[2018.10.18-09.20.14:420][  0]LogMeshReduction: Using SimplygonSwarm for distributed automatic mesh merging
[2018.10.18-09.20.14:420][  0]LogMeshReduction: Using ProxyLODMeshReduction for automatic mesh merging
[2018.10.18-09.20.14:420][  0]LogMeshReduction: Using QuadricMeshReduction for automatic static mesh reduction
[2018.10.18-09.20.14:420][  0]LogMeshReduction: No automatic skeletal mesh reduction module available
[2018.10.18-09.20.14:437][  0]LogNetVersion: SideyCPP 1.0.0, NetCL: 4212847, EngineNetVer: 5, GameNetVer: 0 (Checksum: 583984258)
[2018.10.18-09.20.15:026][  0]LogPackageLocalizationCache: Processed 11 localized package path(s) for 2 prioritized culture(s) in 0.126732 seconds
[2018.10.18-09.20.15:033][  0]LogUObjectArray: 38425 objects as part of root set at end of initial load.
[2018.10.18-09.20.15:033][  0]LogUObjectAllocator: 6690872 out of 0 bytes used by permanent object pool.
[2018.10.18-09.20.15:033][  0]LogUObjectArray: CloseDisregardForGC: 0/0 objects in disregard for GC pool
[2018.10.18-09.20.16:028][  0]LogTcpMessaging: Initializing TcpMessaging bridge
[2018.10.18-09.20.16:047][  0]LogUdpMessaging: Initializing bridge on interface 0.0.0.0:0 to multicast group 230.0.0.1:6666.
[2018.10.18-09.20.16:276][  0]SourceControl: Source control is disabled
[2018.10.18-09.20.16:276][  0]SourceControl: Source control is disabled
[2018.10.18-09.20.16:280][  0]SourceControl: Source control is disabled
[2018.10.18-09.20.16:283][  0]SourceControl: Source control is disabled
[2018.10.18-09.20.16:584][  0]LogAndroidPermission: UAndroidPermissionCallbackProxy::GetInstance
[2018.10.18-09.20.16:684][  0]LogOcInput: OculusInput pre-init called
[2018.10.18-09.20.16:767][  0]LogEngine: Initializing Engine...
[2018.10.18-09.20.16:768][  0]LogHMD: Failed to initialize OpenVR with code 110
[2018.10.18-09.20.16:770][  0]LogStats: UGameplayTagsManager::ConstructGameplayTagTree: ImportINI prefixes -  0.000 s
[2018.10.18-09.20.16:770][  0]LogStats: UGameplayTagsManager::ConstructGameplayTagTree: Construct from data asset -  0.000 s
[2018.10.18-09.20.16:770][  0]LogStats: UGameplayTagsManager::ConstructGameplayTagTree: ImportINI -  0.000 s
[2018.10.18-09.20.16:770][  0]LogStats: UGameplayTagsManager::ConstructGameplayTagTree: GameplayTagTreeChangedEvent.Broadcast -  0.000 s
[2018.10.18-09.20.16:964][  0]LogInit: Initializing FReadOnlyCVARCache
[2018.10.18-09.20.17:003][  0]LogAIModule: Creating AISystem for world Untitled
[2018.10.18-09.20.17:026][  0]LogInit: XAudio2 using 'Realtek HD Audio 2nd output (Realtek High Definition Audio)' : 2 channels at 48 kHz using 32 bits per sample (channel mask 0x3)
[2018.10.18-09.20.17:050][  0]LogInit: FAudioDevice initialized.
[2018.10.18-09.20.17:050][  0]LogNetVersion: Set ProjectVersion to 1.0.0.0. Version Checksum will be recalculated on next use.
[2018.10.18-09.20.17:095][  0]LogDerivedDataCache: Saved boot cache 0.04s 71MB C:/Users/w017177h/AppData/Local/UnrealEngine/4.20/DerivedDataCache/Boot.ddc.
[2018.10.18-09.20.17:102][  0]LogInit: Texture streaming: Enabled
[2018.10.18-09.20.17:140][  0]LogEngineSessionManager: EngineSessionManager initialized
[2018.10.18-09.20.17:156][  0]LogInit: Transaction tracking system initialized
[2018.10.18-09.20.17:213][  0]BlueprintLog: New page: Editor Load
[2018.10.18-09.20.17:372][  0]LocalizationService: Localization service is disabled
[2018.10.18-09.20.17:755][  0]LogCook: Display: Max memory allowance for cook 16384mb min free memory 0mb
[2018.10.18-09.20.17:756][  0]LogCook: Display: Mobile HDR setting 1
[2018.10.18-09.20.17:756][  0]LogGameplayTags: Display: UGameplayTagsManager::DoneAddingNativeTags. DelegateIsBound: 0
[2018.10.18-09.20.17:756][  0]LogStats: UGameplayTagsManager::ConstructGameplayTagTree: ImportINI prefixes -  0.000 s
[2018.10.18-09.20.17:756][  0]LogStats: UGameplayTagsManager::ConstructGameplayTagTree: Construct from data asset -  0.000 s
[2018.10.18-09.20.17:756][  0]LogStats: UGameplayTagsManager::ConstructGameplayTagTree: ImportINI -  0.000 s
[2018.10.18-09.20.17:756][  0]LogStats: UGameplayTagsManager::ConstructGameplayTagTree: GameplayTagTreeChangedEvent.Broadcast -  0.000 s
[2018.10.18-09.20.17:966][  0]LogFileCache: Scanning file cache for directory 'C:/Users/w017177h/Documents/SpideyCPP/SideyCPP/Content/' took 0.02s
[2018.10.18-09.20.17:966][  0]SourceControl: Source control is disabled
[2018.10.18-09.20.17:966][  0]Cmd: MAP LOAD FILE="../../../../../../Users/w017177h/Documents/SpideyCPP/SideyCPP/Content/StarterContent/Maps/Minimal_Default.umap" TEMPLATE=0 SHOWPROGRESS=1 FEATURELEVEL=3
[2018.10.18-09.20.17:967][  0]LightingResults: New page: Lighting Build
[2018.10.18-09.20.17:972][  0]MapCheck: New page: Map Check
[2018.10.18-09.20.17:972][  0]LightingResults: New page: Lighting Build
[2018.10.18-09.20.18:344][  0]LogAIModule: Creating AISystem for world Minimal_Default
[2018.10.18-09.20.18:352][  0]LogEditorServer: Finished looking for orphan Actors (0.000 secs)
[2018.10.18-09.20.18:387][  0]Cmd: MAP CHECKDEP NOCLEARLOG
[2018.10.18-09.20.18:520][  0]MapCheck: Map check complete: 0 Error(s), 0 Warning(s), took 132.736ms to complete.
[2018.10.18-09.20.18:520][  0]LogFileHelpers: Loading map 'Minimal_Default' took 0.554
[2018.10.18-09.20.18:659][  0]LogSlate: Updating window title bar state: overlay mode, drag disabled, window buttons hidden, title bar hidden
[2018.10.18-09.20.18:666][  0]LogSlate: Updating window title bar state: overlay mode, drag disabled, window buttons hidden, title bar hidden
[2018.10.18-09.20.18:672][  0]LogSlate: Updating window title bar state: overlay mode, drag disabled, window buttons hidden, title bar hidden
[2018.10.18-09.20.18:679][  0]LogSlate: Updating window title bar state: overlay mode, drag disabled, window buttons hidden, title bar hidden
[2018.10.18-09.20.18:689][  0]LogCollectionManager: Loaded 0 collections in 0.002867 seconds
[2018.10.18-09.20.18:747][  0]LogFileCache: Scanning file cache for directory 'C:/Users/w017177h/Documents/SpideyCPP/SideyCPP/Saved/Collections/' took 0.01s
[2018.10.18-09.20.18:747][  0]LogFileCache: Scanning file cache for directory 'C:/Users/w017177h/Documents/SpideyCPP/SideyCPP/Content/Developers/w017177h/Collections/' took 0.01s
[2018.10.18-09.20.18:748][  0]LogFileCache: Scanning file cache for directory 'C:/Users/w017177h/Documents/SpideyCPP/SideyCPP/Content/Collections/' took 0.01s
[2018.10.18-09.20.18:748][  0]LogCollectionManager: Rebuilt the GUID cache for 0 collections in 0.000000 seconds
[2018.10.18-09.20.18:770][  0]LogContentBrowser: Native class hierarchy populated in 0.0218 seconds. Added 2575 classes and 605 folders.
[2018.10.18-09.20.18:783][  0]LogContentBrowser: Native class hierarchy updated for 'WidgetCarousel' in 0.0005 seconds. Added 0 classes and 0 folders.
[2018.10.18-09.20.18:853][  0]LogContentBrowser: Native class hierarchy updated for 'AddContentDialog' in 0.0004 seconds. Added 0 classes and 0 folders.
[2018.10.18-09.20.18:863][  0]LogContentBrowser: Native class hierarchy updated for 'SceneOutliner' in 0.0004 seconds. Added 1 classes and 2 folders.
[2018.10.18-09.20.18:875][  0]LogSlate: Took 0.000187 seconds to synchronously load lazily loaded font '../../../Engine/Content/Slate/Fonts/Roboto-Regular.ttf' (155K)
[2018.10.18-09.20.18:880][  0]LogSlate: Took 0.000285 seconds to synchronously load lazily loaded font '../../../Engine/Content/Slate/Fonts/Roboto-Bold.ttf' (160K)
[2018.10.18-09.20.18:891][  0]LogSlate: Took 0.000292 seconds to synchronously load lazily loaded font '../../../Engine/Content/Editor/Slate/Fonts/FontAwesome.ttf' (139K)
[2018.10.18-09.20.18:980][  0]LogRenderer: Reallocating scene render targets to support 1208x576 Format 10 NumSamples 1 (Frame:1).
[2018.10.18-09.20.19:032][  0]LogSlate: Took 0.000252 seconds to synchronously load lazily loaded font '../../../Engine/Content/Slate/Fonts/Roboto-Light.ttf' (167K)
[2018.10.18-09.20.19:159][  0]LogContentBrowser: Native class hierarchy updated for 'HierarchicalLODOutliner' in 0.0012 seconds. Added 0 classes and 0 folders.
[2018.10.18-09.20.19:160][  0]LogLoad: (Engine Initialization) Total time: 10.82 seconds
[2018.10.18-09.20.19:160][  0]LogLoad: (Engine Initialization) Total Blueprint compile time: 0.00 seconds
[2018.10.18-09.20.19:172][  0]LogWindowsTextInputMethodSystem: Display: IME system now deactivated.
[2018.10.18-09.20.19:194][  0]LogContentStreaming: Texture pool size now 1000 MB
[2018.10.18-09.20.19:235][  1]LogAssetRegistry: Asset discovery search completed in 5.3712 seconds
[2018.10.18-09.20.19:237][  1]LogCollectionManager: Rebuilt the object cache for 0 collections in 0.000000 seconds (found 0 objects)
[2018.10.18-09.20.19:237][  1]LogCollectionManager: Fixed up redirectors for 0 collections in 0.000125 seconds (updated 0 objects)
[2018.10.18-09.21.42:632][200]LogSlate: FSceneViewport::OnFocusLost() reason 0
[2018.10.18-09.21.42:710][201]LogTemp: Repeating last play command: Selected Viewport
[2018.10.18-09.21.42:728][201]LogBlueprintUserMessages: Early PlayInEditor Detection: Level '/Game/StarterContent/Maps/Minimal_Default.Minimal_Default:PersistentLevel' has LevelScriptBlueprint '/Game/StarterContent/Maps/Minimal_Default.Minimal_Default:PersistentLevel.Minimal_Default' with GeneratedClass '/Game/StarterContent/Maps/Minimal_Default.Minimal_Default_C' with ClassGeneratedBy '/Game/StarterContent/Maps/Minimal_Default.Minimal_Default:PersistentLevel.Minimal_Default'
[2018.10.18-09.21.42:729][201]LogPlayLevel: PlayLevel: No blueprints needed recompiling
[2018.10.18-09.21.42:743][201]PIE: New page: PIE session: Minimal_Default (18 Oct 2018 11:21:42)
[2018.10.18-09.21.42:744][201]LogPlayLevel: Creating play world package: /Game/StarterContent/Maps/UEDPIE_0_Minimal_Default
[2018.10.18-09.21.42:748][201]LogPlayLevel: PIE: StaticDuplicateObject took: (0.004399s)
[2018.10.18-09.21.42:749][201]LogAIModule: Creating AISystem for world Minimal_Default
[2018.10.18-09.21.42:749][201]LogPlayLevel: PIE: World Init took: (0.000944s)
[2018.10.18-09.21.42:750][201]LogPlayLevel: PIE: Created PIE world by copying editor world from /Game/StarterContent/Maps/Minimal_Default.Minimal_Default to /Game/StarterContent/Maps/UEDPIE_0_Minimal_Default.Minimal_Default (0.005917s)
[2018.10.18-09.21.42:789][201]LogInit: XAudio2 using 'Realtek HD Audio 2nd output (Realtek High Definition Audio)' : 2 channels at 48 kHz using 32 bits per sample (channel mask 0x3)
[2018.10.18-09.21.42:803][201]LogInit: FAudioDevice initialized.
[2018.10.18-09.21.43:045][201]LogLoad: Game class is 'MySideyCPPGameModeBase_C'
[2018.10.18-09.21.43:047][201]LogWorld: Bringing World /Game/StarterContent/Maps/UEDPIE_0_Minimal_Default.Minimal_Default up for play (max tick rate 0) at 2018.10.18-10.21.43
[2018.10.18-09.21.43:048][201]LogWorld: Bringing up level for play took: 0.001585
[2018.10.18-09.21.43:066][201]LogContentBrowser: Native class hierarchy updated for 'MovieSceneCapture' in 0.0004 seconds. Added 10 classes and 0 folders.
[2018.10.18-09.21.43:069][201]PIE: Play in editor start time for /Game/StarterContent/Maps/UEDPIE_0_Minimal_Default -0.006
[2018.10.18-09.21.43:070][201]LogBlueprintUserMessages: Late PlayInEditor Detection: Level '/Game/StarterContent/Maps/Minimal_Default.Minimal_Default:PersistentLevel' has LevelScriptBlueprint '/Game/StarterContent/Maps/Minimal_Default.Minimal_Default:PersistentLevel.Minimal_Default' with GeneratedClass '/Game/StarterContent/Maps/Minimal_Default.Minimal_Default_C' with ClassGeneratedBy '/Game/StarterContent/Maps/Minimal_Default.Minimal_Default:PersistentLevel.Minimal_Default'
[2018.10.18-09.26.18:080][163]LogBlueprintUserMessages: Early EndPlayMap Detection: Level '/Game/StarterContent/Maps/Minimal_Default.Minimal_Default:PersistentLevel' has LevelScriptBlueprint '/Game/StarterContent/Maps/Minimal_Default.Minimal_Default:PersistentLevel.Minimal_Default' with GeneratedClass '/Game/StarterContent/Maps/Minimal_Default.Minimal_Default_C' with ClassGeneratedBy '/Game/StarterContent/Maps/Minimal_Default.Minimal_Default:PersistentLevel.Minimal_Default'
[2018.10.18-09.26.18:080][163]LogSlate: Updating window title bar state: overlay mode, drag disabled, window buttons hidden, title bar hidden
[2018.10.18-09.26.18:124][163]LogPlayLevel: Display: Shutting down PIE online subsystems
[2018.10.18-09.26.18:124][163]LogBlueprintUserMessages: Late EndPlayMap Detection: Level '/Game/StarterContent/Maps/Minimal_Default.Minimal_Default:PersistentLevel' has LevelScriptBlueprint '/Game/StarterContent/Maps/Minimal_Default.Minimal_Default:PersistentLevel.Minimal_Default' with GeneratedClass '/Game/StarterContent/Maps/Minimal_Default.Minimal_Default_C' with ClassGeneratedBy '/Game/StarterContent/Maps/Minimal_Default.Minimal_Default:PersistentLevel.Minimal_Default'
[2018.10.18-09.26.18:156][163]LogSlate: Updating window title bar state: overlay mode, drag disabled, window buttons hidden, title bar hidden
[2018.10.18-09.26.18:183][165]LogPlayLevel: Display: Destroying online subsystem :Context_1
[2018.10.18-09.26.19:655][327]LogSlate: FSceneViewport::OnFocusLost() reason 0
[2018.10.18-09.26.19:755][333]LogTemp: Repeating last play command: Selected Viewport
[2018.10.18-09.26.19:772][333]LogBlueprintUserMessages: Early PlayInEditor Detection: Level '/Game/StarterContent/Maps/Minimal_Default.Minimal_Default:PersistentLevel' has LevelScriptBlueprint '/Game/StarterContent/Maps/Minimal_Default.Minimal_Default:PersistentLevel.Minimal_Default' with GeneratedClass '/Game/StarterContent/Maps/Minimal_Default.Minimal_Default_C' with ClassGeneratedBy '/Game/StarterContent/Maps/Minimal_Default.Minimal_Default:PersistentLevel.Minimal_Default'
[2018.10.18-09.26.19:773][333]LogPlayLevel: PlayLevel: No blueprints needed recompiling
[2018.10.18-09.26.19:773][333]PIE: New page: PIE session: Minimal_Default (18 Oct 2018 11:26:19)
[2018.10.18-09.26.19:773][333]LogPlayLevel: Creating play world package: /Game/StarterContent/Maps/UEDPIE_0_Minimal_Default
[2018.10.18-09.26.19:778][333]LogPlayLevel: PIE: StaticDuplicateObject took: (0.004445s)
[2018.10.18-09.26.19:779][333]LogAIModule: Creating AISystem for world Minimal_Default
[2018.10.18-09.26.19:779][333]LogPlayLevel: PIE: World Init took: (0.001467s)
[2018.10.18-09.26.19:779][333]LogPlayLevel: PIE: Created PIE world by copying editor world from /Game/StarterContent/Maps/Minimal_Default.Minimal_Default to /Game/StarterContent/Maps/UEDPIE_0_Minimal_Default.Minimal_Default (0.006330s)
[2018.10.18-09.26.19:817][333]LogInit: XAudio2 using 'Realtek HD Audio 2nd output (Realtek High Definition Audio)' : 2 channels at 48 kHz using 32 bits per sample (channel mask 0x3)
[2018.10.18-09.26.19:831][333]LogInit: FAudioDevice initialized.
[2018.10.18-09.26.19:875][333]LogLoad: Game class is 'MySideyCPPGameModeBase_C'
[2018.10.18-09.26.19:879][333]LogWorld: Bringing World /Game/StarterContent/Maps/UEDPIE_0_Minimal_Default.Minimal_Default up for play (max tick rate 0) at 2018.10.18-10.26.19
[2018.10.18-09.26.19:879][333]LogWorld: Bringing up level for play took: 0.002603
[2018.10.18-09.26.19:899][333]PIE: Play in editor start time for /Game/StarterContent/Maps/UEDPIE_0_Minimal_Default 0.822
[2018.10.18-09.26.19:900][333]LogBlueprintUserMessages: Late PlayInEditor Detection: Level '/Game/StarterContent/Maps/Minimal_Default.Minimal_Default:PersistentLevel' has LevelScriptBlueprint '/Game/StarterContent/Maps/Minimal_Default.Minimal_Default:PersistentLevel.Minimal_Default' with GeneratedClass '/Game/StarterContent/Maps/Minimal_Default.Minimal_Default_C' with ClassGeneratedBy '/Game/StarterContent/Maps/Minimal_Default.Minimal_Default:PersistentLevel.Minimal_Default'
[2018.10.18-09.27.47:418][105]LogBlueprintUserMessages: Early EndPlayMap Detection: Level '/Game/StarterContent/Maps/Minimal_Default.Minimal_Default:PersistentLevel' has LevelScriptBlueprint '/Game/StarterContent/Maps/Minimal_Default.Minimal_Default:PersistentLevel.Minimal_Default' with GeneratedClass '/Game/StarterContent/Maps/Minimal_Default.Minimal_Default_C' with ClassGeneratedBy '/Game/StarterContent/Maps/Minimal_Default.Minimal_Default:PersistentLevel.Minimal_Default'
[2018.10.18-09.27.47:418][105]LogSlate: Updating window title bar state: overlay mode, drag disabled, window buttons hidden, title bar hidden
[2018.10.18-09.27.47:459][105]LogPlayLevel: Display: Shutting down PIE online subsystems
[2018.10.18-09.27.47:459][105]LogBlueprintUserMessages: Late EndPlayMap Detection: Level '/Game/StarterContent/Maps/Minimal_Default.Minimal_Default:PersistentLevel' has LevelScriptBlueprint '/Game/StarterContent/Maps/Minimal_Default.Minimal_Default:PersistentLevel.Minimal_Default' with GeneratedClass '/Game/StarterContent/Maps/Minimal_Default.Minimal_Default_C' with ClassGeneratedBy '/Game/StarterContent/Maps/Minimal_Default.Minimal_Default:PersistentLevel.Minimal_Default'
[2018.10.18-09.27.47:505][105]LogSlate: Updating window title bar state: overlay mode, drag disabled, window buttons hidden, title bar hidden
[2018.10.18-09.27.47:528][106]LogPlayLevel: Display: Destroying online subsystem :Context_2
[2018.10.18-09.27.48:829][235]LogSlate: FSceneViewport::OnFocusLost() reason 0
[2018.10.18-09.27.51:822][574]LogSlate: Took 0.000214 seconds to synchronously load lazily loaded font '../../../Engine/Content/Slate/Fonts/Roboto-Light.ttf' (167K)
[2018.10.18-09.27.51:828][574]LogAssetEditorManager: Opening Asset editor for Blueprint /Game/Blueprints/Player.Player
[2018.10.18-09.27.52:215][574]LogContentBrowser: Native class hierarchy updated for 'BlueprintGraph' in 0.0009 seconds. Added 116 classes and 0 folders.
[2018.10.18-09.27.53:130][574]LogSlate: Took 0.000231 seconds to synchronously load lazily loaded font '../../../Engine/Content/Slate/Fonts/Roboto-BoldCondensed.ttf' (158K)
[2018.10.18-09.27.53:216][575]LogSlate: Took 0.000233 seconds to synchronously load lazily loaded font '../../../Engine/Content/Slate/Fonts/Roboto-Italic.ttf' (157K)
[2018.10.18-09.28.11:587][500]Cmd: OBJ SAVEPACKAGE PACKAGE="/Game/Blueprints/Player" FILE="../../../../../../Users/w017177h/Documents/SpideyCPP/SideyCPP/Content/Blueprints/Player.uasset" SILENT=true
[2018.10.18-09.28.11:688][500]LogSavePackage: Moving '../../../../../../Users/w017177h/Documents/SpideyCPP/SideyCPP/Saved/Player5E4CDE014BE7CFB722C20DAACFD5AEF8.tmp' to '../../../../../../Users/w017177h/Documents/SpideyCPP/SideyCPP/Content/Blueprints/Player.uasset'
[2018.10.18-09.28.12:498][585]BlueprintLog: New page: Compile Player
[2018.10.18-09.28.14:259][752]LogTemp: Repeating last play command: Selected Viewport
[2018.10.18-09.28.14:278][752]LogBlueprintUserMessages: Early PlayInEditor Detection: Level '/Game/StarterContent/Maps/Minimal_Default.Minimal_Default:PersistentLevel' has LevelScriptBlueprint '/Game/StarterContent/Maps/Minimal_Default.Minimal_Default:PersistentLevel.Minimal_Default' with GeneratedClass '/Game/StarterContent/Maps/Minimal_Default.Minimal_Default_C' with ClassGeneratedBy '/Game/StarterContent/Maps/Minimal_Default.Minimal_Default:PersistentLevel.Minimal_Default'
[2018.10.18-09.28.14:279][752]LogPlayLevel: PlayLevel: No blueprints needed recompiling
[2018.10.18-09.28.14:279][752]PIE: New page: PIE session: Minimal_Default (18 Oct 2018 11:28:14)
[2018.10.18-09.28.14:279][752]LogPlayLevel: Creating play world package: /Game/StarterContent/Maps/UEDPIE_0_Minimal_Default
[2018.10.18-09.28.14:282][752]LogPlayLevel: PIE: StaticDuplicateObject took: (0.003347s)
[2018.10.18-09.28.14:283][752]LogAIModule: Creating AISystem for world Minimal_Default
[2018.10.18-09.28.14:283][752]LogPlayLevel: PIE: World Init took: (0.000898s)
[2018.10.18-09.28.14:283][752]LogPlayLevel: PIE: Created PIE world by copying editor world from /Game/StarterContent/Maps/Minimal_Default.Minimal_Default to /Game/StarterContent/Maps/UEDPIE_0_Minimal_Default.Minimal_Default (0.004605s)
[2018.10.18-09.28.14:323][752]LogInit: XAudio2 using 'Realtek HD Audio 2nd output (Realtek High Definition Audio)' : 2 channels at 48 kHz using 32 bits per sample (channel mask 0x3)
[2018.10.18-09.28.14:354][752]LogInit: FAudioDevice initialized.
[2018.10.18-09.28.14:399][752]LogLoad: Game class is 'MySideyCPPGameModeBase_C'
[2018.10.18-09.28.14:400][752]LogWorld: Bringing World /Game/StarterContent/Maps/UEDPIE_0_Minimal_Default.Minimal_Default up for play (max tick rate 0) at 2018.10.18-10.28.14
[2018.10.18-09.28.14:401][752]LogWorld: Bringing up level for play took: 0.001221
[2018.10.18-09.28.14:419][752]PIE: Play in editor start time for /Game/StarterContent/Maps/UEDPIE_0_Minimal_Default -0.658
[2018.10.18-09.28.14:420][752]LogBlueprintUserMessages: Late PlayInEditor Detection: Level '/Game/StarterContent/Maps/Minimal_Default.Minimal_Default:PersistentLevel' has LevelScriptBlueprint '/Game/StarterContent/Maps/Minimal_Default.Minimal_Default:PersistentLevel.Minimal_Default' with GeneratedClass '/Game/StarterContent/Maps/Minimal_Default.Minimal_Default_C' with ClassGeneratedBy '/Game/StarterContent/Maps/Minimal_Default.Minimal_Default:PersistentLevel.Minimal_Default'
[2018.10.18-09.28.20:800][465]LogBlueprintUserMessages: Early EndPlayMap Detection: Level '/Game/StarterContent/Maps/Minimal_Default.Minimal_Default:PersistentLevel' has LevelScriptBlueprint '/Game/StarterContent/Maps/Minimal_Default.Minimal_Default:PersistentLevel.Minimal_Default' with GeneratedClass '/Game/StarterContent/Maps/Minimal_Default.Minimal_Default_C' with ClassGeneratedBy '/Game/StarterContent/Maps/Minimal_Default.Minimal_Default:PersistentLevel.Minimal_Default'
[2018.10.18-09.28.20:800][465]LogSlate: Updating window title bar state: overlay mode, drag disabled, window buttons hidden, title bar hidden
[2018.10.18-09.28.20:838][465]LogPlayLevel: Display: Shutting down PIE online subsystems
[2018.10.18-09.28.20:839][465]LogBlueprintUserMessages: Late EndPlayMap Detection: Level '/Game/StarterContent/Maps/Minimal_Default.Minimal_Default:PersistentLevel' has LevelScriptBlueprint '/Game/StarterContent/Maps/Minimal_Default.Minimal_Default:PersistentLevel.Minimal_Default' with GeneratedClass '/Game/StarterContent/Maps/Minimal_Default.Minimal_Default_C' with ClassGeneratedBy '/Game/StarterContent/Maps/Minimal_Default.Minimal_Default:PersistentLevel.Minimal_Default'
[2018.10.18-09.28.20:872][465]LogSlate: Updating window title bar state: overlay mode, drag disabled, window buttons hidden, title bar hidden
[2018.10.18-09.28.20:906][468]LogPlayLevel: Display: Destroying online subsystem :Context_5
[2018.10.18-09.28.22:062][593]LogSlate: FSceneViewport::OnFocusLost() reason 0
[2018.10.18-09.28.22:136][602]LogTemp: Repeating last play command: Selected Viewport
[2018.10.18-09.28.22:156][602]LogBlueprintUserMessages: Early PlayInEditor Detection: Level '/Game/StarterContent/Maps/Minimal_Default.Minimal_Default:PersistentLevel' has LevelScriptBlueprint '/Game/StarterContent/Maps/Minimal_Default.Minimal_Default:PersistentLevel.Minimal_Default' with GeneratedClass '/Game/StarterContent/Maps/Minimal_Default.Minimal_Default_C' with ClassGeneratedBy '/Game/StarterContent/Maps/Minimal_Default.Minimal_Default:PersistentLevel.Minimal_Default'
[2018.10.18-09.28.22:156][602]LogPlayLevel: PlayLevel: No blueprints needed recompiling
[2018.10.18-09.28.22:156][602]PIE: New page: PIE session: Minimal_Default (18 Oct 2018 11:28:22)
[2018.10.18-09.28.22:157][602]LogPlayLevel: Creating play world package: /Game/StarterContent/Maps/UEDPIE_0_Minimal_Default
[2018.10.18-09.28.22:160][602]LogPlayLevel: PIE: StaticDuplicateObject took: (0.003510s)
[2018.10.18-09.28.22:161][602]LogAIModule: Creating AISystem for world Minimal_Default
[2018.10.18-09.28.22:161][602]LogPlayLevel: PIE: World Init took: (0.000926s)
[2018.10.18-09.28.22:162][602]LogPlayLevel: PIE: Created PIE world by copying editor world from /Game/StarterContent/Maps/Minimal_Default.Minimal_Default to /Game/StarterContent/Maps/UEDPIE_0_Minimal_Default.Minimal_Default (0.004874s)
[2018.10.18-09.28.22:203][602]LogInit: XAudio2 using 'Realtek HD Audio 2nd output (Realtek High Definition Audio)' : 2 channels at 48 kHz using 32 bits per sample (channel mask 0x3)
[2018.10.18-09.28.22:217][602]LogInit: FAudioDevice initialized.
[2018.10.18-09.28.22:256][602]LogLoad: Game class is 'MySideyCPPGameModeBase_C'
[2018.10.18-09.28.22:258][602]LogWorld: Bringing World /Game/StarterContent/Maps/UEDPIE_0_Minimal_Default.Minimal_Default up for play (max tick rate 0) at 2018.10.18-10.28.22
[2018.10.18-09.28.22:258][602]LogWorld: Bringing up level for play took: 0.001614
[2018.10.18-09.28.22:274][602]PIE: Play in editor start time for /Game/StarterContent/Maps/UEDPIE_0_Minimal_Default -0.804
[2018.10.18-09.28.22:274][602]LogBlueprintUserMessages: Late PlayInEditor Detection: Level '/Game/StarterContent/Maps/Minimal_Default.Minimal_Default:PersistentLevel' has LevelScriptBlueprint '/Game/StarterContent/Maps/Minimal_Default.Minimal_Default:PersistentLevel.Minimal_Default' with GeneratedClass '/Game/StarterContent/Maps/Minimal_Default.Minimal_Default_C' with ClassGeneratedBy '/Game/StarterContent/Maps/Minimal_Default.Minimal_Default:PersistentLevel.Minimal_Default'
[2018.10.18-09.28.25:818][998]LogBlueprintUserMessages: Early EndPlayMap Detection: Level '/Game/StarterContent/Maps/Minimal_Default.Minimal_Default:PersistentLevel' has LevelScriptBlueprint '/Game/StarterContent/Maps/Minimal_Default.Minimal_Default:PersistentLevel.Minimal_Default' with GeneratedClass '/Game/StarterContent/Maps/Minimal_Default.Minimal_Default_C' with ClassGeneratedBy '/Game/StarterContent/Maps/Minimal_Default.Minimal_Default:PersistentLevel.Minimal_Default'
[2018.10.18-09.28.25:818][998]LogSlate: Updating window title bar state: overlay mode, drag disabled, window buttons hidden, title bar hidden
[2018.10.18-09.28.25:866][998]LogPlayLevel: Display: Shutting down PIE online subsystems
[2018.10.18-09.28.25:867][998]LogBlueprintUserMessages: Late EndPlayMap Detection: Level '/Game/StarterContent/Maps/Minimal_Default.Minimal_Default:PersistentLevel' has LevelScriptBlueprint '/Game/StarterContent/Maps/Minimal_Default.Minimal_Default:PersistentLevel.Minimal_Default' with GeneratedClass '/Game/StarterContent/Maps/Minimal_Default.Minimal_Default_C' with ClassGeneratedBy '/Game/StarterContent/Maps/Minimal_Default.Minimal_Default:PersistentLevel.Minimal_Default'
[2018.10.18-09.28.25:915][998]LogSlate: Updating window title bar state: overlay mode, drag disabled, window buttons hidden, title bar hidden
[2018.10.18-09.28.25:984][999]LogPlayLevel: Display: Destroying online subsystem :Context_6
[2018.10.18-09.28.26:654][ 79]LogSlate: FSceneViewport::OnFocusLost() reason 0
[2018.10.18-09.28.29:297][360]Cmd: OBJ SAVEPACKAGE PACKAGE="/Game/Blueprints/Player" FILE="../../../../../../Users/w017177h/Documents/SpideyCPP/SideyCPP/Content/Blueprints/Player.uasset" SILENT=true
[2018.10.18-09.28.29:356][360]LogSavePackage: Moving '../../../../../../Users/w017177h/Documents/SpideyCPP/SideyCPP/Saved/Player78AB90C04D79E9D7C5463D8829823E13.tmp' to '../../../../../../Users/w017177h/Documents/SpideyCPP/SideyCPP/Content/Blueprints/Player.uasset'
[2018.10.18-09.28.30:549][496]BlueprintLog: New page: Compile Player
[2018.10.18-09.28.33:081][740]LogTemp: Repeating last play command: Selected Viewport
[2018.10.18-09.28.33:105][740]LogBlueprintUserMessages: Early PlayInEditor Detection: Level '/Game/StarterContent/Maps/Minimal_Default.Minimal_Default:PersistentLevel' has LevelScriptBlueprint '/Game/StarterContent/Maps/Minimal_Default.Minimal_Default:PersistentLevel.Minimal_Default' with GeneratedClass '/Game/StarterContent/Maps/Minimal_Default.Minimal_Default_C' with ClassGeneratedBy '/Game/StarterContent/Maps/Minimal_Default.Minimal_Default:PersistentLevel.Minimal_Default'
[2018.10.18-09.28.33:106][740]LogPlayLevel: PlayLevel: No blueprints needed recompiling
[2018.10.18-09.28.33:106][740]PIE: New page: PIE session: Minimal_Default (18 Oct 2018 11:28:33)
[2018.10.18-09.28.33:106][740]LogPlayLevel: Creating play world package: /Game/StarterContent/Maps/UEDPIE_0_Minimal_Default
[2018.10.18-09.28.33:110][740]LogPlayLevel: PIE: StaticDuplicateObject took: (0.004121s)
[2018.10.18-09.28.33:111][740]LogAIModule: Creating AISystem for world Minimal_Default
[2018.10.18-09.28.33:111][740]LogPlayLevel: PIE: World Init took: (0.001010s)
[2018.10.18-09.28.33:111][740]LogPlayLevel: PIE: Created PIE world by copying editor world from /Game/StarterContent/Maps/Minimal_Default.Minimal_Default to /Game/StarterContent/Maps/UEDPIE_0_Minimal_Default.Minimal_Default (0.005591s)
[2018.10.18-09.28.33:159][740]LogInit: XAudio2 using 'Realtek HD Audio 2nd output (Realtek High Definition Audio)' : 2 channels at 48 kHz using 32 bits per sample (channel mask 0x3)
[2018.10.18-09.28.33:174][740]LogInit: FAudioDevice initialized.
[2018.10.18-09.28.33:213][740]LogLoad: Game class is 'MySideyCPPGameModeBase_C'
[2018.10.18-09.28.33:215][740]LogWorld: Bringing World /Game/StarterContent/Maps/UEDPIE_0_Minimal_Default.Minimal_Default up for play (max tick rate 0) at 2018.10.18-10.28.33
[2018.10.18-09.28.33:216][740]LogWorld: Bringing up level for play took: 0.001329
[2018.10.18-09.28.33:233][740]PIE: Play in editor start time for /Game/StarterContent/Maps/UEDPIE_0_Minimal_Default 0.155
[2018.10.18-09.28.33:233][740]LogBlueprintUserMessages: Late PlayInEditor Detection: Level '/Game/StarterContent/Maps/Minimal_Default.Minimal_Default:PersistentLevel' has LevelScriptBlueprint '/Game/StarterContent/Maps/Minimal_Default.Minimal_Default:PersistentLevel.Minimal_Default' with GeneratedClass '/Game/StarterContent/Maps/Minimal_Default.Minimal_Default_C' with ClassGeneratedBy '/Game/StarterContent/Maps/Minimal_Default.Minimal_Default:PersistentLevel.Minimal_Default'
[2018.10.18-09.28.52:780][813]LogBlueprintUserMessages: Early EndPlayMap Detection: Level '/Game/StarterContent/Maps/Minimal_Default.Minimal_Default:PersistentLevel' has LevelScriptBlueprint '/Game/StarterContent/Maps/Minimal_Default.Minimal_Default:PersistentLevel.Minimal_Default' with GeneratedClass '/Game/StarterContent/Maps/Minimal_Default.Minimal_Default_C' with ClassGeneratedBy '/Game/StarterContent/Maps/Minimal_Default.Minimal_Default:PersistentLevel.Minimal_Default'
[2018.10.18-09.28.52:781][813]LogSlate: Updating window title bar state: overlay mode, drag disabled, window buttons hidden, title bar hidden
[2018.10.18-09.28.52:822][813]LogPlayLevel: Display: Shutting down PIE online subsystems
[2018.10.18-09.28.52:823][813]LogBlueprintUserMessages: Late EndPlayMap Detection: Level '/Game/StarterContent/Maps/Minimal_Default.Minimal_Default:PersistentLevel' has LevelScriptBlueprint '/Game/StarterContent/Maps/Minimal_Default.Minimal_Default:PersistentLevel.Minimal_Default' with GeneratedClass '/Game/StarterContent/Maps/Minimal_Default.Minimal_Default_C' with ClassGeneratedBy '/Game/StarterContent/Maps/Minimal_Default.Minimal_Default:PersistentLevel.Minimal_Default'
[2018.10.18-09.28.52:873][813]LogSlate: Updating window title bar state: overlay mode, drag disabled, window buttons hidden, title bar hidden
[2018.10.18-09.28.52:891][814]LogPlayLevel: Display: Destroying online subsystem :Context_7
[2018.10.18-09.34.50:639][403]LogSlate: FSceneViewport::OnFocusLost() reason 0
[2018.10.18-09.34.50:723][413]LogTemp: Repeating last play command: Selected Viewport
[2018.10.18-09.34.50:744][413]LogBlueprintUserMessages: Early PlayInEditor Detection: Level '/Game/StarterContent/Maps/Minimal_Default.Minimal_Default:PersistentLevel' has LevelScriptBlueprint '/Game/StarterContent/Maps/Minimal_Default.Minimal_Default:PersistentLevel.Minimal_Default' with GeneratedClass '/Game/StarterContent/Maps/Minimal_Default.Minimal_Default_C' with ClassGeneratedBy '/Game/StarterContent/Maps/Minimal_Default.Minimal_Default:PersistentLevel.Minimal_Default'
[2018.10.18-09.34.50:745][413]LogPlayLevel: PlayLevel: No blueprints needed recompiling
[2018.10.18-09.34.50:745][413]PIE: New page: PIE session: Minimal_Default (18 Oct 2018 11:34:50)
[2018.10.18-09.34.50:745][413]LogPlayLevel: Creating play world package: /Game/StarterContent/Maps/UEDPIE_0_Minimal_Default
[2018.10.18-09.34.50:749][413]LogPlayLevel: PIE: StaticDuplicateObject took: (0.003814s)
[2018.10.18-09.34.50:750][413]LogAIModule: Creating AISystem for world Minimal_Default
[2018.10.18-09.34.50:750][413]LogPlayLevel: PIE: World Init took: (0.000893s)
[2018.10.18-09.34.50:750][413]LogPlayLevel: PIE: Created PIE world by copying editor world from /Game/StarterContent/Maps/Minimal_Default.Minimal_Default to /Game/StarterContent/Maps/UEDPIE_0_Minimal_Default.Minimal_Default (0.005012s)
[2018.10.18-09.34.50:799][413]LogInit: XAudio2 using 'Realtek HD Audio 2nd output (Realtek High Definition Audio)' : 2 channels at 48 kHz using 32 bits per sample (channel mask 0x3)
[2018.10.18-09.34.50:813][413]LogInit: FAudioDevice initialized.
[2018.10.18-09.34.50:853][413]LogLoad: Game class is 'MySideyCPPGameModeBase_C'
[2018.10.18-09.34.50:858][413]LogWorld: Bringing World /Game/StarterContent/Maps/UEDPIE_0_Minimal_Default.Minimal_Default up for play (max tick rate 0) at 2018.10.18-10.34.50
[2018.10.18-09.34.50:859][413]LogWorld: Bringing up level for play took: 0.002973
[2018.10.18-09.34.50:881][413]PIE: Play in editor start time for /Game/StarterContent/Maps/UEDPIE_0_Minimal_Default -0.189
[2018.10.18-09.34.50:882][413]LogBlueprintUserMessages: Late PlayInEditor Detection: Level '/Game/StarterContent/Maps/Minimal_Default.Minimal_Default:PersistentLevel' has LevelScriptBlueprint '/Game/StarterContent/Maps/Minimal_Default.Minimal_Default:PersistentLevel.Minimal_Default' with GeneratedClass '/Game/StarterContent/Maps/Minimal_Default.Minimal_Default_C' with ClassGeneratedBy '/Game/StarterContent/Maps/Minimal_Default.Minimal_Default:PersistentLevel.Minimal_Default'
[2018.10.18-09.34.56:139][  2]LogBlueprintUserMessages: Early EndPlayMap Detection: Level '/Game/StarterContent/Maps/Minimal_Default.Minimal_Default:PersistentLevel' has LevelScriptBlueprint '/Game/StarterContent/Maps/Minimal_Default.Minimal_Default:PersistentLevel.Minimal_Default' with GeneratedClass '/Game/StarterContent/Maps/Minimal_Default.Minimal_Default_C' with ClassGeneratedBy '/Game/StarterContent/Maps/Minimal_Default.Minimal_Default:PersistentLevel.Minimal_Default'
[2018.10.18-09.34.56:140][  2]LogSlate: Updating window title bar state: overlay mode, drag disabled, window buttons hidden, title bar hidden
[2018.10.18-09.34.56:188][  2]LogPlayLevel: Display: Shutting down PIE online subsystems
[2018.10.18-09.34.56:188][  2]LogBlueprintUserMessages: Late EndPlayMap Detection: Level '/Game/StarterContent/Maps/Minimal_Default.Minimal_Default:PersistentLevel' has LevelScriptBlueprint '/Game/StarterContent/Maps/Minimal_Default.Minimal_Default:PersistentLevel.Minimal_Default' with GeneratedClass '/Game/StarterContent/Maps/Minimal_Default.Minimal_Default_C' with ClassGeneratedBy '/Game/StarterContent/Maps/Minimal_Default.Minimal_Default:PersistentLevel.Minimal_Default'
[2018.10.18-09.34.56:248][  2]LogSlate: Updating window title bar state: overlay mode, drag disabled, window buttons hidden, title bar hidden
[2018.10.18-09.34.56:271][  3]LogPlayLevel: Display: Destroying online subsystem :Context_8
[2018.10.18-09.34.58:020][205]LogSlate: FSceneViewport::OnFocusLost() reason 0
[2018.10.18-09.35.59:619][833]Cmd: OBJ SAVEPACKAGE PACKAGE="/Game/Blueprints/Player" FILE="../../../../../../Users/w017177h/Documents/SpideyCPP/SideyCPP/Content/Blueprints/Player.uasset" SILENT=true
[2018.10.18-09.35.59:690][833]LogSavePackage: Moving '../../../../../../Users/w017177h/Documents/SpideyCPP/SideyCPP/Saved/Player93F0FECC4A63BB5FE8B19CBF9634579F.tmp' to '../../../../../../Users/w017177h/Documents/SpideyCPP/SideyCPP/Content/Blueprints/Player.uasset'
[2018.10.18-09.36.06:679][576]Cmd: OBJ SAVEPACKAGE PACKAGE="/Game/Blueprints/Player" FILE="../../../../../../Users/w017177h/Documents/SpideyCPP/SideyCPP/Content/Blueprints/Player.uasset" SILENT=true
[2018.10.18-09.36.06:736][576]LogSavePackage: Moving '../../../../../../Users/w017177h/Documents/SpideyCPP/SideyCPP/Saved/Player440FA0C44C059E8A59E576B88D7FFBC0.tmp' to '../../../../../../Users/w017177h/Documents/SpideyCPP/SideyCPP/Content/Blueprints/Player.uasset'
[2018.10.18-09.36.07:901][706]BlueprintLog: New page: Compile Player
[2018.10.18-09.36.09:403][853]LogTemp: Repeating last play command: Selected Viewport
[2018.10.18-09.36.09:425][853]LogBlueprintUserMessages: Early PlayInEditor Detection: Level '/Game/StarterContent/Maps/Minimal_Default.Minimal_Default:PersistentLevel' has LevelScriptBlueprint '/Game/StarterContent/Maps/Minimal_Default.Minimal_Default:PersistentLevel.Minimal_Default' with GeneratedClass '/Game/StarterContent/Maps/Minimal_Default.Minimal_Default_C' with ClassGeneratedBy '/Game/StarterContent/Maps/Minimal_Default.Minimal_Default:PersistentLevel.Minimal_Default'
[2018.10.18-09.36.09:425][853]LogPlayLevel: PlayLevel: No blueprints needed recompiling
[2018.10.18-09.36.09:426][853]PIE: New page: PIE session: Minimal_Default (18 Oct 2018 11:36:09)
[2018.10.18-09.36.09:426][853]LogPlayLevel: Creating play world package: /Game/StarterContent/Maps/UEDPIE_0_Minimal_Default
[2018.10.18-09.36.09:430][853]LogPlayLevel: PIE: StaticDuplicateObject took: (0.003513s)
[2018.10.18-09.36.09:431][853]LogAIModule: Creating AISystem for world Minimal_Default
[2018.10.18-09.36.09:432][853]LogPlayLevel: PIE: World Init took: (0.001003s)
[2018.10.18-09.36.09:432][853]LogPlayLevel: PIE: Created PIE world by copying editor world from /Game/StarterContent/Maps/Minimal_Default.Minimal_Default to /Game/StarterContent/Maps/UEDPIE_0_Minimal_Default.Minimal_Default (0.006008s)
[2018.10.18-09.36.09:471][853]LogInit: XAudio2 using 'Realtek HD Audio 2nd output (Realtek High Definition Audio)' : 2 channels at 48 kHz using 32 bits per sample (channel mask 0x3)
[2018.10.18-09.36.09:485][853]LogInit: FAudioDevice initialized.
[2018.10.18-09.36.09:532][853]LogLoad: Game class is 'MySideyCPPGameModeBase_C'
[2018.10.18-09.36.09:536][853]LogWorld: Bringing World /Game/StarterContent/Maps/UEDPIE_0_Minimal_Default.Minimal_Default up for play (max tick rate 0) at 2018.10.18-10.36.09
[2018.10.18-09.36.09:536][853]LogWorld: Bringing up level for play took: 0.002327
[2018.10.18-09.36.09:556][853]PIE: Play in editor start time for /Game/StarterContent/Maps/UEDPIE_0_Minimal_Default 0.488
[2018.10.18-09.36.09:556][853]LogBlueprintUserMessages: Late PlayInEditor Detection: Level '/Game/StarterContent/Maps/Minimal_Default.Minimal_Default:PersistentLevel' has LevelScriptBlueprint '/Game/StarterContent/Maps/Minimal_Default.Minimal_Default:PersistentLevel.Minimal_Default' with GeneratedClass '/Game/StarterContent/Maps/Minimal_Default.Minimal_Default_C' with ClassGeneratedBy '/Game/StarterContent/Maps/Minimal_Default.Minimal_Default:PersistentLevel.Minimal_Default'
