Log file open, 10/23/18 19:17:21
LogWindows: Failed to load 'aqProf.dll' (GetLastError=126)
LogWindows: File 'aqProf.dll' does not exist
LogWindows: Failed to load 'VSPerf140.dll' (GetLastError=126)
LogWindows: File 'VSPerf140.dll' does not exist
LogWindows: Failed to load 'VtuneApi.dll' (GetLastError=126)
LogWindows: File 'VtuneApi.dll' does not exist
LogWindows: Failed to load 'VtuneApi32e.dll' (GetLastError=126)
LogWindows: File 'VtuneApi32e.dll' does not exist
LogInit: Display: Running engine for game: SideyCPP
LogPlatformFile: Not using cached read wrapper
LogTaskGraph: Started task graph with 5 named threads and 14 total threads with 3 sets of task threads.
LogStats: Stats thread started at 0.522557
LogD3D11RHI: Loaded GFSDK_Aftermath_Lib.x64.dll
LogICUInternationalization: Display: ICU TimeZone Detection - Raw Offset: +0:00, Platform Override: ''
LogPluginManager: Mounting plugin Paper2D
LogPluginManager: Mounting plugin AISupport
LogPluginManager: Mounting plugin LightPropagationVolume
LogPluginManager: Mounting plugin CLionSourceCodeAccess
LogPluginManager: Mounting plugin CodeLiteSourceCodeAccess
LogPluginManager: Mounting plugin GitSourceControl
LogPluginManager: Mounting plugin KDevelopSourceCodeAccess
LogPluginManager: Mounting plugin NullSourceCodeAccess
LogPluginManager: Mounting plugin PerforceSourceControl
LogPluginManager: Mounting plugin SubversionSourceControl
LogPluginManager: Mounting plugin UObjectPlugin
LogPluginManager: Mounting plugin VisualStudioCodeSourceCodeAccess
LogPluginManager: Mounting plugin VisualStudioSourceCodeAccess
LogPluginManager: Mounting plugin XCodeSourceCodeAccess
LogPluginManager: Mounting plugin AssetManagerEditor
LogPluginManager: Mounting plugin CryptoKeys
LogPluginManager: Mounting plugin DataValidation
LogPluginManager: Mounting plugin FacialAnimation
LogPluginManager: Mounting plugin GameplayTagsEditor
LogPluginManager: Mounting plugin MacGraphicsSwitching
LogPluginManager: Mounting plugin MeshEditor
LogPluginManager: Mounting plugin MobileLauncherProfileWizard
LogPluginManager: Mounting plugin PluginBrowser
LogPluginManager: Mounting plugin SpeedTreeImporter
LogPluginManager: Mounting plugin DatasmithContent
LogPluginManager: Mounting plugin AlembicImporter
LogPluginManager: Mounting plugin AppleImageUtils
LogPluginManager: Mounting plugin AppleVision
LogPluginManager: Mounting plugin BackChannel
LogPluginManager: Mounting plugin CharacterAI
LogPluginManager: Mounting plugin GeometryCache
LogPluginManager: Mounting plugin HTML5Networking
LogPluginManager: Mounting plugin ProxyLODPlugin
LogPluginManager: Mounting plugin MagicLeap
LogPluginManager: Mounting plugin MagicLeapEmulator
LogPluginManager: Mounting plugin MagicLeapMedia
LogPluginManager: Mounting plugin AndroidMedia
LogPluginManager: Mounting plugin AvfMedia
LogPluginManager: Mounting plugin ImgMedia
LogPluginManager: Mounting plugin LinearTimecode
LogPluginManager: Mounting plugin MediaCompositing
LogPluginManager: Mounting plugin MediaPlayerEditor
LogPluginManager: Mounting plugin WmfMedia
LogPluginManager: Mounting plugin TcpMessaging
LogPluginManager: Mounting plugin UdpMessaging
LogPluginManager: Mounting plugin ActorSequence
LogPluginManager: Mounting plugin LevelSequenceEditor
LogPluginManager: Mounting plugin MatineeToLevelSequence
LogPluginManager: Mounting plugin NetcodeUnitTest
LogPluginManager: Mounting plugin NUTUnrealEngine4
LogPluginManager: Mounting plugin OnlineSubsystemGooglePlay
LogPluginManager: Mounting plugin OnlineSubsystemIOS
LogPluginManager: Mounting plugin OnlineSubsystem
LogPluginManager: Mounting plugin OnlineSubsystemNull
LogPluginManager: Mounting plugin OnlineSubsystemUtils
LogPluginManager: Mounting plugin LauncherChunkInstaller
LogPluginManager: Mounting plugin AndroidDeviceProfileSelector
LogPluginManager: Mounting plugin AndroidMoviePlayer
LogPluginManager: Mounting plugin AndroidPermission
LogPluginManager: Mounting plugin AppleMoviePlayer
LogPluginManager: Mounting plugin ArchVisCharacter
LogPluginManager: Mounting plugin AudioCapture
LogPluginManager: Mounting plugin CableComponent
LogPluginManager: Mounting plugin CustomMeshComponent
LogPluginManager: Mounting plugin EditableMesh
LogPluginManager: Mounting plugin ExampleDeviceProfileSelector
LogPluginManager: Mounting plugin GoogleCloudMessaging
LogPluginManager: Mounting plugin ImmediatePhysics
LogPluginManager: Mounting plugin IOSDeviceProfileSelector
LogPluginManager: Mounting plugin LinuxDeviceProfileSelector
LogPluginManager: Mounting plugin LocationServicesBPLibrary
LogPluginManager: Mounting plugin MobilePatchingUtils
LogPluginManager: Mounting plugin OculusVR
LogPluginManager: Plugin shader directory ../../../Engine/Plugins/Runtime/Oculus/OculusVR/Shaders found
LogPluginManager: Mapping shader source directory ../../../Engine/Plugins/Runtime/Oculus/OculusVR/Shaders to virtual directory /Plugin/OculusVR
LogPluginManager: Mounting plugin PhysXVehicles
LogPluginManager: Mounting plugin ProceduralMeshComponent
LogPluginManager: Mounting plugin RuntimePhysXCooking
LogPluginManager: Mounting plugin SteamVR
LogPluginManager: Mounting plugin WindowsMoviePlayer
LogStreaming: Display: Took  0.296s to configure plugins.
LogInit: Using libcurl 7.55.1-DEV
LogInit:  - built for x86_64-pc-win32
LogInit:  - supports SSL with OpenSSL/1.0.2h
LogInit:  - supports HTTP deflate (compression) using libz 1.2.8
LogInit:  - other features:
LogInit:      CURL_VERSION_SSL
LogInit:      CURL_VERSION_LIBZ
LogInit:      CURL_VERSION_IPV6
LogInit:      CURL_VERSION_ASYNCHDNS
LogInit:      CURL_VERSION_LARGEFILE
LogInit:      CURL_VERSION_IDN
LogInit:  CurlRequestOptions (configurable via config and command line):
LogInit:  - bVerifyPeer = false  - Libcurl will NOT verify peer certificate
LogInit:  - bUseHttpProxy = false  - Libcurl will NOT use HTTP proxy
LogInit:  - bDontReuseConnections = false  - Libcurl will reuse connections
LogInit:  - CertBundlePath = nullptr  - Libcurl will use whatever was configured at build time.
LogInit:  - MaxHostConnections = 16  - Libcurl will limit the number of connections to a host
LogInit:  - LocalHostAddr = Default
LogInit:  - BufferSize = 65536
LogInit: WinSock: version 1.1 (2.2), MaxSocks=32767, MaxUdp=65467
LogInit: Build: ++UE4+Release-4.20-CL-4369336
LogInit: Engine Version: 4.20.3-4369336+++UE4+Release-4.20
LogInit: Compatible Engine Version: 4.20.0-4212847+++UE4+Release-4.20
LogInit: Net CL: 4212847
LogInit: OS: Windows 10 (), CPU: Intel(R) Xeon(R) CPU E5-1607 v3 @ 3.10GHz, GPU: NVIDIA GeForce GTX 970
LogInit: Compiled (64-bit): Sep 17 2018 12:26:19
LogInit: Compiled with Visual C++: 19.13.26129.00
LogInit: Build Configuration: Development
LogInit: Branch Name: ++UE4+Release-4.20
LogInit: Command Line:  -skipcompile
LogInit: Base Directory: C:/Epic/UE4/UE_4.20/Engine/Binaries/Win64/
LogInit: Installed Engine Build: 1
LogDevObjectVersion: Number of dev versions registered: 20
LogDevObjectVersion:   Dev-Blueprints (B0D832E4-1F89-4F0D-ACCF-7EB736FD4AA2): 10
LogDevObjectVersion:   Dev-Build (E1C64328-A22C-4D53-A36C-8E866417BD8C): 0
LogDevObjectVersion:   Dev-Core (375EC13C-06E4-48FB-B500-84F0262A717E): 2
LogDevObjectVersion:   Dev-Editor (E4B068ED-F494-42E9-A231-DA0B2E46BB41): 24
LogDevObjectVersion:   Dev-Framework (CFFC743F-43B0-4480-9391-14DF171D2073): 34
LogDevObjectVersion:   Dev-Mobile (B02B49B5-BB20-44E9-A304-32B752E40360): 2
LogDevObjectVersion:   Dev-Networking (A4E4105C-59A1-49B5-A7C5-40C4547EDFEE): 0
LogDevObjectVersion:   Dev-Online (39C831C9-5AE6-47DC-9A44-9C173E1C8E7C): 0
LogDevObjectVersion:   Dev-Physics (78F01B33-EBEA-4F98-B9B4-84EACCB95AA2): 0
LogDevObjectVersion:   Dev-Platform (6631380F-2D4D-43E0-8009-CF276956A95A): 0
LogDevObjectVersion:   Dev-Rendering (12F88B9F-8875-4AFC-A67C-D90C383ABD29): 26
LogDevObjectVersion:   Dev-Sequencer (7B5AE74C-D270-4C10-A958-57980B212A5A): 9
LogDevObjectVersion:   Dev-VR (D7296918-1DD6-4BDD-9DE2-64A83CC13884): 2
LogDevObjectVersion:   Dev-LoadTimes (C2A15278-BFE7-4AFE-6C17-90FF531DF755): 1
LogDevObjectVersion:   Private-Geometry (6EACA3D4-40EC-4CC1-B786-8BED09428FC5): 3
LogDevObjectVersion:   Dev-AnimPhys (29E575DD-E0A3-4627-9D10-D276232CDCEA): 17
LogDevObjectVersion:   Dev-ReflectionCapture (6B266CEC-1EC7-4B8F-A30B-E4D90942FC07): 1
LogDevObjectVersion:   Dev-Automation (0DF73D61-A23F-47EA-B727-89E90C41499A): 1
LogDevObjectVersion:   FortniteMain (601D1886-AC64-4F84-AA16-D3DE0DEAC7D6): 12
LogDevObjectVersion:   Dev-Enterprise (9DFFBCD6-494F-0158-E221-12823C92A888): 1
LogStreaming: Display: Took  0.007s to delete old logs.
LogInit: Presizing for max 8388607 objects, including 0 objects not considered by GC, pre-allocating 0 bytes for permanent pool.
LogInit: Object subsystem initialized
[2018.10.23-18.17.22:566][  0]LogInit: Selected Device Profile: [Windows]
[2018.10.23-18.17.22:566][  0]LogInit: Applying CVar settings loaded from the selected device profile: [Windows]
[2018.10.23-18.17.22:584][  0]LogHAL: Display: Platform has ~ 16 GB [17083682816 / 17179869184 / 16], which maps to Larger [LargestMinGB=32, LargerMinGB=12, DefaultMinGB=8, SmallerMinGB=6, SmallestMinGB=0)
[2018.10.23-18.17.22:585][  0]LogInit: Setting Device Profile CVar: [[r.Vulkan.UseRealUBs:1]]
[2018.10.23-18.17.22:585][  0]LogInit: Going up to parent DeviceProfile []
[2018.10.23-18.17.22:585][  0]LogInit: Computer: S500-16
[2018.10.23-18.17.22:586][  0]LogInit: User: w017177h
[2018.10.23-18.17.22:586][  0]LogInit: CPU Page size=4096, Cores=4
[2018.10.23-18.17.22:586][  0]LogInit: High frequency timer resolution =3.020354 MHz
[2018.10.23-18.17.22:586][  0]LogMemory: Memory total: Physical=15.9GB (16GB approx)
[2018.10.23-18.17.22:586][  0]LogMemory: Platform Memory Stats for Windows
[2018.10.23-18.17.22:586][  0]LogMemory: Process Physical Memory: 101.34 MB used, 101.34 MB peak
[2018.10.23-18.17.22:586][  0]LogMemory: Process Virtual Memory: 84.54 MB used, 84.54 MB peak
[2018.10.23-18.17.22:586][  0]LogMemory: Physical Memory: 6195.39 MB used,  10096.88 MB free, 16292.27 MB total
[2018.10.23-18.17.22:587][  0]LogMemory: Virtual Memory: 4620.36 MB used,  10096.88 MB free, 134217728.00 MB total
[2018.10.23-18.17.22:725][  0]LogInit: Using OS detected language (en-US).
[2018.10.23-18.17.22:726][  0]LogInit: Using OS detected locale (en-GB).
[2018.10.23-18.17.22:727][  0]LogTextLocalizationManager: No specific localization for 'en-US' exists, so the 'en' localization will be used.
[2018.10.23-18.17.23:158][  0]LogStreaming: Display: Took  0.433s to InitEngineTextLocalization.
[2018.10.23-18.17.23:159][  0]LogInit: Setting process to per monitor DPI aware
[2018.10.23-18.17.23:211][  0]LogSlate: New Slate User Created.  User Index 0, Is Virtual User: 0
[2018.10.23-18.17.23:211][  0]LogSlate: Slate User Registered.  User Index 0, Is Virtual User: 0
[2018.10.23-18.17.23:564][  0]LogHMD: Failed to initialize OpenVR with code 110
[2018.10.23-18.17.23:564][  0]LogD3D11RHI: D3D11 adapters:
[2018.10.23-18.17.23:657][  0]LogD3D11RHI:    0. 'NVIDIA GeForce GTX 970' (Feature Level 11_0)
[2018.10.23-18.17.23:657][  0]LogD3D11RHI:       4043/0/8146 MB DedicatedVideo/DedicatedSystem/SharedSystem, Outputs:2, VendorId:0x10de
[2018.10.23-18.17.23:663][  0]LogD3D11RHI:    1. 'Microsoft Basic Render Driver' (Feature Level 11_0)
[2018.10.23-18.17.23:663][  0]LogD3D11RHI:       0/0/8146 MB DedicatedVideo/DedicatedSystem/SharedSystem, Outputs:0, VendorId:0x1414
[2018.10.23-18.17.23:663][  0]LogD3D11RHI: Chosen D3D11 Adapter: 0
[2018.10.23-18.17.23:673][  0]LogD3D11RHI: Creating new Direct3DDevice
[2018.10.23-18.17.23:674][  0]LogD3D11RHI:     GPU DeviceId: 0x13c2 (for the marketing name, search the web for "GPU Device Id")
[2018.10.23-18.17.23:674][  0]LogWindows: EnumDisplayDevices:
[2018.10.23-18.17.23:674][  0]LogWindows:    0. 'NVIDIA GeForce GTX 970' (P:0 D:1)
[2018.10.23-18.17.23:674][  0]LogWindows:    1. 'NVIDIA GeForce GTX 970' (P:1 D:1)
[2018.10.23-18.17.23:675][  0]LogWindows:    2. 'NVIDIA GeForce GTX 970' (P:0 D:0)
[2018.10.23-18.17.23:675][  0]LogWindows:    3. 'NVIDIA GeForce GTX 970' (P:0 D:0)
[2018.10.23-18.17.23:676][  0]LogWindows: DebugString: FoundDriverCount:4 
[2018.10.23-18.17.23:676][  0]LogD3D11RHI:     Adapter Name: NVIDIA GeForce GTX 970
[2018.10.23-18.17.23:676][  0]LogD3D11RHI:   Driver Version: 399.24 (internal:24.21.13.9924, unified:399.24)
[2018.10.23-18.17.23:676][  0]LogD3D11RHI:      Driver Date: 9-5-2018
[2018.10.23-18.17.23:676][  0]LogRHI: Texture pool is 2830 MB (70% of 4043 MB)
[2018.10.23-18.17.23:736][  0]LogD3D11RHI: Async texture creation enabled
[2018.10.23-18.17.23:755][  0]LogD3D11RHI: GPU Timing Frequency: 1000.000000 (Debug: 2 2)
[2018.10.23-18.17.23:845][  0]LogShaderCompilers: Guid format shader working directory is -20 characters bigger than the processId version (../../../../../../Users/w017177h/Documents/GitHub/SpideyCPP/SideyCPP/Intermediate/Shaders/WorkingDirectory/12576/).
[2018.10.23-18.17.23:846][  0]LogShaderCompilers: Cleaned the shader compiler working directory 'C:/Users/w017177h/AppData/Local/Temp/UnrealShaderWorkingDir/1BA9E8174A109EB09433E1B876C5A5E0/'.
[2018.10.23-18.17.24:250][  0]LogTemp: Display: Loaded TP AllDesktopTargetPlatform
[2018.10.23-18.17.24:271][  0]LogTemp: Display: Loaded TP MacClientTargetPlatform
[2018.10.23-18.17.24:293][  0]LogTemp: Display: Loaded TP MacNoEditorTargetPlatform
[2018.10.23-18.17.24:317][  0]LogTemp: Display: Loaded TP MacServerTargetPlatform
[2018.10.23-18.17.24:340][  0]LogTemp: Display: Loaded TP MacTargetPlatform
[2018.10.23-18.17.24:361][  0]LogTemp: Display: Loaded TP WindowsClientTargetPlatform
[2018.10.23-18.17.24:384][  0]LogTemp: Display: Loaded TP WindowsNoEditorTargetPlatform
[2018.10.23-18.17.24:406][  0]LogTemp: Display: Loaded TP WindowsServerTargetPlatform
[2018.10.23-18.17.24:419][  0]LogTemp: Display: Loaded TP WindowsTargetPlatform
[2018.10.23-18.17.24:521][  0]LogTemp: Display: Loaded TP AndroidTargetPlatform
[2018.10.23-18.17.24:521][  0]LogTemp: Display: Loaded TP AndroidTargetPlatform
[2018.10.23-18.17.24:521][  0]LogTemp: Display: Loaded TP AndroidTargetPlatform
[2018.10.23-18.17.24:521][  0]LogTemp: Display: Loaded TP AndroidTargetPlatform
[2018.10.23-18.17.24:521][  0]LogTemp: Display: Loaded TP AndroidTargetPlatform
[2018.10.23-18.17.24:521][  0]LogTemp: Display: Loaded TP AndroidTargetPlatform
[2018.10.23-18.17.24:521][  0]LogTemp: Display: Loaded TP AndroidTargetPlatform
[2018.10.23-18.17.24:521][  0]LogTemp: Display: Loaded TP AndroidTargetPlatform
[2018.10.23-18.17.24:521][  0]LogTemp: Display: Loaded TP AndroidTargetPlatform
[2018.10.23-18.17.24:521][  0]LogTemp: Display: Loaded TP AndroidTargetPlatform
[2018.10.23-18.17.24:521][  0]LogTemp: Display: Loaded TP AndroidTargetPlatform
[2018.10.23-18.17.24:521][  0]LogTemp: Display: Loaded TP AndroidTargetPlatform
[2018.10.23-18.17.24:521][  0]LogTemp: Display: Loaded TP AndroidTargetPlatform
[2018.10.23-18.17.24:521][  0]LogTemp: Display: Loaded TP AndroidTargetPlatform
[2018.10.23-18.17.24:522][  0]LogTemp: Display: Loaded TP AndroidTargetPlatform
[2018.10.23-18.17.24:522][  0]LogTemp: Display: Loaded TP AndroidTargetPlatform
[2018.10.23-18.17.24:522][  0]LogTemp: Display: Loaded TP AndroidTargetPlatform
[2018.10.23-18.17.24:522][  0]LogTemp: Display: Loaded TP AndroidTargetPlatform
[2018.10.23-18.17.24:528][  0]LogTemp: Display: Loaded TP HTML5TargetPlatform
[2018.10.23-18.17.24:610][  0]LogTemp: Display: Loaded TP IOSTargetPlatform
[2018.10.23-18.17.24:610][  0]LogTemp: Display: Loaded TP IOSTargetPlatform
[2018.10.23-18.17.24:642][  0]LogTemp: Display: Loaded TP TVOSTargetPlatform
[2018.10.23-18.17.24:642][  0]LogTemp: Display: Loaded TP TVOSTargetPlatform
[2018.10.23-18.17.24:660][  0]LogTemp: Display: Loaded TP LinuxClientTargetPlatform
[2018.10.23-18.17.24:678][  0]LogTemp: Display: Loaded TP LinuxNoEditorTargetPlatform
[2018.10.23-18.17.24:696][  0]LogTemp: Display: Loaded TP LinuxServerTargetPlatform
[2018.10.23-18.17.24:716][  0]LogTemp: Display: Loaded TP LinuxTargetPlatform
[2018.10.23-18.17.24:731][  0]LogTemp: Display: Loaded TP LuminTargetPlatform
[2018.10.23-18.17.24:732][  0]LogTargetPlatformManager: Display: Building Assets For Windows
[2018.10.23-18.17.24:913][  0]LogXGEController: Cleaning working directory: C:/Users/w017177h/AppData/Local/Temp/UnrealXGEWorkingDir/
[2018.10.23-18.17.24:914][  0]LogXGEController: Cannot use XGE Controller as Incredibuild is not installed on this machine.
[2018.10.23-18.17.24:915][  0]LogShaderCompilers: Cannot use XGE Shader Compiler as Incredibuild is not installed on this machine.
[2018.10.23-18.17.24:915][  0]LogShaderCompilers: Display: Using Local Shader Compiler.
[2018.10.23-18.17.26:057][  0]LogDerivedDataCache: Display: Max Cache Size: 512 MB
[2018.10.23-18.17.26:158][  0]LogDerivedDataCache: Loaded boot cache 0.10s 71MB C:/Users/w017177h/AppData/Local/UnrealEngine/4.20/DerivedDataCache/Boot.ddc.
[2018.10.23-18.17.26:159][  0]LogDerivedDataCache: Display: Loaded Boot cache: C:/Users/w017177h/AppData/Local/UnrealEngine/4.20/DerivedDataCache/Boot.ddc
[2018.10.23-18.17.26:159][  0]LogDerivedDataCache: FDerivedDataBackendGraph:  Pak pak cache file ../../../../../../Users/w017177h/Documents/GitHub/SpideyCPP/SideyCPP/DerivedDataCache/DDC.ddp not found, will not use a pak cache.
[2018.10.23-18.17.26:160][  0]LogDerivedDataCache: Unable to find inner node Pak for hierarchical cache Hierarchy.
[2018.10.23-18.17.26:160][  0]LogDerivedDataCache: FDerivedDataBackendGraph:  CompressedPak pak cache file ../../../../../../Users/w017177h/Documents/GitHub/SpideyCPP/SideyCPP/DerivedDataCache/Compressed.ddp not found, will not use a pak cache.
[2018.10.23-18.17.26:160][  0]LogDerivedDataCache: Unable to find inner node CompressedPak for hierarchical cache Hierarchy.
[2018.10.23-18.17.26:174][  0]LogDerivedDataCache: Display: Pak cache opened for reading ../../../Engine/DerivedDataCache/Compressed.ddp.
[2018.10.23-18.17.26:188][  0]LogDerivedDataCache: Using Local data cache path C:/Users/w017177h/AppData/Local/UnrealEngine/Common/DerivedDataCache: Writable
[2018.10.23-18.17.26:188][  0]LogDerivedDataCache: Shared data cache path not found in *engine.ini, will not use an Shared cache.
[2018.10.23-18.17.26:188][  0]LogDerivedDataCache: Unable to find inner node Shared for hierarchical cache Hierarchy.
[2018.10.23-18.17.26:211][  0]LogMaterial: Verifying Global Shaders for PCD3D_SM5
[2018.10.23-18.17.26:212][  0]LogSlate: Using FreeType 2.6.0
[2018.10.23-18.17.26:213][  0]LogSlate: SlateFontServices - WITH_FREETYPE: 1, WITH_HARFBUZZ: 1
[2018.10.23-18.17.26:308][  0]LogAssetRegistry: FAssetRegistry took 0.0300 seconds to start up
[2018.10.23-18.17.26:730][  0]LogInit: Selected Device Profile: [Windows]
[2018.10.23-18.17.26:923][  0]LogSimplygon: Simplygon DLL not present - disabling.
[2018.10.23-18.17.26:934][  0]LogMeshReduction: Using SimplygonSwarm for distributed automatic mesh merging
[2018.10.23-18.17.26:934][  0]LogMeshReduction: Using ProxyLODMeshReduction for automatic mesh merging
[2018.10.23-18.17.26:934][  0]LogMeshReduction: Using QuadricMeshReduction for automatic static mesh reduction
[2018.10.23-18.17.26:934][  0]LogMeshReduction: No automatic skeletal mesh reduction module available
[2018.10.23-18.17.26:960][  0]LogNetVersion: SideyCPP 1.0.0, NetCL: 4212847, EngineNetVer: 5, GameNetVer: 0 (Checksum: 583984258)
[2018.10.23-18.17.27:651][  0]LogPackageLocalizationCache: Processed 11 localized package path(s) for 2 prioritized culture(s) in 0.154977 seconds
[2018.10.23-18.17.27:659][  0]LogUObjectArray: 38425 objects as part of root set at end of initial load.
[2018.10.23-18.17.27:659][  0]LogUObjectAllocator: 6690872 out of 0 bytes used by permanent object pool.
[2018.10.23-18.17.27:659][  0]LogUObjectArray: CloseDisregardForGC: 0/0 objects in disregard for GC pool
[2018.10.23-18.17.28:967][  0]LogTcpMessaging: Initializing TcpMessaging bridge
[2018.10.23-18.17.28:984][  0]LogUdpMessaging: Initializing bridge on interface 0.0.0.0:0 to multicast group 230.0.0.1:6666.
[2018.10.23-18.17.29:225][  0]SourceControl: Source control is disabled
[2018.10.23-18.17.29:225][  0]SourceControl: Source control is disabled
[2018.10.23-18.17.29:229][  0]SourceControl: Source control is disabled
[2018.10.23-18.17.29:235][  0]SourceControl: Source control is disabled
[2018.10.23-18.17.29:553][  0]LogAndroidPermission: UAndroidPermissionCallbackProxy::GetInstance
[2018.10.23-18.17.29:660][  0]LogOcInput: OculusInput pre-init called
[2018.10.23-18.17.29:743][  0]LogEngine: Initializing Engine...
[2018.10.23-18.17.29:744][  0]LogHMD: Failed to initialize OpenVR with code 110
[2018.10.23-18.17.29:745][  0]LogStats: UGameplayTagsManager::ConstructGameplayTagTree: ImportINI prefixes -  0.000 s
[2018.10.23-18.17.29:745][  0]LogStats: UGameplayTagsManager::ConstructGameplayTagTree: Construct from data asset -  0.000 s
[2018.10.23-18.17.29:746][  0]LogStats: UGameplayTagsManager::ConstructGameplayTagTree: ImportINI -  0.000 s
[2018.10.23-18.17.29:746][  0]LogStats: UGameplayTagsManager::ConstructGameplayTagTree: GameplayTagTreeChangedEvent.Broadcast -  0.000 s
[2018.10.23-18.17.29:994][  0]LogInit: Initializing FReadOnlyCVARCache
[2018.10.23-18.17.30:021][  0]LogAIModule: Creating AISystem for world Untitled
[2018.10.23-18.17.30:037][  0]LogInit: XAudio2 using 'Speakers (Realtek High Definition Audio)' : 2 channels at 48 kHz using 32 bits per sample (channel mask 0x3)
[2018.10.23-18.17.30:128][  0]LogInit: FAudioDevice initialized.
[2018.10.23-18.17.30:129][  0]LogNetVersion: Set ProjectVersion to 1.0.0.0. Version Checksum will be recalculated on next use.
[2018.10.23-18.17.30:288][  0]LogDerivedDataCache: Saved boot cache 0.16s 71MB C:/Users/w017177h/AppData/Local/UnrealEngine/4.20/DerivedDataCache/Boot.ddc.
[2018.10.23-18.17.30:302][  0]LogInit: Texture streaming: Enabled
[2018.10.23-18.17.30:343][  0]LogEngineSessionManager: EngineSessionManager initialized
[2018.10.23-18.17.30:343][  0]LogEngineSessionManager: EngineSessionManager sent abnormal shutdown report. Type=Debugger, SessionId={4E0AEBEE-4F74-D9E3-2D6B-D99DA2F7D2BD}
[2018.10.23-18.17.30:363][  0]LogInit: Transaction tracking system initialized
[2018.10.23-18.17.30:428][  0]BlueprintLog: New page: Editor Load
[2018.10.23-18.17.30:626][  0]LocalizationService: Localization service is disabled
[2018.10.23-18.17.31:042][  0]LogCook: Display: Max memory allowance for cook 16384mb min free memory 0mb
[2018.10.23-18.17.31:042][  0]LogCook: Display: Mobile HDR setting 1
[2018.10.23-18.17.31:042][  0]LogGameplayTags: Display: UGameplayTagsManager::DoneAddingNativeTags. DelegateIsBound: 0
[2018.10.23-18.17.31:043][  0]LogStats: UGameplayTagsManager::ConstructGameplayTagTree: ImportINI prefixes -  0.000 s
[2018.10.23-18.17.31:043][  0]LogStats: UGameplayTagsManager::ConstructGameplayTagTree: Construct from data asset -  0.000 s
[2018.10.23-18.17.31:043][  0]LogStats: UGameplayTagsManager::ConstructGameplayTagTree: ImportINI -  0.000 s
[2018.10.23-18.17.31:043][  0]LogStats: UGameplayTagsManager::ConstructGameplayTagTree: GameplayTagTreeChangedEvent.Broadcast -  0.000 s
[2018.10.23-18.17.31:288][  0]LogFileCache: Scanning file cache for directory 'C:/Users/w017177h/Documents/GitHub/SpideyCPP/SideyCPP/Content/' took 0.02s
[2018.10.23-18.17.31:289][  0]SourceControl: Source control is disabled
[2018.10.23-18.17.31:289][  0]Cmd: MAP LOAD FILE="../../../../../../Users/w017177h/Documents/GitHub/SpideyCPP/SideyCPP/Content/StarterContent/Maps/Minimal_Default.umap" TEMPLATE=0 SHOWPROGRESS=1 FEATURELEVEL=3
[2018.10.23-18.17.31:290][  0]LightingResults: New page: Lighting Build
[2018.10.23-18.17.31:295][  0]MapCheck: New page: Map Check
[2018.10.23-18.17.31:296][  0]LightingResults: New page: Lighting Build
[2018.10.23-18.17.31:728][  0]LogAIModule: Creating AISystem for world Minimal_Default
[2018.10.23-18.17.31:783][  0]LogEditorServer: Finished looking for orphan Actors (0.000 secs)
[2018.10.23-18.17.31:809][  0]Cmd: MAP CHECKDEP NOCLEARLOG
[2018.10.23-18.17.32:038][  0]MapCheck: Map check complete: 0 Error(s), 0 Warning(s), took 228.115ms to complete.
[2018.10.23-18.17.32:038][  0]LogFileHelpers: Loading map 'Minimal_Default' took 0.749
[2018.10.23-18.17.32:175][  0]LogSlate: Updating window title bar state: overlay mode, drag disabled, window buttons hidden, title bar hidden
[2018.10.23-18.17.32:184][  0]LogSlate: Updating window title bar state: overlay mode, drag disabled, window buttons hidden, title bar hidden
[2018.10.23-18.17.32:192][  0]LogSlate: Updating window title bar state: overlay mode, drag disabled, window buttons hidden, title bar hidden
[2018.10.23-18.17.32:201][  0]LogSlate: Updating window title bar state: overlay mode, drag disabled, window buttons hidden, title bar hidden
[2018.10.23-18.17.32:215][  0]LogCollectionManager: Loaded 0 collections in 0.004375 seconds
[2018.10.23-18.17.32:271][  0]LogFileCache: Scanning file cache for directory 'C:/Users/w017177h/Documents/GitHub/SpideyCPP/SideyCPP/Saved/Collections/' took 0.01s
[2018.10.23-18.17.32:271][  0]LogFileCache: Scanning file cache for directory 'C:/Users/w017177h/Documents/GitHub/SpideyCPP/SideyCPP/Content/Developers/w017177h/Collections/' took 0.01s
[2018.10.23-18.17.32:271][  0]LogFileCache: Scanning file cache for directory 'C:/Users/w017177h/Documents/GitHub/SpideyCPP/SideyCPP/Content/Collections/' took 0.01s
[2018.10.23-18.17.32:271][  0]LogCollectionManager: Rebuilt the GUID cache for 0 collections in 0.000000 seconds
[2018.10.23-18.17.32:283][  0]LogContentBrowser: Native class hierarchy populated in 0.0114 seconds. Added 2576 classes and 605 folders.
[2018.10.23-18.17.32:295][  0]LogContentBrowser: Native class hierarchy updated for 'WidgetCarousel' in 0.0006 seconds. Added 0 classes and 0 folders.
[2018.10.23-18.17.32:403][  0]LogContentBrowser: Native class hierarchy updated for 'AddContentDialog' in 0.0006 seconds. Added 0 classes and 0 folders.
[2018.10.23-18.17.32:415][  0]LogContentBrowser: Native class hierarchy updated for 'SceneOutliner' in 0.0006 seconds. Added 1 classes and 2 folders.
[2018.10.23-18.17.32:432][  0]LogSlate: Took 0.000389 seconds to synchronously load lazily loaded font '../../../Engine/Content/Slate/Fonts/Roboto-Regular.ttf' (155K)
[2018.10.23-18.17.32:435][  0]LogSlate: Took 0.000237 seconds to synchronously load lazily loaded font '../../../Engine/Content/Slate/Fonts/Roboto-Bold.ttf' (160K)
[2018.10.23-18.17.32:441][  0]LogSlate: Took 0.000288 seconds to synchronously load lazily loaded font '../../../Engine/Content/Editor/Slate/Fonts/FontAwesome.ttf' (139K)
[2018.10.23-18.17.32:536][  0]LogRenderer: Reallocating scene render targets to support 1208x576 Format 10 NumSamples 1 (Frame:1).
[2018.10.23-18.17.32:684][  0]LogContentBrowser: Native class hierarchy updated for 'HierarchicalLODOutliner' in 0.0006 seconds. Added 0 classes and 0 folders.
[2018.10.23-18.17.32:684][  0]LogLoad: (Engine Initialization) Total time: 13.90 seconds
[2018.10.23-18.17.32:685][  0]LogLoad: (Engine Initialization) Total Blueprint compile time: 0.00 seconds
[2018.10.23-18.17.32:695][  0]LogWindowsTextInputMethodSystem: Display: IME system now deactivated.
[2018.10.23-18.17.32:717][  0]LogContentStreaming: Texture pool size now 1000 MB
[2018.10.23-18.17.32:744][  0]LogSlate: Took 0.000255 seconds to synchronously load lazily loaded font '../../../Engine/Content/Slate/Fonts/Roboto-Light.ttf' (167K)
[2018.10.23-18.17.32:783][  1]LogAssetRegistry: Asset discovery search completed in 6.4983 seconds
[2018.10.23-18.17.32:785][  1]LogCollectionManager: Rebuilt the object cache for 0 collections in 0.000001 seconds (found 0 objects)
[2018.10.23-18.17.32:785][  1]LogCollectionManager: Fixed up redirectors for 0 collections in 0.000120 seconds (updated 0 objects)
[2018.10.23-18.17.50:648][129]LogSlate: FSceneViewport::OnFocusLost() reason 0
[2018.10.23-18.17.51:418][220]LogSlate: Took 0.000261 seconds to synchronously load lazily loaded font '../../../Engine/Content/Slate/Fonts/Roboto-Light.ttf' (167K)
[2018.10.23-18.17.51:683][220]LogSavePackage: Moving '../../../../../../Users/w017177h/Documents/GitHub/SpideyCPP/SideyCPP/Saved/Minimal_DefaultD35E5042413A5171CF3899A9D35669FA.tmp' to '../../../../../../Users/w017177h/Documents/GitHub/SpideyCPP/SideyCPP/Content/StarterContent/Maps/Minimal_Default.umap'
[2018.10.23-18.17.51:784][220]LogSavePackage: Moving '../../../../../../Users/w017177h/Documents/GitHub/SpideyCPP/SideyCPP/Saved/Minimal_Default_BuiltData925E62C14ED7DF0167AE58B0F2504973.tmp' to '../../../../../../Users/w017177h/Documents/GitHub/SpideyCPP/SideyCPP/Content/StarterContent/Maps/Minimal_Default_BuiltData.uasset'
[2018.10.23-18.17.53:419][393]LogAssetEditorManager: Opening Asset editor for Blueprint /Game/Blueprints/Player.Player
[2018.10.23-18.17.53:904][393]LogContentBrowser: Native class hierarchy updated for 'BlueprintGraph' in 0.0010 seconds. Added 116 classes and 0 folders.
[2018.10.23-18.17.54:828][393]LogSlate: Took 0.000280 seconds to synchronously load lazily loaded font '../../../Engine/Content/Slate/Fonts/Roboto-BoldCondensed.ttf' (158K)
[2018.10.23-18.17.54:928][394]LogSlate: Took 0.000351 seconds to synchronously load lazily loaded font '../../../Engine/Content/Slate/Fonts/Roboto-Italic.ttf' (157K)
[2018.10.23-18.18.39:778][731]Candidate modules for hot reload:
[2018.10.23-18.18.39:778][731]  SideyCPP
[2018.10.23-18.18.39:779][731]Launching UnrealBuildTool... [C:/Epic/UE4/UE_4.20/Engine/Binaries/DotNET/UnrealBuildTool.exe  -ModuleWithSuffix=SideyCPP,6297 Win64 Development -TargetType=Editor -Project="../../../../../../Users/w017177h/Documents/GitHub/SpideyCPP/SideyCPP/SideyCPP.uproject" -canskiplink "C:/Users/w017177h/Documents/GitHub/SpideyCPP/SideyCPP/SideyCPP.uproject" ]
[2018.10.23-18.18.39:807][731]Warning: Starting HotReload took  0.1s.
[2018.10.23-18.19.17:698][104]Cmd: OBJ SAVEPACKAGE PACKAGE="/Game/Blueprints/Player" FILE="../../../../../../Users/w017177h/Documents/GitHub/SpideyCPP/SideyCPP/Content/Blueprints/Player.uasset" SILENT=true
[2018.10.23-18.19.17:784][104]LogSavePackage: Moving '../../../../../../Users/w017177h/Documents/GitHub/SpideyCPP/SideyCPP/Saved/Player6CA5B5154A1116B2D6FAED97A8B4A38B.tmp' to '../../../../../../Users/w017177h/Documents/GitHub/SpideyCPP/SideyCPP/Content/Blueprints/Player.uasset'
[2018.10.23-18.19.29:077][424]Cmd: OBJ SAVEPACKAGE PACKAGE="/Game/Blueprints/Player" FILE="../../../../../../Users/w017177h/Documents/GitHub/SpideyCPP/SideyCPP/Content/Blueprints/Player.uasset" SILENT=true
[2018.10.23-18.19.29:162][424]LogSavePackage: Moving '../../../../../../Users/w017177h/Documents/GitHub/SpideyCPP/SideyCPP/Saved/PlayerECADCD844633351EABC67B9B83A345AE.tmp' to '../../../../../../Users/w017177h/Documents/GitHub/SpideyCPP/SideyCPP/Content/Blueprints/Player.uasset'
[2018.10.23-18.19.39:534][618]CompilerResultsLog: New page: Compilation - 23 Oct 2018 20:19:39
[2018.10.23-18.19.39:534][618]CompilerResultsLog: Performing full C++ include scan (hot reloading a new target)
[2018.10.23-18.19.39:534][618]CompilerResultsLog: Using 'git status' to determine working set for adaptive non-unity build.
[2018.10.23-18.19.39:534][618]CompilerResultsLog: Creating makefile for hot reloading SideyCPPEditor (.uproject file is newer)
[2018.10.23-18.19.39:535][618]CompilerResultsLog: Compiling game modules for hot reload
[2018.10.23-18.19.39:535][618]CompilerResultsLog: Using Visual Studio 2017 14.14.26428 toolchain (C:\Program Files (x86)\Microsoft Visual Studio\2017\Professional\VC\Tools\MSVC\14.14.26428) and Windows 10.0.17134.0 SDK (C:\Program Files (x86)\Windows Kits\10).
[2018.10.23-18.19.39:535][618]CompilerResultsLog: Parsing headers for SideyCPPEditor
[2018.10.23-18.19.39:535][618]CompilerResultsLog:   Running UnrealHeaderTool "C:\Users\w017177h\Documents\GitHub\SpideyCPP\SideyCPP\SideyCPP.uproject" "C:\Users\w017177h\Documents\GitHub\SpideyCPP\SideyCPP\Intermediate\Build\Win64\SideyCPPEditor\Development\SideyCPPEditor.uhtmanifest" -LogCmds="loginit warning, logexit warning, logdatabase error" -Unattended -WarningsAsErrors -installed
[2018.10.23-18.19.39:535][618]CompilerResultsLog: Reflection code generated for SideyCPPEditor in 12.7928564 seconds
[2018.10.23-18.19.39:535][618]CompilerResultsLog: Building 5 actions with 4 processes...
[2018.10.23-18.19.39:535][618]CompilerResultsLog:   [1/5] SideyCPP.init.gen.cpp
[2018.10.23-18.19.39:535][618]CompilerResultsLog:   [2/5] Player_Base.gen.cpp
[2018.10.23-18.19.39:535][618]CompilerResultsLog:   [3/5] Player_Base.cpp
[2018.10.23-18.19.39:535][618]CompilerResultsLog:   [4/5] UE4Editor-SideyCPP-6297.lib
[2018.10.23-18.19.39:535][618]CompilerResultsLog:      Creating library C:\Users\w017177h\Documents\GitHub\SpideyCPP\SideyCPP\Intermediate\Build\Win64\UE4Editor\Development\SideyCPP\UE4Editor-SideyCPP-6297.lib and object C:\Users\w017177h\Documents\GitHub\SpideyCPP\SideyCPP\Intermediate\Build\Win64\UE4Editor\Development\SideyCPP\UE4Editor-SideyCPP-6297.exp
[2018.10.23-18.19.39:536][618]CompilerResultsLog:   [5/5] UE4Editor-SideyCPP-6297.dll
[2018.10.23-18.19.39:536][618]CompilerResultsLog:      Creating library C:\Users\w017177h\Documents\GitHub\SpideyCPP\SideyCPP\Intermediate\Build\Win64\UE4Editor\Development\SideyCPP\UE4Editor-SideyCPP-6297.suppressed.lib and object C:\Users\w017177h\Documents\GitHub\SpideyCPP\SideyCPP\Intermediate\Build\Win64\UE4Editor\Development\SideyCPP\UE4Editor-SideyCPP-6297.suppressed.exp
[2018.10.23-18.19.39:536][618]CompilerResultsLog: Total build time: 59.13 seconds (Parallel executor: 3.90 seconds)
[2018.10.23-18.19.39:536][618]LogMainFrame: MainFrame: Module compiling took 59.766 seconds
[2018.10.23-18.19.39:608][618]LogClass: Could not find existing class Player_Base in package /Script/SideyCPP for HotReload, assuming new class
[2018.10.23-18.19.39:608][618]LogClass: Function HitWall is new.
[2018.10.23-18.19.39:608][618]LogClass: Function SetScannedObjects is new.
[2018.10.23-18.19.39:632][618]LogHotReload: Re-instancing Player_Base after hot-reload.
[2018.10.23-18.19.39:952][618]LogContentBrowser: Native class hierarchy updated for 'SideyCPP' in 0.0006 seconds. Added 4 classes and 2 folders.
[2018.10.23-18.19.39:956][618]Display: HotReload successful (0 functions remapped  0 scriptstructs remapped)
[2018.10.23-18.19.40:412][618]LogContentBrowser: Native class hierarchy populated in 0.0117 seconds. Added 2577 classes and 607 folders.
[2018.10.23-18.19.40:448][618]Display: HotReload took 60.7s.
[2018.10.23-18.19.40:467][618]LogScript: Warning: Attempted to access missing property 'animMovementSpeedRight'. If this is a packaged/cooked build, are you attempting to use an editor-only property?
	BP_C /Engine/Transient.World_5:PersistentLevel.Player_C_0.CharacterMesh0.BP_C_1
	Function /Game/Models/Spiderman/Animations/AnimationControllers/BP.BP_C:ExecuteUbergraph_BP:010E
[2018.10.23-18.19.40:467][618]LogScript: Warning: Attempted to access missing property 'animMovementSpeedForward'. If this is a packaged/cooked build, are you attempting to use an editor-only property?
	BP_C /Engine/Transient.World_5:PersistentLevel.Player_C_0.CharacterMesh0.BP_C_1
	Function /Game/Models/Spiderman/Animations/AnimationControllers/BP.BP_C:ExecuteUbergraph_BP:0141
[2018.10.23-18.19.40:467][618]LogScript: Warning: Attempted to access missing property 'grounded'. If this is a packaged/cooked build, are you attempting to use an editor-only property?
	BP_C /Engine/Transient.World_5:PersistentLevel.Player_C_0.CharacterMesh0.BP_C_1
	Function /Game/Models/Spiderman/Animations/AnimationControllers/BP.BP_C:ExecuteUbergraph_BP:0174
[2018.10.23-18.19.40:467][618]LogScript: Warning: Attempted to access missing property 'dancing'. If this is a packaged/cooked build, are you attempting to use an editor-only property?
	BP_C /Engine/Transient.World_5:PersistentLevel.Player_C_0.CharacterMesh0.BP_C_1
	Function /Game/Models/Spiderman/Animations/AnimationControllers/BP.BP_C:ExecuteUbergraph_BP:01B4
[2018.10.23-18.19.40:502][619]LogScript: Warning: Attempted to access missing property 'animMovementSpeedRight'. If this is a packaged/cooked build, are you attempting to use an editor-only property?
	BP_C /Engine/Transient.World_5:PersistentLevel.Player_C_0.CharacterMesh0.BP_C_1
	Function /Game/Models/Spiderman/Animations/AnimationControllers/BP.BP_C:ExecuteUbergraph_BP:010E
[2018.10.23-18.19.40:502][619]LogScript: Warning: Attempted to access missing property 'animMovementSpeedForward'. If this is a packaged/cooked build, are you attempting to use an editor-only property?
	BP_C /Engine/Transient.World_5:PersistentLevel.Player_C_0.CharacterMesh0.BP_C_1
	Function /Game/Models/Spiderman/Animations/AnimationControllers/BP.BP_C:ExecuteUbergraph_BP:0141
[2018.10.23-18.19.40:502][619]LogScript: Warning: Attempted to access missing property 'grounded'. If this is a packaged/cooked build, are you attempting to use an editor-only property?
	BP_C /Engine/Transient.World_5:PersistentLevel.Player_C_0.CharacterMesh0.BP_C_1
	Function /Game/Models/Spiderman/Animations/AnimationControllers/BP.BP_C:ExecuteUbergraph_BP:0174
[2018.10.23-18.19.40:503][619]LogScript: Warning: Attempted to access missing property 'dancing'. If this is a packaged/cooked build, are you attempting to use an editor-only property?
	BP_C /Engine/Transient.World_5:PersistentLevel.Player_C_0.CharacterMesh0.BP_C_1
	Function /Game/Models/Spiderman/Animations/AnimationControllers/BP.BP_C:ExecuteUbergraph_BP:01B4
[2018.10.23-18.19.40:512][620]LogScript: Warning: Attempted to access missing property 'animMovementSpeedRight'. If this is a packaged/cooked build, are you attempting to use an editor-only property?
	BP_C /Engine/Transient.World_5:PersistentLevel.Player_C_0.CharacterMesh0.BP_C_1
	Function /Game/Models/Spiderman/Animations/AnimationControllers/BP.BP_C:ExecuteUbergraph_BP:010E
[2018.10.23-18.19.40:513][620]LogScript: Warning: Attempted to access missing property 'animMovementSpeedForward'. If this is a packaged/cooked build, are you attempting to use an editor-only property?
	BP_C /Engine/Transient.World_5:PersistentLevel.Player_C_0.CharacterMesh0.BP_C_1
	Function /Game/Models/Spiderman/Animations/AnimationControllers/BP.BP_C:ExecuteUbergraph_BP:0141
[2018.10.23-18.19.40:513][620]LogScript: Warning: Attempted to access missing property 'grounded'. If this is a packaged/cooked build, are you attempting to use an editor-only property?
	BP_C /Engine/Transient.World_5:PersistentLevel.Player_C_0.CharacterMesh0.BP_C_1
	Function /Game/Models/Spiderman/Animations/AnimationControllers/BP.BP_C:ExecuteUbergraph_BP:0174
[2018.10.23-18.19.40:513][620]LogScript: Warning: Attempted to access missing property 'dancing'. If this is a packaged/cooked build, are you attempting to use an editor-only property?
	BP_C /Engine/Transient.World_5:PersistentLevel.Player_C_0.CharacterMesh0.BP_C_1
	Function /Game/Models/Spiderman/Animations/AnimationControllers/BP.BP_C:ExecuteUbergraph_BP:01B4
[2018.10.23-18.19.40:521][621]LogScript: Warning: Attempted to access missing property 'animMovementSpeedRight'. If this is a packaged/cooked build, are you attempting to use an editor-only property?
	BP_C /Engine/Transient.World_5:PersistentLevel.Player_C_0.CharacterMesh0.BP_C_1
	Function /Game/Models/Spiderman/Animations/AnimationControllers/BP.BP_C:ExecuteUbergraph_BP:010E
[2018.10.23-18.19.40:521][621]LogScript: Warning: Attempted to access missing property 'animMovementSpeedForward'. If this is a packaged/cooked build, are you attempting to use an editor-only property?
	BP_C /Engine/Transient.World_5:PersistentLevel.Player_C_0.CharacterMesh0.BP_C_1
	Function /Game/Models/Spiderman/Animations/AnimationControllers/BP.BP_C:ExecuteUbergraph_BP:0141
[2018.10.23-18.19.40:521][621]LogScript: Warning: Attempted to access missing property 'grounded'. If this is a packaged/cooked build, are you attempting to use an editor-only property?
	BP_C /Engine/Transient.World_5:PersistentLevel.Player_C_0.CharacterMesh0.BP_C_1
	Function /Game/Models/Spiderman/Animations/AnimationControllers/BP.BP_C:ExecuteUbergraph_BP:0174
[2018.10.23-18.19.40:521][621]LogScript: Warning: Attempted to access missing property 'dancing'. If this is a packaged/cooked build, are you attempting to use an editor-only property?
	BP_C /Engine/Transient.World_5:PersistentLevel.Player_C_0.CharacterMesh0.BP_C_1
	Function /Game/Models/Spiderman/Animations/AnimationControllers/BP.BP_C:ExecuteUbergraph_BP:01B4
[2018.10.23-18.19.40:529][622]LogScript: Warning: Attempted to access missing property 'animMovementSpeedRight'. If this is a packaged/cooked build, are you attempting to use an editor-only property?
	BP_C /Engine/Transient.World_5:PersistentLevel.Player_C_0.CharacterMesh0.BP_C_1
	Function /Game/Models/Spiderman/Animations/AnimationControllers/BP.BP_C:ExecuteUbergraph_BP:010E
[2018.10.23-18.20.07:020][699]LogScript: Warning: Attempted to access missing property 'animMovementSpeedRight'. If this is a packaged/cooked build, are you attempting to use an editor-only property?
	BP_C /Engine/Transient.World_6:PersistentLevel.Player_C_1.CharacterMesh0.BP_C_0
	Function /Game/Models/Spiderman/Animations/AnimationControllers/BP.BP_C:ExecuteUbergraph_BP:010E
[2018.10.23-18.20.07:021][699]LogScript: Warning: Attempted to access missing property 'animMovementSpeedForward'. If this is a packaged/cooked build, are you attempting to use an editor-only property?
	BP_C /Engine/Transient.World_6:PersistentLevel.Player_C_1.CharacterMesh0.BP_C_0
	Function /Game/Models/Spiderman/Animations/AnimationControllers/BP.BP_C:ExecuteUbergraph_BP:0141
[2018.10.23-18.20.07:021][699]LogScript: Warning: Attempted to access missing property 'grounded'. If this is a packaged/cooked build, are you attempting to use an editor-only property?
	BP_C /Engine/Transient.World_6:PersistentLevel.Player_C_1.CharacterMesh0.BP_C_0
	Function /Game/Models/Spiderman/Animations/AnimationControllers/BP.BP_C:ExecuteUbergraph_BP:0174
[2018.10.23-18.20.07:021][699]LogScript: Warning: Attempted to access missing property 'dancing'. If this is a packaged/cooked build, are you attempting to use an editor-only property?
	BP_C /Engine/Transient.World_6:PersistentLevel.Player_C_1.CharacterMesh0.BP_C_0
	Function /Game/Models/Spiderman/Animations/AnimationControllers/BP.BP_C:ExecuteUbergraph_BP:01B4
