Log file open, 10/28/18 19:20:05
LogWindows: Failed to load 'aqProf.dll' (GetLastError=126)
LogWindows: File 'aqProf.dll' does not exist
LogWindows: Failed to load 'VSPerf140.dll' (GetLastError=126)
LogWindows: File 'VSPerf140.dll' does not exist
LogWindows: Failed to load 'VtuneApi.dll' (GetLastError=126)
LogWindows: File 'VtuneApi.dll' does not exist
LogWindows: Failed to load 'VtuneApi32e.dll' (GetLastError=126)
LogWindows: File 'VtuneApi32e.dll' does not exist
LogInit: Display: Running engine for game: SideyCPP
LogPlatformFile: Not using cached read wrapper
LogTaskGraph: Started task graph with 5 named threads and 23 total threads with 3 sets of task threads.
LogStats: Stats thread started at 0.373146
LogD3D11RHI: Loaded GFSDK_Aftermath_Lib.x64.dll
LogICUInternationalization: Display: ICU TimeZone Detection - Raw Offset: +0:00, Platform Override: ''
LogPluginManager: Mounting plugin Paper2D
LogPluginManager: Mounting plugin AISupport
LogPluginManager: Mounting plugin LightPropagationVolume
LogPluginManager: Mounting plugin CLionSourceCodeAccess
LogPluginManager: Mounting plugin CodeLiteSourceCodeAccess
LogPluginManager: Mounting plugin GitSourceControl
LogPluginManager: Mounting plugin KDevelopSourceCodeAccess
LogPluginManager: Mounting plugin NullSourceCodeAccess
LogPluginManager: Mounting plugin PerforceSourceControl
LogPluginManager: Mounting plugin SubversionSourceControl
LogPluginManager: Mounting plugin UObjectPlugin
LogPluginManager: Mounting plugin VisualStudioCodeSourceCodeAccess
LogPluginManager: Mounting plugin VisualStudioSourceCodeAccess
LogPluginManager: Mounting plugin XCodeSourceCodeAccess
LogPluginManager: Mounting plugin AssetManagerEditor
LogPluginManager: Mounting plugin CryptoKeys
LogPluginManager: Mounting plugin DataValidation
LogPluginManager: Mounting plugin FacialAnimation
LogPluginManager: Mounting plugin GameplayTagsEditor
LogPluginManager: Mounting plugin MacGraphicsSwitching
LogPluginManager: Mounting plugin MeshEditor
LogPluginManager: Mounting plugin MobileLauncherProfileWizard
LogPluginManager: Mounting plugin PluginBrowser
LogPluginManager: Mounting plugin SpeedTreeImporter
LogPluginManager: Mounting plugin DatasmithContent
LogPluginManager: Mounting plugin AlembicImporter
LogPluginManager: Mounting plugin AppleImageUtils
LogPluginManager: Mounting plugin AppleVision
LogPluginManager: Mounting plugin BackChannel
LogPluginManager: Mounting plugin CharacterAI
LogPluginManager: Mounting plugin GeometryCache
LogPluginManager: Mounting plugin HTML5Networking
LogPluginManager: Mounting plugin ProxyLODPlugin
LogPluginManager: Mounting plugin MagicLeap
LogPluginManager: Mounting plugin MagicLeapEmulator
LogPluginManager: Mounting plugin MagicLeapMedia
LogPluginManager: Mounting plugin AndroidMedia
LogPluginManager: Mounting plugin AvfMedia
LogPluginManager: Mounting plugin ImgMedia
LogPluginManager: Mounting plugin LinearTimecode
LogPluginManager: Mounting plugin MediaCompositing
LogPluginManager: Mounting plugin MediaPlayerEditor
LogPluginManager: Mounting plugin WmfMedia
LogPluginManager: Mounting plugin TcpMessaging
LogPluginManager: Mounting plugin UdpMessaging
LogPluginManager: Mounting plugin ActorSequence
LogPluginManager: Mounting plugin LevelSequenceEditor
LogPluginManager: Mounting plugin MatineeToLevelSequence
LogPluginManager: Mounting plugin NetcodeUnitTest
LogPluginManager: Mounting plugin NUTUnrealEngine4
LogPluginManager: Mounting plugin OnlineSubsystemGooglePlay
LogPluginManager: Mounting plugin OnlineSubsystemIOS
LogPluginManager: Mounting plugin OnlineSubsystem
LogPluginManager: Mounting plugin OnlineSubsystemNull
LogPluginManager: Mounting plugin OnlineSubsystemUtils
LogPluginManager: Mounting plugin LauncherChunkInstaller
LogPluginManager: Mounting plugin AndroidDeviceProfileSelector
LogPluginManager: Mounting plugin AndroidMoviePlayer
LogPluginManager: Mounting plugin AndroidPermission
LogPluginManager: Mounting plugin ApexDestruction
LogPluginManager: Mounting plugin AppleMoviePlayer
LogPluginManager: Mounting plugin ArchVisCharacter
LogPluginManager: Mounting plugin AudioCapture
LogPluginManager: Mounting plugin CableComponent
LogPluginManager: Mounting plugin CustomMeshComponent
LogPluginManager: Mounting plugin EditableMesh
LogPluginManager: Mounting plugin ExampleDeviceProfileSelector
LogPluginManager: Mounting plugin GoogleCloudMessaging
LogPluginManager: Mounting plugin ImmediatePhysics
LogPluginManager: Mounting plugin IOSDeviceProfileSelector
LogPluginManager: Mounting plugin LinuxDeviceProfileSelector
LogPluginManager: Mounting plugin LocationServicesBPLibrary
LogPluginManager: Mounting plugin MobilePatchingUtils
LogPluginManager: Mounting plugin OculusVR
LogPluginManager: Plugin shader directory ../../../Engine/Plugins/Runtime/Oculus/OculusVR/Shaders found
LogPluginManager: Mapping shader source directory ../../../Engine/Plugins/Runtime/Oculus/OculusVR/Shaders to virtual directory /Plugin/OculusVR
LogPluginManager: Mounting plugin PhysXVehicles
LogPluginManager: Mounting plugin ProceduralMeshComponent
LogPluginManager: Mounting plugin RuntimePhysXCooking
LogPluginManager: Mounting plugin SteamVR
LogPluginManager: Mounting plugin WindowsMoviePlayer
LogStreaming: Display: Took  0.192s to configure plugins.
LogInit: Using libcurl 7.55.1-DEV
LogInit:  - built for x86_64-pc-win32
LogInit:  - supports SSL with OpenSSL/1.0.2h
LogInit:  - supports HTTP deflate (compression) using libz 1.2.8
LogInit:  - other features:
LogInit:      CURL_VERSION_SSL
LogInit:      CURL_VERSION_LIBZ
LogInit:      CURL_VERSION_IPV6
LogInit:      CURL_VERSION_ASYNCHDNS
LogInit:      CURL_VERSION_LARGEFILE
LogInit:      CURL_VERSION_IDN
LogInit:  CurlRequestOptions (configurable via config and command line):
LogInit:  - bVerifyPeer = false  - Libcurl will NOT verify peer certificate
LogInit:  - bUseHttpProxy = false  - Libcurl will NOT use HTTP proxy
LogInit:  - bDontReuseConnections = false  - Libcurl will reuse connections
LogInit:  - CertBundlePath = nullptr  - Libcurl will use whatever was configured at build time.
LogInit:  - MaxHostConnections = 16  - Libcurl will limit the number of connections to a host
LogInit:  - LocalHostAddr = Default
LogInit:  - BufferSize = 65536
LogInit: WinSock: version 1.1 (2.2), MaxSocks=32767, MaxUdp=65467
LogInit: Build: ++UE4+Release-4.20-CL-4369336
LogInit: Engine Version: 4.20.3-4369336+++UE4+Release-4.20
LogInit: Compatible Engine Version: 4.20.0-4212847+++UE4+Release-4.20
LogInit: Net CL: 4212847
LogInit: OS: Windows 10 (), CPU:        Intel(R) Xeon(R) CPU E5-1620 0 @ 3.60GHz, GPU: NVIDIA GeForce GTX 660 Ti
LogInit: Compiled (64-bit): Sep 17 2018 12:26:19
LogInit: Compiled with Visual C++: 19.13.26129.00
LogInit: Build Configuration: Development
LogInit: Branch Name: ++UE4+Release-4.20
LogInit: Command Line:  /Game/StarterContent/Maps/Minimal_Default -game -PIEVIACONSOLE -ResX=1280 -ResY=720  -Multiprocess -messaging -SessionName="Play in Standalone Game" -windowed 
LogInit: Base Directory: C:/Epic/UE4/UE_4.20/Engine/Binaries/Win64/
LogInit: Installed Engine Build: 1
LogDevObjectVersion: Number of dev versions registered: 20
LogDevObjectVersion:   Dev-Blueprints (B0D832E4-1F89-4F0D-ACCF-7EB736FD4AA2): 10
LogDevObjectVersion:   Dev-Build (E1C64328-A22C-4D53-A36C-8E866417BD8C): 0
LogDevObjectVersion:   Dev-Core (375EC13C-06E4-48FB-B500-84F0262A717E): 2
LogDevObjectVersion:   Dev-Editor (E4B068ED-F494-42E9-A231-DA0B2E46BB41): 24
LogDevObjectVersion:   Dev-Framework (CFFC743F-43B0-4480-9391-14DF171D2073): 34
LogDevObjectVersion:   Dev-Mobile (B02B49B5-BB20-44E9-A304-32B752E40360): 2
LogDevObjectVersion:   Dev-Networking (A4E4105C-59A1-49B5-A7C5-40C4547EDFEE): 0
LogDevObjectVersion:   Dev-Online (39C831C9-5AE6-47DC-9A44-9C173E1C8E7C): 0
LogDevObjectVersion:   Dev-Physics (78F01B33-EBEA-4F98-B9B4-84EACCB95AA2): 0
LogDevObjectVersion:   Dev-Platform (6631380F-2D4D-43E0-8009-CF276956A95A): 0
LogDevObjectVersion:   Dev-Rendering (12F88B9F-8875-4AFC-A67C-D90C383ABD29): 26
LogDevObjectVersion:   Dev-Sequencer (7B5AE74C-D270-4C10-A958-57980B212A5A): 9
LogDevObjectVersion:   Dev-VR (D7296918-1DD6-4BDD-9DE2-64A83CC13884): 2
LogDevObjectVersion:   Dev-LoadTimes (C2A15278-BFE7-4AFE-6C17-90FF531DF755): 1
LogDevObjectVersion:   Private-Geometry (6EACA3D4-40EC-4CC1-B786-8BED09428FC5): 3
LogDevObjectVersion:   Dev-AnimPhys (29E575DD-E0A3-4627-9D10-D276232CDCEA): 17
LogDevObjectVersion:   Dev-ReflectionCapture (6B266CEC-1EC7-4B8F-A30B-E4D90942FC07): 1
LogDevObjectVersion:   Dev-Automation (0DF73D61-A23F-47EA-B727-89E90C41499A): 1
LogDevObjectVersion:   FortniteMain (601D1886-AC64-4F84-AA16-D3DE0DEAC7D6): 12
LogDevObjectVersion:   Dev-Enterprise (9DFFBCD6-494F-0158-E221-12823C92A888): 1
LogStreaming: Display: Took  0.010s to delete old logs.
LogInit: Presizing for max 8388607 objects, including 0 objects not considered by GC, pre-allocating 0 bytes for permanent pool.
LogInit: Object subsystem initialized
[2018.10.28-19.20.05:601][  0]LogInit: Selected Device Profile: [Windows]
[2018.10.28-19.20.05:602][  0]LogInit: Applying CVar settings loaded from the selected device profile: [Windows]
[2018.10.28-19.20.05:614][  0]LogHAL: Display: Platform has ~ 16 GB [17100050432 / 17179869184 / 16], which maps to Larger [LargestMinGB=32, LargerMinGB=12, DefaultMinGB=8, SmallerMinGB=6, SmallestMinGB=0)
[2018.10.28-19.20.05:615][  0]LogInit: Setting Device Profile CVar: [[r.Vulkan.UseRealUBs:1]]
[2018.10.28-19.20.05:615][  0]LogInit: Going up to parent DeviceProfile []
[2018.10.28-19.20.05:621][  0]LogInit: Computer: C108-34A
[2018.10.28-19.20.05:621][  0]LogInit: User: w017177h
[2018.10.28-19.20.05:621][  0]LogInit: CPU Page size=4096, Cores=4
[2018.10.28-19.20.05:621][  0]LogInit: High frequency timer resolution =3.507174 MHz
[2018.10.28-19.20.05:621][  0]LogMemory: Memory total: Physical=15.9GB (16GB approx)
[2018.10.28-19.20.05:621][  0]LogMemory: Platform Memory Stats for Windows
[2018.10.28-19.20.05:621][  0]LogMemory: Process Physical Memory: 101.07 MB used, 101.07 MB peak
[2018.10.28-19.20.05:621][  0]LogMemory: Process Virtual Memory: 93.02 MB used, 93.02 MB peak
[2018.10.28-19.20.05:621][  0]LogMemory: Physical Memory: 9567.13 MB used,  6740.75 MB free, 16307.88 MB total
[2018.10.28-19.20.05:621][  0]LogMemory: Virtual Memory: 4642.15 MB used,  6740.75 MB free, 134217728.00 MB total
[2018.10.28-19.20.05:662][  0]LogInit: Using OS detected language (en-US).
[2018.10.28-19.20.05:662][  0]LogInit: Using OS detected locale (en-GB).
[2018.10.28-19.20.05:664][  0]LogTextLocalizationManager: No specific localization for 'en-US' exists, so the 'en' localization will be used.
[2018.10.28-19.20.06:220][  0]LogStreaming: Display: Took  0.558s to InitEngineTextLocalization.
[2018.10.28-19.20.06:364][  0]LogSlate: New Slate User Created.  User Index 0, Is Virtual User: 0
[2018.10.28-19.20.06:364][  0]LogSlate: Slate User Registered.  User Index 0, Is Virtual User: 0
[2018.10.28-19.20.06:372][  0]LogHMD: Failed to initialize OpenVR with code 110
[2018.10.28-19.20.06:372][  0]LogD3D11RHI: D3D11 adapters:
[2018.10.28-19.20.06:474][  0]LogD3D11RHI:    0. 'NVIDIA GeForce GTX 660 Ti' (Feature Level 11_0)
[2018.10.28-19.20.06:474][  0]LogD3D11RHI:       1998/0/8153 MB DedicatedVideo/DedicatedSystem/SharedSystem, Outputs:2, VendorId:0x10de
[2018.10.28-19.20.06:477][  0]LogD3D11RHI:    1. 'Microsoft Basic Render Driver' (Feature Level 11_0)
[2018.10.28-19.20.06:477][  0]LogD3D11RHI:       0/0/8153 MB DedicatedVideo/DedicatedSystem/SharedSystem, Outputs:0, VendorId:0x1414
[2018.10.28-19.20.06:477][  0]LogD3D11RHI: Chosen D3D11 Adapter: 0
[2018.10.28-19.20.06:489][  0]LogD3D11RHI: Creating new Direct3DDevice
[2018.10.28-19.20.06:489][  0]LogD3D11RHI:     GPU DeviceId: 0x1183 (for the marketing name, search the web for "GPU Device Id")
[2018.10.28-19.20.06:489][  0]LogWindows: EnumDisplayDevices:
[2018.10.28-19.20.06:489][  0]LogWindows:    0. 'NVIDIA GeForce GTX 660 Ti' (P:1 D:1)
[2018.10.28-19.20.06:489][  0]LogWindows:    1. 'NVIDIA GeForce GTX 660 Ti' (P:0 D:1)
[2018.10.28-19.20.06:490][  0]LogWindows:    2. 'NVIDIA GeForce GTX 660 Ti' (P:0 D:0)
[2018.10.28-19.20.06:490][  0]LogWindows:    3. 'NVIDIA GeForce GTX 660 Ti' (P:0 D:0)
[2018.10.28-19.20.06:490][  0]LogWindows: DebugString: FoundDriverCount:4 
[2018.10.28-19.20.06:490][  0]LogD3D11RHI:     Adapter Name: NVIDIA GeForce GTX 660 Ti
[2018.10.28-19.20.06:490][  0]LogD3D11RHI:   Driver Version: 399.24 (internal:24.21.13.9924, unified:399.24)
[2018.10.28-19.20.06:490][  0]LogD3D11RHI:      Driver Date: 9-5-2018
[2018.10.28-19.20.06:490][  0]LogRHI: Texture pool is 1398 MB (70% of 1998 MB)
[2018.10.28-19.20.06:557][  0]LogD3D11RHI: Async texture creation enabled
[2018.10.28-19.20.06:576][  0]LogD3D11RHI: GPU Timing Frequency: 1000.000000 (Debug: 2 2)
[2018.10.28-19.20.06:580][  0]LogShaderCompilers: Guid format shader working directory is -20 characters bigger than the processId version (../../../../../../Users/w017177h/Documents/GitHub/SpideyCPP/SideyCPP/Intermediate/Shaders/WorkingDirectory/18460/).
[2018.10.28-19.20.06:581][  0]LogShaderCompilers: Cleaned the shader compiler working directory 'C:/Users/w017177h/AppData/Local/Temp/UnrealShaderWorkingDir/7E26F0AB44FA31EE65F38C97BCC35706/'.
[2018.10.28-19.20.07:138][  0]LogTemp: Display: Loaded TP WindowsClientTargetPlatform
[2018.10.28-19.20.07:157][  0]LogTemp: Display: Loaded TP WindowsNoEditorTargetPlatform
[2018.10.28-19.20.07:176][  0]LogTemp: Display: Loaded TP WindowsServerTargetPlatform
[2018.10.28-19.20.07:197][  0]LogTemp: Display: Loaded TP WindowsTargetPlatform
[2018.10.28-19.20.07:198][  0]LogTargetPlatformManager: Display: Building Assets For Windows
[2018.10.28-19.20.07:344][  0]LogXGEController: Cannot use XGE Controller as Incredibuild is not installed on this machine.
[2018.10.28-19.20.07:345][  0]LogShaderCompilers: Cannot use XGE Shader Compiler as Incredibuild is not installed on this machine.
[2018.10.28-19.20.07:345][  0]LogShaderCompilers: Display: Using Local Shader Compiler.
[2018.10.28-19.20.09:761][  0]LogDerivedDataCache: Display: Max Cache Size: 512 MB
[2018.10.28-19.20.09:874][  0]LogDerivedDataCache: Loaded boot cache 0.11s 71MB C:/Users/w017177h/AppData/Local/UnrealEngine/4.20/DerivedDataCache/Boot.ddc.
[2018.10.28-19.20.09:874][  0]LogDerivedDataCache: Display: Loaded Boot cache: C:/Users/w017177h/AppData/Local/UnrealEngine/4.20/DerivedDataCache/Boot.ddc
[2018.10.28-19.20.09:875][  0]LogDerivedDataCache: FDerivedDataBackendGraph:  Pak pak cache file ../../../../../../Users/w017177h/Documents/GitHub/SpideyCPP/SideyCPP/DerivedDataCache/DDC.ddp not found, will not use a pak cache.
[2018.10.28-19.20.09:875][  0]LogDerivedDataCache: Unable to find inner node Pak for hierarchical cache Hierarchy.
[2018.10.28-19.20.09:875][  0]LogDerivedDataCache: FDerivedDataBackendGraph:  CompressedPak pak cache file ../../../../../../Users/w017177h/Documents/GitHub/SpideyCPP/SideyCPP/DerivedDataCache/Compressed.ddp not found, will not use a pak cache.
[2018.10.28-19.20.09:875][  0]LogDerivedDataCache: Unable to find inner node CompressedPak for hierarchical cache Hierarchy.
[2018.10.28-19.20.09:889][  0]LogDerivedDataCache: Display: Pak cache opened for reading ../../../Engine/DerivedDataCache/Compressed.ddp.
[2018.10.28-19.20.09:903][  0]LogDerivedDataCache: Using Local data cache path C:/Users/w017177h/AppData/Local/UnrealEngine/Common/DerivedDataCache: Writable
[2018.10.28-19.20.09:903][  0]LogDerivedDataCache: Shared data cache path not found in *engine.ini, will not use an Shared cache.
[2018.10.28-19.20.09:903][  0]LogDerivedDataCache: Unable to find inner node Shared for hierarchical cache Hierarchy.
[2018.10.28-19.20.09:924][  0]LogMaterial: Verifying Global Shaders for PCD3D_SM5
[2018.10.28-19.20.09:926][  0]LogSlate: Using FreeType 2.6.0
[2018.10.28-19.20.09:951][  0]LogSlate: SlateFontServices - WITH_FREETYPE: 1, WITH_HARFBUZZ: 1
[2018.10.28-19.20.10:225][  0]LogInit: Using OS detected language (en-US).
[2018.10.28-19.20.10:225][  0]LogInit: Using OS detected locale (en-GB).
[2018.10.28-19.20.10:225][  0]LogTextLocalizationManager: No localization for 'en-US' exists, so 'en' will be used for the language.
[2018.10.28-19.20.10:225][  0]LogTextLocalizationManager: No localization for 'en-GB' exists, so 'en' will be used for the locale.
[2018.10.28-19.20.10:655][  0]LogStreaming: Display: Took  0.431s to InitGameTextLocalization.
[2018.10.28-19.20.10:684][  0]LogAssetRegistry: FAssetRegistry took 0.0231 seconds to start up
[2018.10.28-19.20.11:004][  0]LogPackageLocalizationCache: Processed 11 localized package path(s) for 1 prioritized culture(s) in 0.022354 seconds
[2018.10.28-19.20.11:228][  0]LogInit: Selected Device Profile: [Windows]
[2018.10.28-19.20.11:424][  0]LogSimplygon: Simplygon DLL not present - disabling.
[2018.10.28-19.20.11:432][  0]LogMeshReduction: Using SimplygonSwarm for distributed automatic mesh merging
[2018.10.28-19.20.11:432][  0]LogMeshReduction: Using ProxyLODMeshReduction for automatic mesh merging
[2018.10.28-19.20.11:433][  0]LogMeshReduction: Using QuadricMeshReduction for automatic static mesh reduction
[2018.10.28-19.20.11:433][  0]LogMeshReduction: No automatic skeletal mesh reduction module available
[2018.10.28-19.20.11:484][  0]LogNetVersion: SideyCPP 1.0.0, NetCL: 4212847, EngineNetVer: 5, GameNetVer: 0 (Checksum: 583984258)
[2018.10.28-19.20.12:302][  0]LogMoviePlayer: Initializing movie player
[2018.10.28-19.20.12:581][  0]LogTcpMessaging: Initializing TcpMessaging bridge
[2018.10.28-19.20.12:594][  0]LogUdpMessaging: Initializing bridge on interface 0.0.0.0:0 to multicast group 230.0.0.1:6666.
[2018.10.28-19.20.12:698][  0]LogCollectionManager: Loaded 0 collections in 0.005342 seconds
[2018.10.28-19.20.12:740][  0]LogFileCache: Scanning file cache for directory 'C:/Users/w017177h/Documents/GitHub/SpideyCPP/SideyCPP/Saved/Collections/' took 0.01s
[2018.10.28-19.20.12:740][  0]LogFileCache: Scanning file cache for directory 'C:/Users/w017177h/Documents/GitHub/SpideyCPP/SideyCPP/Content/Developers/w017177h/Collections/' took 0.01s
[2018.10.28-19.20.12:740][  0]LogCollectionManager: Rebuilt the object cache for 0 collections in 0.000001 seconds (found 0 objects)
[2018.10.28-19.20.12:740][  0]LogFileCache: Scanning file cache for directory 'C:/Users/w017177h/Documents/GitHub/SpideyCPP/SideyCPP/Content/Collections/' took 0.01s
[2018.10.28-19.20.12:740][  0]LogCollectionManager: Fixed up redirectors for 0 collections in 0.000096 seconds (updated 0 objects)
[2018.10.28-19.20.12:807][  0]SourceControl: Source control is disabled
[2018.10.28-19.20.12:808][  0]SourceControl: Source control is disabled
[2018.10.28-19.20.12:809][  0]SourceControl: Source control is disabled
[2018.10.28-19.20.12:969][  0]LogAndroidPermission: UAndroidPermissionCallbackProxy::GetInstance
[2018.10.28-19.20.13:045][  0]LogOcInput: OculusInput pre-init called
[2018.10.28-19.20.13:067][  0]LogUObjectArray: 42351 objects as part of root set at end of initial load.
[2018.10.28-19.20.13:068][  0]LogUObjectAllocator: 7484472 out of 0 bytes used by permanent object pool.
[2018.10.28-19.20.13:068][  0]LogUObjectArray: CloseDisregardForGC: 0/0 objects in disregard for GC pool
[2018.10.28-19.20.13:178][  0]LogEngine: Initializing Engine...
[2018.10.28-19.20.13:179][  0]LogHMD: Failed to initialize OpenVR with code 110
[2018.10.28-19.20.13:208][  0]LogStats: UGameplayTagsManager::ConstructGameplayTagTree: ImportINI prefixes -  0.000 s
[2018.10.28-19.20.13:208][  0]LogStats: UGameplayTagsManager::ConstructGameplayTagTree: Construct from data asset -  0.000 s
[2018.10.28-19.20.13:208][  0]LogStats: UGameplayTagsManager::ConstructGameplayTagTree: ImportINI -  0.000 s
[2018.10.28-19.20.13:208][  0]LogStats: UGameplayTagsManager::ConstructGameplayTagTree: GameplayTagTreeChangedEvent.Broadcast -  0.000 s
[2018.10.28-19.20.13:417][  0]LogInit: Initializing FReadOnlyCVARCache
[2018.10.28-19.20.13:433][  0]LogInit: XAudio2 using 'Speakers (Realtek High Definition Audio)' : 2 channels at 48 kHz using 32 bits per sample (channel mask 0x3)
[2018.10.28-19.20.13:493][  0]LogInit: FAudioDevice initialized.
[2018.10.28-19.20.13:505][  0]LogNetVersion: Set ProjectVersion to 1.0.0.0. Version Checksum will be recalculated on next use.
[2018.10.28-19.20.13:518][  0]LogInit: Texture streaming: Enabled
[2018.10.28-19.20.13:706][  0]LogSlate: Updating window title bar state: overlay mode, drag disabled, window buttons hidden, title bar hidden
[2018.10.28-19.20.13:706][  0]LogInit: Display: Game Engine Initialized.
[2018.10.28-19.20.13:706][  0]LogGameplayTags: Display: UGameplayTagsManager::DoneAddingNativeTags. DelegateIsBound: 0
[2018.10.28-19.20.13:706][  0]LogStats: UGameplayTagsManager::ConstructGameplayTagTree: ImportINI prefixes -  0.000 s
[2018.10.28-19.20.13:706][  0]LogStats: UGameplayTagsManager::ConstructGameplayTagTree: Construct from data asset -  0.000 s
[2018.10.28-19.20.13:707][  0]LogStats: UGameplayTagsManager::ConstructGameplayTagTree: ImportINI -  0.000 s
[2018.10.28-19.20.13:707][  0]LogStats: UGameplayTagsManager::ConstructGameplayTagTree: GameplayTagTreeChangedEvent.Broadcast -  0.000 s
[2018.10.28-19.20.13:768][  0]LogInit: Display: Starting Game.
[2018.10.28-19.20.13:768][  0]LogNet: Browse: /Game/StarterContent/Maps/Minimal_Default?Name=Player
[2018.10.28-19.20.13:768][  0]LogLoad: LoadMap: /Game/StarterContent/Maps/Minimal_Default?Name=Player
[2018.10.28-19.20.17:273][  0]LogAIModule: Creating AISystem for world Minimal_Default
[2018.10.28-19.20.17:687][  0]LogLoad: Game class is 'MySideyCPPGameModeBase_C'
[2018.10.28-19.20.21:096][  0]LogWorld: Bringing World /Game/StarterContent/Maps/Minimal_Default.Minimal_Default up for play (max tick rate 0) at 2018.10.28-19.20.21
[2018.10.28-19.20.21:168][  0]LogWorld: Bringing up level for play took: 3.478814
[2018.10.28-19.20.21:226][  0]LogLoad: Took 7.457430 seconds to LoadMap(/Game/StarterContent/Maps/Minimal_Default)
[2018.10.28-19.20.21:329][  0]LogRenderer: Reallocating scene render targets to support 1280x720 Format 10 NumSamples 1 (Frame:1).
[2018.10.28-19.20.21:329][  0]LogLoad: (Engine Initialization) Total time: 19.66 seconds
[2018.10.28-19.20.21:329][  0]LogLoad: (Engine Initialization) Total Blueprint compile time: 0.00 seconds
[2018.10.28-19.20.21:421][  0]LogContentStreaming: Texture pool size now 1000 MB
[2018.10.28-19.24.39:622][ 90]LogSlate: Window 'SideyCPP (64-bit Development PCD3D_SM5) ' being destroyed
[2018.10.28-19.24.39:622][ 90]LogWindowsTextInputMethodSystem: Display: IME system now deactivated.
[2018.10.28-19.24.39:624][ 90]LogSlate: Updating window title bar state: overlay mode, drag disabled, window buttons hidden, title bar hidden
[2018.10.28-19.24.39:624][ 90]LogEngine: All Windows Closed
[2018.10.28-19.24.39:624][ 90]LogWindows: FPlatformMisc::RequestExit(0)
[2018.10.28-19.24.41:328][ 91]LogExit: Preparing to exit.
[2018.10.28-19.24.41:328][ 91]LogMoviePlayer: Shutting down movie player
[2018.10.28-19.24.41:764][ 91]LogSlate: Updating window title bar state: overlay mode, drag disabled, window buttons hidden, title bar hidden
[2018.10.28-19.24.41:829][ 91]LogExit: Game engine shut down
[2018.10.28-19.24.42:421][ 91]LogExit: Object subsystem successfully closed.
[2018.10.28-19.24.42:435][ 91]LogShaderCompilers: Display: Shaders left to compile 0
[2018.10.28-19.24.42:438][ 91]LogD3D11RHI: Shutdown
[2018.10.28-19.24.42:439][ 91]LogD3D11RHI: CleanupD3DDevice
[2018.10.28-19.24.42:440][ 91]LogD3D11RHI: ~FD3D11DynamicRHI
[2018.10.28-19.24.42:471][ 91]LogModuleManager: Shutting down and abandoning module SequenceRecorderSections (386)
[2018.10.28-19.24.42:471][ 91]LogModuleManager: Shutting down and abandoning module SequenceRecorder (384)
[2018.10.28-19.24.42:471][ 91]LogModuleManager: Shutting down and abandoning module AutomationController (382)
[2018.10.28-19.24.42:471][ 91]LogModuleManager: Shutting down and abandoning module AutomationWorker (380)
[2018.10.28-19.24.42:471][ 91]LogModuleManager: Shutting down and abandoning module Voice (378)
[2018.10.28-19.24.42:471][ 91]LogModuleManager: Shutting down and abandoning module AIModule (376)
[2018.10.28-19.24.42:471][ 91]LogModuleManager: Shutting down and abandoning module GameplayDebugger (375)
[2018.10.28-19.24.42:471][ 91]LogModuleManager: Shutting down and abandoning module AITestSuite (373)
[2018.10.28-19.24.42:471][ 91]LogModuleManager: Shutting down and abandoning module NavigationSystem (371)
[2018.10.28-19.24.42:472][ 91]LogModuleManager: Shutting down and abandoning module WmfMediaFactory (368)
[2018.10.28-19.24.42:472][ 91]LogModuleManager: Shutting down and abandoning module OpenExrWrapper (366)
[2018.10.28-19.24.42:472][ 91]LogModuleManager: Shutting down and abandoning module ImgMediaFactory (364)
[2018.10.28-19.24.42:472][ 91]LogModuleManager: Shutting down and abandoning module AvfMediaFactory (362)
[2018.10.28-19.24.42:472][ 91]LogModuleManager: Shutting down and abandoning module MagicLeapCameraPreviewFactory (360)
[2018.10.28-19.24.42:472][ 91]LogModuleManager: Shutting down and abandoning module MagicLeapMediaFactory (358)
[2018.10.28-19.24.42:472][ 91]LogModuleManager: Shutting down and abandoning module CharacterAI (356)
[2018.10.28-19.24.42:472][ 91]LogModuleManager: Shutting down and abandoning module SessionServices (354)
[2018.10.28-19.24.42:472][ 91]LogModuleManager: Shutting down and abandoning module MovieSceneCapture (352)
[2018.10.28-19.24.42:472][ 91]LogModuleManager: Shutting down and abandoning module MovieSceneTracks (350)
[2018.10.28-19.24.42:472][ 91]LogModuleManager: Shutting down and abandoning module MovieScene (348)
[2018.10.28-19.24.42:472][ 91]LogModuleManager: Shutting down and abandoning module StreamingPauseRendering (346)
[2018.10.28-19.24.42:472][ 91]LogModuleManager: Shutting down and abandoning module PortalServices (344)
[2018.10.28-19.24.42:472][ 91]LogModuleManager: Shutting down and abandoning module PortalRpc (342)
[2018.10.28-19.24.42:472][ 91]LogModuleManager: Shutting down and abandoning module MessagingRpc (340)
[2018.10.28-19.24.42:472][ 91]LogModuleManager: Shutting down and abandoning module ProfilerService (338)
