Log file open, 10/24/18 23:48:18
LogWindows: Failed to load 'aqProf.dll' (GetLastError=126)
LogWindows: File 'aqProf.dll' does not exist
LogWindows: Failed to load 'VSPerf140.dll' (GetLastError=126)
LogWindows: File 'VSPerf140.dll' does not exist
LogWindows: Failed to load 'VtuneApi.dll' (GetLastError=126)
LogWindows: File 'VtuneApi.dll' does not exist
LogWindows: Failed to load 'VtuneApi32e.dll' (GetLastError=126)
LogWindows: File 'VtuneApi32e.dll' does not exist
LogInit: Display: Running engine for game: SideyCPP
LogPlatformFile: Not using cached read wrapper
LogTaskGraph: Started task graph with 5 named threads and 23 total threads with 3 sets of task threads.
LogStats: Stats thread started at 0.399860
LogD3D11RHI: Loaded GFSDK_Aftermath_Lib.x64.dll
LogICUInternationalization: Display: ICU TimeZone Detection - Raw Offset: +0:00, Platform Override: ''
LogPluginManager: Mounting plugin Paper2D
LogPluginManager: Mounting plugin AISupport
LogPluginManager: Mounting plugin LightPropagationVolume
LogPluginManager: Mounting plugin CLionSourceCodeAccess
LogPluginManager: Mounting plugin CodeLiteSourceCodeAccess
LogPluginManager: Mounting plugin GitSourceControl
LogPluginManager: Mounting plugin KDevelopSourceCodeAccess
LogPluginManager: Mounting plugin NullSourceCodeAccess
LogPluginManager: Mounting plugin PerforceSourceControl
LogPluginManager: Mounting plugin SubversionSourceControl
LogPluginManager: Mounting plugin UObjectPlugin
LogPluginManager: Mounting plugin VisualStudioCodeSourceCodeAccess
LogPluginManager: Mounting plugin VisualStudioSourceCodeAccess
LogPluginManager: Mounting plugin XCodeSourceCodeAccess
LogPluginManager: Mounting plugin AssetManagerEditor
LogPluginManager: Mounting plugin CryptoKeys
LogPluginManager: Mounting plugin DataValidation
LogPluginManager: Mounting plugin FacialAnimation
LogPluginManager: Mounting plugin GameplayTagsEditor
LogPluginManager: Mounting plugin MacGraphicsSwitching
LogPluginManager: Mounting plugin MeshEditor
LogPluginManager: Mounting plugin MobileLauncherProfileWizard
LogPluginManager: Mounting plugin PluginBrowser
LogPluginManager: Mounting plugin SpeedTreeImporter
LogPluginManager: Mounting plugin DatasmithContent
LogPluginManager: Mounting plugin AlembicImporter
LogPluginManager: Mounting plugin AppleImageUtils
LogPluginManager: Mounting plugin AppleVision
LogPluginManager: Mounting plugin BackChannel
LogPluginManager: Mounting plugin CharacterAI
LogPluginManager: Mounting plugin GeometryCache
LogPluginManager: Mounting plugin HTML5Networking
LogPluginManager: Mounting plugin ProxyLODPlugin
LogPluginManager: Mounting plugin MagicLeap
LogPluginManager: Mounting plugin MagicLeapEmulator
LogPluginManager: Mounting plugin MagicLeapMedia
LogPluginManager: Mounting plugin AndroidMedia
LogPluginManager: Mounting plugin AvfMedia
LogPluginManager: Mounting plugin ImgMedia
LogPluginManager: Mounting plugin LinearTimecode
LogPluginManager: Mounting plugin MediaCompositing
LogPluginManager: Mounting plugin MediaPlayerEditor
LogPluginManager: Mounting plugin WmfMedia
LogPluginManager: Mounting plugin TcpMessaging
LogPluginManager: Mounting plugin UdpMessaging
LogPluginManager: Mounting plugin ActorSequence
LogPluginManager: Mounting plugin LevelSequenceEditor
LogPluginManager: Mounting plugin MatineeToLevelSequence
LogPluginManager: Mounting plugin NetcodeUnitTest
LogPluginManager: Mounting plugin NUTUnrealEngine4
LogPluginManager: Mounting plugin OnlineSubsystemGooglePlay
LogPluginManager: Mounting plugin OnlineSubsystemIOS
LogPluginManager: Mounting plugin OnlineSubsystem
LogPluginManager: Mounting plugin OnlineSubsystemNull
LogPluginManager: Mounting plugin OnlineSubsystemUtils
LogPluginManager: Mounting plugin LauncherChunkInstaller
LogPluginManager: Mounting plugin AndroidDeviceProfileSelector
LogPluginManager: Mounting plugin AndroidMoviePlayer
LogPluginManager: Mounting plugin AndroidPermission
LogPluginManager: Mounting plugin AppleMoviePlayer
LogPluginManager: Mounting plugin ArchVisCharacter
LogPluginManager: Mounting plugin AudioCapture
LogPluginManager: Mounting plugin CableComponent
LogPluginManager: Mounting plugin CustomMeshComponent
LogPluginManager: Mounting plugin EditableMesh
LogPluginManager: Mounting plugin ExampleDeviceProfileSelector
LogPluginManager: Mounting plugin GoogleCloudMessaging
LogPluginManager: Mounting plugin ImmediatePhysics
LogPluginManager: Mounting plugin IOSDeviceProfileSelector
LogPluginManager: Mounting plugin LinuxDeviceProfileSelector
LogPluginManager: Mounting plugin LocationServicesBPLibrary
LogPluginManager: Mounting plugin MobilePatchingUtils
LogPluginManager: Mounting plugin OculusVR
LogPluginManager: Plugin shader directory ../../../Engine/Plugins/Runtime/Oculus/OculusVR/Shaders found
LogPluginManager: Mapping shader source directory ../../../Engine/Plugins/Runtime/Oculus/OculusVR/Shaders to virtual directory /Plugin/OculusVR
LogPluginManager: Mounting plugin PhysXVehicles
LogPluginManager: Mounting plugin ProceduralMeshComponent
LogPluginManager: Mounting plugin RuntimePhysXCooking
LogPluginManager: Mounting plugin SteamVR
LogPluginManager: Mounting plugin WindowsMoviePlayer
LogStreaming: Display: Took  0.244s to configure plugins.
LogInit: Using libcurl 7.55.1-DEV
LogInit:  - built for x86_64-pc-win32
LogInit:  - supports SSL with OpenSSL/1.0.2h
LogInit:  - supports HTTP deflate (compression) using libz 1.2.8
LogInit:  - other features:
LogInit:      CURL_VERSION_SSL
LogInit:      CURL_VERSION_LIBZ
LogInit:      CURL_VERSION_IPV6
LogInit:      CURL_VERSION_ASYNCHDNS
LogInit:      CURL_VERSION_LARGEFILE
LogInit:      CURL_VERSION_IDN
LogInit:  CurlRequestOptions (configurable via config and command line):
LogInit:  - bVerifyPeer = false  - Libcurl will NOT verify peer certificate
LogInit:  - bUseHttpProxy = false  - Libcurl will NOT use HTTP proxy
LogInit:  - bDontReuseConnections = false  - Libcurl will reuse connections
LogInit:  - CertBundlePath = nullptr  - Libcurl will use whatever was configured at build time.
LogInit:  - MaxHostConnections = 16  - Libcurl will limit the number of connections to a host
LogInit:  - LocalHostAddr = Default
LogInit:  - BufferSize = 65536
LogInit: WinSock: version 1.1 (2.2), MaxSocks=32767, MaxUdp=65467
LogInit: Build: ++UE4+Release-4.20-CL-4369336
LogInit: Engine Version: 4.20.3-4369336+++UE4+Release-4.20
LogInit: Compatible Engine Version: 4.20.0-4212847+++UE4+Release-4.20
LogInit: Net CL: 4212847
LogInit: OS: Windows 10 (), CPU: Intel(R) Core(TM) i7-6700K CPU @ 4.00GHz, GPU: NVIDIA GeForce GTX 1060 6GB
LogInit: Compiled (64-bit): Sep 17 2018 12:26:19
LogInit: Compiled with Visual C++: 19.13.26129.00
LogInit: Build Configuration: Development
LogInit: Branch Name: ++UE4+Release-4.20
LogInit: Command Line:  -skipcompile
LogInit: Base Directory: D:/Program Files/Epic Games/UE_4.20/Engine/Binaries/Win64/
LogInit: Installed Engine Build: 1
LogDevObjectVersion: Number of dev versions registered: 20
LogDevObjectVersion:   Dev-Blueprints (B0D832E4-1F89-4F0D-ACCF-7EB736FD4AA2): 10
LogDevObjectVersion:   Dev-Build (E1C64328-A22C-4D53-A36C-8E866417BD8C): 0
LogDevObjectVersion:   Dev-Core (375EC13C-06E4-48FB-B500-84F0262A717E): 2
LogDevObjectVersion:   Dev-Editor (E4B068ED-F494-42E9-A231-DA0B2E46BB41): 24
LogDevObjectVersion:   Dev-Framework (CFFC743F-43B0-4480-9391-14DF171D2073): 34
LogDevObjectVersion:   Dev-Mobile (B02B49B5-BB20-44E9-A304-32B752E40360): 2
LogDevObjectVersion:   Dev-Networking (A4E4105C-59A1-49B5-A7C5-40C4547EDFEE): 0
LogDevObjectVersion:   Dev-Online (39C831C9-5AE6-47DC-9A44-9C173E1C8E7C): 0
LogDevObjectVersion:   Dev-Physics (78F01B33-EBEA-4F98-B9B4-84EACCB95AA2): 0
LogDevObjectVersion:   Dev-Platform (6631380F-2D4D-43E0-8009-CF276956A95A): 0
LogDevObjectVersion:   Dev-Rendering (12F88B9F-8875-4AFC-A67C-D90C383ABD29): 26
LogDevObjectVersion:   Dev-Sequencer (7B5AE74C-D270-4C10-A958-57980B212A5A): 9
LogDevObjectVersion:   Dev-VR (D7296918-1DD6-4BDD-9DE2-64A83CC13884): 2
LogDevObjectVersion:   Dev-LoadTimes (C2A15278-BFE7-4AFE-6C17-90FF531DF755): 1
LogDevObjectVersion:   Private-Geometry (6EACA3D4-40EC-4CC1-B786-8BED09428FC5): 3
LogDevObjectVersion:   Dev-AnimPhys (29E575DD-E0A3-4627-9D10-D276232CDCEA): 17
LogDevObjectVersion:   Dev-ReflectionCapture (6B266CEC-1EC7-4B8F-A30B-E4D90942FC07): 1
LogDevObjectVersion:   Dev-Automation (0DF73D61-A23F-47EA-B727-89E90C41499A): 1
LogDevObjectVersion:   FortniteMain (601D1886-AC64-4F84-AA16-D3DE0DEAC7D6): 12
LogDevObjectVersion:   Dev-Enterprise (9DFFBCD6-494F-0158-E221-12823C92A888): 1
LogStreaming: Display: Took  0.013s to delete old logs.
LogInit: Presizing for max 8388607 objects, including 0 objects not considered by GC, pre-allocating 0 bytes for permanent pool.
LogInit: Object subsystem initialized
[2018.10.24-22.48.19:034][  0]LogInit: Selected Device Profile: [Windows]
[2018.10.24-22.48.19:035][  0]LogInit: Applying CVar settings loaded from the selected device profile: [Windows]
[2018.10.24-22.48.19:046][  0]LogHAL: Display: Platform has ~ 16 GB [17126547456 / 17179869184 / 16], which maps to Larger [LargestMinGB=32, LargerMinGB=12, DefaultMinGB=8, SmallerMinGB=6, SmallestMinGB=0)
[2018.10.24-22.48.19:046][  0]LogInit: Setting Device Profile CVar: [[r.Vulkan.UseRealUBs:1]]
[2018.10.24-22.48.19:046][  0]LogInit: Going up to parent DeviceProfile []
[2018.10.24-22.48.19:047][  0]LogInit: Computer: EDWARD
[2018.10.24-22.48.19:047][  0]LogInit: User: John
[2018.10.24-22.48.19:047][  0]LogInit: CPU Page size=4096, Cores=4
[2018.10.24-22.48.19:047][  0]LogInit: High frequency timer resolution =3.914065 MHz
[2018.10.24-22.48.19:047][  0]LogMemory: Memory total: Physical=16.0GB (16GB approx)
[2018.10.24-22.48.19:047][  0]LogMemory: Platform Memory Stats for Windows
[2018.10.24-22.48.19:047][  0]LogMemory: Process Physical Memory: 101.16 MB used, 101.16 MB peak
[2018.10.24-22.48.19:048][  0]LogMemory: Process Virtual Memory: 89.91 MB used, 89.91 MB peak
[2018.10.24-22.48.19:048][  0]LogMemory: Physical Memory: 7004.54 MB used,  9328.61 MB free, 16333.15 MB total
[2018.10.24-22.48.19:048][  0]LogMemory: Virtual Memory: 4638.52 MB used,  9328.61 MB free, 134217728.00 MB total
[2018.10.24-22.48.19:175][  0]LogInit: Using OS detected language (en-US).
[2018.10.24-22.48.19:175][  0]LogInit: Using OS detected locale (en-US).
[2018.10.24-22.48.19:176][  0]LogTextLocalizationManager: No specific localization for 'en-US' exists, so the 'en' localization will be used.
[2018.10.24-22.48.19:480][  0]LogStreaming: Display: Took  0.306s to InitEngineTextLocalization.
[2018.10.24-22.48.19:481][  0]LogInit: Setting process to per monitor DPI aware
[2018.10.24-22.48.19:537][  0]LogSlate: New Slate User Created.  User Index 0, Is Virtual User: 0
[2018.10.24-22.48.19:537][  0]LogSlate: Slate User Registered.  User Index 0, Is Virtual User: 0
[2018.10.24-22.48.19:793][  0]LogHMD: Failed to initialize OpenVR with code 102
[2018.10.24-22.48.19:793][  0]LogD3D11RHI: D3D11 adapters:
[2018.10.24-22.48.19:859][  0]LogD3D11RHI:    0. 'NVIDIA GeForce GTX 1060 6GB' (Feature Level 11_0)
[2018.10.24-22.48.19:859][  0]LogD3D11RHI:       6061/0/8166 MB DedicatedVideo/DedicatedSystem/SharedSystem, Outputs:1, VendorId:0x10de
[2018.10.24-22.48.19:864][  0]LogD3D11RHI:    1. 'Microsoft Basic Render Driver' (Feature Level 11_0)
[2018.10.24-22.48.19:865][  0]LogD3D11RHI:       0/0/8166 MB DedicatedVideo/DedicatedSystem/SharedSystem, Outputs:0, VendorId:0x1414
[2018.10.24-22.48.19:865][  0]LogD3D11RHI: Chosen D3D11 Adapter: 0
[2018.10.24-22.48.19:871][  0]LogD3D11RHI: Creating new Direct3DDevice
[2018.10.24-22.48.19:871][  0]LogD3D11RHI:     GPU DeviceId: 0x1c03 (for the marketing name, search the web for "GPU Device Id")
[2018.10.24-22.48.19:871][  0]LogWindows: EnumDisplayDevices:
[2018.10.24-22.48.19:871][  0]LogWindows:    0. 'NVIDIA GeForce GTX 1060 6GB' (P:1 D:1)
[2018.10.24-22.48.19:872][  0]LogWindows:    1. 'NVIDIA GeForce GTX 1060 6GB' (P:0 D:0)
[2018.10.24-22.48.19:872][  0]LogWindows:    2. 'NVIDIA GeForce GTX 1060 6GB' (P:0 D:0)
[2018.10.24-22.48.19:873][  0]LogWindows:    3. 'NVIDIA GeForce GTX 1060 6GB' (P:0 D:0)
[2018.10.24-22.48.19:873][  0]LogWindows: DebugString: FoundDriverCount:4 
[2018.10.24-22.48.19:873][  0]LogD3D11RHI:     Adapter Name: NVIDIA GeForce GTX 1060 6GB
[2018.10.24-22.48.19:873][  0]LogD3D11RHI:   Driver Version: 388.13 (internal:23.21.13.8813, unified:388.13)
[2018.10.24-22.48.19:873][  0]LogD3D11RHI:      Driver Date: 10-27-2017
[2018.10.24-22.48.19:873][  0]LogRHI: Texture pool is 4242 MB (70% of 6061 MB)
[2018.10.24-22.48.19:903][  0]LogD3D11RHI: Async texture creation enabled
[2018.10.24-22.48.19:919][  0]LogD3D11RHI: GPU Timing Frequency: 1000.000000 (Debug: 2 1)
[2018.10.24-22.48.19:968][  0]LogShaderCompilers: Guid format shader working directory is 5 characters bigger than the processId version (../../../../../../Git/SpideyCPP/SideyCPP/Intermediate/Shaders/WorkingDirectory/7260/).
[2018.10.24-22.48.19:969][  0]LogShaderCompilers: Cleaned the shader compiler working directory 'C:/Users/John/AppData/Local/Temp/UnrealShaderWorkingDir/F4B0F4EE4FEE34E277E4DE9516C675B4/'.
[2018.10.24-22.48.20:249][  0]LogTemp: Display: Loaded TP AllDesktopTargetPlatform
[2018.10.24-22.48.20:269][  0]LogTemp: Display: Loaded TP MacClientTargetPlatform
[2018.10.24-22.48.20:287][  0]LogTemp: Display: Loaded TP MacNoEditorTargetPlatform
[2018.10.24-22.48.20:305][  0]LogTemp: Display: Loaded TP MacServerTargetPlatform
[2018.10.24-22.48.20:326][  0]LogTemp: Display: Loaded TP MacTargetPlatform
[2018.10.24-22.48.20:345][  0]LogTemp: Display: Loaded TP WindowsClientTargetPlatform
[2018.10.24-22.48.20:365][  0]LogTemp: Display: Loaded TP WindowsNoEditorTargetPlatform
[2018.10.24-22.48.20:385][  0]LogTemp: Display: Loaded TP WindowsServerTargetPlatform
[2018.10.24-22.48.20:403][  0]LogTemp: Display: Loaded TP WindowsTargetPlatform
[2018.10.24-22.48.20:496][  0]LogTemp: Display: Loaded TP AndroidTargetPlatform
[2018.10.24-22.48.20:496][  0]LogTemp: Display: Loaded TP AndroidTargetPlatform
[2018.10.24-22.48.20:496][  0]LogTemp: Display: Loaded TP AndroidTargetPlatform
[2018.10.24-22.48.20:496][  0]LogTemp: Display: Loaded TP AndroidTargetPlatform
[2018.10.24-22.48.20:496][  0]LogTemp: Display: Loaded TP AndroidTargetPlatform
[2018.10.24-22.48.20:496][  0]LogTemp: Display: Loaded TP AndroidTargetPlatform
[2018.10.24-22.48.20:496][  0]LogTemp: Display: Loaded TP AndroidTargetPlatform
[2018.10.24-22.48.20:496][  0]LogTemp: Display: Loaded TP AndroidTargetPlatform
[2018.10.24-22.48.20:496][  0]LogTemp: Display: Loaded TP AndroidTargetPlatform
[2018.10.24-22.48.20:496][  0]LogTemp: Display: Loaded TP AndroidTargetPlatform
[2018.10.24-22.48.20:497][  0]LogTemp: Display: Loaded TP AndroidTargetPlatform
[2018.10.24-22.48.20:497][  0]LogTemp: Display: Loaded TP AndroidTargetPlatform
[2018.10.24-22.48.20:497][  0]LogTemp: Display: Loaded TP AndroidTargetPlatform
[2018.10.24-22.48.20:497][  0]LogTemp: Display: Loaded TP AndroidTargetPlatform
[2018.10.24-22.48.20:497][  0]LogTemp: Display: Loaded TP AndroidTargetPlatform
[2018.10.24-22.48.20:497][  0]LogTemp: Display: Loaded TP AndroidTargetPlatform
[2018.10.24-22.48.20:497][  0]LogTemp: Display: Loaded TP AndroidTargetPlatform
[2018.10.24-22.48.20:497][  0]LogTemp: Display: Loaded TP AndroidTargetPlatform
[2018.10.24-22.48.20:502][  0]LogTemp: Display: Loaded TP HTML5TargetPlatform
[2018.10.24-22.48.20:580][  0]LogTemp: Display: Loaded TP IOSTargetPlatform
[2018.10.24-22.48.20:580][  0]LogTemp: Display: Loaded TP IOSTargetPlatform
[2018.10.24-22.48.20:608][  0]LogTemp: Display: Loaded TP TVOSTargetPlatform
[2018.10.24-22.48.20:608][  0]LogTemp: Display: Loaded TP TVOSTargetPlatform
[2018.10.24-22.48.20:626][  0]LogTemp: Display: Loaded TP LinuxClientTargetPlatform
[2018.10.24-22.48.20:641][  0]LogTemp: Display: Loaded TP LinuxNoEditorTargetPlatform
[2018.10.24-22.48.20:658][  0]LogTemp: Display: Loaded TP LinuxServerTargetPlatform
[2018.10.24-22.48.20:675][  0]LogTemp: Display: Loaded TP LinuxTargetPlatform
[2018.10.24-22.48.20:688][  0]LogTemp: Display: Loaded TP LuminTargetPlatform
[2018.10.24-22.48.20:688][  0]LogTargetPlatformManager: Display: Building Assets For Windows
[2018.10.24-22.48.20:900][  0]LogXGEController: Cleaning working directory: C:/Users/John/AppData/Local/Temp/UnrealXGEWorkingDir/
[2018.10.24-22.48.20:900][  0]LogXGEController: Cannot use XGE Controller as Incredibuild is not installed on this machine.
[2018.10.24-22.48.20:900][  0]LogShaderCompilers: Cannot use XGE Shader Compiler as Incredibuild is not installed on this machine.
[2018.10.24-22.48.20:900][  0]LogShaderCompilers: Display: Using Local Shader Compiler.
[2018.10.24-22.48.21:720][  0]LogDerivedDataCache: Display: Max Cache Size: 512 MB
[2018.10.24-22.48.21:769][  0]LogDerivedDataCache: Loaded boot cache 0.05s 71MB C:/Users/John/AppData/Local/UnrealEngine/4.20/DerivedDataCache/Boot.ddc.
[2018.10.24-22.48.21:769][  0]LogDerivedDataCache: Display: Loaded Boot cache: C:/Users/John/AppData/Local/UnrealEngine/4.20/DerivedDataCache/Boot.ddc
[2018.10.24-22.48.21:770][  0]LogDerivedDataCache: FDerivedDataBackendGraph:  Pak pak cache file ../../../../../../Git/SpideyCPP/SideyCPP/DerivedDataCache/DDC.ddp not found, will not use a pak cache.
[2018.10.24-22.48.21:770][  0]LogDerivedDataCache: Unable to find inner node Pak for hierarchical cache Hierarchy.
[2018.10.24-22.48.21:770][  0]LogDerivedDataCache: FDerivedDataBackendGraph:  CompressedPak pak cache file ../../../../../../Git/SpideyCPP/SideyCPP/DerivedDataCache/Compressed.ddp not found, will not use a pak cache.
[2018.10.24-22.48.21:770][  0]LogDerivedDataCache: Unable to find inner node CompressedPak for hierarchical cache Hierarchy.
[2018.10.24-22.48.21:781][  0]LogDerivedDataCache: Display: Pak cache opened for reading ../../../Engine/DerivedDataCache/Compressed.ddp.
[2018.10.24-22.48.21:795][  0]LogDerivedDataCache: Using Local data cache path C:/Users/John/AppData/Local/UnrealEngine/Common/DerivedDataCache: Writable
[2018.10.24-22.48.21:795][  0]LogDerivedDataCache: Shared data cache path not found in *engine.ini, will not use an Shared cache.
[2018.10.24-22.48.21:795][  0]LogDerivedDataCache: Unable to find inner node Shared for hierarchical cache Hierarchy.
[2018.10.24-22.48.21:811][  0]LogMaterial: Verifying Global Shaders for PCD3D_SM5
[2018.10.24-22.48.21:813][  0]LogSlate: Using FreeType 2.6.0
[2018.10.24-22.48.21:813][  0]LogSlate: SlateFontServices - WITH_FREETYPE: 1, WITH_HARFBUZZ: 1
[2018.10.24-22.48.21:894][  0]LogAssetRegistry: FAssetRegistry took 0.0297 seconds to start up
[2018.10.24-22.48.22:224][  0]LogInit: Selected Device Profile: [Windows]
[2018.10.24-22.48.22:337][  0]LogSimplygon: Simplygon DLL not present - disabling.
[2018.10.24-22.48.22:359][  0]LogMeshReduction: Using SimplygonSwarm for distributed automatic mesh merging
[2018.10.24-22.48.22:359][  0]LogMeshReduction: Using ProxyLODMeshReduction for automatic mesh merging
[2018.10.24-22.48.22:359][  0]LogMeshReduction: Using QuadricMeshReduction for automatic static mesh reduction
[2018.10.24-22.48.22:359][  0]LogMeshReduction: No automatic skeletal mesh reduction module available
[2018.10.24-22.48.22:439][  0]LogNetVersion: SideyCPP 1.0.0, NetCL: 4212847, EngineNetVer: 5, GameNetVer: 0 (Checksum: 583984258)
[2018.10.24-22.48.22:984][  0]LogPackageLocalizationCache: Processed 11 localized package path(s) for 2 prioritized culture(s) in 0.125921 seconds
[2018.10.24-22.48.22:989][  0]LogUObjectArray: 38425 objects as part of root set at end of initial load.
[2018.10.24-22.48.22:989][  0]LogUObjectAllocator: 6690864 out of 0 bytes used by permanent object pool.
[2018.10.24-22.48.22:990][  0]LogUObjectArray: CloseDisregardForGC: 0/0 objects in disregard for GC pool
[2018.10.24-22.48.24:168][  0]LogTcpMessaging: Initializing TcpMessaging bridge
[2018.10.24-22.48.24:188][  0]LogUdpMessaging: Initializing bridge on interface 0.0.0.0:0 to multicast group 230.0.0.1:6666.
[2018.10.24-22.48.24:460][  0]SourceControl: Source control is disabled
[2018.10.24-22.48.24:460][  0]SourceControl: Source control is disabled
[2018.10.24-22.48.24:474][  0]SourceControl: Source control is disabled
[2018.10.24-22.48.24:481][  0]SourceControl: Source control is disabled
[2018.10.24-22.48.24:916][  0]LogAndroidPermission: UAndroidPermissionCallbackProxy::GetInstance
[2018.10.24-22.48.25:096][  0]LogOcInput: OculusInput pre-init called
[2018.10.24-22.48.25:188][  0]LogEngine: Initializing Engine...
[2018.10.24-22.48.25:190][  0]LogHMD: Failed to initialize OpenVR with code 102
[2018.10.24-22.48.25:191][  0]LogStats: UGameplayTagsManager::ConstructGameplayTagTree: ImportINI prefixes -  0.000 s
[2018.10.24-22.48.25:191][  0]LogStats: UGameplayTagsManager::ConstructGameplayTagTree: Construct from data asset -  0.000 s
[2018.10.24-22.48.25:191][  0]LogStats: UGameplayTagsManager::ConstructGameplayTagTree: ImportINI -  0.000 s
[2018.10.24-22.48.25:192][  0]LogStats: UGameplayTagsManager::ConstructGameplayTagTree: GameplayTagTreeChangedEvent.Broadcast -  0.000 s
[2018.10.24-22.48.25:395][  0]LogInit: Initializing FReadOnlyCVARCache
[2018.10.24-22.48.25:422][  0]LogAIModule: Creating AISystem for world Untitled
[2018.10.24-22.48.25:460][  0]LogInit: XAudio2 using 'Headset Earphone (Razer ManO'War)' : 2 channels at 48 kHz using 16 bits per sample (channel mask 0x3)
[2018.10.24-22.48.25:537][  0]LogInit: FAudioDevice initialized.
[2018.10.24-22.48.25:537][  0]LogNetVersion: Set ProjectVersion to 1.0.0.0. Version Checksum will be recalculated on next use.
[2018.10.24-22.48.25:659][  0]LogDerivedDataCache: Saved boot cache 0.12s 71MB C:/Users/John/AppData/Local/UnrealEngine/4.20/DerivedDataCache/Boot.ddc.
[2018.10.24-22.48.25:670][  0]LogInit: Texture streaming: Enabled
[2018.10.24-22.48.25:719][  0]LogEngineSessionManager: EngineSessionManager initialized
[2018.10.24-22.48.25:719][  0]LogEngineSessionManager: EngineSessionManager sent abnormal shutdown report. Type=Debugger, SessionId={FE04DFE8-45AC-57C7-85BE-658432E08197}
[2018.10.24-22.48.25:738][  0]LogInit: Transaction tracking system initialized
[2018.10.24-22.48.25:807][  0]BlueprintLog: New page: Editor Load
[2018.10.24-22.48.26:050][  0]LocalizationService: Localization service is disabled
[2018.10.24-22.48.26:457][  0]LogCook: Display: Max memory allowance for cook 16384mb min free memory 0mb
[2018.10.24-22.48.26:458][  0]LogCook: Display: Mobile HDR setting 1
[2018.10.24-22.48.26:458][  0]LogGameplayTags: Display: UGameplayTagsManager::DoneAddingNativeTags. DelegateIsBound: 0
[2018.10.24-22.48.26:458][  0]LogStats: UGameplayTagsManager::ConstructGameplayTagTree: ImportINI prefixes -  0.000 s
[2018.10.24-22.48.26:458][  0]LogStats: UGameplayTagsManager::ConstructGameplayTagTree: Construct from data asset -  0.000 s
[2018.10.24-22.48.26:458][  0]LogStats: UGameplayTagsManager::ConstructGameplayTagTree: ImportINI -  0.000 s
[2018.10.24-22.48.26:458][  0]LogStats: UGameplayTagsManager::ConstructGameplayTagTree: GameplayTagTreeChangedEvent.Broadcast -  0.000 s
[2018.10.24-22.48.26:782][  0]LogFileCache: Scanning file cache for directory 'D:/Git/SpideyCPP/SideyCPP/Content/' took 0.02s
[2018.10.24-22.48.26:782][  0]SourceControl: Source control is disabled
[2018.10.24-22.48.26:783][  0]Cmd: MAP LOAD FILE="../../../../../../Git/SpideyCPP/SideyCPP/Content/StarterContent/Maps/Minimal_Default.umap" TEMPLATE=0 SHOWPROGRESS=1 FEATURELEVEL=3
[2018.10.24-22.48.26:784][  0]LightingResults: New page: Lighting Build
[2018.10.24-22.48.26:788][  0]MapCheck: New page: Map Check
[2018.10.24-22.48.26:788][  0]LightingResults: New page: Lighting Build
[2018.10.24-22.48.27:215][  0]LogAIModule: Creating AISystem for world Minimal_Default
[2018.10.24-22.48.27:413][  0]LogEditorServer: Finished looking for orphan Actors (0.000 secs)
[2018.10.24-22.48.27:441][  0]Cmd: MAP CHECKDEP NOCLEARLOG
[2018.10.24-22.48.27:668][  0]MapCheck: Map check complete: 0 Error(s), 0 Warning(s), took 227.152ms to complete.
[2018.10.24-22.48.27:668][  0]LogFileHelpers: Loading map 'Minimal_Default' took 0.886
[2018.10.24-22.48.27:790][  0]LogSlate: Updating window title bar state: overlay mode, drag disabled, window buttons hidden, title bar hidden
[2018.10.24-22.48.27:796][  0]LogSlate: Updating window title bar state: overlay mode, drag disabled, window buttons hidden, title bar hidden
[2018.10.24-22.48.27:803][  0]LogSlate: Updating window title bar state: overlay mode, drag disabled, window buttons hidden, title bar hidden
[2018.10.24-22.48.27:809][  0]LogSlate: Updating window title bar state: overlay mode, drag disabled, window buttons hidden, title bar hidden
[2018.10.24-22.48.27:824][  0]LogCollectionManager: Loaded 0 collections in 0.002732 seconds
[2018.10.24-22.48.27:875][  0]LogFileCache: Scanning file cache for directory 'D:/Git/SpideyCPP/SideyCPP/Saved/Collections/' took 0.01s
[2018.10.24-22.48.27:876][  0]LogFileCache: Scanning file cache for directory 'D:/Git/SpideyCPP/SideyCPP/Content/Developers/John/Collections/' took 0.01s
[2018.10.24-22.48.27:876][  0]LogFileCache: Scanning file cache for directory 'D:/Git/SpideyCPP/SideyCPP/Content/Collections/' took 0.01s
[2018.10.24-22.48.27:876][  0]LogCollectionManager: Rebuilt the GUID cache for 0 collections in 0.000000 seconds
[2018.10.24-22.48.27:884][  0]LogContentBrowser: Native class hierarchy populated in 0.0083 seconds. Added 2576 classes and 605 folders.
[2018.10.24-22.48.27:893][  0]LogContentBrowser: Native class hierarchy updated for 'WidgetCarousel' in 0.0004 seconds. Added 0 classes and 0 folders.
[2018.10.24-22.48.27:954][  0]LogContentBrowser: Native class hierarchy updated for 'AddContentDialog' in 0.0004 seconds. Added 0 classes and 0 folders.
[2018.10.24-22.48.27:967][  0]LogContentBrowser: Native class hierarchy updated for 'SceneOutliner' in 0.0005 seconds. Added 1 classes and 2 folders.
[2018.10.24-22.48.27:986][  0]LogSlate: Took 0.000239 seconds to synchronously load lazily loaded font '../../../Engine/Content/Slate/Fonts/Roboto-Regular.ttf' (155K)
[2018.10.24-22.48.27:988][  0]LogSlate: Took 0.000186 seconds to synchronously load lazily loaded font '../../../Engine/Content/Slate/Fonts/Roboto-Bold.ttf' (160K)
[2018.10.24-22.48.27:994][  0]LogSlate: Took 0.000185 seconds to synchronously load lazily loaded font '../../../Engine/Content/Editor/Slate/Fonts/FontAwesome.ttf' (139K)
[2018.10.24-22.48.28:066][  0]LogRenderer: Reallocating scene render targets to support 1168x600 Format 10 NumSamples 1 (Frame:1).
[2018.10.24-22.48.28:206][  0]LogContentBrowser: Native class hierarchy updated for 'HierarchicalLODOutliner' in 0.0004 seconds. Added 0 classes and 0 folders.
[2018.10.24-22.48.28:206][  0]LogLoad: (Engine Initialization) Total time: 11.75 seconds
[2018.10.24-22.48.28:206][  0]LogLoad: (Engine Initialization) Total Blueprint compile time: 0.00 seconds
[2018.10.24-22.48.28:218][  0]LogWindowsTextInputMethodSystem: Display: IME system now deactivated.
[2018.10.24-22.48.28:238][  0]LogContentStreaming: Texture pool size now 1000 MB
[2018.10.24-22.48.28:303][  0]LogSlate: Took 0.000206 seconds to synchronously load lazily loaded font '../../../Engine/Content/Slate/Fonts/Roboto-Light.ttf' (167K)
[2018.10.24-22.48.28:341][  1]LogAssetRegistry: Asset discovery search completed in 6.4728 seconds
[2018.10.24-22.48.28:343][  1]LogCollectionManager: Rebuilt the object cache for 0 collections in 0.000000 seconds (found 0 objects)
[2018.10.24-22.48.28:343][  1]LogCollectionManager: Fixed up redirectors for 0 collections in 0.000148 seconds (updated 0 objects)
[2018.10.24-22.48.46:777][204]LogSlate: FSceneViewport::OnFocusLost() reason 0
[2018.10.24-22.48.46:861][214]LogTemp: Repeating last play command: Selected Viewport
[2018.10.24-22.48.46:872][214]LogBlueprintUserMessages: Early PlayInEditor Detection: Level '/Game/StarterContent/Maps/Minimal_Default.Minimal_Default:PersistentLevel' has LevelScriptBlueprint '/Game/StarterContent/Maps/Minimal_Default.Minimal_Default:PersistentLevel.Minimal_Default' with GeneratedClass '/Game/StarterContent/Maps/Minimal_Default.Minimal_Default_C' with ClassGeneratedBy '/Game/StarterContent/Maps/Minimal_Default.Minimal_Default:PersistentLevel.Minimal_Default'
[2018.10.24-22.48.46:873][214]LogPlayLevel: PlayLevel: No blueprints needed recompiling
[2018.10.24-22.48.46:886][214]PIE: New page: PIE session: Minimal_Default (Oct 25, 2018, 12:48:46 AM)
[2018.10.24-22.48.46:887][214]LogPlayLevel: Creating play world package: /Game/StarterContent/Maps/UEDPIE_0_Minimal_Default
[2018.10.24-22.48.46:918][214]LogPlayLevel: PIE: StaticDuplicateObject took: (0.031117s)
[2018.10.24-22.48.46:919][214]LogAIModule: Creating AISystem for world Minimal_Default
[2018.10.24-22.48.46:919][214]LogPlayLevel: PIE: World Init took: (0.000969s)
[2018.10.24-22.48.46:919][214]LogPlayLevel: PIE: Created PIE world by copying editor world from /Game/StarterContent/Maps/Minimal_Default.Minimal_Default to /Game/StarterContent/Maps/UEDPIE_0_Minimal_Default.Minimal_Default (0.032665s)
[2018.10.24-22.48.46:975][214]LogInit: XAudio2 using 'Headset Earphone (Razer ManO'War)' : 2 channels at 48 kHz using 16 bits per sample (channel mask 0x3)
[2018.10.24-22.48.47:033][214]LogInit: FAudioDevice initialized.
[2018.10.24-22.48.47:227][214]LogLoad: Game class is 'MySideyCPPGameModeBase_C'
[2018.10.24-22.48.47:241][214]LogWorld: Bringing World /Game/StarterContent/Maps/UEDPIE_0_Minimal_Default.Minimal_Default up for play (max tick rate 0) at 2018.10.24-23.48.47
[2018.10.24-22.48.47:244][214]LogWorld: Bringing up level for play took: 0.015156
[2018.10.24-22.48.47:264][214]LogContentBrowser: Native class hierarchy updated for 'MovieSceneCapture' in 0.0004 seconds. Added 10 classes and 0 folders.
[2018.10.24-22.48.47:268][214]PIE: Play in editor start time for /Game/StarterContent/Maps/UEDPIE_0_Minimal_Default -0.331
[2018.10.24-22.48.47:268][214]LogBlueprintUserMessages: Late PlayInEditor Detection: Level '/Game/StarterContent/Maps/Minimal_Default.Minimal_Default:PersistentLevel' has LevelScriptBlueprint '/Game/StarterContent/Maps/Minimal_Default.Minimal_Default:PersistentLevel.Minimal_Default' with GeneratedClass '/Game/StarterContent/Maps/Minimal_Default.Minimal_Default_C' with ClassGeneratedBy '/Game/StarterContent/Maps/Minimal_Default.Minimal_Default:PersistentLevel.Minimal_Default'
[2018.10.24-22.48.47:269][214]LogBlueprintUserMessages: [Player_C_0] I hit something
[2018.10.24-22.48.47:300][215]LogBlueprintUserMessages: [Player_C_0] I hit something
[2018.10.24-22.48.47:314][216]LogBlueprintUserMessages: [Player_C_0] I hit something
[2018.10.24-22.48.47:322][217]LogBlueprintUserMessages: [Player_C_0] I hit something
[2018.10.24-22.48.47:331][218]LogBlueprintUserMessages: [Player_C_0] I hit something
[2018.10.24-22.48.47:339][219]LogBlueprintUserMessages: [Player_C_0] I hit something
[2018.10.24-22.48.47:347][220]LogBlueprintUserMessages: [Player_C_0] I hit something
[2018.10.24-22.48.47:355][221]LogBlueprintUserMessages: [Player_C_0] I hit something
[2018.10.24-22.48.47:364][222]LogBlueprintUserMessages: [Player_C_0] I hit something
[2018.10.24-22.48.47:372][223]LogBlueprintUserMessages: [Player_C_0] I hit something
[2018.10.24-22.48.47:380][224]LogBlueprintUserMessages: [Player_C_0] I hit something
[2018.10.24-22.48.47:389][225]LogBlueprintUserMessages: [Player_C_0] I hit something
[2018.10.24-22.48.47:397][226]LogBlueprintUserMessages: [Player_C_0] I hit something
[2018.10.24-22.48.47:406][227]LogBlueprintUserMessages: [Player_C_0] I hit something
[2018.10.24-22.48.47:414][228]LogBlueprintUserMessages: [Player_C_0] I hit something
[2018.10.24-22.48.47:422][229]LogBlueprintUserMessages: [Player_C_0] I hit something
[2018.10.24-22.48.47:430][230]LogBlueprintUserMessages: [Player_C_0] I hit something
[2018.10.24-22.48.47:439][231]LogBlueprintUserMessages: [Player_C_0] I hit something
[2018.10.24-22.48.47:447][232]LogBlueprintUserMessages: [Player_C_0] I hit something
[2018.10.24-22.48.47:455][233]LogBlueprintUserMessages: [Player_C_0] I hit something
[2018.10.24-22.48.47:464][234]LogBlueprintUserMessages: [Player_C_0] I hit something
[2018.10.24-22.48.47:472][235]LogBlueprintUserMessages: [Player_C_0] I hit something
[2018.10.24-22.48.47:481][236]LogBlueprintUserMessages: [Player_C_0] I hit something
[2018.10.24-22.48.47:489][237]LogBlueprintUserMessages: [Player_C_0] I hit something
[2018.10.24-22.48.47:497][238]LogBlueprintUserMessages: [Player_C_0] I hit something
[2018.10.24-22.48.47:506][239]LogBlueprintUserMessages: [Player_C_0] I hit something
[2018.10.24-22.48.47:514][240]LogBlueprintUserMessages: [Player_C_0] I hit something
[2018.10.24-22.48.47:522][241]LogBlueprintUserMessages: [Player_C_0] I hit something
[2018.10.24-22.48.47:531][242]LogBlueprintUserMessages: [Player_C_0] I hit something
[2018.10.24-22.48.47:539][243]LogBlueprintUserMessages: [Player_C_0] I hit something
[2018.10.24-22.48.47:547][244]LogBlueprintUserMessages: [Player_C_0] I hit something
[2018.10.24-22.48.47:555][245]LogBlueprintUserMessages: [Player_C_0] I hit something
[2018.10.24-22.48.47:564][246]LogBlueprintUserMessages: [Player_C_0] I hit something
[2018.10.24-22.48.47:572][247]LogBlueprintUserMessages: [Player_C_0] I hit something
[2018.10.24-22.48.47:580][248]LogBlueprintUserMessages: [Player_C_0] I hit something
[2018.10.24-22.48.47:589][249]LogBlueprintUserMessages: [Player_C_0] I hit something
[2018.10.24-22.48.47:597][250]LogBlueprintUserMessages: [Player_C_0] I hit something
[2018.10.24-22.48.47:606][251]LogBlueprintUserMessages: [Player_C_0] I hit something
[2018.10.24-22.48.47:614][252]LogBlueprintUserMessages: [Player_C_0] I hit something
[2018.10.24-22.48.47:622][253]LogBlueprintUserMessages: [Player_C_0] I hit something
[2018.10.24-22.48.47:630][254]LogBlueprintUserMessages: [Player_C_0] I hit something
[2018.10.24-22.48.47:639][255]LogBlueprintUserMessages: [Player_C_0] I hit something
[2018.10.24-22.48.47:648][256]LogBlueprintUserMessages: [Player_C_0] I hit something
[2018.10.24-22.48.47:656][257]LogBlueprintUserMessages: [Player_C_0] I hit something
[2018.10.24-22.48.47:663][258]LogBlueprintUserMessages: [Player_C_0] I hit something
[2018.10.24-22.48.47:672][259]LogBlueprintUserMessages: [Player_C_0] I hit something
[2018.10.24-22.48.47:680][260]LogBlueprintUserMessages: [Player_C_0] I hit something
[2018.10.24-22.48.47:688][261]LogBlueprintUserMessages: [Player_C_0] I hit something
[2018.10.24-22.48.47:697][262]LogBlueprintUserMessages: [Player_C_0] I hit something
[2018.10.24-22.48.47:705][263]LogBlueprintUserMessages: [Player_C_0] I hit something
[2018.10.24-22.48.47:713][264]LogBlueprintUserMessages: [Player_C_0] I hit something
[2018.10.24-22.48.47:722][265]LogBlueprintUserMessages: [Player_C_0] I hit something
[2018.10.24-22.48.47:731][266]LogBlueprintUserMessages: [Player_C_0] I hit something
[2018.10.24-22.48.47:739][267]LogBlueprintUserMessages: [Player_C_0] I hit something
[2018.10.24-22.48.47:747][268]LogBlueprintUserMessages: [Player_C_0] I hit something
[2018.10.24-22.48.47:755][269]LogBlueprintUserMessages: [Player_C_0] I hit something
[2018.10.24-22.48.47:764][270]LogBlueprintUserMessages: [Player_C_0] I hit something
[2018.10.24-22.48.47:772][271]LogBlueprintUserMessages: [Player_C_0] I hit something
[2018.10.24-22.48.47:781][272]LogBlueprintUserMessages: [Player_C_0] I hit something
[2018.10.24-22.48.47:789][273]LogBlueprintUserMessages: [Player_C_0] I hit something
[2018.10.24-22.48.47:797][274]LogBlueprintUserMessages: [Player_C_0] I hit something
[2018.10.24-22.48.47:805][275]LogBlueprintUserMessages: [Player_C_0] I hit something
[2018.10.24-22.48.47:814][276]LogBlueprintUserMessages: [Player_C_0] I hit something
[2018.10.24-22.48.47:822][277]LogBlueprintUserMessages: [Player_C_0] I hit something
[2018.10.24-22.48.47:831][278]LogBlueprintUserMessages: [Player_C_0] I hit something
[2018.10.24-22.48.47:839][279]LogBlueprintUserMessages: [Player_C_0] I hit something
[2018.10.24-22.48.47:848][280]LogBlueprintUserMessages: [Player_C_0] I hit something
[2018.10.24-22.48.47:856][281]LogBlueprintUserMessages: [Player_C_0] I hit something
[2018.10.24-22.48.47:864][282]LogBlueprintUserMessages: [Player_C_0] I hit something
[2018.10.24-22.48.47:872][283]LogBlueprintUserMessages: [Player_C_0] I hit something
[2018.10.24-22.48.47:881][284]LogBlueprintUserMessages: [Player_C_0] I hit something
[2018.10.24-22.48.47:889][285]LogBlueprintUserMessages: [Player_C_0] I hit something
[2018.10.24-22.48.47:898][286]LogBlueprintUserMessages: [Player_C_0] I hit something
[2018.10.24-22.48.47:906][287]LogBlueprintUserMessages: [Player_C_0] I hit something
[2018.10.24-22.48.47:914][288]LogBlueprintUserMessages: [Player_C_0] I hit something
[2018.10.24-22.48.47:923][289]LogBlueprintUserMessages: [Player_C_0] I hit something
[2018.10.24-22.48.47:931][290]LogBlueprintUserMessages: [Player_C_0] I hit something
[2018.10.24-22.48.47:939][291]LogBlueprintUserMessages: [Player_C_0] I hit something
[2018.10.24-22.48.47:948][292]LogBlueprintUserMessages: [Player_C_0] I hit something
[2018.10.24-22.48.47:956][293]LogBlueprintUserMessages: [Player_C_0] I hit something
[2018.10.24-22.48.47:964][294]LogBlueprintUserMessages: [Player_C_0] I hit something
[2018.10.24-22.48.47:973][295]LogBlueprintUserMessages: [Player_C_0] I hit something
[2018.10.24-22.48.47:981][296]LogBlueprintUserMessages: [Player_C_0] I hit something
[2018.10.24-22.48.47:989][297]LogBlueprintUserMessages: [Player_C_0] I hit something
[2018.10.24-22.48.47:998][298]LogBlueprintUserMessages: [Player_C_0] I hit something
[2018.10.24-22.48.48:006][299]LogBlueprintUserMessages: [Player_C_0] I hit something
[2018.10.24-22.48.48:014][300]LogBlueprintUserMessages: [Player_C_0] I hit something
[2018.10.24-22.48.48:023][301]LogBlueprintUserMessages: [Player_C_0] I hit something
[2018.10.24-22.48.48:032][302]LogBlueprintUserMessages: [Player_C_0] I hit something
[2018.10.24-22.48.48:039][303]LogBlueprintUserMessages: [Player_C_0] I hit something
[2018.10.24-22.48.48:047][304]LogBlueprintUserMessages: [Player_C_0] I hit something
[2018.10.24-22.48.48:056][305]LogBlueprintUserMessages: [Player_C_0] I hit something
[2018.10.24-22.48.48:064][306]LogBlueprintUserMessages: [Player_C_0] I hit something
[2018.10.24-22.48.48:072][307]LogBlueprintUserMessages: [Player_C_0] I hit something
[2018.10.24-22.48.48:080][308]LogBlueprintUserMessages: [Player_C_0] I hit something
[2018.10.24-22.48.48:089][309]LogBlueprintUserMessages: [Player_C_0] I hit something
[2018.10.24-22.48.48:097][310]LogBlueprintUserMessages: [Player_C_0] I hit something
[2018.10.24-22.48.48:106][311]LogBlueprintUserMessages: [Player_C_0] I hit something
[2018.10.24-22.48.48:114][312]LogBlueprintUserMessages: [Player_C_0] I hit something
[2018.10.24-22.48.48:123][313]LogBlueprintUserMessages: [Player_C_0] I hit something
[2018.10.24-22.48.48:131][314]LogBlueprintUserMessages: [Player_C_0] I hit something
[2018.10.24-22.48.48:139][315]LogBlueprintUserMessages: [Player_C_0] I hit something
[2018.10.24-22.48.48:147][316]LogBlueprintUserMessages: [Player_C_0] I hit something
[2018.10.24-22.48.48:156][317]LogBlueprintUserMessages: [Player_C_0] I hit something
[2018.10.24-22.48.48:164][318]LogBlueprintUserMessages: [Player_C_0] I hit something
[2018.10.24-22.48.48:173][319]LogBlueprintUserMessages: [Player_C_0] I hit something
[2018.10.24-22.48.48:181][320]LogBlueprintUserMessages: [Player_C_0] I hit something
[2018.10.24-22.48.48:189][321]LogBlueprintUserMessages: [Player_C_0] I hit something
[2018.10.24-22.48.48:198][322]LogBlueprintUserMessages: [Player_C_0] I hit something
[2018.10.24-22.48.48:206][323]LogBlueprintUserMessages: [Player_C_0] I hit something
[2018.10.24-22.48.48:214][324]LogBlueprintUserMessages: [Player_C_0] I hit something
[2018.10.24-22.48.48:223][325]LogBlueprintUserMessages: [Player_C_0] I hit something
[2018.10.24-22.48.48:231][326]LogBlueprintUserMessages: [Player_C_0] I hit something
[2018.10.24-22.48.48:239][327]LogBlueprintUserMessages: [Player_C_0] I hit something
[2018.10.24-22.48.48:247][328]LogBlueprintUserMessages: [Player_C_0] I hit something
[2018.10.24-22.48.48:256][329]LogBlueprintUserMessages: [Player_C_0] I hit something
[2018.10.24-22.48.48:264][330]LogBlueprintUserMessages: [Player_C_0] I hit something
[2018.10.24-22.48.48:272][331]LogBlueprintUserMessages: [Player_C_0] I hit something
[2018.10.24-22.48.48:281][332]LogBlueprintUserMessages: [Player_C_0] I hit something
[2018.10.24-22.48.48:289][333]LogBlueprintUserMessages: [Player_C_0] I hit something
[2018.10.24-22.48.48:298][334]LogBlueprintUserMessages: [Player_C_0] I hit something
[2018.10.24-22.48.48:306][335]LogBlueprintUserMessages: [Player_C_0] I hit something
[2018.10.24-22.48.48:314][336]LogBlueprintUserMessages: [Player_C_0] I hit something
[2018.10.24-22.48.48:323][337]LogBlueprintUserMessages: [Player_C_0] I hit something
[2018.10.24-22.48.48:331][338]LogBlueprintUserMessages: [Player_C_0] I hit something
[2018.10.24-22.48.48:339][339]LogBlueprintUserMessages: [Player_C_0] I hit something
[2018.10.24-22.48.48:348][340]LogBlueprintUserMessages: [Player_C_0] I hit something
[2018.10.24-22.48.48:356][341]LogBlueprintUserMessages: [Player_C_0] I hit something
[2018.10.24-22.48.48:364][342]LogBlueprintUserMessages: [Player_C_0] I hit something
[2018.10.24-22.48.48:373][343]LogBlueprintUserMessages: [Player_C_0] I hit something
[2018.10.24-22.48.48:381][344]LogBlueprintUserMessages: [Player_C_0] I hit something
[2018.10.24-22.48.48:390][345]LogBlueprintUserMessages: [Player_C_0] I hit something
[2018.10.24-22.48.48:398][346]LogBlueprintUserMessages: [Player_C_0] I hit something
[2018.10.24-22.48.48:406][347]LogBlueprintUserMessages: [Player_C_0] I hit something
[2018.10.24-22.48.48:414][348]LogBlueprintUserMessages: [Player_C_0] I hit something
[2018.10.24-22.48.48:422][349]LogBlueprintUserMessages: [Player_C_0] I hit something
[2018.10.24-22.48.48:430][350]LogBlueprintUserMessages: [Player_C_0] I hit something
[2018.10.24-22.48.48:439][351]LogBlueprintUserMessages: [Player_C_0] I hit something
[2018.10.24-22.48.48:447][352]LogBlueprintUserMessages: [Player_C_0] I hit something
[2018.10.24-22.48.48:456][353]LogBlueprintUserMessages: [Player_C_0] I hit something
[2018.10.24-22.48.48:464][354]LogBlueprintUserMessages: [Player_C_0] I hit something
[2018.10.24-22.48.48:472][355]LogBlueprintUserMessages: [Player_C_0] I hit something
[2018.10.24-22.48.48:480][356]LogBlueprintUserMessages: [Player_C_0] I hit something
[2018.10.24-22.48.48:489][357]LogBlueprintUserMessages: [Player_C_0] I hit something
[2018.10.24-22.48.48:497][358]LogBlueprintUserMessages: [Player_C_0] I hit something
[2018.10.24-22.48.48:506][359]LogBlueprintUserMessages: [Player_C_0] I hit something
[2018.10.24-22.48.48:514][360]LogBlueprintUserMessages: [Player_C_0] I hit something
[2018.10.24-22.48.48:522][361]LogBlueprintUserMessages: [Player_C_0] I hit something
[2018.10.24-22.48.48:531][362]LogBlueprintUserMessages: [Player_C_0] I hit something
[2018.10.24-22.48.48:539][363]LogBlueprintUserMessages: [Player_C_0] I hit something
[2018.10.24-22.48.48:547][364]LogBlueprintUserMessages: [Player_C_0] I hit something
[2018.10.24-22.48.48:556][365]LogBlueprintUserMessages: [Player_C_0] I hit something
[2018.10.24-22.48.48:564][366]LogBlueprintUserMessages: [Player_C_0] I hit something
[2018.10.24-22.48.48:572][367]LogBlueprintUserMessages: [Player_C_0] I hit something
[2018.10.24-22.48.48:581][368]LogBlueprintUserMessages: [Player_C_0] I hit something
[2018.10.24-22.48.48:589][369]LogBlueprintUserMessages: [Player_C_0] I hit something
[2018.10.24-22.48.48:599][370]LogBlueprintUserMessages: [Player_C_0] I hit something
[2018.10.24-22.48.48:607][371]LogBlueprintUserMessages: [Player_C_0] I hit something
[2018.10.24-22.48.48:614][372]LogBlueprintUserMessages: [Player_C_0] I hit something
[2018.10.24-22.48.48:622][373]LogBlueprintUserMessages: [Player_C_0] I hit something
[2018.10.24-22.48.48:631][374]LogBlueprintUserMessages: [Player_C_0] I hit something
[2018.10.24-22.48.48:639][375]LogBlueprintUserMessages: [Player_C_0] I hit something
[2018.10.24-22.48.48:648][376]LogBlueprintUserMessages: [Player_C_0] I hit something
[2018.10.24-22.48.48:656][377]LogBlueprintUserMessages: [Player_C_0] I hit something
[2018.10.24-22.48.48:664][378]LogBlueprintUserMessages: [Player_C_0] I hit something
[2018.10.24-22.48.48:673][379]LogBlueprintUserMessages: [Player_C_0] I hit something
[2018.10.24-22.48.48:681][380]LogBlueprintUserMessages: [Player_C_0] I hit something
[2018.10.24-22.48.48:689][381]LogBlueprintUserMessages: [Player_C_0] I hit something
[2018.10.24-22.48.48:698][382]LogBlueprintUserMessages: [Player_C_0] I hit something
[2018.10.24-22.48.48:706][383]LogBlueprintUserMessages: [Player_C_0] I hit something
[2018.10.24-22.48.48:715][384]LogBlueprintUserMessages: [Player_C_0] I hit something
[2018.10.24-22.48.48:723][385]LogBlueprintUserMessages: [Player_C_0] I hit something
[2018.10.24-22.48.48:731][386]LogBlueprintUserMessages: [Player_C_0] I hit something
[2018.10.24-22.48.48:740][387]LogBlueprintUserMessages: [Player_C_0] I hit something
[2018.10.24-22.48.48:748][388]LogBlueprintUserMessages: [Player_C_0] I hit something
[2018.10.24-22.48.48:756][389]LogBlueprintUserMessages: [Player_C_0] I hit something
[2018.10.24-22.48.48:767][390]LogBlueprintUserMessages: [Player_C_0] I hit something
[2018.10.24-22.48.48:773][391]LogBlueprintUserMessages: [Player_C_0] I hit something
[2018.10.24-22.48.48:781][392]LogBlueprintUserMessages: [Player_C_0] I hit something
[2018.10.24-22.48.48:790][393]LogBlueprintUserMessages: [Player_C_0] I hit something
[2018.10.24-22.48.48:797][394]LogBlueprintUserMessages: [Player_C_0] I hit something
[2018.10.24-22.48.48:805][395]LogBlueprintUserMessages: [Player_C_0] I hit something
[2018.10.24-22.48.48:814][396]LogBlueprintUserMessages: [Player_C_0] I hit something
[2018.10.24-22.48.48:822][397]LogBlueprintUserMessages: [Player_C_0] I hit something
[2018.10.24-22.48.48:831][398]LogBlueprintUserMessages: [Player_C_0] I hit something
[2018.10.24-22.48.48:839][399]LogBlueprintUserMessages: [Player_C_0] I hit something
[2018.10.24-22.48.48:847][400]LogBlueprintUserMessages: [Player_C_0] I hit something
[2018.10.24-22.48.48:855][401]LogBlueprintUserMessages: [Player_C_0] I hit something
[2018.10.24-22.48.48:864][402]LogBlueprintUserMessages: [Player_C_0] I hit something
[2018.10.24-22.48.48:872][403]LogBlueprintUserMessages: [Player_C_0] I hit something
[2018.10.24-22.48.48:881][404]LogBlueprintUserMessages: [Player_C_0] I hit something
[2018.10.24-22.48.48:889][405]LogBlueprintUserMessages: [Player_C_0] I hit something
[2018.10.24-22.48.48:897][406]LogBlueprintUserMessages: [Player_C_0] I hit something
[2018.10.24-22.48.48:906][407]LogBlueprintUserMessages: [Player_C_0] I hit something
[2018.10.24-22.48.48:914][408]LogBlueprintUserMessages: [Player_C_0] I hit something
[2018.10.24-22.48.48:923][409]LogBlueprintUserMessages: [Player_C_0] I hit something
[2018.10.24-22.48.48:931][410]LogBlueprintUserMessages: [Player_C_0] I hit something
[2018.10.24-22.48.48:939][411]LogBlueprintUserMessages: [Player_C_0] I hit something
[2018.10.24-22.48.48:947][412]LogBlueprintUserMessages: [Player_C_0] I hit something
[2018.10.24-22.48.48:956][413]LogBlueprintUserMessages: [Player_C_0] I hit something
[2018.10.24-22.48.48:964][414]LogBlueprintUserMessages: [Player_C_0] I hit something
[2018.10.24-22.48.48:973][415]LogBlueprintUserMessages: [Player_C_0] I hit something
[2018.10.24-22.48.48:981][416]LogBlueprintUserMessages: [Player_C_0] I hit something
[2018.10.24-22.48.48:989][417]LogBlueprintUserMessages: [Player_C_0] I hit something
[2018.10.24-22.48.48:998][418]LogBlueprintUserMessages: [Player_C_0] I hit something
[2018.10.24-22.48.49:006][419]LogBlueprintUserMessages: [Player_C_0] I hit something
[2018.10.24-22.48.49:016][420]LogBlueprintUserMessages: [Player_C_0] I hit something
[2018.10.24-22.48.49:024][421]LogBlueprintUserMessages: [Player_C_0] I hit something
[2018.10.24-22.48.49:031][422]LogBlueprintUserMessages: [Player_C_0] I hit something
[2018.10.24-22.48.49:040][423]LogBlueprintUserMessages: [Player_C_0] I hit something
[2018.10.24-22.48.49:048][424]LogBlueprintUserMessages: [Player_C_0] I hit something
[2018.10.24-22.48.49:056][425]LogBlueprintUserMessages: [Player_C_0] I hit something
[2018.10.24-22.48.49:064][426]LogBlueprintUserMessages: [Player_C_0] I hit something
[2018.10.24-22.48.49:073][427]LogBlueprintUserMessages: [Player_C_0] I hit something
[2018.10.24-22.48.49:081][428]LogBlueprintUserMessages: [Player_C_0] I hit something
[2018.10.24-22.48.49:089][429]LogBlueprintUserMessages: [Player_C_0] I hit something
[2018.10.24-22.48.49:098][430]LogBlueprintUserMessages: [Player_C_0] I hit something
[2018.10.24-22.48.49:107][431]LogBlueprintUserMessages: [Player_C_0] I hit something
[2018.10.24-22.48.49:114][432]LogBlueprintUserMessages: [Player_C_0] I hit something
[2018.10.24-22.48.49:123][433]LogBlueprintUserMessages: [Player_C_0] I hit something
[2018.10.24-22.48.49:131][434]LogBlueprintUserMessages: [Player_C_0] I hit something
[2018.10.24-22.48.49:139][435]LogBlueprintUserMessages: [Player_C_0] I hit something
[2018.10.24-22.48.49:148][436]LogBlueprintUserMessages: [Player_C_0] I hit something
[2018.10.24-22.48.49:156][437]LogBlueprintUserMessages: [Player_C_0] I hit something
[2018.10.24-22.48.49:164][438]LogBlueprintUserMessages: [Player_C_0] I hit something
[2018.10.24-22.48.49:173][439]LogBlueprintUserMessages: [Player_C_0] I hit something
[2018.10.24-22.48.49:181][440]LogBlueprintUserMessages: [Player_C_0] I hit something
[2018.10.24-22.48.49:189][441]LogBlueprintUserMessages: [Player_C_0] I hit something
[2018.10.24-22.48.49:198][442]LogBlueprintUserMessages: [Player_C_0] I hit something
[2018.10.24-22.48.49:206][443]LogBlueprintUserMessages: [Player_C_0] I hit something
[2018.10.24-22.48.49:214][444]LogBlueprintUserMessages: [Player_C_0] I hit something
[2018.10.24-22.48.49:223][445]LogBlueprintUserMessages: [Player_C_0] I hit something
[2018.10.24-22.48.49:231][446]LogBlueprintUserMessages: [Player_C_0] I hit something
[2018.10.24-22.48.49:240][447]LogBlueprintUserMessages: [Player_C_0] I hit something
[2018.10.24-22.48.49:248][448]LogBlueprintUserMessages: [Player_C_0] I hit something
[2018.10.24-22.48.49:256][449]LogBlueprintUserMessages: [Player_C_0] I hit something
[2018.10.24-22.48.49:265][450]LogBlueprintUserMessages: [Player_C_0] I hit something
[2018.10.24-22.48.49:273][451]LogBlueprintUserMessages: [Player_C_0] I hit something
[2018.10.24-22.48.49:281][452]LogBlueprintUserMessages: [Player_C_0] I hit something
[2018.10.24-22.48.49:290][453]LogBlueprintUserMessages: [Player_C_0] I hit something
[2018.10.24-22.48.49:298][454]LogBlueprintUserMessages: [Player_C_0] I hit something
[2018.10.24-22.48.49:306][455]LogBlueprintUserMessages: [Player_C_0] I hit something
[2018.10.24-22.48.49:315][456]LogBlueprintUserMessages: [Player_C_0] I hit something
[2018.10.24-22.48.49:323][457]LogBlueprintUserMessages: [Player_C_0] I hit something
[2018.10.24-22.48.49:332][458]LogBlueprintUserMessages: [Player_C_0] I hit something
[2018.10.24-22.48.49:340][459]LogBlueprintUserMessages: [Player_C_0] I hit something
[2018.10.24-22.48.49:348][460]LogBlueprintUserMessages: [Player_C_0] I hit something
[2018.10.24-22.48.49:357][461]LogBlueprintUserMessages: [Player_C_0] I hit something
[2018.10.24-22.48.49:364][462]LogBlueprintUserMessages: [Player_C_0] I hit something
[2018.10.24-22.48.49:372][463]LogBlueprintUserMessages: [Player_C_0] I hit something
[2018.10.24-22.48.49:381][464]LogBlueprintUserMessages: [Player_C_0] I hit something
[2018.10.24-22.48.49:389][465]LogBlueprintUserMessages: [Player_C_0] I hit something
[2018.10.24-22.48.49:397][466]LogBlueprintUserMessages: [Player_C_0] I hit something
[2018.10.24-22.48.49:873][523]LogBlueprintUserMessages: [Player_C_0] I hit something
[2018.10.24-22.48.50:564][606]LogBlueprintUserMessages: [Player_C_0] I hit something
[2018.10.24-22.48.51:206][683]LogBlueprintUserMessages: [Player_C_0] I hit something
[2018.10.24-22.48.51:214][684]LogBlueprintUserMessages: [Player_C_0] I hit something
[2018.10.24-22.48.51:223][685]LogBlueprintUserMessages: [Player_C_0] I hit something
[2018.10.24-22.48.51:231][686]LogBlueprintUserMessages: [Player_C_0] I hit something
[2018.10.24-22.48.51:240][687]LogBlueprintUserMessages: [Player_C_0] I hit something
[2018.10.24-22.48.51:248][688]LogBlueprintUserMessages: [Player_C_0] I hit something
[2018.10.24-22.48.51:257][689]LogBlueprintUserMessages: [Player_C_0] I hit something
[2018.10.24-22.48.51:265][690]LogBlueprintUserMessages: [Player_C_0] I hit something
[2018.10.24-22.48.51:273][691]LogBlueprintUserMessages: [Player_C_0] I hit something
[2018.10.24-22.48.51:281][692]LogBlueprintUserMessages: [Player_C_0] I hit something
[2018.10.24-22.48.51:290][693]LogBlueprintUserMessages: [Player_C_0] I hit something
[2018.10.24-22.48.51:298][694]LogBlueprintUserMessages: [Player_C_0] I hit something
[2018.10.24-22.48.51:306][695]LogBlueprintUserMessages: [Player_C_0] I hit something
[2018.10.24-22.48.51:315][696]LogBlueprintUserMessages: [Player_C_0] I hit something
[2018.10.24-22.48.51:323][697]LogBlueprintUserMessages: [Player_C_0] I hit something
[2018.10.24-22.48.51:331][698]LogBlueprintUserMessages: [Player_C_0] I hit something
[2018.10.24-22.48.51:340][699]LogBlueprintUserMessages: [Player_C_0] I hit something
[2018.10.24-22.48.51:348][700]LogBlueprintUserMessages: [Player_C_0] I hit something
[2018.10.24-22.48.51:356][701]LogBlueprintUserMessages: [Player_C_0] I hit something
[2018.10.24-22.48.51:365][702]LogBlueprintUserMessages: [Player_C_0] I hit something
[2018.10.24-22.48.51:373][703]LogBlueprintUserMessages: [Player_C_0] I hit something
[2018.10.24-22.48.51:382][704]LogBlueprintUserMessages: [Player_C_0] I hit something
[2018.10.24-22.48.51:390][705]LogBlueprintUserMessages: [Player_C_0] I hit something
[2018.10.24-22.48.51:398][706]LogBlueprintUserMessages: [Player_C_0] I hit something
[2018.10.24-22.48.51:407][707]LogBlueprintUserMessages: [Player_C_0] I hit something
[2018.10.24-22.48.51:415][708]LogBlueprintUserMessages: [Player_C_0] I hit something
[2018.10.24-22.48.51:424][709]LogBlueprintUserMessages: [Player_C_0] I hit something
[2018.10.24-22.48.51:432][710]LogBlueprintUserMessages: [Player_C_0] I hit something
[2018.10.24-22.48.51:440][711]LogBlueprintUserMessages: [Player_C_0] I hit something
[2018.10.24-22.48.51:448][712]LogBlueprintUserMessages: [Player_C_0] I hit something
[2018.10.24-22.48.51:456][713]LogBlueprintUserMessages: [Player_C_0] I hit something
[2018.10.24-22.48.51:464][714]LogBlueprintUserMessages: [Player_C_0] I hit something
[2018.10.24-22.48.51:473][715]LogBlueprintUserMessages: [Player_C_0] I hit something
[2018.10.24-22.48.51:481][716]LogBlueprintUserMessages: [Player_C_0] I hit something
[2018.10.24-22.48.51:489][717]LogBlueprintUserMessages: [Player_C_0] I hit something
[2018.10.24-22.48.51:498][718]LogBlueprintUserMessages: [Player_C_0] I hit something
[2018.10.24-22.48.51:506][719]LogBlueprintUserMessages: [Player_C_0] I hit something
[2018.10.24-22.48.51:514][720]LogBlueprintUserMessages: [Player_C_0] I hit something
[2018.10.24-22.48.51:523][721]LogBlueprintUserMessages: [Player_C_0] I hit something
[2018.10.24-22.48.51:531][722]LogBlueprintUserMessages: [Player_C_0] I hit something
[2018.10.24-22.48.51:539][723]LogBlueprintUserMessages: [Player_C_0] I hit something
[2018.10.24-22.48.51:548][724]LogBlueprintUserMessages: [Player_C_0] I hit something
[2018.10.24-22.48.51:556][725]LogBlueprintUserMessages: [Player_C_0] I hit something
[2018.10.24-22.48.51:564][726]LogBlueprintUserMessages: [Player_C_0] I hit something
[2018.10.24-22.48.51:573][727]LogBlueprintUserMessages: [Player_C_0] I hit something
[2018.10.24-22.48.51:581][728]LogBlueprintUserMessages: [Player_C_0] I hit something
[2018.10.24-22.48.51:591][729]LogBlueprintUserMessages: [Player_C_0] I hit something
[2018.10.24-22.48.51:598][730]LogBlueprintUserMessages: [Player_C_0] I hit something
[2018.10.24-22.48.51:606][731]LogBlueprintUserMessages: [Player_C_0] I hit something
[2018.10.24-22.48.51:615][732]LogBlueprintUserMessages: [Player_C_0] I hit something
[2018.10.24-22.48.51:623][733]LogBlueprintUserMessages: [Player_C_0] I hit something
[2018.10.24-22.48.51:631][734]LogBlueprintUserMessages: [Player_C_0] I hit something
[2018.10.24-22.48.51:640][735]LogBlueprintUserMessages: [Player_C_0] I hit something
[2018.10.24-22.48.51:648][736]LogBlueprintUserMessages: [Player_C_0] I hit something
[2018.10.24-22.48.51:656][737]LogBlueprintUserMessages: [Player_C_0] I hit something
[2018.10.24-22.48.51:665][738]LogBlueprintUserMessages: [Player_C_0] I hit something
[2018.10.24-22.48.51:674][739]LogBlueprintUserMessages: [Player_C_0] I hit something
[2018.10.24-22.48.51:682][740]LogBlueprintUserMessages: [Player_C_0] I hit something
[2018.10.24-22.48.51:690][741]LogBlueprintUserMessages: [Player_C_0] I hit something
[2018.10.24-22.48.51:699][742]LogBlueprintUserMessages: [Player_C_0] I hit something
[2018.10.24-22.48.51:707][743]LogBlueprintUserMessages: [Player_C_0] I hit something
[2018.10.24-22.48.51:714][744]LogBlueprintUserMessages: [Player_C_0] I hit something
[2018.10.24-22.48.51:723][745]LogBlueprintUserMessages: [Player_C_0] I hit something
[2018.10.24-22.48.51:731][746]LogBlueprintUserMessages: [Player_C_0] I hit something
[2018.10.24-22.48.51:739][747]LogBlueprintUserMessages: [Player_C_0] I hit something
[2018.10.24-22.48.51:748][748]LogBlueprintUserMessages: [Player_C_0] I hit something
[2018.10.24-22.48.51:756][749]LogBlueprintUserMessages: [Player_C_0] I hit something
[2018.10.24-22.48.51:764][750]LogBlueprintUserMessages: [Player_C_0] I hit something
[2018.10.24-22.48.51:773][751]LogBlueprintUserMessages: [Player_C_0] I hit something
[2018.10.24-22.48.51:781][752]LogBlueprintUserMessages: [Player_C_0] I hit something
[2018.10.24-22.48.51:789][753]LogBlueprintUserMessages: [Player_C_0] I hit something
[2018.10.24-22.48.51:798][754]LogBlueprintUserMessages: [Player_C_0] I hit something
[2018.10.24-22.48.51:806][755]LogBlueprintUserMessages: [Player_C_0] I hit something
[2018.10.24-22.48.51:814][756]LogBlueprintUserMessages: [Player_C_0] I hit something
[2018.10.24-22.48.51:823][757]LogBlueprintUserMessages: [Player_C_0] I hit something
[2018.10.24-22.48.51:831][758]LogBlueprintUserMessages: [Player_C_0] I hit something
[2018.10.24-22.48.51:840][759]LogBlueprintUserMessages: [Player_C_0] I hit something
[2018.10.24-22.48.51:848][760]LogBlueprintUserMessages: [Player_C_0] I hit something
[2018.10.24-22.48.51:856][761]LogBlueprintUserMessages: [Player_C_0] I hit something
[2018.10.24-22.48.51:865][762]LogBlueprintUserMessages: [Player_C_0] I hit something
[2018.10.24-22.48.51:873][763]LogBlueprintUserMessages: [Player_C_0] I hit something
[2018.10.24-22.48.51:881][764]LogBlueprintUserMessages: [Player_C_0] I hit something
[2018.10.24-22.48.51:890][765]LogBlueprintUserMessages: [Player_C_0] I hit something
[2018.10.24-22.48.51:898][766]LogBlueprintUserMessages: [Player_C_0] I hit something
[2018.10.24-22.48.51:906][767]LogBlueprintUserMessages: [Player_C_0] I hit something
[2018.10.24-22.48.51:915][768]LogBlueprintUserMessages: [Player_C_0] I hit something
[2018.10.24-22.48.51:923][769]LogBlueprintUserMessages: [Player_C_0] I hit something
[2018.10.24-22.48.51:931][770]LogBlueprintUserMessages: [Player_C_0] I hit something
[2018.10.24-22.48.51:940][771]LogBlueprintUserMessages: [Player_C_0] I hit something
[2018.10.24-22.48.51:948][772]LogBlueprintUserMessages: [Player_C_0] I hit something
[2018.10.24-22.48.51:957][773]LogBlueprintUserMessages: [Player_C_0] I hit something
[2018.10.24-22.48.51:965][774]LogBlueprintUserMessages: [Player_C_0] I hit something
[2018.10.24-22.48.51:973][775]LogBlueprintUserMessages: [Player_C_0] I hit something
[2018.10.24-22.48.51:982][776]LogBlueprintUserMessages: [Player_C_0] I hit something
[2018.10.24-22.48.51:990][777]LogBlueprintUserMessages: [Player_C_0] I hit something
[2018.10.24-22.48.51:999][778]LogBlueprintUserMessages: [Player_C_0] I hit something
[2018.10.24-22.48.52:007][779]LogBlueprintUserMessages: [Player_C_0] I hit something
[2018.10.24-22.48.52:015][780]LogBlueprintUserMessages: [Player_C_0] I hit something
[2018.10.24-22.48.55:441][191]LogBlueprintUserMessages: [Player_C_0] I hit something
[2018.10.24-22.48.55:450][192]LogBlueprintUserMessages: [Player_C_0] I hit something
[2018.10.24-22.48.55:458][193]LogBlueprintUserMessages: [Player_C_0] I hit something
[2018.10.24-22.48.55:466][194]LogBlueprintUserMessages: [Player_C_0] I hit something
[2018.10.24-22.48.55:474][195]LogBlueprintUserMessages: [Player_C_0] I hit something
[2018.10.24-22.48.55:484][196]LogBlueprintUserMessages: [Player_C_0] I hit something
[2018.10.24-22.48.55:491][197]LogBlueprintUserMessages: [Player_C_0] I hit something
[2018.10.24-22.48.55:500][198]LogBlueprintUserMessages: [Player_C_0] I hit something
[2018.10.24-22.48.55:508][199]LogBlueprintUserMessages: [Player_C_0] I hit something
[2018.10.24-22.48.55:516][200]LogBlueprintUserMessages: [Player_C_0] I hit something
[2018.10.24-22.48.55:525][201]LogBlueprintUserMessages: [Player_C_0] I hit something
[2018.10.24-22.48.55:533][202]LogBlueprintUserMessages: [Player_C_0] I hit something
[2018.10.24-22.48.55:543][203]LogBlueprintUserMessages: [Player_C_0] I hit something
[2018.10.24-22.48.55:550][204]LogBlueprintUserMessages: [Player_C_0] I hit something
[2018.10.24-22.48.55:558][205]LogBlueprintUserMessages: [Player_C_0] I hit something
[2018.10.24-22.48.55:566][206]LogBlueprintUserMessages: [Player_C_0] I hit something
[2018.10.24-22.48.55:574][207]LogBlueprintUserMessages: [Player_C_0] I hit something
[2018.10.24-22.48.55:582][208]LogBlueprintUserMessages: [Player_C_0] I hit something
[2018.10.24-22.48.55:590][209]LogBlueprintUserMessages: [Player_C_0] I hit something
[2018.10.24-22.48.55:599][210]LogBlueprintUserMessages: [Player_C_0] I hit something
[2018.10.24-22.48.55:607][211]LogBlueprintUserMessages: [Player_C_0] I hit something
[2018.10.24-22.48.55:616][212]LogBlueprintUserMessages: [Player_C_0] I hit something
[2018.10.24-22.48.55:624][213]LogBlueprintUserMessages: [Player_C_0] I hit something
[2018.10.24-22.48.55:633][214]LogBlueprintUserMessages: [Player_C_0] I hit something
[2018.10.24-22.48.55:641][215]LogBlueprintUserMessages: [Player_C_0] I hit something
[2018.10.24-22.48.55:650][216]LogBlueprintUserMessages: [Player_C_0] I hit something
[2018.10.24-22.48.55:658][217]LogBlueprintUserMessages: [Player_C_0] I hit something
[2018.10.24-22.48.55:666][218]LogBlueprintUserMessages: [Player_C_0] I hit something
[2018.10.24-22.48.55:674][219]LogBlueprintUserMessages: [Player_C_0] I hit something
[2018.10.24-22.48.55:683][220]LogBlueprintUserMessages: [Player_C_0] I hit something
[2018.10.24-22.48.55:691][221]LogBlueprintUserMessages: [Player_C_0] I hit something
[2018.10.24-22.48.55:699][222]LogBlueprintUserMessages: [Player_C_0] I hit something
[2018.10.24-22.48.55:707][223]LogBlueprintUserMessages: [Player_C_0] I hit something
[2018.10.24-22.48.55:716][224]LogBlueprintUserMessages: [Player_C_0] I hit something
[2018.10.24-22.48.55:724][225]LogBlueprintUserMessages: [Player_C_0] I hit something
[2018.10.24-22.48.55:733][226]LogBlueprintUserMessages: [Player_C_0] I hit something
[2018.10.24-22.48.55:741][227]LogBlueprintUserMessages: [Player_C_0] I hit something
[2018.10.24-22.48.55:749][228]LogBlueprintUserMessages: [Player_C_0] I hit something
[2018.10.24-22.48.55:758][229]LogBlueprintUserMessages: [Player_C_0] I hit something
[2018.10.24-22.48.55:766][230]LogBlueprintUserMessages: [Player_C_0] I hit something
[2018.10.24-22.48.55:774][231]LogBlueprintUserMessages: [Player_C_0] I hit something
[2018.10.24-22.48.55:783][232]LogBlueprintUserMessages: [Player_C_0] I hit something
[2018.10.24-22.48.55:791][233]LogBlueprintUserMessages: [Player_C_0] I hit something
[2018.10.24-22.48.55:799][234]LogBlueprintUserMessages: [Player_C_0] I hit something
[2018.10.24-22.48.55:808][235]LogBlueprintUserMessages: [Player_C_0] I hit something
[2018.10.24-22.48.55:816][236]LogBlueprintUserMessages: [Player_C_0] I hit something
[2018.10.24-22.48.55:825][237]LogBlueprintUserMessages: [Player_C_0] I hit something
[2018.10.24-22.48.55:833][238]LogBlueprintUserMessages: [Player_C_0] I hit something
[2018.10.24-22.48.55:841][239]LogBlueprintUserMessages: [Player_C_0] I hit something
[2018.10.24-22.48.55:850][240]LogBlueprintUserMessages: [Player_C_0] I hit something
[2018.10.24-22.48.55:858][241]LogBlueprintUserMessages: [Player_C_0] I hit something
[2018.10.24-22.48.55:866][242]LogBlueprintUserMessages: [Player_C_0] I hit something
[2018.10.24-22.48.55:875][243]LogBlueprintUserMessages: [Player_C_0] I hit something
[2018.10.24-22.48.55:883][244]LogBlueprintUserMessages: [Player_C_0] I hit something
[2018.10.24-22.48.55:891][245]LogBlueprintUserMessages: [Player_C_0] I hit something
[2018.10.24-22.48.55:900][246]LogBlueprintUserMessages: [Player_C_0] I hit something
[2018.10.24-22.48.55:907][247]LogBlueprintUserMessages: [Player_C_0] I hit something
[2018.10.24-22.48.55:916][248]LogBlueprintUserMessages: [Player_C_0] I hit something
[2018.10.24-22.48.55:924][249]LogBlueprintUserMessages: [Player_C_0] I hit something
[2018.10.24-22.48.55:933][250]LogBlueprintUserMessages: [Player_C_0] I hit something
[2018.10.24-22.48.55:941][251]LogBlueprintUserMessages: [Player_C_0] I hit something
[2018.10.24-22.48.55:950][252]LogBlueprintUserMessages: [Player_C_0] I hit something
[2018.10.24-22.48.55:957][253]LogBlueprintUserMessages: [Player_C_0] I hit something
[2018.10.24-22.48.55:967][254]LogBlueprintUserMessages: [Player_C_0] I hit something
[2018.10.24-22.48.55:974][255]LogBlueprintUserMessages: [Player_C_0] I hit something
[2018.10.24-22.48.55:983][256]LogBlueprintUserMessages: [Player_C_0] I hit something
[2018.10.24-22.48.55:991][257]LogBlueprintUserMessages: [Player_C_0] I hit something
[2018.10.24-22.48.55:999][258]LogBlueprintUserMessages: [Player_C_0] I hit something
[2018.10.24-22.48.56:008][259]LogBlueprintUserMessages: [Player_C_0] I hit something
[2018.10.24-22.48.56:016][260]LogBlueprintUserMessages: [Player_C_0] I hit something
[2018.10.24-22.48.56:024][261]LogBlueprintUserMessages: [Player_C_0] I hit something
[2018.10.24-22.48.56:033][262]LogBlueprintUserMessages: [Player_C_0] I hit something
[2018.10.24-22.48.56:041][263]LogBlueprintUserMessages: [Player_C_0] I hit something
[2018.10.24-22.48.56:049][264]LogBlueprintUserMessages: [Player_C_0] I hit something
[2018.10.24-22.48.56:058][265]LogBlueprintUserMessages: [Player_C_0] I hit something
[2018.10.24-22.48.56:066][266]LogBlueprintUserMessages: [Player_C_0] I hit something
[2018.10.24-22.48.56:074][267]LogBlueprintUserMessages: [Player_C_0] I hit something
[2018.10.24-22.48.56:083][268]LogBlueprintUserMessages: [Player_C_0] I hit something
[2018.10.24-22.48.56:091][269]LogBlueprintUserMessages: [Player_C_0] I hit something
[2018.10.24-22.48.56:100][270]LogBlueprintUserMessages: [Player_C_0] I hit something
[2018.10.24-22.48.56:108][271]LogBlueprintUserMessages: [Player_C_0] I hit something
[2018.10.24-22.48.56:116][272]LogBlueprintUserMessages: [Player_C_0] I hit something
[2018.10.24-22.48.56:124][273]LogBlueprintUserMessages: [Player_C_0] I hit something
[2018.10.24-22.48.56:133][274]LogBlueprintUserMessages: [Player_C_0] I hit something
[2018.10.24-22.48.56:141][275]LogBlueprintUserMessages: [Player_C_0] I hit something
[2018.10.24-22.48.56:150][276]LogBlueprintUserMessages: [Player_C_0] I hit something
[2018.10.24-22.48.56:158][277]LogBlueprintUserMessages: [Player_C_0] I hit something
[2018.10.24-22.48.56:167][278]LogBlueprintUserMessages: [Player_C_0] I hit something
[2018.10.24-22.48.56:175][279]LogBlueprintUserMessages: [Player_C_0] I hit something
[2018.10.24-22.48.56:183][280]LogBlueprintUserMessages: [Player_C_0] I hit something
[2018.10.24-22.48.56:191][281]LogBlueprintUserMessages: [Player_C_0] I hit something
[2018.10.24-22.48.56:200][282]LogBlueprintUserMessages: [Player_C_0] I hit something
[2018.10.24-22.48.56:208][283]LogBlueprintUserMessages: [Player_C_0] I hit something
[2018.10.24-22.48.56:216][284]LogBlueprintUserMessages: [Player_C_0] I hit something
[2018.10.24-22.48.56:225][285]LogBlueprintUserMessages: [Player_C_0] I hit something
[2018.10.24-22.48.56:233][286]LogBlueprintUserMessages: [Player_C_0] I hit something
[2018.10.24-22.48.56:241][287]LogBlueprintUserMessages: [Player_C_0] I hit something
[2018.10.24-22.48.56:249][288]LogBlueprintUserMessages: [Player_C_0] I hit something
[2018.10.24-22.48.56:257][289]LogBlueprintUserMessages: [Player_C_0] I hit something
[2018.10.24-22.48.56:266][290]LogBlueprintUserMessages: [Player_C_0] I hit something
[2018.10.24-22.48.56:274][291]LogBlueprintUserMessages: [Player_C_0] I hit something
[2018.10.24-22.48.56:283][292]LogBlueprintUserMessages: [Player_C_0] I hit something
[2018.10.24-22.48.56:291][293]LogBlueprintUserMessages: [Player_C_0] I hit something
[2018.10.24-22.48.56:299][294]LogBlueprintUserMessages: [Player_C_0] I hit something
[2018.10.24-22.48.56:308][295]LogBlueprintUserMessages: [Player_C_0] I hit something
[2018.10.24-22.48.56:316][296]LogBlueprintUserMessages: [Player_C_0] I hit something
[2018.10.24-22.48.56:325][297]LogBlueprintUserMessages: [Player_C_0] I hit something
[2018.10.24-22.48.56:333][298]LogBlueprintUserMessages: [Player_C_0] I hit something
[2018.10.24-22.48.56:342][299]LogBlueprintUserMessages: [Player_C_0] I hit something
[2018.10.24-22.48.56:350][300]LogBlueprintUserMessages: [Player_C_0] I hit something
[2018.10.24-22.48.56:358][301]LogBlueprintUserMessages: [Player_C_0] I hit something
[2018.10.24-22.48.56:367][302]LogBlueprintUserMessages: [Player_C_0] I hit something
[2018.10.24-22.48.56:375][303]LogBlueprintUserMessages: [Player_C_0] I hit something
[2018.10.24-22.48.56:383][304]LogBlueprintUserMessages: [Player_C_0] I hit something
[2018.10.24-22.48.56:391][305]LogBlueprintUserMessages: [Player_C_0] I hit something
[2018.10.24-22.48.56:401][306]LogBlueprintUserMessages: [Player_C_0] I hit something
[2018.10.24-22.48.56:408][307]LogBlueprintUserMessages: [Player_C_0] I hit something
[2018.10.24-22.48.56:416][308]LogBlueprintUserMessages: [Player_C_0] I hit something
[2018.10.24-22.48.56:424][309]LogBlueprintUserMessages: [Player_C_0] I hit something
[2018.10.24-22.48.56:433][310]LogBlueprintUserMessages: [Player_C_0] I hit something
[2018.10.24-22.48.56:441][311]LogBlueprintUserMessages: [Player_C_0] I hit something
[2018.10.24-22.48.56:449][312]LogBlueprintUserMessages: [Player_C_0] I hit something
[2018.10.24-22.48.56:457][313]LogBlueprintUserMessages: [Player_C_0] I hit something
[2018.10.24-22.48.56:466][314]LogBlueprintUserMessages: [Player_C_0] I hit something
[2018.10.24-22.48.56:474][315]LogBlueprintUserMessages: [Player_C_0] I hit something
[2018.10.24-22.48.56:483][316]LogBlueprintUserMessages: [Player_C_0] I hit something
[2018.10.24-22.48.56:491][317]LogBlueprintUserMessages: [Player_C_0] I hit something
[2018.10.24-22.48.56:499][318]LogBlueprintUserMessages: [Player_C_0] I hit something
[2018.10.24-22.48.56:507][319]LogBlueprintUserMessages: [Player_C_0] I hit something
[2018.10.24-22.48.56:516][320]LogBlueprintUserMessages: [Player_C_0] I hit something
[2018.10.24-22.48.56:524][321]LogBlueprintUserMessages: [Player_C_0] I hit something
[2018.10.24-22.48.56:533][322]LogBlueprintUserMessages: [Player_C_0] I hit something
[2018.10.24-22.48.56:541][323]LogBlueprintUserMessages: [Player_C_0] I hit something
[2018.10.24-22.48.56:550][324]LogBlueprintUserMessages: [Player_C_0] I hit something
[2018.10.24-22.48.56:557][325]LogBlueprintUserMessages: [Player_C_0] I hit something
[2018.10.24-22.48.56:567][326]LogBlueprintUserMessages: [Player_C_0] I hit something
[2018.10.24-22.48.56:576][327]LogBlueprintUserMessages: [Player_C_0] I hit something
[2018.10.24-22.48.56:583][328]LogBlueprintUserMessages: [Player_C_0] I hit something
[2018.10.24-22.48.56:591][329]LogBlueprintUserMessages: [Player_C_0] I hit something
[2018.10.24-22.48.56:600][330]LogBlueprintUserMessages: [Player_C_0] I hit something
[2018.10.24-22.48.56:608][331]LogBlueprintUserMessages: [Player_C_0] I hit something
[2018.10.24-22.48.59:175][639]LogBlueprintUserMessages: [Player_C_0] I hit something
[2018.10.24-22.48.59:176][639]LogBlueprintUserMessages: Early EndPlayMap Detection: Level '/Game/StarterContent/Maps/Minimal_Default.Minimal_Default:PersistentLevel' has LevelScriptBlueprint '/Game/StarterContent/Maps/Minimal_Default.Minimal_Default:PersistentLevel.Minimal_Default' with GeneratedClass '/Game/StarterContent/Maps/Minimal_Default.Minimal_Default_C' with ClassGeneratedBy '/Game/StarterContent/Maps/Minimal_Default.Minimal_Default:PersistentLevel.Minimal_Default'
[2018.10.24-22.48.59:176][639]LogSlate: Updating window title bar state: overlay mode, drag disabled, window buttons hidden, title bar hidden
[2018.10.24-22.48.59:233][639]LogPlayLevel: Display: Shutting down PIE online subsystems
[2018.10.24-22.48.59:233][639]LogBlueprintUserMessages: Late EndPlayMap Detection: Level '/Game/StarterContent/Maps/Minimal_Default.Minimal_Default:PersistentLevel' has LevelScriptBlueprint '/Game/StarterContent/Maps/Minimal_Default.Minimal_Default:PersistentLevel.Minimal_Default' with GeneratedClass '/Game/StarterContent/Maps/Minimal_Default.Minimal_Default_C' with ClassGeneratedBy '/Game/StarterContent/Maps/Minimal_Default.Minimal_Default:PersistentLevel.Minimal_Default'
[2018.10.24-22.48.59:254][639]LogSlate: Updating window title bar state: overlay mode, drag disabled, window buttons hidden, title bar hidden
[2018.10.24-22.48.59:276][640]LogPlayLevel: Display: Destroying online subsystem :Context_7
[2018.10.24-22.48.59:636][681]LogSlate: Took 0.000215 seconds to synchronously load lazily loaded font '../../../Engine/Content/Slate/Fonts/Roboto-Light.ttf' (167K)
[2018.10.24-22.48.59:639][681]LogSlate: FSceneViewport::OnFocusLost() reason 2
[2018.10.24-22.49.00:220][681]LogSavePackage: Moving '../../../../../../Git/SpideyCPP/SideyCPP/Saved/Minimal_Default7F918D0440C5BAB750423CBA585AF7A5.tmp' to '../../../../../../Git/SpideyCPP/SideyCPP/Content/StarterContent/Maps/Minimal_Default.umap'
[2018.10.24-22.49.00:248][681]Cmd: OBJ SAVEPACKAGE PACKAGE="/Game/StarterContent/Maps/Minimal_Default_BuiltData" FILE="../../../../../../Git/SpideyCPP/SideyCPP/Content/StarterContent/Maps/Minimal_Default_BuiltData.uasset" SILENT=true
[2018.10.24-22.49.00:327][681]LogSavePackage: Moving '../../../../../../Git/SpideyCPP/SideyCPP/Saved/Minimal_Default_BuiltDataB489D3F8464D44E6A5A18AA8DDE86FA5.tmp' to '../../../../../../Git/SpideyCPP/SideyCPP/Content/StarterContent/Maps/Minimal_Default_BuiltData.uasset'
