Log file open, 10/24/18 23:02:03
LogWindows: Failed to load 'aqProf.dll' (GetLastError=126)
LogWindows: File 'aqProf.dll' does not exist
LogWindows: Failed to load 'VSPerf140.dll' (GetLastError=126)
LogWindows: File 'VSPerf140.dll' does not exist
LogWindows: Failed to load 'VtuneApi.dll' (GetLastError=126)
LogWindows: File 'VtuneApi.dll' does not exist
LogWindows: Failed to load 'VtuneApi32e.dll' (GetLastError=126)
LogWindows: File 'VtuneApi32e.dll' does not exist
LogInit: Display: Running engine for game: SideyCPP
LogPlatformFile: Not using cached read wrapper
LogTaskGraph: Started task graph with 5 named threads and 23 total threads with 3 sets of task threads.
LogStats: Stats thread started at 0.405204
LogD3D11RHI: Loaded GFSDK_Aftermath_Lib.x64.dll
LogICUInternationalization: Display: ICU TimeZone Detection - Raw Offset: +0:00, Platform Override: ''
LogPluginManager: Mounting plugin Paper2D
LogPluginManager: Mounting plugin AISupport
LogPluginManager: Mounting plugin LightPropagationVolume
LogPluginManager: Mounting plugin CLionSourceCodeAccess
LogPluginManager: Mounting plugin CodeLiteSourceCodeAccess
LogPluginManager: Mounting plugin GitSourceControl
LogPluginManager: Mounting plugin KDevelopSourceCodeAccess
LogPluginManager: Mounting plugin NullSourceCodeAccess
LogPluginManager: Mounting plugin PerforceSourceControl
LogPluginManager: Mounting plugin SubversionSourceControl
LogPluginManager: Mounting plugin UObjectPlugin
LogPluginManager: Mounting plugin VisualStudioCodeSourceCodeAccess
LogPluginManager: Mounting plugin VisualStudioSourceCodeAccess
LogPluginManager: Mounting plugin XCodeSourceCodeAccess
LogPluginManager: Mounting plugin AssetManagerEditor
LogPluginManager: Mounting plugin CryptoKeys
LogPluginManager: Mounting plugin DataValidation
LogPluginManager: Mounting plugin FacialAnimation
LogPluginManager: Mounting plugin GameplayTagsEditor
LogPluginManager: Mounting plugin MacGraphicsSwitching
LogPluginManager: Mounting plugin MeshEditor
LogPluginManager: Mounting plugin MobileLauncherProfileWizard
LogPluginManager: Mounting plugin PluginBrowser
LogPluginManager: Mounting plugin SpeedTreeImporter
LogPluginManager: Mounting plugin DatasmithContent
LogPluginManager: Mounting plugin AlembicImporter
LogPluginManager: Mounting plugin AppleImageUtils
LogPluginManager: Mounting plugin AppleVision
LogPluginManager: Mounting plugin BackChannel
LogPluginManager: Mounting plugin CharacterAI
LogPluginManager: Mounting plugin GeometryCache
LogPluginManager: Mounting plugin HTML5Networking
LogPluginManager: Mounting plugin ProxyLODPlugin
LogPluginManager: Mounting plugin MagicLeap
LogPluginManager: Mounting plugin MagicLeapEmulator
LogPluginManager: Mounting plugin MagicLeapMedia
LogPluginManager: Mounting plugin AndroidMedia
LogPluginManager: Mounting plugin AvfMedia
LogPluginManager: Mounting plugin ImgMedia
LogPluginManager: Mounting plugin LinearTimecode
LogPluginManager: Mounting plugin MediaCompositing
LogPluginManager: Mounting plugin MediaPlayerEditor
LogPluginManager: Mounting plugin WmfMedia
LogPluginManager: Mounting plugin TcpMessaging
LogPluginManager: Mounting plugin UdpMessaging
LogPluginManager: Mounting plugin ActorSequence
LogPluginManager: Mounting plugin LevelSequenceEditor
LogPluginManager: Mounting plugin MatineeToLevelSequence
LogPluginManager: Mounting plugin NetcodeUnitTest
LogPluginManager: Mounting plugin NUTUnrealEngine4
LogPluginManager: Mounting plugin OnlineSubsystemGooglePlay
LogPluginManager: Mounting plugin OnlineSubsystemIOS
LogPluginManager: Mounting plugin OnlineSubsystem
LogPluginManager: Mounting plugin OnlineSubsystemNull
LogPluginManager: Mounting plugin OnlineSubsystemUtils
LogPluginManager: Mounting plugin LauncherChunkInstaller
LogPluginManager: Mounting plugin AndroidDeviceProfileSelector
LogPluginManager: Mounting plugin AndroidMoviePlayer
LogPluginManager: Mounting plugin AndroidPermission
LogPluginManager: Mounting plugin AppleMoviePlayer
LogPluginManager: Mounting plugin ArchVisCharacter
LogPluginManager: Mounting plugin AudioCapture
LogPluginManager: Mounting plugin CableComponent
LogPluginManager: Mounting plugin CustomMeshComponent
LogPluginManager: Mounting plugin EditableMesh
LogPluginManager: Mounting plugin ExampleDeviceProfileSelector
LogPluginManager: Mounting plugin GoogleCloudMessaging
LogPluginManager: Mounting plugin ImmediatePhysics
LogPluginManager: Mounting plugin IOSDeviceProfileSelector
LogPluginManager: Mounting plugin LinuxDeviceProfileSelector
LogPluginManager: Mounting plugin LocationServicesBPLibrary
LogPluginManager: Mounting plugin MobilePatchingUtils
LogPluginManager: Mounting plugin OculusVR
LogPluginManager: Plugin shader directory ../../../Engine/Plugins/Runtime/Oculus/OculusVR/Shaders found
LogPluginManager: Mapping shader source directory ../../../Engine/Plugins/Runtime/Oculus/OculusVR/Shaders to virtual directory /Plugin/OculusVR
LogPluginManager: Mounting plugin PhysXVehicles
LogPluginManager: Mounting plugin ProceduralMeshComponent
LogPluginManager: Mounting plugin RuntimePhysXCooking
LogPluginManager: Mounting plugin SteamVR
LogPluginManager: Mounting plugin WindowsMoviePlayer
LogStreaming: Display: Took  0.239s to configure plugins.
LogInit: Using libcurl 7.55.1-DEV
LogInit:  - built for x86_64-pc-win32
LogInit:  - supports SSL with OpenSSL/1.0.2h
LogInit:  - supports HTTP deflate (compression) using libz 1.2.8
LogInit:  - other features:
LogInit:      CURL_VERSION_SSL
LogInit:      CURL_VERSION_LIBZ
LogInit:      CURL_VERSION_IPV6
LogInit:      CURL_VERSION_ASYNCHDNS
LogInit:      CURL_VERSION_LARGEFILE
LogInit:      CURL_VERSION_IDN
LogInit:  CurlRequestOptions (configurable via config and command line):
LogInit:  - bVerifyPeer = false  - Libcurl will NOT verify peer certificate
LogInit:  - bUseHttpProxy = false  - Libcurl will NOT use HTTP proxy
LogInit:  - bDontReuseConnections = false  - Libcurl will reuse connections
LogInit:  - CertBundlePath = nullptr  - Libcurl will use whatever was configured at build time.
LogInit:  - MaxHostConnections = 16  - Libcurl will limit the number of connections to a host
LogInit:  - LocalHostAddr = Default
LogInit:  - BufferSize = 65536
LogInit: WinSock: version 1.1 (2.2), MaxSocks=32767, MaxUdp=65467
LogInit: Build: ++UE4+Release-4.20-CL-4369336
LogInit: Engine Version: 4.20.3-4369336+++UE4+Release-4.20
LogInit: Compatible Engine Version: 4.20.0-4212847+++UE4+Release-4.20
LogInit: Net CL: 4212847
LogInit: OS: Windows 10 (), CPU: Intel(R) Core(TM) i7-6700K CPU @ 4.00GHz, GPU: NVIDIA GeForce GTX 1060 6GB
LogInit: Compiled (64-bit): Sep 17 2018 12:26:19
LogInit: Compiled with Visual C++: 19.13.26129.00
LogInit: Build Configuration: Development
LogInit: Branch Name: ++UE4+Release-4.20
LogInit: Command Line:  -skipcompile
LogInit: Base Directory: D:/Program Files/Epic Games/UE_4.20/Engine/Binaries/Win64/
LogInit: Installed Engine Build: 1
LogDevObjectVersion: Number of dev versions registered: 20
LogDevObjectVersion:   Dev-Blueprints (B0D832E4-1F89-4F0D-ACCF-7EB736FD4AA2): 10
LogDevObjectVersion:   Dev-Build (E1C64328-A22C-4D53-A36C-8E866417BD8C): 0
LogDevObjectVersion:   Dev-Core (375EC13C-06E4-48FB-B500-84F0262A717E): 2
LogDevObjectVersion:   Dev-Editor (E4B068ED-F494-42E9-A231-DA0B2E46BB41): 24
LogDevObjectVersion:   Dev-Framework (CFFC743F-43B0-4480-9391-14DF171D2073): 34
LogDevObjectVersion:   Dev-Mobile (B02B49B5-BB20-44E9-A304-32B752E40360): 2
LogDevObjectVersion:   Dev-Networking (A4E4105C-59A1-49B5-A7C5-40C4547EDFEE): 0
LogDevObjectVersion:   Dev-Online (39C831C9-5AE6-47DC-9A44-9C173E1C8E7C): 0
LogDevObjectVersion:   Dev-Physics (78F01B33-EBEA-4F98-B9B4-84EACCB95AA2): 0
LogDevObjectVersion:   Dev-Platform (6631380F-2D4D-43E0-8009-CF276956A95A): 0
LogDevObjectVersion:   Dev-Rendering (12F88B9F-8875-4AFC-A67C-D90C383ABD29): 26
LogDevObjectVersion:   Dev-Sequencer (7B5AE74C-D270-4C10-A958-57980B212A5A): 9
LogDevObjectVersion:   Dev-VR (D7296918-1DD6-4BDD-9DE2-64A83CC13884): 2
LogDevObjectVersion:   Dev-LoadTimes (C2A15278-BFE7-4AFE-6C17-90FF531DF755): 1
LogDevObjectVersion:   Private-Geometry (6EACA3D4-40EC-4CC1-B786-8BED09428FC5): 3
LogDevObjectVersion:   Dev-AnimPhys (29E575DD-E0A3-4627-9D10-D276232CDCEA): 17
LogDevObjectVersion:   Dev-ReflectionCapture (6B266CEC-1EC7-4B8F-A30B-E4D90942FC07): 1
LogDevObjectVersion:   Dev-Automation (0DF73D61-A23F-47EA-B727-89E90C41499A): 1
LogDevObjectVersion:   FortniteMain (601D1886-AC64-4F84-AA16-D3DE0DEAC7D6): 12
LogDevObjectVersion:   Dev-Enterprise (9DFFBCD6-494F-0158-E221-12823C92A888): 1
LogStreaming: Display: Took  0.011s to delete old logs.
LogInit: Presizing for max 8388607 objects, including 0 objects not considered by GC, pre-allocating 0 bytes for permanent pool.
LogInit: Object subsystem initialized
[2018.10.24-22.02.04:575][  0]LogInit: Selected Device Profile: [Windows]
[2018.10.24-22.02.04:575][  0]LogInit: Applying CVar settings loaded from the selected device profile: [Windows]
[2018.10.24-22.02.04:585][  0]LogHAL: Display: Platform has ~ 16 GB [17126547456 / 17179869184 / 16], which maps to Larger [LargestMinGB=32, LargerMinGB=12, DefaultMinGB=8, SmallerMinGB=6, SmallestMinGB=0)
[2018.10.24-22.02.04:585][  0]LogInit: Setting Device Profile CVar: [[r.Vulkan.UseRealUBs:1]]
[2018.10.24-22.02.04:585][  0]LogInit: Going up to parent DeviceProfile []
[2018.10.24-22.02.04:586][  0]LogInit: Computer: EDWARD
[2018.10.24-22.02.04:586][  0]LogInit: User: John
[2018.10.24-22.02.04:586][  0]LogInit: CPU Page size=4096, Cores=4
[2018.10.24-22.02.04:586][  0]LogInit: High frequency timer resolution =3.914065 MHz
[2018.10.24-22.02.04:586][  0]LogMemory: Memory total: Physical=16.0GB (16GB approx)
[2018.10.24-22.02.04:586][  0]LogMemory: Platform Memory Stats for Windows
[2018.10.24-22.02.04:586][  0]LogMemory: Process Physical Memory: 100.82 MB used, 100.82 MB peak
[2018.10.24-22.02.04:586][  0]LogMemory: Process Virtual Memory: 91.46 MB used, 91.46 MB peak
[2018.10.24-22.02.04:586][  0]LogMemory: Physical Memory: 7491.48 MB used,  8841.67 MB free, 16333.15 MB total
[2018.10.24-22.02.04:586][  0]LogMemory: Virtual Memory: 4640.09 MB used,  8841.67 MB free, 134217728.00 MB total
[2018.10.24-22.02.04:709][  0]LogInit: Using OS detected language (en-US).
[2018.10.24-22.02.04:709][  0]LogInit: Using OS detected locale (en-US).
[2018.10.24-22.02.04:710][  0]LogTextLocalizationManager: No specific localization for 'en-US' exists, so the 'en' localization will be used.
[2018.10.24-22.02.05:064][  0]LogStreaming: Display: Took  0.355s to InitEngineTextLocalization.
[2018.10.24-22.02.05:065][  0]LogInit: Setting process to per monitor DPI aware
[2018.10.24-22.02.05:138][  0]LogSlate: New Slate User Created.  User Index 0, Is Virtual User: 0
[2018.10.24-22.02.05:138][  0]LogSlate: Slate User Registered.  User Index 0, Is Virtual User: 0
[2018.10.24-22.02.05:395][  0]LogHMD: Failed to initialize OpenVR with code 102
[2018.10.24-22.02.05:395][  0]LogD3D11RHI: D3D11 adapters:
[2018.10.24-22.02.05:454][  0]LogD3D11RHI:    0. 'NVIDIA GeForce GTX 1060 6GB' (Feature Level 11_0)
[2018.10.24-22.02.05:454][  0]LogD3D11RHI:       6061/0/8166 MB DedicatedVideo/DedicatedSystem/SharedSystem, Outputs:1, VendorId:0x10de
[2018.10.24-22.02.05:459][  0]LogD3D11RHI:    1. 'Microsoft Basic Render Driver' (Feature Level 11_0)
[2018.10.24-22.02.05:460][  0]LogD3D11RHI:       0/0/8166 MB DedicatedVideo/DedicatedSystem/SharedSystem, Outputs:0, VendorId:0x1414
[2018.10.24-22.02.05:460][  0]LogD3D11RHI: Chosen D3D11 Adapter: 0
[2018.10.24-22.02.05:465][  0]LogD3D11RHI: Creating new Direct3DDevice
[2018.10.24-22.02.05:465][  0]LogD3D11RHI:     GPU DeviceId: 0x1c03 (for the marketing name, search the web for "GPU Device Id")
[2018.10.24-22.02.05:465][  0]LogWindows: EnumDisplayDevices:
[2018.10.24-22.02.05:466][  0]LogWindows:    0. 'NVIDIA GeForce GTX 1060 6GB' (P:1 D:1)
[2018.10.24-22.02.05:466][  0]LogWindows:    1. 'NVIDIA GeForce GTX 1060 6GB' (P:0 D:0)
[2018.10.24-22.02.05:466][  0]LogWindows:    2. 'NVIDIA GeForce GTX 1060 6GB' (P:0 D:0)
[2018.10.24-22.02.05:467][  0]LogWindows:    3. 'NVIDIA GeForce GTX 1060 6GB' (P:0 D:0)
[2018.10.24-22.02.05:467][  0]LogWindows: DebugString: FoundDriverCount:4 
[2018.10.24-22.02.05:468][  0]LogD3D11RHI:     Adapter Name: NVIDIA GeForce GTX 1060 6GB
[2018.10.24-22.02.05:468][  0]LogD3D11RHI:   Driver Version: 388.13 (internal:23.21.13.8813, unified:388.13)
[2018.10.24-22.02.05:468][  0]LogD3D11RHI:      Driver Date: 10-27-2017
[2018.10.24-22.02.05:468][  0]LogRHI: Texture pool is 4242 MB (70% of 6061 MB)
[2018.10.24-22.02.05:497][  0]LogD3D11RHI: Async texture creation enabled
[2018.10.24-22.02.05:514][  0]LogD3D11RHI: GPU Timing Frequency: 1000.000000 (Debug: 2 1)
[2018.10.24-22.02.05:563][  0]LogShaderCompilers: Guid format shader working directory is 4 characters bigger than the processId version (../../../../../../Git/SpideyCPP/SideyCPP/Intermediate/Shaders/WorkingDirectory/14580/).
[2018.10.24-22.02.05:563][  0]LogShaderCompilers: Cleaned the shader compiler working directory 'C:/Users/John/AppData/Local/Temp/UnrealShaderWorkingDir/CAD26BF84D956F6A95E21AA2676ACD9C/'.
[2018.10.24-22.02.05:844][  0]LogTemp: Display: Loaded TP AllDesktopTargetPlatform
[2018.10.24-22.02.05:863][  0]LogTemp: Display: Loaded TP MacClientTargetPlatform
[2018.10.24-22.02.05:882][  0]LogTemp: Display: Loaded TP MacNoEditorTargetPlatform
[2018.10.24-22.02.05:902][  0]LogTemp: Display: Loaded TP MacServerTargetPlatform
[2018.10.24-22.02.05:924][  0]LogTemp: Display: Loaded TP MacTargetPlatform
[2018.10.24-22.02.05:944][  0]LogTemp: Display: Loaded TP WindowsClientTargetPlatform
[2018.10.24-22.02.05:964][  0]LogTemp: Display: Loaded TP WindowsNoEditorTargetPlatform
[2018.10.24-22.02.05:984][  0]LogTemp: Display: Loaded TP WindowsServerTargetPlatform
[2018.10.24-22.02.05:998][  0]LogTemp: Display: Loaded TP WindowsTargetPlatform
[2018.10.24-22.02.06:097][  0]LogTemp: Display: Loaded TP AndroidTargetPlatform
[2018.10.24-22.02.06:098][  0]LogTemp: Display: Loaded TP AndroidTargetPlatform
[2018.10.24-22.02.06:098][  0]LogTemp: Display: Loaded TP AndroidTargetPlatform
[2018.10.24-22.02.06:098][  0]LogTemp: Display: Loaded TP AndroidTargetPlatform
[2018.10.24-22.02.06:098][  0]LogTemp: Display: Loaded TP AndroidTargetPlatform
[2018.10.24-22.02.06:098][  0]LogTemp: Display: Loaded TP AndroidTargetPlatform
[2018.10.24-22.02.06:098][  0]LogTemp: Display: Loaded TP AndroidTargetPlatform
[2018.10.24-22.02.06:098][  0]LogTemp: Display: Loaded TP AndroidTargetPlatform
[2018.10.24-22.02.06:098][  0]LogTemp: Display: Loaded TP AndroidTargetPlatform
[2018.10.24-22.02.06:098][  0]LogTemp: Display: Loaded TP AndroidTargetPlatform
[2018.10.24-22.02.06:098][  0]LogTemp: Display: Loaded TP AndroidTargetPlatform
[2018.10.24-22.02.06:098][  0]LogTemp: Display: Loaded TP AndroidTargetPlatform
[2018.10.24-22.02.06:098][  0]LogTemp: Display: Loaded TP AndroidTargetPlatform
[2018.10.24-22.02.06:098][  0]LogTemp: Display: Loaded TP AndroidTargetPlatform
[2018.10.24-22.02.06:098][  0]LogTemp: Display: Loaded TP AndroidTargetPlatform
[2018.10.24-22.02.06:099][  0]LogTemp: Display: Loaded TP AndroidTargetPlatform
[2018.10.24-22.02.06:099][  0]LogTemp: Display: Loaded TP AndroidTargetPlatform
[2018.10.24-22.02.06:099][  0]LogTemp: Display: Loaded TP AndroidTargetPlatform
[2018.10.24-22.02.06:105][  0]LogTemp: Display: Loaded TP HTML5TargetPlatform
[2018.10.24-22.02.06:185][  0]LogTemp: Display: Loaded TP IOSTargetPlatform
[2018.10.24-22.02.06:185][  0]LogTemp: Display: Loaded TP IOSTargetPlatform
[2018.10.24-22.02.06:211][  0]LogTemp: Display: Loaded TP TVOSTargetPlatform
[2018.10.24-22.02.06:211][  0]LogTemp: Display: Loaded TP TVOSTargetPlatform
[2018.10.24-22.02.06:227][  0]LogTemp: Display: Loaded TP LinuxClientTargetPlatform
[2018.10.24-22.02.06:243][  0]LogTemp: Display: Loaded TP LinuxNoEditorTargetPlatform
[2018.10.24-22.02.06:259][  0]LogTemp: Display: Loaded TP LinuxServerTargetPlatform
[2018.10.24-22.02.06:277][  0]LogTemp: Display: Loaded TP LinuxTargetPlatform
[2018.10.24-22.02.06:290][  0]LogTemp: Display: Loaded TP LuminTargetPlatform
[2018.10.24-22.02.06:290][  0]LogTargetPlatformManager: Display: Building Assets For Windows
[2018.10.24-22.02.06:496][  0]LogXGEController: Cleaning working directory: C:/Users/John/AppData/Local/Temp/UnrealXGEWorkingDir/
[2018.10.24-22.02.06:496][  0]LogXGEController: Cannot use XGE Controller as Incredibuild is not installed on this machine.
[2018.10.24-22.02.06:496][  0]LogShaderCompilers: Cannot use XGE Shader Compiler as Incredibuild is not installed on this machine.
[2018.10.24-22.02.06:496][  0]LogShaderCompilers: Display: Using Local Shader Compiler.
[2018.10.24-22.02.07:351][  0]LogDerivedDataCache: Display: Max Cache Size: 512 MB
[2018.10.24-22.02.07:397][  0]LogDerivedDataCache: Loaded boot cache 0.05s 71MB C:/Users/John/AppData/Local/UnrealEngine/4.20/DerivedDataCache/Boot.ddc.
[2018.10.24-22.02.07:398][  0]LogDerivedDataCache: Display: Loaded Boot cache: C:/Users/John/AppData/Local/UnrealEngine/4.20/DerivedDataCache/Boot.ddc
[2018.10.24-22.02.07:398][  0]LogDerivedDataCache: FDerivedDataBackendGraph:  Pak pak cache file ../../../../../../Git/SpideyCPP/SideyCPP/DerivedDataCache/DDC.ddp not found, will not use a pak cache.
[2018.10.24-22.02.07:398][  0]LogDerivedDataCache: Unable to find inner node Pak for hierarchical cache Hierarchy.
[2018.10.24-22.02.07:398][  0]LogDerivedDataCache: FDerivedDataBackendGraph:  CompressedPak pak cache file ../../../../../../Git/SpideyCPP/SideyCPP/DerivedDataCache/Compressed.ddp not found, will not use a pak cache.
[2018.10.24-22.02.07:398][  0]LogDerivedDataCache: Unable to find inner node CompressedPak for hierarchical cache Hierarchy.
[2018.10.24-22.02.07:409][  0]LogDerivedDataCache: Display: Pak cache opened for reading ../../../Engine/DerivedDataCache/Compressed.ddp.
[2018.10.24-22.02.07:423][  0]LogDerivedDataCache: Using Local data cache path C:/Users/John/AppData/Local/UnrealEngine/Common/DerivedDataCache: Writable
[2018.10.24-22.02.07:423][  0]LogDerivedDataCache: Shared data cache path not found in *engine.ini, will not use an Shared cache.
[2018.10.24-22.02.07:423][  0]LogDerivedDataCache: Unable to find inner node Shared for hierarchical cache Hierarchy.
[2018.10.24-22.02.07:439][  0]LogMaterial: Verifying Global Shaders for PCD3D_SM5
[2018.10.24-22.02.07:441][  0]LogSlate: Using FreeType 2.6.0
[2018.10.24-22.02.07:442][  0]LogSlate: SlateFontServices - WITH_FREETYPE: 1, WITH_HARFBUZZ: 1
[2018.10.24-22.02.07:519][  0]LogAssetRegistry: FAssetRegistry took 0.0285 seconds to start up
[2018.10.24-22.02.07:892][  0]LogInit: Selected Device Profile: [Windows]
[2018.10.24-22.02.08:074][  0]LogSimplygon: Simplygon DLL not present - disabling.
[2018.10.24-22.02.08:094][  0]LogMeshReduction: Using SimplygonSwarm for distributed automatic mesh merging
[2018.10.24-22.02.08:094][  0]LogMeshReduction: Using ProxyLODMeshReduction for automatic mesh merging
[2018.10.24-22.02.08:095][  0]LogMeshReduction: Using QuadricMeshReduction for automatic static mesh reduction
[2018.10.24-22.02.08:095][  0]LogMeshReduction: No automatic skeletal mesh reduction module available
[2018.10.24-22.02.08:112][  0]LogNetVersion: SideyCPP 1.0.0, NetCL: 4212847, EngineNetVer: 5, GameNetVer: 0 (Checksum: 583984258)
[2018.10.24-22.02.08:672][  0]LogPackageLocalizationCache: Processed 11 localized package path(s) for 2 prioritized culture(s) in 0.136553 seconds
[2018.10.24-22.02.08:678][  0]LogUObjectArray: 38425 objects as part of root set at end of initial load.
[2018.10.24-22.02.08:678][  0]LogUObjectAllocator: 6690864 out of 0 bytes used by permanent object pool.
[2018.10.24-22.02.08:678][  0]LogUObjectArray: CloseDisregardForGC: 0/0 objects in disregard for GC pool
[2018.10.24-22.02.09:864][  0]LogTcpMessaging: Initializing TcpMessaging bridge
[2018.10.24-22.02.09:883][  0]LogUdpMessaging: Initializing bridge on interface 0.0.0.0:0 to multicast group 230.0.0.1:6666.
[2018.10.24-22.02.10:155][  0]SourceControl: Source control is disabled
[2018.10.24-22.02.10:155][  0]SourceControl: Source control is disabled
[2018.10.24-22.02.10:170][  0]SourceControl: Source control is disabled
[2018.10.24-22.02.10:178][  0]SourceControl: Source control is disabled
[2018.10.24-22.02.10:625][  0]LogAndroidPermission: UAndroidPermissionCallbackProxy::GetInstance
[2018.10.24-22.02.10:837][  0]LogOcInput: OculusInput pre-init called
[2018.10.24-22.02.10:930][  0]LogEngine: Initializing Engine...
[2018.10.24-22.02.10:932][  0]LogHMD: Failed to initialize OpenVR with code 102
[2018.10.24-22.02.10:933][  0]LogStats: UGameplayTagsManager::ConstructGameplayTagTree: ImportINI prefixes -  0.000 s
[2018.10.24-22.02.10:933][  0]LogStats: UGameplayTagsManager::ConstructGameplayTagTree: Construct from data asset -  0.000 s
[2018.10.24-22.02.10:934][  0]LogStats: UGameplayTagsManager::ConstructGameplayTagTree: ImportINI -  0.000 s
[2018.10.24-22.02.10:934][  0]LogStats: UGameplayTagsManager::ConstructGameplayTagTree: GameplayTagTreeChangedEvent.Broadcast -  0.000 s
[2018.10.24-22.02.11:154][  0]LogInit: Initializing FReadOnlyCVARCache
[2018.10.24-22.02.11:184][  0]LogAIModule: Creating AISystem for world Untitled
[2018.10.24-22.02.11:226][  0]LogInit: XAudio2 using 'Headset Earphone (Razer ManO'War)' : 2 channels at 48 kHz using 16 bits per sample (channel mask 0x3)
[2018.10.24-22.02.11:308][  0]LogInit: FAudioDevice initialized.
[2018.10.24-22.02.11:308][  0]LogNetVersion: Set ProjectVersion to 1.0.0.0. Version Checksum will be recalculated on next use.
[2018.10.24-22.02.11:395][  0]LogDerivedDataCache: Saved boot cache 0.09s 71MB C:/Users/John/AppData/Local/UnrealEngine/4.20/DerivedDataCache/Boot.ddc.
[2018.10.24-22.02.11:410][  0]LogInit: Texture streaming: Enabled
[2018.10.24-22.02.11:458][  0]LogEngineSessionManager: EngineSessionManager initialized
[2018.10.24-22.02.11:458][  0]LogEngineSessionManager: EngineSessionManager sent abnormal shutdown report. Type=Debugger, SessionId={F263CCAF-483E-8FA0-58A7-F8952EAA9C92}
[2018.10.24-22.02.11:480][  0]LogInit: Transaction tracking system initialized
[2018.10.24-22.02.11:550][  0]BlueprintLog: New page: Editor Load
[2018.10.24-22.02.11:796][  0]LocalizationService: Localization service is disabled
[2018.10.24-22.02.12:246][  0]LogCook: Display: Max memory allowance for cook 16384mb min free memory 0mb
[2018.10.24-22.02.12:247][  0]LogCook: Display: Mobile HDR setting 1
[2018.10.24-22.02.12:247][  0]LogGameplayTags: Display: UGameplayTagsManager::DoneAddingNativeTags. DelegateIsBound: 0
[2018.10.24-22.02.12:247][  0]LogStats: UGameplayTagsManager::ConstructGameplayTagTree: ImportINI prefixes -  0.000 s
[2018.10.24-22.02.12:247][  0]LogStats: UGameplayTagsManager::ConstructGameplayTagTree: Construct from data asset -  0.000 s
[2018.10.24-22.02.12:247][  0]LogStats: UGameplayTagsManager::ConstructGameplayTagTree: ImportINI -  0.000 s
[2018.10.24-22.02.12:247][  0]LogStats: UGameplayTagsManager::ConstructGameplayTagTree: GameplayTagTreeChangedEvent.Broadcast -  0.000 s
[2018.10.24-22.02.12:546][  0]LogFileCache: Scanning file cache for directory 'D:/Git/SpideyCPP/SideyCPP/Content/' took 0.02s
[2018.10.24-22.02.12:562][  0]SourceControl: Source control is disabled
[2018.10.24-22.02.12:563][  0]Cmd: MAP LOAD FILE="../../../../../../Git/SpideyCPP/SideyCPP/Content/StarterContent/Maps/Minimal_Default.umap" TEMPLATE=0 SHOWPROGRESS=1 FEATURELEVEL=3
[2018.10.24-22.02.12:563][  0]LightingResults: New page: Lighting Build
[2018.10.24-22.02.12:568][  0]MapCheck: New page: Map Check
[2018.10.24-22.02.12:568][  0]LightingResults: New page: Lighting Build
[2018.10.24-22.02.12:965][  0]LogAIModule: Creating AISystem for world Minimal_Default
[2018.10.24-22.02.13:020][  0]LogEditorServer: Finished looking for orphan Actors (0.000 secs)
[2018.10.24-22.02.13:044][  0]Cmd: MAP CHECKDEP NOCLEARLOG
[2018.10.24-22.02.13:300][  0]MapCheck: Map check complete: 0 Error(s), 0 Warning(s), took 256.335ms to complete.
[2018.10.24-22.02.13:300][  0]LogFileHelpers: Loading map 'Minimal_Default' took 0.738
[2018.10.24-22.02.13:410][  0]LogSlate: Updating window title bar state: overlay mode, drag disabled, window buttons hidden, title bar hidden
[2018.10.24-22.02.13:417][  0]LogSlate: Updating window title bar state: overlay mode, drag disabled, window buttons hidden, title bar hidden
[2018.10.24-22.02.13:424][  0]LogSlate: Updating window title bar state: overlay mode, drag disabled, window buttons hidden, title bar hidden
[2018.10.24-22.02.13:431][  0]LogSlate: Updating window title bar state: overlay mode, drag disabled, window buttons hidden, title bar hidden
[2018.10.24-22.02.13:447][  0]LogCollectionManager: Loaded 0 collections in 0.003156 seconds
[2018.10.24-22.02.13:502][  0]LogFileCache: Scanning file cache for directory 'D:/Git/SpideyCPP/SideyCPP/Saved/Collections/' took 0.01s
[2018.10.24-22.02.13:502][  0]LogFileCache: Scanning file cache for directory 'D:/Git/SpideyCPP/SideyCPP/Content/Developers/John/Collections/' took 0.01s
[2018.10.24-22.02.13:502][  0]LogFileCache: Scanning file cache for directory 'D:/Git/SpideyCPP/SideyCPP/Content/Collections/' took 0.01s
[2018.10.24-22.02.13:502][  0]LogCollectionManager: Rebuilt the GUID cache for 0 collections in 0.000001 seconds
[2018.10.24-22.02.13:513][  0]LogContentBrowser: Native class hierarchy populated in 0.0106 seconds. Added 2576 classes and 605 folders.
[2018.10.24-22.02.13:525][  0]LogContentBrowser: Native class hierarchy updated for 'WidgetCarousel' in 0.0005 seconds. Added 0 classes and 0 folders.
[2018.10.24-22.02.13:595][  0]LogContentBrowser: Native class hierarchy updated for 'AddContentDialog' in 0.0004 seconds. Added 0 classes and 0 folders.
[2018.10.24-22.02.13:609][  0]LogContentBrowser: Native class hierarchy updated for 'SceneOutliner' in 0.0005 seconds. Added 1 classes and 2 folders.
[2018.10.24-22.02.13:627][  0]LogSlate: Took 0.000302 seconds to synchronously load lazily loaded font '../../../Engine/Content/Slate/Fonts/Roboto-Regular.ttf' (155K)
[2018.10.24-22.02.13:630][  0]LogSlate: Took 0.000259 seconds to synchronously load lazily loaded font '../../../Engine/Content/Slate/Fonts/Roboto-Bold.ttf' (160K)
[2018.10.24-22.02.13:637][  0]LogSlate: Took 0.000261 seconds to synchronously load lazily loaded font '../../../Engine/Content/Editor/Slate/Fonts/FontAwesome.ttf' (139K)
[2018.10.24-22.02.13:724][  0]LogRenderer: Reallocating scene render targets to support 1168x600 Format 10 NumSamples 1 (Frame:1).
[2018.10.24-22.02.13:847][  0]LogContentBrowser: Native class hierarchy updated for 'HierarchicalLODOutliner' in 0.0004 seconds. Added 0 classes and 0 folders.
[2018.10.24-22.02.13:847][  0]LogLoad: (Engine Initialization) Total time: 11.82 seconds
[2018.10.24-22.02.13:847][  0]LogLoad: (Engine Initialization) Total Blueprint compile time: 0.00 seconds
[2018.10.24-22.02.13:858][  0]LogWindowsTextInputMethodSystem: Display: IME system now deactivated.
[2018.10.24-22.02.13:881][  0]LogContentStreaming: Texture pool size now 1000 MB
[2018.10.24-22.02.13:975][  0]LogSlate: Took 0.000221 seconds to synchronously load lazily loaded font '../../../Engine/Content/Slate/Fonts/Roboto-Light.ttf' (167K)
[2018.10.24-22.02.14:015][  1]LogAssetRegistry: Asset discovery search completed in 6.5203 seconds
[2018.10.24-22.02.14:017][  1]LogCollectionManager: Rebuilt the object cache for 0 collections in 0.000001 seconds (found 0 objects)
[2018.10.24-22.02.14:017][  1]LogCollectionManager: Fixed up redirectors for 0 collections in 0.000125 seconds (updated 0 objects)
[2018.10.24-22.02.14:882][ 92]LogSlate: FSceneViewport::OnFocusLost() reason 0
[2018.10.24-22.02.14:924][ 97]LogTemp: Repeating last play command: Selected Viewport
[2018.10.24-22.02.14:944][ 97]LogBlueprintUserMessages: Early PlayInEditor Detection: Level '/Game/StarterContent/Maps/Minimal_Default.Minimal_Default:PersistentLevel' has LevelScriptBlueprint '/Game/StarterContent/Maps/Minimal_Default.Minimal_Default:PersistentLevel.Minimal_Default' with GeneratedClass '/Game/StarterContent/Maps/Minimal_Default.Minimal_Default_C' with ClassGeneratedBy '/Game/StarterContent/Maps/Minimal_Default.Minimal_Default:PersistentLevel.Minimal_Default'
[2018.10.24-22.02.14:944][ 97]LogPlayLevel: PlayLevel: No blueprints needed recompiling
[2018.10.24-22.02.14:960][ 97]PIE: New page: PIE session: Minimal_Default (Oct 25, 2018, 12:02:14 AM)
[2018.10.24-22.02.14:960][ 97]LogPlayLevel: Creating play world package: /Game/StarterContent/Maps/UEDPIE_0_Minimal_Default
[2018.10.24-22.02.14:971][ 97]LogPlayLevel: PIE: StaticDuplicateObject took: (0.010757s)
[2018.10.24-22.02.14:972][ 97]LogAIModule: Creating AISystem for world Minimal_Default
[2018.10.24-22.02.14:972][ 97]LogPlayLevel: PIE: World Init took: (0.001118s)
[2018.10.24-22.02.14:972][ 97]LogPlayLevel: PIE: Created PIE world by copying editor world from /Game/StarterContent/Maps/Minimal_Default.Minimal_Default to /Game/StarterContent/Maps/UEDPIE_0_Minimal_Default.Minimal_Default (0.012320s)
[2018.10.24-22.02.15:028][ 97]LogInit: XAudio2 using 'Headset Earphone (Razer ManO'War)' : 2 channels at 48 kHz using 16 bits per sample (channel mask 0x3)
[2018.10.24-22.02.15:097][ 97]LogInit: FAudioDevice initialized.
[2018.10.24-22.02.15:325][ 97]LogLoad: Game class is 'MySideyCPPGameModeBase_C'
[2018.10.24-22.02.15:330][ 97]LogWorld: Bringing World /Game/StarterContent/Maps/UEDPIE_0_Minimal_Default.Minimal_Default up for play (max tick rate 0) at 2018.10.24-23.02.15
[2018.10.24-22.02.15:331][ 97]LogWorld: Bringing up level for play took: 0.004209
[2018.10.24-22.02.15:353][ 97]LogContentBrowser: Native class hierarchy updated for 'MovieSceneCapture' in 0.0006 seconds. Added 10 classes and 0 folders.
[2018.10.24-22.02.15:357][ 97]PIE: Play in editor start time for /Game/StarterContent/Maps/UEDPIE_0_Minimal_Default -0.242
[2018.10.24-22.02.15:357][ 97]LogBlueprintUserMessages: Late PlayInEditor Detection: Level '/Game/StarterContent/Maps/Minimal_Default.Minimal_Default:PersistentLevel' has LevelScriptBlueprint '/Game/StarterContent/Maps/Minimal_Default.Minimal_Default:PersistentLevel.Minimal_Default' with GeneratedClass '/Game/StarterContent/Maps/Minimal_Default.Minimal_Default_C' with ClassGeneratedBy '/Game/StarterContent/Maps/Minimal_Default.Minimal_Default:PersistentLevel.Minimal_Default'
[2018.10.24-22.02.15:859][154]LogBlueprintUserMessages: [Player_C_0] I hit something
[2018.10.24-22.02.15:867][155]LogBlueprintUserMessages: [Player_C_0] I hit something
[2018.10.24-22.02.15:876][156]LogBlueprintUserMessages: [Player_C_0] I hit something
[2018.10.24-22.02.15:884][157]LogBlueprintUserMessages: [Player_C_0] I hit something
[2018.10.24-22.02.15:893][158]LogBlueprintUserMessages: [Player_C_0] I hit something
[2018.10.24-22.02.15:901][159]LogBlueprintUserMessages: [Player_C_0] I hit something
[2018.10.24-22.02.15:909][160]LogBlueprintUserMessages: [Player_C_0] I hit something
[2018.10.24-22.02.15:917][161]LogBlueprintUserMessages: [Player_C_0] I hit something
[2018.10.24-22.02.15:926][162]LogBlueprintUserMessages: [Player_C_0] I hit something
[2018.10.24-22.02.15:934][163]LogBlueprintUserMessages: [Player_C_0] I hit something
[2018.10.24-22.02.15:942][164]LogBlueprintUserMessages: [Player_C_0] I hit something
[2018.10.24-22.02.15:951][165]LogBlueprintUserMessages: [Player_C_0] I hit something
[2018.10.24-22.02.15:959][166]LogBlueprintUserMessages: [Player_C_0] I hit something
[2018.10.24-22.02.15:968][167]LogBlueprintUserMessages: [Player_C_0] I hit something
[2018.10.24-22.02.15:976][168]LogBlueprintUserMessages: [Player_C_0] I hit something
[2018.10.24-22.02.15:984][169]LogBlueprintUserMessages: [Player_C_0] I hit something
[2018.10.24-22.02.15:993][170]LogBlueprintUserMessages: [Player_C_0] I hit something
[2018.10.24-22.02.16:001][171]LogBlueprintUserMessages: [Player_C_0] I hit something
[2018.10.24-22.02.16:009][172]LogBlueprintUserMessages: [Player_C_0] I hit something
[2018.10.24-22.02.16:018][173]LogBlueprintUserMessages: [Player_C_0] I hit something
[2018.10.24-22.02.16:026][174]LogBlueprintUserMessages: [Player_C_0] I hit something
[2018.10.24-22.02.16:034][175]LogBlueprintUserMessages: [Player_C_0] I hit something
[2018.10.24-22.02.16:043][176]LogBlueprintUserMessages: [Player_C_0] I hit something
[2018.10.24-22.02.16:051][177]LogBlueprintUserMessages: [Player_C_0] I hit something
[2018.10.24-22.02.16:060][178]LogBlueprintUserMessages: [Player_C_0] I hit something
[2018.10.24-22.02.16:068][179]LogBlueprintUserMessages: [Player_C_0] I hit something
[2018.10.24-22.02.16:076][180]LogBlueprintUserMessages: [Player_C_0] I hit something
[2018.10.24-22.02.16:085][181]LogBlueprintUserMessages: [Player_C_0] I hit something
[2018.10.24-22.02.16:093][182]LogBlueprintUserMessages: [Player_C_0] I hit something
[2018.10.24-22.02.16:101][183]LogBlueprintUserMessages: [Player_C_0] I hit something
[2018.10.24-22.02.16:110][184]LogBlueprintUserMessages: [Player_C_0] I hit something
[2018.10.24-22.02.16:117][185]LogBlueprintUserMessages: [Player_C_0] I hit something
[2018.10.24-22.02.16:125][186]LogBlueprintUserMessages: [Player_C_0] I hit something
[2018.10.24-22.02.16:134][187]LogBlueprintUserMessages: [Player_C_0] I hit something
[2018.10.24-22.02.16:142][188]LogBlueprintUserMessages: [Player_C_0] I hit something
[2018.10.24-22.02.16:151][189]LogBlueprintUserMessages: [Player_C_0] I hit something
[2018.10.24-22.02.16:159][190]LogBlueprintUserMessages: [Player_C_0] I hit something
[2018.10.24-22.02.16:167][191]LogBlueprintUserMessages: [Player_C_0] I hit something
[2018.10.24-22.02.16:175][192]LogBlueprintUserMessages: [Player_C_0] I hit something
[2018.10.24-22.02.16:184][193]LogBlueprintUserMessages: [Player_C_0] I hit something
[2018.10.24-22.02.16:192][194]LogBlueprintUserMessages: [Player_C_0] I hit something
[2018.10.24-22.02.16:201][195]LogBlueprintUserMessages: [Player_C_0] I hit something
[2018.10.24-22.02.16:209][196]LogBlueprintUserMessages: [Player_C_0] I hit something
[2018.10.24-22.02.16:217][197]LogBlueprintUserMessages: [Player_C_0] I hit something
[2018.10.24-22.02.16:226][198]LogBlueprintUserMessages: [Player_C_0] I hit something
[2018.10.24-22.02.16:234][199]LogBlueprintUserMessages: [Player_C_0] I hit something
[2018.10.24-22.02.16:242][200]LogBlueprintUserMessages: [Player_C_0] I hit something
[2018.10.24-22.02.16:251][201]LogBlueprintUserMessages: [Player_C_0] I hit something
[2018.10.24-22.02.16:259][202]LogBlueprintUserMessages: [Player_C_0] I hit something
[2018.10.24-22.02.16:267][203]LogBlueprintUserMessages: [Player_C_0] I hit something
[2018.10.24-22.02.16:276][204]LogBlueprintUserMessages: [Player_C_0] I hit something
[2018.10.24-22.02.16:284][205]LogBlueprintUserMessages: [Player_C_0] I hit something
[2018.10.24-22.02.16:293][206]LogBlueprintUserMessages: [Player_C_0] I hit something
[2018.10.24-22.02.16:301][207]LogBlueprintUserMessages: [Player_C_0] I hit something
[2018.10.24-22.02.16:309][208]LogBlueprintUserMessages: [Player_C_0] I hit something
[2018.10.24-22.02.16:318][209]LogBlueprintUserMessages: [Player_C_0] I hit something
[2018.10.24-22.02.16:326][210]LogBlueprintUserMessages: [Player_C_0] I hit something
[2018.10.24-22.02.16:334][211]LogBlueprintUserMessages: [Player_C_0] I hit something
[2018.10.24-22.02.16:343][212]LogBlueprintUserMessages: [Player_C_0] I hit something
[2018.10.24-22.02.16:351][213]LogBlueprintUserMessages: [Player_C_0] I hit something
[2018.10.24-22.02.16:359][214]LogBlueprintUserMessages: [Player_C_0] I hit something
[2018.10.24-22.02.16:368][215]LogBlueprintUserMessages: [Player_C_0] I hit something
[2018.10.24-22.02.16:376][216]LogBlueprintUserMessages: [Player_C_0] I hit something
[2018.10.24-22.02.16:384][217]LogBlueprintUserMessages: [Player_C_0] I hit something
[2018.10.24-22.02.16:393][218]LogBlueprintUserMessages: [Player_C_0] I hit something
[2018.10.24-22.02.16:401][219]LogBlueprintUserMessages: [Player_C_0] I hit something
[2018.10.24-22.02.16:409][220]LogBlueprintUserMessages: [Player_C_0] I hit something
[2018.10.24-22.02.16:418][221]LogBlueprintUserMessages: [Player_C_0] I hit something
[2018.10.24-22.02.16:426][222]LogBlueprintUserMessages: [Player_C_0] I hit something
[2018.10.24-22.02.16:434][223]LogBlueprintUserMessages: [Player_C_0] I hit something
[2018.10.24-22.02.16:443][224]LogBlueprintUserMessages: [Player_C_0] I hit something
[2018.10.24-22.02.16:451][225]LogBlueprintUserMessages: [Player_C_0] I hit something
[2018.10.24-22.02.16:460][226]LogBlueprintUserMessages: [Player_C_0] I hit something
[2018.10.24-22.02.16:468][227]LogBlueprintUserMessages: [Player_C_0] I hit something
[2018.10.24-22.02.16:476][228]LogBlueprintUserMessages: [Player_C_0] I hit something
[2018.10.24-22.02.16:485][229]LogBlueprintUserMessages: [Player_C_0] I hit something
[2018.10.24-22.02.16:492][230]LogBlueprintUserMessages: [Player_C_0] I hit something
[2018.10.24-22.02.16:500][231]LogBlueprintUserMessages: [Player_C_0] I hit something
[2018.10.24-22.02.16:509][232]LogBlueprintUserMessages: [Player_C_0] I hit something
[2018.10.24-22.02.16:517][233]LogBlueprintUserMessages: [Player_C_0] I hit something
[2018.10.24-22.02.16:525][234]LogBlueprintUserMessages: [Player_C_0] I hit something
[2018.10.24-22.02.16:534][235]LogBlueprintUserMessages: [Player_C_0] I hit something
[2018.10.24-22.02.16:542][236]LogBlueprintUserMessages: [Player_C_0] I hit something
[2018.10.24-22.02.16:551][237]LogBlueprintUserMessages: [Player_C_0] I hit something
[2018.10.24-22.02.16:559][238]LogBlueprintUserMessages: [Player_C_0] I hit something
[2018.10.24-22.02.16:567][239]LogBlueprintUserMessages: [Player_C_0] I hit something
[2018.10.24-22.02.16:576][240]LogBlueprintUserMessages: [Player_C_0] I hit something
[2018.10.24-22.02.16:584][241]LogBlueprintUserMessages: [Player_C_0] I hit something
[2018.10.24-22.02.16:592][242]LogBlueprintUserMessages: [Player_C_0] I hit something
[2018.10.24-22.02.16:601][243]LogBlueprintUserMessages: [Player_C_0] I hit something
[2018.10.24-22.02.16:610][244]LogBlueprintUserMessages: [Player_C_0] I hit something
[2018.10.24-22.02.16:618][245]LogBlueprintUserMessages: [Player_C_0] I hit something
[2018.10.24-22.02.16:626][246]LogBlueprintUserMessages: [Player_C_0] I hit something
[2018.10.24-22.02.16:634][247]LogBlueprintUserMessages: [Player_C_0] I hit something
[2018.10.24-22.02.16:643][248]LogBlueprintUserMessages: [Player_C_0] I hit something
[2018.10.24-22.02.16:652][249]LogBlueprintUserMessages: [Player_C_0] I hit something
[2018.10.24-22.02.16:660][250]LogBlueprintUserMessages: [Player_C_0] I hit something
[2018.10.24-22.02.16:669][251]LogBlueprintUserMessages: [Player_C_0] I hit something
[2018.10.24-22.02.16:677][252]LogBlueprintUserMessages: [Player_C_0] I hit something
[2018.10.24-22.02.16:685][253]LogBlueprintUserMessages: [Player_C_0] I hit something
[2018.10.24-22.02.16:694][254]LogBlueprintUserMessages: [Player_C_0] I hit something
[2018.10.24-22.02.16:702][255]LogBlueprintUserMessages: [Player_C_0] I hit something
[2018.10.24-22.02.16:710][256]LogBlueprintUserMessages: [Player_C_0] I hit something
[2018.10.24-22.02.16:719][257]LogBlueprintUserMessages: [Player_C_0] I hit something
[2018.10.24-22.02.16:727][258]LogBlueprintUserMessages: [Player_C_0] I hit something
[2018.10.24-22.02.16:735][259]LogBlueprintUserMessages: [Player_C_0] I hit something
[2018.10.24-22.02.16:744][260]LogBlueprintUserMessages: [Player_C_0] I hit something
[2018.10.24-22.02.16:753][261]LogBlueprintUserMessages: [Player_C_0] I hit something
[2018.10.24-22.02.16:761][262]LogBlueprintUserMessages: [Player_C_0] I hit something
[2018.10.24-22.02.16:769][263]LogBlueprintUserMessages: [Player_C_0] I hit something
[2018.10.24-22.02.16:778][264]LogBlueprintUserMessages: [Player_C_0] I hit something
[2018.10.24-22.02.16:786][265]LogBlueprintUserMessages: [Player_C_0] I hit something
[2018.10.24-22.02.16:794][266]LogBlueprintUserMessages: [Player_C_0] I hit something
[2018.10.24-22.02.16:802][267]LogBlueprintUserMessages: [Player_C_0] I hit something
[2018.10.24-22.02.16:811][268]LogBlueprintUserMessages: [Player_C_0] I hit something
[2018.10.24-22.02.16:819][269]LogBlueprintUserMessages: [Player_C_0] I hit something
[2018.10.24-22.02.16:827][270]LogBlueprintUserMessages: [Player_C_0] I hit something
[2018.10.24-22.02.16:836][271]LogBlueprintUserMessages: [Player_C_0] I hit something
[2018.10.24-22.02.16:844][272]LogBlueprintUserMessages: [Player_C_0] I hit something
[2018.10.24-22.02.16:853][273]LogBlueprintUserMessages: [Player_C_0] I hit something
[2018.10.24-22.02.16:861][274]LogBlueprintUserMessages: [Player_C_0] I hit something
[2018.10.24-22.02.16:868][275]LogBlueprintUserMessages: [Player_C_0] I hit something
[2018.10.24-22.02.16:876][276]LogBlueprintUserMessages: [Player_C_0] I hit something
[2018.10.24-22.02.16:885][277]LogBlueprintUserMessages: [Player_C_0] I hit something
[2018.10.24-22.02.16:893][278]LogBlueprintUserMessages: [Player_C_0] I hit something
[2018.10.24-22.02.16:902][279]LogBlueprintUserMessages: [Player_C_0] I hit something
[2018.10.24-22.02.16:910][280]LogBlueprintUserMessages: [Player_C_0] I hit something
[2018.10.24-22.02.16:918][281]LogBlueprintUserMessages: [Player_C_0] I hit something
[2018.10.24-22.02.16:927][282]LogBlueprintUserMessages: [Player_C_0] I hit something
[2018.10.24-22.02.16:935][283]LogBlueprintUserMessages: [Player_C_0] I hit something
[2018.10.24-22.02.16:944][284]LogBlueprintUserMessages: [Player_C_0] I hit something
[2018.10.24-22.02.16:952][285]LogBlueprintUserMessages: [Player_C_0] I hit something
[2018.10.24-22.02.16:960][286]LogBlueprintUserMessages: [Player_C_0] I hit something
[2018.10.24-22.02.16:969][287]LogBlueprintUserMessages: [Player_C_0] I hit something
[2018.10.24-22.02.16:977][288]LogBlueprintUserMessages: [Player_C_0] I hit something
[2018.10.24-22.02.16:986][289]LogBlueprintUserMessages: [Player_C_0] I hit something
[2018.10.24-22.02.16:994][290]LogBlueprintUserMessages: [Player_C_0] I hit something
[2018.10.24-22.02.17:002][291]LogBlueprintUserMessages: [Player_C_0] I hit something
[2018.10.24-22.02.17:010][292]LogBlueprintUserMessages: [Player_C_0] I hit something
[2018.10.24-22.02.17:019][293]LogBlueprintUserMessages: [Player_C_0] I hit something
[2018.10.24-22.02.17:027][294]LogBlueprintUserMessages: [Player_C_0] I hit something
[2018.10.24-22.02.17:035][295]LogBlueprintUserMessages: [Player_C_0] I hit something
[2018.10.24-22.02.17:044][296]LogBlueprintUserMessages: [Player_C_0] I hit something
[2018.10.24-22.02.17:052][297]LogBlueprintUserMessages: [Player_C_0] I hit something
[2018.10.24-22.02.17:060][298]LogBlueprintUserMessages: [Player_C_0] I hit something
[2018.10.24-22.02.17:069][299]LogBlueprintUserMessages: [Player_C_0] I hit something
[2018.10.24-22.02.17:077][300]LogBlueprintUserMessages: [Player_C_0] I hit something
[2018.10.24-22.02.17:085][301]LogBlueprintUserMessages: [Player_C_0] I hit something
[2018.10.24-22.02.17:094][302]LogBlueprintUserMessages: [Player_C_0] I hit something
[2018.10.24-22.02.17:102][303]LogBlueprintUserMessages: [Player_C_0] I hit something
[2018.10.24-22.02.17:110][304]LogBlueprintUserMessages: [Player_C_0] I hit something
[2018.10.24-22.02.17:119][305]LogBlueprintUserMessages: [Player_C_0] I hit something
[2018.10.24-22.02.17:127][306]LogBlueprintUserMessages: [Player_C_0] I hit something
[2018.10.24-22.02.17:136][307]LogBlueprintUserMessages: [Player_C_0] I hit something
[2018.10.24-22.02.17:144][308]LogBlueprintUserMessages: [Player_C_0] I hit something
[2018.10.24-22.02.17:153][309]LogBlueprintUserMessages: [Player_C_0] I hit something
[2018.10.24-22.02.17:161][310]LogBlueprintUserMessages: [Player_C_0] I hit something
[2018.10.24-22.02.17:169][311]LogBlueprintUserMessages: [Player_C_0] I hit something
[2018.10.24-22.02.17:177][312]LogBlueprintUserMessages: [Player_C_0] I hit something
[2018.10.24-22.02.17:186][313]LogBlueprintUserMessages: [Player_C_0] I hit something
[2018.10.24-22.02.17:194][314]LogBlueprintUserMessages: [Player_C_0] I hit something
[2018.10.24-22.02.17:203][315]LogBlueprintUserMessages: [Player_C_0] I hit something
[2018.10.24-22.02.17:211][316]LogBlueprintUserMessages: [Player_C_0] I hit something
[2018.10.24-22.02.17:219][317]LogBlueprintUserMessages: [Player_C_0] I hit something
[2018.10.24-22.02.17:227][318]LogBlueprintUserMessages: [Player_C_0] I hit something
[2018.10.24-22.02.17:236][319]LogBlueprintUserMessages: [Player_C_0] I hit something
[2018.10.24-22.02.17:243][320]LogBlueprintUserMessages: [Player_C_0] I hit something
[2018.10.24-22.02.17:251][321]LogBlueprintUserMessages: [Player_C_0] I hit something
[2018.10.24-22.02.17:260][322]LogBlueprintUserMessages: [Player_C_0] I hit something
[2018.10.24-22.02.17:268][323]LogBlueprintUserMessages: [Player_C_0] I hit something
[2018.10.24-22.02.17:277][324]LogBlueprintUserMessages: [Player_C_0] I hit something
[2018.10.24-22.02.17:285][325]LogBlueprintUserMessages: [Player_C_0] I hit something
[2018.10.24-22.02.17:294][326]LogBlueprintUserMessages: [Player_C_0] I hit something
[2018.10.24-22.02.17:302][327]LogBlueprintUserMessages: [Player_C_0] I hit something
[2018.10.24-22.02.17:310][328]LogBlueprintUserMessages: [Player_C_0] I hit something
[2018.10.24-22.02.17:318][329]LogBlueprintUserMessages: [Player_C_0] I hit something
[2018.10.24-22.02.17:327][330]LogBlueprintUserMessages: [Player_C_0] I hit something
[2018.10.24-22.02.17:335][331]LogBlueprintUserMessages: [Player_C_0] I hit something
[2018.10.24-22.02.17:343][332]LogBlueprintUserMessages: [Player_C_0] I hit something
[2018.10.24-22.02.17:352][333]LogBlueprintUserMessages: [Player_C_0] I hit something
[2018.10.24-22.02.17:360][334]LogBlueprintUserMessages: [Player_C_0] I hit something
[2018.10.24-22.02.17:369][335]LogBlueprintUserMessages: [Player_C_0] I hit something
[2018.10.24-22.02.17:377][336]LogBlueprintUserMessages: [Player_C_0] I hit something
[2018.10.24-22.02.17:386][337]LogBlueprintUserMessages: [Player_C_0] I hit something
[2018.10.24-22.02.17:393][338]LogBlueprintUserMessages: [Player_C_0] I hit something
[2018.10.24-22.02.17:402][339]LogBlueprintUserMessages: [Player_C_0] I hit something
[2018.10.24-22.02.17:410][340]LogBlueprintUserMessages: [Player_C_0] I hit something
[2018.10.24-22.02.17:419][341]LogBlueprintUserMessages: [Player_C_0] I hit something
[2018.10.24-22.02.17:427][342]LogBlueprintUserMessages: [Player_C_0] I hit something
[2018.10.24-22.02.17:435][343]LogBlueprintUserMessages: [Player_C_0] I hit something
[2018.10.24-22.02.17:444][344]LogBlueprintUserMessages: [Player_C_0] I hit something
[2018.10.24-22.02.17:452][345]LogBlueprintUserMessages: [Player_C_0] I hit something
[2018.10.24-22.02.17:460][346]LogBlueprintUserMessages: [Player_C_0] I hit something
[2018.10.24-22.02.17:469][347]LogBlueprintUserMessages: [Player_C_0] I hit something
[2018.10.24-22.02.17:477][348]LogBlueprintUserMessages: [Player_C_0] I hit something
[2018.10.24-22.02.17:485][349]LogBlueprintUserMessages: [Player_C_0] I hit something
[2018.10.24-22.02.17:494][350]LogBlueprintUserMessages: [Player_C_0] I hit something
[2018.10.24-22.02.17:502][351]LogBlueprintUserMessages: [Player_C_0] I hit something
[2018.10.24-22.02.17:511][352]LogBlueprintUserMessages: [Player_C_0] I hit something
[2018.10.24-22.02.17:519][353]LogBlueprintUserMessages: [Player_C_0] I hit something
[2018.10.24-22.02.17:527][354]LogBlueprintUserMessages: [Player_C_0] I hit something
[2018.10.24-22.02.17:536][355]LogBlueprintUserMessages: [Player_C_0] I hit something
[2018.10.24-22.02.17:544][356]LogBlueprintUserMessages: [Player_C_0] I hit something
[2018.10.24-22.02.17:552][357]LogBlueprintUserMessages: [Player_C_0] I hit something
[2018.10.24-22.02.17:561][358]LogBlueprintUserMessages: [Player_C_0] I hit something
[2018.10.24-22.02.17:569][359]LogBlueprintUserMessages: [Player_C_0] I hit something
[2018.10.24-22.02.17:577][360]LogBlueprintUserMessages: [Player_C_0] I hit something
[2018.10.24-22.02.17:586][361]LogBlueprintUserMessages: [Player_C_0] I hit something
[2018.10.24-22.02.17:595][362]LogBlueprintUserMessages: [Player_C_0] I hit something
[2018.10.24-22.02.17:603][363]LogBlueprintUserMessages: [Player_C_0] I hit something
[2018.10.24-22.02.17:611][364]LogBlueprintUserMessages: [Player_C_0] I hit something
[2018.10.24-22.02.17:619][365]LogBlueprintUserMessages: [Player_C_0] I hit something
[2018.10.24-22.02.17:626][366]LogBlueprintUserMessages: [Player_C_0] I hit something
[2018.10.24-22.02.17:635][367]LogBlueprintUserMessages: [Player_C_0] I hit something
[2018.10.24-22.02.17:643][368]LogBlueprintUserMessages: [Player_C_0] I hit something
[2018.10.24-22.02.17:652][369]LogBlueprintUserMessages: [Player_C_0] I hit something
[2018.10.24-22.02.17:660][370]LogBlueprintUserMessages: [Player_C_0] I hit something
[2018.10.24-22.02.17:668][371]LogBlueprintUserMessages: [Player_C_0] I hit something
[2018.10.24-22.02.17:677][372]LogBlueprintUserMessages: [Player_C_0] I hit something
[2018.10.24-22.02.17:685][373]LogBlueprintUserMessages: [Player_C_0] I hit something
[2018.10.24-22.02.17:694][374]LogBlueprintUserMessages: [Player_C_0] I hit something
[2018.10.24-22.02.17:702][375]LogBlueprintUserMessages: [Player_C_0] I hit something
[2018.10.24-22.02.17:710][376]LogBlueprintUserMessages: [Player_C_0] I hit something
[2018.10.24-22.02.17:719][377]LogBlueprintUserMessages: [Player_C_0] I hit something
[2018.10.24-22.02.17:727][378]LogBlueprintUserMessages: [Player_C_0] I hit something
[2018.10.24-22.02.17:735][379]LogBlueprintUserMessages: [Player_C_0] I hit something
[2018.10.24-22.02.17:743][380]LogBlueprintUserMessages: [Player_C_0] I hit something
[2018.10.24-22.02.17:752][381]LogBlueprintUserMessages: [Player_C_0] I hit something
[2018.10.24-22.02.17:760][382]LogBlueprintUserMessages: [Player_C_0] I hit something
[2018.10.24-22.02.17:769][383]LogBlueprintUserMessages: [Player_C_0] I hit something
[2018.10.24-22.02.17:777][384]LogBlueprintUserMessages: [Player_C_0] I hit something
[2018.10.24-22.02.17:786][385]LogBlueprintUserMessages: [Player_C_0] I hit something
[2018.10.24-22.02.17:794][386]LogBlueprintUserMessages: [Player_C_0] I hit something
[2018.10.24-22.02.17:802][387]LogBlueprintUserMessages: [Player_C_0] I hit something
[2018.10.24-22.02.17:810][388]LogBlueprintUserMessages: [Player_C_0] I hit something
[2018.10.24-22.02.17:819][389]LogBlueprintUserMessages: [Player_C_0] I hit something
[2018.10.24-22.02.17:827][390]LogBlueprintUserMessages: [Player_C_0] I hit something
[2018.10.24-22.02.17:835][391]LogBlueprintUserMessages: [Player_C_0] I hit something
[2018.10.24-22.02.17:843][392]LogBlueprintUserMessages: [Player_C_0] I hit something
[2018.10.24-22.02.17:852][393]LogBlueprintUserMessages: [Player_C_0] I hit something
[2018.10.24-22.02.17:860][394]LogBlueprintUserMessages: [Player_C_0] I hit something
[2018.10.24-22.02.17:868][395]LogBlueprintUserMessages: [Player_C_0] I hit something
[2018.10.24-22.02.17:877][396]LogBlueprintUserMessages: [Player_C_0] I hit something
[2018.10.24-22.02.17:885][397]LogBlueprintUserMessages: [Player_C_0] I hit something
[2018.10.24-22.02.17:893][398]LogBlueprintUserMessages: [Player_C_0] I hit something
[2018.10.24-22.02.17:902][399]LogBlueprintUserMessages: [Player_C_0] I hit something
[2018.10.24-22.02.17:910][400]LogBlueprintUserMessages: [Player_C_0] I hit something
[2018.10.24-22.02.17:918][401]LogBlueprintUserMessages: [Player_C_0] I hit something
[2018.10.24-22.02.17:927][402]LogBlueprintUserMessages: [Player_C_0] I hit something
[2018.10.24-22.02.17:935][403]LogBlueprintUserMessages: [Player_C_0] I hit something
[2018.10.24-22.02.17:944][404]LogBlueprintUserMessages: [Player_C_0] I hit something
[2018.10.24-22.02.17:952][405]LogBlueprintUserMessages: [Player_C_0] I hit something
[2018.10.24-22.02.17:960][406]LogBlueprintUserMessages: [Player_C_0] I hit something
[2018.10.24-22.02.17:969][407]LogBlueprintUserMessages: [Player_C_0] I hit something
[2018.10.24-22.02.17:977][408]LogBlueprintUserMessages: [Player_C_0] I hit something
[2018.10.24-22.02.17:986][409]LogBlueprintUserMessages: [Player_C_0] I hit something
[2018.10.24-22.02.17:994][410]LogBlueprintUserMessages: [Player_C_0] I hit something
[2018.10.24-22.02.18:003][411]LogBlueprintUserMessages: [Player_C_0] I hit something
[2018.10.24-22.02.18:011][412]LogBlueprintUserMessages: [Player_C_0] I hit something
[2018.10.24-22.02.18:019][413]LogBlueprintUserMessages: [Player_C_0] I hit something
[2018.10.24-22.02.18:028][414]LogBlueprintUserMessages: [Player_C_0] I hit something
[2018.10.24-22.02.18:036][415]LogBlueprintUserMessages: [Player_C_0] I hit something
[2018.10.24-22.02.18:044][416]LogBlueprintUserMessages: [Player_C_0] I hit something
[2018.10.24-22.02.18:052][417]LogBlueprintUserMessages: [Player_C_0] I hit something
[2018.10.24-22.02.18:061][418]LogBlueprintUserMessages: [Player_C_0] I hit something
[2018.10.24-22.02.18:069][419]LogBlueprintUserMessages: [Player_C_0] I hit something
[2018.10.24-22.02.18:077][420]LogBlueprintUserMessages: [Player_C_0] I hit something
[2018.10.24-22.02.18:086][421]LogBlueprintUserMessages: [Player_C_0] I hit something
[2018.10.24-22.02.18:094][422]LogBlueprintUserMessages: [Player_C_0] I hit something
[2018.10.24-22.02.18:102][423]LogBlueprintUserMessages: [Player_C_0] I hit something
[2018.10.24-22.02.18:111][424]LogBlueprintUserMessages: [Player_C_0] I hit something
[2018.10.24-22.02.18:119][425]LogBlueprintUserMessages: [Player_C_0] I hit something
[2018.10.24-22.02.18:128][426]LogBlueprintUserMessages: [Player_C_0] I hit something
[2018.10.24-22.02.18:137][427]LogBlueprintUserMessages: [Player_C_0] I hit something
[2018.10.24-22.02.18:144][428]LogBlueprintUserMessages: [Player_C_0] I hit something
[2018.10.24-22.02.18:153][429]LogBlueprintUserMessages: [Player_C_0] I hit something
[2018.10.24-22.02.18:161][430]LogBlueprintUserMessages: [Player_C_0] I hit something
[2018.10.24-22.02.18:169][431]LogBlueprintUserMessages: [Player_C_0] I hit something
[2018.10.24-22.02.18:178][432]LogBlueprintUserMessages: [Player_C_0] I hit something
[2018.10.24-22.02.18:186][433]LogBlueprintUserMessages: [Player_C_0] I hit something
[2018.10.24-22.02.18:194][434]LogBlueprintUserMessages: [Player_C_0] I hit something
[2018.10.24-22.02.18:202][435]LogBlueprintUserMessages: [Player_C_0] I hit something
[2018.10.24-22.02.18:210][436]LogBlueprintUserMessages: [Player_C_0] I hit something
[2018.10.24-22.02.18:218][437]LogBlueprintUserMessages: [Player_C_0] I hit something
[2018.10.24-22.02.18:227][438]LogBlueprintUserMessages: [Player_C_0] I hit something
[2018.10.24-22.02.18:235][439]LogBlueprintUserMessages: [Player_C_0] I hit something
[2018.10.24-22.02.18:244][440]LogBlueprintUserMessages: [Player_C_0] I hit something
[2018.10.24-22.02.18:252][441]LogBlueprintUserMessages: [Player_C_0] I hit something
[2018.10.24-22.02.18:260][442]LogBlueprintUserMessages: [Player_C_0] I hit something
[2018.10.24-22.02.18:268][443]LogBlueprintUserMessages: [Player_C_0] I hit something
[2018.10.24-22.02.18:277][444]LogBlueprintUserMessages: [Player_C_0] I hit something
[2018.10.24-22.02.18:285][445]LogBlueprintUserMessages: [Player_C_0] I hit something
[2018.10.24-22.02.18:293][446]LogBlueprintUserMessages: [Player_C_0] I hit something
[2018.10.24-22.02.18:302][447]LogBlueprintUserMessages: [Player_C_0] I hit something
[2018.10.24-22.02.18:310][448]LogBlueprintUserMessages: [Player_C_0] I hit something
[2018.10.24-22.02.18:319][449]LogBlueprintUserMessages: [Player_C_0] I hit something
[2018.10.24-22.02.18:327][450]LogBlueprintUserMessages: [Player_C_0] I hit something
[2018.10.24-22.02.18:335][451]LogBlueprintUserMessages: [Player_C_0] I hit something
[2018.10.24-22.02.18:344][452]LogBlueprintUserMessages: [Player_C_0] I hit something
[2018.10.24-22.02.18:352][453]LogBlueprintUserMessages: [Player_C_0] I hit something
[2018.10.24-22.02.18:361][454]LogBlueprintUserMessages: [Player_C_0] I hit something
[2018.10.24-22.02.18:369][455]LogBlueprintUserMessages: [Player_C_0] I hit something
[2018.10.24-22.02.18:377][456]LogBlueprintUserMessages: [Player_C_0] I hit something
[2018.10.24-22.02.18:386][457]LogBlueprintUserMessages: [Player_C_0] I hit something
[2018.10.24-22.02.18:394][458]LogBlueprintUserMessages: [Player_C_0] I hit something
[2018.10.24-22.02.18:403][459]LogBlueprintUserMessages: [Player_C_0] I hit something
[2018.10.24-22.02.18:411][460]LogBlueprintUserMessages: [Player_C_0] I hit something
[2018.10.24-22.02.18:419][461]LogBlueprintUserMessages: [Player_C_0] I hit something
[2018.10.24-22.02.18:427][462]LogBlueprintUserMessages: [Player_C_0] I hit something
[2018.10.24-22.02.18:435][463]LogBlueprintUserMessages: [Player_C_0] I hit something
[2018.10.24-22.02.18:444][464]LogBlueprintUserMessages: [Player_C_0] I hit something
[2018.10.24-22.02.18:452][465]LogBlueprintUserMessages: [Player_C_0] I hit something
[2018.10.24-22.02.18:460][466]LogBlueprintUserMessages: [Player_C_0] I hit something
[2018.10.24-22.02.18:469][467]LogBlueprintUserMessages: [Player_C_0] I hit something
[2018.10.24-22.02.18:477][468]LogBlueprintUserMessages: [Player_C_0] I hit something
[2018.10.24-22.02.18:485][469]LogBlueprintUserMessages: [Player_C_0] I hit something
[2018.10.24-22.02.18:494][470]LogBlueprintUserMessages: [Player_C_0] I hit something
[2018.10.24-22.02.18:502][471]LogBlueprintUserMessages: [Player_C_0] I hit something
[2018.10.24-22.02.18:510][472]LogBlueprintUserMessages: [Player_C_0] I hit something
[2018.10.24-22.02.18:519][473]LogBlueprintUserMessages: [Player_C_0] I hit something
[2018.10.24-22.02.18:528][474]LogBlueprintUserMessages: [Player_C_0] I hit something
[2018.10.24-22.02.18:535][475]LogBlueprintUserMessages: [Player_C_0] I hit something
[2018.10.24-22.02.18:543][476]LogBlueprintUserMessages: [Player_C_0] I hit something
[2018.10.24-22.02.18:552][477]LogBlueprintUserMessages: [Player_C_0] I hit something
[2018.10.24-22.02.18:560][478]LogBlueprintUserMessages: [Player_C_0] I hit something
[2018.10.24-22.02.18:569][479]LogBlueprintUserMessages: [Player_C_0] I hit something
[2018.10.24-22.02.18:577][480]LogBlueprintUserMessages: [Player_C_0] I hit something
[2018.10.24-22.02.18:585][481]LogBlueprintUserMessages: [Player_C_0] I hit something
[2018.10.24-22.02.18:593][482]LogBlueprintUserMessages: [Player_C_0] I hit something
[2018.10.24-22.02.18:602][483]LogBlueprintUserMessages: [Player_C_0] I hit something
[2018.10.24-22.02.18:610][484]LogBlueprintUserMessages: [Player_C_0] I hit something
[2018.10.24-22.02.18:619][485]LogBlueprintUserMessages: [Player_C_0] I hit something
[2018.10.24-22.02.18:627][486]LogBlueprintUserMessages: [Player_C_0] I hit something
[2018.10.24-22.02.18:635][487]LogBlueprintUserMessages: [Player_C_0] I hit something
[2018.10.24-22.02.18:643][488]LogBlueprintUserMessages: [Player_C_0] I hit something
[2018.10.24-22.02.18:652][489]LogBlueprintUserMessages: [Player_C_0] I hit something
[2018.10.24-22.02.18:660][490]LogBlueprintUserMessages: [Player_C_0] I hit something
[2018.10.24-22.02.18:669][491]LogBlueprintUserMessages: [Player_C_0] I hit something
[2018.10.24-22.02.18:677][492]LogBlueprintUserMessages: [Player_C_0] I hit something
[2018.10.24-22.02.18:685][493]LogBlueprintUserMessages: [Player_C_0] I hit something
[2018.10.24-22.02.18:694][494]LogBlueprintUserMessages: [Player_C_0] I hit something
[2018.10.24-22.02.18:702][495]LogBlueprintUserMessages: [Player_C_0] I hit something
[2018.10.24-22.02.18:710][496]LogBlueprintUserMessages: [Player_C_0] I hit something
[2018.10.24-22.02.18:719][497]LogBlueprintUserMessages: [Player_C_0] I hit something
[2018.10.24-22.02.18:727][498]LogBlueprintUserMessages: [Player_C_0] I hit something
[2018.10.24-22.02.18:735][499]LogBlueprintUserMessages: [Player_C_0] I hit something
[2018.10.24-22.02.18:744][500]LogBlueprintUserMessages: [Player_C_0] I hit something
[2018.10.24-22.02.18:752][501]LogBlueprintUserMessages: [Player_C_0] I hit something
[2018.10.24-22.02.18:761][502]LogBlueprintUserMessages: [Player_C_0] I hit something
[2018.10.24-22.02.18:769][503]LogBlueprintUserMessages: [Player_C_0] I hit something
[2018.10.24-22.02.18:777][504]LogBlueprintUserMessages: [Player_C_0] I hit something
[2018.10.24-22.02.18:786][505]LogBlueprintUserMessages: [Player_C_0] I hit something
[2018.10.24-22.02.18:794][506]LogBlueprintUserMessages: [Player_C_0] I hit something
[2018.10.24-22.02.18:802][507]LogBlueprintUserMessages: [Player_C_0] I hit something
[2018.10.24-22.02.18:810][508]LogBlueprintUserMessages: [Player_C_0] I hit something
[2018.10.24-22.02.18:819][509]LogBlueprintUserMessages: [Player_C_0] I hit something
[2018.10.24-22.02.18:827][510]LogBlueprintUserMessages: [Player_C_0] I hit something
[2018.10.24-22.02.18:836][511]LogBlueprintUserMessages: [Player_C_0] I hit something
[2018.10.24-22.02.18:844][512]LogBlueprintUserMessages: [Player_C_0] I hit something
[2018.10.24-22.02.18:852][513]LogBlueprintUserMessages: [Player_C_0] I hit something
[2018.10.24-22.02.18:861][514]LogBlueprintUserMessages: [Player_C_0] I hit something
[2018.10.24-22.02.18:869][515]LogBlueprintUserMessages: [Player_C_0] I hit something
[2018.10.24-22.02.18:878][516]LogBlueprintUserMessages: [Player_C_0] I hit something
[2018.10.24-22.02.18:886][517]LogBlueprintUserMessages: [Player_C_0] I hit something
[2018.10.24-22.02.18:894][518]LogBlueprintUserMessages: [Player_C_0] I hit something
[2018.10.24-22.02.21:519][833]LogBlueprintUserMessages: [Player_C_0] I hit something
[2018.10.24-22.02.21:528][834]LogBlueprintUserMessages: [Player_C_0] I hit something
[2018.10.24-22.02.21:535][835]LogBlueprintUserMessages: [Player_C_0] I hit something
[2018.10.24-22.02.21:544][836]LogBlueprintUserMessages: [Player_C_0] I hit something
[2018.10.24-22.02.21:552][837]LogBlueprintUserMessages: [Player_C_0] I hit something
[2018.10.24-22.02.21:560][838]LogBlueprintUserMessages: [Player_C_0] I hit something
[2018.10.24-22.02.21:569][839]LogBlueprintUserMessages: [Player_C_0] I hit something
[2018.10.24-22.02.21:577][840]LogBlueprintUserMessages: [Player_C_0] I hit something
[2018.10.24-22.02.21:585][841]LogBlueprintUserMessages: [Player_C_0] I hit something
[2018.10.24-22.02.21:594][842]LogBlueprintUserMessages: [Player_C_0] I hit something
[2018.10.24-22.02.21:602][843]LogBlueprintUserMessages: [Player_C_0] I hit something
[2018.10.24-22.02.21:610][844]LogBlueprintUserMessages: [Player_C_0] I hit something
[2018.10.24-22.02.21:619][845]LogBlueprintUserMessages: [Player_C_0] I hit something
[2018.10.24-22.02.21:627][846]LogBlueprintUserMessages: [Player_C_0] I hit something
[2018.10.24-22.02.21:636][847]LogBlueprintUserMessages: [Player_C_0] I hit something
[2018.10.24-22.02.21:644][848]LogBlueprintUserMessages: [Player_C_0] I hit something
[2018.10.24-22.02.21:653][849]LogBlueprintUserMessages: [Player_C_0] I hit something
[2018.10.24-22.02.21:661][850]LogBlueprintUserMessages: [Player_C_0] I hit something
[2018.10.24-22.02.21:669][851]LogBlueprintUserMessages: [Player_C_0] I hit something
[2018.10.24-22.02.21:677][852]LogBlueprintUserMessages: [Player_C_0] I hit something
[2018.10.24-22.02.21:686][853]LogBlueprintUserMessages: [Player_C_0] I hit something
[2018.10.24-22.02.21:694][854]LogBlueprintUserMessages: [Player_C_0] I hit something
[2018.10.24-22.02.21:702][855]LogBlueprintUserMessages: [Player_C_0] I hit something
[2018.10.24-22.02.21:711][856]LogBlueprintUserMessages: [Player_C_0] I hit something
[2018.10.24-22.02.21:719][857]LogBlueprintUserMessages: [Player_C_0] I hit something
[2018.10.24-22.02.21:727][858]LogBlueprintUserMessages: [Player_C_0] I hit something
[2018.10.24-22.02.21:736][859]LogBlueprintUserMessages: [Player_C_0] I hit something
[2018.10.24-22.02.21:744][860]LogBlueprintUserMessages: [Player_C_0] I hit something
[2018.10.24-22.02.21:752][861]LogBlueprintUserMessages: [Player_C_0] I hit something
[2018.10.24-22.02.21:761][862]LogBlueprintUserMessages: [Player_C_0] I hit something
[2018.10.24-22.02.21:769][863]LogBlueprintUserMessages: [Player_C_0] I hit something
[2018.10.24-22.02.21:777][864]LogBlueprintUserMessages: [Player_C_0] I hit something
[2018.10.24-22.02.21:785][865]LogBlueprintUserMessages: [Player_C_0] I hit something
[2018.10.24-22.02.21:794][866]LogBlueprintUserMessages: [Player_C_0] I hit something
[2018.10.24-22.02.21:802][867]LogBlueprintUserMessages: [Player_C_0] I hit something
[2018.10.24-22.02.21:811][868]LogBlueprintUserMessages: [Player_C_0] I hit something
[2018.10.24-22.02.21:819][869]LogBlueprintUserMessages: [Player_C_0] I hit something
[2018.10.24-22.02.21:827][870]LogBlueprintUserMessages: [Player_C_0] I hit something
[2018.10.24-22.02.21:836][871]LogBlueprintUserMessages: [Player_C_0] I hit something
[2018.10.24-22.02.21:844][872]LogBlueprintUserMessages: [Player_C_0] I hit something
[2018.10.24-22.02.21:852][873]LogBlueprintUserMessages: [Player_C_0] I hit something
[2018.10.24-22.02.21:861][874]LogBlueprintUserMessages: [Player_C_0] I hit something
[2018.10.24-22.02.21:869][875]LogBlueprintUserMessages: [Player_C_0] I hit something
[2018.10.24-22.02.21:877][876]LogBlueprintUserMessages: [Player_C_0] I hit something
[2018.10.24-22.02.21:886][877]LogBlueprintUserMessages: [Player_C_0] I hit something
[2018.10.24-22.02.21:894][878]LogBlueprintUserMessages: [Player_C_0] I hit something
[2018.10.24-22.02.21:904][879]LogBlueprintUserMessages: [Player_C_0] I hit something
[2018.10.24-22.02.21:911][880]LogBlueprintUserMessages: [Player_C_0] I hit something
[2018.10.24-22.02.21:919][881]LogBlueprintUserMessages: [Player_C_0] I hit something
[2018.10.24-22.02.21:927][882]LogBlueprintUserMessages: [Player_C_0] I hit something
[2018.10.24-22.02.21:936][883]LogBlueprintUserMessages: [Player_C_0] I hit something
[2018.10.24-22.02.21:944][884]LogBlueprintUserMessages: [Player_C_0] I hit something
[2018.10.24-22.02.21:952][885]LogBlueprintUserMessages: [Player_C_0] I hit something
[2018.10.24-22.02.21:960][886]LogBlueprintUserMessages: [Player_C_0] I hit something
[2018.10.24-22.02.21:969][887]LogBlueprintUserMessages: [Player_C_0] I hit something
[2018.10.24-22.02.21:977][888]LogBlueprintUserMessages: [Player_C_0] I hit something
[2018.10.24-22.02.21:986][889]LogBlueprintUserMessages: [Player_C_0] I hit something
[2018.10.24-22.02.21:994][890]LogBlueprintUserMessages: [Player_C_0] I hit something
[2018.10.24-22.02.22:002][891]LogBlueprintUserMessages: [Player_C_0] I hit something
[2018.10.24-22.02.22:010][892]LogBlueprintUserMessages: [Player_C_0] I hit something
[2018.10.24-22.02.22:019][893]LogBlueprintUserMessages: [Player_C_0] I hit something
[2018.10.24-22.02.22:027][894]LogBlueprintUserMessages: [Player_C_0] I hit something
[2018.10.24-22.02.22:036][895]LogBlueprintUserMessages: [Player_C_0] I hit something
[2018.10.24-22.02.22:044][896]LogBlueprintUserMessages: [Player_C_0] I hit something
[2018.10.24-22.02.22:053][897]LogBlueprintUserMessages: [Player_C_0] I hit something
[2018.10.24-22.02.22:061][898]LogBlueprintUserMessages: [Player_C_0] I hit something
[2018.10.24-22.02.22:069][899]LogBlueprintUserMessages: [Player_C_0] I hit something
[2018.10.24-22.02.22:077][900]LogBlueprintUserMessages: [Player_C_0] I hit something
[2018.10.24-22.02.22:077][900]LogBlueprintUserMessages: [Player_C_0] I hit something
[2018.10.24-22.02.22:086][901]LogBlueprintUserMessages: [Player_C_0] I hit something
[2018.10.24-22.02.22:086][901]LogBlueprintUserMessages: [Player_C_0] I hit something
[2018.10.24-22.02.22:094][902]LogBlueprintUserMessages: [Player_C_0] I hit something
[2018.10.24-22.02.22:094][902]LogBlueprintUserMessages: [Player_C_0] I hit something
[2018.10.24-22.02.22:102][903]LogBlueprintUserMessages: [Player_C_0] I hit something
[2018.10.24-22.02.22:103][903]LogBlueprintUserMessages: [Player_C_0] I hit something
[2018.10.24-22.02.22:111][904]LogBlueprintUserMessages: [Player_C_0] I hit something
[2018.10.24-22.02.22:111][904]LogBlueprintUserMessages: [Player_C_0] I hit something
[2018.10.24-22.02.22:119][905]LogBlueprintUserMessages: [Player_C_0] I hit something
[2018.10.24-22.02.22:119][905]LogBlueprintUserMessages: [Player_C_0] I hit something
[2018.10.24-22.02.22:127][906]LogBlueprintUserMessages: [Player_C_0] I hit something
[2018.10.24-22.02.22:136][907]LogBlueprintUserMessages: [Player_C_0] I hit something
[2018.10.24-22.02.22:144][908]LogBlueprintUserMessages: [Player_C_0] I hit something
[2018.10.24-22.02.25:688][333]LogBlueprintUserMessages: [Player_C_0] I hit something
[2018.10.24-22.02.25:696][334]LogBlueprintUserMessages: [Player_C_0] I hit something
[2018.10.24-22.02.25:705][335]LogBlueprintUserMessages: [Player_C_0] I hit something
[2018.10.24-22.02.25:713][336]LogBlueprintUserMessages: [Player_C_0] I hit something
[2018.10.24-22.02.25:721][337]LogBlueprintUserMessages: [Player_C_0] I hit something
[2018.10.24-22.02.25:730][338]LogBlueprintUserMessages: [Player_C_0] I hit something
[2018.10.24-22.02.25:738][339]LogBlueprintUserMessages: [Player_C_0] I hit something
[2018.10.24-22.02.25:746][340]LogBlueprintUserMessages: [Player_C_0] I hit something
[2018.10.24-22.02.25:755][341]LogBlueprintUserMessages: [Player_C_0] I hit something
[2018.10.24-22.02.25:763][342]LogBlueprintUserMessages: [Player_C_0] I hit something
[2018.10.24-22.02.25:771][343]LogBlueprintUserMessages: [Player_C_0] I hit something
[2018.10.24-22.02.25:779][344]LogBlueprintUserMessages: [Player_C_0] I hit something
[2018.10.24-22.02.25:788][345]LogBlueprintUserMessages: [Player_C_0] I hit something
[2018.10.24-22.02.25:796][346]LogBlueprintUserMessages: [Player_C_0] I hit something
[2018.10.24-22.02.25:804][347]LogBlueprintUserMessages: [Player_C_0] I hit something
[2018.10.24-22.02.25:813][348]LogBlueprintUserMessages: [Player_C_0] I hit something
[2018.10.24-22.02.25:821][349]LogBlueprintUserMessages: [Player_C_0] I hit something
[2018.10.24-22.02.25:830][350]LogBlueprintUserMessages: [Player_C_0] I hit something
[2018.10.24-22.02.25:838][351]LogBlueprintUserMessages: [Player_C_0] I hit something
[2018.10.24-22.02.25:846][352]LogBlueprintUserMessages: [Player_C_0] I hit something
[2018.10.24-22.02.25:855][353]LogBlueprintUserMessages: [Player_C_0] I hit something
[2018.10.24-22.02.25:863][354]LogBlueprintUserMessages: [Player_C_0] I hit something
[2018.10.24-22.02.25:871][355]LogBlueprintUserMessages: [Player_C_0] I hit something
[2018.10.24-22.02.25:880][356]LogBlueprintUserMessages: [Player_C_0] I hit something
[2018.10.24-22.02.25:888][357]LogBlueprintUserMessages: [Player_C_0] I hit something
[2018.10.24-22.02.25:896][358]LogBlueprintUserMessages: [Player_C_0] I hit something
[2018.10.24-22.02.25:905][359]LogBlueprintUserMessages: [Player_C_0] I hit something
[2018.10.24-22.02.25:913][360]LogBlueprintUserMessages: [Player_C_0] I hit something
[2018.10.24-22.02.25:922][361]LogBlueprintUserMessages: [Player_C_0] I hit something
[2018.10.24-22.02.25:930][362]LogBlueprintUserMessages: [Player_C_0] I hit something
[2018.10.24-22.02.25:938][363]LogBlueprintUserMessages: [Player_C_0] I hit something
[2018.10.24-22.02.25:946][364]LogBlueprintUserMessages: [Player_C_0] I hit something
[2018.10.24-22.02.25:955][365]LogBlueprintUserMessages: [Player_C_0] I hit something
[2018.10.24-22.02.25:964][366]LogBlueprintUserMessages: [Player_C_0] I hit something
[2018.10.24-22.02.25:972][367]LogBlueprintUserMessages: [Player_C_0] I hit something
[2018.10.24-22.02.25:980][368]LogBlueprintUserMessages: [Player_C_0] I hit something
[2018.10.24-22.02.25:988][369]LogBlueprintUserMessages: [Player_C_0] I hit something
[2018.10.24-22.02.25:997][370]LogBlueprintUserMessages: [Player_C_0] I hit something
[2018.10.24-22.02.26:005][371]LogBlueprintUserMessages: [Player_C_0] I hit something
[2018.10.24-22.02.26:013][372]LogBlueprintUserMessages: [Player_C_0] I hit something
[2018.10.24-22.02.26:022][373]LogBlueprintUserMessages: [Player_C_0] I hit something
[2018.10.24-22.02.26:030][374]LogBlueprintUserMessages: [Player_C_0] I hit something
[2018.10.24-22.02.26:038][375]LogBlueprintUserMessages: [Player_C_0] I hit something
[2018.10.24-22.02.26:047][376]LogBlueprintUserMessages: [Player_C_0] I hit something
[2018.10.24-22.02.26:056][377]LogBlueprintUserMessages: [Player_C_0] I hit something
[2018.10.24-22.02.26:063][378]LogBlueprintUserMessages: [Player_C_0] I hit something
[2018.10.24-22.02.26:071][379]LogBlueprintUserMessages: [Player_C_0] I hit something
[2018.10.24-22.02.26:079][380]LogBlueprintUserMessages: [Player_C_0] I hit something
[2018.10.24-22.02.26:088][381]LogBlueprintUserMessages: [Player_C_0] I hit something
[2018.10.24-22.02.26:096][382]LogBlueprintUserMessages: [Player_C_0] I hit something
[2018.10.24-22.02.26:104][383]LogBlueprintUserMessages: [Player_C_0] I hit something
[2018.10.24-22.02.26:113][384]LogBlueprintUserMessages: [Player_C_0] I hit something
[2018.10.24-22.02.26:121][385]LogBlueprintUserMessages: [Player_C_0] I hit something
[2018.10.24-22.02.26:131][386]LogBlueprintUserMessages: [Player_C_0] I hit something
[2018.10.24-22.02.26:139][387]LogBlueprintUserMessages: [Player_C_0] I hit something
[2018.10.24-22.02.26:147][388]LogBlueprintUserMessages: [Player_C_0] I hit something
[2018.10.24-22.02.26:155][389]LogBlueprintUserMessages: [Player_C_0] I hit something
[2018.10.24-22.02.26:164][390]LogBlueprintUserMessages: [Player_C_0] I hit something
[2018.10.24-22.02.26:172][391]LogBlueprintUserMessages: [Player_C_0] I hit something
[2018.10.24-22.02.26:180][392]LogBlueprintUserMessages: [Player_C_0] I hit something
[2018.10.24-22.02.26:189][393]LogBlueprintUserMessages: [Player_C_0] I hit something
[2018.10.24-22.02.26:197][394]LogBlueprintUserMessages: [Player_C_0] I hit something
[2018.10.24-22.02.26:206][395]LogBlueprintUserMessages: [Player_C_0] I hit something
[2018.10.24-22.02.26:216][396]LogBlueprintUserMessages: [Player_C_0] I hit something
[2018.10.24-22.02.26:222][397]LogBlueprintUserMessages: [Player_C_0] I hit something
[2018.10.24-22.02.26:230][398]LogBlueprintUserMessages: [Player_C_0] I hit something
[2018.10.24-22.02.26:239][399]LogBlueprintUserMessages: [Player_C_0] I hit something
[2018.10.24-22.02.26:247][400]LogBlueprintUserMessages: [Player_C_0] I hit something
[2018.10.24-22.02.26:256][401]LogBlueprintUserMessages: [Player_C_0] I hit something
[2018.10.24-22.02.26:264][402]LogBlueprintUserMessages: [Player_C_0] I hit something
[2018.10.24-22.02.26:273][403]LogBlueprintUserMessages: [Player_C_0] I hit something
[2018.10.24-22.02.26:281][404]LogBlueprintUserMessages: [Player_C_0] I hit something
[2018.10.24-22.02.34:640][407]LogBlueprintUserMessages: [Player_C_0] I hit something
[2018.10.24-22.02.34:648][408]LogBlueprintUserMessages: [Player_C_0] I hit something
[2018.10.24-22.02.34:657][409]LogBlueprintUserMessages: [Player_C_0] I hit something
[2018.10.24-22.02.34:665][410]LogBlueprintUserMessages: [Player_C_0] I hit something
[2018.10.24-22.02.34:673][411]LogBlueprintUserMessages: [Player_C_0] I hit something
[2018.10.24-22.02.34:683][412]LogBlueprintUserMessages: [Player_C_0] I hit something
[2018.10.24-22.02.34:690][413]LogBlueprintUserMessages: [Player_C_0] I hit something
[2018.10.24-22.02.34:698][414]LogBlueprintUserMessages: [Player_C_0] I hit something
[2018.10.24-22.02.34:706][415]LogBlueprintUserMessages: [Player_C_0] I hit something
[2018.10.24-22.02.34:715][416]LogBlueprintUserMessages: [Player_C_0] I hit something
[2018.10.24-22.02.34:723][417]LogBlueprintUserMessages: [Player_C_0] I hit something
[2018.10.24-22.02.34:731][418]LogBlueprintUserMessages: [Player_C_0] I hit something
[2018.10.24-22.02.34:740][419]LogBlueprintUserMessages: [Player_C_0] I hit something
[2018.10.24-22.02.34:748][420]LogBlueprintUserMessages: [Player_C_0] I hit something
[2018.10.24-22.02.35:482][508]LogBlueprintUserMessages: [Player_C_0] I hit something
[2018.10.24-22.02.35:490][509]LogBlueprintUserMessages: [Player_C_0] I hit something
[2018.10.24-22.02.35:498][510]LogBlueprintUserMessages: [Player_C_0] I hit something
[2018.10.24-22.02.35:507][511]LogBlueprintUserMessages: [Player_C_0] I hit something
[2018.10.24-22.02.35:515][512]LogBlueprintUserMessages: [Player_C_0] I hit something
[2018.10.24-22.02.35:523][513]LogBlueprintUserMessages: [Player_C_0] I hit something
[2018.10.24-22.02.35:532][514]LogBlueprintUserMessages: [Player_C_0] I hit something
[2018.10.24-22.02.35:539][515]LogBlueprintUserMessages: [Player_C_0] I hit something
[2018.10.24-22.02.35:548][516]LogBlueprintUserMessages: [Player_C_0] I hit something
[2018.10.24-22.02.35:556][517]LogBlueprintUserMessages: [Player_C_0] I hit something
[2018.10.24-22.02.35:564][518]LogBlueprintUserMessages: [Player_C_0] I hit something
[2018.10.24-22.02.35:573][519]LogBlueprintUserMessages: [Player_C_0] I hit something
[2018.10.24-22.02.35:581][520]LogBlueprintUserMessages: [Player_C_0] I hit something
[2018.10.24-22.02.35:589][521]LogBlueprintUserMessages: [Player_C_0] I hit something
[2018.10.24-22.02.35:598][522]LogBlueprintUserMessages: [Player_C_0] I hit something
[2018.10.24-22.02.35:607][523]LogBlueprintUserMessages: [Player_C_0] I hit something
[2018.10.24-22.02.35:614][524]LogBlueprintUserMessages: [Player_C_0] I hit something
[2018.10.24-22.02.35:623][525]LogBlueprintUserMessages: [Player_C_0] I hit something
[2018.10.24-22.02.35:631][526]LogBlueprintUserMessages: [Player_C_0] I hit something
[2018.10.24-22.02.35:639][527]LogBlueprintUserMessages: [Player_C_0] I hit something
[2018.10.24-22.02.35:648][528]LogBlueprintUserMessages: [Player_C_0] I hit something
[2018.10.24-22.02.35:656][529]LogBlueprintUserMessages: [Player_C_0] I hit something
[2018.10.24-22.02.35:665][530]LogBlueprintUserMessages: [Player_C_0] I hit something
[2018.10.24-22.02.35:673][531]LogBlueprintUserMessages: [Player_C_0] I hit something
[2018.10.24-22.02.35:682][532]LogBlueprintUserMessages: [Player_C_0] I hit something
[2018.10.24-22.02.35:690][533]LogBlueprintUserMessages: [Player_C_0] I hit something
[2018.10.24-22.02.35:698][534]LogBlueprintUserMessages: [Player_C_0] I hit something
[2018.10.24-22.02.35:706][535]LogBlueprintUserMessages: [Player_C_0] I hit something
[2018.10.24-22.02.35:715][536]LogBlueprintUserMessages: [Player_C_0] I hit something
[2018.10.24-22.02.35:723][537]LogBlueprintUserMessages: [Player_C_0] I hit something
[2018.10.24-22.02.35:731][538]LogBlueprintUserMessages: [Player_C_0] I hit something
[2018.10.24-22.02.35:740][539]LogBlueprintUserMessages: [Player_C_0] I hit something
[2018.10.24-22.02.35:748][540]LogBlueprintUserMessages: [Player_C_0] I hit something
[2018.10.24-22.02.35:757][541]LogBlueprintUserMessages: [Player_C_0] I hit something
[2018.10.24-22.02.35:765][542]LogBlueprintUserMessages: [Player_C_0] I hit something
[2018.10.24-22.02.35:773][543]LogBlueprintUserMessages: [Player_C_0] I hit something
[2018.10.24-22.02.35:782][544]LogBlueprintUserMessages: [Player_C_0] I hit something
[2018.10.24-22.02.35:790][545]LogBlueprintUserMessages: [Player_C_0] I hit something
[2018.10.24-22.02.35:798][546]LogBlueprintUserMessages: [Player_C_0] I hit something
[2018.10.24-22.02.35:807][547]LogBlueprintUserMessages: [Player_C_0] I hit something
[2018.10.24-22.02.35:815][548]LogBlueprintUserMessages: [Player_C_0] I hit something
[2018.10.24-22.02.35:824][549]LogBlueprintUserMessages: [Player_C_0] I hit something
[2018.10.24-22.02.35:832][550]LogBlueprintUserMessages: [Player_C_0] I hit something
[2018.10.24-22.02.35:840][551]LogBlueprintUserMessages: [Player_C_0] I hit something
[2018.10.24-22.02.35:849][552]LogBlueprintUserMessages: [Player_C_0] I hit something
[2018.10.24-22.02.35:857][553]LogBlueprintUserMessages: [Player_C_0] I hit something
[2018.10.24-22.02.35:865][554]LogBlueprintUserMessages: [Player_C_0] I hit something
[2018.10.24-22.02.35:874][555]LogBlueprintUserMessages: [Player_C_0] I hit something
[2018.10.24-22.02.41:216][196]LogBlueprintUserMessages: [Player_C_0] I hit something
[2018.10.24-22.02.41:224][197]LogBlueprintUserMessages: [Player_C_0] I hit something
[2018.10.24-22.02.41:233][198]LogBlueprintUserMessages: [Player_C_0] I hit something
[2018.10.24-22.02.41:241][199]LogBlueprintUserMessages: [Player_C_0] I hit something
[2018.10.24-22.02.41:249][200]LogBlueprintUserMessages: [Player_C_0] I hit something
[2018.10.24-22.02.41:258][201]LogBlueprintUserMessages: [Player_C_0] I hit something
[2018.10.24-22.02.41:266][202]LogBlueprintUserMessages: [Player_C_0] I hit something
[2018.10.24-22.02.41:274][203]LogBlueprintUserMessages: [Player_C_0] I hit something
[2018.10.24-22.02.41:282][204]LogBlueprintUserMessages: [Player_C_0] I hit something
[2018.10.24-22.02.41:291][205]LogBlueprintUserMessages: [Player_C_0] I hit something
[2018.10.24-22.02.41:299][206]LogBlueprintUserMessages: [Player_C_0] I hit something
[2018.10.24-22.02.41:307][207]LogBlueprintUserMessages: [Player_C_0] I hit something
[2018.10.24-22.02.41:316][208]LogBlueprintUserMessages: [Player_C_0] I hit something
[2018.10.24-22.02.41:325][209]LogBlueprintUserMessages: [Player_C_0] I hit something
[2018.10.24-22.02.41:332][210]LogBlueprintUserMessages: [Player_C_0] I hit something
[2018.10.24-22.02.41:341][211]LogBlueprintUserMessages: [Player_C_0] I hit something
[2018.10.24-22.02.41:349][212]LogBlueprintUserMessages: [Player_C_0] I hit something
[2018.10.24-22.02.41:357][213]LogBlueprintUserMessages: [Player_C_0] I hit something
[2018.10.24-22.02.41:366][214]LogBlueprintUserMessages: [Player_C_0] I hit something
[2018.10.24-22.02.41:375][215]LogBlueprintUserMessages: [Player_C_0] I hit something
[2018.10.24-22.02.41:383][216]LogBlueprintUserMessages: [Player_C_0] I hit something
[2018.10.24-22.02.41:391][217]LogBlueprintUserMessages: [Player_C_0] I hit something
[2018.10.24-22.02.41:399][218]LogBlueprintUserMessages: [Player_C_0] I hit something
[2018.10.24-22.02.41:408][219]LogBlueprintUserMessages: [Player_C_0] I hit something
[2018.10.24-22.02.41:416][220]LogBlueprintUserMessages: [Player_C_0] I hit something
[2018.10.24-22.02.41:424][221]LogBlueprintUserMessages: [Player_C_0] I hit something
[2018.10.24-22.02.41:433][222]LogBlueprintUserMessages: [Player_C_0] I hit something
[2018.10.24-22.02.41:441][223]LogBlueprintUserMessages: [Player_C_0] I hit something
[2018.10.24-22.02.41:449][224]LogBlueprintUserMessages: [Player_C_0] I hit something
[2018.10.24-22.02.41:458][225]LogBlueprintUserMessages: [Player_C_0] I hit something
[2018.10.24-22.02.41:466][226]LogBlueprintUserMessages: [Player_C_0] I hit something
[2018.10.24-22.02.41:474][227]LogBlueprintUserMessages: [Player_C_0] I hit something
[2018.10.24-22.02.41:483][228]LogBlueprintUserMessages: [Player_C_0] I hit something
[2018.10.24-22.02.41:491][229]LogBlueprintUserMessages: [Player_C_0] I hit something
[2018.10.24-22.02.41:500][230]LogBlueprintUserMessages: [Player_C_0] I hit something
[2018.10.24-22.02.41:508][231]LogBlueprintUserMessages: [Player_C_0] I hit something
[2018.10.24-22.02.41:516][232]LogBlueprintUserMessages: [Player_C_0] I hit something
[2018.10.24-22.02.41:525][233]LogBlueprintUserMessages: [Player_C_0] I hit something
[2018.10.24-22.02.41:533][234]LogBlueprintUserMessages: [Player_C_0] I hit something
[2018.10.24-22.02.41:541][235]LogBlueprintUserMessages: [Player_C_0] I hit something
[2018.10.24-22.02.41:550][236]LogBlueprintUserMessages: [Player_C_0] I hit something
[2018.10.24-22.02.41:558][237]LogBlueprintUserMessages: [Player_C_0] I hit something
[2018.10.24-22.02.41:567][238]LogBlueprintUserMessages: [Player_C_0] I hit something
[2018.10.24-22.02.41:576][239]LogBlueprintUserMessages: [Player_C_0] I hit something
[2018.10.24-22.02.41:583][240]LogBlueprintUserMessages: [Player_C_0] I hit something
[2018.10.24-22.02.41:592][241]LogBlueprintUserMessages: [Player_C_0] I hit something
[2018.10.24-22.02.41:600][242]LogBlueprintUserMessages: [Player_C_0] I hit something
[2018.10.24-22.02.41:608][243]LogBlueprintUserMessages: [Player_C_0] I hit something
[2018.10.24-22.02.41:617][244]LogBlueprintUserMessages: [Player_C_0] I hit something
[2018.10.24-22.02.41:625][245]LogBlueprintUserMessages: [Player_C_0] I hit something
[2018.10.24-22.02.41:633][246]LogBlueprintUserMessages: [Player_C_0] I hit something
[2018.10.24-22.02.41:642][247]LogBlueprintUserMessages: [Player_C_0] I hit something
[2018.10.24-22.02.41:649][248]LogBlueprintUserMessages: [Player_C_0] I hit something
[2018.10.24-22.02.41:657][249]LogBlueprintUserMessages: [Player_C_0] I hit something
[2018.10.24-22.02.41:666][250]LogBlueprintUserMessages: [Player_C_0] I hit something
[2018.10.24-22.02.41:674][251]LogBlueprintUserMessages: [Player_C_0] I hit something
[2018.10.24-22.02.41:683][252]LogBlueprintUserMessages: [Player_C_0] I hit something
[2018.10.24-22.02.41:691][253]LogBlueprintUserMessages: [Player_C_0] I hit something
[2018.10.24-22.02.41:699][254]LogBlueprintUserMessages: [Player_C_0] I hit something
[2018.10.24-22.02.41:707][255]LogBlueprintUserMessages: [Player_C_0] I hit something
[2018.10.24-22.02.41:716][256]LogBlueprintUserMessages: [Player_C_0] I hit something
[2018.10.24-22.02.41:724][257]LogBlueprintUserMessages: [Player_C_0] I hit something
[2018.10.24-22.02.41:732][258]LogBlueprintUserMessages: [Player_C_0] I hit something
[2018.10.24-22.02.41:741][259]LogBlueprintUserMessages: [Player_C_0] I hit something
[2018.10.24-22.02.41:749][260]LogBlueprintUserMessages: [Player_C_0] I hit something
[2018.10.24-22.02.41:758][261]LogBlueprintUserMessages: [Player_C_0] I hit something
[2018.10.24-22.02.41:766][262]LogBlueprintUserMessages: [Player_C_0] I hit something
[2018.10.24-22.02.41:774][263]LogBlueprintUserMessages: [Player_C_0] I hit something
[2018.10.24-22.02.41:783][264]LogBlueprintUserMessages: [Player_C_0] I hit something
[2018.10.24-22.02.41:791][265]LogBlueprintUserMessages: [Player_C_0] I hit something
[2018.10.24-22.02.41:799][266]LogBlueprintUserMessages: [Player_C_0] I hit something
[2018.10.24-22.02.41:808][267]LogBlueprintUserMessages: [Player_C_0] I hit something
[2018.10.24-22.02.41:816][268]LogBlueprintUserMessages: [Player_C_0] I hit something
[2018.10.24-22.02.41:825][269]LogBlueprintUserMessages: [Player_C_0] I hit something
[2018.10.24-22.02.41:833][270]LogBlueprintUserMessages: [Player_C_0] I hit something
[2018.10.24-22.02.41:841][271]LogBlueprintUserMessages: [Player_C_0] I hit something
[2018.10.24-22.02.41:849][272]LogBlueprintUserMessages: [Player_C_0] I hit something
[2018.10.24-22.02.41:858][273]LogBlueprintUserMessages: [Player_C_0] I hit something
[2018.10.24-22.02.41:866][274]LogBlueprintUserMessages: [Player_C_0] I hit something
[2018.10.24-22.02.41:875][275]LogBlueprintUserMessages: [Player_C_0] I hit something
[2018.10.24-22.02.41:883][276]LogBlueprintUserMessages: [Player_C_0] I hit something
[2018.10.24-22.02.41:891][277]LogBlueprintUserMessages: [Player_C_0] I hit something
[2018.10.24-22.02.41:900][278]LogBlueprintUserMessages: [Player_C_0] I hit something
[2018.10.24-22.02.41:908][279]LogBlueprintUserMessages: [Player_C_0] I hit something
[2018.10.24-22.02.41:918][280]LogBlueprintUserMessages: [Player_C_0] I hit something
[2018.10.24-22.02.41:925][281]LogBlueprintUserMessages: [Player_C_0] I hit something
[2018.10.24-22.02.41:933][282]LogBlueprintUserMessages: [Player_C_0] I hit something
[2018.10.24-22.02.41:941][283]LogBlueprintUserMessages: [Player_C_0] I hit something
[2018.10.24-22.02.41:950][284]LogBlueprintUserMessages: [Player_C_0] I hit something
[2018.10.24-22.02.41:958][285]LogBlueprintUserMessages: [Player_C_0] I hit something
[2018.10.24-22.02.41:967][286]LogBlueprintUserMessages: [Player_C_0] I hit something
[2018.10.24-22.02.41:975][287]LogBlueprintUserMessages: [Player_C_0] I hit something
[2018.10.24-22.02.41:984][288]LogBlueprintUserMessages: [Player_C_0] I hit something
[2018.10.24-22.02.41:992][289]LogBlueprintUserMessages: [Player_C_0] I hit something
[2018.10.24-22.02.42:000][290]LogBlueprintUserMessages: [Player_C_0] I hit something
[2018.10.24-22.02.42:008][291]LogBlueprintUserMessages: [Player_C_0] I hit something
[2018.10.24-22.02.42:017][292]LogBlueprintUserMessages: [Player_C_0] I hit something
[2018.10.24-22.02.42:025][293]LogBlueprintUserMessages: [Player_C_0] I hit something
[2018.10.24-22.02.42:033][294]LogBlueprintUserMessages: [Player_C_0] I hit something
[2018.10.24-22.02.42:041][295]LogBlueprintUserMessages: [Player_C_0] I hit something
[2018.10.24-22.02.42:049][296]LogBlueprintUserMessages: [Player_C_0] I hit something
[2018.10.24-22.02.42:059][297]LogBlueprintUserMessages: [Player_C_0] I hit something
[2018.10.24-22.02.42:066][298]LogBlueprintUserMessages: [Player_C_0] I hit something
[2018.10.24-22.02.42:074][299]LogBlueprintUserMessages: [Player_C_0] I hit something
[2018.10.24-22.02.42:082][300]LogBlueprintUserMessages: [Player_C_0] I hit something
[2018.10.24-22.02.42:092][301]LogBlueprintUserMessages: [Player_C_0] I hit something
[2018.10.24-22.02.42:099][302]LogBlueprintUserMessages: [Player_C_0] I hit something
[2018.10.24-22.02.42:107][303]LogBlueprintUserMessages: [Player_C_0] I hit something
[2018.10.24-22.02.42:116][304]LogBlueprintUserMessages: [Player_C_0] I hit something
[2018.10.24-22.02.42:124][305]LogBlueprintUserMessages: [Player_C_0] I hit something
[2018.10.24-22.02.42:133][306]LogBlueprintUserMessages: [Player_C_0] I hit something
[2018.10.24-22.02.42:141][307]LogBlueprintUserMessages: [Player_C_0] I hit something
[2018.10.24-22.02.42:149][308]LogBlueprintUserMessages: [Player_C_0] I hit something
[2018.10.24-22.02.42:158][309]LogBlueprintUserMessages: [Player_C_0] I hit something
[2018.10.24-22.02.42:166][310]LogBlueprintUserMessages: [Player_C_0] I hit something
[2018.10.24-22.02.42:175][311]LogBlueprintUserMessages: [Player_C_0] I hit something
[2018.10.24-22.02.42:183][312]LogBlueprintUserMessages: [Player_C_0] I hit something
[2018.10.24-22.02.42:191][313]LogBlueprintUserMessages: [Player_C_0] I hit something
[2018.10.24-22.02.42:199][314]LogBlueprintUserMessages: [Player_C_0] I hit something
[2018.10.24-22.02.42:208][315]LogBlueprintUserMessages: [Player_C_0] I hit something
[2018.10.24-22.02.42:216][316]LogBlueprintUserMessages: [Player_C_0] I hit something
[2018.10.24-22.02.42:224][317]LogBlueprintUserMessages: [Player_C_0] I hit something
[2018.10.24-22.02.42:233][318]LogBlueprintUserMessages: [Player_C_0] I hit something
[2018.10.24-22.02.42:241][319]LogBlueprintUserMessages: [Player_C_0] I hit something
[2018.10.24-22.02.42:249][320]LogBlueprintUserMessages: [Player_C_0] I hit something
[2018.10.24-22.02.42:258][321]LogBlueprintUserMessages: [Player_C_0] I hit something
[2018.10.24-22.02.42:266][322]LogBlueprintUserMessages: [Player_C_0] I hit something
[2018.10.24-22.02.42:275][323]LogBlueprintUserMessages: [Player_C_0] I hit something
[2018.10.24-22.02.42:283][324]LogBlueprintUserMessages: [Player_C_0] I hit something
[2018.10.24-22.02.42:291][325]LogBlueprintUserMessages: [Player_C_0] I hit something
[2018.10.24-22.02.42:300][326]LogBlueprintUserMessages: [Player_C_0] I hit something
[2018.10.24-22.02.42:308][327]LogBlueprintUserMessages: [Player_C_0] I hit something
[2018.10.24-22.02.42:316][328]LogBlueprintUserMessages: [Player_C_0] I hit something
[2018.10.24-22.02.42:325][329]LogBlueprintUserMessages: [Player_C_0] I hit something
[2018.10.24-22.02.42:333][330]LogBlueprintUserMessages: [Player_C_0] I hit something
[2018.10.24-22.02.42:341][331]LogBlueprintUserMessages: [Player_C_0] I hit something
[2018.10.24-22.02.42:350][332]LogBlueprintUserMessages: [Player_C_0] I hit something
[2018.10.24-22.02.42:358][333]LogBlueprintUserMessages: [Player_C_0] I hit something
[2018.10.24-22.02.42:366][334]LogBlueprintUserMessages: [Player_C_0] I hit something
[2018.10.24-22.02.42:375][335]LogBlueprintUserMessages: [Player_C_0] I hit something
[2018.10.24-22.02.42:383][336]LogBlueprintUserMessages: [Player_C_0] I hit something
[2018.10.24-22.02.42:392][337]LogBlueprintUserMessages: [Player_C_0] I hit something
[2018.10.24-22.02.42:400][338]LogBlueprintUserMessages: [Player_C_0] I hit something
[2018.10.24-22.02.42:409][339]LogBlueprintUserMessages: [Player_C_0] I hit something
[2018.10.24-22.02.42:416][340]LogBlueprintUserMessages: [Player_C_0] I hit something
[2018.10.24-22.02.42:424][341]LogBlueprintUserMessages: [Player_C_0] I hit something
[2018.10.24-22.02.42:433][342]LogBlueprintUserMessages: [Player_C_0] I hit something
[2018.10.24-22.02.42:441][343]LogBlueprintUserMessages: [Player_C_0] I hit something
[2018.10.24-22.02.42:449][344]LogBlueprintUserMessages: [Player_C_0] I hit something
[2018.10.24-22.02.42:457][345]LogBlueprintUserMessages: [Player_C_0] I hit something
[2018.10.24-22.02.42:466][346]LogBlueprintUserMessages: [Player_C_0] I hit something
[2018.10.24-22.02.42:474][347]LogBlueprintUserMessages: [Player_C_0] I hit something
[2018.10.24-22.02.42:483][348]LogBlueprintUserMessages: [Player_C_0] I hit something
[2018.10.24-22.02.42:491][349]LogBlueprintUserMessages: [Player_C_0] I hit something
[2018.10.24-22.02.42:499][350]LogBlueprintUserMessages: [Player_C_0] I hit something
[2018.10.24-22.02.42:508][351]LogBlueprintUserMessages: [Player_C_0] I hit something
[2018.10.24-22.02.42:516][352]LogBlueprintUserMessages: [Player_C_0] I hit something
[2018.10.24-22.02.42:525][353]LogBlueprintUserMessages: [Player_C_0] I hit something
[2018.10.24-22.02.42:533][354]LogBlueprintUserMessages: [Player_C_0] I hit something
[2018.10.24-22.02.42:542][355]LogBlueprintUserMessages: [Player_C_0] I hit something
[2018.10.24-22.02.42:543][355]LogBlueprintUserMessages: Early EndPlayMap Detection: Level '/Game/StarterContent/Maps/Minimal_Default.Minimal_Default:PersistentLevel' has LevelScriptBlueprint '/Game/StarterContent/Maps/Minimal_Default.Minimal_Default:PersistentLevel.Minimal_Default' with GeneratedClass '/Game/StarterContent/Maps/Minimal_Default.Minimal_Default_C' with ClassGeneratedBy '/Game/StarterContent/Maps/Minimal_Default.Minimal_Default:PersistentLevel.Minimal_Default'
[2018.10.24-22.02.42:543][355]LogSlate: Updating window title bar state: overlay mode, drag disabled, window buttons hidden, title bar hidden
[2018.10.24-22.02.42:584][355]LogPlayLevel: Display: Shutting down PIE online subsystems
[2018.10.24-22.02.42:584][355]LogBlueprintUserMessages: Late EndPlayMap Detection: Level '/Game/StarterContent/Maps/Minimal_Default.Minimal_Default:PersistentLevel' has LevelScriptBlueprint '/Game/StarterContent/Maps/Minimal_Default.Minimal_Default:PersistentLevel.Minimal_Default' with GeneratedClass '/Game/StarterContent/Maps/Minimal_Default.Minimal_Default_C' with ClassGeneratedBy '/Game/StarterContent/Maps/Minimal_Default.Minimal_Default:PersistentLevel.Minimal_Default'
[2018.10.24-22.02.42:605][355]LogSlate: Updating window title bar state: overlay mode, drag disabled, window buttons hidden, title bar hidden
[2018.10.24-22.02.42:649][359]LogPlayLevel: Display: Destroying online subsystem :Context_6
[2018.10.24-22.02.43:015][402]LogSlate: Took 0.000204 seconds to synchronously load lazily loaded font '../../../Engine/Content/Slate/Fonts/Roboto-Light.ttf' (167K)
[2018.10.24-22.02.43:019][402]LogSlate: FSceneViewport::OnFocusLost() reason 2
[2018.10.24-22.02.43:264][402]LogSavePackage: Moving '../../../../../../Git/SpideyCPP/SideyCPP/Saved/Minimal_Default86FA2B8D477E88E16996A2801EA27596.tmp' to '../../../../../../Git/SpideyCPP/SideyCPP/Content/StarterContent/Maps/Minimal_Default.umap'
[2018.10.24-22.02.43:292][402]Cmd: OBJ SAVEPACKAGE PACKAGE="/Game/StarterContent/Maps/Minimal_Default_BuiltData" FILE="../../../../../../Git/SpideyCPP/SideyCPP/Content/StarterContent/Maps/Minimal_Default_BuiltData.uasset" SILENT=true
[2018.10.24-22.02.43:357][402]LogSavePackage: Moving '../../../../../../Git/SpideyCPP/SideyCPP/Saved/Minimal_Default_BuiltData1AD2C0084F668AA235F6E49D03CB95C1.tmp' to '../../../../../../Git/SpideyCPP/SideyCPP/Content/StarterContent/Maps/Minimal_Default_BuiltData.uasset'
