Log file open, 10/24/18 23:54:35
LogWindows: Failed to load 'aqProf.dll' (GetLastError=126)
LogWindows: File 'aqProf.dll' does not exist
LogWindows: Failed to load 'VSPerf140.dll' (GetLastError=126)
LogWindows: File 'VSPerf140.dll' does not exist
LogWindows: Failed to load 'VtuneApi.dll' (GetLastError=126)
LogWindows: File 'VtuneApi.dll' does not exist
LogWindows: Failed to load 'VtuneApi32e.dll' (GetLastError=126)
LogWindows: File 'VtuneApi32e.dll' does not exist
LogInit: Display: Running engine for game: SideyCPP
LogPlatformFile: Not using cached read wrapper
LogTaskGraph: Started task graph with 5 named threads and 23 total threads with 3 sets of task threads.
LogStats: Stats thread started at 0.400368
LogD3D11RHI: Loaded GFSDK_Aftermath_Lib.x64.dll
LogICUInternationalization: Display: ICU TimeZone Detection - Raw Offset: +0:00, Platform Override: ''
LogPluginManager: Mounting plugin Paper2D
LogPluginManager: Mounting plugin AISupport
LogPluginManager: Mounting plugin LightPropagationVolume
LogPluginManager: Mounting plugin CLionSourceCodeAccess
LogPluginManager: Mounting plugin CodeLiteSourceCodeAccess
LogPluginManager: Mounting plugin GitSourceControl
LogPluginManager: Mounting plugin KDevelopSourceCodeAccess
LogPluginManager: Mounting plugin NullSourceCodeAccess
LogPluginManager: Mounting plugin PerforceSourceControl
LogPluginManager: Mounting plugin SubversionSourceControl
LogPluginManager: Mounting plugin UObjectPlugin
LogPluginManager: Mounting plugin VisualStudioCodeSourceCodeAccess
LogPluginManager: Mounting plugin VisualStudioSourceCodeAccess
LogPluginManager: Mounting plugin XCodeSourceCodeAccess
LogPluginManager: Mounting plugin AssetManagerEditor
LogPluginManager: Mounting plugin CryptoKeys
LogPluginManager: Mounting plugin DataValidation
LogPluginManager: Mounting plugin FacialAnimation
LogPluginManager: Mounting plugin GameplayTagsEditor
LogPluginManager: Mounting plugin MacGraphicsSwitching
LogPluginManager: Mounting plugin MeshEditor
LogPluginManager: Mounting plugin MobileLauncherProfileWizard
LogPluginManager: Mounting plugin PluginBrowser
LogPluginManager: Mounting plugin SpeedTreeImporter
LogPluginManager: Mounting plugin DatasmithContent
LogPluginManager: Mounting plugin AlembicImporter
LogPluginManager: Mounting plugin AppleImageUtils
LogPluginManager: Mounting plugin AppleVision
LogPluginManager: Mounting plugin BackChannel
LogPluginManager: Mounting plugin CharacterAI
LogPluginManager: Mounting plugin GeometryCache
LogPluginManager: Mounting plugin HTML5Networking
LogPluginManager: Mounting plugin ProxyLODPlugin
LogPluginManager: Mounting plugin MagicLeap
LogPluginManager: Mounting plugin MagicLeapEmulator
LogPluginManager: Mounting plugin MagicLeapMedia
LogPluginManager: Mounting plugin AndroidMedia
LogPluginManager: Mounting plugin AvfMedia
LogPluginManager: Mounting plugin ImgMedia
LogPluginManager: Mounting plugin LinearTimecode
LogPluginManager: Mounting plugin MediaCompositing
LogPluginManager: Mounting plugin MediaPlayerEditor
LogPluginManager: Mounting plugin WmfMedia
LogPluginManager: Mounting plugin TcpMessaging
LogPluginManager: Mounting plugin UdpMessaging
LogPluginManager: Mounting plugin ActorSequence
LogPluginManager: Mounting plugin LevelSequenceEditor
LogPluginManager: Mounting plugin MatineeToLevelSequence
LogPluginManager: Mounting plugin NetcodeUnitTest
LogPluginManager: Mounting plugin NUTUnrealEngine4
LogPluginManager: Mounting plugin OnlineSubsystemGooglePlay
LogPluginManager: Mounting plugin OnlineSubsystemIOS
LogPluginManager: Mounting plugin OnlineSubsystem
LogPluginManager: Mounting plugin OnlineSubsystemNull
LogPluginManager: Mounting plugin OnlineSubsystemUtils
LogPluginManager: Mounting plugin LauncherChunkInstaller
LogPluginManager: Mounting plugin AndroidDeviceProfileSelector
LogPluginManager: Mounting plugin AndroidMoviePlayer
LogPluginManager: Mounting plugin AndroidPermission
LogPluginManager: Mounting plugin AppleMoviePlayer
LogPluginManager: Mounting plugin ArchVisCharacter
LogPluginManager: Mounting plugin AudioCapture
LogPluginManager: Mounting plugin CableComponent
LogPluginManager: Mounting plugin CustomMeshComponent
LogPluginManager: Mounting plugin EditableMesh
LogPluginManager: Mounting plugin ExampleDeviceProfileSelector
LogPluginManager: Mounting plugin GoogleCloudMessaging
LogPluginManager: Mounting plugin ImmediatePhysics
LogPluginManager: Mounting plugin IOSDeviceProfileSelector
LogPluginManager: Mounting plugin LinuxDeviceProfileSelector
LogPluginManager: Mounting plugin LocationServicesBPLibrary
LogPluginManager: Mounting plugin MobilePatchingUtils
LogPluginManager: Mounting plugin OculusVR
LogPluginManager: Plugin shader directory ../../../Engine/Plugins/Runtime/Oculus/OculusVR/Shaders found
LogPluginManager: Mapping shader source directory ../../../Engine/Plugins/Runtime/Oculus/OculusVR/Shaders to virtual directory /Plugin/OculusVR
LogPluginManager: Mounting plugin PhysXVehicles
LogPluginManager: Mounting plugin ProceduralMeshComponent
LogPluginManager: Mounting plugin RuntimePhysXCooking
LogPluginManager: Mounting plugin SteamVR
LogPluginManager: Mounting plugin WindowsMoviePlayer
LogStreaming: Display: Took  0.241s to configure plugins.
LogInit: Using libcurl 7.55.1-DEV
LogInit:  - built for x86_64-pc-win32
LogInit:  - supports SSL with OpenSSL/1.0.2h
LogInit:  - supports HTTP deflate (compression) using libz 1.2.8
LogInit:  - other features:
LogInit:      CURL_VERSION_SSL
LogInit:      CURL_VERSION_LIBZ
LogInit:      CURL_VERSION_IPV6
LogInit:      CURL_VERSION_ASYNCHDNS
LogInit:      CURL_VERSION_LARGEFILE
LogInit:      CURL_VERSION_IDN
LogInit:  CurlRequestOptions (configurable via config and command line):
LogInit:  - bVerifyPeer = false  - Libcurl will NOT verify peer certificate
LogInit:  - bUseHttpProxy = false  - Libcurl will NOT use HTTP proxy
LogInit:  - bDontReuseConnections = false  - Libcurl will reuse connections
LogInit:  - CertBundlePath = nullptr  - Libcurl will use whatever was configured at build time.
LogInit:  - MaxHostConnections = 16  - Libcurl will limit the number of connections to a host
LogInit:  - LocalHostAddr = Default
LogInit:  - BufferSize = 65536
LogInit: WinSock: version 1.1 (2.2), MaxSocks=32767, MaxUdp=65467
LogInit: Build: ++UE4+Release-4.20-CL-4369336
LogInit: Engine Version: 4.20.3-4369336+++UE4+Release-4.20
LogInit: Compatible Engine Version: 4.20.0-4212847+++UE4+Release-4.20
LogInit: Net CL: 4212847
LogInit: OS: Windows 10 (), CPU: Intel(R) Core(TM) i7-6700K CPU @ 4.00GHz, GPU: NVIDIA GeForce GTX 1060 6GB
LogInit: Compiled (64-bit): Sep 17 2018 12:26:19
LogInit: Compiled with Visual C++: 19.13.26129.00
LogInit: Build Configuration: Development
LogInit: Branch Name: ++UE4+Release-4.20
LogInit: Command Line:  -skipcompile
LogInit: Base Directory: D:/Program Files/Epic Games/UE_4.20/Engine/Binaries/Win64/
LogInit: Installed Engine Build: 1
LogDevObjectVersion: Number of dev versions registered: 20
LogDevObjectVersion:   Dev-Blueprints (B0D832E4-1F89-4F0D-ACCF-7EB736FD4AA2): 10
LogDevObjectVersion:   Dev-Build (E1C64328-A22C-4D53-A36C-8E866417BD8C): 0
LogDevObjectVersion:   Dev-Core (375EC13C-06E4-48FB-B500-84F0262A717E): 2
LogDevObjectVersion:   Dev-Editor (E4B068ED-F494-42E9-A231-DA0B2E46BB41): 24
LogDevObjectVersion:   Dev-Framework (CFFC743F-43B0-4480-9391-14DF171D2073): 34
LogDevObjectVersion:   Dev-Mobile (B02B49B5-BB20-44E9-A304-32B752E40360): 2
LogDevObjectVersion:   Dev-Networking (A4E4105C-59A1-49B5-A7C5-40C4547EDFEE): 0
LogDevObjectVersion:   Dev-Online (39C831C9-5AE6-47DC-9A44-9C173E1C8E7C): 0
LogDevObjectVersion:   Dev-Physics (78F01B33-EBEA-4F98-B9B4-84EACCB95AA2): 0
LogDevObjectVersion:   Dev-Platform (6631380F-2D4D-43E0-8009-CF276956A95A): 0
LogDevObjectVersion:   Dev-Rendering (12F88B9F-8875-4AFC-A67C-D90C383ABD29): 26
LogDevObjectVersion:   Dev-Sequencer (7B5AE74C-D270-4C10-A958-57980B212A5A): 9
LogDevObjectVersion:   Dev-VR (D7296918-1DD6-4BDD-9DE2-64A83CC13884): 2
LogDevObjectVersion:   Dev-LoadTimes (C2A15278-BFE7-4AFE-6C17-90FF531DF755): 1
LogDevObjectVersion:   Private-Geometry (6EACA3D4-40EC-4CC1-B786-8BED09428FC5): 3
LogDevObjectVersion:   Dev-AnimPhys (29E575DD-E0A3-4627-9D10-D276232CDCEA): 17
LogDevObjectVersion:   Dev-ReflectionCapture (6B266CEC-1EC7-4B8F-A30B-E4D90942FC07): 1
LogDevObjectVersion:   Dev-Automation (0DF73D61-A23F-47EA-B727-89E90C41499A): 1
LogDevObjectVersion:   FortniteMain (601D1886-AC64-4F84-AA16-D3DE0DEAC7D6): 12
LogDevObjectVersion:   Dev-Enterprise (9DFFBCD6-494F-0158-E221-12823C92A888): 1
LogStreaming: Display: Took  0.010s to delete old logs.
LogInit: Presizing for max 8388607 objects, including 0 objects not considered by GC, pre-allocating 0 bytes for permanent pool.
LogInit: Object subsystem initialized
[2018.10.24-22.54.35:964][  0]LogInit: Selected Device Profile: [Windows]
[2018.10.24-22.54.35:964][  0]LogInit: Applying CVar settings loaded from the selected device profile: [Windows]
[2018.10.24-22.54.35:975][  0]LogHAL: Display: Platform has ~ 16 GB [17126547456 / 17179869184 / 16], which maps to Larger [LargestMinGB=32, LargerMinGB=12, DefaultMinGB=8, SmallerMinGB=6, SmallestMinGB=0)
[2018.10.24-22.54.35:975][  0]LogInit: Setting Device Profile CVar: [[r.Vulkan.UseRealUBs:1]]
[2018.10.24-22.54.35:975][  0]LogInit: Going up to parent DeviceProfile []
[2018.10.24-22.54.35:976][  0]LogInit: Computer: EDWARD
[2018.10.24-22.54.35:976][  0]LogInit: User: John
[2018.10.24-22.54.35:976][  0]LogInit: CPU Page size=4096, Cores=4
[2018.10.24-22.54.35:976][  0]LogInit: High frequency timer resolution =3.914065 MHz
[2018.10.24-22.54.35:976][  0]LogMemory: Memory total: Physical=16.0GB (16GB approx)
[2018.10.24-22.54.35:976][  0]LogMemory: Platform Memory Stats for Windows
[2018.10.24-22.54.35:976][  0]LogMemory: Process Physical Memory: 101.10 MB used, 101.10 MB peak
[2018.10.24-22.54.35:976][  0]LogMemory: Process Virtual Memory: 89.89 MB used, 89.89 MB peak
[2018.10.24-22.54.35:976][  0]LogMemory: Physical Memory: 6910.82 MB used,  9422.33 MB free, 16333.15 MB total
[2018.10.24-22.54.35:976][  0]LogMemory: Virtual Memory: 4638.52 MB used,  9422.33 MB free, 134217728.00 MB total
[2018.10.24-22.54.36:109][  0]LogInit: Using OS detected language (en-US).
[2018.10.24-22.54.36:109][  0]LogInit: Using OS detected locale (en-US).
[2018.10.24-22.54.36:110][  0]LogTextLocalizationManager: No specific localization for 'en-US' exists, so the 'en' localization will be used.
[2018.10.24-22.54.36:414][  0]LogStreaming: Display: Took  0.306s to InitEngineTextLocalization.
[2018.10.24-22.54.36:415][  0]LogInit: Setting process to per monitor DPI aware
[2018.10.24-22.54.36:448][  0]LogSlate: New Slate User Created.  User Index 0, Is Virtual User: 0
[2018.10.24-22.54.36:448][  0]LogSlate: Slate User Registered.  User Index 0, Is Virtual User: 0
[2018.10.24-22.54.36:705][  0]LogHMD: Failed to initialize OpenVR with code 102
[2018.10.24-22.54.36:705][  0]LogD3D11RHI: D3D11 adapters:
[2018.10.24-22.54.36:778][  0]LogD3D11RHI:    0. 'NVIDIA GeForce GTX 1060 6GB' (Feature Level 11_0)
[2018.10.24-22.54.36:778][  0]LogD3D11RHI:       6061/0/8166 MB DedicatedVideo/DedicatedSystem/SharedSystem, Outputs:1, VendorId:0x10de
[2018.10.24-22.54.36:783][  0]LogD3D11RHI:    1. 'Microsoft Basic Render Driver' (Feature Level 11_0)
[2018.10.24-22.54.36:784][  0]LogD3D11RHI:       0/0/8166 MB DedicatedVideo/DedicatedSystem/SharedSystem, Outputs:0, VendorId:0x1414
[2018.10.24-22.54.36:784][  0]LogD3D11RHI: Chosen D3D11 Adapter: 0
[2018.10.24-22.54.36:792][  0]LogD3D11RHI: Creating new Direct3DDevice
[2018.10.24-22.54.36:792][  0]LogD3D11RHI:     GPU DeviceId: 0x1c03 (for the marketing name, search the web for "GPU Device Id")
[2018.10.24-22.54.36:792][  0]LogWindows: EnumDisplayDevices:
[2018.10.24-22.54.36:792][  0]LogWindows:    0. 'NVIDIA GeForce GTX 1060 6GB' (P:1 D:1)
[2018.10.24-22.54.36:793][  0]LogWindows:    1. 'NVIDIA GeForce GTX 1060 6GB' (P:0 D:0)
[2018.10.24-22.54.36:793][  0]LogWindows:    2. 'NVIDIA GeForce GTX 1060 6GB' (P:0 D:0)
[2018.10.24-22.54.36:794][  0]LogWindows:    3. 'NVIDIA GeForce GTX 1060 6GB' (P:0 D:0)
[2018.10.24-22.54.36:794][  0]LogWindows: DebugString: FoundDriverCount:4 
[2018.10.24-22.54.36:794][  0]LogD3D11RHI:     Adapter Name: NVIDIA GeForce GTX 1060 6GB
[2018.10.24-22.54.36:794][  0]LogD3D11RHI:   Driver Version: 388.13 (internal:23.21.13.8813, unified:388.13)
[2018.10.24-22.54.36:794][  0]LogD3D11RHI:      Driver Date: 10-27-2017
[2018.10.24-22.54.36:794][  0]LogRHI: Texture pool is 4242 MB (70% of 6061 MB)
[2018.10.24-22.54.36:825][  0]LogD3D11RHI: Async texture creation enabled
[2018.10.24-22.54.36:841][  0]LogD3D11RHI: GPU Timing Frequency: 1000.000000 (Debug: 2 1)
[2018.10.24-22.54.36:890][  0]LogShaderCompilers: Guid format shader working directory is 6 characters bigger than the processId version (../../../../../../Git/SpideyCPP/SideyCPP/Intermediate/Shaders/WorkingDirectory/696/).
[2018.10.24-22.54.36:890][  0]LogShaderCompilers: Cleaned the shader compiler working directory 'C:/Users/John/AppData/Local/Temp/UnrealShaderWorkingDir/BBB78F3B49AAB34E8F79C6BFF961B64F/'.
[2018.10.24-22.54.37:159][  0]LogTemp: Display: Loaded TP AllDesktopTargetPlatform
[2018.10.24-22.54.37:179][  0]LogTemp: Display: Loaded TP MacClientTargetPlatform
[2018.10.24-22.54.37:199][  0]LogTemp: Display: Loaded TP MacNoEditorTargetPlatform
[2018.10.24-22.54.37:220][  0]LogTemp: Display: Loaded TP MacServerTargetPlatform
[2018.10.24-22.54.37:241][  0]LogTemp: Display: Loaded TP MacTargetPlatform
[2018.10.24-22.54.37:262][  0]LogTemp: Display: Loaded TP WindowsClientTargetPlatform
[2018.10.24-22.54.37:282][  0]LogTemp: Display: Loaded TP WindowsNoEditorTargetPlatform
[2018.10.24-22.54.37:303][  0]LogTemp: Display: Loaded TP WindowsServerTargetPlatform
[2018.10.24-22.54.37:316][  0]LogTemp: Display: Loaded TP WindowsTargetPlatform
[2018.10.24-22.54.37:410][  0]LogTemp: Display: Loaded TP AndroidTargetPlatform
[2018.10.24-22.54.37:410][  0]LogTemp: Display: Loaded TP AndroidTargetPlatform
[2018.10.24-22.54.37:410][  0]LogTemp: Display: Loaded TP AndroidTargetPlatform
[2018.10.24-22.54.37:410][  0]LogTemp: Display: Loaded TP AndroidTargetPlatform
[2018.10.24-22.54.37:410][  0]LogTemp: Display: Loaded TP AndroidTargetPlatform
[2018.10.24-22.54.37:410][  0]LogTemp: Display: Loaded TP AndroidTargetPlatform
[2018.10.24-22.54.37:410][  0]LogTemp: Display: Loaded TP AndroidTargetPlatform
[2018.10.24-22.54.37:410][  0]LogTemp: Display: Loaded TP AndroidTargetPlatform
[2018.10.24-22.54.37:410][  0]LogTemp: Display: Loaded TP AndroidTargetPlatform
[2018.10.24-22.54.37:410][  0]LogTemp: Display: Loaded TP AndroidTargetPlatform
[2018.10.24-22.54.37:410][  0]LogTemp: Display: Loaded TP AndroidTargetPlatform
[2018.10.24-22.54.37:410][  0]LogTemp: Display: Loaded TP AndroidTargetPlatform
[2018.10.24-22.54.37:411][  0]LogTemp: Display: Loaded TP AndroidTargetPlatform
[2018.10.24-22.54.37:411][  0]LogTemp: Display: Loaded TP AndroidTargetPlatform
[2018.10.24-22.54.37:411][  0]LogTemp: Display: Loaded TP AndroidTargetPlatform
[2018.10.24-22.54.37:411][  0]LogTemp: Display: Loaded TP AndroidTargetPlatform
[2018.10.24-22.54.37:411][  0]LogTemp: Display: Loaded TP AndroidTargetPlatform
[2018.10.24-22.54.37:411][  0]LogTemp: Display: Loaded TP AndroidTargetPlatform
[2018.10.24-22.54.37:419][  0]LogTemp: Display: Loaded TP HTML5TargetPlatform
[2018.10.24-22.54.37:499][  0]LogTemp: Display: Loaded TP IOSTargetPlatform
[2018.10.24-22.54.37:499][  0]LogTemp: Display: Loaded TP IOSTargetPlatform
[2018.10.24-22.54.37:525][  0]LogTemp: Display: Loaded TP TVOSTargetPlatform
[2018.10.24-22.54.37:525][  0]LogTemp: Display: Loaded TP TVOSTargetPlatform
[2018.10.24-22.54.37:541][  0]LogTemp: Display: Loaded TP LinuxClientTargetPlatform
[2018.10.24-22.54.37:558][  0]LogTemp: Display: Loaded TP LinuxNoEditorTargetPlatform
[2018.10.24-22.54.37:574][  0]LogTemp: Display: Loaded TP LinuxServerTargetPlatform
[2018.10.24-22.54.37:592][  0]LogTemp: Display: Loaded TP LinuxTargetPlatform
[2018.10.24-22.54.37:606][  0]LogTemp: Display: Loaded TP LuminTargetPlatform
[2018.10.24-22.54.37:606][  0]LogTargetPlatformManager: Display: Building Assets For Windows
[2018.10.24-22.54.37:833][  0]LogXGEController: Cleaning working directory: C:/Users/John/AppData/Local/Temp/UnrealXGEWorkingDir/
[2018.10.24-22.54.37:834][  0]LogXGEController: Cannot use XGE Controller as Incredibuild is not installed on this machine.
[2018.10.24-22.54.37:834][  0]LogShaderCompilers: Cannot use XGE Shader Compiler as Incredibuild is not installed on this machine.
[2018.10.24-22.54.37:834][  0]LogShaderCompilers: Display: Using Local Shader Compiler.
[2018.10.24-22.54.38:659][  0]LogDerivedDataCache: Display: Max Cache Size: 512 MB
[2018.10.24-22.54.38:707][  0]LogDerivedDataCache: Loaded boot cache 0.05s 71MB C:/Users/John/AppData/Local/UnrealEngine/4.20/DerivedDataCache/Boot.ddc.
[2018.10.24-22.54.38:708][  0]LogDerivedDataCache: Display: Loaded Boot cache: C:/Users/John/AppData/Local/UnrealEngine/4.20/DerivedDataCache/Boot.ddc
[2018.10.24-22.54.38:708][  0]LogDerivedDataCache: FDerivedDataBackendGraph:  Pak pak cache file ../../../../../../Git/SpideyCPP/SideyCPP/DerivedDataCache/DDC.ddp not found, will not use a pak cache.
[2018.10.24-22.54.38:708][  0]LogDerivedDataCache: Unable to find inner node Pak for hierarchical cache Hierarchy.
[2018.10.24-22.54.38:708][  0]LogDerivedDataCache: FDerivedDataBackendGraph:  CompressedPak pak cache file ../../../../../../Git/SpideyCPP/SideyCPP/DerivedDataCache/Compressed.ddp not found, will not use a pak cache.
[2018.10.24-22.54.38:708][  0]LogDerivedDataCache: Unable to find inner node CompressedPak for hierarchical cache Hierarchy.
[2018.10.24-22.54.38:719][  0]LogDerivedDataCache: Display: Pak cache opened for reading ../../../Engine/DerivedDataCache/Compressed.ddp.
[2018.10.24-22.54.38:733][  0]LogDerivedDataCache: Using Local data cache path C:/Users/John/AppData/Local/UnrealEngine/Common/DerivedDataCache: Writable
[2018.10.24-22.54.38:733][  0]LogDerivedDataCache: Shared data cache path not found in *engine.ini, will not use an Shared cache.
[2018.10.24-22.54.38:733][  0]LogDerivedDataCache: Unable to find inner node Shared for hierarchical cache Hierarchy.
[2018.10.24-22.54.38:749][  0]LogMaterial: Verifying Global Shaders for PCD3D_SM5
[2018.10.24-22.54.38:750][  0]LogSlate: Using FreeType 2.6.0
[2018.10.24-22.54.38:751][  0]LogSlate: SlateFontServices - WITH_FREETYPE: 1, WITH_HARFBUZZ: 1
[2018.10.24-22.54.38:827][  0]LogAssetRegistry: FAssetRegistry took 0.0282 seconds to start up
[2018.10.24-22.54.39:163][  0]LogInit: Selected Device Profile: [Windows]
[2018.10.24-22.54.39:346][  0]LogSimplygon: Simplygon DLL not present - disabling.
[2018.10.24-22.54.39:369][  0]LogMeshReduction: Using SimplygonSwarm for distributed automatic mesh merging
[2018.10.24-22.54.39:369][  0]LogMeshReduction: Using ProxyLODMeshReduction for automatic mesh merging
[2018.10.24-22.54.39:370][  0]LogMeshReduction: Using QuadricMeshReduction for automatic static mesh reduction
[2018.10.24-22.54.39:370][  0]LogMeshReduction: No automatic skeletal mesh reduction module available
[2018.10.24-22.54.39:383][  0]LogNetVersion: SideyCPP 1.0.0, NetCL: 4212847, EngineNetVer: 5, GameNetVer: 0 (Checksum: 583984258)
[2018.10.24-22.54.39:968][  0]LogPackageLocalizationCache: Processed 11 localized package path(s) for 2 prioritized culture(s) in 0.145044 seconds
[2018.10.24-22.54.39:975][  0]LogUObjectArray: 38425 objects as part of root set at end of initial load.
[2018.10.24-22.54.39:975][  0]LogUObjectAllocator: 6690864 out of 0 bytes used by permanent object pool.
[2018.10.24-22.54.39:975][  0]LogUObjectArray: CloseDisregardForGC: 0/0 objects in disregard for GC pool
[2018.10.24-22.54.41:186][  0]LogTcpMessaging: Initializing TcpMessaging bridge
[2018.10.24-22.54.41:207][  0]LogUdpMessaging: Initializing bridge on interface 0.0.0.0:0 to multicast group 230.0.0.1:6666.
[2018.10.24-22.54.41:481][  0]SourceControl: Source control is disabled
[2018.10.24-22.54.41:481][  0]SourceControl: Source control is disabled
[2018.10.24-22.54.41:494][  0]SourceControl: Source control is disabled
[2018.10.24-22.54.41:500][  0]SourceControl: Source control is disabled
[2018.10.24-22.54.41:904][  0]LogAndroidPermission: UAndroidPermissionCallbackProxy::GetInstance
[2018.10.24-22.54.42:073][  0]LogOcInput: OculusInput pre-init called
[2018.10.24-22.54.42:164][  0]LogEngine: Initializing Engine...
[2018.10.24-22.54.42:165][  0]LogHMD: Failed to initialize OpenVR with code 102
[2018.10.24-22.54.42:167][  0]LogStats: UGameplayTagsManager::ConstructGameplayTagTree: ImportINI prefixes -  0.000 s
[2018.10.24-22.54.42:167][  0]LogStats: UGameplayTagsManager::ConstructGameplayTagTree: Construct from data asset -  0.000 s
[2018.10.24-22.54.42:167][  0]LogStats: UGameplayTagsManager::ConstructGameplayTagTree: ImportINI -  0.000 s
[2018.10.24-22.54.42:167][  0]LogStats: UGameplayTagsManager::ConstructGameplayTagTree: GameplayTagTreeChangedEvent.Broadcast -  0.000 s
[2018.10.24-22.54.42:359][  0]LogInit: Initializing FReadOnlyCVARCache
[2018.10.24-22.54.42:387][  0]LogAIModule: Creating AISystem for world Untitled
[2018.10.24-22.54.42:427][  0]LogInit: XAudio2 using 'Headset Earphone (Razer ManO'War)' : 2 channels at 48 kHz using 16 bits per sample (channel mask 0x3)
[2018.10.24-22.54.42:508][  0]LogInit: FAudioDevice initialized.
[2018.10.24-22.54.42:508][  0]LogNetVersion: Set ProjectVersion to 1.0.0.0. Version Checksum will be recalculated on next use.
[2018.10.24-22.54.42:599][  0]LogDerivedDataCache: Saved boot cache 0.09s 71MB C:/Users/John/AppData/Local/UnrealEngine/4.20/DerivedDataCache/Boot.ddc.
[2018.10.24-22.54.42:611][  0]LogInit: Texture streaming: Enabled
[2018.10.24-22.54.42:657][  0]LogEngineSessionManager: EngineSessionManager initialized
[2018.10.24-22.54.42:657][  0]LogEngineSessionManager: EngineSessionManager sent abnormal shutdown report. Type=Debugger, SessionId={9C2970F0-4D2C-3920-AC95-5985B0DCE82A}
[2018.10.24-22.54.42:676][  0]LogInit: Transaction tracking system initialized
[2018.10.24-22.54.42:744][  0]BlueprintLog: New page: Editor Load
[2018.10.24-22.54.42:992][  0]LocalizationService: Localization service is disabled
[2018.10.24-22.54.43:389][  0]LogCook: Display: Max memory allowance for cook 16384mb min free memory 0mb
[2018.10.24-22.54.43:389][  0]LogCook: Display: Mobile HDR setting 1
[2018.10.24-22.54.43:390][  0]LogGameplayTags: Display: UGameplayTagsManager::DoneAddingNativeTags. DelegateIsBound: 0
[2018.10.24-22.54.43:390][  0]LogStats: UGameplayTagsManager::ConstructGameplayTagTree: ImportINI prefixes -  0.000 s
[2018.10.24-22.54.43:390][  0]LogStats: UGameplayTagsManager::ConstructGameplayTagTree: Construct from data asset -  0.000 s
[2018.10.24-22.54.43:390][  0]LogStats: UGameplayTagsManager::ConstructGameplayTagTree: ImportINI -  0.000 s
[2018.10.24-22.54.43:390][  0]LogStats: UGameplayTagsManager::ConstructGameplayTagTree: GameplayTagTreeChangedEvent.Broadcast -  0.000 s
[2018.10.24-22.54.43:706][  0]LogFileCache: Scanning file cache for directory 'D:/Git/SpideyCPP/SideyCPP/Content/' took 0.02s
[2018.10.24-22.54.43:706][  0]SourceControl: Source control is disabled
[2018.10.24-22.54.43:706][  0]Cmd: MAP LOAD FILE="../../../../../../Git/SpideyCPP/SideyCPP/Content/StarterContent/Maps/Minimal_Default.umap" TEMPLATE=0 SHOWPROGRESS=1 FEATURELEVEL=3
[2018.10.24-22.54.43:707][  0]LightingResults: New page: Lighting Build
[2018.10.24-22.54.43:711][  0]MapCheck: New page: Map Check
[2018.10.24-22.54.43:712][  0]LightingResults: New page: Lighting Build
[2018.10.24-22.54.44:131][  0]LogAIModule: Creating AISystem for world Minimal_Default
[2018.10.24-22.54.44:341][  0]LogEditorServer: Finished looking for orphan Actors (0.000 secs)
[2018.10.24-22.54.44:370][  0]Cmd: MAP CHECKDEP NOCLEARLOG
[2018.10.24-22.54.44:598][  0]MapCheck: Map check complete: 0 Error(s), 0 Warning(s), took 227.908ms to complete.
[2018.10.24-22.54.44:598][  0]LogFileHelpers: Loading map 'Minimal_Default' took 0.893
[2018.10.24-22.54.44:694][  0]LogSlate: Updating window title bar state: overlay mode, drag disabled, window buttons hidden, title bar hidden
[2018.10.24-22.54.44:700][  0]LogSlate: Updating window title bar state: overlay mode, drag disabled, window buttons hidden, title bar hidden
[2018.10.24-22.54.44:706][  0]LogSlate: Updating window title bar state: overlay mode, drag disabled, window buttons hidden, title bar hidden
[2018.10.24-22.54.44:712][  0]LogSlate: Updating window title bar state: overlay mode, drag disabled, window buttons hidden, title bar hidden
[2018.10.24-22.54.44:725][  0]LogCollectionManager: Loaded 0 collections in 0.002643 seconds
[2018.10.24-22.54.44:777][  0]LogFileCache: Scanning file cache for directory 'D:/Git/SpideyCPP/SideyCPP/Saved/Collections/' took 0.01s
[2018.10.24-22.54.44:777][  0]LogFileCache: Scanning file cache for directory 'D:/Git/SpideyCPP/SideyCPP/Content/Developers/John/Collections/' took 0.01s
[2018.10.24-22.54.44:777][  0]LogFileCache: Scanning file cache for directory 'D:/Git/SpideyCPP/SideyCPP/Content/Collections/' took 0.01s
[2018.10.24-22.54.44:777][  0]LogCollectionManager: Rebuilt the GUID cache for 0 collections in 0.000000 seconds
[2018.10.24-22.54.44:785][  0]LogContentBrowser: Native class hierarchy populated in 0.0081 seconds. Added 2576 classes and 605 folders.
[2018.10.24-22.54.44:794][  0]LogContentBrowser: Native class hierarchy updated for 'WidgetCarousel' in 0.0004 seconds. Added 0 classes and 0 folders.
[2018.10.24-22.54.44:855][  0]LogContentBrowser: Native class hierarchy updated for 'AddContentDialog' in 0.0004 seconds. Added 0 classes and 0 folders.
[2018.10.24-22.54.44:868][  0]LogContentBrowser: Native class hierarchy updated for 'SceneOutliner' in 0.0004 seconds. Added 1 classes and 2 folders.
[2018.10.24-22.54.44:882][  0]LogSlate: Took 0.000195 seconds to synchronously load lazily loaded font '../../../Engine/Content/Slate/Fonts/Roboto-Regular.ttf' (155K)
[2018.10.24-22.54.44:884][  0]LogSlate: Took 0.000195 seconds to synchronously load lazily loaded font '../../../Engine/Content/Slate/Fonts/Roboto-Bold.ttf' (160K)
[2018.10.24-22.54.44:889][  0]LogSlate: Took 0.000210 seconds to synchronously load lazily loaded font '../../../Engine/Content/Editor/Slate/Fonts/FontAwesome.ttf' (139K)
[2018.10.24-22.54.44:960][  0]LogRenderer: Reallocating scene render targets to support 1168x600 Format 10 NumSamples 1 (Frame:1).
[2018.10.24-22.54.45:072][  0]LogContentBrowser: Native class hierarchy updated for 'HierarchicalLODOutliner' in 0.0004 seconds. Added 0 classes and 0 folders.
[2018.10.24-22.54.45:072][  0]LogLoad: (Engine Initialization) Total time: 11.68 seconds
[2018.10.24-22.54.45:072][  0]LogLoad: (Engine Initialization) Total Blueprint compile time: 0.00 seconds
[2018.10.24-22.54.45:106][  0]LogAssetRegistry: Asset discovery search completed in 6.3029 seconds
[2018.10.24-22.54.45:108][  0]LogCollectionManager: Rebuilt the object cache for 0 collections in 0.000000 seconds (found 0 objects)
[2018.10.24-22.54.45:108][  0]LogCollectionManager: Fixed up redirectors for 0 collections in 0.000173 seconds (updated 0 objects)
[2018.10.24-22.54.45:110][  0]LogContentStreaming: Texture pool size now 1000 MB
[2018.10.24-22.54.45:134][  0]LogSlate: Took 0.000217 seconds to synchronously load lazily loaded font '../../../Engine/Content/Slate/Fonts/Roboto-Light.ttf' (167K)
[2018.10.24-22.54.54:951][109]LogSlate: FSceneViewport::OnFocusLost() reason 0
[2018.10.24-22.54.55:018][117]LogTemp: Repeating last play command: Selected Viewport
[2018.10.24-22.54.55:030][117]LogBlueprintUserMessages: Early PlayInEditor Detection: Level '/Game/StarterContent/Maps/Minimal_Default.Minimal_Default:PersistentLevel' has LevelScriptBlueprint '/Game/StarterContent/Maps/Minimal_Default.Minimal_Default:PersistentLevel.Minimal_Default' with GeneratedClass '/Game/StarterContent/Maps/Minimal_Default.Minimal_Default_C' with ClassGeneratedBy '/Game/StarterContent/Maps/Minimal_Default.Minimal_Default:PersistentLevel.Minimal_Default'
[2018.10.24-22.54.55:030][117]LogPlayLevel: PlayLevel: No blueprints needed recompiling
[2018.10.24-22.54.55:044][117]PIE: New page: PIE session: Minimal_Default (Oct 25, 2018, 12:54:55 AM)
[2018.10.24-22.54.55:045][117]LogPlayLevel: Creating play world package: /Game/StarterContent/Maps/UEDPIE_0_Minimal_Default
[2018.10.24-22.54.55:074][117]LogPlayLevel: PIE: StaticDuplicateObject took: (0.029938s)
[2018.10.24-22.54.55:075][117]LogAIModule: Creating AISystem for world Minimal_Default
[2018.10.24-22.54.55:075][117]LogPlayLevel: PIE: World Init took: (0.001037s)
[2018.10.24-22.54.55:075][117]LogPlayLevel: PIE: Created PIE world by copying editor world from /Game/StarterContent/Maps/Minimal_Default.Minimal_Default to /Game/StarterContent/Maps/UEDPIE_0_Minimal_Default.Minimal_Default (0.031534s)
[2018.10.24-22.54.55:132][117]LogInit: XAudio2 using 'Headset Earphone (Razer ManO'War)' : 2 channels at 48 kHz using 16 bits per sample (channel mask 0x3)
[2018.10.24-22.54.55:189][117]LogInit: FAudioDevice initialized.
[2018.10.24-22.54.55:384][117]LogLoad: Game class is 'MySideyCPPGameModeBase_C'
[2018.10.24-22.54.55:399][117]LogWorld: Bringing World /Game/StarterContent/Maps/UEDPIE_0_Minimal_Default.Minimal_Default up for play (max tick rate 0) at 2018.10.24-23.54.55
[2018.10.24-22.54.55:401][117]LogWorld: Bringing up level for play took: 0.015090
[2018.10.24-22.54.55:423][117]LogContentBrowser: Native class hierarchy updated for 'MovieSceneCapture' in 0.0004 seconds. Added 10 classes and 0 folders.
[2018.10.24-22.54.55:426][117]PIE: Play in editor start time for /Game/StarterContent/Maps/UEDPIE_0_Minimal_Default -0.172
[2018.10.24-22.54.55:426][117]LogBlueprintUserMessages: Late PlayInEditor Detection: Level '/Game/StarterContent/Maps/Minimal_Default.Minimal_Default:PersistentLevel' has LevelScriptBlueprint '/Game/StarterContent/Maps/Minimal_Default.Minimal_Default:PersistentLevel.Minimal_Default' with GeneratedClass '/Game/StarterContent/Maps/Minimal_Default.Minimal_Default_C' with ClassGeneratedBy '/Game/StarterContent/Maps/Minimal_Default.Minimal_Default:PersistentLevel.Minimal_Default'
[2018.10.24-22.54.55:427][117]LogBlueprintUserMessages: [Player_C_0] I hit something
[2018.10.24-22.54.55:461][118]LogBlueprintUserMessages: [Player_C_0] I hit something
[2018.10.24-22.54.55:473][119]LogBlueprintUserMessages: [Player_C_0] I hit something
[2018.10.24-22.54.55:481][120]LogBlueprintUserMessages: [Player_C_0] I hit something
[2018.10.24-22.54.55:489][121]LogBlueprintUserMessages: [Player_C_0] I hit something
[2018.10.24-22.54.55:498][122]LogBlueprintUserMessages: [Player_C_0] I hit something
[2018.10.24-22.54.55:506][123]LogBlueprintUserMessages: [Player_C_0] I hit something
[2018.10.24-22.54.55:514][124]LogBlueprintUserMessages: [Player_C_0] I hit something
[2018.10.24-22.54.55:524][125]LogBlueprintUserMessages: [Player_C_0] I hit something
[2018.10.24-22.54.55:531][126]LogBlueprintUserMessages: [Player_C_0] I hit something
[2018.10.24-22.54.55:540][127]LogBlueprintUserMessages: [Player_C_0] I hit something
[2018.10.24-22.54.55:548][128]LogBlueprintUserMessages: [Player_C_0] I hit something
[2018.10.24-22.54.55:557][129]LogBlueprintUserMessages: [Player_C_0] I hit something
[2018.10.24-22.54.55:565][130]LogBlueprintUserMessages: [Player_C_0] I hit something
[2018.10.24-22.54.55:574][131]LogBlueprintUserMessages: [Player_C_0] I hit something
[2018.10.24-22.54.55:582][132]LogBlueprintUserMessages: [Player_C_0] I hit something
[2018.10.24-22.54.55:590][133]LogBlueprintUserMessages: [Player_C_0] I hit something
[2018.10.24-22.54.55:598][134]LogBlueprintUserMessages: [Player_C_0] I hit something
[2018.10.24-22.54.55:607][135]LogBlueprintUserMessages: [Player_C_0] I hit something
[2018.10.24-22.54.55:615][136]LogBlueprintUserMessages: [Player_C_0] I hit something
[2018.10.24-22.54.55:624][137]LogBlueprintUserMessages: [Player_C_0] I hit something
[2018.10.24-22.54.55:632][138]LogBlueprintUserMessages: [Player_C_0] I hit something
[2018.10.24-22.54.55:641][139]LogBlueprintUserMessages: [Player_C_0] I hit something
[2018.10.24-22.54.55:649][140]LogBlueprintUserMessages: [Player_C_0] I hit something
[2018.10.24-22.54.55:657][141]LogBlueprintUserMessages: [Player_C_0] I hit something
[2018.10.24-22.54.55:666][142]LogBlueprintUserMessages: [Player_C_0] I hit something
[2018.10.24-22.54.55:674][143]LogBlueprintUserMessages: [Player_C_0] I hit something
[2018.10.24-22.54.55:682][144]LogBlueprintUserMessages: [Player_C_0] I hit something
[2018.10.24-22.54.55:690][145]LogBlueprintUserMessages: [Player_C_0] I hit something
[2018.10.24-22.54.55:699][146]LogBlueprintUserMessages: [Player_C_0] I hit something
[2018.10.24-22.54.55:707][147]LogBlueprintUserMessages: [Player_C_0] I hit something
[2018.10.24-22.54.55:716][148]LogBlueprintUserMessages: [Player_C_0] I hit something
[2018.10.24-22.54.55:724][149]LogBlueprintUserMessages: [Player_C_0] I hit something
[2018.10.24-22.54.55:732][150]LogBlueprintUserMessages: [Player_C_0] I hit something
[2018.10.24-22.54.55:741][151]LogBlueprintUserMessages: [Player_C_0] I hit something
[2018.10.24-22.54.55:749][152]LogBlueprintUserMessages: [Player_C_0] I hit something
[2018.10.24-22.54.55:757][153]LogBlueprintUserMessages: [Player_C_0] I hit something
[2018.10.24-22.54.55:766][154]LogBlueprintUserMessages: [Player_C_0] I hit something
[2018.10.24-22.54.55:774][155]LogBlueprintUserMessages: [Player_C_0] I hit something
[2018.10.24-22.54.55:782][156]LogBlueprintUserMessages: [Player_C_0] I hit something
[2018.10.24-22.54.55:791][157]LogBlueprintUserMessages: [Player_C_0] I hit something
[2018.10.24-22.54.55:798][158]LogBlueprintUserMessages: [Player_C_0] I hit something
[2018.10.24-22.54.55:807][159]LogBlueprintUserMessages: [Player_C_0] I hit something
[2018.10.24-22.54.55:815][160]LogBlueprintUserMessages: [Player_C_0] I hit something
[2018.10.24-22.54.55:823][161]LogBlueprintUserMessages: [Player_C_0] I hit something
[2018.10.24-22.54.55:832][162]LogBlueprintUserMessages: [Player_C_0] I hit something
[2018.10.24-22.54.55:841][163]LogBlueprintUserMessages: [Player_C_0] I hit something
[2018.10.24-22.54.55:848][164]LogBlueprintUserMessages: [Player_C_0] I hit something
[2018.10.24-22.54.55:857][165]LogBlueprintUserMessages: [Player_C_0] I hit something
[2018.10.24-22.54.55:865][166]LogBlueprintUserMessages: [Player_C_0] I hit something
[2018.10.24-22.54.55:873][167]LogBlueprintUserMessages: [Player_C_0] I hit something
[2018.10.24-22.54.55:882][168]LogBlueprintUserMessages: [Player_C_0] I hit something
[2018.10.24-22.54.55:890][169]LogBlueprintUserMessages: [Player_C_0] I hit something
[2018.10.24-22.54.55:898][170]LogBlueprintUserMessages: [Player_C_0] I hit something
[2018.10.24-22.54.55:907][171]LogBlueprintUserMessages: [Player_C_0] I hit something
[2018.10.24-22.54.55:915][172]LogBlueprintUserMessages: [Player_C_0] I hit something
[2018.10.24-22.54.55:923][173]LogBlueprintUserMessages: [Player_C_0] I hit something
[2018.10.24-22.54.55:932][174]LogBlueprintUserMessages: [Player_C_0] I hit something
[2018.10.24-22.54.55:940][175]LogBlueprintUserMessages: [Player_C_0] I hit something
[2018.10.24-22.54.55:948][176]LogBlueprintUserMessages: [Player_C_0] I hit something
[2018.10.24-22.54.55:957][177]LogBlueprintUserMessages: [Player_C_0] I hit something
[2018.10.24-22.54.55:965][178]LogBlueprintUserMessages: [Player_C_0] I hit something
[2018.10.24-22.54.55:973][179]LogBlueprintUserMessages: [Player_C_0] I hit something
[2018.10.24-22.54.55:982][180]LogBlueprintUserMessages: [Player_C_0] I hit something
[2018.10.24-22.54.55:990][181]LogBlueprintUserMessages: [Player_C_0] I hit something
[2018.10.24-22.54.55:998][182]LogBlueprintUserMessages: [Player_C_0] I hit something
[2018.10.24-22.54.56:007][183]LogBlueprintUserMessages: [Player_C_0] I hit something
[2018.10.24-22.54.56:015][184]LogBlueprintUserMessages: [Player_C_0] I hit something
[2018.10.24-22.54.56:024][185]LogBlueprintUserMessages: [Player_C_0] I hit something
[2018.10.24-22.54.56:032][186]LogBlueprintUserMessages: [Player_C_0] I hit something
[2018.10.24-22.54.56:040][187]LogBlueprintUserMessages: [Player_C_0] I hit something
[2018.10.24-22.54.56:049][188]LogBlueprintUserMessages: [Player_C_0] I hit something
[2018.10.24-22.54.56:057][189]LogBlueprintUserMessages: [Player_C_0] I hit something
[2018.10.24-22.54.56:066][190]LogBlueprintUserMessages: [Player_C_0] I hit something
[2018.10.24-22.54.56:074][191]LogBlueprintUserMessages: [Player_C_0] I hit something
[2018.10.24-22.54.56:082][192]LogBlueprintUserMessages: [Player_C_0] I hit something
[2018.10.24-22.54.56:091][193]LogBlueprintUserMessages: [Player_C_0] I hit something
[2018.10.24-22.54.56:099][194]LogBlueprintUserMessages: [Player_C_0] I hit something
[2018.10.24-22.54.56:108][195]LogBlueprintUserMessages: [Player_C_0] I hit something
[2018.10.24-22.54.56:116][196]LogBlueprintUserMessages: [Player_C_0] I hit something
[2018.10.24-22.54.56:124][197]LogBlueprintUserMessages: [Player_C_0] I hit something
[2018.10.24-22.54.56:132][198]LogBlueprintUserMessages: [Player_C_0] I hit something
[2018.10.24-22.54.56:141][199]LogBlueprintUserMessages: [Player_C_0] I hit something
[2018.10.24-22.54.56:149][200]LogBlueprintUserMessages: [Player_C_0] I hit something
[2018.10.24-22.54.56:158][201]LogBlueprintUserMessages: [Player_C_0] I hit something
[2018.10.24-22.54.56:166][202]LogBlueprintUserMessages: [Player_C_0] I hit something
[2018.10.24-22.54.56:174][203]LogBlueprintUserMessages: [Player_C_0] I hit something
[2018.10.24-22.54.56:182][204]LogBlueprintUserMessages: [Player_C_0] I hit something
[2018.10.24-22.54.56:191][205]LogBlueprintUserMessages: [Player_C_0] I hit something
[2018.10.24-22.54.56:198][206]LogBlueprintUserMessages: [Player_C_0] I hit something
[2018.10.24-22.54.56:207][207]LogBlueprintUserMessages: [Player_C_0] I hit something
[2018.10.24-22.54.56:215][208]LogBlueprintUserMessages: [Player_C_0] I hit something
[2018.10.24-22.54.56:224][209]LogBlueprintUserMessages: [Player_C_0] I hit something
[2018.10.24-22.54.56:233][210]LogBlueprintUserMessages: [Player_C_0] I hit something
[2018.10.24-22.54.56:242][211]LogBlueprintUserMessages: [Player_C_0] I hit something
[2018.10.24-22.54.56:250][212]LogBlueprintUserMessages: [Player_C_0] I hit something
[2018.10.24-22.54.56:258][213]LogBlueprintUserMessages: [Player_C_0] I hit something
[2018.10.24-22.54.56:266][214]LogBlueprintUserMessages: [Player_C_0] I hit something
[2018.10.24-22.54.56:275][215]LogBlueprintUserMessages: [Player_C_0] I hit something
[2018.10.24-22.54.56:283][216]LogBlueprintUserMessages: [Player_C_0] I hit something
[2018.10.24-22.54.56:292][217]LogBlueprintUserMessages: [Player_C_0] I hit something
[2018.10.24-22.54.56:300][218]LogBlueprintUserMessages: [Player_C_0] I hit something
[2018.10.24-22.54.56:308][219]LogBlueprintUserMessages: [Player_C_0] I hit something
[2018.10.24-22.54.56:317][220]LogBlueprintUserMessages: [Player_C_0] I hit something
[2018.10.24-22.54.56:325][221]LogBlueprintUserMessages: [Player_C_0] I hit something
[2018.10.24-22.54.56:333][222]LogBlueprintUserMessages: [Player_C_0] I hit something
[2018.10.24-22.54.56:342][223]LogBlueprintUserMessages: [Player_C_0] I hit something
[2018.10.24-22.54.56:350][224]LogBlueprintUserMessages: [Player_C_0] I hit something
[2018.10.24-22.54.56:358][225]LogBlueprintUserMessages: [Player_C_0] I hit something
[2018.10.24-22.54.56:367][226]LogBlueprintUserMessages: [Player_C_0] I hit something
[2018.10.24-22.54.56:375][227]LogBlueprintUserMessages: [Player_C_0] I hit something
[2018.10.24-22.54.56:384][228]LogBlueprintUserMessages: [Player_C_0] I hit something
[2018.10.24-22.54.56:392][229]LogBlueprintUserMessages: [Player_C_0] I hit something
[2018.10.24-22.54.56:400][230]LogBlueprintUserMessages: [Player_C_0] I hit something
[2018.10.24-22.54.56:409][231]LogBlueprintUserMessages: [Player_C_0] I hit something
[2018.10.24-22.54.56:417][232]LogBlueprintUserMessages: [Player_C_0] I hit something
[2018.10.24-22.54.56:425][233]LogBlueprintUserMessages: [Player_C_0] I hit something
[2018.10.24-22.54.56:433][234]LogBlueprintUserMessages: [Player_C_0] I hit something
[2018.10.24-22.54.56:441][235]LogBlueprintUserMessages: [Player_C_0] I hit something
[2018.10.24-22.54.56:450][236]LogBlueprintUserMessages: [Player_C_0] I hit something
[2018.10.24-22.54.56:458][237]LogBlueprintUserMessages: [Player_C_0] I hit something
[2018.10.24-22.54.56:466][238]LogBlueprintUserMessages: [Player_C_0] I hit something
[2018.10.24-22.54.56:475][239]LogBlueprintUserMessages: [Player_C_0] I hit something
[2018.10.24-22.54.56:483][240]LogBlueprintUserMessages: [Player_C_0] I hit something
[2018.10.24-22.54.56:491][241]LogBlueprintUserMessages: [Player_C_0] I hit something
[2018.10.24-22.54.56:500][242]LogBlueprintUserMessages: [Player_C_0] I hit something
[2018.10.24-22.54.56:508][243]LogBlueprintUserMessages: [Player_C_0] I hit something
[2018.10.24-22.54.56:517][244]LogBlueprintUserMessages: [Player_C_0] I hit something
[2018.10.24-22.54.56:525][245]LogBlueprintUserMessages: [Player_C_0] I hit something
[2018.10.24-22.54.56:533][246]LogBlueprintUserMessages: [Player_C_0] I hit something
[2018.10.24-22.54.56:542][247]LogBlueprintUserMessages: [Player_C_0] I hit something
[2018.10.24-22.54.56:550][248]LogBlueprintUserMessages: [Player_C_0] I hit something
[2018.10.24-22.54.56:558][249]LogBlueprintUserMessages: [Player_C_0] I hit something
[2018.10.24-22.54.56:567][250]LogBlueprintUserMessages: [Player_C_0] I hit something
[2018.10.24-22.54.56:575][251]LogBlueprintUserMessages: [Player_C_0] I hit something
[2018.10.24-22.54.56:584][252]LogBlueprintUserMessages: [Player_C_0] I hit something
[2018.10.24-22.54.56:592][253]LogBlueprintUserMessages: [Player_C_0] I hit something
[2018.10.24-22.54.56:600][254]LogBlueprintUserMessages: [Player_C_0] I hit something
[2018.10.24-22.54.56:609][255]LogBlueprintUserMessages: [Player_C_0] I hit something
[2018.10.24-22.54.56:617][256]LogBlueprintUserMessages: [Player_C_0] I hit something
[2018.10.24-22.54.56:625][257]LogBlueprintUserMessages: [Player_C_0] I hit something
[2018.10.24-22.54.56:634][258]LogBlueprintUserMessages: [Player_C_0] I hit something
[2018.10.24-22.54.56:642][259]LogBlueprintUserMessages: [Player_C_0] I hit something
[2018.10.24-22.54.56:650][260]LogBlueprintUserMessages: [Player_C_0] I hit something
[2018.10.24-22.54.56:659][261]LogBlueprintUserMessages: [Player_C_0] I hit something
[2018.10.24-22.54.56:667][262]LogBlueprintUserMessages: [Player_C_0] I hit something
[2018.10.24-22.54.56:675][263]LogBlueprintUserMessages: [Player_C_0] I hit something
[2018.10.24-22.54.56:684][264]LogBlueprintUserMessages: [Player_C_0] I hit something
[2018.10.24-22.54.56:692][265]LogBlueprintUserMessages: [Player_C_0] I hit something
[2018.10.24-22.54.56:702][266]LogBlueprintUserMessages: [Player_C_0] I hit something
[2018.10.24-22.54.56:709][267]LogBlueprintUserMessages: [Player_C_0] I hit something
[2018.10.24-22.54.56:717][268]LogBlueprintUserMessages: [Player_C_0] I hit something
[2018.10.24-22.54.56:726][269]LogBlueprintUserMessages: [Player_C_0] I hit something
[2018.10.24-22.54.56:735][270]LogBlueprintUserMessages: [Player_C_0] I hit something
[2018.10.24-22.54.56:742][271]LogBlueprintUserMessages: [Player_C_0] I hit something
[2018.10.24-22.54.56:751][272]LogBlueprintUserMessages: [Player_C_0] I hit something
[2018.10.24-22.54.56:759][273]LogBlueprintUserMessages: [Player_C_0] I hit something
[2018.10.24-22.54.56:768][274]LogBlueprintUserMessages: [Player_C_0] I hit something
[2018.10.24-22.54.56:776][275]LogBlueprintUserMessages: [Player_C_0] I hit something
[2018.10.24-22.54.56:784][276]LogBlueprintUserMessages: [Player_C_0] I hit something
[2018.10.24-22.54.56:792][277]LogBlueprintUserMessages: [Player_C_0] I hit something
[2018.10.24-22.54.56:800][278]LogBlueprintUserMessages: [Player_C_0] I hit something
[2018.10.24-22.54.56:808][279]LogBlueprintUserMessages: [Player_C_0] I hit something
[2018.10.24-22.54.56:816][280]LogBlueprintUserMessages: [Player_C_0] I hit something
[2018.10.24-22.54.56:825][281]LogBlueprintUserMessages: [Player_C_0] I hit something
[2018.10.24-22.54.56:833][282]LogBlueprintUserMessages: [Player_C_0] I hit something
[2018.10.24-22.54.56:842][283]LogBlueprintUserMessages: [Player_C_0] I hit something
[2018.10.24-22.54.56:850][284]LogBlueprintUserMessages: [Player_C_0] I hit something
[2018.10.24-22.54.56:859][285]LogBlueprintUserMessages: [Player_C_0] I hit something
[2018.10.24-22.54.56:867][286]LogBlueprintUserMessages: [Player_C_0] I hit something
[2018.10.24-22.54.56:875][287]LogBlueprintUserMessages: [Player_C_0] I hit something
[2018.10.24-22.54.56:883][288]LogBlueprintUserMessages: [Player_C_0] I hit something
[2018.10.24-22.54.56:892][289]LogBlueprintUserMessages: [Player_C_0] I hit something
[2018.10.24-22.54.56:900][290]LogBlueprintUserMessages: [Player_C_0] I hit something
[2018.10.24-22.54.56:909][291]LogBlueprintUserMessages: [Player_C_0] I hit something
[2018.10.24-22.54.56:917][292]LogBlueprintUserMessages: [Player_C_0] I hit something
[2018.10.24-22.54.56:925][293]LogBlueprintUserMessages: [Player_C_0] I hit something
[2018.10.24-22.54.56:934][294]LogBlueprintUserMessages: [Player_C_0] I hit something
[2018.10.24-22.54.56:942][295]LogBlueprintUserMessages: [Player_C_0] I hit something
[2018.10.24-22.54.56:950][296]LogBlueprintUserMessages: [Player_C_0] I hit something
[2018.10.24-22.54.56:959][297]LogBlueprintUserMessages: [Player_C_0] I hit something
[2018.10.24-22.54.56:967][298]LogBlueprintUserMessages: [Player_C_0] I hit something
[2018.10.24-22.54.56:975][299]LogBlueprintUserMessages: [Player_C_0] I hit something
[2018.10.24-22.54.56:983][300]LogBlueprintUserMessages: [Player_C_0] I hit something
[2018.10.24-22.54.56:991][301]LogBlueprintUserMessages: [Player_C_0] I hit something
[2018.10.24-22.54.57:000][302]LogBlueprintUserMessages: [Player_C_0] I hit something
[2018.10.24-22.54.57:008][303]LogBlueprintUserMessages: [Player_C_0] I hit something
[2018.10.24-22.54.57:016][304]LogBlueprintUserMessages: [Player_C_0] I hit something
[2018.10.24-22.54.57:025][305]LogBlueprintUserMessages: [Player_C_0] I hit something
[2018.10.24-22.54.57:033][306]LogBlueprintUserMessages: [Player_C_0] I hit something
[2018.10.24-22.54.57:042][307]LogBlueprintUserMessages: [Player_C_0] I hit something
[2018.10.24-22.54.57:050][308]LogBlueprintUserMessages: [Player_C_0] I hit something
[2018.10.24-22.54.57:058][309]LogBlueprintUserMessages: [Player_C_0] I hit something
[2018.10.24-22.54.57:067][310]LogBlueprintUserMessages: [Player_C_0] I hit something
[2018.10.24-22.54.57:076][311]LogBlueprintUserMessages: [Player_C_0] I hit something
[2018.10.24-22.54.57:083][312]LogBlueprintUserMessages: [Player_C_0] I hit something
[2018.10.24-22.54.57:092][313]LogBlueprintUserMessages: [Player_C_0] I hit something
[2018.10.24-22.54.57:100][314]LogBlueprintUserMessages: [Player_C_0] I hit something
[2018.10.24-22.54.57:108][315]LogBlueprintUserMessages: [Player_C_0] I hit something
[2018.10.24-22.54.57:117][316]LogBlueprintUserMessages: [Player_C_0] I hit something
[2018.10.24-22.54.57:125][317]LogBlueprintUserMessages: [Player_C_0] I hit something
[2018.10.24-22.54.57:133][318]LogBlueprintUserMessages: [Player_C_0] I hit something
[2018.10.24-22.54.57:142][319]LogBlueprintUserMessages: [Player_C_0] I hit something
[2018.10.24-22.54.57:150][320]LogBlueprintUserMessages: [Player_C_0] I hit something
[2018.10.24-22.54.57:158][321]LogBlueprintUserMessages: [Player_C_0] I hit something
[2018.10.24-22.54.57:167][322]LogBlueprintUserMessages: [Player_C_0] I hit something
[2018.10.24-22.54.57:175][323]LogBlueprintUserMessages: [Player_C_0] I hit something
[2018.10.24-22.54.57:184][324]LogBlueprintUserMessages: [Player_C_0] I hit something
[2018.10.24-22.54.57:192][325]LogBlueprintUserMessages: [Player_C_0] I hit something
[2018.10.24-22.54.57:200][326]LogBlueprintUserMessages: [Player_C_0] I hit something
[2018.10.24-22.54.57:208][327]LogBlueprintUserMessages: [Player_C_0] I hit something
[2018.10.24-22.54.57:217][328]LogBlueprintUserMessages: [Player_C_0] I hit something
[2018.10.24-22.54.57:225][329]LogBlueprintUserMessages: [Player_C_0] I hit something
[2018.10.24-22.54.57:234][330]LogBlueprintUserMessages: [Player_C_0] I hit something
[2018.10.24-22.54.57:242][331]LogBlueprintUserMessages: [Player_C_0] I hit something
[2018.10.24-22.54.57:250][332]LogBlueprintUserMessages: [Player_C_0] I hit something
[2018.10.24-22.54.57:259][333]LogBlueprintUserMessages: [Player_C_0] I hit something
[2018.10.24-22.54.57:267][334]LogBlueprintUserMessages: [Player_C_0] I hit something
[2018.10.24-22.54.57:276][335]LogBlueprintUserMessages: [Player_C_0] I hit something
[2018.10.24-22.54.57:284][336]LogBlueprintUserMessages: [Player_C_0] I hit something
[2018.10.24-22.54.57:292][337]LogBlueprintUserMessages: [Player_C_0] I hit something
[2018.10.24-22.54.57:300][338]LogBlueprintUserMessages: [Player_C_0] I hit something
[2018.10.24-22.54.57:309][339]LogBlueprintUserMessages: [Player_C_0] I hit something
[2018.10.24-22.54.57:317][340]LogBlueprintUserMessages: [Player_C_0] I hit something
[2018.10.24-22.54.57:325][341]LogBlueprintUserMessages: [Player_C_0] I hit something
[2018.10.24-22.54.57:334][342]LogBlueprintUserMessages: [Player_C_0] I hit something
[2018.10.24-22.54.57:342][343]LogBlueprintUserMessages: [Player_C_0] I hit something
[2018.10.24-22.54.57:350][344]LogBlueprintUserMessages: [Player_C_0] I hit something
[2018.10.24-22.54.57:358][345]LogBlueprintUserMessages: [Player_C_0] I hit something
[2018.10.24-22.54.57:366][346]LogBlueprintUserMessages: [Player_C_0] I hit something
[2018.10.24-22.54.57:375][347]LogBlueprintUserMessages: [Player_C_0] I hit something
[2018.10.24-22.54.57:383][348]LogBlueprintUserMessages: [Player_C_0] I hit something
[2018.10.24-22.54.57:392][349]LogBlueprintUserMessages: [Player_C_0] I hit something
[2018.10.24-22.54.57:400][350]LogBlueprintUserMessages: [Player_C_0] I hit something
[2018.10.24-22.54.57:408][351]LogBlueprintUserMessages: [Player_C_0] I hit something
[2018.10.24-22.54.57:416][352]LogBlueprintUserMessages: [Player_C_0] I hit something
[2018.10.24-22.54.57:425][353]LogBlueprintUserMessages: [Player_C_0] I hit something
[2018.10.24-22.54.57:433][354]LogBlueprintUserMessages: [Player_C_0] I hit something
[2018.10.24-22.54.57:441][355]LogBlueprintUserMessages: [Player_C_0] I hit something
[2018.10.24-22.54.57:450][356]LogBlueprintUserMessages: [Player_C_0] I hit something
[2018.10.24-22.54.57:458][357]LogBlueprintUserMessages: [Player_C_0] I hit something
[2018.10.24-22.54.57:467][358]LogBlueprintUserMessages: [Player_C_0] I hit something
[2018.10.24-22.54.57:475][359]LogBlueprintUserMessages: [Player_C_0] I hit something
[2018.10.24-22.54.57:484][360]LogBlueprintUserMessages: [Player_C_0] I hit something
[2018.10.24-22.54.57:492][361]LogBlueprintUserMessages: [Player_C_0] I hit something
[2018.10.24-22.54.57:500][362]LogBlueprintUserMessages: [Player_C_0] I hit something
[2018.10.24-22.54.57:508][363]LogBlueprintUserMessages: [Player_C_0] I hit something
[2018.10.24-22.54.57:517][364]LogBlueprintUserMessages: [Player_C_0] I hit something
[2018.10.24-22.54.57:525][365]LogBlueprintUserMessages: [Player_C_0] I hit something
[2018.10.24-22.54.57:534][366]LogBlueprintUserMessages: [Player_C_0] I hit something
[2018.10.24-22.54.57:542][367]LogBlueprintUserMessages: [Player_C_0] I hit something
[2018.10.24-22.54.57:550][368]LogBlueprintUserMessages: [Player_C_0] I hit something
[2018.10.24-22.54.57:558][369]LogBlueprintUserMessages: [Player_C_0] I hit something
[2018.10.24-22.54.57:567][370]LogBlueprintUserMessages: [Player_C_0] I hit something
[2018.10.24-22.54.57:575][371]LogBlueprintUserMessages: [Player_C_0] I hit something
[2018.10.24-22.54.57:584][372]LogBlueprintUserMessages: [Player_C_0] I hit something
[2018.10.24-22.54.57:592][373]LogBlueprintUserMessages: [Player_C_0] I hit something
[2018.10.24-22.54.57:600][374]LogBlueprintUserMessages: [Player_C_0] I hit something
[2018.10.24-22.54.57:609][375]LogBlueprintUserMessages: [Player_C_0] I hit something
[2018.10.24-22.54.57:617][376]LogBlueprintUserMessages: [Player_C_0] I hit something
[2018.10.24-22.54.57:625][377]LogBlueprintUserMessages: [Player_C_0] I hit something
[2018.10.24-22.54.57:634][378]LogBlueprintUserMessages: [Player_C_0] I hit something
[2018.10.24-22.54.57:642][379]LogBlueprintUserMessages: [Player_C_0] I hit something
[2018.10.24-22.54.57:650][380]LogBlueprintUserMessages: [Player_C_0] I hit something
[2018.10.24-22.54.57:659][381]LogBlueprintUserMessages: [Player_C_0] I hit something
[2018.10.24-22.54.57:667][382]LogBlueprintUserMessages: [Player_C_0] I hit something
[2018.10.24-22.54.57:675][383]LogBlueprintUserMessages: [Player_C_0] I hit something
[2018.10.24-22.54.57:684][384]LogBlueprintUserMessages: [Player_C_0] I hit something
[2018.10.24-22.54.57:692][385]LogBlueprintUserMessages: [Player_C_0] I hit something
[2018.10.24-22.54.57:700][386]LogBlueprintUserMessages: [Player_C_0] I hit something
[2018.10.24-22.54.57:709][387]LogBlueprintUserMessages: [Player_C_0] I hit something
[2018.10.24-22.54.57:716][388]LogBlueprintUserMessages: [Player_C_0] I hit something
[2018.10.24-22.54.57:725][389]LogBlueprintUserMessages: [Player_C_0] I hit something
[2018.10.24-22.54.57:733][390]LogBlueprintUserMessages: [Player_C_0] I hit something
[2018.10.24-22.54.57:741][391]LogBlueprintUserMessages: [Player_C_0] I hit something
[2018.10.24-22.54.57:750][392]LogBlueprintUserMessages: [Player_C_0] I hit something
[2018.10.24-22.54.57:758][393]LogBlueprintUserMessages: [Player_C_0] I hit something
[2018.10.24-22.54.57:766][394]LogBlueprintUserMessages: [Player_C_0] I hit something
[2018.10.24-22.54.57:775][395]LogBlueprintUserMessages: [Player_C_0] I hit something
[2018.10.24-22.54.57:783][396]LogBlueprintUserMessages: [Player_C_0] I hit something
[2018.10.24-22.54.57:792][397]LogBlueprintUserMessages: [Player_C_0] I hit something
[2018.10.24-22.54.57:800][398]LogBlueprintUserMessages: [Player_C_0] I hit something
[2018.10.24-22.54.57:808][399]LogBlueprintUserMessages: [Player_C_0] I hit something
[2018.10.24-22.54.57:816][400]LogBlueprintUserMessages: [Player_C_0] I hit something
[2018.10.24-22.54.57:825][401]LogBlueprintUserMessages: [Player_C_0] I hit something
[2018.10.24-22.54.57:833][402]LogBlueprintUserMessages: [Player_C_0] I hit something
[2018.10.24-22.54.57:842][403]LogBlueprintUserMessages: [Player_C_0] I hit something
[2018.10.24-22.54.57:850][404]LogBlueprintUserMessages: [Player_C_0] I hit something
[2018.10.24-22.54.57:858][405]LogBlueprintUserMessages: [Player_C_0] I hit something
[2018.10.24-22.54.57:867][406]LogBlueprintUserMessages: [Player_C_0] I hit something
[2018.10.24-22.54.57:875][407]LogBlueprintUserMessages: [Player_C_0] I hit something
[2018.10.24-22.54.57:883][408]LogBlueprintUserMessages: [Player_C_0] I hit something
[2018.10.24-22.54.57:892][409]LogBlueprintUserMessages: [Player_C_0] I hit something
[2018.10.24-22.54.57:900][410]LogBlueprintUserMessages: [Player_C_0] I hit something
[2018.10.24-22.54.57:908][411]LogBlueprintUserMessages: [Player_C_0] I hit something
[2018.10.24-22.54.57:917][412]LogBlueprintUserMessages: [Player_C_0] I hit something
[2018.10.24-22.54.57:925][413]LogBlueprintUserMessages: [Player_C_0] I hit something
[2018.10.24-22.54.57:934][414]LogBlueprintUserMessages: [Player_C_0] I hit something
[2018.10.24-22.54.57:942][415]LogBlueprintUserMessages: [Player_C_0] I hit something
[2018.10.24-22.54.57:950][416]LogBlueprintUserMessages: [Player_C_0] I hit something
[2018.10.24-22.54.57:959][417]LogBlueprintUserMessages: [Player_C_0] I hit something
[2018.10.24-22.54.57:967][418]LogBlueprintUserMessages: [Player_C_0] I hit something
[2018.10.24-22.54.57:975][419]LogBlueprintUserMessages: [Player_C_0] I hit something
[2018.10.24-22.54.57:984][420]LogBlueprintUserMessages: [Player_C_0] I hit something
[2018.10.24-22.54.57:992][421]LogBlueprintUserMessages: [Player_C_0] I hit something
[2018.10.24-22.54.58:000][422]LogBlueprintUserMessages: [Player_C_0] I hit something
[2018.10.24-22.54.58:009][423]LogBlueprintUserMessages: [Player_C_0] I hit something
[2018.10.24-22.54.58:017][424]LogBlueprintUserMessages: [Player_C_0] I hit something
[2018.10.24-22.54.58:025][425]LogBlueprintUserMessages: [Player_C_0] I hit something
[2018.10.24-22.54.58:034][426]LogBlueprintUserMessages: [Player_C_0] I hit something
[2018.10.24-22.54.58:042][427]LogBlueprintUserMessages: [Player_C_0] I hit something
[2018.10.24-22.54.58:050][428]LogBlueprintUserMessages: [Player_C_0] I hit something
[2018.10.24-22.54.58:059][429]LogBlueprintUserMessages: [Player_C_0] I hit something
[2018.10.24-22.54.58:067][430]LogBlueprintUserMessages: [Player_C_0] I hit something
[2018.10.24-22.54.58:076][431]LogBlueprintUserMessages: [Player_C_0] I hit something
[2018.10.24-22.54.58:084][432]LogBlueprintUserMessages: [Player_C_0] I hit something
[2018.10.24-22.54.58:091][433]LogBlueprintUserMessages: [Player_C_0] I hit something
[2018.10.24-22.54.58:100][434]LogBlueprintUserMessages: [Player_C_0] I hit something
[2018.10.24-22.54.58:108][435]LogBlueprintUserMessages: [Player_C_0] I hit something
[2018.10.24-22.54.58:116][436]LogBlueprintUserMessages: [Player_C_0] I hit something
[2018.10.24-22.54.58:125][437]LogBlueprintUserMessages: [Player_C_0] I hit something
[2018.10.24-22.54.58:133][438]LogBlueprintUserMessages: [Player_C_0] I hit something
[2018.10.24-22.54.58:141][439]LogBlueprintUserMessages: [Player_C_0] I hit something
[2018.10.24-22.54.58:150][440]LogBlueprintUserMessages: [Player_C_0] I hit something
[2018.10.24-22.54.58:158][441]LogBlueprintUserMessages: [Player_C_0] I hit something
[2018.10.24-22.54.58:167][442]LogBlueprintUserMessages: [Player_C_0] I hit something
[2018.10.24-22.54.58:175][443]LogBlueprintUserMessages: [Player_C_0] I hit something
[2018.10.24-22.54.58:183][444]LogBlueprintUserMessages: [Player_C_0] I hit something
[2018.10.24-22.54.58:191][445]LogBlueprintUserMessages: [Player_C_0] I hit something
[2018.10.24-22.54.58:200][446]LogBlueprintUserMessages: [Player_C_0] I hit something
[2018.10.24-22.54.58:208][447]LogBlueprintUserMessages: [Player_C_0] I hit something
[2018.10.24-22.54.58:217][448]LogBlueprintUserMessages: [Player_C_0] I hit something
[2018.10.24-22.54.58:225][449]LogBlueprintUserMessages: [Player_C_0] I hit something
[2018.10.24-22.54.58:233][450]LogBlueprintUserMessages: [Player_C_0] I hit something
[2018.10.24-22.54.58:242][451]LogBlueprintUserMessages: [Player_C_0] I hit something
[2018.10.24-22.54.58:250][452]LogBlueprintUserMessages: [Player_C_0] I hit something
[2018.10.24-22.54.58:258][453]LogBlueprintUserMessages: [Player_C_0] I hit something
[2018.10.24-22.54.58:267][454]LogBlueprintUserMessages: [Player_C_0] I hit something
[2018.10.24-22.54.58:275][455]LogBlueprintUserMessages: [Player_C_0] I hit something
[2018.10.24-22.54.58:283][456]LogBlueprintUserMessages: [Player_C_0] I hit something
[2018.10.24-22.54.58:292][457]LogBlueprintUserMessages: [Player_C_0] I hit something
[2018.10.24-22.54.58:300][458]LogBlueprintUserMessages: [Player_C_0] I hit something
[2018.10.24-22.54.58:308][459]LogBlueprintUserMessages: [Player_C_0] I hit something
[2018.10.24-22.54.58:316][460]LogBlueprintUserMessages: [Player_C_0] I hit something
[2018.10.24-22.54.58:325][461]LogBlueprintUserMessages: [Player_C_0] I hit something
[2018.10.24-22.54.58:333][462]LogBlueprintUserMessages: [Player_C_0] I hit something
[2018.10.24-22.54.58:341][463]LogBlueprintUserMessages: [Player_C_0] I hit something
[2018.10.24-22.54.58:350][464]LogBlueprintUserMessages: [Player_C_0] I hit something
[2018.10.24-22.54.58:358][465]LogBlueprintUserMessages: [Player_C_0] I hit something
[2018.10.24-22.54.58:366][466]LogBlueprintUserMessages: [Player_C_0] I hit something
[2018.10.24-22.54.58:375][467]LogBlueprintUserMessages: [Player_C_0] I hit something
[2018.10.24-22.54.58:383][468]LogBlueprintUserMessages: [Player_C_0] I hit something
[2018.10.24-22.54.58:391][469]LogBlueprintUserMessages: [Player_C_0] I hit something
[2018.10.24-22.54.58:400][470]LogBlueprintUserMessages: [Player_C_0] I hit something
[2018.10.24-22.54.58:408][471]LogBlueprintUserMessages: [Player_C_0] I hit something
[2018.10.24-22.54.58:417][472]LogBlueprintUserMessages: [Player_C_0] I hit something
[2018.10.24-22.54.58:425][473]LogBlueprintUserMessages: [Player_C_0] I hit something
[2018.10.24-22.54.58:433][474]LogBlueprintUserMessages: [Player_C_0] I hit something
[2018.10.24-22.54.58:442][475]LogBlueprintUserMessages: [Player_C_0] I hit something
[2018.10.24-22.54.58:450][476]LogBlueprintUserMessages: [Player_C_0] I hit something
[2018.10.24-22.54.58:458][477]LogBlueprintUserMessages: [Player_C_0] I hit something
[2018.10.24-22.54.58:467][478]LogBlueprintUserMessages: [Player_C_0] I hit something
[2018.10.24-22.54.58:475][479]LogBlueprintUserMessages: [Player_C_0] I hit something
[2018.10.24-22.54.58:483][480]LogBlueprintUserMessages: [Player_C_0] I hit something
[2018.10.24-22.54.58:492][481]LogBlueprintUserMessages: [Player_C_0] I hit something
[2018.10.24-22.54.58:500][482]LogBlueprintUserMessages: [Player_C_0] I hit something
[2018.10.24-22.54.58:508][483]LogBlueprintUserMessages: [Player_C_0] I hit something
[2018.10.24-22.54.58:517][484]LogBlueprintUserMessages: [Player_C_0] I hit something
[2018.10.24-22.54.58:525][485]LogBlueprintUserMessages: [Player_C_0] I hit something
[2018.10.24-22.54.58:534][486]LogBlueprintUserMessages: [Player_C_0] I hit something
[2018.10.24-22.54.58:542][487]LogBlueprintUserMessages: [Player_C_0] I hit something
[2018.10.24-22.54.58:550][488]LogBlueprintUserMessages: [Player_C_0] I hit something
[2018.10.24-22.54.58:559][489]LogBlueprintUserMessages: [Player_C_0] I hit something
[2018.10.24-22.54.58:567][490]LogBlueprintUserMessages: [Player_C_0] I hit something
[2018.10.24-22.54.58:575][491]LogBlueprintUserMessages: [Player_C_0] I hit something
[2018.10.24-22.54.58:584][492]LogBlueprintUserMessages: [Player_C_0] I hit something
[2018.10.24-22.54.58:592][493]LogBlueprintUserMessages: [Player_C_0] I hit something
[2018.10.24-22.54.58:600][494]LogBlueprintUserMessages: [Player_C_0] I hit something
[2018.10.24-22.54.58:609][495]LogBlueprintUserMessages: [Player_C_0] I hit something
[2018.10.24-22.54.58:617][496]LogBlueprintUserMessages: [Player_C_0] I hit something
[2018.10.24-22.54.58:626][497]LogBlueprintUserMessages: [Player_C_0] I hit something
[2018.10.24-22.54.58:634][498]LogBlueprintUserMessages: [Player_C_0] I hit something
[2018.10.24-22.54.58:642][499]LogBlueprintUserMessages: [Player_C_0] I hit something
[2018.10.24-22.54.58:651][500]LogBlueprintUserMessages: [Player_C_0] I hit something
[2018.10.24-22.54.58:659][501]LogBlueprintUserMessages: [Player_C_0] I hit something
[2018.10.24-22.54.58:667][502]LogBlueprintUserMessages: [Player_C_0] I hit something
[2018.10.24-22.54.58:676][503]LogBlueprintUserMessages: [Player_C_0] I hit something
[2018.10.24-22.54.58:683][504]LogBlueprintUserMessages: [Player_C_0] I hit something
[2018.10.24-22.54.58:691][505]LogBlueprintUserMessages: [Player_C_0] I hit something
[2018.10.24-22.54.58:700][506]LogBlueprintUserMessages: [Player_C_0] I hit something
[2018.10.24-22.54.58:708][507]LogBlueprintUserMessages: [Player_C_0] I hit something
[2018.10.24-22.54.58:717][508]LogBlueprintUserMessages: [Player_C_0] I hit something
[2018.10.24-22.54.58:725][509]LogBlueprintUserMessages: [Player_C_0] I hit something
[2018.10.24-22.54.58:733][510]LogBlueprintUserMessages: [Player_C_0] I hit something
[2018.10.24-22.54.58:742][511]LogBlueprintUserMessages: [Player_C_0] I hit something
[2018.10.24-22.54.58:750][512]LogBlueprintUserMessages: [Player_C_0] I hit something
[2018.10.24-22.54.58:758][513]LogBlueprintUserMessages: [Player_C_0] I hit something
[2018.10.24-22.54.58:767][514]LogBlueprintUserMessages: [Player_C_0] I hit something
[2018.10.24-22.54.58:775][515]LogBlueprintUserMessages: [Player_C_0] I hit something
[2018.10.24-22.54.58:783][516]LogBlueprintUserMessages: [Player_C_0] I hit something
[2018.10.24-22.54.58:792][517]LogBlueprintUserMessages: [Player_C_0] I hit something
[2018.10.24-22.54.58:800][518]LogBlueprintUserMessages: [Player_C_0] I hit something
[2018.10.24-22.54.58:808][519]LogBlueprintUserMessages: [Player_C_0] I hit something
[2018.10.24-22.54.58:817][520]LogBlueprintUserMessages: [Player_C_0] I hit something
[2018.10.24-22.54.58:825][521]LogBlueprintUserMessages: [Player_C_0] I hit something
[2018.10.24-22.54.58:833][522]LogBlueprintUserMessages: [Player_C_0] I hit something
[2018.10.24-22.54.58:842][523]LogBlueprintUserMessages: [Player_C_0] I hit something
[2018.10.24-22.54.58:850][524]LogBlueprintUserMessages: [Player_C_0] I hit something
[2018.10.24-22.54.58:859][525]LogBlueprintUserMessages: [Player_C_0] I hit something
[2018.10.24-22.54.58:867][526]LogBlueprintUserMessages: [Player_C_0] I hit something
