Log file open, 10/27/18 04:36:19
LogWindows: Failed to load 'aqProf.dll' (GetLastError=126)
LogWindows: File 'aqProf.dll' does not exist
LogWindows: Failed to load 'VSPerf140.dll' (GetLastError=126)
LogWindows: File 'VSPerf140.dll' does not exist
LogWindows: Failed to load 'VtuneApi.dll' (GetLastError=126)
LogWindows: File 'VtuneApi.dll' does not exist
LogWindows: Failed to load 'VtuneApi32e.dll' (GetLastError=126)
LogWindows: File 'VtuneApi32e.dll' does not exist
LogInit: Display: Running engine for game: SideyCPP
LogPlatformFile: Not using cached read wrapper
LogTaskGraph: Started task graph with 5 named threads and 23 total threads with 3 sets of task threads.
LogStats: Stats thread started at 0.412783
LogD3D11RHI: Loaded GFSDK_Aftermath_Lib.x64.dll
LogICUInternationalization: Display: ICU TimeZone Detection - Raw Offset: +0:00, Platform Override: ''
LogPluginManager: Mounting plugin Paper2D
LogPluginManager: Mounting plugin AISupport
LogPluginManager: Mounting plugin LightPropagationVolume
LogPluginManager: Mounting plugin CLionSourceCodeAccess
LogPluginManager: Mounting plugin CodeLiteSourceCodeAccess
LogPluginManager: Mounting plugin GitSourceControl
LogPluginManager: Mounting plugin KDevelopSourceCodeAccess
LogPluginManager: Mounting plugin NullSourceCodeAccess
LogPluginManager: Mounting plugin PerforceSourceControl
LogPluginManager: Mounting plugin SubversionSourceControl
LogPluginManager: Mounting plugin UObjectPlugin
LogPluginManager: Mounting plugin VisualStudioCodeSourceCodeAccess
LogPluginManager: Mounting plugin VisualStudioSourceCodeAccess
LogPluginManager: Mounting plugin XCodeSourceCodeAccess
LogPluginManager: Mounting plugin AssetManagerEditor
LogPluginManager: Mounting plugin CryptoKeys
LogPluginManager: Mounting plugin DataValidation
LogPluginManager: Mounting plugin FacialAnimation
LogPluginManager: Mounting plugin GameplayTagsEditor
LogPluginManager: Mounting plugin MacGraphicsSwitching
LogPluginManager: Mounting plugin MeshEditor
LogPluginManager: Mounting plugin MobileLauncherProfileWizard
LogPluginManager: Mounting plugin PluginBrowser
LogPluginManager: Mounting plugin SpeedTreeImporter
LogPluginManager: Mounting plugin DatasmithContent
LogPluginManager: Mounting plugin AlembicImporter
LogPluginManager: Mounting plugin AppleImageUtils
LogPluginManager: Mounting plugin AppleVision
LogPluginManager: Mounting plugin BackChannel
LogPluginManager: Mounting plugin CharacterAI
LogPluginManager: Mounting plugin GeometryCache
LogPluginManager: Mounting plugin HTML5Networking
LogPluginManager: Mounting plugin ProxyLODPlugin
LogPluginManager: Mounting plugin MagicLeap
LogPluginManager: Mounting plugin MagicLeapEmulator
LogPluginManager: Mounting plugin MagicLeapMedia
LogPluginManager: Mounting plugin AndroidMedia
LogPluginManager: Mounting plugin AvfMedia
LogPluginManager: Mounting plugin ImgMedia
LogPluginManager: Mounting plugin LinearTimecode
LogPluginManager: Mounting plugin MediaCompositing
LogPluginManager: Mounting plugin MediaPlayerEditor
LogPluginManager: Mounting plugin WmfMedia
LogPluginManager: Mounting plugin TcpMessaging
LogPluginManager: Mounting plugin UdpMessaging
LogPluginManager: Mounting plugin ActorSequence
LogPluginManager: Mounting plugin LevelSequenceEditor
LogPluginManager: Mounting plugin MatineeToLevelSequence
LogPluginManager: Mounting plugin NetcodeUnitTest
LogPluginManager: Mounting plugin NUTUnrealEngine4
LogPluginManager: Mounting plugin OnlineSubsystemGooglePlay
LogPluginManager: Mounting plugin OnlineSubsystemIOS
LogPluginManager: Mounting plugin OnlineSubsystem
LogPluginManager: Mounting plugin OnlineSubsystemNull
LogPluginManager: Mounting plugin OnlineSubsystemUtils
LogPluginManager: Mounting plugin LauncherChunkInstaller
LogPluginManager: Mounting plugin AndroidDeviceProfileSelector
LogPluginManager: Mounting plugin AndroidMoviePlayer
LogPluginManager: Mounting plugin AndroidPermission
LogPluginManager: Mounting plugin ApexDestruction
LogPluginManager: Mounting plugin AppleMoviePlayer
LogPluginManager: Mounting plugin ArchVisCharacter
LogPluginManager: Mounting plugin AudioCapture
LogPluginManager: Mounting plugin CableComponent
LogPluginManager: Mounting plugin CustomMeshComponent
LogPluginManager: Mounting plugin EditableMesh
LogPluginManager: Mounting plugin ExampleDeviceProfileSelector
LogPluginManager: Mounting plugin GoogleCloudMessaging
LogPluginManager: Mounting plugin ImmediatePhysics
LogPluginManager: Mounting plugin IOSDeviceProfileSelector
LogPluginManager: Mounting plugin LinuxDeviceProfileSelector
LogPluginManager: Mounting plugin LocationServicesBPLibrary
LogPluginManager: Mounting plugin MobilePatchingUtils
LogPluginManager: Mounting plugin OculusVR
LogPluginManager: Plugin shader directory ../../../Engine/Plugins/Runtime/Oculus/OculusVR/Shaders found
LogPluginManager: Mapping shader source directory ../../../Engine/Plugins/Runtime/Oculus/OculusVR/Shaders to virtual directory /Plugin/OculusVR
LogPluginManager: Mounting plugin PhysXVehicles
LogPluginManager: Mounting plugin ProceduralMeshComponent
LogPluginManager: Mounting plugin RuntimePhysXCooking
LogPluginManager: Mounting plugin SteamVR
LogPluginManager: Mounting plugin WindowsMoviePlayer
LogStreaming: Display: Took  0.272s to configure plugins.
LogInit: Using libcurl 7.55.1-DEV
LogInit:  - built for x86_64-pc-win32
LogInit:  - supports SSL with OpenSSL/1.0.2h
LogInit:  - supports HTTP deflate (compression) using libz 1.2.8
LogInit:  - other features:
LogInit:      CURL_VERSION_SSL
LogInit:      CURL_VERSION_LIBZ
LogInit:      CURL_VERSION_IPV6
LogInit:      CURL_VERSION_ASYNCHDNS
LogInit:      CURL_VERSION_LARGEFILE
LogInit:      CURL_VERSION_IDN
LogInit:  CurlRequestOptions (configurable via config and command line):
LogInit:  - bVerifyPeer = false  - Libcurl will NOT verify peer certificate
LogInit:  - bUseHttpProxy = false  - Libcurl will NOT use HTTP proxy
LogInit:  - bDontReuseConnections = false  - Libcurl will reuse connections
LogInit:  - CertBundlePath = nullptr  - Libcurl will use whatever was configured at build time.
LogInit:  - MaxHostConnections = 16  - Libcurl will limit the number of connections to a host
LogInit:  - LocalHostAddr = Default
LogInit:  - BufferSize = 65536
LogInit: WinSock: version 1.1 (2.2), MaxSocks=32767, MaxUdp=65467
LogInit: Build: ++UE4+Release-4.20-CL-4369336
LogInit: Engine Version: 4.20.3-4369336+++UE4+Release-4.20
LogInit: Compatible Engine Version: 4.20.0-4212847+++UE4+Release-4.20
LogInit: Net CL: 4212847
LogInit: OS: Windows 10 (), CPU: Intel(R) Core(TM) i7-6700K CPU @ 4.00GHz, GPU: NVIDIA GeForce GTX 1060 6GB
LogInit: Compiled (64-bit): Sep 17 2018 12:26:19
LogInit: Compiled with Visual C++: 19.13.26129.00
LogInit: Build Configuration: Development
LogInit: Branch Name: ++UE4+Release-4.20
LogInit: Command Line:  -skipcompile
LogInit: Base Directory: D:/Program Files/Epic Games/UE_4.20/Engine/Binaries/Win64/
LogInit: Installed Engine Build: 1
LogDevObjectVersion: Number of dev versions registered: 20
LogDevObjectVersion:   Dev-Blueprints (B0D832E4-1F89-4F0D-ACCF-7EB736FD4AA2): 10
LogDevObjectVersion:   Dev-Build (E1C64328-A22C-4D53-A36C-8E866417BD8C): 0
LogDevObjectVersion:   Dev-Core (375EC13C-06E4-48FB-B500-84F0262A717E): 2
LogDevObjectVersion:   Dev-Editor (E4B068ED-F494-42E9-A231-DA0B2E46BB41): 24
LogDevObjectVersion:   Dev-Framework (CFFC743F-43B0-4480-9391-14DF171D2073): 34
LogDevObjectVersion:   Dev-Mobile (B02B49B5-BB20-44E9-A304-32B752E40360): 2
LogDevObjectVersion:   Dev-Networking (A4E4105C-59A1-49B5-A7C5-40C4547EDFEE): 0
LogDevObjectVersion:   Dev-Online (39C831C9-5AE6-47DC-9A44-9C173E1C8E7C): 0
LogDevObjectVersion:   Dev-Physics (78F01B33-EBEA-4F98-B9B4-84EACCB95AA2): 0
LogDevObjectVersion:   Dev-Platform (6631380F-2D4D-43E0-8009-CF276956A95A): 0
LogDevObjectVersion:   Dev-Rendering (12F88B9F-8875-4AFC-A67C-D90C383ABD29): 26
LogDevObjectVersion:   Dev-Sequencer (7B5AE74C-D270-4C10-A958-57980B212A5A): 9
LogDevObjectVersion:   Dev-VR (D7296918-1DD6-4BDD-9DE2-64A83CC13884): 2
LogDevObjectVersion:   Dev-LoadTimes (C2A15278-BFE7-4AFE-6C17-90FF531DF755): 1
LogDevObjectVersion:   Private-Geometry (6EACA3D4-40EC-4CC1-B786-8BED09428FC5): 3
LogDevObjectVersion:   Dev-AnimPhys (29E575DD-E0A3-4627-9D10-D276232CDCEA): 17
LogDevObjectVersion:   Dev-ReflectionCapture (6B266CEC-1EC7-4B8F-A30B-E4D90942FC07): 1
LogDevObjectVersion:   Dev-Automation (0DF73D61-A23F-47EA-B727-89E90C41499A): 1
LogDevObjectVersion:   FortniteMain (601D1886-AC64-4F84-AA16-D3DE0DEAC7D6): 12
LogDevObjectVersion:   Dev-Enterprise (9DFFBCD6-494F-0158-E221-12823C92A888): 1
LogStreaming: Display: Took  0.010s to delete old logs.
LogInit: Presizing for max 8388607 objects, including 0 objects not considered by GC, pre-allocating 0 bytes for permanent pool.
LogInit: Object subsystem initialized
[2018.10.27-03.36.20:236][  0]LogInit: Selected Device Profile: [Windows]
[2018.10.27-03.36.20:236][  0]LogInit: Applying CVar settings loaded from the selected device profile: [Windows]
[2018.10.27-03.36.20:247][  0]LogHAL: Display: Platform has ~ 16 GB [17126547456 / 17179869184 / 16], which maps to Larger [LargestMinGB=32, LargerMinGB=12, DefaultMinGB=8, SmallerMinGB=6, SmallestMinGB=0)
[2018.10.27-03.36.20:247][  0]LogInit: Setting Device Profile CVar: [[r.Vulkan.UseRealUBs:1]]
[2018.10.27-03.36.20:247][  0]LogInit: Going up to parent DeviceProfile []
[2018.10.27-03.36.20:248][  0]LogInit: Computer: EDWARD
[2018.10.27-03.36.20:248][  0]LogInit: User: John
[2018.10.27-03.36.20:248][  0]LogInit: CPU Page size=4096, Cores=4
[2018.10.27-03.36.20:248][  0]LogInit: High frequency timer resolution =3.914065 MHz
[2018.10.27-03.36.20:248][  0]LogMemory: Memory total: Physical=16.0GB (16GB approx)
[2018.10.27-03.36.20:248][  0]LogMemory: Platform Memory Stats for Windows
[2018.10.27-03.36.20:248][  0]LogMemory: Process Physical Memory: 101.51 MB used, 101.51 MB peak
[2018.10.27-03.36.20:248][  0]LogMemory: Process Virtual Memory: 89.87 MB used, 89.87 MB peak
[2018.10.27-03.36.20:248][  0]LogMemory: Physical Memory: 9536.39 MB used,  6796.76 MB free, 16333.15 MB total
[2018.10.27-03.36.20:248][  0]LogMemory: Virtual Memory: 4638.52 MB used,  6796.76 MB free, 134217728.00 MB total
[2018.10.27-03.36.20:382][  0]LogInit: Using OS detected language (en-US).
[2018.10.27-03.36.20:383][  0]LogInit: Using OS detected locale (en-US).
[2018.10.27-03.36.20:384][  0]LogTextLocalizationManager: No specific localization for 'en-US' exists, so the 'en' localization will be used.
[2018.10.27-03.36.20:725][  0]LogStreaming: Display: Took  0.342s to InitEngineTextLocalization.
[2018.10.27-03.36.20:725][  0]LogInit: Setting process to per monitor DPI aware
[2018.10.27-03.36.20:768][  0]LogSlate: New Slate User Created.  User Index 0, Is Virtual User: 0
[2018.10.27-03.36.20:768][  0]LogSlate: Slate User Registered.  User Index 0, Is Virtual User: 0
[2018.10.27-03.36.21:035][  0]LogHMD: Failed to initialize OpenVR with code 102
[2018.10.27-03.36.21:035][  0]LogD3D11RHI: D3D11 adapters:
[2018.10.27-03.36.21:106][  0]LogD3D11RHI:    0. 'NVIDIA GeForce GTX 1060 6GB' (Feature Level 11_0)
[2018.10.27-03.36.21:106][  0]LogD3D11RHI:       6061/0/8166 MB DedicatedVideo/DedicatedSystem/SharedSystem, Outputs:1, VendorId:0x10de
[2018.10.27-03.36.21:111][  0]LogD3D11RHI:    1. 'Microsoft Basic Render Driver' (Feature Level 11_0)
[2018.10.27-03.36.21:111][  0]LogD3D11RHI:       0/0/8166 MB DedicatedVideo/DedicatedSystem/SharedSystem, Outputs:0, VendorId:0x1414
[2018.10.27-03.36.21:111][  0]LogD3D11RHI: Chosen D3D11 Adapter: 0
[2018.10.27-03.36.21:121][  0]LogD3D11RHI: Creating new Direct3DDevice
[2018.10.27-03.36.21:121][  0]LogD3D11RHI:     GPU DeviceId: 0x1c03 (for the marketing name, search the web for "GPU Device Id")
[2018.10.27-03.36.21:121][  0]LogWindows: EnumDisplayDevices:
[2018.10.27-03.36.21:121][  0]LogWindows:    0. 'NVIDIA GeForce GTX 1060 6GB' (P:1 D:1)
[2018.10.27-03.36.21:121][  0]LogWindows:    1. 'NVIDIA GeForce GTX 1060 6GB' (P:0 D:0)
[2018.10.27-03.36.21:122][  0]LogWindows:    2. 'NVIDIA GeForce GTX 1060 6GB' (P:0 D:0)
[2018.10.27-03.36.21:122][  0]LogWindows:    3. 'NVIDIA GeForce GTX 1060 6GB' (P:0 D:0)
[2018.10.27-03.36.21:123][  0]LogWindows: DebugString: FoundDriverCount:4 
[2018.10.27-03.36.21:123][  0]LogD3D11RHI:     Adapter Name: NVIDIA GeForce GTX 1060 6GB
[2018.10.27-03.36.21:123][  0]LogD3D11RHI:   Driver Version: 388.13 (internal:23.21.13.8813, unified:388.13)
[2018.10.27-03.36.21:123][  0]LogD3D11RHI:      Driver Date: 10-27-2017
[2018.10.27-03.36.21:123][  0]LogRHI: Texture pool is 4242 MB (70% of 6061 MB)
[2018.10.27-03.36.21:156][  0]LogD3D11RHI: Async texture creation enabled
[2018.10.27-03.36.21:174][  0]LogD3D11RHI: GPU Timing Frequency: 1000.000000 (Debug: 2 1)
[2018.10.27-03.36.21:223][  0]LogShaderCompilers: Guid format shader working directory is 5 characters bigger than the processId version (../../../../../../Git/SpideyCPP/SideyCPP/Intermediate/Shaders/WorkingDirectory/2104/).
[2018.10.27-03.36.21:223][  0]LogShaderCompilers: Cleaned the shader compiler working directory 'C:/Users/John/AppData/Local/Temp/UnrealShaderWorkingDir/E1F77FB4475E26006B2F0BBE5DF5AE3F/'.
[2018.10.27-03.36.21:542][  0]LogTemp: Display: Loaded TP AllDesktopTargetPlatform
[2018.10.27-03.36.21:563][  0]LogTemp: Display: Loaded TP MacClientTargetPlatform
[2018.10.27-03.36.21:588][  0]LogTemp: Display: Loaded TP MacNoEditorTargetPlatform
[2018.10.27-03.36.21:609][  0]LogTemp: Display: Loaded TP MacServerTargetPlatform
[2018.10.27-03.36.21:635][  0]LogTemp: Display: Loaded TP MacTargetPlatform
[2018.10.27-03.36.21:658][  0]LogTemp: Display: Loaded TP WindowsClientTargetPlatform
[2018.10.27-03.36.21:680][  0]LogTemp: Display: Loaded TP WindowsNoEditorTargetPlatform
[2018.10.27-03.36.21:701][  0]LogTemp: Display: Loaded TP WindowsServerTargetPlatform
[2018.10.27-03.36.21:715][  0]LogTemp: Display: Loaded TP WindowsTargetPlatform
[2018.10.27-03.36.21:808][  0]LogTemp: Display: Loaded TP AndroidTargetPlatform
[2018.10.27-03.36.21:808][  0]LogTemp: Display: Loaded TP AndroidTargetPlatform
[2018.10.27-03.36.21:808][  0]LogTemp: Display: Loaded TP AndroidTargetPlatform
[2018.10.27-03.36.21:808][  0]LogTemp: Display: Loaded TP AndroidTargetPlatform
[2018.10.27-03.36.21:809][  0]LogTemp: Display: Loaded TP AndroidTargetPlatform
[2018.10.27-03.36.21:809][  0]LogTemp: Display: Loaded TP AndroidTargetPlatform
[2018.10.27-03.36.21:809][  0]LogTemp: Display: Loaded TP AndroidTargetPlatform
[2018.10.27-03.36.21:809][  0]LogTemp: Display: Loaded TP AndroidTargetPlatform
[2018.10.27-03.36.21:809][  0]LogTemp: Display: Loaded TP AndroidTargetPlatform
[2018.10.27-03.36.21:809][  0]LogTemp: Display: Loaded TP AndroidTargetPlatform
[2018.10.27-03.36.21:809][  0]LogTemp: Display: Loaded TP AndroidTargetPlatform
[2018.10.27-03.36.21:809][  0]LogTemp: Display: Loaded TP AndroidTargetPlatform
[2018.10.27-03.36.21:809][  0]LogTemp: Display: Loaded TP AndroidTargetPlatform
[2018.10.27-03.36.21:809][  0]LogTemp: Display: Loaded TP AndroidTargetPlatform
[2018.10.27-03.36.21:809][  0]LogTemp: Display: Loaded TP AndroidTargetPlatform
[2018.10.27-03.36.21:809][  0]LogTemp: Display: Loaded TP AndroidTargetPlatform
[2018.10.27-03.36.21:809][  0]LogTemp: Display: Loaded TP AndroidTargetPlatform
[2018.10.27-03.36.21:809][  0]LogTemp: Display: Loaded TP AndroidTargetPlatform
[2018.10.27-03.36.21:816][  0]LogTemp: Display: Loaded TP HTML5TargetPlatform
[2018.10.27-03.36.21:899][  0]LogTemp: Display: Loaded TP IOSTargetPlatform
[2018.10.27-03.36.21:899][  0]LogTemp: Display: Loaded TP IOSTargetPlatform
[2018.10.27-03.36.21:926][  0]LogTemp: Display: Loaded TP TVOSTargetPlatform
[2018.10.27-03.36.21:926][  0]LogTemp: Display: Loaded TP TVOSTargetPlatform
[2018.10.27-03.36.21:942][  0]LogTemp: Display: Loaded TP LinuxClientTargetPlatform
[2018.10.27-03.36.21:961][  0]LogTemp: Display: Loaded TP LinuxNoEditorTargetPlatform
[2018.10.27-03.36.21:982][  0]LogTemp: Display: Loaded TP LinuxServerTargetPlatform
[2018.10.27-03.36.22:002][  0]LogTemp: Display: Loaded TP LinuxTargetPlatform
[2018.10.27-03.36.22:017][  0]LogTemp: Display: Loaded TP LuminTargetPlatform
[2018.10.27-03.36.22:017][  0]LogTargetPlatformManager: Display: Building Assets For Windows
[2018.10.27-03.36.22:241][  0]LogXGEController: Cleaning working directory: C:/Users/John/AppData/Local/Temp/UnrealXGEWorkingDir/
[2018.10.27-03.36.22:241][  0]LogXGEController: Cannot use XGE Controller as Incredibuild is not installed on this machine.
[2018.10.27-03.36.22:242][  0]LogShaderCompilers: Cannot use XGE Shader Compiler as Incredibuild is not installed on this machine.
[2018.10.27-03.36.22:242][  0]LogShaderCompilers: Display: Using Local Shader Compiler.
[2018.10.27-03.36.23:136][  0]LogDerivedDataCache: Display: Max Cache Size: 512 MB
[2018.10.27-03.36.23:190][  0]LogDerivedDataCache: Loaded boot cache 0.05s 71MB C:/Users/John/AppData/Local/UnrealEngine/4.20/DerivedDataCache/Boot.ddc.
[2018.10.27-03.36.23:190][  0]LogDerivedDataCache: Display: Loaded Boot cache: C:/Users/John/AppData/Local/UnrealEngine/4.20/DerivedDataCache/Boot.ddc
[2018.10.27-03.36.23:190][  0]LogDerivedDataCache: FDerivedDataBackendGraph:  Pak pak cache file ../../../../../../Git/SpideyCPP/SideyCPP/DerivedDataCache/DDC.ddp not found, will not use a pak cache.
[2018.10.27-03.36.23:190][  0]LogDerivedDataCache: Unable to find inner node Pak for hierarchical cache Hierarchy.
[2018.10.27-03.36.23:190][  0]LogDerivedDataCache: FDerivedDataBackendGraph:  CompressedPak pak cache file ../../../../../../Git/SpideyCPP/SideyCPP/DerivedDataCache/Compressed.ddp not found, will not use a pak cache.
[2018.10.27-03.36.23:190][  0]LogDerivedDataCache: Unable to find inner node CompressedPak for hierarchical cache Hierarchy.
[2018.10.27-03.36.23:203][  0]LogDerivedDataCache: Display: Pak cache opened for reading ../../../Engine/DerivedDataCache/Compressed.ddp.
[2018.10.27-03.36.23:217][  0]LogDerivedDataCache: Using Local data cache path C:/Users/John/AppData/Local/UnrealEngine/Common/DerivedDataCache: Writable
[2018.10.27-03.36.23:217][  0]LogDerivedDataCache: Shared data cache path not found in *engine.ini, will not use an Shared cache.
[2018.10.27-03.36.23:217][  0]LogDerivedDataCache: Unable to find inner node Shared for hierarchical cache Hierarchy.
[2018.10.27-03.36.23:233][  0]LogMaterial: Verifying Global Shaders for PCD3D_SM5
[2018.10.27-03.36.23:234][  0]LogSlate: Using FreeType 2.6.0
[2018.10.27-03.36.23:235][  0]LogSlate: SlateFontServices - WITH_FREETYPE: 1, WITH_HARFBUZZ: 1
[2018.10.27-03.36.23:317][  0]LogAssetRegistry: FAssetRegistry took 0.0296 seconds to start up
[2018.10.27-03.36.23:711][  0]LogInit: Selected Device Profile: [Windows]
[2018.10.27-03.36.23:896][  0]LogSimplygon: Simplygon DLL not present - disabling.
[2018.10.27-03.36.23:918][  0]LogMeshReduction: Using SimplygonSwarm for distributed automatic mesh merging
[2018.10.27-03.36.23:918][  0]LogMeshReduction: Using ProxyLODMeshReduction for automatic mesh merging
[2018.10.27-03.36.23:918][  0]LogMeshReduction: Using QuadricMeshReduction for automatic static mesh reduction
[2018.10.27-03.36.23:918][  0]LogMeshReduction: No automatic skeletal mesh reduction module available
[2018.10.27-03.36.23:936][  0]LogNetVersion: SideyCPP 1.0.0, NetCL: 4212847, EngineNetVer: 5, GameNetVer: 0 (Checksum: 583984258)
[2018.10.27-03.36.24:538][  0]LogPackageLocalizationCache: Processed 11 localized package path(s) for 2 prioritized culture(s) in 0.146719 seconds
[2018.10.27-03.36.24:545][  0]LogUObjectArray: 38425 objects as part of root set at end of initial load.
[2018.10.27-03.36.24:546][  0]LogUObjectAllocator: 6690864 out of 0 bytes used by permanent object pool.
[2018.10.27-03.36.24:546][  0]LogUObjectArray: CloseDisregardForGC: 0/0 objects in disregard for GC pool
[2018.10.27-03.36.25:945][  0]LogTcpMessaging: Initializing TcpMessaging bridge
[2018.10.27-03.36.25:970][  0]LogUdpMessaging: Initializing bridge on interface 0.0.0.0:0 to multicast group 230.0.0.1:6666.
[2018.10.27-03.36.26:379][  0]SourceControl: Source control is disabled
[2018.10.27-03.36.26:379][  0]SourceControl: Source control is disabled
[2018.10.27-03.36.26:402][  0]SourceControl: Source control is disabled
[2018.10.27-03.36.26:411][  0]SourceControl: Source control is disabled
[2018.10.27-03.36.26:906][  0]LogAndroidPermission: UAndroidPermissionCallbackProxy::GetInstance
[2018.10.27-03.36.27:125][  0]LogOcInput: OculusInput pre-init called
[2018.10.27-03.36.27:214][  0]LogEngine: Initializing Engine...
[2018.10.27-03.36.27:216][  0]LogHMD: Failed to initialize OpenVR with code 102
[2018.10.27-03.36.27:218][  0]LogStats: UGameplayTagsManager::ConstructGameplayTagTree: ImportINI prefixes -  0.000 s
[2018.10.27-03.36.27:218][  0]LogStats: UGameplayTagsManager::ConstructGameplayTagTree: Construct from data asset -  0.000 s
[2018.10.27-03.36.27:218][  0]LogStats: UGameplayTagsManager::ConstructGameplayTagTree: ImportINI -  0.000 s
[2018.10.27-03.36.27:218][  0]LogStats: UGameplayTagsManager::ConstructGameplayTagTree: GameplayTagTreeChangedEvent.Broadcast -  0.000 s
[2018.10.27-03.36.27:429][  0]LogInit: Initializing FReadOnlyCVARCache
[2018.10.27-03.36.27:459][  0]LogAIModule: Creating AISystem for world Untitled
[2018.10.27-03.36.27:550][  0]LogInit: XAudio2 using 'Headset Earphone (Razer ManO'War)' : 2 channels at 48 kHz using 16 bits per sample (channel mask 0x3)
[2018.10.27-03.36.27:656][  0]LogInit: FAudioDevice initialized.
[2018.10.27-03.36.27:656][  0]LogNetVersion: Set ProjectVersion to 1.0.0.0. Version Checksum will be recalculated on next use.
[2018.10.27-03.36.27:792][  0]LogDerivedDataCache: Saved boot cache 0.14s 71MB C:/Users/John/AppData/Local/UnrealEngine/4.20/DerivedDataCache/Boot.ddc.
[2018.10.27-03.36.27:803][  0]LogInit: Texture streaming: Enabled
[2018.10.27-03.36.27:850][  0]LogEngineSessionManager: EngineSessionManager initialized
[2018.10.27-03.36.27:850][  0]LogEngineSessionManager: EngineSessionManager sent abnormal shutdown report. Type=Debugger, SessionId={37FBB80E-451F-BB61-E49C-BD9DF8B4FE6A}
[2018.10.27-03.36.27:871][  0]LogInit: Transaction tracking system initialized
[2018.10.27-03.36.27:946][  0]BlueprintLog: New page: Editor Load
[2018.10.27-03.36.28:241][  0]LocalizationService: Localization service is disabled
[2018.10.27-03.36.28:706][  0]LogCook: Display: Max memory allowance for cook 16384mb min free memory 0mb
[2018.10.27-03.36.28:706][  0]LogCook: Display: Mobile HDR setting 1
[2018.10.27-03.36.28:707][  0]LogGameplayTags: Display: UGameplayTagsManager::DoneAddingNativeTags. DelegateIsBound: 0
[2018.10.27-03.36.28:707][  0]LogStats: UGameplayTagsManager::ConstructGameplayTagTree: ImportINI prefixes -  0.000 s
[2018.10.27-03.36.28:707][  0]LogStats: UGameplayTagsManager::ConstructGameplayTagTree: Construct from data asset -  0.000 s
[2018.10.27-03.36.28:707][  0]LogStats: UGameplayTagsManager::ConstructGameplayTagTree: ImportINI -  0.000 s
[2018.10.27-03.36.28:707][  0]LogStats: UGameplayTagsManager::ConstructGameplayTagTree: GameplayTagTreeChangedEvent.Broadcast -  0.000 s
[2018.10.27-03.36.28:884][  0]LogFileCache: Scanning file cache for directory 'D:/Git/SpideyCPP/SideyCPP/Content/' took 0.02s
[2018.10.27-03.36.28:884][  0]LogLinker: Warning: Can't find file '/Engine/BasicShapes/Cylinder'
[2018.10.27-03.36.28:885][  0]LogLinker: Warning: Can't find file '/Engine/BasicShapes/Cylinder'
[2018.10.27-03.36.28:885][  0]LogUObjectGlobals: Warning: Failed to find object 'StaticMesh /Engine/BasicShapes/Cylinder.Cylinder'
[2018.10.27-03.36.29:064][  0]SourceControl: Source control is disabled
[2018.10.27-03.36.29:064][  0]Cmd: MAP LOAD FILE="../../../../../../Git/SpideyCPP/SideyCPP/Content/StarterContent/Maps/Minimal_Default.umap" TEMPLATE=0 SHOWPROGRESS=1 FEATURELEVEL=3
[2018.10.27-03.36.29:065][  0]LightingResults: New page: Lighting Build
[2018.10.27-03.36.29:071][  0]MapCheck: New page: Map Check
[2018.10.27-03.36.29:071][  0]LightingResults: New page: Lighting Build
[2018.10.27-03.36.30:869][  0]LogAIModule: Creating AISystem for world Minimal_Default
[2018.10.27-03.36.34:172][  0]LogEditorServer: Finished looking for orphan Actors (0.003 secs)
[2018.10.27-03.36.34:377][  0]Cmd: MAP CHECKDEP NOCLEARLOG
[2018.10.27-03.36.34:631][  0]MapCheck: Map check complete: 0 Error(s), 0 Warning(s), took 252.378ms to complete.
[2018.10.27-03.36.34:631][  0]LogFileHelpers: Loading map 'Minimal_Default' took 5.566
[2018.10.27-03.36.34:735][  0]LogSlate: Updating window title bar state: overlay mode, drag disabled, window buttons hidden, title bar hidden
[2018.10.27-03.36.34:743][  0]LogSlate: Updating window title bar state: overlay mode, drag disabled, window buttons hidden, title bar hidden
[2018.10.27-03.36.34:751][  0]LogSlate: Updating window title bar state: overlay mode, drag disabled, window buttons hidden, title bar hidden
[2018.10.27-03.36.34:759][  0]LogSlate: Updating window title bar state: overlay mode, drag disabled, window buttons hidden, title bar hidden
[2018.10.27-03.36.34:778][  0]LogCollectionManager: Loaded 0 collections in 0.004125 seconds
[2018.10.27-03.36.34:833][  0]LogFileCache: Scanning file cache for directory 'D:/Git/SpideyCPP/SideyCPP/Saved/Collections/' took 0.01s
[2018.10.27-03.36.34:833][  0]LogFileCache: Scanning file cache for directory 'D:/Git/SpideyCPP/SideyCPP/Content/Developers/John/Collections/' took 0.01s
[2018.10.27-03.36.34:833][  0]LogFileCache: Scanning file cache for directory 'D:/Git/SpideyCPP/SideyCPP/Content/Collections/' took 0.01s
[2018.10.27-03.36.34:833][  0]LogCollectionManager: Rebuilt the GUID cache for 0 collections in 0.000001 seconds
[2018.10.27-03.36.34:842][  0]LogContentBrowser: Native class hierarchy populated in 0.0082 seconds. Added 2586 classes and 610 folders.
[2018.10.27-03.36.34:854][  0]LogContentBrowser: Native class hierarchy updated for 'WidgetCarousel' in 0.0005 seconds. Added 0 classes and 0 folders.
[2018.10.27-03.36.34:927][  0]LogContentBrowser: Native class hierarchy updated for 'AddContentDialog' in 0.0007 seconds. Added 0 classes and 0 folders.
[2018.10.27-03.36.34:944][  0]LogContentBrowser: Native class hierarchy updated for 'SceneOutliner' in 0.0008 seconds. Added 1 classes and 2 folders.
[2018.10.27-03.36.35:006][  0]LogContentBrowser: Native class hierarchy updated for 'HierarchicalLODOutliner' in 0.0005 seconds. Added 0 classes and 0 folders.
[2018.10.27-03.36.35:006][  0]LogLoad: (Engine Initialization) Total time: 17.72 seconds
[2018.10.27-03.36.35:006][  0]LogLoad: (Engine Initialization) Total Blueprint compile time: 0.00 seconds
[2018.10.27-03.36.35:041][  0]LogContentStreaming: Texture pool size now 1000 MB
[2018.10.27-03.36.35:046][  0]LogSlate: Took 0.000309 seconds to synchronously load lazily loaded font '../../../Engine/Content/Slate/Fonts/Roboto-Regular.ttf' (155K)
[2018.10.27-03.36.35:049][  0]LogSlate: Took 0.000315 seconds to synchronously load lazily loaded font '../../../Engine/Content/Slate/Fonts/Roboto-Bold.ttf' (160K)
[2018.10.27-03.36.35:054][  0]LogSlate: Took 0.000270 seconds to synchronously load lazily loaded font '../../../Engine/Content/Editor/Slate/Fonts/FontAwesome.ttf' (139K)
[2018.10.27-03.36.35:164][  0]LogSlate: Took 0.000177 seconds to synchronously load lazily loaded font '../../../Engine/Content/Slate/Fonts/Roboto-Light.ttf' (167K)
[2018.10.27-03.36.35:190][  1]LogRenderer: Reallocating scene render targets to support 804x360 Format 10 NumSamples 1 (Frame:1).
[2018.10.27-03.36.35:438][  1]LogAssetRegistry: Asset discovery search completed in 12.1447 seconds
[2018.10.27-03.36.35:439][  1]LogCollectionManager: Rebuilt the object cache for 0 collections in 0.000000 seconds (found 0 objects)
[2018.10.27-03.36.35:440][  1]LogCollectionManager: Fixed up redirectors for 0 collections in 0.000173 seconds (updated 0 objects)
[2018.10.27-03.36.43:945][ 84]LogSlate: FSceneViewport::OnFocusLost() reason 0
[2018.10.27-03.36.44:030][ 88]LogRenderer: Reallocating scene render targets to support 1168x600 Format 10 NumSamples 1 (Frame:64).
[2018.10.27-03.36.44:817][128]LogTemp: Repeating last play command: Selected Viewport
[2018.10.27-03.36.44:835][128]LogBlueprintUserMessages: Early PlayInEditor Detection: Level '/Game/StarterContent/Maps/Minimal_Default.Minimal_Default:PersistentLevel' has LevelScriptBlueprint '/Game/StarterContent/Maps/Minimal_Default.Minimal_Default:PersistentLevel.Minimal_Default' with GeneratedClass '/Game/StarterContent/Maps/Minimal_Default.Minimal_Default_C' with ClassGeneratedBy '/Game/StarterContent/Maps/Minimal_Default.Minimal_Default:PersistentLevel.Minimal_Default'
[2018.10.27-03.36.44:835][128]LogPlayLevel: PlayLevel: No blueprints needed recompiling
[2018.10.27-03.36.44:850][128]PIE: New page: PIE session: Minimal_Default (Oct 27, 2018, 5:36:44 AM)
[2018.10.27-03.36.44:850][128]LogPlayLevel: Creating play world package: /Game/StarterContent/Maps/UEDPIE_0_Minimal_Default
[2018.10.27-03.36.45:235][128]LogPlayLevel: PIE: StaticDuplicateObject took: (0.384865s)
[2018.10.27-03.36.45:235][128]LogAIModule: Creating AISystem for world Minimal_Default
[2018.10.27-03.36.45:236][128]LogPlayLevel: PIE: World Init took: (0.000920s)
[2018.10.27-03.36.45:237][128]LogPlayLevel: PIE: Created PIE world by copying editor world from /Game/StarterContent/Maps/Minimal_Default.Minimal_Default to /Game/StarterContent/Maps/UEDPIE_0_Minimal_Default.Minimal_Default (0.387047s)
[2018.10.27-03.36.45:294][128]LogInit: XAudio2 using 'Headset Earphone (Razer ManO'War)' : 2 channels at 48 kHz using 16 bits per sample (channel mask 0x3)
[2018.10.27-03.36.45:360][128]LogInit: FAudioDevice initialized.
[2018.10.27-03.36.45:569][128]LogLoad: Game class is 'MySideyCPPGameModeBase_C'
[2018.10.27-03.36.45:686][128]LogWorld: Bringing World /Game/StarterContent/Maps/UEDPIE_0_Minimal_Default.Minimal_Default up for play (max tick rate 0) at 2018.10.27-04.36.45
[2018.10.27-03.36.45:721][128]LogWorld: Bringing up level for play took: 0.149987
[2018.10.27-03.36.45:743][128]LogContentBrowser: Native class hierarchy updated for 'MovieSceneCapture' in 0.0005 seconds. Added 10 classes and 0 folders.
[2018.10.27-03.36.45:752][128]PIE: Play in editor start time for /Game/StarterContent/Maps/UEDPIE_0_Minimal_Default 0.161
[2018.10.27-03.36.45:754][128]LogBlueprintUserMessages: Late PlayInEditor Detection: Level '/Game/StarterContent/Maps/Minimal_Default.Minimal_Default:PersistentLevel' has LevelScriptBlueprint '/Game/StarterContent/Maps/Minimal_Default.Minimal_Default:PersistentLevel.Minimal_Default' with GeneratedClass '/Game/StarterContent/Maps/Minimal_Default.Minimal_Default_C' with ClassGeneratedBy '/Game/StarterContent/Maps/Minimal_Default.Minimal_Default:PersistentLevel.Minimal_Default'
[2018.10.27-03.39.02:218][557]LogBlueprintUserMessages: Early EndPlayMap Detection: Level '/Game/StarterContent/Maps/Minimal_Default.Minimal_Default:PersistentLevel' has LevelScriptBlueprint '/Game/StarterContent/Maps/Minimal_Default.Minimal_Default:PersistentLevel.Minimal_Default' with GeneratedClass '/Game/StarterContent/Maps/Minimal_Default.Minimal_Default_C' with ClassGeneratedBy '/Game/StarterContent/Maps/Minimal_Default.Minimal_Default:PersistentLevel.Minimal_Default'
[2018.10.27-03.39.02:219][557]LogSlate: Updating window title bar state: overlay mode, drag disabled, window buttons hidden, title bar hidden
[2018.10.27-03.39.02:484][557]LogPlayLevel: Display: Shutting down PIE online subsystems
[2018.10.27-03.39.02:485][557]LogBlueprintUserMessages: Late EndPlayMap Detection: Level '/Game/StarterContent/Maps/Minimal_Default.Minimal_Default:PersistentLevel' has LevelScriptBlueprint '/Game/StarterContent/Maps/Minimal_Default.Minimal_Default:PersistentLevel.Minimal_Default' with GeneratedClass '/Game/StarterContent/Maps/Minimal_Default.Minimal_Default_C' with ClassGeneratedBy '/Game/StarterContent/Maps/Minimal_Default.Minimal_Default:PersistentLevel.Minimal_Default'
[2018.10.27-03.39.02:518][557]LogSlate: Updating window title bar state: overlay mode, drag disabled, window buttons hidden, title bar hidden
[2018.10.27-03.39.02:600][558]LogPlayLevel: Display: Destroying online subsystem :Context_3
[2018.10.27-03.39.02:936][584]LogSlate: Took 0.000251 seconds to synchronously load lazily loaded font '../../../Engine/Content/Slate/Fonts/Roboto-Light.ttf' (167K)
[2018.10.27-03.39.02:940][584]LogSlate: FSceneViewport::OnFocusLost() reason 2
[2018.10.27-03.39.09:251][584]LogSavePackage: Moving '../../../../../../Git/SpideyCPP/SideyCPP/Saved/Minimal_Default246F26CA468DBBFF621F36B9B38997EF.tmp' to '../../../../../../Git/SpideyCPP/SideyCPP/Content/StarterContent/Maps/Minimal_Default.umap'
[2018.10.27-03.39.13:953][656]LogSlate: FSceneViewport::OnFocusLost() reason 0
[2018.10.27-03.39.44:782][369]LogMetaData: Removing '/Game/Blueprints/UI.SKEL_UI_C' ref from Metadata '/Game/UI.PackageMetaData'
[2018.10.27-03.39.44:783][369]LogMetaData: Removing '/Game/Blueprints/UI.UI_C' ref from Metadata '/Game/UI.PackageMetaData'
[2018.10.27-03.39.44:783][369]LogMetaData: Removing '/Game/Blueprints/UI.UI:EventGraph.K2Node_Event_0' ref from Metadata '/Game/UI.PackageMetaData'
[2018.10.27-03.39.44:783][369]LogMetaData: Removing '/Game/Blueprints/UI.UI:EventGraph.K2Node_Event_1' ref from Metadata '/Game/UI.PackageMetaData'
[2018.10.27-03.39.44:783][369]LogMetaData: Removing '/Game/Blueprints/UI.UI:EventGraph.K2Node_Event_2' ref from Metadata '/Game/UI.PackageMetaData'
[2018.10.27-03.39.44:819][369]Cmd: OBJ SAVEPACKAGE PACKAGE="/Game/Blueprints/UI" FILE="../../../../../../Git/SpideyCPP/SideyCPP/Content/Blueprints/UI.uasset" SILENT=true
[2018.10.27-03.39.44:832][369]LogSavePackage: Moving '../../../../../../Git/SpideyCPP/SideyCPP/Saved/UI42D0124B42E34DDB4F55C999A2819B29.tmp' to '../../../../../../Git/SpideyCPP/SideyCPP/Content/Blueprints/UI.uasset'
[2018.10.27-03.39.46:943][466]LogAssetEditorManager: Opening Asset editor for WidgetBlueprint /Game/Blueprints/UI.UI
[2018.10.27-03.39.47:411][466]LogContentBrowser: Native class hierarchy updated for 'BlueprintGraph' in 0.0007 seconds. Added 116 classes and 0 folders.
[2018.10.27-03.39.48:643][466]LogSlate: Took 0.000273 seconds to synchronously load lazily loaded font '../../../Engine/Content/Slate/Fonts/Roboto-BoldCondensed.ttf' (158K)
[2018.10.27-03.39.49:980][540]LogSlate: Window 'UI' being destroyed
[2018.10.27-03.40.19:133][865]BlueprintLog: New page: Compile UI
[2018.10.27-03.40.54:140][  4]LogSlate: Window 'UI*' being destroyed
[2018.10.27-03.40.56:004][118]LogSlate: Window 'UI*' being destroyed
[2018.10.27-03.41.56:207][416]Cmd: OBJ SAVEPACKAGE PACKAGE="/Game/Blueprints/UI" FILE="../../../../../../Git/SpideyCPP/SideyCPP/Content/Blueprints/UI.uasset" SILENT=true
[2018.10.27-03.41.56:247][416]LogSavePackage: Moving '../../../../../../Git/SpideyCPP/SideyCPP/Saved/UI0A912B844E32AFB965332397CD42759F.tmp' to '../../../../../../Git/SpideyCPP/SideyCPP/Content/Blueprints/UI.uasset'
[2018.10.27-03.41.57:380][512]BlueprintLog: New page: Compile UI
[2018.10.27-03.42.00:307][756]LogSlate: Window 'SideyCPP - Unreal Editor' being destroyed
[2018.10.27-03.42.00:308][756]LogWindowsTextInputMethodSystem: Display: IME system now deactivated.
[2018.10.27-03.42.00:514][757]Cmd: QUIT_EDITOR
[2018.10.27-03.42.00:810][757]LogExit: Preparing to exit.
[2018.10.27-03.42.01:541][757]LogExit: Editor shut down
[2018.10.27-03.42.01:542][757]LogExit: Transaction tracking system shut down
[2018.10.27-03.42.01:810][757]LogExit: Object subsystem successfully closed.
[2018.10.27-03.42.01:855][757]LogShaderCompilers: Display: Shaders left to compile 0
[2018.10.27-03.42.01:859][757]LogD3D11RHI: Shutdown
[2018.10.27-03.42.01:859][757]LogD3D11RHI: CleanupD3DDevice
[2018.10.27-03.42.01:869][757]LogD3D11RHI: ~FD3D11DynamicRHI
[2018.10.27-03.42.01:956][757]LogModuleManager: Shutting down and abandoning module SequencerWidgets (624)
[2018.10.27-03.42.01:956][757]LogModuleManager: Shutting down and abandoning module BlueprintGraph (622)
[2018.10.27-03.42.01:956][757]LogModuleManager: Shutting down and abandoning module MovieSceneCapture (620)
[2018.10.27-03.42.01:956][757]LogModuleManager: Shutting down and abandoning module Voice (618)
[2018.10.27-03.42.01:956][757]LogModuleManager: Shutting down and abandoning module HierarchicalLODOutliner (616)
[2018.10.27-03.42.01:956][757]LogModuleManager: Shutting down and abandoning module SceneOutliner (614)
[2018.10.27-03.42.01:956][757]LogModuleManager: Shutting down and abandoning module AddContentDialog (612)
[2018.10.27-03.42.01:961][757]LogModuleManager: Shutting down and abandoning module WidgetCarousel (611)
[2018.10.27-03.42.01:961][757]LogModuleManager: Shutting down and abandoning module EditorWidgets (608)
[2018.10.27-03.42.01:961][757]LogModuleManager: Shutting down and abandoning module CollectionManager (606)
[2018.10.27-03.42.01:962][757]LogModuleManager: Shutting down and abandoning module StatsViewer (604)
[2018.10.27-03.42.01:962][757]LogModuleManager: Shutting down and abandoning module FoliageEdit (602)
[2018.10.27-03.42.01:962][757]LogModuleManager: Shutting down and abandoning module LandscapeEditor (600)
[2018.10.27-03.42.01:962][757]LogModuleManager: Shutting down and abandoning module MeshPaintMode (598)
[2018.10.27-03.42.01:962][757]LogModuleManager: Shutting down and abandoning module SceneDepthPickerMode (596)
[2018.10.27-03.42.01:962][757]LogModuleManager: Shutting down and abandoning module ActorPickerMode (594)
[2018.10.27-03.42.01:962][757]LogModuleManager: Shutting down and abandoning module GeometryMode (592)
[2018.10.27-03.42.01:962][757]LogModuleManager: Shutting down and abandoning module TextureAlignMode (590)
[2018.10.27-03.42.01:962][757]LogModuleManager: Shutting down and abandoning module BspMode (588)
[2018.10.27-03.42.01:963][757]LogModuleManager: Shutting down and abandoning module PIEPreviewDeviceProfileSelector (586)
[2018.10.27-03.42.01:963][757]LogModuleManager: Shutting down and abandoning module SequenceRecorderSections (584)
[2018.10.27-03.42.01:963][757]LogModuleManager: Shutting down and abandoning module AutomationWorker (582)
[2018.10.27-03.42.01:963][757]LogModuleManager: Shutting down and abandoning module AudioCaptureEditor (580)
[2018.10.27-03.42.01:963][757]LogModuleManager: Shutting down and abandoning module SequenceRecorder (579)
[2018.10.27-03.42.01:963][757]LogModuleManager: Shutting down and abandoning module MatineeToLevelSequence (576)
[2018.10.27-03.42.01:963][757]LogModuleManager: Shutting down and abandoning module LevelSequenceEditor (574)
[2018.10.27-03.42.01:963][757]LogModuleManager: Shutting down and abandoning module PlacementMode (573)
[2018.10.27-03.42.01:963][757]LogModuleManager: Shutting down and abandoning module MaterialEditor (572)
[2018.10.27-03.42.01:963][757]LogModuleManager: Shutting down and abandoning module WmfMediaFactory (568)
[2018.10.27-03.42.01:963][757]LogModuleManager: Shutting down and abandoning module WmfMediaEditor (566)
[2018.10.27-03.42.01:963][757]LogModuleManager: Shutting down and abandoning module MediaPlayerEditor (564)
[2018.10.27-03.42.01:965][757]LogModuleManager: Shutting down and abandoning module OpenExrWrapper (562)
[2018.10.27-03.42.01:965][757]LogModuleManager: Shutting down and abandoning module ImgMediaFactory (560)
[2018.10.27-03.42.01:965][757]LogModuleManager: Shutting down and abandoning module ImgMediaEditor (558)
[2018.10.27-03.42.01:966][757]LogModuleManager: Shutting down and abandoning module AvfMediaFactory (556)
[2018.10.27-03.42.01:966][757]LogModuleManager: Shutting down and abandoning module AvfMediaEditor (554)
[2018.10.27-03.42.01:966][757]LogModuleManager: Shutting down and abandoning module AndroidMediaFactory (552)
[2018.10.27-03.42.01:966][757]LogModuleManager: Shutting down and abandoning module AndroidMediaEditor (550)
[2018.10.27-03.42.01:966][757]LogModuleManager: Shutting down and abandoning module MagicLeapCameraPreviewFactory (548)
[2018.10.27-03.42.01:966][757]LogModuleManager: Shutting down and abandoning module MagicLeapMediaFactory (546)
[2018.10.27-03.42.01:966][757]LogModuleManager: Shutting down and abandoning module MagicLeapMediaEditor (544)
[2018.10.27-03.42.01:966][757]LogModuleManager: Shutting down and abandoning module CharacterAI (542)
[2018.10.27-03.42.01:966][757]LogModuleManager: Shutting down and abandoning module SmartSnapping (540)
[2018.10.27-03.42.01:966][757]LogModuleManager: Shutting down and abandoning module SessionServices (538)
[2018.10.27-03.42.01:966][757]LogModuleManager: Shutting down and abandoning module ViewportSnapping (536)
[2018.10.27-03.42.01:966][757]LogModuleManager: Shutting down and abandoning module ViewportInteraction (534)
[2018.10.27-03.42.01:966][757]LogModuleManager: Shutting down and abandoning module ClothPainter (532)
[2018.10.27-03.42.01:966][757]LogModuleManager: Shutting down and abandoning module SkeletalMeshEditor (531)
[2018.10.27-03.42.01:966][757]LogModuleManager: Shutting down and abandoning module LogVisualizer (528)
[2018.10.27-03.42.01:966][757]LogModuleManager: Shutting down and abandoning module IntroTutorials (526)
[2018.10.27-03.42.01:966][757]LogModuleManager: Shutting down and abandoning module GameProjectGeneration (525)
[2018.10.27-03.42.01:966][757]LogModuleManager: Shutting down and abandoning module LuminPlatformEditor (522)
[2018.10.27-03.42.01:966][757]LogModuleManager: Shutting down and abandoning module IOSPlatformEditor (520)
[2018.10.27-03.42.01:966][757]LogModuleManager: Shutting down and abandoning module HTML5PlatformEditor (518)
[2018.10.27-03.42.01:966][757]LogModuleManager: Shutting down and abandoning module AndroidPlatformEditor (516)
[2018.10.27-03.42.01:966][757]LogModuleManager: Shutting down and abandoning module AndroidDeviceDetection (515)
[2018.10.27-03.42.02:928][757]LogModuleManager: Shutting down and abandoning module WindowsPlatformEditor (512)
[2018.10.27-03.42.02:928][757]LogModuleManager: Shutting down and abandoning module LuminRuntimeSettings (510)
[2018.10.27-03.42.02:928][757]LogModuleManager: Shutting down and abandoning module IOSRuntimeSettings (508)
[2018.10.27-03.42.02:928][757]LogModuleManager: Shutting down and abandoning module AndroidRuntimeSettings (506)
[2018.10.27-03.42.02:928][757]LogModuleManager: Shutting down and abandoning module InputBindingEditor (504)
[2018.10.27-03.42.02:928][757]LogModuleManager: Shutting down and abandoning module MergeActors (502)
[2018.10.27-03.42.02:929][757]LogModuleManager: Shutting down and abandoning module LocalizationDashboard (500)
[2018.10.27-03.42.02:929][757]LogModuleManager: Shutting down and abandoning module LocalizationService (499)
[2018.10.27-03.42.02:929][757]LogModuleManager: Shutting down and abandoning module HardwareTargeting (496)
[2018.10.27-03.42.02:929][757]LogModuleManager: Shutting down and abandoning module DeviceProfileEditor (494)
[2018.10.27-03.42.02:929][757]LogModuleManager: Shutting down and abandoning module UndoHistory (492)
[2018.10.27-03.42.02:929][757]LogModuleManager: Shutting down and abandoning module XmlParser (490)
[2018.10.27-03.42.02:929][757]LogModuleManager: Shutting down and abandoning module Blutility (488)
[2018.10.27-03.42.02:929][757]LogModuleManager: Shutting down and abandoning module ProjectSettingsViewer (486)
[2018.10.27-03.42.02:929][757]LogModuleManager: Shutting down and abandoning module ProjectTargetPlatformEditor (485)
[2018.10.27-03.42.02:929][757]LogModuleManager: Shutting down and abandoning module EditorSettingsViewer (482)
[2018.10.27-03.42.02:929][757]LogModuleManager: Shutting down and abandoning module SettingsEditor (480)
[2018.10.27-03.42.02:929][757]LogModuleManager: Shutting down and abandoning module ProjectLauncher (478)
[2018.10.27-03.42.02:929][757]LogModuleManager: Shutting down and abandoning module SessionFrontend (476)
[2018.10.27-03.42.02:929][757]LogModuleManager: Shutting down and abandoning module ProfilerClient (474)
[2018.10.27-03.42.02:930][757]LogModuleManager: Shutting down and abandoning module DeviceManager (472)
[2018.10.27-03.42.02:930][757]LogModuleManager: Shutting down and abandoning module TargetDeviceServices (471)
[2018.10.27-03.42.02:984][757]LogModuleManager: Shutting down and abandoning module AutomationController (468)
[2018.10.27-03.42.02:984][757]LogModuleManager: Shutting down and abandoning module AutomationWindow (466)
[2018.10.27-03.42.02:984][757]LogModuleManager: Shutting down and abandoning module Layers (464)
[2018.10.27-03.42.02:984][757]LogModuleManager: Shutting down and abandoning module ComponentVisualizers (462)
[2018.10.27-03.42.02:984][757]LogModuleManager: Shutting down and abandoning module DetailCustomizations (460)
[2018.10.27-03.42.02:984][757]LogModuleManager: Shutting down and abandoning module PackagesDialog (458)
[2018.10.27-03.42.02:984][757]LogModuleManager: Shutting down and abandoning module Persona (456)
[2018.10.27-03.42.02:984][757]LogModuleManager: Shutting down and abandoning module AdvancedPreviewScene (455)
[2018.10.27-03.42.02:984][757]LogModuleManager: Shutting down and abandoning module AnimGraph (453)
[2018.10.27-03.42.02:984][757]LogModuleManager: Shutting down and abandoning module Kismet (450)
[2018.10.27-03.42.02:988][757]LogModuleManager: Shutting down and abandoning module GraphEditor (448)
[2018.10.27-03.42.02:988][757]LogModuleManager: Shutting down and abandoning module ClassViewer (446)
[2018.10.27-03.42.02:988][757]LogModuleManager: Shutting down and abandoning module Toolbox (444)
[2018.10.27-03.42.02:989][757]LogModuleManager: Shutting down and abandoning module DesktopPlatform (443)
[2018.10.27-03.42.02:989][757]LogModuleManager: Shutting down and abandoning module ModuleUI (440)
[2018.10.27-03.42.02:989][757]LogModuleManager: Shutting down and abandoning module MovieSceneTools (438)
[2018.10.27-03.42.02:989][757]LogModuleManager: Shutting down and abandoning module OutputLog (436)
[2018.10.27-03.42.02:989][757]LogModuleManager: Shutting down and abandoning module GammaUI (434)
[2018.10.27-03.42.02:989][757]LogModuleManager: Shutting down and abandoning module Documentation (432)
[2018.10.27-03.42.02:989][757]LogModuleManager: Shutting down and abandoning module MovieSceneTracks (430)
[2018.10.27-03.42.02:989][757]LogModuleManager: Shutting down and abandoning module MovieScene (428)
[2018.10.27-03.42.02:989][757]LogModuleManager: Shutting down and abandoning module StreamingPauseRendering (426)
[2018.10.27-03.42.02:989][757]LogModuleManager: Shutting down and abandoning module LauncherPlatform (424)
[2018.10.27-03.42.02:989][757]LogModuleManager: Shutting down and abandoning module AnalyticsET (422)
[2018.10.27-03.42.02:989][757]LogModuleManager: Shutting down and abandoning module PortalServices (420)
[2018.10.27-03.42.02:990][757]LogModuleManager: Shutting down and abandoning module PortalRpc (418)
[2018.10.27-03.42.02:990][757]LogModuleManager: Shutting down and abandoning module MessagingRpc (416)
[2018.10.27-03.42.02:990][757]LogModuleManager: Shutting down and abandoning module AIModule (414)
[2018.10.27-03.42.02:990][757]LogModuleManager: Shutting down and abandoning module GameplayDebugger (413)
[2018.10.27-03.42.02:990][757]LogModuleManager: Shutting down and abandoning module AITestSuite (411)
[2018.10.27-03.42.02:990][757]LogModuleManager: Shutting down and abandoning module NavigationSystem (409)
[2018.10.27-03.42.02:990][757]LogModuleManager: Shutting down and abandoning module ProfilerService (406)
[2018.10.27-03.42.03:211][757]LogModuleManager: Shutting down and abandoning module TaskGraph (404)
[2018.10.27-03.42.03:211][757]LogModuleManager: Shutting down and abandoning module SteamVRController (402)
[2018.10.27-03.42.03:211][757]LogModuleManager: Shutting down and abandoning module ProceduralMeshComponentEditor (400)
[2018.10.27-03.42.03:211][757]LogModuleManager: Shutting down and abandoning module ProceduralMeshComponent (398)
[2018.10.27-03.42.03:211][757]LogModuleManager: Shutting down and abandoning module OculusInput (396)
[2018.10.27-03.42.03:211][757]LogModuleManager: Shutting down and abandoning module MobilePatchingUtils (394)
[2018.10.27-03.42.03:211][757]LogModuleManager: Shutting down and abandoning module EditableMesh (392)
[2018.10.27-03.42.03:211][757]LogModuleManager: Shutting down and abandoning module CustomMeshComponent (390)
[2018.10.27-03.42.03:211][757]LogModuleManager: Shutting down and abandoning module CableComponent (388)
[2018.10.27-03.42.03:211][757]LogModuleManager: Shutting down and abandoning module AudioCapture (386)
[2018.10.27-03.42.03:211][757]LogModuleManager: Shutting down and abandoning module ArchVisCharacter (384)
[2018.10.27-03.42.03:211][757]LogModuleManager: Shutting down and abandoning module AndroidPermission (382)
[2018.10.27-03.42.03:211][757]LogModuleManager: Shutting down and abandoning module NUTUnrealEngine4 (380)
[2018.10.27-03.42.03:212][757]LogModuleManager: Shutting down and abandoning module NetcodeUnitTest (378)
[2018.10.27-03.42.03:212][757]LogModuleManager: Shutting down and abandoning module MediaCompositingEditor (376)
[2018.10.27-03.42.03:212][757]LogModuleManager: Shutting down and abandoning module MediaCompositing (374)
[2018.10.27-03.42.03:212][757]LogModuleManager: Shutting down and abandoning module LinearTimecode (372)
[2018.10.27-03.42.03:212][757]LogModuleManager: Shutting down and abandoning module ImgMedia (370)
[2018.10.27-03.42.03:222][757]LogModuleManager: Shutting down and abandoning module HTML5Networking (368)
[2018.10.27-03.42.03:222][757]LogModuleManager: Shutting down and abandoning module GeometryCacheTracks (366)
[2018.10.27-03.42.03:222][757]LogModuleManager: Shutting down and abandoning module GeometryCacheSequencer (364)
[2018.10.27-03.42.03:222][757]LogModuleManager: Shutting down and abandoning module BackChannel (362)
[2018.10.27-03.42.03:222][757]LogModuleManager: Shutting down and abandoning module AppleVision (360)
[2018.10.27-03.42.03:222][757]LogModuleManager: Shutting down and abandoning module AppleImageUtils (358)
[2018.10.27-03.42.03:222][757]LogModuleManager: Shutting down and abandoning module AlembicImporter (356)
[2018.10.27-03.42.03:222][757]LogModuleManager: Shutting down and abandoning module AlembicLibrary (355)
[2018.10.27-03.42.03:222][757]LogModuleManager: Shutting down and abandoning module GeometryCache (354)
[2018.10.27-03.42.03:222][757]LogModuleManager: Shutting down and abandoning module GeometryCacheEd (353)
[2018.10.27-03.42.03:222][757]LogModuleManager: Shutting down and abandoning module DatasmithContentEditor (348)
[2018.10.27-03.42.03:222][757]LogModuleManager: Shutting down and abandoning module DatasmithContent (346)
[2018.10.27-03.42.03:223][757]LogModuleManager: Shutting down and abandoning module SpeedTreeImporter (344)
[2018.10.27-03.42.03:223][757]LogModuleManager: Shutting down and abandoning module PluginBrowser (342)
[2018.10.27-03.42.03:223][757]LogModuleManager: Shutting down and abandoning module MobileLauncherProfileWizard (340)
[2018.10.27-03.42.03:223][757]LogModuleManager: Shutting down and abandoning module PolygonModeling (338)
[2018.10.27-03.42.03:223][757]LogModuleManager: Shutting down and abandoning module MeshEditor (336)
[2018.10.27-03.42.03:223][757]LogModuleManager: Shutting down and abandoning module CryptoKeysOpenSSL (334)
[2018.10.27-03.42.03:223][757]LogModuleManager: Shutting down and abandoning module CryptoKeys (332)
[2018.10.27-03.42.03:223][757]LogModuleManager: Shutting down and abandoning module VisualStudioSourceCodeAccess (330)
[2018.10.27-03.42.03:224][757]LogModuleManager: Shutting down and abandoning module VisualStudioCodeSourceCodeAccess (328)
[2018.10.27-03.42.03:224][757]LogModuleManager: Shutting down and abandoning module UObjectPlugin (326)
[2018.10.27-03.42.03:224][757]LogModuleManager: Shutting down and abandoning module SubversionSourceControl (324)
[2018.10.27-03.42.03:224][757]LogModuleManager: Shutting down and abandoning module PerforceSourceControl (322)
[2018.10.27-03.42.03:224][757]LogModuleManager: Shutting down and abandoning module GitSourceControl (320)
[2018.10.27-03.42.03:224][757]LogModuleManager: Shutting down and abandoning module SourceControl (319)
[2018.10.27-03.42.03:224][757]LogModuleManager: Shutting down and abandoning module CLionSourceCodeAccess (316)
[2018.10.27-03.42.03:224][757]LogModuleManager: Shutting down and abandoning module LightPropagationVolumeEditor (314)
[2018.10.27-03.42.03:224][757]LogModuleManager: Shutting down and abandoning module PaperTiledImporter (312)
[2018.10.27-03.42.03:224][757]LogModuleManager: Shutting down and abandoning module PaperSpriteSheetImporter (310)
[2018.10.27-03.42.03:224][757]LogModuleManager: Shutting down and abandoning module Paper2DEditor (308)
[2018.10.27-03.42.03:224][757]LogModuleManager: Shutting down and abandoning module MeshPaint (307)
[2018.10.27-03.42.03:224][757]LogModuleManager: Shutting down and abandoning module SideyCPP (304)
[2018.10.27-03.42.03:224][757]LogModuleManager: Shutting down and abandoning module RuntimePhysXCooking (302)
[2018.10.27-03.42.03:224][757]LogModuleManager: Shutting down and abandoning module PhysXVehiclesEditor (300)
[2018.10.27-03.42.03:224][757]LogModuleManager: Shutting down and abandoning module PhysXVehicles (298)
[2018.10.27-03.42.03:224][757]LogModuleManager: Shutting down and abandoning module OculusEditor (296)
[2018.10.27-03.42.03:225][757]LogModuleManager: Shutting down and abandoning module LocationServicesBPLibrary (294)
[2018.10.27-03.42.03:225][757]LogModuleManager: Shutting down and abandoning module ImmediatePhysicsEditor (292)
[2018.10.27-03.42.03:225][757]LogModuleManager: Shutting down and abandoning module ImmediatePhysics (290)
[2018.10.27-03.42.03:225][757]LogModuleManager: Shutting down and abandoning module ApexDestructionEditor (288)
[2018.10.27-03.42.03:225][757]LogModuleManager: Shutting down and abandoning module ApexDestruction (286)
[2018.10.27-03.42.03:225][757]LogModuleManager: Shutting down and abandoning module ActorSequence (284)
[2018.10.27-03.42.03:225][757]LogModuleManager: Shutting down and abandoning module UdpMessaging (282)
[2018.10.27-03.42.03:327][757]LogModuleManager: Shutting down and abandoning module TcpMessaging (280)
[2018.10.27-03.42.03:428][757]LogModuleManager: Shutting down and abandoning module MagicLeapAudio (278)
[2018.10.27-03.42.03:428][757]LogModuleManager: Shutting down and abandoning module GameplayTagsEditor (276)
[2018.10.27-03.42.03:428][757]LogModuleManager: Shutting down and abandoning module FacialAnimationEditor (274)
[2018.10.27-03.42.03:428][757]LogModuleManager: Shutting down and abandoning module FacialAnimation (272)
[2018.10.27-03.42.03:428][757]LogModuleManager: Shutting down and abandoning module DataValidation (270)
[2018.10.27-03.42.03:428][757]LogModuleManager: Shutting down and abandoning module AssetManagerEditor (268)
[2018.10.27-03.42.03:428][757]LogModuleManager: Shutting down and abandoning module LevelEditor (267)
[2018.10.27-03.42.03:428][757]LogModuleManager: Shutting down and abandoning module PixelInspectorModule (266)
[2018.10.27-03.42.03:428][757]LogModuleManager: Shutting down and abandoning module CommonMenuExtensions (264)
[2018.10.27-03.42.03:428][757]LogModuleManager: Shutting down and abandoning module MainFrame (262)
[2018.10.27-03.42.03:428][757]LogModuleManager: Shutting down and abandoning module HotReload (261)
[2018.10.27-03.42.03:429][757]LogModuleManager: Shutting down and abandoning module ContentBrowser (257)
[2018.10.27-03.42.03:430][757]LogModuleManager: Shutting down and abandoning module TreeMap (255)
[2018.10.27-03.42.03:430][757]LogModuleManager: Shutting down and abandoning module LightPropagationVolumeRuntime (252)
[2018.10.27-03.42.03:430][757]LogModuleManager: Shutting down and abandoning module AISupportModule (250)
[2018.10.27-03.42.03:430][757]LogModuleManager: Shutting down and abandoning module Paper2D (248)
[2018.10.27-03.42.03:430][757]LogModuleManager: Shutting down and abandoning module WindowsMoviePlayer (246)
[2018.10.27-03.42.03:431][757]LogModuleManager: Shutting down and abandoning module WmfMedia (244)
[2018.10.27-03.42.03:434][757]LogModuleManager: Shutting down and abandoning module Media (243)
[2018.10.27-03.42.03:441][757]LogModuleManager: Shutting down and abandoning module PacketHandler (240)
[2018.10.27-03.42.03:441][757]LogModuleManager: Shutting down and abandoning module ClothingSystemEditor (238)
[2018.10.27-03.42.03:441][757]LogModuleManager: Shutting down and abandoning module ClothingSystemRuntime (236)
[2018.10.27-03.42.03:441][757]LogModuleManager: Shutting down and abandoning module MediaAssets (234)
[2018.10.27-03.42.03:441][757]LogModuleManager: Shutting down and abandoning module Overlay (232)
[2018.10.27-03.42.03:441][757]LogModuleManager: Shutting down and abandoning module OverlayEditor (231)
[2018.10.27-03.42.03:442][757]LogModuleManager: Shutting down and abandoning module VREditor (228)
[2018.10.27-03.42.03:442][757]LogModuleManager: Shutting down and abandoning module StringTableEditor (226)
[2018.10.27-03.42.03:442][757]LogModuleManager: Shutting down and abandoning module GameplayTasksEditor (224)
[2018.10.27-03.42.03:442][757]LogModuleManager: Shutting down and abandoning module BehaviorTreeEditor (222)
[2018.10.27-03.42.03:442][757]LogModuleManager: Shutting down and abandoning module FunctionalTesting (220)
[2018.10.27-03.42.03:442][757]LogModuleManager: Shutting down and abandoning module CollisionAnalyzer (218)
[2018.10.27-03.42.03:442][757]LogModuleManager: Shutting down and abandoning module WorkspaceMenuStructure (217)
[2018.10.27-03.42.03:442][757]LogModuleManager: Shutting down and abandoning module UMG (214)
[2018.10.27-03.42.03:442][757]LogModuleManager: Shutting down and abandoning module UMGEditor (213)
[2018.10.27-03.42.03:442][757]LogModuleManager: Shutting down and abandoning module Sequencer (212)
[2018.10.27-03.42.03:442][757]LogModuleManager: Shutting down and abandoning module MessageLog (209)
[2018.10.27-03.42.03:442][757]LogModuleManager: Shutting down and abandoning module SlateReflector (204)
[2018.10.27-03.42.03:442][757]LogModuleManager: Shutting down and abandoning module Slate (202)
[2018.10.27-03.42.03:443][757]LogModuleManager: Shutting down and abandoning module EditorStyle (200)
[2018.10.27-03.42.03:444][757]LogModuleManager: Shutting down and abandoning module MRMesh (198)
[2018.10.27-03.42.03:444][757]LogModuleManager: Shutting down and abandoning module SourceCodeAccess (196)
[2018.10.27-03.42.03:444][757]LogModuleManager: Shutting down and abandoning module HeadMountedDisplay (194)
[2018.10.27-03.42.03:444][757]LogModuleManager: Shutting down and abandoning module XAudio2 (192)
[2018.10.27-03.42.03:444][757]LogModuleManager: Shutting down and abandoning module Networking (190)
[2018.10.27-03.42.03:444][757]LogModuleManager: Shutting down and abandoning module Core (188)
[2018.10.27-03.42.03:444][757]LogModuleManager: Shutting down and abandoning module LevelSequence (186)
[2018.10.27-03.42.03:444][757]LogModuleManager: Shutting down and abandoning module KismetCompiler (184)
[2018.10.27-03.42.03:444][757]LogModuleManager: Shutting down and abandoning module MeshUtilities (182)
[2018.10.27-03.42.03:444][757]LogModuleManager: Shutting down and abandoning module MeshMergeUtilities (181)
[2018.10.27-03.42.03:444][757]LogModuleManager: Shutting down and abandoning module MeshReductionInterface (180)
[2018.10.27-03.42.03:444][757]LogModuleManager: Shutting down and abandoning module SimplygonSwarm (179)
[2018.10.27-03.42.03:444][757]LogModuleManager: Shutting down and abandoning module ProxyLODMeshReduction (177)
[2018.10.27-03.42.03:445][757]LogModuleManager: Shutting down and abandoning module SimplygonMeshReduction (175)
[2018.10.27-03.42.03:445][757]LogModuleManager: Shutting down and abandoning module QuadricMeshReduction (173)
[2018.10.27-03.42.03:445][757]LogModuleManager: Shutting down and abandoning module MaterialBaking (169)
[2018.10.27-03.42.03:445][757]LogModuleManager: Shutting down and abandoning module DirectoryWatcher (165)
[2018.10.27-03.42.03:445][757]LogModuleManager: Shutting down and abandoning module DerivedDataCache (162)
[2018.10.27-03.42.03:534][757]LogDerivedDataCache: Shutdown
[2018.10.27-03.42.03:534][757]LogModuleManager: Shutting down and abandoning module XGEController (160)
[2018.10.27-03.42.03:534][757]LogXGEController: Cleaning working directory: C:/Users/John/AppData/Local/Temp/UnrealXGEWorkingDir/
[2018.10.27-03.42.03:535][757]LogModuleManager: Shutting down and abandoning module TargetPlatform (158)
[2018.10.27-03.42.03:535][757]LogModuleManager: Shutting down and abandoning module VulkanShaderFormat (157)
[2018.10.27-03.42.03:535][757]LogModuleManager: Shutting down and abandoning module ShaderFormatVectorVM (155)
[2018.10.27-03.42.03:535][757]LogModuleManager: Shutting down and abandoning module ShaderFormatOpenGL (153)
[2018.10.27-03.42.03:535][757]LogModuleManager: Shutting down and abandoning module ShaderFormatD3D (151)
[2018.10.27-03.42.03:535][757]LogModuleManager: Shutting down and abandoning module MetalShaderFormat (149)
[2018.10.27-03.42.03:535][757]LogModuleManager: Shutting down and abandoning module TextureFormatUncompressed (147)
[2018.10.27-03.42.03:535][757]LogModuleManager: Shutting down and abandoning module TextureFormatPVR (145)
[2018.10.27-03.42.03:536][757]LogModuleManager: Shutting down and abandoning module TextureFormatDXT (143)
[2018.10.27-03.42.03:536][757]LogModuleManager: Shutting down and abandoning module TextureFormatIntelISPCTexComp (141)
[2018.10.27-03.42.03:537][757]LogModuleManager: Shutting down and abandoning module TextureFormatASTC (139)
[2018.10.27-03.42.03:537][757]LogModuleManager: Shutting down and abandoning module ImageWrapper (138)
[2018.10.27-03.42.03:537][757]LogModuleManager: Shutting down and abandoning module TextureFormatAndroid (135)
[2018.10.27-03.42.03:537][757]LogModuleManager: Shutting down and abandoning module AudioFormatOpus (133)
[2018.10.27-03.42.03:537][757]LogModuleManager: Shutting down and abandoning module AudioFormatOgg (131)
[2018.10.27-03.42.03:537][757]LogModuleManager: Shutting down and abandoning module AudioFormatADPCM (129)
[2018.10.27-03.42.03:537][757]LogModuleManager: Shutting down and abandoning module LuminTargetPlatform (127)
[2018.10.27-03.42.03:538][757]LogModuleManager: Shutting down and abandoning module LinuxTargetPlatform (125)
[2018.10.27-03.42.03:538][757]LogModuleManager: Shutting down and abandoning module LinuxServerTargetPlatform (123)
[2018.10.27-03.42.03:538][757]LogModuleManager: Shutting down and abandoning module LinuxNoEditorTargetPlatform (121)
[2018.10.27-03.42.03:538][757]LogModuleManager: Shutting down and abandoning module LinuxClientTargetPlatform (119)
[2018.10.27-03.42.03:538][757]LogModuleManager: Shutting down and abandoning module TVOSTargetPlatform (117)
[2018.10.27-03.42.03:538][757]LogModuleManager: Shutting down and abandoning module Messaging (115)
[2018.10.27-03.42.03:538][757]LogModuleManager: Shutting down and abandoning module IOSTargetPlatform (113)
[2018.10.27-03.42.03:539][757]LogModuleManager: Shutting down and abandoning module HTML5TargetPlatform (111)
[2018.10.27-03.42.03:539][757]LogModuleManager: Shutting down and abandoning module AndroidTargetPlatform (109)
[2018.10.27-03.42.03:545][757]LogModuleManager: Shutting down and abandoning module WindowsTargetPlatform (107)
[2018.10.27-03.42.03:545][757]LogModuleManager: Shutting down and abandoning module WindowsServerTargetPlatform (105)
[2018.10.27-03.42.03:545][757]LogModuleManager: Shutting down and abandoning module WindowsNoEditorTargetPlatform (103)
[2018.10.27-03.42.03:545][757]LogModuleManager: Shutting down and abandoning module WindowsClientTargetPlatform (101)
[2018.10.27-03.42.03:545][757]LogModuleManager: Shutting down and abandoning module MacTargetPlatform (99)
[2018.10.27-03.42.03:545][757]LogModuleManager: Shutting down and abandoning module MacServerTargetPlatform (97)
[2018.10.27-03.42.03:545][757]LogModuleManager: Shutting down and abandoning module MacNoEditorTargetPlatform (95)
[2018.10.27-03.42.03:545][757]LogModuleManager: Shutting down and abandoning module MacClientTargetPlatform (93)
[2018.10.27-03.42.03:545][757]LogModuleManager: Shutting down and abandoning module AllDesktopTargetPlatform (91)
[2018.10.27-03.42.03:545][757]LogModuleManager: Shutting down and abandoning module InputCore (88)
[2018.10.27-03.42.03:545][757]LogModuleManager: Shutting down and abandoning module Settings (86)
[2018.10.27-03.42.03:546][757]LogModuleManager: Shutting down and abandoning module PhysXCooking (84)
[2018.10.27-03.42.03:546][757]LogModuleManager: Shutting down and abandoning module SteamVR (82)
[2018.10.27-03.42.03:546][757]LogModuleManager: Shutting down and abandoning module OculusHMD (80)
[2018.10.27-03.42.03:546][757]LogModuleManager: Shutting down and abandoning module ExampleDeviceProfileSelector (78)
[2018.10.27-03.42.03:546][757]LogModuleManager: Shutting down and abandoning module LauncherChunkInstaller (76)
[2018.10.27-03.42.03:547][757]LogModuleManager: Shutting down and abandoning module OnlineBlueprintSupport (74)
[2018.10.27-03.42.03:547][757]LogModuleManager: Shutting down and abandoning module OnlineSubsystem (70)
[2018.10.27-03.42.03:549][757]LogModuleManager: Shutting down and abandoning module XMPP (65)
[2018.10.27-03.42.03:549][757]LogModuleManager: Shutting down and abandoning module WebSockets (64)
[2018.10.27-03.42.03:552][757]LogModuleManager: Shutting down and abandoning module HTTP (61)
[2018.10.27-03.42.03:552][757]LogHttp: Display: Http module shutting down, but needs to wait on 1 outstanding Http requests:
[2018.10.27-03.42.03:552][757]LogHttp: Display: 	verb=[POST] url=[https://datarouter.ol.epicgames.com/datarouter/api/v1/public/data?SessionID=%7B797517D0-467D-8072-A131-EA8BFA25FB85%7D&AppID=UEEditor.Rocket.Release&AppVersion=4.20.3-4369336%2B%2B%2BUE4%2BRelease-4.20&UserID=48608af3472e76dd6e6c78a0ececfc48%7Ccba6384966244231ba87ca3ddfb5c9ba%7Cb7e3bec0-89c1-4482-97fa-d1c2afde1d3d&AppEnvironment=datacollector-binary&UploadType=eteventstream] status=Processing
[2018.10.27-03.42.03:569][757]LogModuleManager: Shutting down and abandoning module SSL (60)
[2018.10.27-03.42.03:570][757]LogModuleManager: Shutting down and abandoning module MagicLeapEmulator (56)
[2018.10.27-03.42.03:570][757]LogModuleManager: Shutting down and abandoning module MagicLeapPrivileges (54)
[2018.10.27-03.42.03:570][757]LogModuleManager: Shutting down and abandoning module MagicLeapIdentity (52)
[2018.10.27-03.42.03:570][757]LogModuleManager: Shutting down and abandoning module MagicLeapHelperVulkan (50)
[2018.10.27-03.42.03:570][757]LogModuleManager: Shutting down and abandoning module MagicLeapHelperOpenGL (48)
[2018.10.27-03.42.03:570][757]LogModuleManager: Shutting down and abandoning module MagicLeapSecureStorage (46)
[2018.10.27-03.42.03:570][757]LogModuleManager: Shutting down and abandoning module MagicLeapGestures (44)
[2018.10.27-03.42.03:571][757]LogModuleManager: Shutting down and abandoning module MagicLeapEyeTracker (42)
[2018.10.27-03.42.03:571][757]LogModuleManager: Shutting down and abandoning module MagicLeapController (40)
[2018.10.27-03.42.03:571][757]LogSlate: Slate User Destroyed.  User Index 0, Is Virtual User: 0
[2018.10.27-03.42.03:571][757]LogModuleManager: Shutting down and abandoning module MagicLeap (38)
[2018.10.27-03.42.03:571][757]LogModuleManager: Shutting down and abandoning module AnimationModifiers (36)
[2018.10.27-03.42.03:571][757]LogModuleManager: Shutting down and abandoning module PropertyEditor (35)
[2018.10.27-03.42.03:571][757]LogModuleManager: Shutting down and abandoning module AudioEditor (32)
[2018.10.27-03.42.03:571][757]LogModuleManager: Shutting down and abandoning module TextureCompressor (30)
[2018.10.27-03.42.03:574][757]LogModuleManager: Shutting down and abandoning module ShaderCore (28)
[2018.10.27-03.42.03:574][757]LogModuleManager: Shutting down and abandoning module Landscape (26)
[2018.10.27-03.42.03:574][757]LogModuleManager: Shutting down and abandoning module SlateRHIRenderer (24)
[2018.10.27-03.42.03:574][757]LogModuleManager: Shutting down and abandoning module OpenGLDrv (22)
[2018.10.27-03.42.03:575][757]LogModuleManager: Shutting down and abandoning module D3D11RHI (20)
[2018.10.27-03.42.03:575][757]LogModuleManager: Shutting down and abandoning module AnimGraphRuntime (18)
[2018.10.27-03.42.03:575][757]LogModuleManager: Shutting down and abandoning module Renderer (16)
[2018.10.27-03.42.03:575][757]LogModuleManager: Shutting down and abandoning module Engine (14)
[2018.10.27-03.42.03:575][757]LogModuleManager: Shutting down and abandoning module CoreUObject (12)
[2018.10.27-03.42.03:575][757]LogModuleManager: Shutting down and abandoning module NetworkFile (10)
[2018.10.27-03.42.03:575][757]LogModuleManager: Shutting down and abandoning module CookedIterativeFile (8)
[2018.10.27-03.42.03:575][757]LogModuleManager: Shutting down and abandoning module StreamingFile (6)
[2018.10.27-03.42.03:575][757]LogModuleManager: Shutting down and abandoning module SandboxFile (4)
[2018.10.27-03.42.03:575][757]LogModuleManager: Shutting down and abandoning module PakFile (2)
[2018.10.27-03.42.03:597][757]LogExit: Exiting.
[2018.10.27-03.42.03:614][757]Log file closed, 10/27/18 04:42:03
