Log file open, 10/27/18 04:10:32
LogWindows: Failed to load 'aqProf.dll' (GetLastError=126)
LogWindows: File 'aqProf.dll' does not exist
LogWindows: Failed to load 'VSPerf140.dll' (GetLastError=126)
LogWindows: File 'VSPerf140.dll' does not exist
LogWindows: Failed to load 'VtuneApi.dll' (GetLastError=126)
LogWindows: File 'VtuneApi.dll' does not exist
LogWindows: Failed to load 'VtuneApi32e.dll' (GetLastError=126)
LogWindows: File 'VtuneApi32e.dll' does not exist
LogInit: Display: Running engine for game: SideyCPP
LogPlatformFile: Not using cached read wrapper
LogTaskGraph: Started task graph with 5 named threads and 23 total threads with 3 sets of task threads.
LogStats: Stats thread started at 0.406433
LogD3D11RHI: Loaded GFSDK_Aftermath_Lib.x64.dll
LogICUInternationalization: Display: ICU TimeZone Detection - Raw Offset: +0:00, Platform Override: ''
LogPluginManager: Mounting plugin Paper2D
LogPluginManager: Mounting plugin AISupport
LogPluginManager: Mounting plugin LightPropagationVolume
LogPluginManager: Mounting plugin CLionSourceCodeAccess
LogPluginManager: Mounting plugin CodeLiteSourceCodeAccess
LogPluginManager: Mounting plugin GitSourceControl
LogPluginManager: Mounting plugin KDevelopSourceCodeAccess
LogPluginManager: Mounting plugin NullSourceCodeAccess
LogPluginManager: Mounting plugin PerforceSourceControl
LogPluginManager: Mounting plugin SubversionSourceControl
LogPluginManager: Mounting plugin UObjectPlugin
LogPluginManager: Mounting plugin VisualStudioCodeSourceCodeAccess
LogPluginManager: Mounting plugin VisualStudioSourceCodeAccess
LogPluginManager: Mounting plugin XCodeSourceCodeAccess
LogPluginManager: Mounting plugin AssetManagerEditor
LogPluginManager: Mounting plugin CryptoKeys
LogPluginManager: Mounting plugin DataValidation
LogPluginManager: Mounting plugin FacialAnimation
LogPluginManager: Mounting plugin GameplayTagsEditor
LogPluginManager: Mounting plugin MacGraphicsSwitching
LogPluginManager: Mounting plugin MeshEditor
LogPluginManager: Mounting plugin MobileLauncherProfileWizard
LogPluginManager: Mounting plugin PluginBrowser
LogPluginManager: Mounting plugin SpeedTreeImporter
LogPluginManager: Mounting plugin DatasmithContent
LogPluginManager: Mounting plugin AlembicImporter
LogPluginManager: Mounting plugin AppleImageUtils
LogPluginManager: Mounting plugin AppleVision
LogPluginManager: Mounting plugin BackChannel
LogPluginManager: Mounting plugin CharacterAI
LogPluginManager: Mounting plugin GeometryCache
LogPluginManager: Mounting plugin HTML5Networking
LogPluginManager: Mounting plugin ProxyLODPlugin
LogPluginManager: Mounting plugin MagicLeap
LogPluginManager: Mounting plugin MagicLeapEmulator
LogPluginManager: Mounting plugin MagicLeapMedia
LogPluginManager: Mounting plugin AndroidMedia
LogPluginManager: Mounting plugin AvfMedia
LogPluginManager: Mounting plugin ImgMedia
LogPluginManager: Mounting plugin LinearTimecode
LogPluginManager: Mounting plugin MediaCompositing
LogPluginManager: Mounting plugin MediaPlayerEditor
LogPluginManager: Mounting plugin WmfMedia
LogPluginManager: Mounting plugin TcpMessaging
LogPluginManager: Mounting plugin UdpMessaging
LogPluginManager: Mounting plugin ActorSequence
LogPluginManager: Mounting plugin LevelSequenceEditor
LogPluginManager: Mounting plugin MatineeToLevelSequence
LogPluginManager: Mounting plugin NetcodeUnitTest
LogPluginManager: Mounting plugin NUTUnrealEngine4
LogPluginManager: Mounting plugin OnlineSubsystemGooglePlay
LogPluginManager: Mounting plugin OnlineSubsystemIOS
LogPluginManager: Mounting plugin OnlineSubsystem
LogPluginManager: Mounting plugin OnlineSubsystemNull
LogPluginManager: Mounting plugin OnlineSubsystemUtils
LogPluginManager: Mounting plugin LauncherChunkInstaller
LogPluginManager: Mounting plugin AndroidDeviceProfileSelector
LogPluginManager: Mounting plugin AndroidMoviePlayer
LogPluginManager: Mounting plugin AndroidPermission
LogPluginManager: Mounting plugin ApexDestruction
LogPluginManager: Mounting plugin AppleMoviePlayer
LogPluginManager: Mounting plugin ArchVisCharacter
LogPluginManager: Mounting plugin AudioCapture
LogPluginManager: Mounting plugin CableComponent
LogPluginManager: Mounting plugin CustomMeshComponent
LogPluginManager: Mounting plugin EditableMesh
LogPluginManager: Mounting plugin ExampleDeviceProfileSelector
LogPluginManager: Mounting plugin GoogleCloudMessaging
LogPluginManager: Mounting plugin ImmediatePhysics
LogPluginManager: Mounting plugin IOSDeviceProfileSelector
LogPluginManager: Mounting plugin LinuxDeviceProfileSelector
LogPluginManager: Mounting plugin LocationServicesBPLibrary
LogPluginManager: Mounting plugin MobilePatchingUtils
LogPluginManager: Mounting plugin OculusVR
LogPluginManager: Plugin shader directory ../../../Engine/Plugins/Runtime/Oculus/OculusVR/Shaders found
LogPluginManager: Mapping shader source directory ../../../Engine/Plugins/Runtime/Oculus/OculusVR/Shaders to virtual directory /Plugin/OculusVR
LogPluginManager: Mounting plugin PhysXVehicles
LogPluginManager: Mounting plugin ProceduralMeshComponent
LogPluginManager: Mounting plugin RuntimePhysXCooking
LogPluginManager: Mounting plugin SteamVR
LogPluginManager: Mounting plugin WindowsMoviePlayer
LogStreaming: Display: Took  0.269s to configure plugins.
LogInit: Using libcurl 7.55.1-DEV
LogInit:  - built for x86_64-pc-win32
LogInit:  - supports SSL with OpenSSL/1.0.2h
LogInit:  - supports HTTP deflate (compression) using libz 1.2.8
LogInit:  - other features:
LogInit:      CURL_VERSION_SSL
LogInit:      CURL_VERSION_LIBZ
LogInit:      CURL_VERSION_IPV6
LogInit:      CURL_VERSION_ASYNCHDNS
LogInit:      CURL_VERSION_LARGEFILE
LogInit:      CURL_VERSION_IDN
LogInit:  CurlRequestOptions (configurable via config and command line):
LogInit:  - bVerifyPeer = false  - Libcurl will NOT verify peer certificate
LogInit:  - bUseHttpProxy = false  - Libcurl will NOT use HTTP proxy
LogInit:  - bDontReuseConnections = false  - Libcurl will reuse connections
LogInit:  - CertBundlePath = nullptr  - Libcurl will use whatever was configured at build time.
LogInit:  - MaxHostConnections = 16  - Libcurl will limit the number of connections to a host
LogInit:  - LocalHostAddr = Default
LogInit:  - BufferSize = 65536
LogInit: WinSock: version 1.1 (2.2), MaxSocks=32767, MaxUdp=65467
LogInit: Build: ++UE4+Release-4.20-CL-4369336
LogInit: Engine Version: 4.20.3-4369336+++UE4+Release-4.20
LogInit: Compatible Engine Version: 4.20.0-4212847+++UE4+Release-4.20
LogInit: Net CL: 4212847
LogInit: OS: Windows 10 (), CPU: Intel(R) Core(TM) i7-6700K CPU @ 4.00GHz, GPU: NVIDIA GeForce GTX 1060 6GB
LogInit: Compiled (64-bit): Sep 17 2018 12:26:19
LogInit: Compiled with Visual C++: 19.13.26129.00
LogInit: Build Configuration: Development
LogInit: Branch Name: ++UE4+Release-4.20
LogInit: Command Line:  -skipcompile
LogInit: Base Directory: D:/Program Files/Epic Games/UE_4.20/Engine/Binaries/Win64/
LogInit: Installed Engine Build: 1
LogDevObjectVersion: Number of dev versions registered: 20
LogDevObjectVersion:   Dev-Blueprints (B0D832E4-1F89-4F0D-ACCF-7EB736FD4AA2): 10
LogDevObjectVersion:   Dev-Build (E1C64328-A22C-4D53-A36C-8E866417BD8C): 0
LogDevObjectVersion:   Dev-Core (375EC13C-06E4-48FB-B500-84F0262A717E): 2
LogDevObjectVersion:   Dev-Editor (E4B068ED-F494-42E9-A231-DA0B2E46BB41): 24
LogDevObjectVersion:   Dev-Framework (CFFC743F-43B0-4480-9391-14DF171D2073): 34
LogDevObjectVersion:   Dev-Mobile (B02B49B5-BB20-44E9-A304-32B752E40360): 2
LogDevObjectVersion:   Dev-Networking (A4E4105C-59A1-49B5-A7C5-40C4547EDFEE): 0
LogDevObjectVersion:   Dev-Online (39C831C9-5AE6-47DC-9A44-9C173E1C8E7C): 0
LogDevObjectVersion:   Dev-Physics (78F01B33-EBEA-4F98-B9B4-84EACCB95AA2): 0
LogDevObjectVersion:   Dev-Platform (6631380F-2D4D-43E0-8009-CF276956A95A): 0
LogDevObjectVersion:   Dev-Rendering (12F88B9F-8875-4AFC-A67C-D90C383ABD29): 26
LogDevObjectVersion:   Dev-Sequencer (7B5AE74C-D270-4C10-A958-57980B212A5A): 9
LogDevObjectVersion:   Dev-VR (D7296918-1DD6-4BDD-9DE2-64A83CC13884): 2
LogDevObjectVersion:   Dev-LoadTimes (C2A15278-BFE7-4AFE-6C17-90FF531DF755): 1
LogDevObjectVersion:   Private-Geometry (6EACA3D4-40EC-4CC1-B786-8BED09428FC5): 3
LogDevObjectVersion:   Dev-AnimPhys (29E575DD-E0A3-4627-9D10-D276232CDCEA): 17
LogDevObjectVersion:   Dev-ReflectionCapture (6B266CEC-1EC7-4B8F-A30B-E4D90942FC07): 1
LogDevObjectVersion:   Dev-Automation (0DF73D61-A23F-47EA-B727-89E90C41499A): 1
LogDevObjectVersion:   FortniteMain (601D1886-AC64-4F84-AA16-D3DE0DEAC7D6): 12
LogDevObjectVersion:   Dev-Enterprise (9DFFBCD6-494F-0158-E221-12823C92A888): 1
LogStreaming: Display: Took  0.010s to delete old logs.
LogInit: Presizing for max 8388607 objects, including 0 objects not considered by GC, pre-allocating 0 bytes for permanent pool.
LogInit: Object subsystem initialized
[2018.10.27-03.10.33:156][  0]LogInit: Selected Device Profile: [Windows]
[2018.10.27-03.10.33:157][  0]LogInit: Applying CVar settings loaded from the selected device profile: [Windows]
[2018.10.27-03.10.33:167][  0]LogHAL: Display: Platform has ~ 16 GB [17126547456 / 17179869184 / 16], which maps to Larger [LargestMinGB=32, LargerMinGB=12, DefaultMinGB=8, SmallerMinGB=6, SmallestMinGB=0)
[2018.10.27-03.10.33:167][  0]LogInit: Setting Device Profile CVar: [[r.Vulkan.UseRealUBs:1]]
[2018.10.27-03.10.33:167][  0]LogInit: Going up to parent DeviceProfile []
[2018.10.27-03.10.33:168][  0]LogInit: Computer: EDWARD
[2018.10.27-03.10.33:168][  0]LogInit: User: John
[2018.10.27-03.10.33:168][  0]LogInit: CPU Page size=4096, Cores=4
[2018.10.27-03.10.33:168][  0]LogInit: High frequency timer resolution =3.914065 MHz
[2018.10.27-03.10.33:168][  0]LogMemory: Memory total: Physical=16.0GB (16GB approx)
[2018.10.27-03.10.33:168][  0]LogMemory: Platform Memory Stats for Windows
[2018.10.27-03.10.33:168][  0]LogMemory: Process Physical Memory: 101.51 MB used, 101.51 MB peak
[2018.10.27-03.10.33:168][  0]LogMemory: Process Virtual Memory: 89.94 MB used, 89.94 MB peak
[2018.10.27-03.10.33:168][  0]LogMemory: Physical Memory: 9091.22 MB used,  7241.93 MB free, 16333.15 MB total
[2018.10.27-03.10.33:168][  0]LogMemory: Virtual Memory: 4638.52 MB used,  7241.93 MB free, 134217728.00 MB total
[2018.10.27-03.10.33:294][  0]LogInit: Using OS detected language (en-US).
[2018.10.27-03.10.33:295][  0]LogInit: Using OS detected locale (en-US).
[2018.10.27-03.10.33:296][  0]LogTextLocalizationManager: No specific localization for 'en-US' exists, so the 'en' localization will be used.
[2018.10.27-03.10.33:607][  0]LogStreaming: Display: Took  0.313s to InitEngineTextLocalization.
[2018.10.27-03.10.33:607][  0]LogInit: Setting process to per monitor DPI aware
[2018.10.27-03.10.33:641][  0]LogSlate: New Slate User Created.  User Index 0, Is Virtual User: 0
[2018.10.27-03.10.33:641][  0]LogSlate: Slate User Registered.  User Index 0, Is Virtual User: 0
[2018.10.27-03.10.33:896][  0]LogHMD: Failed to initialize OpenVR with code 102
[2018.10.27-03.10.33:896][  0]LogD3D11RHI: D3D11 adapters:
[2018.10.27-03.10.33:963][  0]LogD3D11RHI:    0. 'NVIDIA GeForce GTX 1060 6GB' (Feature Level 11_0)
[2018.10.27-03.10.33:964][  0]LogD3D11RHI:       6061/0/8166 MB DedicatedVideo/DedicatedSystem/SharedSystem, Outputs:1, VendorId:0x10de
[2018.10.27-03.10.33:968][  0]LogD3D11RHI:    1. 'Microsoft Basic Render Driver' (Feature Level 11_0)
[2018.10.27-03.10.33:968][  0]LogD3D11RHI:       0/0/8166 MB DedicatedVideo/DedicatedSystem/SharedSystem, Outputs:0, VendorId:0x1414
[2018.10.27-03.10.33:968][  0]LogD3D11RHI: Chosen D3D11 Adapter: 0
[2018.10.27-03.10.33:976][  0]LogD3D11RHI: Creating new Direct3DDevice
[2018.10.27-03.10.33:976][  0]LogD3D11RHI:     GPU DeviceId: 0x1c03 (for the marketing name, search the web for "GPU Device Id")
[2018.10.27-03.10.33:976][  0]LogWindows: EnumDisplayDevices:
[2018.10.27-03.10.33:976][  0]LogWindows:    0. 'NVIDIA GeForce GTX 1060 6GB' (P:1 D:1)
[2018.10.27-03.10.33:977][  0]LogWindows:    1. 'NVIDIA GeForce GTX 1060 6GB' (P:0 D:0)
[2018.10.27-03.10.33:977][  0]LogWindows:    2. 'NVIDIA GeForce GTX 1060 6GB' (P:0 D:0)
[2018.10.27-03.10.33:978][  0]LogWindows:    3. 'NVIDIA GeForce GTX 1060 6GB' (P:0 D:0)
[2018.10.27-03.10.33:978][  0]LogWindows: DebugString: FoundDriverCount:4 
[2018.10.27-03.10.33:978][  0]LogD3D11RHI:     Adapter Name: NVIDIA GeForce GTX 1060 6GB
[2018.10.27-03.10.33:978][  0]LogD3D11RHI:   Driver Version: 388.13 (internal:23.21.13.8813, unified:388.13)
[2018.10.27-03.10.33:978][  0]LogD3D11RHI:      Driver Date: 10-27-2017
[2018.10.27-03.10.33:978][  0]LogRHI: Texture pool is 4242 MB (70% of 6061 MB)
[2018.10.27-03.10.34:009][  0]LogD3D11RHI: Async texture creation enabled
[2018.10.27-03.10.34:025][  0]LogD3D11RHI: GPU Timing Frequency: 1000.000000 (Debug: 2 1)
[2018.10.27-03.10.34:074][  0]LogShaderCompilers: Guid format shader working directory is 5 characters bigger than the processId version (../../../../../../Git/SpideyCPP/SideyCPP/Intermediate/Shaders/WorkingDirectory/3724/).
[2018.10.27-03.10.34:075][  0]LogShaderCompilers: Cleaned the shader compiler working directory 'C:/Users/John/AppData/Local/Temp/UnrealShaderWorkingDir/C4A0452F4CA5FFFE19188591DF48CD84/'.
[2018.10.27-03.10.34:365][  0]LogTemp: Display: Loaded TP AllDesktopTargetPlatform
[2018.10.27-03.10.34:385][  0]LogTemp: Display: Loaded TP MacClientTargetPlatform
[2018.10.27-03.10.34:405][  0]LogTemp: Display: Loaded TP MacNoEditorTargetPlatform
[2018.10.27-03.10.34:428][  0]LogTemp: Display: Loaded TP MacServerTargetPlatform
[2018.10.27-03.10.34:449][  0]LogTemp: Display: Loaded TP MacTargetPlatform
[2018.10.27-03.10.34:469][  0]LogTemp: Display: Loaded TP WindowsClientTargetPlatform
[2018.10.27-03.10.34:489][  0]LogTemp: Display: Loaded TP WindowsNoEditorTargetPlatform
[2018.10.27-03.10.34:509][  0]LogTemp: Display: Loaded TP WindowsServerTargetPlatform
[2018.10.27-03.10.34:523][  0]LogTemp: Display: Loaded TP WindowsTargetPlatform
[2018.10.27-03.10.34:620][  0]LogTemp: Display: Loaded TP AndroidTargetPlatform
[2018.10.27-03.10.34:620][  0]LogTemp: Display: Loaded TP AndroidTargetPlatform
[2018.10.27-03.10.34:620][  0]LogTemp: Display: Loaded TP AndroidTargetPlatform
[2018.10.27-03.10.34:620][  0]LogTemp: Display: Loaded TP AndroidTargetPlatform
[2018.10.27-03.10.34:620][  0]LogTemp: Display: Loaded TP AndroidTargetPlatform
[2018.10.27-03.10.34:620][  0]LogTemp: Display: Loaded TP AndroidTargetPlatform
[2018.10.27-03.10.34:620][  0]LogTemp: Display: Loaded TP AndroidTargetPlatform
[2018.10.27-03.10.34:620][  0]LogTemp: Display: Loaded TP AndroidTargetPlatform
[2018.10.27-03.10.34:620][  0]LogTemp: Display: Loaded TP AndroidTargetPlatform
[2018.10.27-03.10.34:620][  0]LogTemp: Display: Loaded TP AndroidTargetPlatform
[2018.10.27-03.10.34:621][  0]LogTemp: Display: Loaded TP AndroidTargetPlatform
[2018.10.27-03.10.34:621][  0]LogTemp: Display: Loaded TP AndroidTargetPlatform
[2018.10.27-03.10.34:621][  0]LogTemp: Display: Loaded TP AndroidTargetPlatform
[2018.10.27-03.10.34:621][  0]LogTemp: Display: Loaded TP AndroidTargetPlatform
[2018.10.27-03.10.34:621][  0]LogTemp: Display: Loaded TP AndroidTargetPlatform
[2018.10.27-03.10.34:621][  0]LogTemp: Display: Loaded TP AndroidTargetPlatform
[2018.10.27-03.10.34:621][  0]LogTemp: Display: Loaded TP AndroidTargetPlatform
[2018.10.27-03.10.34:621][  0]LogTemp: Display: Loaded TP AndroidTargetPlatform
[2018.10.27-03.10.34:628][  0]LogTemp: Display: Loaded TP HTML5TargetPlatform
[2018.10.27-03.10.34:709][  0]LogTemp: Display: Loaded TP IOSTargetPlatform
[2018.10.27-03.10.34:709][  0]LogTemp: Display: Loaded TP IOSTargetPlatform
[2018.10.27-03.10.34:736][  0]LogTemp: Display: Loaded TP TVOSTargetPlatform
[2018.10.27-03.10.34:736][  0]LogTemp: Display: Loaded TP TVOSTargetPlatform
[2018.10.27-03.10.34:753][  0]LogTemp: Display: Loaded TP LinuxClientTargetPlatform
[2018.10.27-03.10.34:769][  0]LogTemp: Display: Loaded TP LinuxNoEditorTargetPlatform
[2018.10.27-03.10.34:786][  0]LogTemp: Display: Loaded TP LinuxServerTargetPlatform
[2018.10.27-03.10.34:804][  0]LogTemp: Display: Loaded TP LinuxTargetPlatform
[2018.10.27-03.10.34:817][  0]LogTemp: Display: Loaded TP LuminTargetPlatform
[2018.10.27-03.10.34:818][  0]LogTargetPlatformManager: Display: Building Assets For Windows
[2018.10.27-03.10.35:036][  0]LogXGEController: Cleaning working directory: C:/Users/John/AppData/Local/Temp/UnrealXGEWorkingDir/
[2018.10.27-03.10.35:036][  0]LogXGEController: Cannot use XGE Controller as Incredibuild is not installed on this machine.
[2018.10.27-03.10.35:036][  0]LogShaderCompilers: Cannot use XGE Shader Compiler as Incredibuild is not installed on this machine.
[2018.10.27-03.10.35:036][  0]LogShaderCompilers: Display: Using Local Shader Compiler.
[2018.10.27-03.10.35:871][  0]LogDerivedDataCache: Display: Max Cache Size: 512 MB
[2018.10.27-03.10.35:920][  0]LogDerivedDataCache: Loaded boot cache 0.05s 71MB C:/Users/John/AppData/Local/UnrealEngine/4.20/DerivedDataCache/Boot.ddc.
[2018.10.27-03.10.35:920][  0]LogDerivedDataCache: Display: Loaded Boot cache: C:/Users/John/AppData/Local/UnrealEngine/4.20/DerivedDataCache/Boot.ddc
[2018.10.27-03.10.35:920][  0]LogDerivedDataCache: FDerivedDataBackendGraph:  Pak pak cache file ../../../../../../Git/SpideyCPP/SideyCPP/DerivedDataCache/DDC.ddp not found, will not use a pak cache.
[2018.10.27-03.10.35:921][  0]LogDerivedDataCache: Unable to find inner node Pak for hierarchical cache Hierarchy.
[2018.10.27-03.10.35:921][  0]LogDerivedDataCache: FDerivedDataBackendGraph:  CompressedPak pak cache file ../../../../../../Git/SpideyCPP/SideyCPP/DerivedDataCache/Compressed.ddp not found, will not use a pak cache.
[2018.10.27-03.10.35:921][  0]LogDerivedDataCache: Unable to find inner node CompressedPak for hierarchical cache Hierarchy.
[2018.10.27-03.10.35:932][  0]LogDerivedDataCache: Display: Pak cache opened for reading ../../../Engine/DerivedDataCache/Compressed.ddp.
[2018.10.27-03.10.35:946][  0]LogDerivedDataCache: Using Local data cache path C:/Users/John/AppData/Local/UnrealEngine/Common/DerivedDataCache: Writable
[2018.10.27-03.10.35:946][  0]LogDerivedDataCache: Shared data cache path not found in *engine.ini, will not use an Shared cache.
[2018.10.27-03.10.35:946][  0]LogDerivedDataCache: Unable to find inner node Shared for hierarchical cache Hierarchy.
[2018.10.27-03.10.35:963][  0]LogMaterial: Verifying Global Shaders for PCD3D_SM5
[2018.10.27-03.10.35:964][  0]LogSlate: Using FreeType 2.6.0
[2018.10.27-03.10.35:965][  0]LogSlate: SlateFontServices - WITH_FREETYPE: 1, WITH_HARFBUZZ: 1
[2018.10.27-03.10.36:042][  0]LogAssetRegistry: FAssetRegistry took 0.0287 seconds to start up
[2018.10.27-03.10.36:383][  0]LogInit: Selected Device Profile: [Windows]
[2018.10.27-03.10.36:559][  0]LogSimplygon: Simplygon DLL not present - disabling.
[2018.10.27-03.10.36:580][  0]LogMeshReduction: Using SimplygonSwarm for distributed automatic mesh merging
[2018.10.27-03.10.36:580][  0]LogMeshReduction: Using ProxyLODMeshReduction for automatic mesh merging
[2018.10.27-03.10.36:580][  0]LogMeshReduction: Using QuadricMeshReduction for automatic static mesh reduction
[2018.10.27-03.10.36:580][  0]LogMeshReduction: No automatic skeletal mesh reduction module available
[2018.10.27-03.10.36:597][  0]LogNetVersion: SideyCPP 1.0.0, NetCL: 4212847, EngineNetVer: 5, GameNetVer: 0 (Checksum: 583984258)
[2018.10.27-03.10.37:132][  0]LogPackageLocalizationCache: Processed 11 localized package path(s) for 2 prioritized culture(s) in 0.124910 seconds
[2018.10.27-03.10.37:138][  0]LogUObjectArray: 38425 objects as part of root set at end of initial load.
[2018.10.27-03.10.37:138][  0]LogUObjectAllocator: 6690864 out of 0 bytes used by permanent object pool.
[2018.10.27-03.10.37:139][  0]LogUObjectArray: CloseDisregardForGC: 0/0 objects in disregard for GC pool
[2018.10.27-03.10.38:309][  0]LogTcpMessaging: Initializing TcpMessaging bridge
[2018.10.27-03.10.38:330][  0]LogUdpMessaging: Initializing bridge on interface 0.0.0.0:0 to multicast group 230.0.0.1:6666.
[2018.10.27-03.10.38:652][  0]SourceControl: Source control is disabled
[2018.10.27-03.10.38:652][  0]SourceControl: Source control is disabled
[2018.10.27-03.10.38:669][  0]SourceControl: Source control is disabled
[2018.10.27-03.10.38:678][  0]SourceControl: Source control is disabled
[2018.10.27-03.10.39:112][  0]LogAndroidPermission: UAndroidPermissionCallbackProxy::GetInstance
[2018.10.27-03.10.39:304][  0]LogOcInput: OculusInput pre-init called
[2018.10.27-03.10.39:392][  0]LogEngine: Initializing Engine...
[2018.10.27-03.10.39:394][  0]LogHMD: Failed to initialize OpenVR with code 102
[2018.10.27-03.10.39:396][  0]LogStats: UGameplayTagsManager::ConstructGameplayTagTree: ImportINI prefixes -  0.000 s
[2018.10.27-03.10.39:396][  0]LogStats: UGameplayTagsManager::ConstructGameplayTagTree: Construct from data asset -  0.000 s
[2018.10.27-03.10.39:396][  0]LogStats: UGameplayTagsManager::ConstructGameplayTagTree: ImportINI -  0.000 s
[2018.10.27-03.10.39:396][  0]LogStats: UGameplayTagsManager::ConstructGameplayTagTree: GameplayTagTreeChangedEvent.Broadcast -  0.000 s
[2018.10.27-03.10.39:589][  0]LogInit: Initializing FReadOnlyCVARCache
[2018.10.27-03.10.39:617][  0]LogAIModule: Creating AISystem for world Untitled
[2018.10.27-03.10.39:704][  0]LogInit: XAudio2 using 'Headset Earphone (Razer ManO'War)' : 2 channels at 48 kHz using 16 bits per sample (channel mask 0x3)
[2018.10.27-03.10.39:801][  0]LogInit: FAudioDevice initialized.
[2018.10.27-03.10.39:801][  0]LogNetVersion: Set ProjectVersion to 1.0.0.0. Version Checksum will be recalculated on next use.
[2018.10.27-03.10.39:943][  0]LogDerivedDataCache: Saved boot cache 0.14s 71MB C:/Users/John/AppData/Local/UnrealEngine/4.20/DerivedDataCache/Boot.ddc.
[2018.10.27-03.10.39:951][  0]LogInit: Texture streaming: Enabled
[2018.10.27-03.10.39:995][  0]LogEngineSessionManager: EngineSessionManager initialized
[2018.10.27-03.10.39:996][  0]LogEngineSessionManager: EngineSessionManager sent abnormal shutdown report. Type=Debugger, SessionId={17EE0EBB-4CD8-C33C-C3A5-0889B9CC7590}
[2018.10.27-03.10.40:014][  0]LogInit: Transaction tracking system initialized
[2018.10.27-03.10.40:083][  0]BlueprintLog: New page: Editor Load
[2018.10.27-03.10.40:327][  0]LocalizationService: Localization service is disabled
[2018.10.27-03.10.40:738][  0]LogCook: Display: Max memory allowance for cook 16384mb min free memory 0mb
[2018.10.27-03.10.40:738][  0]LogCook: Display: Mobile HDR setting 1
[2018.10.27-03.10.40:739][  0]LogGameplayTags: Display: UGameplayTagsManager::DoneAddingNativeTags. DelegateIsBound: 0
[2018.10.27-03.10.40:739][  0]LogStats: UGameplayTagsManager::ConstructGameplayTagTree: ImportINI prefixes -  0.000 s
[2018.10.27-03.10.40:739][  0]LogStats: UGameplayTagsManager::ConstructGameplayTagTree: Construct from data asset -  0.000 s
[2018.10.27-03.10.40:739][  0]LogStats: UGameplayTagsManager::ConstructGameplayTagTree: ImportINI -  0.000 s
[2018.10.27-03.10.40:739][  0]LogStats: UGameplayTagsManager::ConstructGameplayTagTree: GameplayTagTreeChangedEvent.Broadcast -  0.000 s
[2018.10.27-03.10.40:907][  0]LogFileCache: Scanning file cache for directory 'D:/Git/SpideyCPP/SideyCPP/Content/' took 0.02s
[2018.10.27-03.10.40:908][  0]LogLinker: Warning: Can't find file '/Engine/BasicShapes/Cylinder'
[2018.10.27-03.10.40:908][  0]LogLinker: Warning: Can't find file '/Engine/BasicShapes/Cylinder'
[2018.10.27-03.10.40:908][  0]LogUObjectGlobals: Warning: Failed to find object 'StaticMesh /Engine/BasicShapes/Cylinder.Cylinder'
[2018.10.27-03.10.41:057][  0]SourceControl: Source control is disabled
[2018.10.27-03.10.41:057][  0]Cmd: MAP LOAD FILE="../../../../../../Git/SpideyCPP/SideyCPP/Content/StarterContent/Maps/Minimal_Default.umap" TEMPLATE=0 SHOWPROGRESS=1 FEATURELEVEL=3
[2018.10.27-03.10.41:058][  0]LightingResults: New page: Lighting Build
[2018.10.27-03.10.41:063][  0]MapCheck: New page: Map Check
[2018.10.27-03.10.41:063][  0]LightingResults: New page: Lighting Build
[2018.10.27-03.10.42:551][  0]LogAIModule: Creating AISystem for world Minimal_Default
[2018.10.27-03.10.45:058][  0]LogEditorServer: Finished looking for orphan Actors (0.002 secs)
[2018.10.27-03.10.45:230][  0]Cmd: MAP CHECKDEP NOCLEARLOG
[2018.10.27-03.10.45:477][  0]MapCheck: Map check complete: 0 Error(s), 0 Warning(s), took 247.713ms to complete.
[2018.10.27-03.10.45:478][  0]LogFileHelpers: Loading map 'Minimal_Default' took 4.421
[2018.10.27-03.10.45:584][  0]LogSlate: Updating window title bar state: overlay mode, drag disabled, window buttons hidden, title bar hidden
[2018.10.27-03.10.45:592][  0]LogSlate: Updating window title bar state: overlay mode, drag disabled, window buttons hidden, title bar hidden
[2018.10.27-03.10.45:599][  0]LogSlate: Updating window title bar state: overlay mode, drag disabled, window buttons hidden, title bar hidden
[2018.10.27-03.10.45:606][  0]LogSlate: Updating window title bar state: overlay mode, drag disabled, window buttons hidden, title bar hidden
[2018.10.27-03.10.45:622][  0]LogCollectionManager: Loaded 0 collections in 0.003150 seconds
[2018.10.27-03.10.45:673][  0]LogFileCache: Scanning file cache for directory 'D:/Git/SpideyCPP/SideyCPP/Saved/Collections/' took 0.01s
[2018.10.27-03.10.45:673][  0]LogFileCache: Scanning file cache for directory 'D:/Git/SpideyCPP/SideyCPP/Content/Developers/John/Collections/' took 0.01s
[2018.10.27-03.10.45:674][  0]LogFileCache: Scanning file cache for directory 'D:/Git/SpideyCPP/SideyCPP/Content/Collections/' took 0.01s
[2018.10.27-03.10.45:674][  0]LogCollectionManager: Rebuilt the GUID cache for 0 collections in 0.000000 seconds
[2018.10.27-03.10.45:682][  0]LogContentBrowser: Native class hierarchy populated in 0.0078 seconds. Added 2586 classes and 610 folders.
[2018.10.27-03.10.45:690][  0]LogContentBrowser: Native class hierarchy updated for 'WidgetCarousel' in 0.0003 seconds. Added 0 classes and 0 folders.
[2018.10.27-03.10.45:749][  0]LogContentBrowser: Native class hierarchy updated for 'AddContentDialog' in 0.0004 seconds. Added 0 classes and 0 folders.
[2018.10.27-03.10.45:763][  0]LogContentBrowser: Native class hierarchy updated for 'SceneOutliner' in 0.0004 seconds. Added 1 classes and 2 folders.
[2018.10.27-03.10.45:821][  0]LogContentBrowser: Native class hierarchy updated for 'HierarchicalLODOutliner' in 0.0005 seconds. Added 0 classes and 0 folders.
[2018.10.27-03.10.45:821][  0]LogLoad: (Engine Initialization) Total time: 15.36 seconds
[2018.10.27-03.10.45:822][  0]LogLoad: (Engine Initialization) Total Blueprint compile time: 0.00 seconds
[2018.10.27-03.10.45:857][  0]LogAssetRegistry: Asset discovery search completed in 9.8395 seconds
[2018.10.27-03.10.45:859][  0]LogCollectionManager: Rebuilt the object cache for 0 collections in 0.000000 seconds (found 0 objects)
[2018.10.27-03.10.45:859][  0]LogCollectionManager: Fixed up redirectors for 0 collections in 0.000159 seconds (updated 0 objects)
[2018.10.27-03.10.45:860][  0]LogContentStreaming: Texture pool size now 1000 MB
[2018.10.27-03.10.45:872][  0]LogSlate: Took 0.000224 seconds to synchronously load lazily loaded font '../../../Engine/Content/Slate/Fonts/Roboto-Regular.ttf' (155K)
[2018.10.27-03.10.45:873][  0]LogSlate: Took 0.000183 seconds to synchronously load lazily loaded font '../../../Engine/Content/Slate/Fonts/Roboto-Bold.ttf' (160K)
[2018.10.27-03.10.45:877][  0]LogSlate: Took 0.000194 seconds to synchronously load lazily loaded font '../../../Engine/Content/Editor/Slate/Fonts/FontAwesome.ttf' (139K)
[2018.10.27-03.10.45:972][  0]LogSlate: Took 0.000161 seconds to synchronously load lazily loaded font '../../../Engine/Content/Slate/Fonts/Roboto-Light.ttf' (167K)
[2018.10.27-03.10.45:995][  1]LogRenderer: Reallocating scene render targets to support 804x360 Format 10 NumSamples 1 (Frame:1).
[2018.10.27-03.11.27:699][258]LogSlate: FSceneViewport::OnFocusLost() reason 0
[2018.10.27-03.11.27:806][265]LogRenderer: Reallocating scene render targets to support 1168x600 Format 10 NumSamples 1 (Frame:139).
[2018.10.27-03.11.28:545][344]LogTemp: Repeating last play command: Selected Viewport
[2018.10.27-03.11.28:561][344]LogBlueprintUserMessages: Early PlayInEditor Detection: Level '/Game/StarterContent/Maps/Minimal_Default.Minimal_Default:PersistentLevel' has LevelScriptBlueprint '/Game/StarterContent/Maps/Minimal_Default.Minimal_Default:PersistentLevel.Minimal_Default' with GeneratedClass '/Game/StarterContent/Maps/Minimal_Default.Minimal_Default_C' with ClassGeneratedBy '/Game/StarterContent/Maps/Minimal_Default.Minimal_Default:PersistentLevel.Minimal_Default'
[2018.10.27-03.11.28:561][344]LogPlayLevel: PlayLevel: No blueprints needed recompiling
[2018.10.27-03.11.28:576][344]PIE: New page: PIE session: Minimal_Default (Oct 27, 2018, 5:11:28 AM)
[2018.10.27-03.11.28:576][344]LogPlayLevel: Creating play world package: /Game/StarterContent/Maps/UEDPIE_0_Minimal_Default
[2018.10.27-03.11.28:902][344]LogPlayLevel: PIE: StaticDuplicateObject took: (0.325526s)
[2018.10.27-03.11.28:902][344]LogAIModule: Creating AISystem for world Minimal_Default
[2018.10.27-03.11.28:903][344]LogPlayLevel: PIE: World Init took: (0.000778s)
[2018.10.27-03.11.28:903][344]LogPlayLevel: PIE: Created PIE world by copying editor world from /Game/StarterContent/Maps/Minimal_Default.Minimal_Default to /Game/StarterContent/Maps/UEDPIE_0_Minimal_Default.Minimal_Default (0.327543s)
[2018.10.27-03.11.28:960][344]LogInit: XAudio2 using 'Headset Earphone (Razer ManO'War)' : 2 channels at 48 kHz using 16 bits per sample (channel mask 0x3)
[2018.10.27-03.11.29:019][344]LogInit: FAudioDevice initialized.
[2018.10.27-03.11.29:225][344]LogLoad: Game class is 'MySideyCPPGameModeBase_C'
[2018.10.27-03.11.29:432][344]LogWorld: Bringing World /Game/StarterContent/Maps/UEDPIE_0_Minimal_Default.Minimal_Default up for play (max tick rate 0) at 2018.10.27-04.11.29
[2018.10.27-03.11.29:461][344]LogWorld: Bringing up level for play took: 0.234603
[2018.10.27-03.11.29:484][344]LogContentBrowser: Native class hierarchy updated for 'MovieSceneCapture' in 0.0004 seconds. Added 10 classes and 0 folders.
[2018.10.27-03.11.29:492][344]PIE: Play in editor start time for /Game/StarterContent/Maps/UEDPIE_0_Minimal_Default 1.901
[2018.10.27-03.11.29:493][344]LogBlueprintUserMessages: Late PlayInEditor Detection: Level '/Game/StarterContent/Maps/Minimal_Default.Minimal_Default:PersistentLevel' has LevelScriptBlueprint '/Game/StarterContent/Maps/Minimal_Default.Minimal_Default:PersistentLevel.Minimal_Default' with GeneratedClass '/Game/StarterContent/Maps/Minimal_Default.Minimal_Default_C' with ClassGeneratedBy '/Game/StarterContent/Maps/Minimal_Default.Minimal_Default:PersistentLevel.Minimal_Default'
[2018.10.27-03.12.01:995][694]LogBlueprintUserMessages: Early EndPlayMap Detection: Level '/Game/StarterContent/Maps/Minimal_Default.Minimal_Default:PersistentLevel' has LevelScriptBlueprint '/Game/StarterContent/Maps/Minimal_Default.Minimal_Default:PersistentLevel.Minimal_Default' with GeneratedClass '/Game/StarterContent/Maps/Minimal_Default.Minimal_Default_C' with ClassGeneratedBy '/Game/StarterContent/Maps/Minimal_Default.Minimal_Default:PersistentLevel.Minimal_Default'
[2018.10.27-03.12.01:995][694]LogSlate: Updating window title bar state: overlay mode, drag disabled, window buttons hidden, title bar hidden
[2018.10.27-03.12.02:240][694]LogPlayLevel: Display: Shutting down PIE online subsystems
[2018.10.27-03.12.02:241][694]LogBlueprintUserMessages: Late EndPlayMap Detection: Level '/Game/StarterContent/Maps/Minimal_Default.Minimal_Default:PersistentLevel' has LevelScriptBlueprint '/Game/StarterContent/Maps/Minimal_Default.Minimal_Default:PersistentLevel.Minimal_Default' with GeneratedClass '/Game/StarterContent/Maps/Minimal_Default.Minimal_Default_C' with ClassGeneratedBy '/Game/StarterContent/Maps/Minimal_Default.Minimal_Default:PersistentLevel.Minimal_Default'
[2018.10.27-03.12.02:269][694]LogSlate: Updating window title bar state: overlay mode, drag disabled, window buttons hidden, title bar hidden
[2018.10.27-03.12.02:463][695]LogPlayLevel: Display: Destroying online subsystem :Context_3
[2018.10.27-03.12.04:885][913]LogSlate: FSceneViewport::OnFocusLost() reason 0
[2018.10.27-03.12.04:948][919]LogTemp: Repeating last play command: Selected Viewport
[2018.10.27-03.12.04:965][919]LogBlueprintUserMessages: Early PlayInEditor Detection: Level '/Game/StarterContent/Maps/Minimal_Default.Minimal_Default:PersistentLevel' has LevelScriptBlueprint '/Game/StarterContent/Maps/Minimal_Default.Minimal_Default:PersistentLevel.Minimal_Default' with GeneratedClass '/Game/StarterContent/Maps/Minimal_Default.Minimal_Default_C' with ClassGeneratedBy '/Game/StarterContent/Maps/Minimal_Default.Minimal_Default:PersistentLevel.Minimal_Default'
[2018.10.27-03.12.04:965][919]LogPlayLevel: PlayLevel: No blueprints needed recompiling
[2018.10.27-03.12.04:966][919]PIE: New page: PIE session: Minimal_Default (Oct 27, 2018, 5:12:04 AM)
[2018.10.27-03.12.04:966][919]LogPlayLevel: Creating play world package: /Game/StarterContent/Maps/UEDPIE_0_Minimal_Default
[2018.10.27-03.12.05:289][919]LogPlayLevel: PIE: StaticDuplicateObject took: (0.322956s)
[2018.10.27-03.12.05:289][919]LogAIModule: Creating AISystem for world Minimal_Default
[2018.10.27-03.12.05:290][919]LogPlayLevel: PIE: World Init took: (0.000926s)
[2018.10.27-03.12.05:290][919]LogPlayLevel: PIE: Created PIE world by copying editor world from /Game/StarterContent/Maps/Minimal_Default.Minimal_Default to /Game/StarterContent/Maps/UEDPIE_0_Minimal_Default.Minimal_Default (0.324840s)
[2018.10.27-03.12.05:350][919]LogInit: XAudio2 using 'Headset Earphone (Razer ManO'War)' : 2 channels at 48 kHz using 16 bits per sample (channel mask 0x3)
[2018.10.27-03.12.05:419][919]LogInit: FAudioDevice initialized.
[2018.10.27-03.12.05:457][919]LogLoad: Game class is 'MySideyCPPGameModeBase_C'
[2018.10.27-03.12.05:646][919]LogWorld: Bringing World /Game/StarterContent/Maps/UEDPIE_0_Minimal_Default.Minimal_Default up for play (max tick rate 0) at 2018.10.27-04.12.05
[2018.10.27-03.12.05:672][919]LogWorld: Bringing up level for play took: 0.215546
[2018.10.27-03.12.05:692][919]PIE: Play in editor start time for /Game/StarterContent/Maps/UEDPIE_0_Minimal_Default 0.102
[2018.10.27-03.12.05:693][919]LogBlueprintUserMessages: Late PlayInEditor Detection: Level '/Game/StarterContent/Maps/Minimal_Default.Minimal_Default:PersistentLevel' has LevelScriptBlueprint '/Game/StarterContent/Maps/Minimal_Default.Minimal_Default:PersistentLevel.Minimal_Default' with GeneratedClass '/Game/StarterContent/Maps/Minimal_Default.Minimal_Default_C' with ClassGeneratedBy '/Game/StarterContent/Maps/Minimal_Default.Minimal_Default:PersistentLevel.Minimal_Default'
[2018.10.27-03.13.09:316][590]LogBlueprintUserMessages: Early EndPlayMap Detection: Level '/Game/StarterContent/Maps/Minimal_Default.Minimal_Default:PersistentLevel' has LevelScriptBlueprint '/Game/StarterContent/Maps/Minimal_Default.Minimal_Default:PersistentLevel.Minimal_Default' with GeneratedClass '/Game/StarterContent/Maps/Minimal_Default.Minimal_Default_C' with ClassGeneratedBy '/Game/StarterContent/Maps/Minimal_Default.Minimal_Default:PersistentLevel.Minimal_Default'
[2018.10.27-03.13.09:317][590]LogSlate: Updating window title bar state: overlay mode, drag disabled, window buttons hidden, title bar hidden
[2018.10.27-03.13.09:558][590]LogPlayLevel: Display: Shutting down PIE online subsystems
[2018.10.27-03.13.09:559][590]LogBlueprintUserMessages: Late EndPlayMap Detection: Level '/Game/StarterContent/Maps/Minimal_Default.Minimal_Default:PersistentLevel' has LevelScriptBlueprint '/Game/StarterContent/Maps/Minimal_Default.Minimal_Default:PersistentLevel.Minimal_Default' with GeneratedClass '/Game/StarterContent/Maps/Minimal_Default.Minimal_Default_C' with ClassGeneratedBy '/Game/StarterContent/Maps/Minimal_Default.Minimal_Default:PersistentLevel.Minimal_Default'
[2018.10.27-03.13.09:601][590]LogSlate: Updating window title bar state: overlay mode, drag disabled, window buttons hidden, title bar hidden
[2018.10.27-03.13.09:646][591]LogPlayLevel: Display: Destroying online subsystem :Context_4
[2018.10.27-03.13.09:961][618]LogSlate: Took 0.000184 seconds to synchronously load lazily loaded font '../../../Engine/Content/Slate/Fonts/Roboto-Light.ttf' (167K)
[2018.10.27-03.13.09:965][618]LogSlate: FSceneViewport::OnFocusLost() reason 2
[2018.10.27-03.13.15:442][618]LogSavePackage: Moving '../../../../../../Git/SpideyCPP/SideyCPP/Saved/Minimal_Default6F7DE2CF469B62C33DA94BB3E42DC631.tmp' to '../../../../../../Git/SpideyCPP/SideyCPP/Content/StarterContent/Maps/Minimal_Default.umap'
