Log file open, 10/28/18 18:56:58
LogWindows: Failed to load 'aqProf.dll' (GetLastError=126)
LogWindows: File 'aqProf.dll' does not exist
LogWindows: Failed to load 'VSPerf140.dll' (GetLastError=126)
LogWindows: File 'VSPerf140.dll' does not exist
LogWindows: Failed to load 'VtuneApi.dll' (GetLastError=126)
LogWindows: File 'VtuneApi.dll' does not exist
LogWindows: Failed to load 'VtuneApi32e.dll' (GetLastError=126)
LogWindows: File 'VtuneApi32e.dll' does not exist
LogInit: Display: Running engine for game: SideyCPP
LogPlatformFile: Not using cached read wrapper
LogTaskGraph: Started task graph with 5 named threads and 23 total threads with 3 sets of task threads.
LogStats: Stats thread started at 0.352604
LogD3D11RHI: Loaded GFSDK_Aftermath_Lib.x64.dll
LogICUInternationalization: Display: ICU TimeZone Detection - Raw Offset: +0:00, Platform Override: ''
LogPluginManager: Mounting plugin Paper2D
LogPluginManager: Mounting plugin AISupport
LogPluginManager: Mounting plugin LightPropagationVolume
LogPluginManager: Mounting plugin CLionSourceCodeAccess
LogPluginManager: Mounting plugin CodeLiteSourceCodeAccess
LogPluginManager: Mounting plugin GitSourceControl
LogPluginManager: Mounting plugin KDevelopSourceCodeAccess
LogPluginManager: Mounting plugin NullSourceCodeAccess
LogPluginManager: Mounting plugin PerforceSourceControl
LogPluginManager: Mounting plugin SubversionSourceControl
LogPluginManager: Mounting plugin UObjectPlugin
LogPluginManager: Mounting plugin VisualStudioCodeSourceCodeAccess
LogPluginManager: Mounting plugin VisualStudioSourceCodeAccess
LogPluginManager: Mounting plugin XCodeSourceCodeAccess
LogPluginManager: Mounting plugin AssetManagerEditor
LogPluginManager: Mounting plugin CryptoKeys
LogPluginManager: Mounting plugin DataValidation
LogPluginManager: Mounting plugin FacialAnimation
LogPluginManager: Mounting plugin GameplayTagsEditor
LogPluginManager: Mounting plugin MacGraphicsSwitching
LogPluginManager: Mounting plugin MeshEditor
LogPluginManager: Mounting plugin MobileLauncherProfileWizard
LogPluginManager: Mounting plugin PluginBrowser
LogPluginManager: Mounting plugin SpeedTreeImporter
LogPluginManager: Mounting plugin DatasmithContent
LogPluginManager: Mounting plugin AlembicImporter
LogPluginManager: Mounting plugin AppleImageUtils
LogPluginManager: Mounting plugin AppleVision
LogPluginManager: Mounting plugin BackChannel
LogPluginManager: Mounting plugin CharacterAI
LogPluginManager: Mounting plugin GeometryCache
LogPluginManager: Mounting plugin HTML5Networking
LogPluginManager: Mounting plugin ProxyLODPlugin
LogPluginManager: Mounting plugin MagicLeap
LogPluginManager: Mounting plugin MagicLeapEmulator
LogPluginManager: Mounting plugin MagicLeapMedia
LogPluginManager: Mounting plugin AndroidMedia
LogPluginManager: Mounting plugin AvfMedia
LogPluginManager: Mounting plugin ImgMedia
LogPluginManager: Mounting plugin LinearTimecode
LogPluginManager: Mounting plugin MediaCompositing
LogPluginManager: Mounting plugin MediaPlayerEditor
LogPluginManager: Mounting plugin WmfMedia
LogPluginManager: Mounting plugin TcpMessaging
LogPluginManager: Mounting plugin UdpMessaging
LogPluginManager: Mounting plugin ActorSequence
LogPluginManager: Mounting plugin LevelSequenceEditor
LogPluginManager: Mounting plugin MatineeToLevelSequence
LogPluginManager: Mounting plugin NetcodeUnitTest
LogPluginManager: Mounting plugin NUTUnrealEngine4
LogPluginManager: Mounting plugin OnlineSubsystemGooglePlay
LogPluginManager: Mounting plugin OnlineSubsystemIOS
LogPluginManager: Mounting plugin OnlineSubsystem
LogPluginManager: Mounting plugin OnlineSubsystemNull
LogPluginManager: Mounting plugin OnlineSubsystemUtils
LogPluginManager: Mounting plugin LauncherChunkInstaller
LogPluginManager: Mounting plugin AndroidDeviceProfileSelector
LogPluginManager: Mounting plugin AndroidMoviePlayer
LogPluginManager: Mounting plugin AndroidPermission
LogPluginManager: Mounting plugin ApexDestruction
LogPluginManager: Mounting plugin AppleMoviePlayer
LogPluginManager: Mounting plugin ArchVisCharacter
LogPluginManager: Mounting plugin AudioCapture
LogPluginManager: Mounting plugin CableComponent
LogPluginManager: Mounting plugin CustomMeshComponent
LogPluginManager: Mounting plugin EditableMesh
LogPluginManager: Mounting plugin ExampleDeviceProfileSelector
LogPluginManager: Mounting plugin GoogleCloudMessaging
LogPluginManager: Mounting plugin ImmediatePhysics
LogPluginManager: Mounting plugin IOSDeviceProfileSelector
LogPluginManager: Mounting plugin LinuxDeviceProfileSelector
LogPluginManager: Mounting plugin LocationServicesBPLibrary
LogPluginManager: Mounting plugin MobilePatchingUtils
LogPluginManager: Mounting plugin OculusVR
LogPluginManager: Plugin shader directory ../../../Engine/Plugins/Runtime/Oculus/OculusVR/Shaders found
LogPluginManager: Mapping shader source directory ../../../Engine/Plugins/Runtime/Oculus/OculusVR/Shaders to virtual directory /Plugin/OculusVR
LogPluginManager: Mounting plugin PhysXVehicles
LogPluginManager: Mounting plugin ProceduralMeshComponent
LogPluginManager: Mounting plugin RuntimePhysXCooking
LogPluginManager: Mounting plugin SteamVR
LogPluginManager: Mounting plugin WindowsMoviePlayer
LogStreaming: Display: Took  0.190s to configure plugins.
LogInit: Using libcurl 7.55.1-DEV
LogInit:  - built for x86_64-pc-win32
LogInit:  - supports SSL with OpenSSL/1.0.2h
LogInit:  - supports HTTP deflate (compression) using libz 1.2.8
LogInit:  - other features:
LogInit:      CURL_VERSION_SSL
LogInit:      CURL_VERSION_LIBZ
LogInit:      CURL_VERSION_IPV6
LogInit:      CURL_VERSION_ASYNCHDNS
LogInit:      CURL_VERSION_LARGEFILE
LogInit:      CURL_VERSION_IDN
LogInit:  CurlRequestOptions (configurable via config and command line):
LogInit:  - bVerifyPeer = false  - Libcurl will NOT verify peer certificate
LogInit:  - bUseHttpProxy = false  - Libcurl will NOT use HTTP proxy
LogInit:  - bDontReuseConnections = false  - Libcurl will reuse connections
LogInit:  - CertBundlePath = nullptr  - Libcurl will use whatever was configured at build time.
LogInit:  - MaxHostConnections = 16  - Libcurl will limit the number of connections to a host
LogInit:  - LocalHostAddr = Default
LogInit:  - BufferSize = 65536
LogInit: WinSock: version 1.1 (2.2), MaxSocks=32767, MaxUdp=65467
LogInit: Build: ++UE4+Release-4.20-CL-4369336
LogInit: Engine Version: 4.20.3-4369336+++UE4+Release-4.20
LogInit: Compatible Engine Version: 4.20.0-4212847+++UE4+Release-4.20
LogInit: Net CL: 4212847
LogInit: OS: Windows 10 (), CPU:        Intel(R) Xeon(R) CPU E5-1620 0 @ 3.60GHz, GPU: NVIDIA GeForce GTX 660 Ti
LogInit: Compiled (64-bit): Sep 17 2018 12:26:19
LogInit: Compiled with Visual C++: 19.13.26129.00
LogInit: Build Configuration: Development
LogInit: Branch Name: ++UE4+Release-4.20
LogInit: Command Line:  /Game/StarterContent/Maps/Minimal_Default -game -PIEVIACONSOLE -ResX=1280 -ResY=720  -Multiprocess -messaging -SessionName="Play in Standalone Game" -windowed 
LogInit: Base Directory: C:/Epic/UE4/UE_4.20/Engine/Binaries/Win64/
LogInit: Installed Engine Build: 1
LogDevObjectVersion: Number of dev versions registered: 20
LogDevObjectVersion:   Dev-Blueprints (B0D832E4-1F89-4F0D-ACCF-7EB736FD4AA2): 10
LogDevObjectVersion:   Dev-Build (E1C64328-A22C-4D53-A36C-8E866417BD8C): 0
LogDevObjectVersion:   Dev-Core (375EC13C-06E4-48FB-B500-84F0262A717E): 2
LogDevObjectVersion:   Dev-Editor (E4B068ED-F494-42E9-A231-DA0B2E46BB41): 24
LogDevObjectVersion:   Dev-Framework (CFFC743F-43B0-4480-9391-14DF171D2073): 34
LogDevObjectVersion:   Dev-Mobile (B02B49B5-BB20-44E9-A304-32B752E40360): 2
LogDevObjectVersion:   Dev-Networking (A4E4105C-59A1-49B5-A7C5-40C4547EDFEE): 0
LogDevObjectVersion:   Dev-Online (39C831C9-5AE6-47DC-9A44-9C173E1C8E7C): 0
LogDevObjectVersion:   Dev-Physics (78F01B33-EBEA-4F98-B9B4-84EACCB95AA2): 0
LogDevObjectVersion:   Dev-Platform (6631380F-2D4D-43E0-8009-CF276956A95A): 0
LogDevObjectVersion:   Dev-Rendering (12F88B9F-8875-4AFC-A67C-D90C383ABD29): 26
LogDevObjectVersion:   Dev-Sequencer (7B5AE74C-D270-4C10-A958-57980B212A5A): 9
LogDevObjectVersion:   Dev-VR (D7296918-1DD6-4BDD-9DE2-64A83CC13884): 2
LogDevObjectVersion:   Dev-LoadTimes (C2A15278-BFE7-4AFE-6C17-90FF531DF755): 1
LogDevObjectVersion:   Private-Geometry (6EACA3D4-40EC-4CC1-B786-8BED09428FC5): 3
LogDevObjectVersion:   Dev-AnimPhys (29E575DD-E0A3-4627-9D10-D276232CDCEA): 17
LogDevObjectVersion:   Dev-ReflectionCapture (6B266CEC-1EC7-4B8F-A30B-E4D90942FC07): 1
LogDevObjectVersion:   Dev-Automation (0DF73D61-A23F-47EA-B727-89E90C41499A): 1
LogDevObjectVersion:   FortniteMain (601D1886-AC64-4F84-AA16-D3DE0DEAC7D6): 12
LogDevObjectVersion:   Dev-Enterprise (9DFFBCD6-494F-0158-E221-12823C92A888): 1
LogStreaming: Display: Took  0.010s to delete old logs.
LogInit: Presizing for max 8388607 objects, including 0 objects not considered by GC, pre-allocating 0 bytes for permanent pool.
LogInit: Object subsystem initialized
[2018.10.28-18.56.58:546][  0]LogInit: Selected Device Profile: [Windows]
[2018.10.28-18.56.58:546][  0]LogInit: Applying CVar settings loaded from the selected device profile: [Windows]
[2018.10.28-18.56.58:555][  0]LogHAL: Display: Platform has ~ 16 GB [17100050432 / 17179869184 / 16], which maps to Larger [LargestMinGB=32, LargerMinGB=12, DefaultMinGB=8, SmallerMinGB=6, SmallestMinGB=0)
[2018.10.28-18.56.58:555][  0]LogInit: Setting Device Profile CVar: [[r.Vulkan.UseRealUBs:1]]
[2018.10.28-18.56.58:555][  0]LogInit: Going up to parent DeviceProfile []
[2018.10.28-18.56.58:555][  0]LogInit: Computer: C108-34A
[2018.10.28-18.56.58:555][  0]LogInit: User: w017177h
[2018.10.28-18.56.58:555][  0]LogInit: CPU Page size=4096, Cores=4
[2018.10.28-18.56.58:555][  0]LogInit: High frequency timer resolution =3.507174 MHz
[2018.10.28-18.56.58:556][  0]LogMemory: Memory total: Physical=15.9GB (16GB approx)
[2018.10.28-18.56.58:556][  0]LogMemory: Platform Memory Stats for Windows
[2018.10.28-18.56.58:556][  0]LogMemory: Process Physical Memory: 101.26 MB used, 101.26 MB peak
[2018.10.28-18.56.58:556][  0]LogMemory: Process Virtual Memory: 93.27 MB used, 93.27 MB peak
[2018.10.28-18.56.58:556][  0]LogMemory: Physical Memory: 8303.00 MB used,  8004.88 MB free, 16307.88 MB total
[2018.10.28-18.56.58:556][  0]LogMemory: Virtual Memory: 4642.15 MB used,  8004.88 MB free, 134217728.00 MB total
[2018.10.28-18.56.58:593][  0]LogInit: Using OS detected language (en-US).
[2018.10.28-18.56.58:593][  0]LogInit: Using OS detected locale (en-GB).
[2018.10.28-18.56.58:594][  0]LogTextLocalizationManager: No specific localization for 'en-US' exists, so the 'en' localization will be used.
[2018.10.28-18.56.59:121][  0]LogStreaming: Display: Took  0.527s to InitEngineTextLocalization.
[2018.10.28-18.56.59:209][  0]LogSlate: New Slate User Created.  User Index 0, Is Virtual User: 0
[2018.10.28-18.56.59:209][  0]LogSlate: Slate User Registered.  User Index 0, Is Virtual User: 0
[2018.10.28-18.56.59:218][  0]LogHMD: Failed to initialize OpenVR with code 110
[2018.10.28-18.56.59:218][  0]LogD3D11RHI: D3D11 adapters:
[2018.10.28-18.56.59:309][  0]LogD3D11RHI:    0. 'NVIDIA GeForce GTX 660 Ti' (Feature Level 11_0)
[2018.10.28-18.56.59:309][  0]LogD3D11RHI:       1998/0/8153 MB DedicatedVideo/DedicatedSystem/SharedSystem, Outputs:2, VendorId:0x10de
[2018.10.28-18.56.59:312][  0]LogD3D11RHI:    1. 'Microsoft Basic Render Driver' (Feature Level 11_0)
[2018.10.28-18.56.59:312][  0]LogD3D11RHI:       0/0/8153 MB DedicatedVideo/DedicatedSystem/SharedSystem, Outputs:0, VendorId:0x1414
[2018.10.28-18.56.59:312][  0]LogD3D11RHI: Chosen D3D11 Adapter: 0
[2018.10.28-18.56.59:347][  0]LogD3D11RHI: Creating new Direct3DDevice
[2018.10.28-18.56.59:347][  0]LogD3D11RHI:     GPU DeviceId: 0x1183 (for the marketing name, search the web for "GPU Device Id")
[2018.10.28-18.56.59:347][  0]LogWindows: EnumDisplayDevices:
[2018.10.28-18.56.59:347][  0]LogWindows:    0. 'NVIDIA GeForce GTX 660 Ti' (P:1 D:1)
[2018.10.28-18.56.59:347][  0]LogWindows:    1. 'NVIDIA GeForce GTX 660 Ti' (P:0 D:1)
[2018.10.28-18.56.59:348][  0]LogWindows:    2. 'NVIDIA GeForce GTX 660 Ti' (P:0 D:0)
[2018.10.28-18.56.59:348][  0]LogWindows:    3. 'NVIDIA GeForce GTX 660 Ti' (P:0 D:0)
[2018.10.28-18.56.59:349][  0]LogWindows: DebugString: FoundDriverCount:4 
[2018.10.28-18.56.59:349][  0]LogD3D11RHI:     Adapter Name: NVIDIA GeForce GTX 660 Ti
[2018.10.28-18.56.59:349][  0]LogD3D11RHI:   Driver Version: 399.24 (internal:24.21.13.9924, unified:399.24)
[2018.10.28-18.56.59:349][  0]LogD3D11RHI:      Driver Date: 9-5-2018
[2018.10.28-18.56.59:349][  0]LogRHI: Texture pool is 1398 MB (70% of 1998 MB)
[2018.10.28-18.56.59:416][  0]LogD3D11RHI: Async texture creation enabled
[2018.10.28-18.56.59:436][  0]LogD3D11RHI: GPU Timing Frequency: 1000.000000 (Debug: 2 2)
[2018.10.28-18.56.59:441][  0]LogShaderCompilers: Guid format shader working directory is -20 characters bigger than the processId version (../../../../../../Users/w017177h/Documents/GitHub/SpideyCPP/SideyCPP/Intermediate/Shaders/WorkingDirectory/15056/).
[2018.10.28-18.56.59:441][  0]LogShaderCompilers: Cleaned the shader compiler working directory 'C:/Users/w017177h/AppData/Local/Temp/UnrealShaderWorkingDir/15B03F824B0DED2FE2D9749E6F7FE093/'.
[2018.10.28-18.56.59:883][  0]LogTemp: Display: Loaded TP WindowsClientTargetPlatform
[2018.10.28-18.56.59:901][  0]LogTemp: Display: Loaded TP WindowsNoEditorTargetPlatform
[2018.10.28-18.56.59:920][  0]LogTemp: Display: Loaded TP WindowsServerTargetPlatform
[2018.10.28-18.56.59:939][  0]LogTemp: Display: Loaded TP WindowsTargetPlatform
[2018.10.28-18.56.59:939][  0]LogTargetPlatformManager: Display: Building Assets For Windows
[2018.10.28-18.57.00:099][  0]LogXGEController: Cannot use XGE Controller as Incredibuild is not installed on this machine.
[2018.10.28-18.57.00:099][  0]LogShaderCompilers: Cannot use XGE Shader Compiler as Incredibuild is not installed on this machine.
[2018.10.28-18.57.00:099][  0]LogShaderCompilers: Display: Using Local Shader Compiler.
[2018.10.28-18.57.01:775][  0]LogDerivedDataCache: Display: Max Cache Size: 512 MB
[2018.10.28-18.57.01:891][  0]LogDerivedDataCache: Loaded boot cache 0.12s 71MB C:/Users/w017177h/AppData/Local/UnrealEngine/4.20/DerivedDataCache/Boot.ddc.
[2018.10.28-18.57.01:892][  0]LogDerivedDataCache: Display: Loaded Boot cache: C:/Users/w017177h/AppData/Local/UnrealEngine/4.20/DerivedDataCache/Boot.ddc
[2018.10.28-18.57.01:892][  0]LogDerivedDataCache: FDerivedDataBackendGraph:  Pak pak cache file ../../../../../../Users/w017177h/Documents/GitHub/SpideyCPP/SideyCPP/DerivedDataCache/DDC.ddp not found, will not use a pak cache.
[2018.10.28-18.57.01:892][  0]LogDerivedDataCache: Unable to find inner node Pak for hierarchical cache Hierarchy.
[2018.10.28-18.57.01:893][  0]LogDerivedDataCache: FDerivedDataBackendGraph:  CompressedPak pak cache file ../../../../../../Users/w017177h/Documents/GitHub/SpideyCPP/SideyCPP/DerivedDataCache/Compressed.ddp not found, will not use a pak cache.
[2018.10.28-18.57.01:893][  0]LogDerivedDataCache: Unable to find inner node CompressedPak for hierarchical cache Hierarchy.
[2018.10.28-18.57.01:911][  0]LogDerivedDataCache: Display: Pak cache opened for reading ../../../Engine/DerivedDataCache/Compressed.ddp.
[2018.10.28-18.57.01:924][  0]LogDerivedDataCache: Using Local data cache path C:/Users/w017177h/AppData/Local/UnrealEngine/Common/DerivedDataCache: Writable
[2018.10.28-18.57.01:924][  0]LogDerivedDataCache: Shared data cache path not found in *engine.ini, will not use an Shared cache.
[2018.10.28-18.57.01:924][  0]LogDerivedDataCache: Unable to find inner node Shared for hierarchical cache Hierarchy.
[2018.10.28-18.57.01:946][  0]LogMaterial: Verifying Global Shaders for PCD3D_SM5
[2018.10.28-18.57.01:962][  0]LogSlate: Using FreeType 2.6.0
[2018.10.28-18.57.01:963][  0]LogSlate: SlateFontServices - WITH_FREETYPE: 1, WITH_HARFBUZZ: 1
[2018.10.28-18.57.02:025][  0]LogInit: Using OS detected language (en-US).
[2018.10.28-18.57.02:025][  0]LogInit: Using OS detected locale (en-GB).
[2018.10.28-18.57.02:025][  0]LogTextLocalizationManager: No localization for 'en-US' exists, so 'en' will be used for the language.
[2018.10.28-18.57.02:025][  0]LogTextLocalizationManager: No localization for 'en-GB' exists, so 'en' will be used for the locale.
[2018.10.28-18.57.02:440][  0]LogStreaming: Display: Took  0.415s to InitGameTextLocalization.
[2018.10.28-18.57.02:455][  0]LogAssetRegistry: FAssetRegistry took 0.0085 seconds to start up
[2018.10.28-18.57.02:785][  0]LogPackageLocalizationCache: Processed 11 localized package path(s) for 1 prioritized culture(s) in 0.027109 seconds
[2018.10.28-18.57.02:985][  0]LogInit: Selected Device Profile: [Windows]
[2018.10.28-18.57.03:184][  0]LogSimplygon: Simplygon DLL not present - disabling.
[2018.10.28-18.57.03:191][  0]LogMeshReduction: Using SimplygonSwarm for distributed automatic mesh merging
[2018.10.28-18.57.03:191][  0]LogMeshReduction: Using ProxyLODMeshReduction for automatic mesh merging
[2018.10.28-18.57.03:191][  0]LogMeshReduction: Using QuadricMeshReduction for automatic static mesh reduction
[2018.10.28-18.57.03:191][  0]LogMeshReduction: No automatic skeletal mesh reduction module available
[2018.10.28-18.57.03:210][  0]LogNetVersion: SideyCPP 1.0.0, NetCL: 4212847, EngineNetVer: 5, GameNetVer: 0 (Checksum: 583984258)
[2018.10.28-18.57.03:987][  0]LogMoviePlayer: Initializing movie player
[2018.10.28-18.57.04:289][  0]LogTcpMessaging: Initializing TcpMessaging bridge
[2018.10.28-18.57.04:303][  0]LogUdpMessaging: Initializing bridge on interface 0.0.0.0:0 to multicast group 230.0.0.1:6666.
[2018.10.28-18.57.04:409][  0]LogCollectionManager: Loaded 0 collections in 0.005190 seconds
[2018.10.28-18.57.04:451][  0]LogFileCache: Scanning file cache for directory 'C:/Users/w017177h/Documents/GitHub/SpideyCPP/SideyCPP/Saved/Collections/' took 0.01s
[2018.10.28-18.57.04:451][  0]LogFileCache: Scanning file cache for directory 'C:/Users/w017177h/Documents/GitHub/SpideyCPP/SideyCPP/Content/Developers/w017177h/Collections/' took 0.01s
[2018.10.28-18.57.04:451][  0]LogFileCache: Scanning file cache for directory 'C:/Users/w017177h/Documents/GitHub/SpideyCPP/SideyCPP/Content/Collections/' took 0.01s
[2018.10.28-18.57.04:451][  0]LogCollectionManager: Rebuilt the object cache for 0 collections in 0.000001 seconds (found 0 objects)
[2018.10.28-18.57.04:451][  0]LogCollectionManager: Fixed up redirectors for 0 collections in 0.000229 seconds (updated 0 objects)
[2018.10.28-18.57.04:535][  0]SourceControl: Source control is disabled
[2018.10.28-18.57.04:535][  0]SourceControl: Source control is disabled
[2018.10.28-18.57.04:537][  0]SourceControl: Source control is disabled
[2018.10.28-18.57.04:704][  0]LogAndroidPermission: UAndroidPermissionCallbackProxy::GetInstance
[2018.10.28-18.57.04:789][  0]LogOcInput: OculusInput pre-init called
[2018.10.28-18.57.04:801][  0]LogUObjectArray: 42351 objects as part of root set at end of initial load.
[2018.10.28-18.57.04:801][  0]LogUObjectAllocator: 7484472 out of 0 bytes used by permanent object pool.
[2018.10.28-18.57.04:801][  0]LogUObjectArray: CloseDisregardForGC: 0/0 objects in disregard for GC pool
[2018.10.28-18.57.04:868][  0]LogEngine: Initializing Engine...
[2018.10.28-18.57.04:869][  0]LogHMD: Failed to initialize OpenVR with code 110
[2018.10.28-18.57.04:882][  0]LogStats: UGameplayTagsManager::ConstructGameplayTagTree: ImportINI prefixes -  0.000 s
[2018.10.28-18.57.04:882][  0]LogStats: UGameplayTagsManager::ConstructGameplayTagTree: Construct from data asset -  0.000 s
[2018.10.28-18.57.04:882][  0]LogStats: UGameplayTagsManager::ConstructGameplayTagTree: ImportINI -  0.000 s
[2018.10.28-18.57.04:882][  0]LogStats: UGameplayTagsManager::ConstructGameplayTagTree: GameplayTagTreeChangedEvent.Broadcast -  0.000 s
[2018.10.28-18.57.05:091][  0]LogInit: Initializing FReadOnlyCVARCache
[2018.10.28-18.57.05:105][  0]LogInit: XAudio2 using 'Speakers (Realtek High Definition Audio)' : 2 channels at 48 kHz using 32 bits per sample (channel mask 0x3)
[2018.10.28-18.57.05:131][  0]LogInit: FAudioDevice initialized.
[2018.10.28-18.57.05:185][  0]LogNetVersion: Set ProjectVersion to 1.0.0.0. Version Checksum will be recalculated on next use.
[2018.10.28-18.57.05:208][  0]LogInit: Texture streaming: Enabled
[2018.10.28-18.57.05:525][  0]LogSlate: Updating window title bar state: overlay mode, drag disabled, window buttons hidden, title bar hidden
[2018.10.28-18.57.05:525][  0]LogInit: Display: Game Engine Initialized.
[2018.10.28-18.57.05:525][  0]LogGameplayTags: Display: UGameplayTagsManager::DoneAddingNativeTags. DelegateIsBound: 0
[2018.10.28-18.57.05:525][  0]LogStats: UGameplayTagsManager::ConstructGameplayTagTree: ImportINI prefixes -  0.000 s
[2018.10.28-18.57.05:525][  0]LogStats: UGameplayTagsManager::ConstructGameplayTagTree: Construct from data asset -  0.000 s
[2018.10.28-18.57.05:526][  0]LogStats: UGameplayTagsManager::ConstructGameplayTagTree: ImportINI -  0.000 s
[2018.10.28-18.57.05:526][  0]LogStats: UGameplayTagsManager::ConstructGameplayTagTree: GameplayTagTreeChangedEvent.Broadcast -  0.000 s
[2018.10.28-18.57.05:552][  0]LogInit: Display: Starting Game.
[2018.10.28-18.57.05:561][  0]LogNet: Browse: /Game/StarterContent/Maps/Minimal_Default?Name=Player
[2018.10.28-18.57.05:568][  0]LogLoad: LoadMap: /Game/StarterContent/Maps/Minimal_Default?Name=Player
[2018.10.28-18.57.09:150][  0]LogAIModule: Creating AISystem for world Minimal_Default
[2018.10.28-18.57.09:382][  0]LogLoad: Game class is 'MySideyCPPGameModeBase_C'
[2018.10.28-18.57.13:077][  0]LogWorld: Bringing World /Game/StarterContent/Maps/Minimal_Default.Minimal_Default up for play (max tick rate 0) at 2018.10.28-18.57.13
[2018.10.28-18.57.13:166][  0]LogWorld: Bringing up level for play took: 3.782888
[2018.10.28-18.57.13:212][  0]LogLoad: Took 7.643250 seconds to LoadMap(/Game/StarterContent/Maps/Minimal_Default)
[2018.10.28-18.57.13:407][  0]LogRenderer: Reallocating scene render targets to support 1280x720 Format 10 NumSamples 1 (Frame:1).
[2018.10.28-18.57.13:407][  0]LogLoad: (Engine Initialization) Total time: 18.46 seconds
[2018.10.28-18.57.13:407][  0]LogLoad: (Engine Initialization) Total Blueprint compile time: 0.00 seconds
[2018.10.28-18.57.13:434][  0]LogWindowsTextInputMethodSystem: Display: IME system now deactivated.
[2018.10.28-18.57.13:441][  0]LogContentStreaming: Texture pool size now 1000 MB
[2018.10.28-18.57.13:718][  0]LogRenderer: Reallocating scene render targets to support 1920x1020 Format 10 NumSamples 1 (Frame:3).
[2018.10.28-18.57.13:850][  2]LogRenderer: Reallocating scene render targets to support 1280x720 Format 10 NumSamples 1 (Frame:5).
[2018.10.28-18.57.32:174][ 40]LogSlate: Window 'SideyCPP (64-bit Development PCD3D_SM5) ' being destroyed
[2018.10.28-18.57.32:174][ 40]LogWindowsTextInputMethodSystem: Display: IME system now deactivated.
[2018.10.28-18.57.32:179][ 40]LogSlate: Updating window title bar state: overlay mode, drag disabled, window buttons hidden, title bar hidden
[2018.10.28-18.57.32:179][ 40]LogEngine: All Windows Closed
[2018.10.28-18.57.32:192][ 40]LogWindows: FPlatformMisc::RequestExit(0)
[2018.10.28-18.57.32:891][ 41]LogExit: Preparing to exit.
[2018.10.28-18.57.32:907][ 41]LogMoviePlayer: Shutting down movie player
[2018.10.28-18.57.33:600][ 41]LogSlate: Updating window title bar state: overlay mode, drag disabled, window buttons hidden, title bar hidden
[2018.10.28-18.57.33:784][ 41]LogExit: Game engine shut down
[2018.10.28-18.57.35:180][ 41]LogExit: Object subsystem successfully closed.
[2018.10.28-18.57.35:369][ 41]LogShaderCompilers: Display: Shaders left to compile 0
[2018.10.28-18.57.35:397][ 41]LogD3D11RHI: Shutdown
[2018.10.28-18.57.35:397][ 41]LogD3D11RHI: CleanupD3DDevice
[2018.10.28-18.57.35:462][ 41]LogD3D11RHI: ~FD3D11DynamicRHI
[2018.10.28-18.57.35:963][ 41]LogModuleManager: Shutting down and abandoning module SequenceRecorderSections (386)
[2018.10.28-18.57.35:968][ 41]LogModuleManager: Shutting down and abandoning module SequenceRecorder (384)
[2018.10.28-18.57.35:969][ 41]LogModuleManager: Shutting down and abandoning module AutomationController (382)
[2018.10.28-18.57.35:992][ 41]LogModuleManager: Shutting down and abandoning module AutomationWorker (380)
[2018.10.28-18.57.35:992][ 41]LogModuleManager: Shutting down and abandoning module Voice (378)
[2018.10.28-18.57.36:003][ 41]LogModuleManager: Shutting down and abandoning module AIModule (376)
[2018.10.28-18.57.36:013][ 41]LogModuleManager: Shutting down and abandoning module GameplayDebugger (375)
[2018.10.28-18.57.36:013][ 41]LogModuleManager: Shutting down and abandoning module AITestSuite (373)
[2018.10.28-18.57.36:021][ 41]LogModuleManager: Shutting down and abandoning module NavigationSystem (371)
[2018.10.28-18.57.36:021][ 41]LogModuleManager: Shutting down and abandoning module WmfMediaFactory (368)
[2018.10.28-18.57.36:021][ 41]LogModuleManager: Shutting down and abandoning module OpenExrWrapper (366)
[2018.10.28-18.57.36:021][ 41]LogModuleManager: Shutting down and abandoning module ImgMediaFactory (364)
[2018.10.28-18.57.36:021][ 41]LogModuleManager: Shutting down and abandoning module AvfMediaFactory (362)
[2018.10.28-18.57.36:021][ 41]LogModuleManager: Shutting down and abandoning module MagicLeapCameraPreviewFactory (360)
[2018.10.28-18.57.36:021][ 41]LogModuleManager: Shutting down and abandoning module MagicLeapMediaFactory (358)
[2018.10.28-18.57.36:021][ 41]LogModuleManager: Shutting down and abandoning module CharacterAI (356)
[2018.10.28-18.57.36:021][ 41]LogModuleManager: Shutting down and abandoning module SessionServices (354)
[2018.10.28-18.57.36:021][ 41]LogModuleManager: Shutting down and abandoning module MovieSceneCapture (352)
[2018.10.28-18.57.36:021][ 41]LogModuleManager: Shutting down and abandoning module MovieSceneTracks (350)
[2018.10.28-18.57.36:021][ 41]LogModuleManager: Shutting down and abandoning module MovieScene (348)
[2018.10.28-18.57.36:021][ 41]LogModuleManager: Shutting down and abandoning module StreamingPauseRendering (346)
[2018.10.28-18.57.36:031][ 41]LogModuleManager: Shutting down and abandoning module PortalServices (344)
[2018.10.28-18.57.36:031][ 41]LogModuleManager: Shutting down and abandoning module PortalRpc (342)
[2018.10.28-18.57.36:031][ 41]LogModuleManager: Shutting down and abandoning module MessagingRpc (340)
[2018.10.28-18.57.36:031][ 41]LogModuleManager: Shutting down and abandoning module ProfilerService (338)
[2018.10.28-18.57.36:161][ 41]LogModuleManager: Shutting down and abandoning module TaskGraph (336)
[2018.10.28-18.57.36:182][ 41]LogModuleManager: Shutting down and abandoning module SteamVRController (334)
[2018.10.28-18.57.36:182][ 41]LogModuleManager: Shutting down and abandoning module ProceduralMeshComponent (332)
[2018.10.28-18.57.36:194][ 41]LogModuleManager: Shutting down and abandoning module OculusInput (330)
[2018.10.28-18.57.36:194][ 41]LogModuleManager: Shutting down and abandoning module MobilePatchingUtils (328)
[2018.10.28-18.57.36:194][ 41]LogModuleManager: Shutting down and abandoning module EditableMesh (326)
[2018.10.28-18.57.36:195][ 41]LogModuleManager: Shutting down and abandoning module CustomMeshComponent (324)
[2018.10.28-18.57.36:195][ 41]LogModuleManager: Shutting down and abandoning module CableComponent (322)
[2018.10.28-18.57.36:195][ 41]LogModuleManager: Shutting down and abandoning module AudioCapture (320)
[2018.10.28-18.57.36:195][ 41]LogModuleManager: Shutting down and abandoning module ArchVisCharacter (318)
[2018.10.28-18.57.36:195][ 41]LogModuleManager: Shutting down and abandoning module AndroidPermission (316)
[2018.10.28-18.57.36:195][ 41]LogModuleManager: Shutting down and abandoning module NUTUnrealEngine4 (314)
[2018.10.28-18.57.36:195][ 41]LogModuleManager: Shutting down and abandoning module NetcodeUnitTest (312)
[2018.10.28-18.57.36:206][ 41]LogModuleManager: Shutting down and abandoning module MediaCompositing (310)
[2018.10.28-18.57.36:206][ 41]LogModuleManager: Shutting down and abandoning module LinearTimecode (308)
[2018.10.28-18.57.36:206][ 41]LogModuleManager: Shutting down and abandoning module ImgMedia (306)
[2018.10.28-18.57.36:220][ 41]LogModuleManager: Shutting down and abandoning module HTML5Networking (304)
[2018.10.28-18.57.36:220][ 41]LogModuleManager: Shutting down and abandoning module GeometryCacheTracks (302)
[2018.10.28-18.57.36:220][ 41]LogModuleManager: Shutting down and abandoning module GeometryCacheSequencer (301)
[2018.10.28-18.57.36:220][ 41]LogModuleManager: Shutting down and abandoning module GeometryCache (298)
[2018.10.28-18.57.36:220][ 41]LogModuleManager: Shutting down and abandoning module GeometryCacheEd (297)
[2018.10.28-18.57.36:220][ 41]LogModuleManager: Shutting down and abandoning module BackChannel (294)
[2018.10.28-18.57.36:227][ 41]LogModuleManager: Shutting down and abandoning module AppleVision (292)
[2018.10.28-18.57.36:227][ 41]LogModuleManager: Shutting down and abandoning module AppleImageUtils (290)
[2018.10.28-18.57.36:227][ 41]LogModuleManager: Shutting down and abandoning module DatasmithContent (288)
[2018.10.28-18.57.36:228][ 41]LogModuleManager: Shutting down and abandoning module CryptoKeysOpenSSL (286)
[2018.10.28-18.57.36:241][ 41]LogModuleManager: Shutting down and abandoning module CryptoKeys (284)
[2018.10.28-18.57.36:241][ 41]LogModuleManager: Shutting down and abandoning module VisualStudioSourceCodeAccess (282)
[2018.10.28-18.57.36:241][ 41]LogModuleManager: Shutting down and abandoning module HotReload (281)
[2018.10.28-18.57.36:241][ 41]LogModuleManager: Shutting down and abandoning module VisualStudioCodeSourceCodeAccess (278)
[2018.10.28-18.57.36:241][ 41]LogModuleManager: Shutting down and abandoning module UObjectPlugin (276)
[2018.10.28-18.57.36:241][ 41]LogModuleManager: Shutting down and abandoning module SubversionSourceControl (274)
[2018.10.28-18.57.36:296][ 41]LogModuleManager: Shutting down and abandoning module PerforceSourceControl (272)
[2018.10.28-18.57.36:320][ 41]LogModuleManager: Shutting down and abandoning module SourceControl (271)
[2018.10.28-18.57.36:328][ 41]LogModuleManager: Shutting down and abandoning module CLionSourceCodeAccess (268)
[2018.10.28-18.57.36:328][ 41]LogModuleManager: Shutting down and abandoning module SideyCPP (266)
[2018.10.28-18.57.36:328][ 41]LogModuleManager: Shutting down and abandoning module RuntimePhysXCooking (264)
[2018.10.28-18.57.36:328][ 41]LogModuleManager: Shutting down and abandoning module PhysXVehiclesEditor (262)
[2018.10.28-18.57.36:328][ 41]LogModuleManager: Shutting down and abandoning module PhysXVehicles (260)
[2018.10.28-18.57.36:328][ 41]LogModuleManager: Shutting down and abandoning module LocationServicesBPLibrary (258)
[2018.10.28-18.57.36:328][ 41]LogModuleManager: Shutting down and abandoning module ImmediatePhysicsEditor (256)
[2018.10.28-18.57.36:328][ 41]LogModuleManager: Shutting down and abandoning module ImmediatePhysics (254)
[2018.10.28-18.57.36:344][ 41]LogModuleManager: Shutting down and abandoning module ApexDestructionEditor (252)
[2018.10.28-18.57.36:356][ 41]LogModuleManager: Shutting down and abandoning module ContentBrowser (251)
[2018.10.28-18.57.36:357][ 41]LogModuleManager: Shutting down and abandoning module CollectionManager (250)
[2018.10.28-18.57.36:366][ 41]LogModuleManager: Shutting down and abandoning module DirectoryWatcher (249)
[2018.10.28-18.57.36:366][ 41]LogModuleManager: Shutting down and abandoning module ApexDestruction (244)
[2018.10.28-18.57.36:379][ 41]LogModuleManager: Shutting down and abandoning module ActorSequence (242)
[2018.10.28-18.57.36:379][ 41]LogModuleManager: Shutting down and abandoning module UdpMessaging (240)
[2018.10.28-18.57.36:479][ 41]LogModuleManager: Shutting down and abandoning module TcpMessaging (238)
[2018.10.28-18.57.36:591][ 41]LogModuleManager: Shutting down and abandoning module MagicLeapAudio (236)
[2018.10.28-18.57.36:591][ 41]LogModuleManager: Shutting down and abandoning module GameplayTagsEditor (234)
[2018.10.28-18.57.36:591][ 41]LogModuleManager: Shutting down and abandoning module FacialAnimation (232)
[2018.10.28-18.57.36:591][ 41]LogModuleManager: Shutting down and abandoning module DataValidation (230)
[2018.10.28-18.57.36:591][ 41]LogModuleManager: Shutting down and abandoning module AssetManagerEditor (228)
[2018.10.28-18.57.36:610][ 41]LogModuleManager: Shutting down and abandoning module TreeMap (227)
[2018.10.28-18.57.36:620][ 41]LogModuleManager: Shutting down and abandoning module LightPropagationVolumeRuntime (224)
[2018.10.28-18.57.36:620][ 41]LogModuleManager: Shutting down and abandoning module AISupportModule (222)
[2018.10.28-18.57.36:620][ 41]LogModuleManager: Shutting down and abandoning module Paper2D (220)
[2018.10.28-18.57.36:620][ 41]LogModuleManager: Shutting down and abandoning module PIEPreviewDeviceProfileSelector (218)
[2018.10.28-18.57.36:631][ 41]LogModuleManager: Shutting down and abandoning module WindowsMoviePlayer (216)
[2018.10.28-18.57.36:639][ 41]LogModuleManager: Shutting down and abandoning module WmfMedia (214)
[2018.10.28-18.57.36:652][ 41]LogModuleManager: Shutting down and abandoning module Media (213)
[2018.10.28-18.57.36:658][ 41]LogModuleManager: Shutting down and abandoning module PacketHandler (210)
[2018.10.28-18.57.36:658][ 41]LogModuleManager: Shutting down and abandoning module ClothingSystemEditor (208)
[2018.10.28-18.57.36:658][ 41]LogModuleManager: Shutting down and abandoning module ClothingSystemRuntime (206)
[2018.10.28-18.57.36:675][ 41]LogModuleManager: Shutting down and abandoning module MediaAssets (204)
[2018.10.28-18.57.36:675][ 41]LogModuleManager: Shutting down and abandoning module Overlay (202)
[2018.10.28-18.57.36:675][ 41]LogModuleManager: Shutting down and abandoning module OverlayEditor (201)
[2018.10.28-18.57.36:675][ 41]LogModuleManager: Shutting down and abandoning module VREditor (198)
[2018.10.28-18.57.36:676][ 41]LogModuleManager: Shutting down and abandoning module StringTableEditor (196)
[2018.10.28-18.57.36:676][ 41]LogModuleManager: Shutting down and abandoning module GameplayTasksEditor (194)
[2018.10.28-18.57.36:676][ 41]LogModuleManager: Shutting down and abandoning module BehaviorTreeEditor (192)
[2018.10.28-18.57.36:700][ 41]LogModuleManager: Shutting down and abandoning module FunctionalTesting (190)
[2018.10.28-18.57.36:700][ 41]LogModuleManager: Shutting down and abandoning module CollisionAnalyzer (188)
[2018.10.28-18.57.36:717][ 41]LogModuleManager: Shutting down and abandoning module WorkspaceMenuStructure (187)
[2018.10.28-18.57.36:717][ 41]LogModuleManager: Shutting down and abandoning module UMG (184)
[2018.10.28-18.57.36:717][ 41]LogModuleManager: Shutting down and abandoning module UMGEditor (183)
[2018.10.28-18.57.36:729][ 41]LogModuleManager: Shutting down and abandoning module Sequencer (182)
[2018.10.28-18.57.36:730][ 41]LogModuleManager: Shutting down and abandoning module MessageLog (179)
[2018.10.28-18.57.36:730][ 41]LogModuleManager: Shutting down and abandoning module SlateReflector (174)
[2018.10.28-18.57.36:751][ 41]LogModuleManager: Shutting down and abandoning module Slate (172)
[2018.10.28-18.57.36:751][ 41]LogModuleManager: Shutting down and abandoning module EditorStyle (170)
[2018.10.28-18.57.36:752][ 41]LogModuleManager: Shutting down and abandoning module MRMesh (168)
[2018.10.28-18.57.36:763][ 41]LogModuleManager: Shutting down and abandoning module Messaging (166)
[2018.10.28-18.57.36:763][ 41]LogModuleManager: Shutting down and abandoning module SourceCodeAccess (164)
[2018.10.28-18.57.36:763][ 41]LogModuleManager: Shutting down and abandoning module HeadMountedDisplay (162)
[2018.10.28-18.57.36:763][ 41]LogModuleManager: Shutting down and abandoning module XAudio2 (160)
[2018.10.28-18.57.36:763][ 41]LogModuleManager: Shutting down and abandoning module Networking (158)
[2018.10.28-18.57.36:763][ 41]LogModuleManager: Shutting down and abandoning module Core (156)
[2018.10.28-18.57.36:763][ 41]LogModuleManager: Shutting down and abandoning module LevelSequence (154)
[2018.10.28-18.57.36:763][ 41]LogModuleManager: Shutting down and abandoning module KismetCompiler (152)
[2018.10.28-18.57.36:763][ 41]LogModuleManager: Shutting down and abandoning module MeshUtilities (150)
[2018.10.28-18.57.36:787][ 41]LogModuleManager: Shutting down and abandoning module MeshMergeUtilities (149)
[2018.10.28-18.57.36:799][ 41]LogModuleManager: Shutting down and abandoning module MeshReductionInterface (148)
[2018.10.28-18.57.36:800][ 41]LogModuleManager: Shutting down and abandoning module SimplygonSwarm (147)
[2018.10.28-18.57.36:813][ 41]LogModuleManager: Shutting down and abandoning module ProxyLODMeshReduction (145)
[2018.10.28-18.57.36:824][ 41]LogModuleManager: Shutting down and abandoning module SimplygonMeshReduction (143)
[2018.10.28-18.57.36:824][ 41]LogModuleManager: Shutting down and abandoning module QuadricMeshReduction (141)
[2018.10.28-18.57.36:834][ 41]LogModuleManager: Shutting down and abandoning module MaterialBaking (137)
[2018.10.28-18.57.36:848][ 41]LogModuleManager: Shutting down and abandoning module DerivedDataCache (132)
[2018.10.28-18.57.36:963][ 41]LogDerivedDataCache: Shutdown
[2018.10.28-18.57.36:964][ 41]LogModuleManager: Shutting down and abandoning module XGEController (130)
[2018.10.28-18.57.36:979][ 41]LogModuleManager: Shutting down and abandoning module TargetPlatform (128)
[2018.10.28-18.57.36:979][ 41]LogModuleManager: Shutting down and abandoning module VulkanShaderFormat (127)
[2018.10.28-18.57.36:993][ 41]LogModuleManager: Shutting down and abandoning module ShaderFormatVectorVM (125)
[2018.10.28-18.57.37:002][ 41]LogModuleManager: Shutting down and abandoning module ShaderFormatOpenGL (123)
[2018.10.28-18.57.37:009][ 41]LogModuleManager: Shutting down and abandoning module ShaderFormatD3D (121)
[2018.10.28-18.57.37:009][ 41]LogModuleManager: Shutting down and abandoning module MetalShaderFormat (119)
[2018.10.28-18.57.37:026][ 41]LogModuleManager: Shutting down and abandoning module TextureFormatUncompressed (117)
[2018.10.28-18.57.37:026][ 41]LogModuleManager: Shutting down and abandoning module TextureFormatPVR (115)
[2018.10.28-18.57.37:027][ 41]LogModuleManager: Shutting down and abandoning module TextureFormatDXT (113)
[2018.10.28-18.57.37:027][ 41]LogModuleManager: Shutting down and abandoning module TextureFormatIntelISPCTexComp (111)
[2018.10.28-18.57.37:040][ 41]LogModuleManager: Shutting down and abandoning module TextureFormatASTC (109)
[2018.10.28-18.57.37:041][ 41]LogModuleManager: Shutting down and abandoning module ImageWrapper (108)
[2018.10.28-18.57.37:041][ 41]LogModuleManager: Shutting down and abandoning module TextureFormatAndroid (105)
[2018.10.28-18.57.37:041][ 41]LogModuleManager: Shutting down and abandoning module AudioFormatOpus (103)
[2018.10.28-18.57.37:041][ 41]LogModuleManager: Shutting down and abandoning module AudioFormatOgg (101)
[2018.10.28-18.57.37:041][ 41]LogModuleManager: Shutting down and abandoning module AudioFormatADPCM (99)
[2018.10.28-18.57.37:041][ 41]LogModuleManager: Shutting down and abandoning module WindowsTargetPlatform (97)
[2018.10.28-18.57.37:041][ 41]LogModuleManager: Shutting down and abandoning module WindowsServerTargetPlatform (95)
[2018.10.28-18.57.37:041][ 41]LogModuleManager: Shutting down and abandoning module WindowsNoEditorTargetPlatform (93)
[2018.10.28-18.57.37:041][ 41]LogModuleManager: Shutting down and abandoning module WindowsClientTargetPlatform (91)
[2018.10.28-18.57.37:041][ 41]LogModuleManager: Shutting down and abandoning module InputCore (88)
[2018.10.28-18.57.37:041][ 41]LogModuleManager: Shutting down and abandoning module Settings (86)
[2018.10.28-18.57.37:041][ 41]LogModuleManager: Shutting down and abandoning module PhysXCooking (84)
[2018.10.28-18.57.37:041][ 41]LogModuleManager: Shutting down and abandoning module SteamVR (82)
[2018.10.28-18.57.37:041][ 41]LogModuleManager: Shutting down and abandoning module OculusHMD (80)
[2018.10.28-18.57.37:051][ 41]LogModuleManager: Shutting down and abandoning module ExampleDeviceProfileSelector (78)
[2018.10.28-18.57.37:051][ 41]LogModuleManager: Shutting down and abandoning module LauncherChunkInstaller (76)
[2018.10.28-18.57.37:051][ 41]LogModuleManager: Shutting down and abandoning module OnlineBlueprintSupport (74)
[2018.10.28-18.57.37:051][ 41]LogModuleManager: Shutting down and abandoning module OnlineSubsystem (70)
[2018.10.28-18.57.37:056][ 41]LogModuleManager: Shutting down and abandoning module XMPP (65)
[2018.10.28-18.57.37:079][ 41]LogModuleManager: Shutting down and abandoning module WebSockets (64)
[2018.10.28-18.57.37:128][ 41]LogModuleManager: Shutting down and abandoning module HTTP (61)
[2018.10.28-18.57.37:155][ 41]LogModuleManager: Shutting down and abandoning module SSL (60)
[2018.10.28-18.57.37:165][ 41]LogModuleManager: Shutting down and abandoning module MagicLeapEmulator (56)
[2018.10.28-18.57.37:165][ 41]LogModuleManager: Shutting down and abandoning module MagicLeapPrivileges (54)
[2018.10.28-18.57.37:165][ 41]LogModuleManager: Shutting down and abandoning module MagicLeapIdentity (52)
[2018.10.28-18.57.37:165][ 41]LogModuleManager: Shutting down and abandoning module MagicLeapHelperVulkan (50)
[2018.10.28-18.57.37:165][ 41]LogModuleManager: Shutting down and abandoning module MagicLeapHelperOpenGL (48)
[2018.10.28-18.57.37:165][ 41]LogModuleManager: Shutting down and abandoning module MagicLeapSecureStorage (46)
[2018.10.28-18.57.37:165][ 41]LogModuleManager: Shutting down and abandoning module MagicLeapGestures (44)
[2018.10.28-18.57.37:165][ 41]LogModuleManager: Shutting down and abandoning module MagicLeapEyeTracker (42)
[2018.10.28-18.57.37:165][ 41]LogModuleManager: Shutting down and abandoning module MagicLeapController (40)
[2018.10.28-18.57.37:165][ 41]LogSlate: Slate User Destroyed.  User Index 0, Is Virtual User: 0
[2018.10.28-18.57.37:165][ 41]LogModuleManager: Shutting down and abandoning module MagicLeap (38)
[2018.10.28-18.57.37:165][ 41]LogModuleManager: Shutting down and abandoning module AnimationModifiers (36)
[2018.10.28-18.57.37:195][ 41]LogModuleManager: Shutting down and abandoning module PropertyEditor (35)
[2018.10.28-18.57.37:195][ 41]LogModuleManager: Shutting down and abandoning module AudioEditor (32)
[2018.10.28-18.57.37:213][ 41]LogModuleManager: Shutting down and abandoning module TextureCompressor (30)
[2018.10.28-18.57.37:213][ 41]LogModuleManager: Shutting down and abandoning module ShaderCore (28)
[2018.10.28-18.57.37:213][ 41]LogModuleManager: Shutting down and abandoning module Landscape (26)
[2018.10.28-18.57.37:213][ 41]LogModuleManager: Shutting down and abandoning module SlateRHIRenderer (24)
[2018.10.28-18.57.37:226][ 41]LogModuleManager: Shutting down and abandoning module OpenGLDrv (22)
[2018.10.28-18.57.37:230][ 41]LogModuleManager: Shutting down and abandoning module D3D11RHI (20)
[2018.10.28-18.57.37:230][ 41]LogModuleManager: Shutting down and abandoning module AnimGraphRuntime (18)
[2018.10.28-18.57.37:235][ 41]LogModuleManager: Shutting down and abandoning module Renderer (16)
[2018.10.28-18.57.37:235][ 41]LogModuleManager: Shutting down and abandoning module Engine (14)
[2018.10.28-18.57.37:235][ 41]LogModuleManager: Shutting down and abandoning module CoreUObject (12)
[2018.10.28-18.57.37:236][ 41]LogModuleManager: Shutting down and abandoning module NetworkFile (10)
[2018.10.28-18.57.37:249][ 41]LogModuleManager: Shutting down and abandoning module CookedIterativeFile (8)
[2018.10.28-18.57.37:249][ 41]LogModuleManager: Shutting down and abandoning module StreamingFile (6)
[2018.10.28-18.57.37:259][ 41]LogModuleManager: Shutting down and abandoning module SandboxFile (4)
[2018.10.28-18.57.37:259][ 41]LogModuleManager: Shutting down and abandoning module PakFile (2)
[2018.10.28-18.57.37:276][ 41]LogExit: Exiting.
[2018.10.28-18.57.37:279][ 41]Log file closed, 10/28/18 18:57:37
