Log file open, 10/25/18 10:23:57
LogWindows: Failed to load 'aqProf.dll' (GetLastError=126)
LogWindows: File 'aqProf.dll' does not exist
LogWindows: Failed to load 'VSPerf140.dll' (GetLastError=126)
LogWindows: File 'VSPerf140.dll' does not exist
LogWindows: Failed to load 'VtuneApi.dll' (GetLastError=126)
LogWindows: File 'VtuneApi.dll' does not exist
LogWindows: Failed to load 'VtuneApi32e.dll' (GetLastError=126)
LogWindows: File 'VtuneApi32e.dll' does not exist
LogInit: Display: Running engine for game: SideyCPP
LogPlatformFile: Not using cached read wrapper
LogTaskGraph: Started task graph with 5 named threads and 23 total threads with 3 sets of task threads.
LogStats: Stats thread started at 0.383510
LogD3D11RHI: Loaded GFSDK_Aftermath_Lib.x64.dll
LogICUInternationalization: Display: ICU TimeZone Detection - Raw Offset: +0:00, Platform Override: ''
LogPluginManager: Mounting plugin Paper2D
LogPluginManager: Mounting plugin AISupport
LogPluginManager: Mounting plugin LightPropagationVolume
LogPluginManager: Mounting plugin CLionSourceCodeAccess
LogPluginManager: Mounting plugin CodeLiteSourceCodeAccess
LogPluginManager: Mounting plugin GitSourceControl
LogPluginManager: Mounting plugin KDevelopSourceCodeAccess
LogPluginManager: Mounting plugin NullSourceCodeAccess
LogPluginManager: Mounting plugin PerforceSourceControl
LogPluginManager: Mounting plugin SubversionSourceControl
LogPluginManager: Mounting plugin UObjectPlugin
LogPluginManager: Mounting plugin VisualStudioCodeSourceCodeAccess
LogPluginManager: Mounting plugin VisualStudioSourceCodeAccess
LogPluginManager: Mounting plugin XCodeSourceCodeAccess
LogPluginManager: Mounting plugin AssetManagerEditor
LogPluginManager: Mounting plugin CryptoKeys
LogPluginManager: Mounting plugin DataValidation
LogPluginManager: Mounting plugin FacialAnimation
LogPluginManager: Mounting plugin GameplayTagsEditor
LogPluginManager: Mounting plugin MacGraphicsSwitching
LogPluginManager: Mounting plugin MeshEditor
LogPluginManager: Mounting plugin MobileLauncherProfileWizard
LogPluginManager: Mounting plugin PluginBrowser
LogPluginManager: Mounting plugin SpeedTreeImporter
LogPluginManager: Mounting plugin DatasmithContent
LogPluginManager: Mounting plugin AlembicImporter
LogPluginManager: Mounting plugin AppleImageUtils
LogPluginManager: Mounting plugin AppleVision
LogPluginManager: Mounting plugin BackChannel
LogPluginManager: Mounting plugin CharacterAI
LogPluginManager: Mounting plugin GeometryCache
LogPluginManager: Mounting plugin HTML5Networking
LogPluginManager: Mounting plugin ProxyLODPlugin
LogPluginManager: Mounting plugin MagicLeap
LogPluginManager: Mounting plugin MagicLeapEmulator
LogPluginManager: Mounting plugin MagicLeapMedia
LogPluginManager: Mounting plugin AndroidMedia
LogPluginManager: Mounting plugin AvfMedia
LogPluginManager: Mounting plugin ImgMedia
LogPluginManager: Mounting plugin LinearTimecode
LogPluginManager: Mounting plugin MediaCompositing
LogPluginManager: Mounting plugin MediaPlayerEditor
LogPluginManager: Mounting plugin WmfMedia
LogPluginManager: Mounting plugin TcpMessaging
LogPluginManager: Mounting plugin UdpMessaging
LogPluginManager: Mounting plugin ActorSequence
LogPluginManager: Mounting plugin LevelSequenceEditor
LogPluginManager: Mounting plugin MatineeToLevelSequence
LogPluginManager: Mounting plugin NetcodeUnitTest
LogPluginManager: Mounting plugin NUTUnrealEngine4
LogPluginManager: Mounting plugin OnlineSubsystemGooglePlay
LogPluginManager: Mounting plugin OnlineSubsystemIOS
LogPluginManager: Mounting plugin OnlineSubsystem
LogPluginManager: Mounting plugin OnlineSubsystemNull
LogPluginManager: Mounting plugin OnlineSubsystemUtils
LogPluginManager: Mounting plugin LauncherChunkInstaller
LogPluginManager: Mounting plugin AndroidDeviceProfileSelector
LogPluginManager: Mounting plugin AndroidMoviePlayer
LogPluginManager: Mounting plugin AndroidPermission
LogPluginManager: Mounting plugin AppleMoviePlayer
LogPluginManager: Mounting plugin ArchVisCharacter
LogPluginManager: Mounting plugin AudioCapture
LogPluginManager: Mounting plugin CableComponent
LogPluginManager: Mounting plugin CustomMeshComponent
LogPluginManager: Mounting plugin EditableMesh
LogPluginManager: Mounting plugin ExampleDeviceProfileSelector
LogPluginManager: Mounting plugin GoogleCloudMessaging
LogPluginManager: Mounting plugin ImmediatePhysics
LogPluginManager: Mounting plugin IOSDeviceProfileSelector
LogPluginManager: Mounting plugin LinuxDeviceProfileSelector
LogPluginManager: Mounting plugin LocationServicesBPLibrary
LogPluginManager: Mounting plugin MobilePatchingUtils
LogPluginManager: Mounting plugin OculusVR
LogPluginManager: Plugin shader directory ../../../Engine/Plugins/Runtime/Oculus/OculusVR/Shaders found
LogPluginManager: Mapping shader source directory ../../../Engine/Plugins/Runtime/Oculus/OculusVR/Shaders to virtual directory /Plugin/OculusVR
LogPluginManager: Mounting plugin PhysXVehicles
LogPluginManager: Mounting plugin ProceduralMeshComponent
LogPluginManager: Mounting plugin RuntimePhysXCooking
LogPluginManager: Mounting plugin SteamVR
LogPluginManager: Mounting plugin WindowsMoviePlayer
LogStreaming: Display: Took  0.199s to configure plugins.
LogInit: Using libcurl 7.55.1-DEV
LogInit:  - built for x86_64-pc-win32
LogInit:  - supports SSL with OpenSSL/1.0.2h
LogInit:  - supports HTTP deflate (compression) using libz 1.2.8
LogInit:  - other features:
LogInit:      CURL_VERSION_SSL
LogInit:      CURL_VERSION_LIBZ
LogInit:      CURL_VERSION_IPV6
LogInit:      CURL_VERSION_ASYNCHDNS
LogInit:      CURL_VERSION_LARGEFILE
LogInit:      CURL_VERSION_IDN
LogInit:  CurlRequestOptions (configurable via config and command line):
LogInit:  - bVerifyPeer = false  - Libcurl will NOT verify peer certificate
LogInit:  - bUseHttpProxy = false  - Libcurl will NOT use HTTP proxy
LogInit:  - bDontReuseConnections = false  - Libcurl will reuse connections
LogInit:  - CertBundlePath = nullptr  - Libcurl will use whatever was configured at build time.
LogInit:  - MaxHostConnections = 16  - Libcurl will limit the number of connections to a host
LogInit:  - LocalHostAddr = Default
LogInit:  - BufferSize = 65536
LogInit: WinSock: version 1.1 (2.2), MaxSocks=32767, MaxUdp=65467
LogInit: Build: ++UE4+Release-4.20-CL-4369336
LogInit: Engine Version: 4.20.3-4369336+++UE4+Release-4.20
LogInit: Compatible Engine Version: 4.20.0-4212847+++UE4+Release-4.20
LogInit: Net CL: 4212847
LogInit: OS: Windows 10 (), CPU: Intel(R) Xeon(R) W-2123 CPU @ 3.60GHz, GPU: NVIDIA GeForce GTX 1070
LogInit: Compiled (64-bit): Sep 17 2018 12:26:19
LogInit: Compiled with Visual C++: 19.13.26129.00
LogInit: Build Configuration: Development
LogInit: Branch Name: ++UE4+Release-4.20
LogInit: Command Line:  -skipcompile
LogInit: Base Directory: C:/Epic/UE4/UE_4.20/Engine/Binaries/Win64/
LogInit: Installed Engine Build: 1
LogDevObjectVersion: Number of dev versions registered: 20
LogDevObjectVersion:   Dev-Blueprints (B0D832E4-1F89-4F0D-ACCF-7EB736FD4AA2): 10
LogDevObjectVersion:   Dev-Build (E1C64328-A22C-4D53-A36C-8E866417BD8C): 0
LogDevObjectVersion:   Dev-Core (375EC13C-06E4-48FB-B500-84F0262A717E): 2
LogDevObjectVersion:   Dev-Editor (E4B068ED-F494-42E9-A231-DA0B2E46BB41): 24
LogDevObjectVersion:   Dev-Framework (CFFC743F-43B0-4480-9391-14DF171D2073): 34
LogDevObjectVersion:   Dev-Mobile (B02B49B5-BB20-44E9-A304-32B752E40360): 2
LogDevObjectVersion:   Dev-Networking (A4E4105C-59A1-49B5-A7C5-40C4547EDFEE): 0
LogDevObjectVersion:   Dev-Online (39C831C9-5AE6-47DC-9A44-9C173E1C8E7C): 0
LogDevObjectVersion:   Dev-Physics (78F01B33-EBEA-4F98-B9B4-84EACCB95AA2): 0
LogDevObjectVersion:   Dev-Platform (6631380F-2D4D-43E0-8009-CF276956A95A): 0
LogDevObjectVersion:   Dev-Rendering (12F88B9F-8875-4AFC-A67C-D90C383ABD29): 26
LogDevObjectVersion:   Dev-Sequencer (7B5AE74C-D270-4C10-A958-57980B212A5A): 9
LogDevObjectVersion:   Dev-VR (D7296918-1DD6-4BDD-9DE2-64A83CC13884): 2
LogDevObjectVersion:   Dev-LoadTimes (C2A15278-BFE7-4AFE-6C17-90FF531DF755): 1
LogDevObjectVersion:   Private-Geometry (6EACA3D4-40EC-4CC1-B786-8BED09428FC5): 3
LogDevObjectVersion:   Dev-AnimPhys (29E575DD-E0A3-4627-9D10-D276232CDCEA): 17
LogDevObjectVersion:   Dev-ReflectionCapture (6B266CEC-1EC7-4B8F-A30B-E4D90942FC07): 1
LogDevObjectVersion:   Dev-Automation (0DF73D61-A23F-47EA-B727-89E90C41499A): 1
LogDevObjectVersion:   FortniteMain (601D1886-AC64-4F84-AA16-D3DE0DEAC7D6): 12
LogDevObjectVersion:   Dev-Enterprise (9DFFBCD6-494F-0158-E221-12823C92A888): 1
LogStreaming: Display: Took  0.004s to delete old logs.
LogInit: Presizing for max 8388607 objects, including 0 objects not considered by GC, pre-allocating 0 bytes for permanent pool.
LogInit: Object subsystem initialized
[2018.10.25-09.23.57:519][  0]LogInit: Selected Device Profile: [Windows]
[2018.10.25-09.23.57:519][  0]LogInit: Applying CVar settings loaded from the selected device profile: [Windows]
[2018.10.25-09.23.57:539][  0]LogHAL: Display: Platform has ~ 32 GB [34065870848 / 34359738368 / 32], which maps to Largest [LargestMinGB=32, LargerMinGB=12, DefaultMinGB=8, SmallerMinGB=6, SmallestMinGB=0)
[2018.10.25-09.23.57:539][  0]LogInit: Setting Device Profile CVar: [[r.Vulkan.UseRealUBs:1]]
[2018.10.25-09.23.57:539][  0]LogInit: Going up to parent DeviceProfile []
[2018.10.25-09.23.57:539][  0]LogInit: Computer: C117B-04
[2018.10.25-09.23.57:539][  0]LogInit: User: w017177h
[2018.10.25-09.23.57:539][  0]LogInit: CPU Page size=4096, Cores=4
[2018.10.25-09.23.57:539][  0]LogInit: High frequency timer resolution =3.515623 MHz
[2018.10.25-09.23.57:540][  0]LogMemory: Memory total: Physical=31.7GB (32GB approx)
[2018.10.25-09.23.57:540][  0]LogMemory: Platform Memory Stats for Windows
[2018.10.25-09.23.57:540][  0]LogMemory: Process Physical Memory: 101.37 MB used, 101.37 MB peak
[2018.10.25-09.23.57:540][  0]LogMemory: Process Virtual Memory: 89.34 MB used, 89.34 MB peak
[2018.10.25-09.23.57:540][  0]LogMemory: Physical Memory: 8713.60 MB used,  23774.14 MB free, 32487.75 MB total
[2018.10.25-09.23.57:540][  0]LogMemory: Virtual Memory: 4638.52 MB used,  23774.14 MB free, 134217728.00 MB total
[2018.10.25-09.23.57:667][  0]LogInit: Using OS detected language (en-US).
[2018.10.25-09.23.57:667][  0]LogInit: Using OS detected locale (en-GB).
[2018.10.25-09.23.57:668][  0]LogTextLocalizationManager: No specific localization for 'en-US' exists, so the 'en' localization will be used.
[2018.10.25-09.23.58:095][  0]LogStreaming: Display: Took  0.427s to InitEngineTextLocalization.
[2018.10.25-09.23.58:095][  0]LogInit: Setting process to per monitor DPI aware
[2018.10.25-09.23.58:149][  0]LogSlate: New Slate User Created.  User Index 0, Is Virtual User: 0
[2018.10.25-09.23.58:149][  0]LogSlate: Slate User Registered.  User Index 0, Is Virtual User: 0
[2018.10.25-09.23.58:391][  0]LogHMD: Failed to initialize OpenVR with code 110
[2018.10.25-09.23.58:391][  0]LogD3D11RHI: D3D11 adapters:
[2018.10.25-09.23.58:489][  0]LogD3D11RHI:    0. 'NVIDIA GeForce GTX 1070' (Feature Level 11_0)
[2018.10.25-09.23.58:489][  0]LogD3D11RHI:       8088/0/16243 MB DedicatedVideo/DedicatedSystem/SharedSystem, Outputs:2, VendorId:0x10de
[2018.10.25-09.23.58:496][  0]LogD3D11RHI:    1. 'Microsoft Basic Render Driver' (Feature Level 11_0)
[2018.10.25-09.23.58:497][  0]LogD3D11RHI:       0/0/16243 MB DedicatedVideo/DedicatedSystem/SharedSystem, Outputs:0, VendorId:0x1414
[2018.10.25-09.23.58:497][  0]LogD3D11RHI: Chosen D3D11 Adapter: 0
[2018.10.25-09.23.58:504][  0]LogD3D11RHI: Creating new Direct3DDevice
[2018.10.25-09.23.58:504][  0]LogD3D11RHI:     GPU DeviceId: 0x1b81 (for the marketing name, search the web for "GPU Device Id")
[2018.10.25-09.23.58:504][  0]LogWindows: EnumDisplayDevices:
[2018.10.25-09.23.58:504][  0]LogWindows:    0. 'NVIDIA GeForce GTX 1070' (P:1 D:1)
[2018.10.25-09.23.58:504][  0]LogWindows:    1. 'NVIDIA GeForce GTX 1070' (P:0 D:1)
[2018.10.25-09.23.58:505][  0]LogWindows:    2. 'NVIDIA GeForce GTX 1070' (P:0 D:0)
[2018.10.25-09.23.58:505][  0]LogWindows:    3. 'NVIDIA GeForce GTX 1070' (P:0 D:0)
[2018.10.25-09.23.58:505][  0]LogWindows: DebugString: FoundDriverCount:4 
[2018.10.25-09.23.58:505][  0]LogD3D11RHI:     Adapter Name: NVIDIA GeForce GTX 1070
[2018.10.25-09.23.58:506][  0]LogD3D11RHI:   Driver Version: 399.24 (internal:24.21.13.9924, unified:399.24)
[2018.10.25-09.23.58:506][  0]LogD3D11RHI:      Driver Date: 9-5-2018
[2018.10.25-09.23.58:506][  0]LogRHI: Texture pool is 5661 MB (70% of 8088 MB)
[2018.10.25-09.23.58:550][  0]LogD3D11RHI: Async texture creation enabled
[2018.10.25-09.23.58:567][  0]LogD3D11RHI: GPU Timing Frequency: 1000.000000 (Debug: 2 2)
[2018.10.25-09.23.58:570][  0]LogShaderCompilers: Guid format shader working directory is -12 characters bigger than the processId version (../../../../../../Users/w017177h/Documents/SpideyCPP/SideyCPP/Intermediate/Shaders/WorkingDirectory/9332/).
[2018.10.25-09.23.58:571][  0]LogShaderCompilers: Cleaned the shader compiler working directory 'C:/Users/w017177h/AppData/Local/Temp/UnrealShaderWorkingDir/391652AC4521FACEAEA8D5AF7882DDA8/'.
[2018.10.25-09.23.58:868][  0]LogTemp: Display: Loaded TP AllDesktopTargetPlatform
[2018.10.25-09.23.58:885][  0]LogTemp: Display: Loaded TP MacClientTargetPlatform
[2018.10.25-09.23.58:903][  0]LogTemp: Display: Loaded TP MacNoEditorTargetPlatform
[2018.10.25-09.23.58:919][  0]LogTemp: Display: Loaded TP MacServerTargetPlatform
[2018.10.25-09.23.58:935][  0]LogTemp: Display: Loaded TP MacTargetPlatform
[2018.10.25-09.23.58:953][  0]LogTemp: Display: Loaded TP WindowsClientTargetPlatform
[2018.10.25-09.23.58:968][  0]LogTemp: Display: Loaded TP WindowsNoEditorTargetPlatform
[2018.10.25-09.23.58:986][  0]LogTemp: Display: Loaded TP WindowsServerTargetPlatform
[2018.10.25-09.23.58:996][  0]LogTemp: Display: Loaded TP WindowsTargetPlatform
[2018.10.25-09.23.59:073][  0]LogTemp: Display: Loaded TP AndroidTargetPlatform
[2018.10.25-09.23.59:073][  0]LogTemp: Display: Loaded TP AndroidTargetPlatform
[2018.10.25-09.23.59:073][  0]LogTemp: Display: Loaded TP AndroidTargetPlatform
[2018.10.25-09.23.59:073][  0]LogTemp: Display: Loaded TP AndroidTargetPlatform
[2018.10.25-09.23.59:073][  0]LogTemp: Display: Loaded TP AndroidTargetPlatform
[2018.10.25-09.23.59:073][  0]LogTemp: Display: Loaded TP AndroidTargetPlatform
[2018.10.25-09.23.59:073][  0]LogTemp: Display: Loaded TP AndroidTargetPlatform
[2018.10.25-09.23.59:073][  0]LogTemp: Display: Loaded TP AndroidTargetPlatform
[2018.10.25-09.23.59:073][  0]LogTemp: Display: Loaded TP AndroidTargetPlatform
[2018.10.25-09.23.59:074][  0]LogTemp: Display: Loaded TP AndroidTargetPlatform
[2018.10.25-09.23.59:074][  0]LogTemp: Display: Loaded TP AndroidTargetPlatform
[2018.10.25-09.23.59:074][  0]LogTemp: Display: Loaded TP AndroidTargetPlatform
[2018.10.25-09.23.59:074][  0]LogTemp: Display: Loaded TP AndroidTargetPlatform
[2018.10.25-09.23.59:074][  0]LogTemp: Display: Loaded TP AndroidTargetPlatform
[2018.10.25-09.23.59:074][  0]LogTemp: Display: Loaded TP AndroidTargetPlatform
[2018.10.25-09.23.59:074][  0]LogTemp: Display: Loaded TP AndroidTargetPlatform
[2018.10.25-09.23.59:074][  0]LogTemp: Display: Loaded TP AndroidTargetPlatform
[2018.10.25-09.23.59:074][  0]LogTemp: Display: Loaded TP AndroidTargetPlatform
[2018.10.25-09.23.59:081][  0]LogTemp: Display: Loaded TP HTML5TargetPlatform
[2018.10.25-09.23.59:165][  0]LogTemp: Display: Loaded TP IOSTargetPlatform
[2018.10.25-09.23.59:166][  0]LogTemp: Display: Loaded TP IOSTargetPlatform
[2018.10.25-09.23.59:199][  0]LogTemp: Display: Loaded TP TVOSTargetPlatform
[2018.10.25-09.23.59:199][  0]LogTemp: Display: Loaded TP TVOSTargetPlatform
[2018.10.25-09.23.59:234][  0]LogTemp: Display: Loaded TP LinuxClientTargetPlatform
[2018.10.25-09.23.59:248][  0]LogTemp: Display: Loaded TP LinuxNoEditorTargetPlatform
[2018.10.25-09.23.59:279][  0]LogTemp: Display: Loaded TP LinuxServerTargetPlatform
[2018.10.25-09.23.59:300][  0]LogTemp: Display: Loaded TP LinuxTargetPlatform
[2018.10.25-09.23.59:312][  0]LogTemp: Display: Loaded TP LuminTargetPlatform
[2018.10.25-09.23.59:312][  0]LogTargetPlatformManager: Display: Building Assets For Windows
[2018.10.25-09.23.59:438][  0]LogXGEController: Cleaning working directory: C:/Users/w017177h/AppData/Local/Temp/UnrealXGEWorkingDir/
[2018.10.25-09.23.59:439][  0]LogXGEController: Cannot use XGE Controller as Incredibuild is not installed on this machine.
[2018.10.25-09.23.59:439][  0]LogShaderCompilers: Cannot use XGE Shader Compiler as Incredibuild is not installed on this machine.
[2018.10.25-09.23.59:439][  0]LogShaderCompilers: Display: Using Local Shader Compiler.
[2018.10.25-09.24.00:246][  0]LogDerivedDataCache: Display: Max Cache Size: 512 MB
[2018.10.25-09.24.00:330][  0]LogDerivedDataCache: Loaded boot cache 0.08s 71MB C:/Users/w017177h/AppData/Local/UnrealEngine/4.20/DerivedDataCache/Boot.ddc.
[2018.10.25-09.24.00:331][  0]LogDerivedDataCache: Display: Loaded Boot cache: C:/Users/w017177h/AppData/Local/UnrealEngine/4.20/DerivedDataCache/Boot.ddc
[2018.10.25-09.24.00:331][  0]LogDerivedDataCache: FDerivedDataBackendGraph:  Pak pak cache file ../../../../../../Users/w017177h/Documents/SpideyCPP/SideyCPP/DerivedDataCache/DDC.ddp not found, will not use a pak cache.
[2018.10.25-09.24.00:331][  0]LogDerivedDataCache: Unable to find inner node Pak for hierarchical cache Hierarchy.
[2018.10.25-09.24.00:331][  0]LogDerivedDataCache: FDerivedDataBackendGraph:  CompressedPak pak cache file ../../../../../../Users/w017177h/Documents/SpideyCPP/SideyCPP/DerivedDataCache/Compressed.ddp not found, will not use a pak cache.
[2018.10.25-09.24.00:332][  0]LogDerivedDataCache: Unable to find inner node CompressedPak for hierarchical cache Hierarchy.
[2018.10.25-09.24.00:348][  0]LogDerivedDataCache: Display: Pak cache opened for reading ../../../Engine/DerivedDataCache/Compressed.ddp.
[2018.10.25-09.24.00:361][  0]LogDerivedDataCache: Using Local data cache path C:/Users/w017177h/AppData/Local/UnrealEngine/Common/DerivedDataCache: Writable
[2018.10.25-09.24.00:361][  0]LogDerivedDataCache: Shared data cache path not found in *engine.ini, will not use an Shared cache.
[2018.10.25-09.24.00:361][  0]LogDerivedDataCache: Unable to find inner node Shared for hierarchical cache Hierarchy.
[2018.10.25-09.24.00:381][  0]LogMaterial: Verifying Global Shaders for PCD3D_SM5
[2018.10.25-09.24.00:383][  0]LogSlate: Using FreeType 2.6.0
[2018.10.25-09.24.00:384][  0]LogSlate: SlateFontServices - WITH_FREETYPE: 1, WITH_HARFBUZZ: 1
[2018.10.25-09.24.00:470][  0]LogAssetRegistry: FAssetRegistry took 0.0304 seconds to start up
[2018.10.25-09.24.00:833][  0]LogInit: Selected Device Profile: [Windows]
[2018.10.25-09.24.01:011][  0]LogSimplygon: Simplygon DLL not present - disabling.
[2018.10.25-09.24.01:020][  0]LogMeshReduction: Using SimplygonSwarm for distributed automatic mesh merging
[2018.10.25-09.24.01:020][  0]LogMeshReduction: Using ProxyLODMeshReduction for automatic mesh merging
[2018.10.25-09.24.01:020][  0]LogMeshReduction: Using QuadricMeshReduction for automatic static mesh reduction
[2018.10.25-09.24.01:020][  0]LogMeshReduction: No automatic skeletal mesh reduction module available
[2018.10.25-09.24.01:040][  0]LogNetVersion: SideyCPP 1.0.0, NetCL: 4212847, EngineNetVer: 5, GameNetVer: 0 (Checksum: 583984258)
[2018.10.25-09.24.01:633][  0]LogPackageLocalizationCache: Processed 11 localized package path(s) for 2 prioritized culture(s) in 0.147887 seconds
[2018.10.25-09.24.01:644][  0]LogUObjectArray: 38425 objects as part of root set at end of initial load.
[2018.10.25-09.24.01:644][  0]LogUObjectAllocator: 6690872 out of 0 bytes used by permanent object pool.
[2018.10.25-09.24.01:644][  0]LogUObjectArray: CloseDisregardForGC: 0/0 objects in disregard for GC pool
[2018.10.25-09.24.02:649][  0]LogTcpMessaging: Initializing TcpMessaging bridge
[2018.10.25-09.24.02:669][  0]LogUdpMessaging: Initializing bridge on interface 0.0.0.0:0 to multicast group 230.0.0.1:6666.
[2018.10.25-09.24.02:886][  0]SourceControl: Source control is disabled
[2018.10.25-09.24.02:886][  0]SourceControl: Source control is disabled
[2018.10.25-09.24.02:890][  0]SourceControl: Source control is disabled
[2018.10.25-09.24.02:893][  0]SourceControl: Source control is disabled
[2018.10.25-09.24.03:189][  0]LogAndroidPermission: UAndroidPermissionCallbackProxy::GetInstance
[2018.10.25-09.24.03:284][  0]LogOcInput: OculusInput pre-init called
[2018.10.25-09.24.03:387][  0]LogEngine: Initializing Engine...
[2018.10.25-09.24.03:388][  0]LogHMD: Failed to initialize OpenVR with code 110
[2018.10.25-09.24.03:389][  0]LogStats: UGameplayTagsManager::ConstructGameplayTagTree: ImportINI prefixes -  0.000 s
[2018.10.25-09.24.03:389][  0]LogStats: UGameplayTagsManager::ConstructGameplayTagTree: Construct from data asset -  0.000 s
[2018.10.25-09.24.03:389][  0]LogStats: UGameplayTagsManager::ConstructGameplayTagTree: ImportINI -  0.000 s
[2018.10.25-09.24.03:389][  0]LogStats: UGameplayTagsManager::ConstructGameplayTagTree: GameplayTagTreeChangedEvent.Broadcast -  0.000 s
[2018.10.25-09.24.03:584][  0]LogInit: Initializing FReadOnlyCVARCache
[2018.10.25-09.24.03:615][  0]LogAIModule: Creating AISystem for world Untitled
[2018.10.25-09.24.03:635][  0]LogInit: XAudio2 using 'Speakers (2- High Definition Audio Device)' : 2 channels at 48 kHz using 16 bits per sample (channel mask 0x3)
[2018.10.25-09.24.03:654][  0]LogInit: FAudioDevice initialized.
[2018.10.25-09.24.03:655][  0]LogNetVersion: Set ProjectVersion to 1.0.0.0. Version Checksum will be recalculated on next use.
[2018.10.25-09.24.03:706][  0]LogDerivedDataCache: Saved boot cache 0.05s 71MB C:/Users/w017177h/AppData/Local/UnrealEngine/4.20/DerivedDataCache/Boot.ddc.
[2018.10.25-09.24.03:728][  0]LogInit: Texture streaming: Enabled
[2018.10.25-09.24.03:762][  0]LogEngineSessionManager: EngineSessionManager initialized
[2018.10.25-09.24.03:776][  0]LogInit: Transaction tracking system initialized
[2018.10.25-09.24.03:825][  0]BlueprintLog: New page: Editor Load
[2018.10.25-09.24.03:968][  0]LocalizationService: Localization service is disabled
[2018.10.25-09.24.04:277][  0]LogCook: Display: Max memory allowance for cook 16384mb min free memory 0mb
[2018.10.25-09.24.04:277][  0]LogCook: Display: Mobile HDR setting 1
[2018.10.25-09.24.04:278][  0]LogGameplayTags: Display: UGameplayTagsManager::DoneAddingNativeTags. DelegateIsBound: 0
[2018.10.25-09.24.04:278][  0]LogStats: UGameplayTagsManager::ConstructGameplayTagTree: ImportINI prefixes -  0.000 s
[2018.10.25-09.24.04:278][  0]LogStats: UGameplayTagsManager::ConstructGameplayTagTree: Construct from data asset -  0.000 s
[2018.10.25-09.24.04:278][  0]LogStats: UGameplayTagsManager::ConstructGameplayTagTree: ImportINI -  0.000 s
[2018.10.25-09.24.04:278][  0]LogStats: UGameplayTagsManager::ConstructGameplayTagTree: GameplayTagTreeChangedEvent.Broadcast -  0.000 s
[2018.10.25-09.24.04:476][  0]LogFileCache: Scanning file cache for directory 'C:/Users/w017177h/Documents/SpideyCPP/SideyCPP/Content/' took 0.02s
[2018.10.25-09.24.04:487][  0]SourceControl: Source control is disabled
[2018.10.25-09.24.04:488][  0]Cmd: MAP LOAD FILE="../../../../../../Users/w017177h/Documents/SpideyCPP/SideyCPP/Content/StarterContent/Maps/Minimal_Default.umap" TEMPLATE=0 SHOWPROGRESS=1 FEATURELEVEL=3
[2018.10.25-09.24.04:488][  0]LightingResults: New page: Lighting Build
[2018.10.25-09.24.04:492][  0]MapCheck: New page: Map Check
[2018.10.25-09.24.04:492][  0]LightingResults: New page: Lighting Build
[2018.10.25-09.24.04:957][  0]LogAIModule: Creating AISystem for world Minimal_Default
[2018.10.25-09.24.05:206][  0]LogEditorServer: Finished looking for orphan Actors (0.000 secs)
[2018.10.25-09.24.05:261][  0]Cmd: MAP CHECKDEP NOCLEARLOG
[2018.10.25-09.24.05:378][  0]MapCheck: Map check complete: 0 Error(s), 0 Warning(s), took 117.492ms to complete.
[2018.10.25-09.24.05:379][  0]LogFileHelpers: Loading map 'Minimal_Default' took 0.892
[2018.10.25-09.24.05:508][  0]LogSlate: Updating window title bar state: overlay mode, drag disabled, window buttons hidden, title bar hidden
[2018.10.25-09.24.05:514][  0]LogSlate: Updating window title bar state: overlay mode, drag disabled, window buttons hidden, title bar hidden
[2018.10.25-09.24.05:521][  0]LogSlate: Updating window title bar state: overlay mode, drag disabled, window buttons hidden, title bar hidden
[2018.10.25-09.24.05:528][  0]LogSlate: Updating window title bar state: overlay mode, drag disabled, window buttons hidden, title bar hidden
[2018.10.25-09.24.05:538][  0]LogCollectionManager: Loaded 0 collections in 0.002211 seconds
[2018.10.25-09.24.05:606][  0]LogFileCache: Scanning file cache for directory 'C:/Users/w017177h/Documents/SpideyCPP/SideyCPP/Saved/Collections/' took 0.01s
[2018.10.25-09.24.05:606][  0]LogFileCache: Scanning file cache for directory 'C:/Users/w017177h/Documents/SpideyCPP/SideyCPP/Content/Developers/w017177h/Collections/' took 0.01s
[2018.10.25-09.24.05:607][  0]LogFileCache: Scanning file cache for directory 'C:/Users/w017177h/Documents/SpideyCPP/SideyCPP/Content/Collections/' took 0.01s
[2018.10.25-09.24.05:607][  0]LogCollectionManager: Rebuilt the GUID cache for 0 collections in 0.000001 seconds
[2018.10.25-09.24.05:628][  0]LogContentBrowser: Native class hierarchy populated in 0.0199 seconds. Added 2576 classes and 605 folders.
[2018.10.25-09.24.05:643][  0]LogContentBrowser: Native class hierarchy updated for 'WidgetCarousel' in 0.0010 seconds. Added 0 classes and 0 folders.
[2018.10.25-09.24.05:699][  0]LogContentBrowser: Native class hierarchy updated for 'AddContentDialog' in 0.0004 seconds. Added 0 classes and 0 folders.
[2018.10.25-09.24.05:708][  0]LogContentBrowser: Native class hierarchy updated for 'SceneOutliner' in 0.0006 seconds. Added 1 classes and 2 folders.
[2018.10.25-09.24.05:733][  0]LogSlate: Took 0.000222 seconds to synchronously load lazily loaded font '../../../Engine/Content/Slate/Fonts/Roboto-Regular.ttf' (155K)
[2018.10.25-09.24.05:736][  0]LogSlate: Took 0.000217 seconds to synchronously load lazily loaded font '../../../Engine/Content/Slate/Fonts/Roboto-Bold.ttf' (160K)
[2018.10.25-09.24.05:744][  0]LogSlate: Took 0.000181 seconds to synchronously load lazily loaded font '../../../Engine/Content/Editor/Slate/Fonts/FontAwesome.ttf' (139K)
[2018.10.25-09.24.05:824][  0]LogRenderer: Reallocating scene render targets to support 1208x576 Format 10 NumSamples 1 (Frame:1).
[2018.10.25-09.24.05:957][  0]LogContentBrowser: Native class hierarchy updated for 'HierarchicalLODOutliner' in 0.0009 seconds. Added 0 classes and 0 folders.
[2018.10.25-09.24.05:958][  0]LogLoad: (Engine Initialization) Total time: 10.88 seconds
[2018.10.25-09.24.05:958][  0]LogLoad: (Engine Initialization) Total Blueprint compile time: 0.00 seconds
[2018.10.25-09.24.05:970][  0]LogWindowsTextInputMethodSystem: Display: IME system now deactivated.
[2018.10.25-09.24.05:998][  0]LogContentStreaming: Texture pool size now 1000 MB
[2018.10.25-09.24.06:073][  0]LogSlate: Took 0.000239 seconds to synchronously load lazily loaded font '../../../Engine/Content/Slate/Fonts/Roboto-Light.ttf' (167K)
[2018.10.25-09.24.06:101][  1]LogAssetRegistry: Asset discovery search completed in 5.6567 seconds
[2018.10.25-09.24.06:104][  1]LogCollectionManager: Rebuilt the object cache for 0 collections in 0.000000 seconds (found 0 objects)
[2018.10.25-09.24.06:104][  1]LogCollectionManager: Fixed up redirectors for 0 collections in 0.000193 seconds (updated 0 objects)
[2018.10.25-09.24.06:998][102]LogSlate: FSceneViewport::OnFocusLost() reason 0
[2018.10.25-09.24.07:090][113]LogTemp: Repeating last play command: Selected Viewport
[2018.10.25-09.24.07:110][113]LogBlueprintUserMessages: Early PlayInEditor Detection: Level '/Game/StarterContent/Maps/Minimal_Default.Minimal_Default:PersistentLevel' has LevelScriptBlueprint '/Game/StarterContent/Maps/Minimal_Default.Minimal_Default:PersistentLevel.Minimal_Default' with GeneratedClass '/Game/StarterContent/Maps/Minimal_Default.Minimal_Default_C' with ClassGeneratedBy '/Game/StarterContent/Maps/Minimal_Default.Minimal_Default:PersistentLevel.Minimal_Default'
[2018.10.25-09.24.07:111][113]LogPlayLevel: PlayLevel: No blueprints needed recompiling
[2018.10.25-09.24.07:125][113]PIE: New page: PIE session: Minimal_Default (25 Oct 2018 11:24:07)
[2018.10.25-09.24.07:125][113]LogPlayLevel: Creating play world package: /Game/StarterContent/Maps/UEDPIE_0_Minimal_Default
[2018.10.25-09.24.07:159][113]LogPlayLevel: PIE: StaticDuplicateObject took: (0.033953s)
[2018.10.25-09.24.07:160][113]LogAIModule: Creating AISystem for world Minimal_Default
[2018.10.25-09.24.07:161][113]LogPlayLevel: PIE: World Init took: (0.001279s)
[2018.10.25-09.24.07:161][113]LogPlayLevel: PIE: Created PIE world by copying editor world from /Game/StarterContent/Maps/Minimal_Default.Minimal_Default to /Game/StarterContent/Maps/UEDPIE_0_Minimal_Default.Minimal_Default (0.035871s)
[2018.10.25-09.24.07:201][113]LogInit: XAudio2 using 'Speakers (2- High Definition Audio Device)' : 2 channels at 48 kHz using 16 bits per sample (channel mask 0x3)
[2018.10.25-09.24.07:210][113]LogInit: FAudioDevice initialized.
[2018.10.25-09.24.07:467][113]LogLoad: Game class is 'MySideyCPPGameModeBase_C'
[2018.10.25-09.24.07:485][113]LogWorld: Bringing World /Game/StarterContent/Maps/UEDPIE_0_Minimal_Default.Minimal_Default up for play (max tick rate 0) at 2018.10.25-10.24.07
[2018.10.25-09.24.07:488][113]LogWorld: Bringing up level for play took: 0.018052
[2018.10.25-09.24.07:508][113]LogContentBrowser: Native class hierarchy updated for 'MovieSceneCapture' in 0.0005 seconds. Added 10 classes and 0 folders.
[2018.10.25-09.24.07:512][113]PIE: Play in editor start time for /Game/StarterContent/Maps/UEDPIE_0_Minimal_Default 0.577
[2018.10.25-09.24.07:513][113]LogBlueprintUserMessages: Late PlayInEditor Detection: Level '/Game/StarterContent/Maps/Minimal_Default.Minimal_Default:PersistentLevel' has LevelScriptBlueprint '/Game/StarterContent/Maps/Minimal_Default.Minimal_Default:PersistentLevel.Minimal_Default' with GeneratedClass '/Game/StarterContent/Maps/Minimal_Default.Minimal_Default_C' with ClassGeneratedBy '/Game/StarterContent/Maps/Minimal_Default.Minimal_Default:PersistentLevel.Minimal_Default'
[2018.10.25-09.24.07:547][114]LogBlueprintUserMessages: [Player_C_0] I hit something
[2018.10.25-09.24.07:563][115]LogBlueprintUserMessages: [Player_C_0] I hit something
[2018.10.25-09.24.07:571][116]LogBlueprintUserMessages: [Player_C_0] I hit something
[2018.10.25-09.24.07:579][117]LogBlueprintUserMessages: [Player_C_0] I hit something
[2018.10.25-09.24.07:588][118]LogBlueprintUserMessages: [Player_C_0] I hit something
[2018.10.25-09.24.07:596][119]LogBlueprintUserMessages: [Player_C_0] I hit something
[2018.10.25-09.24.07:604][120]LogBlueprintUserMessages: [Player_C_0] I hit something
[2018.10.25-09.24.07:613][121]LogBlueprintUserMessages: [Player_C_0] I hit something
[2018.10.25-09.24.07:621][122]LogBlueprintUserMessages: [Player_C_0] I hit something
[2018.10.25-09.24.07:630][123]LogBlueprintUserMessages: [Player_C_0] I hit something
[2018.10.25-09.24.07:638][124]LogBlueprintUserMessages: [Player_C_0] I hit something
[2018.10.25-09.24.07:646][125]LogBlueprintUserMessages: [Player_C_0] I hit something
[2018.10.25-09.24.07:655][126]LogBlueprintUserMessages: [Player_C_0] I hit something
[2018.10.25-09.24.07:663][127]LogBlueprintUserMessages: [Player_C_0] I hit something
[2018.10.25-09.24.07:672][128]LogBlueprintUserMessages: [Player_C_0] I hit something
[2018.10.25-09.24.07:680][129]LogBlueprintUserMessages: [Player_C_0] I hit something
[2018.10.25-09.24.07:688][130]LogBlueprintUserMessages: [Player_C_0] I hit something
[2018.10.25-09.24.07:697][131]LogBlueprintUserMessages: [Player_C_0] I hit something
[2018.10.25-09.24.07:705][132]LogBlueprintUserMessages: [Player_C_0] I hit something
[2018.10.25-09.24.07:713][133]LogBlueprintUserMessages: [Player_C_0] I hit something
[2018.10.25-09.24.07:722][134]LogBlueprintUserMessages: [Player_C_0] I hit something
[2018.10.25-09.24.07:730][135]LogBlueprintUserMessages: [Player_C_0] I hit something
[2018.10.25-09.24.07:738][136]LogBlueprintUserMessages: [Player_C_0] I hit something
[2018.10.25-09.24.07:747][137]LogBlueprintUserMessages: [Player_C_0] I hit something
[2018.10.25-09.24.07:755][138]LogBlueprintUserMessages: [Player_C_0] I hit something
[2018.10.25-09.24.07:764][139]LogBlueprintUserMessages: [Player_C_0] I hit something
[2018.10.25-09.24.07:772][140]LogBlueprintUserMessages: [Player_C_0] I hit something
[2018.10.25-09.24.07:780][141]LogBlueprintUserMessages: [Player_C_0] I hit something
[2018.10.25-09.24.07:788][142]LogBlueprintUserMessages: [Player_C_0] I hit something
[2018.10.25-09.24.07:797][143]LogBlueprintUserMessages: [Player_C_0] I hit something
[2018.10.25-09.24.07:806][144]LogBlueprintUserMessages: [Player_C_0] I hit something
[2018.10.25-09.24.07:814][145]LogBlueprintUserMessages: [Player_C_0] I hit something
[2018.10.25-09.24.07:823][146]LogBlueprintUserMessages: [Player_C_0] I hit something
[2018.10.25-09.24.07:831][147]LogBlueprintUserMessages: [Player_C_0] I hit something
[2018.10.25-09.24.07:841][148]LogBlueprintUserMessages: [Player_C_0] I hit something
[2018.10.25-09.24.07:849][149]LogBlueprintUserMessages: [Player_C_0] I hit something
[2018.10.25-09.24.07:857][150]LogBlueprintUserMessages: [Player_C_0] I hit something
[2018.10.25-09.24.07:866][151]LogBlueprintUserMessages: [Player_C_0] I hit something
[2018.10.25-09.24.07:874][152]LogBlueprintUserMessages: [Player_C_0] I hit something
[2018.10.25-09.24.07:882][153]LogBlueprintUserMessages: [Player_C_0] I hit something
[2018.10.25-09.24.07:890][154]LogBlueprintUserMessages: [Player_C_0] I hit something
[2018.10.25-09.24.07:898][155]LogBlueprintUserMessages: [Player_C_0] I hit something
[2018.10.25-09.24.07:907][156]LogBlueprintUserMessages: [Player_C_0] I hit something
[2018.10.25-09.24.07:915][157]LogBlueprintUserMessages: [Player_C_0] I hit something
[2018.10.25-09.24.07:924][158]LogBlueprintUserMessages: [Player_C_0] I hit something
[2018.10.25-09.24.07:932][159]LogBlueprintUserMessages: [Player_C_0] I hit something
[2018.10.25-09.24.07:940][160]LogBlueprintUserMessages: [Player_C_0] I hit something
[2018.10.25-09.24.07:948][161]LogBlueprintUserMessages: [Player_C_0] I hit something
[2018.10.25-09.24.07:957][162]LogBlueprintUserMessages: [Player_C_0] I hit something
[2018.10.25-09.24.07:966][163]LogBlueprintUserMessages: [Player_C_0] I hit something
[2018.10.25-09.24.07:974][164]LogBlueprintUserMessages: [Player_C_0] I hit something
[2018.10.25-09.24.07:983][165]LogBlueprintUserMessages: [Player_C_0] I hit something
[2018.10.25-09.24.07:993][166]LogBlueprintUserMessages: [Player_C_0] I hit something
[2018.10.25-09.24.08:001][167]LogBlueprintUserMessages: [Player_C_0] I hit something
[2018.10.25-09.24.08:009][168]LogBlueprintUserMessages: [Player_C_0] I hit something
[2018.10.25-09.24.08:018][169]LogBlueprintUserMessages: [Player_C_0] I hit something
[2018.10.25-09.24.08:026][170]LogBlueprintUserMessages: [Player_C_0] I hit something
[2018.10.25-09.24.08:036][171]LogBlueprintUserMessages: [Player_C_0] I hit something
[2018.10.25-09.24.08:045][172]LogBlueprintUserMessages: [Player_C_0] I hit something
[2018.10.25-09.24.08:055][173]LogBlueprintUserMessages: [Player_C_0] I hit something
[2018.10.25-09.24.08:064][174]LogBlueprintUserMessages: [Player_C_0] I hit something
[2018.10.25-09.24.08:073][175]LogBlueprintUserMessages: [Player_C_0] I hit something
[2018.10.25-09.24.08:081][176]LogBlueprintUserMessages: [Player_C_0] I hit something
[2018.10.25-09.24.08:089][177]LogBlueprintUserMessages: [Player_C_0] I hit something
[2018.10.25-09.24.08:101][178]LogBlueprintUserMessages: [Player_C_0] I hit something
[2018.10.25-09.24.08:113][179]LogBlueprintUserMessages: [Player_C_0] I hit something
[2018.10.25-09.24.08:122][180]LogBlueprintUserMessages: [Player_C_0] I hit something
[2018.10.25-09.24.08:131][181]LogBlueprintUserMessages: [Player_C_0] I hit something
[2018.10.25-09.24.08:139][182]LogBlueprintUserMessages: [Player_C_0] I hit something
[2018.10.25-09.24.08:147][183]LogBlueprintUserMessages: [Player_C_0] I hit something
[2018.10.25-09.24.08:156][184]LogBlueprintUserMessages: [Player_C_0] I hit something
[2018.10.25-09.24.08:164][185]LogBlueprintUserMessages: [Player_C_0] I hit something
[2018.10.25-09.24.08:172][186]LogBlueprintUserMessages: [Player_C_0] I hit something
[2018.10.25-09.24.08:181][187]LogBlueprintUserMessages: [Player_C_0] I hit something
[2018.10.25-09.24.08:189][188]LogBlueprintUserMessages: [Player_C_0] I hit something
[2018.10.25-09.24.08:197][189]LogBlueprintUserMessages: [Player_C_0] I hit something
[2018.10.25-09.24.08:206][190]LogBlueprintUserMessages: [Player_C_0] I hit something
[2018.10.25-09.24.08:214][191]LogBlueprintUserMessages: [Player_C_0] I hit something
[2018.10.25-09.24.08:223][192]LogBlueprintUserMessages: [Player_C_0] I hit something
[2018.10.25-09.24.08:232][193]LogBlueprintUserMessages: [Player_C_0] I hit something
[2018.10.25-09.24.08:239][194]LogBlueprintUserMessages: [Player_C_0] I hit something
[2018.10.25-09.24.08:248][195]LogBlueprintUserMessages: [Player_C_0] I hit something
[2018.10.25-09.24.08:256][196]LogBlueprintUserMessages: [Player_C_0] I hit something
[2018.10.25-09.24.08:265][197]LogBlueprintUserMessages: [Player_C_0] I hit something
[2018.10.25-09.24.08:273][198]LogBlueprintUserMessages: [Player_C_0] I hit something
[2018.10.25-09.24.08:281][199]LogBlueprintUserMessages: [Player_C_0] I hit something
[2018.10.25-09.24.08:289][200]LogBlueprintUserMessages: [Player_C_0] I hit something
[2018.10.25-09.24.08:298][201]LogBlueprintUserMessages: [Player_C_0] I hit something
[2018.10.25-09.24.08:306][202]LogBlueprintUserMessages: [Player_C_0] I hit something
[2018.10.25-09.24.08:315][203]LogBlueprintUserMessages: [Player_C_0] I hit something
[2018.10.25-09.24.08:323][204]LogBlueprintUserMessages: [Player_C_0] I hit something
[2018.10.25-09.24.08:331][205]LogBlueprintUserMessages: [Player_C_0] I hit something
[2018.10.25-09.24.08:340][206]LogBlueprintUserMessages: [Player_C_0] I hit something
[2018.10.25-09.24.08:348][207]LogBlueprintUserMessages: [Player_C_0] I hit something
[2018.10.25-09.24.08:357][208]LogBlueprintUserMessages: [Player_C_0] I hit something
[2018.10.25-09.24.08:365][209]LogBlueprintUserMessages: [Player_C_0] I hit something
[2018.10.25-09.24.08:373][210]LogBlueprintUserMessages: [Player_C_0] I hit something
[2018.10.25-09.24.08:381][211]LogBlueprintUserMessages: [Player_C_0] I hit something
[2018.10.25-09.24.08:390][212]LogBlueprintUserMessages: [Player_C_0] I hit something
[2018.10.25-09.24.08:398][213]LogBlueprintUserMessages: [Player_C_0] I hit something
[2018.10.25-09.24.08:406][214]LogBlueprintUserMessages: [Player_C_0] I hit something
[2018.10.25-09.24.08:415][215]LogBlueprintUserMessages: [Player_C_0] I hit something
[2018.10.25-09.24.08:423][216]LogBlueprintUserMessages: [Player_C_0] I hit something
[2018.10.25-09.24.08:432][217]LogBlueprintUserMessages: [Player_C_0] I hit something
[2018.10.25-09.24.08:440][218]LogBlueprintUserMessages: [Player_C_0] I hit something
[2018.10.25-09.24.08:448][219]LogBlueprintUserMessages: [Player_C_0] I hit something
[2018.10.25-09.24.08:456][220]LogBlueprintUserMessages: [Player_C_0] I hit something
[2018.10.25-09.24.08:465][221]LogBlueprintUserMessages: [Player_C_0] I hit something
[2018.10.25-09.24.08:476][222]LogBlueprintUserMessages: [Player_C_0] I hit something
[2018.10.25-09.24.08:484][223]LogBlueprintUserMessages: [Player_C_0] I hit something
[2018.10.25-09.24.08:492][224]LogBlueprintUserMessages: [Player_C_0] I hit something
[2018.10.25-09.24.08:501][225]LogBlueprintUserMessages: [Player_C_0] I hit something
[2018.10.25-09.24.08:509][226]LogBlueprintUserMessages: [Player_C_0] I hit something
[2018.10.25-09.24.08:520][227]LogBlueprintUserMessages: [Player_C_0] I hit something
[2018.10.25-09.24.08:529][228]LogBlueprintUserMessages: [Player_C_0] I hit something
[2018.10.25-09.24.08:538][229]LogBlueprintUserMessages: [Player_C_0] I hit something
[2018.10.25-09.24.08:545][230]LogBlueprintUserMessages: [Player_C_0] I hit something
[2018.10.25-09.24.08:553][231]LogBlueprintUserMessages: [Player_C_0] I hit something
[2018.10.25-09.24.08:561][232]LogBlueprintUserMessages: [Player_C_0] I hit something
[2018.10.25-09.24.08:569][233]LogBlueprintUserMessages: [Player_C_0] I hit something
[2018.10.25-09.24.08:577][234]LogBlueprintUserMessages: [Player_C_0] I hit something
[2018.10.25-09.24.08:586][235]LogBlueprintUserMessages: [Player_C_0] I hit something
[2018.10.25-09.24.08:595][236]LogBlueprintUserMessages: [Player_C_0] I hit something
[2018.10.25-09.24.08:605][237]LogBlueprintUserMessages: [Player_C_0] I hit something
[2018.10.25-09.24.08:617][238]LogBlueprintUserMessages: [Player_C_0] I hit something
[2018.10.25-09.24.08:627][239]LogBlueprintUserMessages: [Player_C_0] I hit something
[2018.10.25-09.24.08:635][240]LogBlueprintUserMessages: [Player_C_0] I hit something
[2018.10.25-09.24.08:644][241]LogBlueprintUserMessages: [Player_C_0] I hit something
[2018.10.25-09.24.08:652][242]LogBlueprintUserMessages: [Player_C_0] I hit something
[2018.10.25-09.24.08:661][243]LogBlueprintUserMessages: [Player_C_0] I hit something
[2018.10.25-09.24.08:669][244]LogBlueprintUserMessages: [Player_C_0] I hit something
[2018.10.25-09.24.08:677][245]LogBlueprintUserMessages: [Player_C_0] I hit something
[2018.10.25-09.24.08:686][246]LogBlueprintUserMessages: [Player_C_0] I hit something
[2018.10.25-09.24.08:694][247]LogBlueprintUserMessages: [Player_C_0] I hit something
[2018.10.25-09.24.08:702][248]LogBlueprintUserMessages: [Player_C_0] I hit something
[2018.10.25-09.24.08:710][249]LogBlueprintUserMessages: [Player_C_0] I hit something
[2018.10.25-09.24.08:719][250]LogBlueprintUserMessages: [Player_C_0] I hit something
[2018.10.25-09.24.08:728][251]LogBlueprintUserMessages: [Player_C_0] I hit something
[2018.10.25-09.24.08:736][252]LogBlueprintUserMessages: [Player_C_0] I hit something
[2018.10.25-09.24.08:744][253]LogBlueprintUserMessages: [Player_C_0] I hit something
[2018.10.25-09.24.08:753][254]LogBlueprintUserMessages: [Player_C_0] I hit something
[2018.10.25-09.24.08:761][255]LogBlueprintUserMessages: [Player_C_0] I hit something
[2018.10.25-09.24.08:769][256]LogBlueprintUserMessages: [Player_C_0] I hit something
[2018.10.25-09.24.08:777][257]LogBlueprintUserMessages: [Player_C_0] I hit something
[2018.10.25-09.24.08:785][258]LogBlueprintUserMessages: [Player_C_0] I hit something
[2018.10.25-09.24.08:794][259]LogBlueprintUserMessages: [Player_C_0] I hit something
[2018.10.25-09.24.08:801][260]LogBlueprintUserMessages: [Player_C_0] I hit something
[2018.10.25-09.24.08:810][261]LogBlueprintUserMessages: [Player_C_0] I hit something
[2018.10.25-09.24.08:818][262]LogBlueprintUserMessages: [Player_C_0] I hit something
[2018.10.25-09.24.08:826][263]LogBlueprintUserMessages: [Player_C_0] I hit something
[2018.10.25-09.24.08:835][264]LogBlueprintUserMessages: [Player_C_0] I hit something
[2018.10.25-09.24.08:844][265]LogBlueprintUserMessages: [Player_C_0] I hit something
[2018.10.25-09.24.08:852][266]LogBlueprintUserMessages: [Player_C_0] I hit something
[2018.10.25-09.24.08:861][267]LogBlueprintUserMessages: [Player_C_0] I hit something
[2018.10.25-09.24.08:869][268]LogBlueprintUserMessages: [Player_C_0] I hit something
[2018.10.25-09.24.08:877][269]LogBlueprintUserMessages: [Player_C_0] I hit something
[2018.10.25-09.24.08:886][270]LogBlueprintUserMessages: [Player_C_0] I hit something
[2018.10.25-09.24.08:894][271]LogBlueprintUserMessages: [Player_C_0] I hit something
[2018.10.25-09.24.08:902][272]LogBlueprintUserMessages: [Player_C_0] I hit something
[2018.10.25-09.24.08:910][273]LogBlueprintUserMessages: [Player_C_0] I hit something
[2018.10.25-09.24.08:918][274]LogBlueprintUserMessages: [Player_C_0] I hit something
[2018.10.25-09.24.08:929][275]LogBlueprintUserMessages: [Player_C_0] I hit something
[2018.10.25-09.24.08:938][276]LogBlueprintUserMessages: [Player_C_0] I hit something
[2018.10.25-09.24.08:946][277]LogBlueprintUserMessages: [Player_C_0] I hit something
[2018.10.25-09.24.08:954][278]LogBlueprintUserMessages: [Player_C_0] I hit something
[2018.10.25-09.24.08:963][279]LogBlueprintUserMessages: [Player_C_0] I hit something
[2018.10.25-09.24.08:971][280]LogBlueprintUserMessages: [Player_C_0] I hit something
[2018.10.25-09.24.08:979][281]LogBlueprintUserMessages: [Player_C_0] I hit something
[2018.10.25-09.24.08:988][282]LogBlueprintUserMessages: [Player_C_0] I hit something
[2018.10.25-09.24.08:996][283]LogBlueprintUserMessages: [Player_C_0] I hit something
[2018.10.25-09.24.09:005][284]LogBlueprintUserMessages: [Player_C_0] I hit something
[2018.10.25-09.24.09:013][285]LogBlueprintUserMessages: [Player_C_0] I hit something
[2018.10.25-09.24.09:021][286]LogBlueprintUserMessages: [Player_C_0] I hit something
[2018.10.25-09.24.09:030][287]LogBlueprintUserMessages: [Player_C_0] I hit something
[2018.10.25-09.24.09:038][288]LogBlueprintUserMessages: [Player_C_0] I hit something
[2018.10.25-09.24.09:046][289]LogBlueprintUserMessages: [Player_C_0] I hit something
[2018.10.25-09.24.09:055][290]LogBlueprintUserMessages: [Player_C_0] I hit something
[2018.10.25-09.24.09:064][291]LogBlueprintUserMessages: [Player_C_0] I hit something
[2018.10.25-09.24.09:071][292]LogBlueprintUserMessages: [Player_C_0] I hit something
[2018.10.25-09.24.09:080][293]LogBlueprintUserMessages: [Player_C_0] I hit something
[2018.10.25-09.24.09:088][294]LogBlueprintUserMessages: [Player_C_0] I hit something
[2018.10.25-09.24.09:097][295]LogBlueprintUserMessages: [Player_C_0] I hit something
[2018.10.25-09.24.09:107][296]LogBlueprintUserMessages: [Player_C_0] I hit something
[2018.10.25-09.24.09:114][297]LogBlueprintUserMessages: [Player_C_0] I hit something
[2018.10.25-09.24.09:123][298]LogBlueprintUserMessages: [Player_C_0] I hit something
[2018.10.25-09.24.09:132][299]LogBlueprintUserMessages: [Player_C_0] I hit something
[2018.10.25-09.24.09:142][300]LogBlueprintUserMessages: [Player_C_0] I hit something
[2018.10.25-09.24.09:151][301]LogBlueprintUserMessages: [Player_C_0] I hit something
[2018.10.25-09.24.09:158][302]LogBlueprintUserMessages: [Player_C_0] I hit something
[2018.10.25-09.24.09:167][303]LogBlueprintUserMessages: [Player_C_0] I hit something
[2018.10.25-09.24.09:175][304]LogBlueprintUserMessages: [Player_C_0] I hit something
[2018.10.25-09.24.09:183][305]LogBlueprintUserMessages: [Player_C_0] I hit something
[2018.10.25-09.24.09:192][306]LogBlueprintUserMessages: [Player_C_0] I hit something
[2018.10.25-09.24.09:200][307]LogBlueprintUserMessages: [Player_C_0] I hit something
[2018.10.25-09.24.09:208][308]LogBlueprintUserMessages: [Player_C_0] I hit something
[2018.10.25-09.24.09:217][309]LogBlueprintUserMessages: [Player_C_0] I hit something
[2018.10.25-09.24.09:225][310]LogBlueprintUserMessages: [Player_C_0] I hit something
[2018.10.25-09.24.09:233][311]LogBlueprintUserMessages: [Player_C_0] I hit something
[2018.10.25-09.24.09:242][312]LogBlueprintUserMessages: [Player_C_0] I hit something
[2018.10.25-09.24.09:250][313]LogBlueprintUserMessages: [Player_C_0] I hit something
[2018.10.25-09.24.09:259][314]LogBlueprintUserMessages: [Player_C_0] I hit something
[2018.10.25-09.24.09:269][315]LogBlueprintUserMessages: [Player_C_0] I hit something
[2018.10.25-09.24.09:276][316]LogBlueprintUserMessages: [Player_C_0] I hit something
[2018.10.25-09.24.09:284][317]LogBlueprintUserMessages: [Player_C_0] I hit something
[2018.10.25-09.24.09:293][318]LogBlueprintUserMessages: [Player_C_0] I hit something
[2018.10.25-09.24.09:301][319]LogBlueprintUserMessages: [Player_C_0] I hit something
[2018.10.25-09.24.09:309][320]LogBlueprintUserMessages: [Player_C_0] I hit something
[2018.10.25-09.24.09:318][321]LogBlueprintUserMessages: [Player_C_0] I hit something
[2018.10.25-09.24.09:327][322]LogBlueprintUserMessages: [Player_C_0] I hit something
[2018.10.25-09.24.09:335][323]LogBlueprintUserMessages: [Player_C_0] I hit something
[2018.10.25-09.24.09:344][324]LogBlueprintUserMessages: [Player_C_0] I hit something
[2018.10.25-09.24.09:352][325]LogBlueprintUserMessages: [Player_C_0] I hit something
[2018.10.25-09.24.09:361][326]LogBlueprintUserMessages: [Player_C_0] I hit something
[2018.10.25-09.24.09:368][327]LogBlueprintUserMessages: [Player_C_0] I hit something
[2018.10.25-09.24.09:377][328]LogBlueprintUserMessages: [Player_C_0] I hit something
[2018.10.25-09.24.09:385][329]LogBlueprintUserMessages: [Player_C_0] I hit something
[2018.10.25-09.24.09:394][330]LogBlueprintUserMessages: [Player_C_0] I hit something
[2018.10.25-09.24.09:402][331]LogBlueprintUserMessages: [Player_C_0] I hit something
[2018.10.25-09.24.09:410][332]LogBlueprintUserMessages: [Player_C_0] I hit something
[2018.10.25-09.24.09:418][333]LogBlueprintUserMessages: [Player_C_0] I hit something
[2018.10.25-09.24.09:427][334]LogBlueprintUserMessages: [Player_C_0] I hit something
[2018.10.25-09.24.09:435][335]LogBlueprintUserMessages: [Player_C_0] I hit something
[2018.10.25-09.24.09:444][336]LogBlueprintUserMessages: [Player_C_0] I hit something
[2018.10.25-09.24.09:452][337]LogBlueprintUserMessages: [Player_C_0] I hit something
[2018.10.25-09.24.09:461][338]LogBlueprintUserMessages: [Player_C_0] I hit something
[2018.10.25-09.24.09:469][339]LogBlueprintUserMessages: [Player_C_0] I hit something
[2018.10.25-09.24.09:478][340]LogBlueprintUserMessages: [Player_C_0] I hit something
[2018.10.25-09.24.09:486][341]LogBlueprintUserMessages: [Player_C_0] I hit something
[2018.10.25-09.24.09:494][342]LogBlueprintUserMessages: [Player_C_0] I hit something
[2018.10.25-09.24.09:502][343]LogBlueprintUserMessages: [Player_C_0] I hit something
[2018.10.25-09.24.09:511][344]LogBlueprintUserMessages: [Player_C_0] I hit something
[2018.10.25-09.24.09:519][345]LogBlueprintUserMessages: [Player_C_0] I hit something
[2018.10.25-09.24.09:528][346]LogBlueprintUserMessages: [Player_C_0] I hit something
[2018.10.25-09.24.09:536][347]LogBlueprintUserMessages: [Player_C_0] I hit something
[2018.10.25-09.24.09:545][348]LogBlueprintUserMessages: [Player_C_0] I hit something
[2018.10.25-09.24.09:553][349]LogBlueprintUserMessages: [Player_C_0] I hit something
[2018.10.25-09.24.09:561][350]LogBlueprintUserMessages: [Player_C_0] I hit something
[2018.10.25-09.24.09:570][351]LogBlueprintUserMessages: [Player_C_0] I hit something
[2018.10.25-09.24.09:578][352]LogBlueprintUserMessages: [Player_C_0] I hit something
[2018.10.25-09.24.09:585][353]LogBlueprintUserMessages: [Player_C_0] I hit something
[2018.10.25-09.24.09:593][354]LogBlueprintUserMessages: [Player_C_0] I hit something
[2018.10.25-09.24.09:602][355]LogBlueprintUserMessages: [Player_C_0] I hit something
[2018.10.25-09.24.09:610][356]LogBlueprintUserMessages: [Player_C_0] I hit something
[2018.10.25-09.24.09:618][357]LogBlueprintUserMessages: [Player_C_0] I hit something
[2018.10.25-09.24.09:627][358]LogBlueprintUserMessages: [Player_C_0] I hit something
[2018.10.25-09.24.09:635][359]LogBlueprintUserMessages: [Player_C_0] I hit something
[2018.10.25-09.24.09:643][360]LogBlueprintUserMessages: [Player_C_0] I hit something
[2018.10.25-09.24.09:652][361]LogBlueprintUserMessages: [Player_C_0] I hit something
[2018.10.25-09.24.09:660][362]LogBlueprintUserMessages: [Player_C_0] I hit something
[2018.10.25-09.24.09:669][363]LogBlueprintUserMessages: [Player_C_0] I hit something
[2018.10.25-09.24.09:677][364]LogBlueprintUserMessages: [Player_C_0] I hit something
[2018.10.25-09.24.09:685][365]LogBlueprintUserMessages: [Player_C_0] I hit something
[2018.10.25-09.24.09:694][366]LogBlueprintUserMessages: [Player_C_0] I hit something
[2018.10.25-09.24.09:703][367]LogBlueprintUserMessages: [Player_C_0] I hit something
[2018.10.25-09.24.09:711][368]LogBlueprintUserMessages: [Player_C_0] I hit something
[2018.10.25-09.24.09:719][369]LogBlueprintUserMessages: [Player_C_0] I hit something
[2018.10.25-09.24.09:727][370]LogBlueprintUserMessages: [Player_C_0] I hit something
[2018.10.25-09.24.09:736][371]LogBlueprintUserMessages: [Player_C_0] I hit something
[2018.10.25-09.24.09:744][372]LogBlueprintUserMessages: [Player_C_0] I hit something
[2018.10.25-09.24.09:753][373]LogBlueprintUserMessages: [Player_C_0] I hit something
[2018.10.25-09.24.09:761][374]LogBlueprintUserMessages: [Player_C_0] I hit something
[2018.10.25-09.24.09:769][375]LogBlueprintUserMessages: [Player_C_0] I hit something
[2018.10.25-09.24.09:779][376]LogBlueprintUserMessages: [Player_C_0] I hit something
[2018.10.25-09.24.09:787][377]LogBlueprintUserMessages: [Player_C_0] I hit something
[2018.10.25-09.24.09:795][378]LogBlueprintUserMessages: [Player_C_0] I hit something
[2018.10.25-09.24.09:804][379]LogBlueprintUserMessages: [Player_C_0] I hit something
[2018.10.25-09.24.09:812][380]LogBlueprintUserMessages: [Player_C_0] I hit something
[2018.10.25-09.24.09:820][381]LogBlueprintUserMessages: [Player_C_0] I hit something
[2018.10.25-09.24.09:829][382]LogBlueprintUserMessages: [Player_C_0] I hit something
[2018.10.25-09.24.09:837][383]LogBlueprintUserMessages: [Player_C_0] I hit something
[2018.10.25-09.24.09:846][384]LogBlueprintUserMessages: [Player_C_0] I hit something
[2018.10.25-09.24.09:854][385]LogBlueprintUserMessages: [Player_C_0] I hit something
[2018.10.25-09.24.09:862][386]LogBlueprintUserMessages: [Player_C_0] I hit something
[2018.10.25-09.24.09:871][387]LogBlueprintUserMessages: [Player_C_0] I hit something
[2018.10.25-09.24.09:879][388]LogBlueprintUserMessages: [Player_C_0] I hit something
[2018.10.25-09.24.09:887][389]LogBlueprintUserMessages: [Player_C_0] I hit something
[2018.10.25-09.24.09:896][390]LogBlueprintUserMessages: [Player_C_0] I hit something
[2018.10.25-09.24.09:904][391]LogBlueprintUserMessages: [Player_C_0] I hit something
[2018.10.25-09.24.09:912][392]LogBlueprintUserMessages: [Player_C_0] I hit something
[2018.10.25-09.24.09:920][393]LogBlueprintUserMessages: [Player_C_0] I hit something
[2018.10.25-09.24.09:929][394]LogBlueprintUserMessages: [Player_C_0] I hit something
[2018.10.25-09.24.09:937][395]LogBlueprintUserMessages: [Player_C_0] I hit something
[2018.10.25-09.24.09:946][396]LogBlueprintUserMessages: [Player_C_0] I hit something
[2018.10.25-09.24.09:953][397]LogBlueprintUserMessages: [Player_C_0] I hit something
[2018.10.25-09.24.09:962][398]LogBlueprintUserMessages: [Player_C_0] I hit something
[2018.10.25-09.24.09:970][399]LogBlueprintUserMessages: [Player_C_0] I hit something
[2018.10.25-09.24.09:979][400]LogBlueprintUserMessages: [Player_C_0] I hit something
[2018.10.25-09.24.09:988][401]LogBlueprintUserMessages: [Player_C_0] I hit something
[2018.10.25-09.24.09:996][402]LogBlueprintUserMessages: [Player_C_0] I hit something
[2018.10.25-09.24.10:004][403]LogBlueprintUserMessages: [Player_C_0] I hit something
[2018.10.25-09.24.10:013][404]LogBlueprintUserMessages: [Player_C_0] I hit something
[2018.10.25-09.24.10:021][405]LogBlueprintUserMessages: [Player_C_0] I hit something
[2018.10.25-09.24.10:030][406]LogBlueprintUserMessages: [Player_C_0] I hit something
[2018.10.25-09.24.10:039][407]LogBlueprintUserMessages: [Player_C_0] I hit something
[2018.10.25-09.24.10:047][408]LogBlueprintUserMessages: [Player_C_0] I hit something
[2018.10.25-09.24.10:057][409]LogBlueprintUserMessages: [Player_C_0] I hit something
[2018.10.25-09.24.10:065][410]LogBlueprintUserMessages: [Player_C_0] I hit something
[2018.10.25-09.24.10:074][411]LogBlueprintUserMessages: [Player_C_0] I hit something
[2018.10.25-09.24.10:127][412]LogBlueprintUserMessages: [Player_C_0] I hit something
[2018.10.25-09.24.10:145][413]LogBlueprintUserMessages: [Player_C_0] I hit something
[2018.10.25-09.24.10:167][414]LogBlueprintUserMessages: [Player_C_0] I hit something
[2018.10.25-09.24.10:188][415]LogBlueprintUserMessages: [Player_C_0] I hit something
[2018.10.25-09.24.10:205][416]LogBlueprintUserMessages: [Player_C_0] I hit something
[2018.10.25-09.24.10:218][417]LogBlueprintUserMessages: [Player_C_0] I hit something
[2018.10.25-09.24.10:232][418]LogBlueprintUserMessages: [Player_C_0] I hit something
[2018.10.25-09.24.10:247][419]LogBlueprintUserMessages: [Player_C_0] I hit something
[2018.10.25-09.24.10:262][420]LogBlueprintUserMessages: [Player_C_0] I hit something
[2018.10.25-09.24.10:276][421]LogBlueprintUserMessages: [Player_C_0] I hit something
[2018.10.25-09.24.10:290][422]LogBlueprintUserMessages: [Player_C_0] I hit something
[2018.10.25-09.24.10:305][423]LogBlueprintUserMessages: [Player_C_0] I hit something
[2018.10.25-09.24.10:319][424]LogBlueprintUserMessages: [Player_C_0] I hit something
[2018.10.25-09.24.10:333][425]LogBlueprintUserMessages: [Player_C_0] I hit something
[2018.10.25-09.24.10:354][426]LogBlueprintUserMessages: [Player_C_0] I hit something
[2018.10.25-09.24.10:370][427]LogBlueprintUserMessages: [Player_C_0] I hit something
[2018.10.25-09.24.10:384][428]LogBlueprintUserMessages: [Player_C_0] I hit something
[2018.10.25-09.24.10:399][429]LogBlueprintUserMessages: [Player_C_0] I hit something
[2018.10.25-09.24.10:411][430]LogBlueprintUserMessages: [Player_C_0] I hit something
[2018.10.25-09.24.10:419][431]LogBlueprintUserMessages: [Player_C_0] I hit something
[2018.10.25-09.24.10:428][432]LogBlueprintUserMessages: [Player_C_0] I hit something
[2018.10.25-09.24.10:436][433]LogBlueprintUserMessages: [Player_C_0] I hit something
[2018.10.25-09.24.10:445][434]LogBlueprintUserMessages: [Player_C_0] I hit something
[2018.10.25-09.24.10:454][435]LogBlueprintUserMessages: [Player_C_0] I hit something
[2018.10.25-09.24.10:462][436]LogBlueprintUserMessages: [Player_C_0] I hit something
[2018.10.25-09.24.10:471][437]LogBlueprintUserMessages: [Player_C_0] I hit something
[2018.10.25-09.24.10:479][438]LogBlueprintUserMessages: [Player_C_0] I hit something
[2018.10.25-09.24.10:488][439]LogBlueprintUserMessages: [Player_C_0] I hit something
[2018.10.25-09.24.10:497][440]LogBlueprintUserMessages: [Player_C_0] I hit something
[2018.10.25-09.24.10:506][441]LogBlueprintUserMessages: [Player_C_0] I hit something
[2018.10.25-09.24.10:514][442]LogBlueprintUserMessages: [Player_C_0] I hit something
[2018.10.25-09.24.10:522][443]LogBlueprintUserMessages: [Player_C_0] I hit something
[2018.10.25-09.24.10:531][444]LogBlueprintUserMessages: [Player_C_0] I hit something
[2018.10.25-09.24.10:539][445]LogBlueprintUserMessages: [Player_C_0] I hit something
[2018.10.25-09.24.10:548][446]LogBlueprintUserMessages: [Player_C_0] I hit something
[2018.10.25-09.24.10:556][447]LogBlueprintUserMessages: [Player_C_0] I hit something
[2018.10.25-09.24.10:565][448]LogBlueprintUserMessages: [Player_C_0] I hit something
[2018.10.25-09.24.10:573][449]LogBlueprintUserMessages: [Player_C_0] I hit something
[2018.10.25-09.24.10:581][450]LogBlueprintUserMessages: [Player_C_0] I hit something
[2018.10.25-09.24.10:590][451]LogBlueprintUserMessages: [Player_C_0] I hit something
[2018.10.25-09.24.10:601][452]LogBlueprintUserMessages: [Player_C_0] I hit something
[2018.10.25-09.24.10:614][453]LogBlueprintUserMessages: [Player_C_0] I hit something
[2018.10.25-09.24.10:622][454]LogBlueprintUserMessages: [Player_C_0] I hit something
[2018.10.25-09.24.10:630][455]LogBlueprintUserMessages: [Player_C_0] I hit something
[2018.10.25-09.24.10:639][456]LogBlueprintUserMessages: [Player_C_0] I hit something
[2018.10.25-09.24.10:650][457]LogBlueprintUserMessages: [Player_C_0] I hit something
[2018.10.25-09.24.10:661][458]LogBlueprintUserMessages: [Player_C_0] I hit something
[2018.10.25-09.24.10:670][459]LogBlueprintUserMessages: [Player_C_0] I hit something
[2018.10.25-09.24.10:678][460]LogBlueprintUserMessages: [Player_C_0] I hit something
[2018.10.25-09.24.10:687][461]LogBlueprintUserMessages: [Player_C_0] I hit something
[2018.10.25-09.24.10:694][462]LogBlueprintUserMessages: [Player_C_0] I hit something
[2018.10.25-09.24.10:702][463]LogBlueprintUserMessages: [Player_C_0] I hit something
[2018.10.25-09.24.10:711][464]LogBlueprintUserMessages: [Player_C_0] I hit something
[2018.10.25-09.24.10:719][465]LogBlueprintUserMessages: [Player_C_0] I hit something
[2018.10.25-09.24.10:728][466]LogBlueprintUserMessages: [Player_C_0] I hit something
[2018.10.25-09.24.10:736][467]LogBlueprintUserMessages: [Player_C_0] I hit something
[2018.10.25-09.24.10:744][468]LogBlueprintUserMessages: [Player_C_0] I hit something
[2018.10.25-09.24.10:753][469]LogBlueprintUserMessages: [Player_C_0] I hit something
[2018.10.25-09.24.10:761][470]LogBlueprintUserMessages: [Player_C_0] I hit something
[2018.10.25-09.24.10:769][471]LogBlueprintUserMessages: [Player_C_0] I hit something
[2018.10.25-09.24.10:778][472]LogBlueprintUserMessages: [Player_C_0] I hit something
[2018.10.25-09.24.10:786][473]LogBlueprintUserMessages: [Player_C_0] I hit something
[2018.10.25-09.24.10:794][474]LogBlueprintUserMessages: [Player_C_0] I hit something
[2018.10.25-09.24.10:803][475]LogBlueprintUserMessages: [Player_C_0] I hit something
[2018.10.25-09.24.10:811][476]LogBlueprintUserMessages: [Player_C_0] I hit something
[2018.10.25-09.24.10:819][477]LogBlueprintUserMessages: [Player_C_0] I hit something
[2018.10.25-09.24.10:828][478]LogBlueprintUserMessages: [Player_C_0] I hit something
[2018.10.25-09.24.10:836][479]LogBlueprintUserMessages: [Player_C_0] I hit something
[2018.10.25-09.24.10:845][480]LogBlueprintUserMessages: [Player_C_0] I hit something
[2018.10.25-09.24.14:926][946]LogBlueprintUserMessages: Early EndPlayMap Detection: Level '/Game/StarterContent/Maps/Minimal_Default.Minimal_Default:PersistentLevel' has LevelScriptBlueprint '/Game/StarterContent/Maps/Minimal_Default.Minimal_Default:PersistentLevel.Minimal_Default' with GeneratedClass '/Game/StarterContent/Maps/Minimal_Default.Minimal_Default_C' with ClassGeneratedBy '/Game/StarterContent/Maps/Minimal_Default.Minimal_Default:PersistentLevel.Minimal_Default'
[2018.10.25-09.24.14:926][946]LogSlate: Updating window title bar state: overlay mode, drag disabled, window buttons hidden, title bar hidden
[2018.10.25-09.24.14:993][946]LogPlayLevel: Display: Shutting down PIE online subsystems
[2018.10.25-09.24.14:994][946]LogBlueprintUserMessages: Late EndPlayMap Detection: Level '/Game/StarterContent/Maps/Minimal_Default.Minimal_Default:PersistentLevel' has LevelScriptBlueprint '/Game/StarterContent/Maps/Minimal_Default.Minimal_Default:PersistentLevel.Minimal_Default' with GeneratedClass '/Game/StarterContent/Maps/Minimal_Default.Minimal_Default_C' with ClassGeneratedBy '/Game/StarterContent/Maps/Minimal_Default.Minimal_Default:PersistentLevel.Minimal_Default'
[2018.10.25-09.24.15:041][946]LogSlate: Updating window title bar state: overlay mode, drag disabled, window buttons hidden, title bar hidden
[2018.10.25-09.24.15:069][947]LogPlayLevel: Display: Destroying online subsystem :Context_1
[2018.10.25-09.24.15:620][  9]LogSlate: Took 0.000203 seconds to synchronously load lazily loaded font '../../../Engine/Content/Slate/Fonts/Roboto-Light.ttf' (167K)
[2018.10.25-09.24.15:623][  9]LogSlate: FSceneViewport::OnFocusLost() reason 2
[2018.10.25-09.24.16:334][  9]LogSavePackage: Moving '../../../../../../Users/w017177h/Documents/SpideyCPP/SideyCPP/Saved/Minimal_DefaultA98D38B347D8A8A544513AA013A53B16.tmp' to '../../../../../../Users/w017177h/Documents/SpideyCPP/SideyCPP/Content/StarterContent/Maps/Minimal_Default.umap'
[2018.10.25-09.24.16:468][  9]LogSavePackage: Moving '../../../../../../Users/w017177h/Documents/SpideyCPP/SideyCPP/Saved/Minimal_Default_BuiltData9F1E0EC44BBE0A045A2B15AD20ED4BB1.tmp' to '../../../../../../Users/w017177h/Documents/SpideyCPP/SideyCPP/Content/StarterContent/Maps/Minimal_Default_BuiltData.uasset'
[2018.10.25-09.24.16:762][ 40]LogSlate: FSceneViewport::OnFocusLost() reason 2
[2018.10.25-09.24.18:079][188]LogSlate: FSceneViewport::OnFocusLost() reason 2
[2018.10.25-09.24.19:133][312]LogSlate: FSceneViewport::OnFocusLost() reason 2
[2018.10.25-09.24.20:101][312]LogSlate: Only BGRA pngs, bmps or icos are supported in by External Image Picker
[2018.10.25-09.24.20:144][312]LogTemp: Executing iPhonePackager certificates Engine -bundlename com.YourCompany.SideyCPP
[2018.10.25-09.24.20:144][312]LogTemp: CWD: C:\Epic\UE4\UE_4.20\Engine\Binaries\DotNET\IOS
[2018.10.25-09.24.20:144][312]LogTemp: Initial Dir: C:\Epic\UE4\UE_4.20
[2018.10.25-09.24.20:144][312]LogTemp: Env CWD: C:\Epic\UE4\UE_4.20\Engine\Binaries\DotNET\IOS
[2018.10.25-09.24.20:151][312]LogTemp: BranchPath = C117B-04/C/Epic/UE4/UE_4.20/Engine/Binaries --- GameBranchPath = C117B-04/C/Epic/UE4/UE_4.20/Engine/Binaries
[2018.10.25-09.24.20:165][312]LogTemp: IPP ERROR: Could not find provision directory 'C:\Users\w017177h\AppData\Local/Apple Computer/MobileDevice/Provisioning Profiles/'.
[2018.10.25-09.24.28:653][192]LogSlate: Window 'Project Settings' being destroyed
