Log file open, 10/20/18 19:53:03
LogWindows: Failed to load 'aqProf.dll' (GetLastError=126)
LogWindows: File 'aqProf.dll' does not exist
LogWindows: Failed to load 'VSPerf140.dll' (GetLastError=126)
LogWindows: File 'VSPerf140.dll' does not exist
LogWindows: Failed to load 'VtuneApi.dll' (GetLastError=126)
LogWindows: File 'VtuneApi.dll' does not exist
LogWindows: Failed to load 'VtuneApi32e.dll' (GetLastError=126)
LogWindows: File 'VtuneApi32e.dll' does not exist
LogInit: Display: Running engine for game: SideyCPP
LogPlatformFile: Not using cached read wrapper
LogTaskGraph: Started task graph with 5 named threads and 23 total threads with 3 sets of task threads.
LogStats: Stats thread started at 0.394007
LogD3D11RHI: Loaded GFSDK_Aftermath_Lib.x64.dll
LogICUInternationalization: Display: ICU TimeZone Detection - Raw Offset: +0:00, Platform Override: ''
LogPluginManager: Mounting plugin Paper2D
LogPluginManager: Mounting plugin AISupport
LogPluginManager: Mounting plugin LightPropagationVolume
LogPluginManager: Mounting plugin CLionSourceCodeAccess
LogPluginManager: Mounting plugin CodeLiteSourceCodeAccess
LogPluginManager: Mounting plugin GitSourceControl
LogPluginManager: Mounting plugin KDevelopSourceCodeAccess
LogPluginManager: Mounting plugin NullSourceCodeAccess
LogPluginManager: Mounting plugin PerforceSourceControl
LogPluginManager: Mounting plugin SubversionSourceControl
LogPluginManager: Mounting plugin UObjectPlugin
LogPluginManager: Mounting plugin VisualStudioCodeSourceCodeAccess
LogPluginManager: Mounting plugin VisualStudioSourceCodeAccess
LogPluginManager: Mounting plugin XCodeSourceCodeAccess
LogPluginManager: Mounting plugin AssetManagerEditor
LogPluginManager: Mounting plugin CryptoKeys
LogPluginManager: Mounting plugin DataValidation
LogPluginManager: Mounting plugin FacialAnimation
LogPluginManager: Mounting plugin GameplayTagsEditor
LogPluginManager: Mounting plugin MacGraphicsSwitching
LogPluginManager: Mounting plugin MeshEditor
LogPluginManager: Mounting plugin MobileLauncherProfileWizard
LogPluginManager: Mounting plugin PluginBrowser
LogPluginManager: Mounting plugin SpeedTreeImporter
LogPluginManager: Mounting plugin DatasmithContent
LogPluginManager: Mounting plugin AlembicImporter
LogPluginManager: Mounting plugin AppleImageUtils
LogPluginManager: Mounting plugin AppleVision
LogPluginManager: Mounting plugin BackChannel
LogPluginManager: Mounting plugin CharacterAI
LogPluginManager: Mounting plugin GeometryCache
LogPluginManager: Mounting plugin HTML5Networking
LogPluginManager: Mounting plugin ProxyLODPlugin
LogPluginManager: Mounting plugin MagicLeap
LogPluginManager: Mounting plugin MagicLeapEmulator
LogPluginManager: Mounting plugin MagicLeapMedia
LogPluginManager: Mounting plugin AndroidMedia
LogPluginManager: Mounting plugin AvfMedia
LogPluginManager: Mounting plugin ImgMedia
LogPluginManager: Mounting plugin LinearTimecode
LogPluginManager: Mounting plugin MediaCompositing
LogPluginManager: Mounting plugin MediaPlayerEditor
LogPluginManager: Mounting plugin WmfMedia
LogPluginManager: Mounting plugin TcpMessaging
LogPluginManager: Mounting plugin UdpMessaging
LogPluginManager: Mounting plugin ActorSequence
LogPluginManager: Mounting plugin LevelSequenceEditor
LogPluginManager: Mounting plugin MatineeToLevelSequence
LogPluginManager: Mounting plugin NetcodeUnitTest
LogPluginManager: Mounting plugin NUTUnrealEngine4
LogPluginManager: Mounting plugin OnlineSubsystemGooglePlay
LogPluginManager: Mounting plugin OnlineSubsystemIOS
LogPluginManager: Mounting plugin OnlineSubsystem
LogPluginManager: Mounting plugin OnlineSubsystemNull
LogPluginManager: Mounting plugin OnlineSubsystemUtils
LogPluginManager: Mounting plugin LauncherChunkInstaller
LogPluginManager: Mounting plugin AndroidDeviceProfileSelector
LogPluginManager: Mounting plugin AndroidMoviePlayer
LogPluginManager: Mounting plugin AndroidPermission
LogPluginManager: Mounting plugin AppleMoviePlayer
LogPluginManager: Mounting plugin ArchVisCharacter
LogPluginManager: Mounting plugin AudioCapture
LogPluginManager: Mounting plugin CableComponent
LogPluginManager: Mounting plugin CustomMeshComponent
LogPluginManager: Mounting plugin EditableMesh
LogPluginManager: Mounting plugin ExampleDeviceProfileSelector
LogPluginManager: Mounting plugin GoogleCloudMessaging
LogPluginManager: Mounting plugin ImmediatePhysics
LogPluginManager: Mounting plugin IOSDeviceProfileSelector
LogPluginManager: Mounting plugin LinuxDeviceProfileSelector
LogPluginManager: Mounting plugin LocationServicesBPLibrary
LogPluginManager: Mounting plugin MobilePatchingUtils
LogPluginManager: Mounting plugin OculusVR
LogPluginManager: Plugin shader directory ../../../Engine/Plugins/Runtime/Oculus/OculusVR/Shaders found
LogPluginManager: Mapping shader source directory ../../../Engine/Plugins/Runtime/Oculus/OculusVR/Shaders to virtual directory /Plugin/OculusVR
LogPluginManager: Mounting plugin PhysXVehicles
LogPluginManager: Mounting plugin ProceduralMeshComponent
LogPluginManager: Mounting plugin RuntimePhysXCooking
LogPluginManager: Mounting plugin SteamVR
LogPluginManager: Mounting plugin WindowsMoviePlayer
LogStreaming: Display: Took  0.247s to configure plugins.
LogInit: Using libcurl 7.55.1-DEV
LogInit:  - built for x86_64-pc-win32
LogInit:  - supports SSL with OpenSSL/1.0.2h
LogInit:  - supports HTTP deflate (compression) using libz 1.2.8
LogInit:  - other features:
LogInit:      CURL_VERSION_SSL
LogInit:      CURL_VERSION_LIBZ
LogInit:      CURL_VERSION_IPV6
LogInit:      CURL_VERSION_ASYNCHDNS
LogInit:      CURL_VERSION_LARGEFILE
LogInit:      CURL_VERSION_IDN
LogInit:  CurlRequestOptions (configurable via config and command line):
LogInit:  - bVerifyPeer = false  - Libcurl will NOT verify peer certificate
LogInit:  - bUseHttpProxy = false  - Libcurl will NOT use HTTP proxy
LogInit:  - bDontReuseConnections = false  - Libcurl will reuse connections
LogInit:  - CertBundlePath = nullptr  - Libcurl will use whatever was configured at build time.
LogInit:  - MaxHostConnections = 16  - Libcurl will limit the number of connections to a host
LogInit:  - LocalHostAddr = Default
LogInit:  - BufferSize = 65536
LogInit: WinSock: version 1.1 (2.2), MaxSocks=32767, MaxUdp=65467
LogInit: Build: ++UE4+Release-4.20-CL-4369336
LogInit: Engine Version: 4.20.3-4369336+++UE4+Release-4.20
LogInit: Compatible Engine Version: 4.20.0-4212847+++UE4+Release-4.20
LogInit: Net CL: 4212847
LogInit: OS: Windows 10 (), CPU: Intel(R) Core(TM) i7-6700K CPU @ 4.00GHz, GPU: NVIDIA GeForce GTX 1060 6GB
LogInit: Compiled (64-bit): Sep 17 2018 12:26:19
LogInit: Compiled with Visual C++: 19.13.26129.00
LogInit: Build Configuration: Development
LogInit: Branch Name: ++UE4+Release-4.20
LogInit: Command Line:  -skipcompile
LogInit: Base Directory: D:/Program Files/Epic Games/UE_4.20/Engine/Binaries/Win64/
LogInit: Installed Engine Build: 1
LogDevObjectVersion: Number of dev versions registered: 20
LogDevObjectVersion:   Dev-Blueprints (B0D832E4-1F89-4F0D-ACCF-7EB736FD4AA2): 10
LogDevObjectVersion:   Dev-Build (E1C64328-A22C-4D53-A36C-8E866417BD8C): 0
LogDevObjectVersion:   Dev-Core (375EC13C-06E4-48FB-B500-84F0262A717E): 2
LogDevObjectVersion:   Dev-Editor (E4B068ED-F494-42E9-A231-DA0B2E46BB41): 24
LogDevObjectVersion:   Dev-Framework (CFFC743F-43B0-4480-9391-14DF171D2073): 34
LogDevObjectVersion:   Dev-Mobile (B02B49B5-BB20-44E9-A304-32B752E40360): 2
LogDevObjectVersion:   Dev-Networking (A4E4105C-59A1-49B5-A7C5-40C4547EDFEE): 0
LogDevObjectVersion:   Dev-Online (39C831C9-5AE6-47DC-9A44-9C173E1C8E7C): 0
LogDevObjectVersion:   Dev-Physics (78F01B33-EBEA-4F98-B9B4-84EACCB95AA2): 0
LogDevObjectVersion:   Dev-Platform (6631380F-2D4D-43E0-8009-CF276956A95A): 0
LogDevObjectVersion:   Dev-Rendering (12F88B9F-8875-4AFC-A67C-D90C383ABD29): 26
LogDevObjectVersion:   Dev-Sequencer (7B5AE74C-D270-4C10-A958-57980B212A5A): 9
LogDevObjectVersion:   Dev-VR (D7296918-1DD6-4BDD-9DE2-64A83CC13884): 2
LogDevObjectVersion:   Dev-LoadTimes (C2A15278-BFE7-4AFE-6C17-90FF531DF755): 1
LogDevObjectVersion:   Private-Geometry (6EACA3D4-40EC-4CC1-B786-8BED09428FC5): 3
LogDevObjectVersion:   Dev-AnimPhys (29E575DD-E0A3-4627-9D10-D276232CDCEA): 17
LogDevObjectVersion:   Dev-ReflectionCapture (6B266CEC-1EC7-4B8F-A30B-E4D90942FC07): 1
LogDevObjectVersion:   Dev-Automation (0DF73D61-A23F-47EA-B727-89E90C41499A): 1
LogDevObjectVersion:   FortniteMain (601D1886-AC64-4F84-AA16-D3DE0DEAC7D6): 12
LogDevObjectVersion:   Dev-Enterprise (9DFFBCD6-494F-0158-E221-12823C92A888): 1
LogStreaming: Display: Took  0.015s to delete old logs.
LogInit: Presizing for max 8388607 objects, including 0 objects not considered by GC, pre-allocating 0 bytes for permanent pool.
LogInit: Object subsystem initialized
[2018.10.20-18.53.04:287][  0]LogInit: Selected Device Profile: [Windows]
[2018.10.20-18.53.04:287][  0]LogInit: Applying CVar settings loaded from the selected device profile: [Windows]
[2018.10.20-18.53.04:297][  0]LogHAL: Display: Platform has ~ 16 GB [17126547456 / 17179869184 / 16], which maps to Larger [LargestMinGB=32, LargerMinGB=12, DefaultMinGB=8, SmallerMinGB=6, SmallestMinGB=0)
[2018.10.20-18.53.04:298][  0]LogInit: Setting Device Profile CVar: [[r.Vulkan.UseRealUBs:1]]
[2018.10.20-18.53.04:298][  0]LogInit: Going up to parent DeviceProfile []
[2018.10.20-18.53.04:298][  0]LogInit: Computer: EDWARD
[2018.10.20-18.53.04:298][  0]LogInit: User: John
[2018.10.20-18.53.04:298][  0]LogInit: CPU Page size=4096, Cores=4
[2018.10.20-18.53.04:298][  0]LogInit: High frequency timer resolution =3.914065 MHz
[2018.10.20-18.53.04:299][  0]LogMemory: Memory total: Physical=16.0GB (16GB approx)
[2018.10.20-18.53.04:299][  0]LogMemory: Platform Memory Stats for Windows
[2018.10.20-18.53.04:299][  0]LogMemory: Process Physical Memory: 100.77 MB used, 100.77 MB peak
[2018.10.20-18.53.04:299][  0]LogMemory: Process Virtual Memory: 91.29 MB used, 91.29 MB peak
[2018.10.20-18.53.04:299][  0]LogMemory: Physical Memory: 7547.07 MB used,  8786.08 MB free, 16333.15 MB total
[2018.10.20-18.53.04:299][  0]LogMemory: Virtual Memory: 4640.09 MB used,  8786.08 MB free, 134217728.00 MB total
[2018.10.20-18.53.04:426][  0]LogInit: Using OS detected language (en-US).
[2018.10.20-18.53.04:426][  0]LogInit: Using OS detected locale (en-US).
[2018.10.20-18.53.04:427][  0]LogTextLocalizationManager: No specific localization for 'en-US' exists, so the 'en' localization will be used.
[2018.10.20-18.53.04:729][  0]LogStreaming: Display: Took  0.303s to InitEngineTextLocalization.
[2018.10.20-18.53.04:729][  0]LogInit: Setting process to per monitor DPI aware
[2018.10.20-18.53.04:767][  0]LogSlate: New Slate User Created.  User Index 0, Is Virtual User: 0
[2018.10.20-18.53.04:767][  0]LogSlate: Slate User Registered.  User Index 0, Is Virtual User: 0
[2018.10.20-18.53.05:004][  0]LogHMD: Failed to initialize OpenVR with code 102
[2018.10.20-18.53.05:004][  0]LogD3D11RHI: D3D11 adapters:
[2018.10.20-18.53.05:075][  0]LogD3D11RHI:    0. 'NVIDIA GeForce GTX 1060 6GB' (Feature Level 11_0)
[2018.10.20-18.53.05:075][  0]LogD3D11RHI:       6061/0/8166 MB DedicatedVideo/DedicatedSystem/SharedSystem, Outputs:1, VendorId:0x10de
[2018.10.20-18.53.05:080][  0]LogD3D11RHI:    1. 'Microsoft Basic Render Driver' (Feature Level 11_0)
[2018.10.20-18.53.05:080][  0]LogD3D11RHI:       0/0/8166 MB DedicatedVideo/DedicatedSystem/SharedSystem, Outputs:0, VendorId:0x1414
[2018.10.20-18.53.05:081][  0]LogD3D11RHI: Chosen D3D11 Adapter: 0
[2018.10.20-18.53.05:087][  0]LogD3D11RHI: Creating new Direct3DDevice
[2018.10.20-18.53.05:087][  0]LogD3D11RHI:     GPU DeviceId: 0x1c03 (for the marketing name, search the web for "GPU Device Id")
[2018.10.20-18.53.05:087][  0]LogWindows: EnumDisplayDevices:
[2018.10.20-18.53.05:088][  0]LogWindows:    0. 'NVIDIA GeForce GTX 1060 6GB' (P:1 D:1)
[2018.10.20-18.53.05:088][  0]LogWindows:    1. 'NVIDIA GeForce GTX 1060 6GB' (P:0 D:0)
[2018.10.20-18.53.05:088][  0]LogWindows:    2. 'NVIDIA GeForce GTX 1060 6GB' (P:0 D:0)
[2018.10.20-18.53.05:089][  0]LogWindows:    3. 'NVIDIA GeForce GTX 1060 6GB' (P:0 D:0)
[2018.10.20-18.53.05:089][  0]LogWindows: DebugString: FoundDriverCount:4 
[2018.10.20-18.53.05:089][  0]LogD3D11RHI:     Adapter Name: NVIDIA GeForce GTX 1060 6GB
[2018.10.20-18.53.05:089][  0]LogD3D11RHI:   Driver Version: 388.13 (internal:23.21.13.8813, unified:388.13)
[2018.10.20-18.53.05:089][  0]LogD3D11RHI:      Driver Date: 10-27-2017
[2018.10.20-18.53.05:089][  0]LogRHI: Texture pool is 4242 MB (70% of 6061 MB)
[2018.10.20-18.53.05:120][  0]LogD3D11RHI: Async texture creation enabled
[2018.10.20-18.53.05:137][  0]LogD3D11RHI: GPU Timing Frequency: 1000.000000 (Debug: 2 1)
[2018.10.20-18.53.05:186][  0]LogShaderCompilers: Guid format shader working directory is 4 characters bigger than the processId version (../../../../../../Git/SpideyCPP/SideyCPP/Intermediate/Shaders/WorkingDirectory/14012/).
[2018.10.20-18.53.05:186][  0]LogShaderCompilers: Cleaned the shader compiler working directory 'C:/Users/John/AppData/Local/Temp/UnrealShaderWorkingDir/A4681BB543FD6B8627777E8A73AD8A96/'.
[2018.10.20-18.53.05:466][  0]LogTemp: Display: Loaded TP AllDesktopTargetPlatform
[2018.10.20-18.53.05:486][  0]LogTemp: Display: Loaded TP MacClientTargetPlatform
[2018.10.20-18.53.05:507][  0]LogTemp: Display: Loaded TP MacNoEditorTargetPlatform
[2018.10.20-18.53.05:529][  0]LogTemp: Display: Loaded TP MacServerTargetPlatform
[2018.10.20-18.53.05:550][  0]LogTemp: Display: Loaded TP MacTargetPlatform
[2018.10.20-18.53.05:570][  0]LogTemp: Display: Loaded TP WindowsClientTargetPlatform
[2018.10.20-18.53.05:591][  0]LogTemp: Display: Loaded TP WindowsNoEditorTargetPlatform
[2018.10.20-18.53.05:611][  0]LogTemp: Display: Loaded TP WindowsServerTargetPlatform
[2018.10.20-18.53.05:625][  0]LogTemp: Display: Loaded TP WindowsTargetPlatform
[2018.10.20-18.53.05:710][  0]LogTemp: Display: Loaded TP AndroidTargetPlatform
[2018.10.20-18.53.05:710][  0]LogTemp: Display: Loaded TP AndroidTargetPlatform
[2018.10.20-18.53.05:710][  0]LogTemp: Display: Loaded TP AndroidTargetPlatform
[2018.10.20-18.53.05:711][  0]LogTemp: Display: Loaded TP AndroidTargetPlatform
[2018.10.20-18.53.05:711][  0]LogTemp: Display: Loaded TP AndroidTargetPlatform
[2018.10.20-18.53.05:711][  0]LogTemp: Display: Loaded TP AndroidTargetPlatform
[2018.10.20-18.53.05:711][  0]LogTemp: Display: Loaded TP AndroidTargetPlatform
[2018.10.20-18.53.05:711][  0]LogTemp: Display: Loaded TP AndroidTargetPlatform
[2018.10.20-18.53.05:711][  0]LogTemp: Display: Loaded TP AndroidTargetPlatform
[2018.10.20-18.53.05:711][  0]LogTemp: Display: Loaded TP AndroidTargetPlatform
[2018.10.20-18.53.05:711][  0]LogTemp: Display: Loaded TP AndroidTargetPlatform
[2018.10.20-18.53.05:711][  0]LogTemp: Display: Loaded TP AndroidTargetPlatform
[2018.10.20-18.53.05:711][  0]LogTemp: Display: Loaded TP AndroidTargetPlatform
[2018.10.20-18.53.05:711][  0]LogTemp: Display: Loaded TP AndroidTargetPlatform
[2018.10.20-18.53.05:711][  0]LogTemp: Display: Loaded TP AndroidTargetPlatform
[2018.10.20-18.53.05:712][  0]LogTemp: Display: Loaded TP AndroidTargetPlatform
[2018.10.20-18.53.05:712][  0]LogTemp: Display: Loaded TP AndroidTargetPlatform
[2018.10.20-18.53.05:712][  0]LogTemp: Display: Loaded TP AndroidTargetPlatform
[2018.10.20-18.53.05:718][  0]LogTemp: Display: Loaded TP HTML5TargetPlatform
[2018.10.20-18.53.05:798][  0]LogTemp: Display: Loaded TP IOSTargetPlatform
[2018.10.20-18.53.05:798][  0]LogTemp: Display: Loaded TP IOSTargetPlatform
[2018.10.20-18.53.05:826][  0]LogTemp: Display: Loaded TP TVOSTargetPlatform
[2018.10.20-18.53.05:826][  0]LogTemp: Display: Loaded TP TVOSTargetPlatform
[2018.10.20-18.53.05:842][  0]LogTemp: Display: Loaded TP LinuxClientTargetPlatform
[2018.10.20-18.53.05:860][  0]LogTemp: Display: Loaded TP LinuxNoEditorTargetPlatform
[2018.10.20-18.53.05:876][  0]LogTemp: Display: Loaded TP LinuxServerTargetPlatform
[2018.10.20-18.53.05:895][  0]LogTemp: Display: Loaded TP LinuxTargetPlatform
[2018.10.20-18.53.05:909][  0]LogTemp: Display: Loaded TP LuminTargetPlatform
[2018.10.20-18.53.05:909][  0]LogTargetPlatformManager: Display: Building Assets For Windows
[2018.10.20-18.53.06:125][  0]LogXGEController: Cleaning working directory: C:/Users/John/AppData/Local/Temp/UnrealXGEWorkingDir/
[2018.10.20-18.53.06:125][  0]LogXGEController: Cannot use XGE Controller as Incredibuild is not installed on this machine.
[2018.10.20-18.53.06:126][  0]LogShaderCompilers: Cannot use XGE Shader Compiler as Incredibuild is not installed on this machine.
[2018.10.20-18.53.06:126][  0]LogShaderCompilers: Display: Using Local Shader Compiler.
[2018.10.20-18.53.06:953][  0]LogDerivedDataCache: Display: Max Cache Size: 512 MB
[2018.10.20-18.53.07:000][  0]LogDerivedDataCache: Loaded boot cache 0.05s 71MB C:/Users/John/AppData/Local/UnrealEngine/4.20/DerivedDataCache/Boot.ddc.
[2018.10.20-18.53.07:001][  0]LogDerivedDataCache: Display: Loaded Boot cache: C:/Users/John/AppData/Local/UnrealEngine/4.20/DerivedDataCache/Boot.ddc
[2018.10.20-18.53.07:001][  0]LogDerivedDataCache: FDerivedDataBackendGraph:  Pak pak cache file ../../../../../../Git/SpideyCPP/SideyCPP/DerivedDataCache/DDC.ddp not found, will not use a pak cache.
[2018.10.20-18.53.07:001][  0]LogDerivedDataCache: Unable to find inner node Pak for hierarchical cache Hierarchy.
[2018.10.20-18.53.07:002][  0]LogDerivedDataCache: FDerivedDataBackendGraph:  CompressedPak pak cache file ../../../../../../Git/SpideyCPP/SideyCPP/DerivedDataCache/Compressed.ddp not found, will not use a pak cache.
[2018.10.20-18.53.07:002][  0]LogDerivedDataCache: Unable to find inner node CompressedPak for hierarchical cache Hierarchy.
[2018.10.20-18.53.07:013][  0]LogDerivedDataCache: Display: Pak cache opened for reading ../../../Engine/DerivedDataCache/Compressed.ddp.
[2018.10.20-18.53.07:026][  0]LogDerivedDataCache: Using Local data cache path C:/Users/John/AppData/Local/UnrealEngine/Common/DerivedDataCache: Writable
[2018.10.20-18.53.07:026][  0]LogDerivedDataCache: Shared data cache path not found in *engine.ini, will not use an Shared cache.
[2018.10.20-18.53.07:026][  0]LogDerivedDataCache: Unable to find inner node Shared for hierarchical cache Hierarchy.
[2018.10.20-18.53.07:041][  0]LogMaterial: Verifying Global Shaders for PCD3D_SM5
[2018.10.20-18.53.07:043][  0]LogSlate: Using FreeType 2.6.0
[2018.10.20-18.53.07:044][  0]LogSlate: SlateFontServices - WITH_FREETYPE: 1, WITH_HARFBUZZ: 1
[2018.10.20-18.53.07:121][  0]LogAssetRegistry: FAssetRegistry took 0.0289 seconds to start up
[2018.10.20-18.53.07:452][  0]LogInit: Selected Device Profile: [Windows]
[2018.10.20-18.53.07:632][  0]LogSimplygon: Simplygon DLL not present - disabling.
[2018.10.20-18.53.07:653][  0]LogMeshReduction: Using SimplygonSwarm for distributed automatic mesh merging
[2018.10.20-18.53.07:654][  0]LogMeshReduction: Using ProxyLODMeshReduction for automatic mesh merging
[2018.10.20-18.53.07:654][  0]LogMeshReduction: Using QuadricMeshReduction for automatic static mesh reduction
[2018.10.20-18.53.07:654][  0]LogMeshReduction: No automatic skeletal mesh reduction module available
[2018.10.20-18.53.07:674][  0]LogNetVersion: SideyCPP 1.0.0, NetCL: 4212847, EngineNetVer: 5, GameNetVer: 0 (Checksum: 583984258)
[2018.10.20-18.53.08:268][  0]LogPackageLocalizationCache: Processed 11 localized package path(s) for 2 prioritized culture(s) in 0.125867 seconds
[2018.10.20-18.53.08:274][  0]LogUObjectArray: 38425 objects as part of root set at end of initial load.
[2018.10.20-18.53.08:274][  0]LogUObjectAllocator: 6690872 out of 0 bytes used by permanent object pool.
[2018.10.20-18.53.08:274][  0]LogUObjectArray: CloseDisregardForGC: 0/0 objects in disregard for GC pool
[2018.10.20-18.53.09:461][  0]LogTcpMessaging: Initializing TcpMessaging bridge
[2018.10.20-18.53.09:482][  0]LogUdpMessaging: Initializing bridge on interface 0.0.0.0:0 to multicast group 230.0.0.1:6666.
[2018.10.20-18.53.09:747][  0]SourceControl: Source control is disabled
[2018.10.20-18.53.09:747][  0]SourceControl: Source control is disabled
[2018.10.20-18.53.09:761][  0]SourceControl: Source control is disabled
[2018.10.20-18.53.09:768][  0]SourceControl: Source control is disabled
[2018.10.20-18.53.10:201][  0]LogAndroidPermission: UAndroidPermissionCallbackProxy::GetInstance
[2018.10.20-18.53.10:389][  0]LogOcInput: OculusInput pre-init called
[2018.10.20-18.53.10:478][  0]LogEngine: Initializing Engine...
[2018.10.20-18.53.10:480][  0]LogHMD: Failed to initialize OpenVR with code 102
[2018.10.20-18.53.10:481][  0]LogStats: UGameplayTagsManager::ConstructGameplayTagTree: ImportINI prefixes -  0.000 s
[2018.10.20-18.53.10:481][  0]LogStats: UGameplayTagsManager::ConstructGameplayTagTree: Construct from data asset -  0.000 s
[2018.10.20-18.53.10:482][  0]LogStats: UGameplayTagsManager::ConstructGameplayTagTree: ImportINI -  0.000 s
[2018.10.20-18.53.10:482][  0]LogStats: UGameplayTagsManager::ConstructGameplayTagTree: GameplayTagTreeChangedEvent.Broadcast -  0.000 s
[2018.10.20-18.53.10:683][  0]LogInit: Initializing FReadOnlyCVARCache
[2018.10.20-18.53.10:711][  0]LogAIModule: Creating AISystem for world Untitled
[2018.10.20-18.53.10:788][  0]LogInit: XAudio2 using 'Headset Earphone (Razer ManO'War)' : 2 channels at 48 kHz using 16 bits per sample (channel mask 0x3)
[2018.10.20-18.53.10:889][  0]LogInit: FAudioDevice initialized.
[2018.10.20-18.53.10:890][  0]LogNetVersion: Set ProjectVersion to 1.0.0.0. Version Checksum will be recalculated on next use.
[2018.10.20-18.53.11:010][  0]LogDerivedDataCache: Saved boot cache 0.12s 71MB C:/Users/John/AppData/Local/UnrealEngine/4.20/DerivedDataCache/Boot.ddc.
[2018.10.20-18.53.11:011][  0]LogInit: Texture streaming: Enabled
[2018.10.20-18.53.11:054][  0]LogEngineSessionManager: EngineSessionManager initialized
[2018.10.20-18.53.11:073][  0]LogInit: Transaction tracking system initialized
[2018.10.20-18.53.11:141][  0]BlueprintLog: New page: Editor Load
[2018.10.20-18.53.11:496][  0]LocalizationService: Localization service is disabled
[2018.10.20-18.53.11:914][  0]LogCook: Display: Max memory allowance for cook 16384mb min free memory 0mb
[2018.10.20-18.53.11:914][  0]LogCook: Display: Mobile HDR setting 1
[2018.10.20-18.53.11:914][  0]LogGameplayTags: Display: UGameplayTagsManager::DoneAddingNativeTags. DelegateIsBound: 0
[2018.10.20-18.53.11:914][  0]LogStats: UGameplayTagsManager::ConstructGameplayTagTree: ImportINI prefixes -  0.000 s
[2018.10.20-18.53.11:915][  0]LogStats: UGameplayTagsManager::ConstructGameplayTagTree: Construct from data asset -  0.000 s
[2018.10.20-18.53.11:915][  0]LogStats: UGameplayTagsManager::ConstructGameplayTagTree: ImportINI -  0.000 s
[2018.10.20-18.53.11:915][  0]LogStats: UGameplayTagsManager::ConstructGameplayTagTree: GameplayTagTreeChangedEvent.Broadcast -  0.000 s
[2018.10.20-18.53.12:141][  0]LogFileCache: Scanning file cache for directory 'D:/Git/SpideyCPP/SideyCPP/Content/' took 0.02s
[2018.10.20-18.53.12:230][  0]SourceControl: Source control is disabled
[2018.10.20-18.53.12:230][  0]Cmd: MAP LOAD FILE="../../../../../../Git/SpideyCPP/SideyCPP/Content/StarterContent/Maps/Minimal_Default.umap" TEMPLATE=0 SHOWPROGRESS=1 FEATURELEVEL=3
[2018.10.20-18.53.12:231][  0]LightingResults: New page: Lighting Build
[2018.10.20-18.53.12:235][  0]MapCheck: New page: Map Check
[2018.10.20-18.53.12:235][  0]LightingResults: New page: Lighting Build
[2018.10.20-18.53.12:473][  0]LogAIModule: Creating AISystem for world Minimal_Default
[2018.10.20-18.53.12:488][  0]LogEditorServer: Finished looking for orphan Actors (0.000 secs)
[2018.10.20-18.53.12:508][  0]Cmd: MAP CHECKDEP NOCLEARLOG
[2018.10.20-18.53.12:717][  0]MapCheck: Map check complete: 0 Error(s), 0 Warning(s), took 207.616ms to complete.
[2018.10.20-18.53.12:717][  0]LogFileHelpers: Loading map 'Minimal_Default' took 0.486
[2018.10.20-18.53.12:821][  0]LogSlate: Updating window title bar state: overlay mode, drag disabled, window buttons hidden, title bar hidden
[2018.10.20-18.53.12:828][  0]LogSlate: Updating window title bar state: overlay mode, drag disabled, window buttons hidden, title bar hidden
[2018.10.20-18.53.12:834][  0]LogSlate: Updating window title bar state: overlay mode, drag disabled, window buttons hidden, title bar hidden
[2018.10.20-18.53.12:839][  0]LogSlate: Updating window title bar state: overlay mode, drag disabled, window buttons hidden, title bar hidden
[2018.10.20-18.53.12:855][  0]LogCollectionManager: Loaded 0 collections in 0.002787 seconds
[2018.10.20-18.53.12:905][  0]LogFileCache: Scanning file cache for directory 'D:/Git/SpideyCPP/SideyCPP/Saved/Collections/' took 0.01s
[2018.10.20-18.53.12:905][  0]LogFileCache: Scanning file cache for directory 'D:/Git/SpideyCPP/SideyCPP/Content/Developers/John/Collections/' took 0.01s
[2018.10.20-18.53.12:905][  0]LogFileCache: Scanning file cache for directory 'D:/Git/SpideyCPP/SideyCPP/Content/Collections/' took 0.01s
[2018.10.20-18.53.12:905][  0]LogCollectionManager: Rebuilt the GUID cache for 0 collections in 0.000000 seconds
[2018.10.20-18.53.12:914][  0]LogContentBrowser: Native class hierarchy populated in 0.0084 seconds. Added 2576 classes and 605 folders.
[2018.10.20-18.53.12:923][  0]LogContentBrowser: Native class hierarchy updated for 'WidgetCarousel' in 0.0003 seconds. Added 0 classes and 0 folders.
[2018.10.20-18.53.12:983][  0]LogContentBrowser: Native class hierarchy updated for 'AddContentDialog' in 0.0004 seconds. Added 0 classes and 0 folders.
[2018.10.20-18.53.12:996][  0]LogContentBrowser: Native class hierarchy updated for 'SceneOutliner' in 0.0004 seconds. Added 1 classes and 2 folders.
[2018.10.20-18.53.13:008][  0]LogSlate: Took 0.000192 seconds to synchronously load lazily loaded font '../../../Engine/Content/Slate/Fonts/Roboto-Regular.ttf' (155K)
[2018.10.20-18.53.13:010][  0]LogSlate: Took 0.000193 seconds to synchronously load lazily loaded font '../../../Engine/Content/Slate/Fonts/Roboto-Bold.ttf' (160K)
[2018.10.20-18.53.13:015][  0]LogSlate: Took 0.000274 seconds to synchronously load lazily loaded font '../../../Engine/Content/Editor/Slate/Fonts/FontAwesome.ttf' (139K)
[2018.10.20-18.53.13:086][  0]LogRenderer: Reallocating scene render targets to support 1168x600 Format 10 NumSamples 1 (Frame:1).
[2018.10.20-18.53.13:135][  0]LogSlate: Took 0.000242 seconds to synchronously load lazily loaded font '../../../Engine/Content/Slate/Fonts/Roboto-Light.ttf' (167K)
[2018.10.20-18.53.13:244][  0]LogContentBrowser: Native class hierarchy updated for 'HierarchicalLODOutliner' in 0.0004 seconds. Added 0 classes and 0 folders.
[2018.10.20-18.53.13:244][  0]LogLoad: (Engine Initialization) Total time: 11.50 seconds
[2018.10.20-18.53.13:244][  0]LogLoad: (Engine Initialization) Total Blueprint compile time: 0.00 seconds
[2018.10.20-18.53.13:277][  0]LogAssetRegistry: Asset discovery search completed in 6.1807 seconds
[2018.10.20-18.53.13:278][  0]LogCollectionManager: Rebuilt the object cache for 0 collections in 0.000000 seconds (found 0 objects)
[2018.10.20-18.53.13:279][  0]LogCollectionManager: Fixed up redirectors for 0 collections in 0.000122 seconds (updated 0 objects)
[2018.10.20-18.53.13:280][  0]LogContentStreaming: Texture pool size now 1000 MB
[2018.10.20-18.53.51:172][179]LogSlate: FSceneViewport::OnFocusLost() reason 0
[2018.10.20-18.53.51:247][188]LogTemp: Repeating last play command: Selected Viewport
[2018.10.20-18.53.51:259][188]LogBlueprintUserMessages: Early PlayInEditor Detection: Level '/Game/StarterContent/Maps/Minimal_Default.Minimal_Default:PersistentLevel' has LevelScriptBlueprint '/Game/StarterContent/Maps/Minimal_Default.Minimal_Default:PersistentLevel.Minimal_Default' with GeneratedClass '/Game/StarterContent/Maps/Minimal_Default.Minimal_Default_C' with ClassGeneratedBy '/Game/StarterContent/Maps/Minimal_Default.Minimal_Default:PersistentLevel.Minimal_Default'
[2018.10.20-18.53.51:260][188]LogPlayLevel: PlayLevel: No blueprints needed recompiling
[2018.10.20-18.53.51:274][188]PIE: New page: PIE session: Minimal_Default (Oct 20, 2018, 8:53:51 PM)
[2018.10.20-18.53.51:275][188]LogPlayLevel: Creating play world package: /Game/StarterContent/Maps/UEDPIE_0_Minimal_Default
[2018.10.20-18.53.51:280][188]LogPlayLevel: PIE: StaticDuplicateObject took: (0.005194s)
[2018.10.20-18.53.51:281][188]LogAIModule: Creating AISystem for world Minimal_Default
[2018.10.20-18.53.51:281][188]LogPlayLevel: PIE: World Init took: (0.001072s)
[2018.10.20-18.53.51:281][188]LogPlayLevel: PIE: Created PIE world by copying editor world from /Game/StarterContent/Maps/Minimal_Default.Minimal_Default to /Game/StarterContent/Maps/UEDPIE_0_Minimal_Default.Minimal_Default (0.006639s)
[2018.10.20-18.53.51:338][188]LogInit: XAudio2 using 'Headset Earphone (Razer ManO'War)' : 2 channels at 48 kHz using 16 bits per sample (channel mask 0x3)
[2018.10.20-18.53.51:410][188]LogInit: FAudioDevice initialized.
[2018.10.20-18.53.51:582][188]LogLoad: Game class is 'MySideyCPPGameModeBase_C'
[2018.10.20-18.53.51:584][188]LogWorld: Bringing World /Game/StarterContent/Maps/UEDPIE_0_Minimal_Default.Minimal_Default up for play (max tick rate 0) at 2018.10.20-19.53.51
[2018.10.20-18.53.51:585][188]LogWorld: Bringing up level for play took: 0.001398
[2018.10.20-18.53.51:607][188]LogContentBrowser: Native class hierarchy updated for 'MovieSceneCapture' in 0.0005 seconds. Added 10 classes and 0 folders.
[2018.10.20-18.53.51:610][188]PIE: Play in editor start time for /Game/StarterContent/Maps/UEDPIE_0_Minimal_Default -0.575
[2018.10.20-18.53.51:610][188]LogBlueprintUserMessages: Late PlayInEditor Detection: Level '/Game/StarterContent/Maps/Minimal_Default.Minimal_Default:PersistentLevel' has LevelScriptBlueprint '/Game/StarterContent/Maps/Minimal_Default.Minimal_Default:PersistentLevel.Minimal_Default' with GeneratedClass '/Game/StarterContent/Maps/Minimal_Default.Minimal_Default_C' with ClassGeneratedBy '/Game/StarterContent/Maps/Minimal_Default.Minimal_Default:PersistentLevel.Minimal_Default'
[2018.10.20-18.53.51:611][188]LogBlueprintUserMessages: [Player_C_0] X=-1.000 Y=0.000 Z=0.000
[2018.10.20-18.53.51:636][189]LogBlueprintUserMessages: [Player_C_0] X=-1.000 Y=0.000 Z=0.000
[2018.10.20-18.53.51:648][190]LogBlueprintUserMessages: [Player_C_0] X=-1.000 Y=0.000 Z=0.000
[2018.10.20-18.53.51:656][191]LogBlueprintUserMessages: [Player_C_0] X=-1.000 Y=0.000 Z=0.000
[2018.10.20-18.53.51:664][192]LogBlueprintUserMessages: [Player_C_0] X=-1.000 Y=0.000 Z=0.000
[2018.10.20-18.53.51:675][193]LogBlueprintUserMessages: [Player_C_0] X=-1.000 Y=0.000 Z=0.000
[2018.10.20-18.53.51:689][194]LogBlueprintUserMessages: [Player_C_0] X=-1.000 Y=0.000 Z=0.000
[2018.10.20-18.53.51:695][195]LogBlueprintUserMessages: [Player_C_0] X=-1.000 Y=0.000 Z=0.000
[2018.10.20-18.53.51:703][196]LogBlueprintUserMessages: [Player_C_0] X=-1.000 Y=0.000 Z=0.000
[2018.10.20-18.53.51:711][197]LogBlueprintUserMessages: [Player_C_0] X=-1.000 Y=0.000 Z=0.000
[2018.10.20-18.53.51:720][198]LogBlueprintUserMessages: [Player_C_0] X=-1.000 Y=0.000 Z=0.000
[2018.10.20-18.53.51:728][199]LogBlueprintUserMessages: [Player_C_0] X=-1.000 Y=0.000 Z=0.000
[2018.10.20-18.53.51:736][200]LogBlueprintUserMessages: [Player_C_0] X=-1.000 Y=0.000 Z=0.000
[2018.10.20-18.53.51:745][201]LogBlueprintUserMessages: [Player_C_0] X=-1.000 Y=0.000 Z=0.000
[2018.10.20-18.53.51:753][202]LogBlueprintUserMessages: [Player_C_0] X=-1.000 Y=0.000 Z=0.000
[2018.10.20-18.53.51:762][203]LogBlueprintUserMessages: [Player_C_0] X=-1.000 Y=0.000 Z=0.000
[2018.10.20-18.53.51:770][204]LogBlueprintUserMessages: [Player_C_0] X=-1.000 Y=0.000 Z=0.000
[2018.10.20-18.53.51:778][205]LogBlueprintUserMessages: [Player_C_0] X=-1.000 Y=0.000 Z=0.000
[2018.10.20-18.53.51:786][206]LogBlueprintUserMessages: [Player_C_0] X=-1.000 Y=0.000 Z=0.000
[2018.10.20-18.53.51:794][207]LogBlueprintUserMessages: [Player_C_0] X=-1.000 Y=0.000 Z=0.000
[2018.10.20-18.53.51:803][208]LogBlueprintUserMessages: [Player_C_0] X=-1.000 Y=0.000 Z=0.000
[2018.10.20-18.53.51:811][209]LogBlueprintUserMessages: [Player_C_0] X=-1.000 Y=0.000 Z=0.000
[2018.10.20-18.53.51:819][210]LogBlueprintUserMessages: [Player_C_0] X=-1.000 Y=0.000 Z=0.000
[2018.10.20-18.53.51:827][211]LogBlueprintUserMessages: [Player_C_0] X=-1.000 Y=0.000 Z=0.000
[2018.10.20-18.53.51:836][212]LogBlueprintUserMessages: [Player_C_0] X=-1.000 Y=0.000 Z=0.000
[2018.10.20-18.53.51:844][213]LogBlueprintUserMessages: [Player_C_0] X=-1.000 Y=0.000 Z=0.000
[2018.10.20-18.53.51:852][214]LogBlueprintUserMessages: [Player_C_0] X=-1.000 Y=0.000 Z=0.000
[2018.10.20-18.53.51:861][215]LogBlueprintUserMessages: [Player_C_0] X=-1.000 Y=0.000 Z=0.000
[2018.10.20-18.53.51:869][216]LogBlueprintUserMessages: [Player_C_0] X=-1.000 Y=0.000 Z=0.000
[2018.10.20-18.53.51:878][217]LogBlueprintUserMessages: [Player_C_0] X=-1.000 Y=0.000 Z=0.000
[2018.10.20-18.53.51:886][218]LogBlueprintUserMessages: [Player_C_0] X=-1.000 Y=0.000 Z=0.000
[2018.10.20-18.53.51:894][219]LogBlueprintUserMessages: [Player_C_0] X=-1.000 Y=0.000 Z=0.000
[2018.10.20-18.53.51:903][220]LogBlueprintUserMessages: [Player_C_0] X=-1.000 Y=0.000 Z=0.000
[2018.10.20-18.53.51:911][221]LogBlueprintUserMessages: [Player_C_0] X=-1.000 Y=0.000 Z=0.000
[2018.10.20-18.53.51:919][222]LogBlueprintUserMessages: [Player_C_0] X=-1.000 Y=0.000 Z=0.000
[2018.10.20-18.53.51:929][223]LogBlueprintUserMessages: [Player_C_0] X=-1.000 Y=0.000 Z=0.000
[2018.10.20-18.53.51:943][224]LogBlueprintUserMessages: [Player_C_0] X=-1.000 Y=0.000 Z=0.000
[2018.10.20-18.53.51:951][225]LogBlueprintUserMessages: [Player_C_0] X=-1.000 Y=0.000 Z=0.000
[2018.10.20-18.53.51:959][226]LogBlueprintUserMessages: [Player_C_0] X=-1.000 Y=0.000 Z=0.000
[2018.10.20-18.53.51:968][227]LogBlueprintUserMessages: [Player_C_0] X=-1.000 Y=0.003 Z=0.000
[2018.10.20-18.53.51:976][228]LogBlueprintUserMessages: [Player_C_0] X=-1.000 Y=0.003 Z=0.000
[2018.10.20-18.53.51:984][229]LogBlueprintUserMessages: [Player_C_0] X=-1.000 Y=0.000 Z=0.000
[2018.10.20-18.53.51:993][230]LogBlueprintUserMessages: [Player_C_0] X=-1.000 Y=0.003 Z=0.000
[2018.10.20-18.53.52:001][231]LogBlueprintUserMessages: [Player_C_0] X=-1.000 Y=0.003 Z=0.000
[2018.10.20-18.53.52:010][232]LogBlueprintUserMessages: [Player_C_0] X=-1.000 Y=0.005 Z=0.000
[2018.10.20-18.53.52:018][233]LogBlueprintUserMessages: [Player_C_0] X=-1.000 Y=0.007 Z=0.000
[2018.10.20-18.53.52:027][234]LogBlueprintUserMessages: [Player_C_0] X=-1.000 Y=0.009 Z=0.000
[2018.10.20-18.53.52:035][235]LogBlueprintUserMessages: [Player_C_0] X=-1.000 Y=0.013 Z=0.000
[2018.10.20-18.53.52:043][236]LogBlueprintUserMessages: [Player_C_0] X=-1.000 Y=0.015 Z=0.000
[2018.10.20-18.53.52:051][237]LogBlueprintUserMessages: [Player_C_0] X=-1.000 Y=0.018 Z=0.000
[2018.10.20-18.53.52:060][238]LogBlueprintUserMessages: [Player_C_0] X=-1.000 Y=0.018 Z=0.000
[2018.10.20-18.53.52:068][239]LogBlueprintUserMessages: [Player_C_0] X=-1.000 Y=0.018 Z=0.000
[2018.10.20-18.53.52:076][240]LogBlueprintUserMessages: [Player_C_0] X=-1.000 Y=0.020 Z=0.000
[2018.10.20-18.53.52:084][241]LogBlueprintUserMessages: [Player_C_0] X=-1.000 Y=0.025 Z=0.000
[2018.10.20-18.53.52:093][242]LogBlueprintUserMessages: [Player_C_0] X=-0.999 Y=0.034 Z=0.000
[2018.10.20-18.53.52:101][243]LogBlueprintUserMessages: [Player_C_0] X=-0.999 Y=0.049 Z=0.000
[2018.10.20-18.53.52:109][244]LogBlueprintUserMessages: [Player_C_0] X=-0.998 Y=0.068 Z=0.000
[2018.10.20-18.53.52:118][245]LogBlueprintUserMessages: [Player_C_0] X=-0.996 Y=0.091 Z=0.000
[2018.10.20-18.53.52:126][246]LogBlueprintUserMessages: [Player_C_0] X=-0.993 Y=0.115 Z=0.000
[2018.10.20-18.53.52:135][247]LogBlueprintUserMessages: [Player_C_0] X=-0.989 Y=0.145 Z=0.000
[2018.10.20-18.53.52:143][248]LogBlueprintUserMessages: [Player_C_0] X=-0.984 Y=0.178 Z=0.000
[2018.10.20-18.53.52:152][249]LogBlueprintUserMessages: [Player_C_0] X=-0.976 Y=0.220 Z=0.000
[2018.10.20-18.53.52:160][250]LogBlueprintUserMessages: [Player_C_0] X=-0.964 Y=0.267 Z=0.000
[2018.10.20-18.53.52:168][251]LogBlueprintUserMessages: [Player_C_0] X=-0.945 Y=0.327 Z=0.000
[2018.10.20-18.53.52:176][252]LogBlueprintUserMessages: [Player_C_0] X=-0.919 Y=0.394 Z=0.000
[2018.10.20-18.53.52:185][253]LogBlueprintUserMessages: [Player_C_0] X=-0.883 Y=0.469 Z=0.000
[2018.10.20-18.53.52:193][254]LogBlueprintUserMessages: [Player_C_0] X=-0.834 Y=0.552 Z=0.000
[2018.10.20-18.53.52:202][255]LogBlueprintUserMessages: [Player_C_0] X=-0.769 Y=0.639 Z=0.000
[2018.10.20-18.53.52:210][256]LogBlueprintUserMessages: [Player_C_0] X=-0.687 Y=0.727 Z=0.000
[2018.10.20-18.53.52:218][257]LogBlueprintUserMessages: [Player_C_0] X=-0.587 Y=0.809 Z=0.000
[2018.10.20-18.53.52:227][258]LogBlueprintUserMessages: [Player_C_0] X=-0.473 Y=0.881 Z=0.000
[2018.10.20-18.53.52:235][259]LogBlueprintUserMessages: [Player_C_0] X=-0.345 Y=0.939 Z=0.000
[2018.10.20-18.53.52:243][260]LogBlueprintUserMessages: [Player_C_0] X=-0.207 Y=0.978 Z=0.000
[2018.10.20-18.53.52:252][261]LogBlueprintUserMessages: [Player_C_0] X=-0.065 Y=0.998 Z=0.000
[2018.10.20-18.53.52:260][262]LogBlueprintUserMessages: [Player_C_0] X=0.079 Y=0.997 Z=0.000
[2018.10.20-18.53.52:268][263]LogBlueprintUserMessages: [Player_C_0] X=0.222 Y=0.975 Z=0.000
[2018.10.20-18.53.52:277][264]LogBlueprintUserMessages: [Player_C_0] X=0.358 Y=0.934 Z=0.000
[2018.10.20-18.53.52:285][265]LogBlueprintUserMessages: [Player_C_0] X=0.483 Y=0.875 Z=0.000
[2018.10.20-18.53.52:293][266]LogBlueprintUserMessages: [Player_C_0] X=0.592 Y=0.806 Z=0.000
[2018.10.20-18.53.52:302][267]LogBlueprintUserMessages: [Player_C_0] X=0.687 Y=0.727 Z=0.000
[2018.10.20-18.53.52:310][268]LogBlueprintUserMessages: [Player_C_0] X=0.767 Y=0.642 Z=0.000
[2018.10.20-18.53.52:318][269]LogBlueprintUserMessages: [Player_C_0] X=0.831 Y=0.557 Z=0.000
[2018.10.20-18.53.52:327][270]LogBlueprintUserMessages: [Player_C_0] X=0.879 Y=0.477 Z=0.000
[2018.10.20-18.53.52:335][271]LogBlueprintUserMessages: [Player_C_0] X=0.912 Y=0.410 Z=0.000
[2018.10.20-18.53.52:343][272]LogBlueprintUserMessages: [Player_C_0] X=0.935 Y=0.355 Z=0.000
[2018.10.20-18.53.52:351][273]LogBlueprintUserMessages: [Player_C_0] X=0.949 Y=0.314 Z=0.000
[2018.10.20-18.53.52:359][274]LogBlueprintUserMessages: [Player_C_0] X=0.957 Y=0.289 Z=0.000
[2018.10.20-18.53.52:367][275]LogBlueprintUserMessages: [Player_C_0] X=0.961 Y=0.275 Z=0.000
[2018.10.20-18.53.52:376][276]LogBlueprintUserMessages: [Player_C_0] X=0.964 Y=0.266 Z=0.000
[2018.10.20-18.53.52:384][277]LogBlueprintUserMessages: [Player_C_0] X=0.964 Y=0.266 Z=0.000
[2018.10.20-18.53.52:392][278]LogBlueprintUserMessages: [Player_C_0] X=0.964 Y=0.266 Z=0.000
[2018.10.20-18.53.52:401][279]LogBlueprintUserMessages: [Player_C_0] X=0.964 Y=0.266 Z=0.000
[2018.10.20-18.53.52:409][280]LogBlueprintUserMessages: [Player_C_0] X=0.964 Y=0.266 Z=0.000
[2018.10.20-18.53.52:418][281]LogBlueprintUserMessages: [Player_C_0] X=0.964 Y=0.266 Z=0.000
[2018.10.20-18.53.52:426][282]LogBlueprintUserMessages: [Player_C_0] X=0.964 Y=0.266 Z=0.000
[2018.10.20-18.53.52:434][283]LogBlueprintUserMessages: [Player_C_0] X=0.964 Y=0.266 Z=0.000
[2018.10.20-18.53.52:442][284]LogBlueprintUserMessages: [Player_C_0] X=0.964 Y=0.266 Z=0.000
[2018.10.20-18.53.52:451][285]LogBlueprintUserMessages: [Player_C_0] X=0.964 Y=0.266 Z=0.000
[2018.10.20-18.53.52:459][286]LogBlueprintUserMessages: [Player_C_0] X=0.964 Y=0.266 Z=0.000
[2018.10.20-18.53.52:468][287]LogBlueprintUserMessages: [Player_C_0] X=0.964 Y=0.266 Z=0.000
[2018.10.20-18.53.52:476][288]LogBlueprintUserMessages: [Player_C_0] X=0.964 Y=0.266 Z=0.000
[2018.10.20-18.53.52:485][289]LogBlueprintUserMessages: [Player_C_0] X=0.963 Y=0.268 Z=0.000
[2018.10.20-18.53.52:493][290]LogBlueprintUserMessages: [Player_C_0] X=0.963 Y=0.271 Z=0.000
[2018.10.20-18.53.52:501][291]LogBlueprintUserMessages: [Player_C_0] X=0.962 Y=0.274 Z=0.000
[2018.10.20-18.53.52:510][292]LogBlueprintUserMessages: [Player_C_0] X=0.959 Y=0.283 Z=0.000
[2018.10.20-18.53.52:518][293]LogBlueprintUserMessages: [Player_C_0] X=0.957 Y=0.289 Z=0.000
[2018.10.20-18.53.52:526][294]LogBlueprintUserMessages: [Player_C_0] X=0.956 Y=0.294 Z=0.000
[2018.10.20-18.53.52:535][295]LogBlueprintUserMessages: [Player_C_0] X=0.954 Y=0.300 Z=0.000
[2018.10.20-18.53.52:543][296]LogBlueprintUserMessages: [Player_C_0] X=0.952 Y=0.306 Z=0.000
[2018.10.20-18.53.52:551][297]LogBlueprintUserMessages: [Player_C_0] X=0.950 Y=0.311 Z=0.000
[2018.10.20-18.53.52:560][298]LogBlueprintUserMessages: [Player_C_0] X=0.949 Y=0.316 Z=0.000
[2018.10.20-18.53.52:568][299]LogBlueprintUserMessages: [Player_C_0] X=0.946 Y=0.324 Z=0.000
[2018.10.20-18.53.52:578][300]LogBlueprintUserMessages: [Player_C_0] X=0.943 Y=0.333 Z=0.000
[2018.10.20-18.53.52:585][301]LogBlueprintUserMessages: [Player_C_0] X=0.938 Y=0.346 Z=0.000
[2018.10.20-18.53.52:593][302]LogBlueprintUserMessages: [Player_C_0] X=0.932 Y=0.363 Z=0.000
[2018.10.20-18.53.52:602][303]LogBlueprintUserMessages: [Player_C_0] X=0.924 Y=0.383 Z=0.000
[2018.10.20-18.53.52:610][304]LogBlueprintUserMessages: [Player_C_0] X=0.914 Y=0.407 Z=0.000
[2018.10.20-18.53.52:618][305]LogBlueprintUserMessages: [Player_C_0] X=0.902 Y=0.432 Z=0.000
[2018.10.20-18.53.52:627][306]LogBlueprintUserMessages: [Player_C_0] X=0.887 Y=0.461 Z=0.000
[2018.10.20-18.53.52:635][307]LogBlueprintUserMessages: [Player_C_0] X=0.871 Y=0.491 Z=0.000
[2018.10.20-18.53.52:643][308]LogBlueprintUserMessages: [Player_C_0] X=0.853 Y=0.522 Z=0.000
[2018.10.20-18.53.52:652][309]LogBlueprintUserMessages: [Player_C_0] X=0.833 Y=0.553 Z=0.000
[2018.10.20-18.53.52:660][310]LogBlueprintUserMessages: [Player_C_0] X=0.812 Y=0.584 Z=0.000
[2018.10.20-18.53.52:669][311]LogBlueprintUserMessages: [Player_C_0] X=0.788 Y=0.616 Z=0.000
[2018.10.20-18.53.52:677][312]LogBlueprintUserMessages: [Player_C_0] X=0.759 Y=0.651 Z=0.000
[2018.10.20-18.53.52:685][313]LogBlueprintUserMessages: [Player_C_0] X=0.729 Y=0.684 Z=0.000
[2018.10.20-18.53.52:693][314]LogBlueprintUserMessages: [Player_C_0] X=0.695 Y=0.719 Z=0.000
[2018.10.20-18.53.52:702][315]LogBlueprintUserMessages: [Player_C_0] X=0.656 Y=0.754 Z=0.000
[2018.10.20-18.53.52:710][316]LogBlueprintUserMessages: [Player_C_0] X=0.616 Y=0.788 Z=0.000
[2018.10.20-18.53.52:719][317]LogBlueprintUserMessages: [Player_C_0] X=0.575 Y=0.818 Z=0.000
[2018.10.20-18.53.52:727][318]LogBlueprintUserMessages: [Player_C_0] X=0.536 Y=0.844 Z=0.000
[2018.10.20-18.53.52:735][319]LogBlueprintUserMessages: [Player_C_0] X=0.497 Y=0.868 Z=0.000
[2018.10.20-18.53.52:743][320]LogBlueprintUserMessages: [Player_C_0] X=0.461 Y=0.887 Z=0.000
[2018.10.20-18.53.52:751][321]LogBlueprintUserMessages: [Player_C_0] X=0.429 Y=0.903 Z=0.000
[2018.10.20-18.53.52:761][322]LogBlueprintUserMessages: [Player_C_0] X=0.401 Y=0.916 Z=0.000
[2018.10.20-18.53.52:768][323]LogBlueprintUserMessages: [Player_C_0] X=0.374 Y=0.927 Z=0.000
[2018.10.20-18.53.52:777][324]LogBlueprintUserMessages: [Player_C_0] X=0.351 Y=0.936 Z=0.000
[2018.10.20-18.53.52:785][325]LogBlueprintUserMessages: [Player_C_0] X=0.330 Y=0.944 Z=0.000
[2018.10.20-18.53.52:793][326]LogBlueprintUserMessages: [Player_C_0] X=0.312 Y=0.950 Z=0.000
[2018.10.20-18.53.52:802][327]LogBlueprintUserMessages: [Player_C_0] X=0.296 Y=0.955 Z=0.000
[2018.10.20-18.53.52:810][328]LogBlueprintUserMessages: [Player_C_0] X=0.282 Y=0.959 Z=0.000
[2018.10.20-18.53.52:819][329]LogBlueprintUserMessages: [Player_C_0] X=0.273 Y=0.962 Z=0.000
[2018.10.20-18.53.52:826][330]LogBlueprintUserMessages: [Player_C_0] X=0.264 Y=0.965 Z=0.000
[2018.10.20-18.53.52:835][331]LogBlueprintUserMessages: [Player_C_0] X=0.256 Y=0.967 Z=0.000
[2018.10.20-18.53.52:843][332]LogBlueprintUserMessages: [Player_C_0] X=0.254 Y=0.967 Z=0.000
[2018.10.20-18.53.52:852][333]LogBlueprintUserMessages: [Player_C_0] X=0.251 Y=0.968 Z=0.000
[2018.10.20-18.53.52:860][334]LogBlueprintUserMessages: [Player_C_0] X=0.251 Y=0.968 Z=0.000
[2018.10.20-18.53.52:868][335]LogBlueprintUserMessages: [Player_C_0] X=0.251 Y=0.968 Z=0.000
[2018.10.20-18.53.52:876][336]LogBlueprintUserMessages: [Player_C_0] X=0.251 Y=0.968 Z=0.000
[2018.10.20-18.53.52:885][337]LogBlueprintUserMessages: [Player_C_0] X=0.251 Y=0.968 Z=0.000
[2018.10.20-18.53.52:893][338]LogBlueprintUserMessages: [Player_C_0] X=0.251 Y=0.968 Z=0.000
[2018.10.20-18.53.52:902][339]LogBlueprintUserMessages: [Player_C_0] X=0.249 Y=0.969 Z=0.000
[2018.10.20-18.53.52:910][340]LogBlueprintUserMessages: [Player_C_0] X=0.246 Y=0.969 Z=0.000
[2018.10.20-18.53.52:919][341]LogBlueprintUserMessages: [Player_C_0] X=0.237 Y=0.971 Z=0.000
[2018.10.20-18.53.52:927][342]LogBlueprintUserMessages: [Player_C_0] X=0.228 Y=0.974 Z=0.000
[2018.10.20-18.53.52:935][343]LogBlueprintUserMessages: [Player_C_0] X=0.217 Y=0.976 Z=0.000
[2018.10.20-18.53.52:943][344]LogBlueprintUserMessages: [Player_C_0] X=0.206 Y=0.979 Z=0.000
[2018.10.20-18.53.52:952][345]LogBlueprintUserMessages: [Player_C_0] X=0.194 Y=0.981 Z=0.000
[2018.10.20-18.53.52:960][346]LogBlueprintUserMessages: [Player_C_0] X=0.185 Y=0.983 Z=0.000
[2018.10.20-18.53.52:968][347]LogBlueprintUserMessages: [Player_C_0] X=0.175 Y=0.985 Z=0.000
[2018.10.20-18.53.52:977][348]LogBlueprintUserMessages: [Player_C_0] X=0.170 Y=0.985 Z=0.000
[2018.10.20-18.53.52:985][349]LogBlueprintUserMessages: [Player_C_0] X=0.164 Y=0.986 Z=0.000
[2018.10.20-18.53.52:994][350]LogBlueprintUserMessages: [Player_C_0] X=0.164 Y=0.986 Z=0.000
[2018.10.20-18.53.53:002][351]LogBlueprintUserMessages: [Player_C_0] X=0.164 Y=0.986 Z=0.000
[2018.10.20-18.53.53:009][352]LogBlueprintUserMessages: [Player_C_0] X=0.164 Y=0.986 Z=0.000
[2018.10.20-18.53.53:017][353]LogBlueprintUserMessages: [Player_C_0] X=0.164 Y=0.986 Z=0.000
[2018.10.20-18.53.53:026][354]LogBlueprintUserMessages: [Player_C_0] X=0.164 Y=0.986 Z=0.000
[2018.10.20-18.53.53:034][355]LogBlueprintUserMessages: [Player_C_0] X=0.164 Y=0.986 Z=0.000
[2018.10.20-18.53.53:043][356]LogBlueprintUserMessages: [Player_C_0] X=0.164 Y=0.986 Z=0.000
[2018.10.20-18.53.53:051][357]LogBlueprintUserMessages: [Player_C_0] X=0.164 Y=0.986 Z=0.000
[2018.10.20-18.53.53:059][358]LogBlueprintUserMessages: [Player_C_0] X=0.164 Y=0.986 Z=0.000
[2018.10.20-18.53.53:068][359]LogBlueprintUserMessages: [Player_C_0] X=0.164 Y=0.986 Z=0.000
[2018.10.20-18.53.53:076][360]LogBlueprintUserMessages: [Player_C_0] X=0.164 Y=0.986 Z=0.000
[2018.10.20-18.53.53:084][361]LogBlueprintUserMessages: [Player_C_0] X=0.164 Y=0.986 Z=0.000
[2018.10.20-18.53.53:093][362]LogBlueprintUserMessages: [Player_C_0] X=0.164 Y=0.986 Z=0.000
[2018.10.20-18.53.53:101][363]LogBlueprintUserMessages: [Player_C_0] X=0.164 Y=0.986 Z=0.000
[2018.10.20-18.53.53:109][364]LogBlueprintUserMessages: [Player_C_0] X=0.164 Y=0.986 Z=0.000
[2018.10.20-18.53.53:118][365]LogBlueprintUserMessages: [Player_C_0] X=0.164 Y=0.986 Z=0.000
[2018.10.20-18.53.53:126][366]LogBlueprintUserMessages: [Player_C_0] X=0.164 Y=0.986 Z=0.000
[2018.10.20-18.53.53:134][367]LogBlueprintUserMessages: [Player_C_0] X=0.164 Y=0.986 Z=0.000
[2018.10.20-18.53.53:143][368]LogBlueprintUserMessages: [Player_C_0] X=0.164 Y=0.986 Z=0.000
[2018.10.20-18.53.53:151][369]LogBlueprintUserMessages: [Player_C_0] X=0.164 Y=0.986 Z=0.000
[2018.10.20-18.53.53:159][370]LogBlueprintUserMessages: [Player_C_0] X=0.164 Y=0.986 Z=0.000
[2018.10.20-18.53.53:168][371]LogBlueprintUserMessages: [Player_C_0] X=0.164 Y=0.986 Z=0.000
[2018.10.20-18.53.53:176][372]LogBlueprintUserMessages: [Player_C_0] X=0.164 Y=0.986 Z=0.000
[2018.10.20-18.53.53:184][373]LogBlueprintUserMessages: [Player_C_0] X=0.164 Y=0.986 Z=0.000
[2018.10.20-18.53.53:193][374]LogBlueprintUserMessages: [Player_C_0] X=0.164 Y=0.986 Z=0.000
[2018.10.20-18.53.53:201][375]LogBlueprintUserMessages: [Player_C_0] X=0.164 Y=0.986 Z=0.000
[2018.10.20-18.53.53:210][376]LogBlueprintUserMessages: [Player_C_0] X=0.164 Y=0.986 Z=0.000
[2018.10.20-18.53.53:218][377]LogBlueprintUserMessages: [Player_C_0] X=0.164 Y=0.986 Z=0.000
[2018.10.20-18.53.53:226][378]LogBlueprintUserMessages: [Player_C_0] X=0.164 Y=0.986 Z=0.000
[2018.10.20-18.53.53:234][379]LogBlueprintUserMessages: [Player_C_0] X=0.164 Y=0.986 Z=0.000
[2018.10.20-18.53.53:242][380]LogBlueprintUserMessages: [Player_C_0] X=0.164 Y=0.986 Z=0.000
[2018.10.20-18.53.53:251][381]LogBlueprintUserMessages: [Player_C_0] X=0.167 Y=0.986 Z=0.000
[2018.10.20-18.53.53:259][382]LogBlueprintUserMessages: [Player_C_0] X=0.169 Y=0.986 Z=0.000
[2018.10.20-18.53.53:268][383]LogBlueprintUserMessages: [Player_C_0] X=0.172 Y=0.985 Z=0.000
[2018.10.20-18.53.53:276][384]LogBlueprintUserMessages: [Player_C_0] X=0.172 Y=0.985 Z=0.000
[2018.10.20-18.53.53:284][385]LogBlueprintUserMessages: [Player_C_0] X=0.172 Y=0.985 Z=0.000
[2018.10.20-18.53.53:292][386]LogBlueprintUserMessages: [Player_C_0] X=0.172 Y=0.985 Z=0.000
[2018.10.20-18.53.53:301][387]LogBlueprintUserMessages: [Player_C_0] X=0.172 Y=0.985 Z=0.000
[2018.10.20-18.53.53:309][388]LogBlueprintUserMessages: [Player_C_0] X=0.172 Y=0.985 Z=0.000
[2018.10.20-18.53.53:318][389]LogBlueprintUserMessages: [Player_C_0] X=0.172 Y=0.985 Z=0.000
[2018.10.20-18.53.53:326][390]LogBlueprintUserMessages: [Player_C_0] X=0.172 Y=0.985 Z=0.000
[2018.10.20-18.53.53:334][391]LogBlueprintUserMessages: [Player_C_0] X=0.172 Y=0.985 Z=0.000
[2018.10.20-18.53.53:343][392]LogBlueprintUserMessages: [Player_C_0] X=0.172 Y=0.985 Z=0.000
[2018.10.20-18.53.53:353][393]LogBlueprintUserMessages: [Player_C_0] X=0.172 Y=0.985 Z=0.000
[2018.10.20-18.53.53:359][394]LogBlueprintUserMessages: [Player_C_0] X=0.172 Y=0.985 Z=0.000
[2018.10.20-18.53.53:369][395]LogBlueprintUserMessages: [Player_C_0] X=0.167 Y=0.986 Z=0.000
[2018.10.20-18.53.53:377][396]LogBlueprintUserMessages: [Player_C_0] X=0.160 Y=0.987 Z=0.000
[2018.10.20-18.53.53:386][397]LogBlueprintUserMessages: [Player_C_0] X=0.155 Y=0.988 Z=0.000
[2018.10.20-18.53.53:393][398]LogBlueprintUserMessages: [Player_C_0] X=0.146 Y=0.989 Z=0.000
[2018.10.20-18.53.53:401][399]LogBlueprintUserMessages: [Player_C_0] X=0.139 Y=0.990 Z=0.000
[2018.10.20-18.53.53:410][400]LogBlueprintUserMessages: [Player_C_0] X=0.133 Y=0.991 Z=0.000
[2018.10.20-18.53.53:419][401]LogBlueprintUserMessages: [Player_C_0] X=0.123 Y=0.992 Z=0.000
[2018.10.20-18.53.53:426][402]LogBlueprintUserMessages: [Player_C_0] X=0.117 Y=0.993 Z=0.000
[2018.10.20-18.53.53:435][403]LogBlueprintUserMessages: [Player_C_0] X=0.111 Y=0.994 Z=0.000
[2018.10.20-18.53.53:443][404]LogBlueprintUserMessages: [Player_C_0] X=0.109 Y=0.994 Z=0.000
[2018.10.20-18.53.53:452][405]LogBlueprintUserMessages: [Player_C_0] X=0.104 Y=0.995 Z=0.000
[2018.10.20-18.53.53:460][406]LogBlueprintUserMessages: [Player_C_0] X=0.104 Y=0.995 Z=0.000
[2018.10.20-18.53.53:468][407]LogBlueprintUserMessages: [Player_C_0] X=0.101 Y=0.995 Z=0.000
[2018.10.20-18.53.53:476][408]LogBlueprintUserMessages: [Player_C_0] X=0.101 Y=0.995 Z=0.000
[2018.10.20-18.53.53:485][409]LogBlueprintUserMessages: [Player_C_0] X=0.101 Y=0.995 Z=0.000
[2018.10.20-18.53.53:494][410]LogBlueprintUserMessages: [Player_C_0] X=0.101 Y=0.995 Z=0.000
[2018.10.20-18.53.53:501][411]LogBlueprintUserMessages: [Player_C_0] X=0.101 Y=0.995 Z=0.000
[2018.10.20-18.53.53:510][412]LogBlueprintUserMessages: [Player_C_0] X=0.101 Y=0.995 Z=0.000
[2018.10.20-18.53.53:518][413]LogBlueprintUserMessages: [Player_C_0] X=0.101 Y=0.995 Z=0.000
[2018.10.20-18.53.53:526][414]LogBlueprintUserMessages: [Player_C_0] X=0.101 Y=0.995 Z=0.000
[2018.10.20-18.53.53:535][415]LogBlueprintUserMessages: [Player_C_0] X=0.101 Y=0.995 Z=0.000
[2018.10.20-18.53.53:543][416]LogBlueprintUserMessages: [Player_C_0] X=0.101 Y=0.995 Z=0.000
[2018.10.20-18.53.53:552][417]LogBlueprintUserMessages: [Player_C_0] X=0.101 Y=0.995 Z=0.000
[2018.10.20-18.53.53:560][418]LogBlueprintUserMessages: [Player_C_0] X=0.101 Y=0.995 Z=0.000
[2018.10.20-18.53.53:568][419]LogBlueprintUserMessages: [Player_C_0] X=0.101 Y=0.995 Z=0.000
[2018.10.20-18.53.53:577][420]LogBlueprintUserMessages: [Player_C_0] X=0.101 Y=0.995 Z=0.000
[2018.10.20-18.53.53:586][421]LogBlueprintUserMessages: [Player_C_0] X=0.101 Y=0.995 Z=0.000
[2018.10.20-18.53.53:593][422]LogBlueprintUserMessages: [Player_C_0] X=0.101 Y=0.995 Z=0.000
[2018.10.20-18.53.53:601][423]LogBlueprintUserMessages: [Player_C_0] X=0.101 Y=0.995 Z=0.000
[2018.10.20-18.53.53:609][424]LogBlueprintUserMessages: [Player_C_0] X=0.101 Y=0.995 Z=0.000
[2018.10.20-18.53.53:618][425]LogBlueprintUserMessages: [Player_C_0] X=0.101 Y=0.995 Z=0.000
[2018.10.20-18.53.53:626][426]LogBlueprintUserMessages: [Player_C_0] X=0.101 Y=0.995 Z=0.000
[2018.10.20-18.53.53:634][427]LogBlueprintUserMessages: [Player_C_0] X=0.101 Y=0.995 Z=0.000
[2018.10.20-18.53.53:642][428]LogBlueprintUserMessages: [Player_C_0] X=0.101 Y=0.995 Z=0.000
[2018.10.20-18.53.53:652][429]LogBlueprintUserMessages: [Player_C_0] X=0.101 Y=0.995 Z=0.000
[2018.10.20-18.53.53:659][430]LogBlueprintUserMessages: [Player_C_0] X=0.101 Y=0.995 Z=0.000
[2018.10.20-18.53.53:668][431]LogBlueprintUserMessages: [Player_C_0] X=0.101 Y=0.995 Z=0.000
[2018.10.20-18.53.53:676][432]LogBlueprintUserMessages: [Player_C_0] X=0.101 Y=0.995 Z=0.000
[2018.10.20-18.53.53:684][433]LogBlueprintUserMessages: [Player_C_0] X=0.101 Y=0.995 Z=0.000
[2018.10.20-18.53.53:693][434]LogBlueprintUserMessages: [Player_C_0] X=0.101 Y=0.995 Z=0.000
[2018.10.20-18.53.53:701][435]LogBlueprintUserMessages: [Player_C_0] X=0.101 Y=0.995 Z=0.000
[2018.10.20-18.53.53:710][436]LogBlueprintUserMessages: [Player_C_0] X=0.101 Y=0.995 Z=0.000
[2018.10.20-18.53.53:718][437]LogBlueprintUserMessages: [Player_C_0] X=0.101 Y=0.995 Z=0.000
[2018.10.20-18.53.53:726][438]LogBlueprintUserMessages: [Player_C_0] X=0.101 Y=0.995 Z=0.000
[2018.10.20-18.53.53:734][439]LogBlueprintUserMessages: [Player_C_0] X=0.101 Y=0.995 Z=0.000
[2018.10.20-18.53.53:743][440]LogBlueprintUserMessages: [Player_C_0] X=0.101 Y=0.995 Z=0.000
[2018.10.20-18.53.53:751][441]LogBlueprintUserMessages: [Player_C_0] X=0.101 Y=0.995 Z=0.000
[2018.10.20-18.53.53:759][442]LogBlueprintUserMessages: [Player_C_0] X=0.101 Y=0.995 Z=0.000
[2018.10.20-18.53.53:768][443]LogBlueprintUserMessages: [Player_C_0] X=0.101 Y=0.995 Z=0.000
[2018.10.20-18.53.53:776][444]LogBlueprintUserMessages: [Player_C_0] X=0.101 Y=0.995 Z=0.000
[2018.10.20-18.53.53:784][445]LogBlueprintUserMessages: [Player_C_0] X=0.101 Y=0.995 Z=0.000
[2018.10.20-18.53.53:793][446]LogBlueprintUserMessages: [Player_C_0] X=0.101 Y=0.995 Z=0.000
[2018.10.20-18.53.53:801][447]LogBlueprintUserMessages: [Player_C_0] X=0.101 Y=0.995 Z=0.000
[2018.10.20-18.53.53:810][448]LogBlueprintUserMessages: [Player_C_0] X=0.101 Y=0.995 Z=0.000
[2018.10.20-18.53.53:818][449]LogBlueprintUserMessages: [Player_C_0] X=0.101 Y=0.995 Z=0.000
[2018.10.20-18.53.53:826][450]LogBlueprintUserMessages: [Player_C_0] X=0.101 Y=0.995 Z=0.000
[2018.10.20-18.53.53:835][451]LogBlueprintUserMessages: [Player_C_0] X=0.101 Y=0.995 Z=0.000
[2018.10.20-18.53.53:843][452]LogBlueprintUserMessages: [Player_C_0] X=0.101 Y=0.995 Z=0.000
[2018.10.20-18.53.53:851][453]LogBlueprintUserMessages: [Player_C_0] X=0.101 Y=0.995 Z=0.000
[2018.10.20-18.53.53:860][454]LogBlueprintUserMessages: [Player_C_0] X=0.101 Y=0.995 Z=0.000
[2018.10.20-18.53.53:868][455]LogBlueprintUserMessages: [Player_C_0] X=0.101 Y=0.995 Z=0.000
[2018.10.20-18.53.53:876][456]LogBlueprintUserMessages: [Player_C_0] X=0.101 Y=0.995 Z=0.000
[2018.10.20-18.53.53:885][457]LogBlueprintUserMessages: [Player_C_0] X=0.101 Y=0.995 Z=0.000
[2018.10.20-18.53.53:893][458]LogBlueprintUserMessages: [Player_C_0] X=0.101 Y=0.995 Z=0.000
[2018.10.20-18.53.53:902][459]LogBlueprintUserMessages: [Player_C_0] X=0.101 Y=0.995 Z=0.000
[2018.10.20-18.53.53:910][460]LogBlueprintUserMessages: [Player_C_0] X=0.101 Y=0.995 Z=0.000
[2018.10.20-18.53.53:918][461]LogBlueprintUserMessages: [Player_C_0] X=0.101 Y=0.995 Z=0.000
[2018.10.20-18.53.53:926][462]LogBlueprintUserMessages: [Player_C_0] X=0.101 Y=0.995 Z=0.000
[2018.10.20-18.53.53:935][463]LogBlueprintUserMessages: [Player_C_0] X=0.101 Y=0.995 Z=0.000
[2018.10.20-18.53.53:943][464]LogBlueprintUserMessages: [Player_C_0] X=0.101 Y=0.995 Z=0.000
[2018.10.20-18.53.53:952][465]LogBlueprintUserMessages: [Player_C_0] X=0.101 Y=0.995 Z=0.000
[2018.10.20-18.53.53:961][466]LogBlueprintUserMessages: [Player_C_0] X=0.101 Y=0.995 Z=0.000
[2018.10.20-18.53.53:968][467]LogBlueprintUserMessages: [Player_C_0] X=0.101 Y=0.995 Z=0.000
[2018.10.20-18.53.53:976][468]LogBlueprintUserMessages: [Player_C_0] X=0.101 Y=0.995 Z=0.000
[2018.10.20-18.53.53:984][469]LogBlueprintUserMessages: [Player_C_0] X=0.101 Y=0.995 Z=0.000
[2018.10.20-18.53.53:992][470]LogBlueprintUserMessages: [Player_C_0] X=0.101 Y=0.995 Z=0.000
[2018.10.20-18.53.54:001][471]LogBlueprintUserMessages: [Player_C_0] X=0.101 Y=0.995 Z=0.000
[2018.10.20-18.53.54:009][472]LogBlueprintUserMessages: [Player_C_0] X=0.101 Y=0.995 Z=0.000
[2018.10.20-18.53.54:017][473]LogBlueprintUserMessages: [Player_C_0] X=0.101 Y=0.995 Z=0.000
[2018.10.20-18.53.54:026][474]LogBlueprintUserMessages: [Player_C_0] X=0.101 Y=0.995 Z=0.000
[2018.10.20-18.53.54:034][475]LogBlueprintUserMessages: [Player_C_0] X=0.101 Y=0.995 Z=0.000
[2018.10.20-18.53.54:043][476]LogBlueprintUserMessages: [Player_C_0] X=0.101 Y=0.995 Z=0.000
[2018.10.20-18.53.54:051][477]LogBlueprintUserMessages: [Player_C_0] X=0.101 Y=0.995 Z=0.000
[2018.10.20-18.53.54:059][478]LogBlueprintUserMessages: [Player_C_0] X=0.101 Y=0.995 Z=0.000
[2018.10.20-18.53.54:068][479]LogBlueprintUserMessages: [Player_C_0] X=0.101 Y=0.995 Z=0.000
[2018.10.20-18.53.54:076][480]LogBlueprintUserMessages: [Player_C_0] X=0.101 Y=0.995 Z=0.000
[2018.10.20-18.53.54:085][481]LogBlueprintUserMessages: [Player_C_0] X=0.101 Y=0.995 Z=0.000
[2018.10.20-18.53.54:093][482]LogBlueprintUserMessages: [Player_C_0] X=0.101 Y=0.995 Z=0.000
