Log file open, 10/18/18 10:36:22
LogWindows: Failed to load 'aqProf.dll' (GetLastError=126)
LogWindows: File 'aqProf.dll' does not exist
LogWindows: Failed to load 'VSPerf140.dll' (GetLastError=126)
LogWindows: File 'VSPerf140.dll' does not exist
LogWindows: Failed to load 'VtuneApi.dll' (GetLastError=126)
LogWindows: File 'VtuneApi.dll' does not exist
LogWindows: Failed to load 'VtuneApi32e.dll' (GetLastError=126)
LogWindows: File 'VtuneApi32e.dll' does not exist
LogInit: Display: Running engine for game: SideyCPP
LogPlatformFile: Not using cached read wrapper
LogTaskGraph: Started task graph with 5 named threads and 23 total threads with 3 sets of task threads.
LogStats: Stats thread started at 0.410347
LogD3D11RHI: Loaded GFSDK_Aftermath_Lib.x64.dll
LogICUInternationalization: Display: ICU TimeZone Detection - Raw Offset: +0:00, Platform Override: ''
LogPluginManager: Mounting plugin Paper2D
LogPluginManager: Mounting plugin AISupport
LogPluginManager: Mounting plugin LightPropagationVolume
LogPluginManager: Mounting plugin CLionSourceCodeAccess
LogPluginManager: Mounting plugin CodeLiteSourceCodeAccess
LogPluginManager: Mounting plugin GitSourceControl
LogPluginManager: Mounting plugin KDevelopSourceCodeAccess
LogPluginManager: Mounting plugin NullSourceCodeAccess
LogPluginManager: Mounting plugin PerforceSourceControl
LogPluginManager: Mounting plugin SubversionSourceControl
LogPluginManager: Mounting plugin UObjectPlugin
LogPluginManager: Mounting plugin VisualStudioCodeSourceCodeAccess
LogPluginManager: Mounting plugin VisualStudioSourceCodeAccess
LogPluginManager: Mounting plugin XCodeSourceCodeAccess
LogPluginManager: Mounting plugin AssetManagerEditor
LogPluginManager: Mounting plugin CryptoKeys
LogPluginManager: Mounting plugin DataValidation
LogPluginManager: Mounting plugin FacialAnimation
LogPluginManager: Mounting plugin GameplayTagsEditor
LogPluginManager: Mounting plugin MacGraphicsSwitching
LogPluginManager: Mounting plugin MeshEditor
LogPluginManager: Mounting plugin MobileLauncherProfileWizard
LogPluginManager: Mounting plugin PluginBrowser
LogPluginManager: Mounting plugin SpeedTreeImporter
LogPluginManager: Mounting plugin DatasmithContent
LogPluginManager: Mounting plugin AlembicImporter
LogPluginManager: Mounting plugin AppleImageUtils
LogPluginManager: Mounting plugin AppleVision
LogPluginManager: Mounting plugin BackChannel
LogPluginManager: Mounting plugin CharacterAI
LogPluginManager: Mounting plugin GeometryCache
LogPluginManager: Mounting plugin HTML5Networking
LogPluginManager: Mounting plugin ProxyLODPlugin
LogPluginManager: Mounting plugin MagicLeap
LogPluginManager: Mounting plugin MagicLeapEmulator
LogPluginManager: Mounting plugin MagicLeapMedia
LogPluginManager: Mounting plugin AndroidMedia
LogPluginManager: Mounting plugin AvfMedia
LogPluginManager: Mounting plugin ImgMedia
LogPluginManager: Mounting plugin LinearTimecode
LogPluginManager: Mounting plugin MediaCompositing
LogPluginManager: Mounting plugin MediaPlayerEditor
LogPluginManager: Mounting plugin WmfMedia
LogPluginManager: Mounting plugin TcpMessaging
LogPluginManager: Mounting plugin UdpMessaging
LogPluginManager: Mounting plugin ActorSequence
LogPluginManager: Mounting plugin LevelSequenceEditor
LogPluginManager: Mounting plugin MatineeToLevelSequence
LogPluginManager: Mounting plugin NetcodeUnitTest
LogPluginManager: Mounting plugin NUTUnrealEngine4
LogPluginManager: Mounting plugin OnlineSubsystemGooglePlay
LogPluginManager: Mounting plugin OnlineSubsystemIOS
LogPluginManager: Mounting plugin OnlineSubsystem
LogPluginManager: Mounting plugin OnlineSubsystemNull
LogPluginManager: Mounting plugin OnlineSubsystemUtils
LogPluginManager: Mounting plugin LauncherChunkInstaller
LogPluginManager: Mounting plugin AndroidDeviceProfileSelector
LogPluginManager: Mounting plugin AndroidMoviePlayer
LogPluginManager: Mounting plugin AndroidPermission
LogPluginManager: Mounting plugin AppleMoviePlayer
LogPluginManager: Mounting plugin ArchVisCharacter
LogPluginManager: Mounting plugin AudioCapture
LogPluginManager: Mounting plugin CableComponent
LogPluginManager: Mounting plugin CustomMeshComponent
LogPluginManager: Mounting plugin EditableMesh
LogPluginManager: Mounting plugin ExampleDeviceProfileSelector
LogPluginManager: Mounting plugin GoogleCloudMessaging
LogPluginManager: Mounting plugin ImmediatePhysics
LogPluginManager: Mounting plugin IOSDeviceProfileSelector
LogPluginManager: Mounting plugin LinuxDeviceProfileSelector
LogPluginManager: Mounting plugin LocationServicesBPLibrary
LogPluginManager: Mounting plugin MobilePatchingUtils
LogPluginManager: Mounting plugin OculusVR
LogPluginManager: Plugin shader directory ../../../Engine/Plugins/Runtime/Oculus/OculusVR/Shaders found
LogPluginManager: Mapping shader source directory ../../../Engine/Plugins/Runtime/Oculus/OculusVR/Shaders to virtual directory /Plugin/OculusVR
LogPluginManager: Mounting plugin PhysXVehicles
LogPluginManager: Mounting plugin ProceduralMeshComponent
LogPluginManager: Mounting plugin RuntimePhysXCooking
LogPluginManager: Mounting plugin SteamVR
LogPluginManager: Mounting plugin WindowsMoviePlayer
LogStreaming: Display: Took  0.177s to configure plugins.
LogInit: Using libcurl 7.55.1-DEV
LogInit:  - built for x86_64-pc-win32
LogInit:  - supports SSL with OpenSSL/1.0.2h
LogInit:  - supports HTTP deflate (compression) using libz 1.2.8
LogInit:  - other features:
LogInit:      CURL_VERSION_SSL
LogInit:      CURL_VERSION_LIBZ
LogInit:      CURL_VERSION_IPV6
LogInit:      CURL_VERSION_ASYNCHDNS
LogInit:      CURL_VERSION_LARGEFILE
LogInit:      CURL_VERSION_IDN
LogInit:  CurlRequestOptions (configurable via config and command line):
LogInit:  - bVerifyPeer = false  - Libcurl will NOT verify peer certificate
LogInit:  - bUseHttpProxy = false  - Libcurl will NOT use HTTP proxy
LogInit:  - bDontReuseConnections = false  - Libcurl will reuse connections
LogInit:  - CertBundlePath = nullptr  - Libcurl will use whatever was configured at build time.
LogInit:  - MaxHostConnections = 16  - Libcurl will limit the number of connections to a host
LogInit:  - LocalHostAddr = Default
LogInit:  - BufferSize = 65536
LogInit: WinSock: version 1.1 (2.2), MaxSocks=32767, MaxUdp=65467
LogInit: Build: ++UE4+Release-4.20-CL-4369336
LogInit: Engine Version: 4.20.3-4369336+++UE4+Release-4.20
LogInit: Compatible Engine Version: 4.20.0-4212847+++UE4+Release-4.20
LogInit: Net CL: 4212847
LogInit: OS: Windows 10 (), CPU: Intel(R) Xeon(R) W-2123 CPU @ 3.60GHz, GPU: NVIDIA GeForce GTX 1070
LogInit: Compiled (64-bit): Sep 17 2018 12:26:19
LogInit: Compiled with Visual C++: 19.13.26129.00
LogInit: Build Configuration: Development
LogInit: Branch Name: ++UE4+Release-4.20
LogInit: Command Line:  -skipcompile
LogInit: Base Directory: C:/Epic/UE4/UE_4.20/Engine/Binaries/Win64/
LogInit: Installed Engine Build: 1
LogDevObjectVersion: Number of dev versions registered: 20
LogDevObjectVersion:   Dev-Blueprints (B0D832E4-1F89-4F0D-ACCF-7EB736FD4AA2): 10
LogDevObjectVersion:   Dev-Build (E1C64328-A22C-4D53-A36C-8E866417BD8C): 0
LogDevObjectVersion:   Dev-Core (375EC13C-06E4-48FB-B500-84F0262A717E): 2
LogDevObjectVersion:   Dev-Editor (E4B068ED-F494-42E9-A231-DA0B2E46BB41): 24
LogDevObjectVersion:   Dev-Framework (CFFC743F-43B0-4480-9391-14DF171D2073): 34
LogDevObjectVersion:   Dev-Mobile (B02B49B5-BB20-44E9-A304-32B752E40360): 2
LogDevObjectVersion:   Dev-Networking (A4E4105C-59A1-49B5-A7C5-40C4547EDFEE): 0
LogDevObjectVersion:   Dev-Online (39C831C9-5AE6-47DC-9A44-9C173E1C8E7C): 0
LogDevObjectVersion:   Dev-Physics (78F01B33-EBEA-4F98-B9B4-84EACCB95AA2): 0
LogDevObjectVersion:   Dev-Platform (6631380F-2D4D-43E0-8009-CF276956A95A): 0
LogDevObjectVersion:   Dev-Rendering (12F88B9F-8875-4AFC-A67C-D90C383ABD29): 26
LogDevObjectVersion:   Dev-Sequencer (7B5AE74C-D270-4C10-A958-57980B212A5A): 9
LogDevObjectVersion:   Dev-VR (D7296918-1DD6-4BDD-9DE2-64A83CC13884): 2
LogDevObjectVersion:   Dev-LoadTimes (C2A15278-BFE7-4AFE-6C17-90FF531DF755): 1
LogDevObjectVersion:   Private-Geometry (6EACA3D4-40EC-4CC1-B786-8BED09428FC5): 3
LogDevObjectVersion:   Dev-AnimPhys (29E575DD-E0A3-4627-9D10-D276232CDCEA): 17
LogDevObjectVersion:   Dev-ReflectionCapture (6B266CEC-1EC7-4B8F-A30B-E4D90942FC07): 1
LogDevObjectVersion:   Dev-Automation (0DF73D61-A23F-47EA-B727-89E90C41499A): 1
LogDevObjectVersion:   FortniteMain (601D1886-AC64-4F84-AA16-D3DE0DEAC7D6): 12
LogDevObjectVersion:   Dev-Enterprise (9DFFBCD6-494F-0158-E221-12823C92A888): 1
LogStreaming: Display: Took  0.004s to delete old logs.
LogInit: Presizing for max 8388607 objects, including 0 objects not considered by GC, pre-allocating 0 bytes for permanent pool.
LogInit: Object subsystem initialized
[2018.10.18-09.36.23:064][  0]LogInit: Selected Device Profile: [Windows]
[2018.10.18-09.36.23:064][  0]LogInit: Applying CVar settings loaded from the selected device profile: [Windows]
[2018.10.18-09.36.23:080][  0]LogHAL: Display: Platform has ~ 32 GB [34065870848 / 34359738368 / 32], which maps to Largest [LargestMinGB=32, LargerMinGB=12, DefaultMinGB=8, SmallerMinGB=6, SmallestMinGB=0)
[2018.10.18-09.36.23:080][  0]LogInit: Setting Device Profile CVar: [[r.Vulkan.UseRealUBs:1]]
[2018.10.18-09.36.23:080][  0]LogInit: Going up to parent DeviceProfile []
[2018.10.18-09.36.23:081][  0]LogInit: Computer: C117B-03
[2018.10.18-09.36.23:081][  0]LogInit: User: w017177h
[2018.10.18-09.36.23:081][  0]LogInit: CPU Page size=4096, Cores=4
[2018.10.18-09.36.23:081][  0]LogInit: High frequency timer resolution =3.515633 MHz
[2018.10.18-09.36.23:081][  0]LogMemory: Memory total: Physical=31.7GB (32GB approx)
[2018.10.18-09.36.23:081][  0]LogMemory: Platform Memory Stats for Windows
[2018.10.18-09.36.23:081][  0]LogMemory: Process Physical Memory: 101.05 MB used, 101.05 MB peak
[2018.10.18-09.36.23:081][  0]LogMemory: Process Virtual Memory: 91.04 MB used, 91.04 MB peak
[2018.10.18-09.36.23:081][  0]LogMemory: Physical Memory: 9102.23 MB used,  23385.51 MB free, 32487.75 MB total
[2018.10.18-09.36.23:082][  0]LogMemory: Virtual Memory: 4640.09 MB used,  23385.51 MB free, 134217728.00 MB total
[2018.10.18-09.36.23:199][  0]LogInit: Using OS detected language (en-US).
[2018.10.18-09.36.23:199][  0]LogInit: Using OS detected locale (en-GB).
[2018.10.18-09.36.23:200][  0]LogTextLocalizationManager: No specific localization for 'en-US' exists, so the 'en' localization will be used.
[2018.10.18-09.36.23:581][  0]LogStreaming: Display: Took  0.382s to InitEngineTextLocalization.
[2018.10.18-09.36.23:581][  0]LogInit: Setting process to per monitor DPI aware
[2018.10.18-09.36.23:638][  0]LogSlate: New Slate User Created.  User Index 0, Is Virtual User: 0
[2018.10.18-09.36.23:639][  0]LogSlate: Slate User Registered.  User Index 0, Is Virtual User: 0
[2018.10.18-09.36.23:913][  0]LogHMD: Failed to initialize OpenVR with code 110
[2018.10.18-09.36.23:914][  0]LogD3D11RHI: D3D11 adapters:
[2018.10.18-09.36.24:003][  0]LogD3D11RHI:    0. 'NVIDIA GeForce GTX 1070' (Feature Level 11_0)
[2018.10.18-09.36.24:003][  0]LogD3D11RHI:       8088/0/16243 MB DedicatedVideo/DedicatedSystem/SharedSystem, Outputs:2, VendorId:0x10de
[2018.10.18-09.36.24:010][  0]LogD3D11RHI:    1. 'Microsoft Basic Render Driver' (Feature Level 11_0)
[2018.10.18-09.36.24:010][  0]LogD3D11RHI:       0/0/16243 MB DedicatedVideo/DedicatedSystem/SharedSystem, Outputs:0, VendorId:0x1414
[2018.10.18-09.36.24:010][  0]LogD3D11RHI: Chosen D3D11 Adapter: 0
[2018.10.18-09.36.24:017][  0]LogD3D11RHI: Creating new Direct3DDevice
[2018.10.18-09.36.24:017][  0]LogD3D11RHI:     GPU DeviceId: 0x1b81 (for the marketing name, search the web for "GPU Device Id")
[2018.10.18-09.36.24:018][  0]LogWindows: EnumDisplayDevices:
[2018.10.18-09.36.24:018][  0]LogWindows:    0. 'NVIDIA GeForce GTX 1070' (P:1 D:1)
[2018.10.18-09.36.24:018][  0]LogWindows:    1. 'NVIDIA GeForce GTX 1070' (P:0 D:1)
[2018.10.18-09.36.24:018][  0]LogWindows:    2. 'NVIDIA GeForce GTX 1070' (P:0 D:0)
[2018.10.18-09.36.24:018][  0]LogWindows:    3. 'NVIDIA GeForce GTX 1070' (P:0 D:0)
[2018.10.18-09.36.24:019][  0]LogWindows: DebugString: FoundDriverCount:4 
[2018.10.18-09.36.24:019][  0]LogD3D11RHI:     Adapter Name: NVIDIA GeForce GTX 1070
[2018.10.18-09.36.24:019][  0]LogD3D11RHI:   Driver Version: 399.24 (internal:24.21.13.9924, unified:399.24)
[2018.10.18-09.36.24:019][  0]LogD3D11RHI:      Driver Date: 9-5-2018
[2018.10.18-09.36.24:019][  0]LogRHI: Texture pool is 5661 MB (70% of 8088 MB)
[2018.10.18-09.36.24:062][  0]LogD3D11RHI: Async texture creation enabled
[2018.10.18-09.36.24:079][  0]LogD3D11RHI: GPU Timing Frequency: 1000.000000 (Debug: 2 2)
[2018.10.18-09.36.24:081][  0]LogShaderCompilers: Guid format shader working directory is -13 characters bigger than the processId version (../../../../../../Users/w017177h/Documents/SpideyCPP/SideyCPP/Intermediate/Shaders/WorkingDirectory/14456/).
[2018.10.18-09.36.24:081][  0]LogShaderCompilers: Cleaned the shader compiler working directory 'C:/Users/w017177h/AppData/Local/Temp/UnrealShaderWorkingDir/FA84403A4C14F07EAF3A768C8A80709B/'.
[2018.10.18-09.36.24:390][  0]LogTemp: Display: Loaded TP AllDesktopTargetPlatform
[2018.10.18-09.36.24:408][  0]LogTemp: Display: Loaded TP MacClientTargetPlatform
[2018.10.18-09.36.24:426][  0]LogTemp: Display: Loaded TP MacNoEditorTargetPlatform
[2018.10.18-09.36.24:443][  0]LogTemp: Display: Loaded TP MacServerTargetPlatform
[2018.10.18-09.36.24:461][  0]LogTemp: Display: Loaded TP MacTargetPlatform
[2018.10.18-09.36.24:478][  0]LogTemp: Display: Loaded TP WindowsClientTargetPlatform
[2018.10.18-09.36.24:494][  0]LogTemp: Display: Loaded TP WindowsNoEditorTargetPlatform
[2018.10.18-09.36.24:512][  0]LogTemp: Display: Loaded TP WindowsServerTargetPlatform
[2018.10.18-09.36.24:521][  0]LogTemp: Display: Loaded TP WindowsTargetPlatform
[2018.10.18-09.36.24:606][  0]LogTemp: Display: Loaded TP AndroidTargetPlatform
[2018.10.18-09.36.24:606][  0]LogTemp: Display: Loaded TP AndroidTargetPlatform
[2018.10.18-09.36.24:606][  0]LogTemp: Display: Loaded TP AndroidTargetPlatform
[2018.10.18-09.36.24:606][  0]LogTemp: Display: Loaded TP AndroidTargetPlatform
[2018.10.18-09.36.24:606][  0]LogTemp: Display: Loaded TP AndroidTargetPlatform
[2018.10.18-09.36.24:607][  0]LogTemp: Display: Loaded TP AndroidTargetPlatform
[2018.10.18-09.36.24:608][  0]LogTemp: Display: Loaded TP AndroidTargetPlatform
[2018.10.18-09.36.24:608][  0]LogTemp: Display: Loaded TP AndroidTargetPlatform
[2018.10.18-09.36.24:608][  0]LogTemp: Display: Loaded TP AndroidTargetPlatform
[2018.10.18-09.36.24:608][  0]LogTemp: Display: Loaded TP AndroidTargetPlatform
[2018.10.18-09.36.24:608][  0]LogTemp: Display: Loaded TP AndroidTargetPlatform
[2018.10.18-09.36.24:608][  0]LogTemp: Display: Loaded TP AndroidTargetPlatform
[2018.10.18-09.36.24:608][  0]LogTemp: Display: Loaded TP AndroidTargetPlatform
[2018.10.18-09.36.24:608][  0]LogTemp: Display: Loaded TP AndroidTargetPlatform
[2018.10.18-09.36.24:608][  0]LogTemp: Display: Loaded TP AndroidTargetPlatform
[2018.10.18-09.36.24:608][  0]LogTemp: Display: Loaded TP AndroidTargetPlatform
[2018.10.18-09.36.24:608][  0]LogTemp: Display: Loaded TP AndroidTargetPlatform
[2018.10.18-09.36.24:609][  0]LogTemp: Display: Loaded TP AndroidTargetPlatform
[2018.10.18-09.36.24:614][  0]LogTemp: Display: Loaded TP HTML5TargetPlatform
[2018.10.18-09.36.24:685][  0]LogTemp: Display: Loaded TP IOSTargetPlatform
[2018.10.18-09.36.24:685][  0]LogTemp: Display: Loaded TP IOSTargetPlatform
[2018.10.18-09.36.24:711][  0]LogTemp: Display: Loaded TP TVOSTargetPlatform
[2018.10.18-09.36.24:711][  0]LogTemp: Display: Loaded TP TVOSTargetPlatform
[2018.10.18-09.36.24:726][  0]LogTemp: Display: Loaded TP LinuxClientTargetPlatform
[2018.10.18-09.36.24:742][  0]LogTemp: Display: Loaded TP LinuxNoEditorTargetPlatform
[2018.10.18-09.36.24:785][  0]LogTemp: Display: Loaded TP LinuxServerTargetPlatform
[2018.10.18-09.36.24:810][  0]LogTemp: Display: Loaded TP LinuxTargetPlatform
[2018.10.18-09.36.24:822][  0]LogTemp: Display: Loaded TP LuminTargetPlatform
[2018.10.18-09.36.24:822][  0]LogTargetPlatformManager: Display: Building Assets For Windows
[2018.10.18-09.36.24:976][  0]LogXGEController: Cleaning working directory: C:/Users/w017177h/AppData/Local/Temp/UnrealXGEWorkingDir/
[2018.10.18-09.36.24:977][  0]LogXGEController: Cannot use XGE Controller as Incredibuild is not installed on this machine.
[2018.10.18-09.36.24:977][  0]LogShaderCompilers: Cannot use XGE Shader Compiler as Incredibuild is not installed on this machine.
[2018.10.18-09.36.24:977][  0]LogShaderCompilers: Display: Using Local Shader Compiler.
[2018.10.18-09.36.25:856][  0]LogDerivedDataCache: Display: Max Cache Size: 512 MB
[2018.10.18-09.36.25:914][  0]LogDerivedDataCache: Loaded boot cache 0.06s 71MB C:/Users/w017177h/AppData/Local/UnrealEngine/4.20/DerivedDataCache/Boot.ddc.
[2018.10.18-09.36.25:914][  0]LogDerivedDataCache: Display: Loaded Boot cache: C:/Users/w017177h/AppData/Local/UnrealEngine/4.20/DerivedDataCache/Boot.ddc
[2018.10.18-09.36.25:914][  0]LogDerivedDataCache: FDerivedDataBackendGraph:  Pak pak cache file ../../../../../../Users/w017177h/Documents/SpideyCPP/SideyCPP/DerivedDataCache/DDC.ddp not found, will not use a pak cache.
[2018.10.18-09.36.25:915][  0]LogDerivedDataCache: Unable to find inner node Pak for hierarchical cache Hierarchy.
[2018.10.18-09.36.25:915][  0]LogDerivedDataCache: FDerivedDataBackendGraph:  CompressedPak pak cache file ../../../../../../Users/w017177h/Documents/SpideyCPP/SideyCPP/DerivedDataCache/Compressed.ddp not found, will not use a pak cache.
[2018.10.18-09.36.25:915][  0]LogDerivedDataCache: Unable to find inner node CompressedPak for hierarchical cache Hierarchy.
[2018.10.18-09.36.25:927][  0]LogDerivedDataCache: Display: Pak cache opened for reading ../../../Engine/DerivedDataCache/Compressed.ddp.
[2018.10.18-09.36.25:943][  0]LogDerivedDataCache: Using Local data cache path C:/Users/w017177h/AppData/Local/UnrealEngine/Common/DerivedDataCache: Writable
[2018.10.18-09.36.25:943][  0]LogDerivedDataCache: Shared data cache path not found in *engine.ini, will not use an Shared cache.
[2018.10.18-09.36.25:943][  0]LogDerivedDataCache: Unable to find inner node Shared for hierarchical cache Hierarchy.
[2018.10.18-09.36.25:977][  0]LogMaterial: Verifying Global Shaders for PCD3D_SM5
[2018.10.18-09.36.25:981][  0]LogSlate: Using FreeType 2.6.0
[2018.10.18-09.36.25:983][  0]LogSlate: SlateFontServices - WITH_FREETYPE: 1, WITH_HARFBUZZ: 1
[2018.10.18-09.36.26:073][  0]LogAssetRegistry: FAssetRegistry took 0.0282 seconds to start up
[2018.10.18-09.36.26:425][  0]LogInit: Selected Device Profile: [Windows]
[2018.10.18-09.36.26:516][  0]LogSimplygon: Simplygon DLL not present - disabling.
[2018.10.18-09.36.26:527][  0]LogMeshReduction: Using SimplygonSwarm for distributed automatic mesh merging
[2018.10.18-09.36.26:527][  0]LogMeshReduction: Using ProxyLODMeshReduction for automatic mesh merging
[2018.10.18-09.36.26:527][  0]LogMeshReduction: Using QuadricMeshReduction for automatic static mesh reduction
[2018.10.18-09.36.26:527][  0]LogMeshReduction: No automatic skeletal mesh reduction module available
[2018.10.18-09.36.26:618][  0]LogNetVersion: SideyCPP 1.0.0, NetCL: 4212847, EngineNetVer: 5, GameNetVer: 0 (Checksum: 583984258)
[2018.10.18-09.36.27:176][  0]LogPackageLocalizationCache: Processed 11 localized package path(s) for 2 prioritized culture(s) in 0.138766 seconds
[2018.10.18-09.36.27:186][  0]LogUObjectArray: 38425 objects as part of root set at end of initial load.
[2018.10.18-09.36.27:186][  0]LogUObjectAllocator: 6690872 out of 0 bytes used by permanent object pool.
[2018.10.18-09.36.27:186][  0]LogUObjectArray: CloseDisregardForGC: 0/0 objects in disregard for GC pool
[2018.10.18-09.36.28:299][  0]LogTcpMessaging: Initializing TcpMessaging bridge
[2018.10.18-09.36.28:316][  0]LogUdpMessaging: Initializing bridge on interface 0.0.0.0:0 to multicast group 230.0.0.1:6666.
[2018.10.18-09.36.28:537][  0]SourceControl: Source control is disabled
[2018.10.18-09.36.28:537][  0]SourceControl: Source control is disabled
[2018.10.18-09.36.28:543][  0]SourceControl: Source control is disabled
[2018.10.18-09.36.28:547][  0]SourceControl: Source control is disabled
[2018.10.18-09.36.28:858][  0]LogAndroidPermission: UAndroidPermissionCallbackProxy::GetInstance
[2018.10.18-09.36.28:982][  0]LogOcInput: OculusInput pre-init called
[2018.10.18-09.36.29:076][  0]LogEngine: Initializing Engine...
[2018.10.18-09.36.29:077][  0]LogHMD: Failed to initialize OpenVR with code 110
[2018.10.18-09.36.29:079][  0]LogStats: UGameplayTagsManager::ConstructGameplayTagTree: ImportINI prefixes -  0.000 s
[2018.10.18-09.36.29:079][  0]LogStats: UGameplayTagsManager::ConstructGameplayTagTree: Construct from data asset -  0.000 s
[2018.10.18-09.36.29:079][  0]LogStats: UGameplayTagsManager::ConstructGameplayTagTree: ImportINI -  0.000 s
[2018.10.18-09.36.29:079][  0]LogStats: UGameplayTagsManager::ConstructGameplayTagTree: GameplayTagTreeChangedEvent.Broadcast -  0.000 s
[2018.10.18-09.36.29:284][  0]LogInit: Initializing FReadOnlyCVARCache
[2018.10.18-09.36.29:303][  0]LogAIModule: Creating AISystem for world Untitled
[2018.10.18-09.36.29:324][  0]LogInit: XAudio2 using 'Realtek HD Audio 2nd output (Realtek High Definition Audio)' : 2 channels at 48 kHz using 32 bits per sample (channel mask 0x3)
[2018.10.18-09.36.29:371][  0]LogInit: FAudioDevice initialized.
[2018.10.18-09.36.29:372][  0]LogNetVersion: Set ProjectVersion to 1.0.0.0. Version Checksum will be recalculated on next use.
[2018.10.18-09.36.29:420][  0]LogDerivedDataCache: Saved boot cache 0.05s 71MB C:/Users/w017177h/AppData/Local/UnrealEngine/4.20/DerivedDataCache/Boot.ddc.
[2018.10.18-09.36.29:451][  0]LogInit: Texture streaming: Enabled
[2018.10.18-09.36.29:488][  0]LogEngineSessionManager: EngineSessionManager initialized
[2018.10.18-09.36.29:488][  0]LogEngineSessionManager: EngineSessionManager sent abnormal shutdown report. Type=Debugger, SessionId={98209C42-4780-59FC-68DD-04AABA4CF81D}
[2018.10.18-09.36.29:504][  0]LogInit: Transaction tracking system initialized
[2018.10.18-09.36.29:553][  0]BlueprintLog: New page: Editor Load
[2018.10.18-09.36.29:727][  0]LocalizationService: Localization service is disabled
[2018.10.18-09.36.30:089][  0]LogCook: Display: Max memory allowance for cook 16384mb min free memory 0mb
[2018.10.18-09.36.30:089][  0]LogCook: Display: Mobile HDR setting 1
[2018.10.18-09.36.30:090][  0]LogGameplayTags: Display: UGameplayTagsManager::DoneAddingNativeTags. DelegateIsBound: 0
[2018.10.18-09.36.30:090][  0]LogStats: UGameplayTagsManager::ConstructGameplayTagTree: ImportINI prefixes -  0.000 s
[2018.10.18-09.36.30:090][  0]LogStats: UGameplayTagsManager::ConstructGameplayTagTree: Construct from data asset -  0.000 s
[2018.10.18-09.36.30:090][  0]LogStats: UGameplayTagsManager::ConstructGameplayTagTree: ImportINI -  0.000 s
[2018.10.18-09.36.30:090][  0]LogStats: UGameplayTagsManager::ConstructGameplayTagTree: GameplayTagTreeChangedEvent.Broadcast -  0.000 s
[2018.10.18-09.36.30:315][  0]LogFileCache: Scanning file cache for directory 'C:/Users/w017177h/Documents/SpideyCPP/SideyCPP/Content/' took 0.02s
[2018.10.18-09.36.30:315][  0]SourceControl: Source control is disabled
[2018.10.18-09.36.30:315][  0]Cmd: MAP LOAD FILE="../../../../../../Users/w017177h/Documents/SpideyCPP/SideyCPP/Content/StarterContent/Maps/Minimal_Default.umap" TEMPLATE=0 SHOWPROGRESS=1 FEATURELEVEL=3
[2018.10.18-09.36.30:316][  0]LightingResults: New page: Lighting Build
[2018.10.18-09.36.30:319][  0]MapCheck: New page: Map Check
[2018.10.18-09.36.30:319][  0]LightingResults: New page: Lighting Build
[2018.10.18-09.36.30:677][  0]LogAIModule: Creating AISystem for world Minimal_Default
[2018.10.18-09.36.30:695][  0]LogEditorServer: Finished looking for orphan Actors (0.000 secs)
[2018.10.18-09.36.30:724][  0]Cmd: MAP CHECKDEP NOCLEARLOG
[2018.10.18-09.36.30:865][  0]MapCheck: Map check complete: 0 Error(s), 0 Warning(s), took 140.321ms to complete.
[2018.10.18-09.36.30:865][  0]LogFileHelpers: Loading map 'Minimal_Default' took 0.549
[2018.10.18-09.36.31:003][  0]LogSlate: Updating window title bar state: overlay mode, drag disabled, window buttons hidden, title bar hidden
[2018.10.18-09.36.31:011][  0]LogSlate: Updating window title bar state: overlay mode, drag disabled, window buttons hidden, title bar hidden
[2018.10.18-09.36.31:018][  0]LogSlate: Updating window title bar state: overlay mode, drag disabled, window buttons hidden, title bar hidden
[2018.10.18-09.36.31:025][  0]LogSlate: Updating window title bar state: overlay mode, drag disabled, window buttons hidden, title bar hidden
[2018.10.18-09.36.31:034][  0]LogCollectionManager: Loaded 0 collections in 0.002762 seconds
[2018.10.18-09.36.31:140][  0]LogFileCache: Scanning file cache for directory 'C:/Users/w017177h/Documents/SpideyCPP/SideyCPP/Saved/Collections/' took 0.01s
[2018.10.18-09.36.31:140][  0]LogFileCache: Scanning file cache for directory 'C:/Users/w017177h/Documents/SpideyCPP/SideyCPP/Content/Developers/w017177h/Collections/' took 0.01s
[2018.10.18-09.36.31:140][  0]LogFileCache: Scanning file cache for directory 'C:/Users/w017177h/Documents/SpideyCPP/SideyCPP/Content/Collections/' took 0.02s
[2018.10.18-09.36.31:141][  0]LogCollectionManager: Rebuilt the GUID cache for 0 collections in 0.000001 seconds
[2018.10.18-09.36.31:151][  0]LogContentBrowser: Native class hierarchy populated in 0.0099 seconds. Added 2575 classes and 605 folders.
[2018.10.18-09.36.31:159][  0]LogContentBrowser: Native class hierarchy updated for 'WidgetCarousel' in 0.0006 seconds. Added 0 classes and 0 folders.
[2018.10.18-09.36.31:216][  0]LogContentBrowser: Native class hierarchy updated for 'AddContentDialog' in 0.0004 seconds. Added 0 classes and 0 folders.
[2018.10.18-09.36.31:224][  0]LogContentBrowser: Native class hierarchy updated for 'SceneOutliner' in 0.0007 seconds. Added 1 classes and 2 folders.
[2018.10.18-09.36.31:238][  0]LogSlate: Took 0.000244 seconds to synchronously load lazily loaded font '../../../Engine/Content/Slate/Fonts/Roboto-Regular.ttf' (155K)
[2018.10.18-09.36.31:240][  0]LogSlate: Took 0.000221 seconds to synchronously load lazily loaded font '../../../Engine/Content/Slate/Fonts/Roboto-Bold.ttf' (160K)
[2018.10.18-09.36.31:247][  0]LogSlate: Took 0.000204 seconds to synchronously load lazily loaded font '../../../Engine/Content/Editor/Slate/Fonts/FontAwesome.ttf' (139K)
[2018.10.18-09.36.31:324][  0]LogRenderer: Reallocating scene render targets to support 1208x576 Format 10 NumSamples 1 (Frame:1).
[2018.10.18-09.36.31:364][  0]LogSlate: Took 0.000263 seconds to synchronously load lazily loaded font '../../../Engine/Content/Slate/Fonts/Roboto-Light.ttf' (167K)
[2018.10.18-09.36.31:497][  0]LogContentBrowser: Native class hierarchy updated for 'HierarchicalLODOutliner' in 0.0010 seconds. Added 0 classes and 0 folders.
[2018.10.18-09.36.31:497][  0]LogLoad: (Engine Initialization) Total time: 10.89 seconds
[2018.10.18-09.36.31:497][  0]LogLoad: (Engine Initialization) Total Blueprint compile time: 0.00 seconds
[2018.10.18-09.36.31:510][  0]LogSlate: FSceneViewport::OnFocusLost() reason 0
[2018.10.18-09.36.31:511][  0]LogWindowsTextInputMethodSystem: Display: IME system now deactivated.
[2018.10.18-09.36.31:535][  0]LogContentStreaming: Texture pool size now 1000 MB
[2018.10.18-09.36.31:566][  1]LogAssetRegistry: Asset discovery search completed in 5.5176 seconds
[2018.10.18-09.36.31:568][  1]LogCollectionManager: Rebuilt the object cache for 0 collections in 0.000000 seconds (found 0 objects)
[2018.10.18-09.36.31:568][  1]LogCollectionManager: Fixed up redirectors for 0 collections in 0.000118 seconds (updated 0 objects)
[2018.10.18-09.36.32:887][146]LogTemp: Repeating last play command: Selected Viewport
[2018.10.18-09.36.32:905][146]LogBlueprintUserMessages: Early PlayInEditor Detection: Level '/Game/StarterContent/Maps/Minimal_Default.Minimal_Default:PersistentLevel' has LevelScriptBlueprint '/Game/StarterContent/Maps/Minimal_Default.Minimal_Default:PersistentLevel.Minimal_Default' with GeneratedClass '/Game/StarterContent/Maps/Minimal_Default.Minimal_Default_C' with ClassGeneratedBy '/Game/StarterContent/Maps/Minimal_Default.Minimal_Default:PersistentLevel.Minimal_Default'
[2018.10.18-09.36.32:905][146]LogPlayLevel: PlayLevel: No blueprints needed recompiling
[2018.10.18-09.36.32:921][146]PIE: New page: PIE session: Minimal_Default (18 Oct 2018 11:36:32)
[2018.10.18-09.36.32:921][146]LogPlayLevel: Creating play world package: /Game/StarterContent/Maps/UEDPIE_0_Minimal_Default
[2018.10.18-09.36.32:926][146]LogPlayLevel: PIE: StaticDuplicateObject took: (0.005165s)
[2018.10.18-09.36.32:927][146]LogAIModule: Creating AISystem for world Minimal_Default
[2018.10.18-09.36.32:927][146]LogPlayLevel: PIE: World Init took: (0.001029s)
[2018.10.18-09.36.32:927][146]LogPlayLevel: PIE: Created PIE world by copying editor world from /Game/StarterContent/Maps/Minimal_Default.Minimal_Default to /Game/StarterContent/Maps/UEDPIE_0_Minimal_Default.Minimal_Default (0.006600s)
[2018.10.18-09.36.32:962][146]LogInit: XAudio2 using 'Realtek HD Audio 2nd output (Realtek High Definition Audio)' : 2 channels at 48 kHz using 32 bits per sample (channel mask 0x3)
[2018.10.18-09.36.32:977][146]LogInit: FAudioDevice initialized.
[2018.10.18-09.36.33:175][146]LogLoad: Game class is 'MySideyCPPGameModeBase_C'
[2018.10.18-09.36.33:180][146]LogWorld: Bringing World /Game/StarterContent/Maps/UEDPIE_0_Minimal_Default.Minimal_Default up for play (max tick rate 0) at 2018.10.18-10.36.33
[2018.10.18-09.36.33:180][146]LogWorld: Bringing up level for play took: 0.001698
[2018.10.18-09.36.33:206][146]LogContentBrowser: Native class hierarchy updated for 'MovieSceneCapture' in 0.0007 seconds. Added 10 classes and 0 folders.
[2018.10.18-09.36.33:212][146]PIE: Play in editor start time for /Game/StarterContent/Maps/UEDPIE_0_Minimal_Default 0.144
[2018.10.18-09.36.33:212][146]LogBlueprintUserMessages: Late PlayInEditor Detection: Level '/Game/StarterContent/Maps/Minimal_Default.Minimal_Default:PersistentLevel' has LevelScriptBlueprint '/Game/StarterContent/Maps/Minimal_Default.Minimal_Default:PersistentLevel.Minimal_Default' with GeneratedClass '/Game/StarterContent/Maps/Minimal_Default.Minimal_Default_C' with ClassGeneratedBy '/Game/StarterContent/Maps/Minimal_Default.Minimal_Default:PersistentLevel.Minimal_Default'
[2018.10.18-09.36.35:677][418]LogBlueprintUserMessages: [Player_C_0] X=-0.919 Y=0.395 Z=0.000
[2018.10.18-09.36.39:314][837]LogBlueprintUserMessages: Early EndPlayMap Detection: Level '/Game/StarterContent/Maps/Minimal_Default.Minimal_Default:PersistentLevel' has LevelScriptBlueprint '/Game/StarterContent/Maps/Minimal_Default.Minimal_Default:PersistentLevel.Minimal_Default' with GeneratedClass '/Game/StarterContent/Maps/Minimal_Default.Minimal_Default_C' with ClassGeneratedBy '/Game/StarterContent/Maps/Minimal_Default.Minimal_Default:PersistentLevel.Minimal_Default'
[2018.10.18-09.36.39:314][837]LogSlate: Updating window title bar state: overlay mode, drag disabled, window buttons hidden, title bar hidden
[2018.10.18-09.36.39:360][837]LogPlayLevel: Display: Shutting down PIE online subsystems
[2018.10.18-09.36.39:360][837]LogBlueprintUserMessages: Late EndPlayMap Detection: Level '/Game/StarterContent/Maps/Minimal_Default.Minimal_Default:PersistentLevel' has LevelScriptBlueprint '/Game/StarterContent/Maps/Minimal_Default.Minimal_Default:PersistentLevel.Minimal_Default' with GeneratedClass '/Game/StarterContent/Maps/Minimal_Default.Minimal_Default_C' with ClassGeneratedBy '/Game/StarterContent/Maps/Minimal_Default.Minimal_Default:PersistentLevel.Minimal_Default'
[2018.10.18-09.36.39:399][837]LogSlate: Updating window title bar state: overlay mode, drag disabled, window buttons hidden, title bar hidden
[2018.10.18-09.36.39:418][838]LogPlayLevel: Display: Destroying online subsystem :Context_1
[2018.10.18-09.36.40:826][995]LogSlate: FSceneViewport::OnFocusLost() reason 0
[2018.10.18-09.36.41:972][126]LogSlate: Took 0.000228 seconds to synchronously load lazily loaded font '../../../Engine/Content/Slate/Fonts/Roboto-Light.ttf' (167K)
[2018.10.18-09.36.41:979][126]LogAssetEditorManager: Opening Asset editor for Class /Script/SideyCPP.Player_Base
[2018.10.18-09.36.42:062][126]LogVSAccessor: Warning: Couldn't goto line number '1' in 'C:/Users/w017177h/Documents/SpideyCPP/SideyCPP/Source/SideyCPP/Player_Base.h'
[2018.10.18-09.36.42:122][126]LogVSAccessor: Warning: Couldn't goto line number '1' in 'C:/Users/w017177h/Documents/SpideyCPP/SideyCPP/Source/SideyCPP/Player_Base.cpp'
[2018.10.18-09.36.47:832][308]LogAssetEditorManager: Opening Asset editor for Blueprint /Game/Blueprints/Player.Player
[2018.10.18-09.36.48:281][308]LogContentBrowser: Native class hierarchy updated for 'BlueprintGraph' in 0.0008 seconds. Added 116 classes and 0 folders.
[2018.10.18-09.36.49:148][308]LogSlate: Took 0.000213 seconds to synchronously load lazily loaded font '../../../Engine/Content/Slate/Fonts/Roboto-BoldCondensed.ttf' (158K)
[2018.10.18-09.36.49:253][309]LogSlate: Took 0.000181 seconds to synchronously load lazily loaded font '../../../Engine/Content/Slate/Fonts/Roboto-Italic.ttf' (157K)
[2018.10.18-09.37.33:547][599]Cmd: OBJ SAVEPACKAGE PACKAGE="/Game/Blueprints/Player" FILE="../../../../../../Users/w017177h/Documents/SpideyCPP/SideyCPP/Content/Blueprints/Player.uasset" SILENT=true
[2018.10.18-09.37.33:615][599]LogSavePackage: Moving '../../../../../../Users/w017177h/Documents/SpideyCPP/SideyCPP/Saved/Player35ECB32D4B3798EF880E62A30A2368D2.tmp' to '../../../../../../Users/w017177h/Documents/SpideyCPP/SideyCPP/Content/Blueprints/Player.uasset'
[2018.10.18-09.37.34:466][692]BlueprintLog: New page: Compile Player
[2018.10.18-09.37.35:955][829]LogTemp: Repeating last play command: Selected Viewport
[2018.10.18-09.37.35:975][829]LogBlueprintUserMessages: Early PlayInEditor Detection: Level '/Game/StarterContent/Maps/Minimal_Default.Minimal_Default:PersistentLevel' has LevelScriptBlueprint '/Game/StarterContent/Maps/Minimal_Default.Minimal_Default:PersistentLevel.Minimal_Default' with GeneratedClass '/Game/StarterContent/Maps/Minimal_Default.Minimal_Default_C' with ClassGeneratedBy '/Game/StarterContent/Maps/Minimal_Default.Minimal_Default:PersistentLevel.Minimal_Default'
[2018.10.18-09.37.35:976][829]LogPlayLevel: PlayLevel: No blueprints needed recompiling
[2018.10.18-09.37.35:976][829]PIE: New page: PIE session: Minimal_Default (18 Oct 2018 11:37:35)
[2018.10.18-09.37.35:976][829]LogPlayLevel: Creating play world package: /Game/StarterContent/Maps/UEDPIE_0_Minimal_Default
[2018.10.18-09.37.35:979][829]LogPlayLevel: PIE: StaticDuplicateObject took: (0.003457s)
[2018.10.18-09.37.35:980][829]LogAIModule: Creating AISystem for world Minimal_Default
[2018.10.18-09.37.35:980][829]LogPlayLevel: PIE: World Init took: (0.000786s)
[2018.10.18-09.37.35:980][829]LogPlayLevel: PIE: Created PIE world by copying editor world from /Game/StarterContent/Maps/Minimal_Default.Minimal_Default to /Game/StarterContent/Maps/UEDPIE_0_Minimal_Default.Minimal_Default (0.004594s)
[2018.10.18-09.37.36:023][829]LogInit: XAudio2 using 'Realtek HD Audio 2nd output (Realtek High Definition Audio)' : 2 channels at 48 kHz using 32 bits per sample (channel mask 0x3)
[2018.10.18-09.37.36:038][829]LogInit: FAudioDevice initialized.
[2018.10.18-09.37.36:076][829]LogLoad: Game class is 'MySideyCPPGameModeBase_C'
[2018.10.18-09.37.36:078][829]LogWorld: Bringing World /Game/StarterContent/Maps/UEDPIE_0_Minimal_Default.Minimal_Default up for play (max tick rate 0) at 2018.10.18-10.37.36
[2018.10.18-09.37.36:078][829]LogWorld: Bringing up level for play took: 0.001728
[2018.10.18-09.37.36:096][829]PIE: Play in editor start time for /Game/StarterContent/Maps/UEDPIE_0_Minimal_Default 1.03
[2018.10.18-09.37.36:096][829]LogBlueprintUserMessages: Late PlayInEditor Detection: Level '/Game/StarterContent/Maps/Minimal_Default.Minimal_Default:PersistentLevel' has LevelScriptBlueprint '/Game/StarterContent/Maps/Minimal_Default.Minimal_Default:PersistentLevel.Minimal_Default' with GeneratedClass '/Game/StarterContent/Maps/Minimal_Default.Minimal_Default_C' with ClassGeneratedBy '/Game/StarterContent/Maps/Minimal_Default.Minimal_Default:PersistentLevel.Minimal_Default'
[2018.10.18-09.37.38:638][114]LogBlueprintUserMessages: [Player_C_0] X=0.842 Y=-0.540 Z=-0.000
[2018.10.18-09.37.38:645][115]LogActor: Warning: Player_C_0 is outside the world bounds!
[2018.10.18-09.37.38:646][115]LogBlueprintUserMessages: [Player_C_0] X=0.842 Y=-0.540 Z=-0.000
[2018.10.18-09.37.38:654][116]LogBlueprintUserMessages: [Player_C_0] X=0.842 Y=-0.540 Z=-0.000
[2018.10.18-09.37.38:662][117]LogBlueprintUserMessages: [Player_C_0] X=0.842 Y=-0.540 Z=-0.000
[2018.10.18-09.37.38:670][118]LogBlueprintUserMessages: [Player_C_0] X=0.842 Y=-0.540 Z=-0.000
[2018.10.18-09.37.38:679][119]LogBlueprintUserMessages: [Player_C_0] X=0.842 Y=-0.540 Z=-0.000
[2018.10.18-09.37.38:687][120]LogBlueprintUserMessages: [Player_C_0] X=0.842 Y=-0.540 Z=-0.000
[2018.10.18-09.37.38:695][121]LogBlueprintUserMessages: [Player_C_0] X=0.842 Y=-0.540 Z=-0.000
[2018.10.18-09.37.38:703][122]LogBlueprintUserMessages: [Player_C_0] X=0.842 Y=-0.540 Z=-0.000
[2018.10.18-09.37.38:711][123]LogBlueprintUserMessages: [Player_C_0] X=0.842 Y=-0.540 Z=-0.000
[2018.10.18-09.37.38:719][124]LogBlueprintUserMessages: [Player_C_0] X=0.842 Y=-0.540 Z=-0.000
[2018.10.18-09.37.38:733][125]LogBlueprintUserMessages: [Player_C_0] X=0.842 Y=-0.540 Z=-0.000
[2018.10.18-09.37.38:743][126]LogBlueprintUserMessages: [Player_C_0] X=0.842 Y=-0.540 Z=-0.000
[2018.10.18-09.37.38:754][127]LogBlueprintUserMessages: [Player_C_0] X=0.842 Y=-0.540 Z=-0.000
[2018.10.18-09.37.41:070][382]LogBlueprintUserMessages: Early EndPlayMap Detection: Level '/Game/StarterContent/Maps/Minimal_Default.Minimal_Default:PersistentLevel' has LevelScriptBlueprint '/Game/StarterContent/Maps/Minimal_Default.Minimal_Default:PersistentLevel.Minimal_Default' with GeneratedClass '/Game/StarterContent/Maps/Minimal_Default.Minimal_Default_C' with ClassGeneratedBy '/Game/StarterContent/Maps/Minimal_Default.Minimal_Default:PersistentLevel.Minimal_Default'
[2018.10.18-09.37.41:070][382]LogSlate: Updating window title bar state: overlay mode, drag disabled, window buttons hidden, title bar hidden
[2018.10.18-09.37.41:114][382]LogPlayLevel: Display: Shutting down PIE online subsystems
[2018.10.18-09.37.41:115][382]LogBlueprintUserMessages: Late EndPlayMap Detection: Level '/Game/StarterContent/Maps/Minimal_Default.Minimal_Default:PersistentLevel' has LevelScriptBlueprint '/Game/StarterContent/Maps/Minimal_Default.Minimal_Default:PersistentLevel.Minimal_Default' with GeneratedClass '/Game/StarterContent/Maps/Minimal_Default.Minimal_Default_C' with ClassGeneratedBy '/Game/StarterContent/Maps/Minimal_Default.Minimal_Default:PersistentLevel.Minimal_Default'
[2018.10.18-09.37.41:147][382]LogSlate: Updating window title bar state: overlay mode, drag disabled, window buttons hidden, title bar hidden
[2018.10.18-09.37.41:212][383]LogPlayLevel: Display: Destroying online subsystem :Context_4
[2018.10.18-09.37.42:416][519]LogSlate: FSceneViewport::OnFocusLost() reason 0
[2018.10.18-09.37.42:483][527]LogTemp: Repeating last play command: Selected Viewport
[2018.10.18-09.37.42:503][527]LogBlueprintUserMessages: Early PlayInEditor Detection: Level '/Game/StarterContent/Maps/Minimal_Default.Minimal_Default:PersistentLevel' has LevelScriptBlueprint '/Game/StarterContent/Maps/Minimal_Default.Minimal_Default:PersistentLevel.Minimal_Default' with GeneratedClass '/Game/StarterContent/Maps/Minimal_Default.Minimal_Default_C' with ClassGeneratedBy '/Game/StarterContent/Maps/Minimal_Default.Minimal_Default:PersistentLevel.Minimal_Default'
[2018.10.18-09.37.42:503][527]LogPlayLevel: PlayLevel: No blueprints needed recompiling
[2018.10.18-09.37.42:503][527]PIE: New page: PIE session: Minimal_Default (18 Oct 2018 11:37:42)
[2018.10.18-09.37.42:504][527]LogPlayLevel: Creating play world package: /Game/StarterContent/Maps/UEDPIE_0_Minimal_Default
[2018.10.18-09.37.42:508][527]LogPlayLevel: PIE: StaticDuplicateObject took: (0.003966s)
[2018.10.18-09.37.42:509][527]LogAIModule: Creating AISystem for world Minimal_Default
[2018.10.18-09.37.42:509][527]LogPlayLevel: PIE: World Init took: (0.001053s)
[2018.10.18-09.37.42:509][527]LogPlayLevel: PIE: Created PIE world by copying editor world from /Game/StarterContent/Maps/Minimal_Default.Minimal_Default to /Game/StarterContent/Maps/UEDPIE_0_Minimal_Default.Minimal_Default (0.005466s)
[2018.10.18-09.37.42:551][527]LogInit: XAudio2 using 'Realtek HD Audio 2nd output (Realtek High Definition Audio)' : 2 channels at 48 kHz using 32 bits per sample (channel mask 0x3)
[2018.10.18-09.37.42:566][527]LogInit: FAudioDevice initialized.
[2018.10.18-09.37.42:609][527]LogLoad: Game class is 'MySideyCPPGameModeBase_C'
[2018.10.18-09.37.42:612][527]LogWorld: Bringing World /Game/StarterContent/Maps/UEDPIE_0_Minimal_Default.Minimal_Default up for play (max tick rate 0) at 2018.10.18-10.37.42
[2018.10.18-09.37.42:613][527]LogWorld: Bringing up level for play took: 0.002642
[2018.10.18-09.37.42:632][527]PIE: Play in editor start time for /Game/StarterContent/Maps/UEDPIE_0_Minimal_Default -0.435
[2018.10.18-09.37.42:633][527]LogBlueprintUserMessages: Late PlayInEditor Detection: Level '/Game/StarterContent/Maps/Minimal_Default.Minimal_Default:PersistentLevel' has LevelScriptBlueprint '/Game/StarterContent/Maps/Minimal_Default.Minimal_Default:PersistentLevel.Minimal_Default' with GeneratedClass '/Game/StarterContent/Maps/Minimal_Default.Minimal_Default_C' with ClassGeneratedBy '/Game/StarterContent/Maps/Minimal_Default.Minimal_Default:PersistentLevel.Minimal_Default'
[2018.10.18-09.37.44:383][719]LogBlueprintUserMessages: [Player_C_0] X=0.774 Y=-0.633 Z=-0.000
[2018.10.18-09.37.51:983][579]LogBlueprintUserMessages: Early EndPlayMap Detection: Level '/Game/StarterContent/Maps/Minimal_Default.Minimal_Default:PersistentLevel' has LevelScriptBlueprint '/Game/StarterContent/Maps/Minimal_Default.Minimal_Default:PersistentLevel.Minimal_Default' with GeneratedClass '/Game/StarterContent/Maps/Minimal_Default.Minimal_Default_C' with ClassGeneratedBy '/Game/StarterContent/Maps/Minimal_Default.Minimal_Default:PersistentLevel.Minimal_Default'
[2018.10.18-09.37.51:983][579]LogSlate: Updating window title bar state: overlay mode, drag disabled, window buttons hidden, title bar hidden
[2018.10.18-09.37.52:028][579]LogPlayLevel: Display: Shutting down PIE online subsystems
[2018.10.18-09.37.52:028][579]LogBlueprintUserMessages: Late EndPlayMap Detection: Level '/Game/StarterContent/Maps/Minimal_Default.Minimal_Default:PersistentLevel' has LevelScriptBlueprint '/Game/StarterContent/Maps/Minimal_Default.Minimal_Default:PersistentLevel.Minimal_Default' with GeneratedClass '/Game/StarterContent/Maps/Minimal_Default.Minimal_Default_C' with ClassGeneratedBy '/Game/StarterContent/Maps/Minimal_Default.Minimal_Default:PersistentLevel.Minimal_Default'
[2018.10.18-09.37.52:082][579]LogSlate: Updating window title bar state: overlay mode, drag disabled, window buttons hidden, title bar hidden
[2018.10.18-09.37.52:105][580]LogPlayLevel: Display: Destroying online subsystem :Context_5
[2018.10.18-09.37.53:617][755]LogSlate: FSceneViewport::OnFocusLost() reason 0
[2018.10.18-09.37.53:693][764]LogTemp: Repeating last play command: Selected Viewport
[2018.10.18-09.37.53:713][764]LogBlueprintUserMessages: Early PlayInEditor Detection: Level '/Game/StarterContent/Maps/Minimal_Default.Minimal_Default:PersistentLevel' has LevelScriptBlueprint '/Game/StarterContent/Maps/Minimal_Default.Minimal_Default:PersistentLevel.Minimal_Default' with GeneratedClass '/Game/StarterContent/Maps/Minimal_Default.Minimal_Default_C' with ClassGeneratedBy '/Game/StarterContent/Maps/Minimal_Default.Minimal_Default:PersistentLevel.Minimal_Default'
[2018.10.18-09.37.53:713][764]LogPlayLevel: PlayLevel: No blueprints needed recompiling
[2018.10.18-09.37.53:714][764]PIE: New page: PIE session: Minimal_Default (18 Oct 2018 11:37:53)
[2018.10.18-09.37.53:714][764]LogPlayLevel: Creating play world package: /Game/StarterContent/Maps/UEDPIE_0_Minimal_Default
[2018.10.18-09.37.53:717][764]LogPlayLevel: PIE: StaticDuplicateObject took: (0.003509s)
[2018.10.18-09.37.53:718][764]LogAIModule: Creating AISystem for world Minimal_Default
[2018.10.18-09.37.53:718][764]LogPlayLevel: PIE: World Init took: (0.000804s)
[2018.10.18-09.37.53:718][764]LogPlayLevel: PIE: Created PIE world by copying editor world from /Game/StarterContent/Maps/Minimal_Default.Minimal_Default to /Game/StarterContent/Maps/UEDPIE_0_Minimal_Default.Minimal_Default (0.004638s)
[2018.10.18-09.37.53:760][764]LogInit: XAudio2 using 'Realtek HD Audio 2nd output (Realtek High Definition Audio)' : 2 channels at 48 kHz using 32 bits per sample (channel mask 0x3)
[2018.10.18-09.37.53:780][764]LogInit: FAudioDevice initialized.
[2018.10.18-09.37.53:814][764]LogLoad: Game class is 'MySideyCPPGameModeBase_C'
[2018.10.18-09.37.53:817][764]LogWorld: Bringing World /Game/StarterContent/Maps/UEDPIE_0_Minimal_Default.Minimal_Default up for play (max tick rate 0) at 2018.10.18-10.37.53
[2018.10.18-09.37.53:817][764]LogWorld: Bringing up level for play took: 0.001773
[2018.10.18-09.37.53:836][764]PIE: Play in editor start time for /Game/StarterContent/Maps/UEDPIE_0_Minimal_Default 0.769
[2018.10.18-09.37.53:836][764]LogBlueprintUserMessages: Late PlayInEditor Detection: Level '/Game/StarterContent/Maps/Minimal_Default.Minimal_Default:PersistentLevel' has LevelScriptBlueprint '/Game/StarterContent/Maps/Minimal_Default.Minimal_Default:PersistentLevel.Minimal_Default' with GeneratedClass '/Game/StarterContent/Maps/Minimal_Default.Minimal_Default_C' with ClassGeneratedBy '/Game/StarterContent/Maps/Minimal_Default.Minimal_Default:PersistentLevel.Minimal_Default'
[2018.10.18-09.37.57:479][167]LogBlueprintUserMessages: [Player_C_0] X=0.873 Y=-0.488 Z=-0.000
[2018.10.18-09.38.06:021][132]LogBlueprintUserMessages: Early EndPlayMap Detection: Level '/Game/StarterContent/Maps/Minimal_Default.Minimal_Default:PersistentLevel' has LevelScriptBlueprint '/Game/StarterContent/Maps/Minimal_Default.Minimal_Default:PersistentLevel.Minimal_Default' with GeneratedClass '/Game/StarterContent/Maps/Minimal_Default.Minimal_Default_C' with ClassGeneratedBy '/Game/StarterContent/Maps/Minimal_Default.Minimal_Default:PersistentLevel.Minimal_Default'
[2018.10.18-09.38.06:021][132]LogSlate: Updating window title bar state: overlay mode, drag disabled, window buttons hidden, title bar hidden
[2018.10.18-09.38.06:066][132]LogPlayLevel: Display: Shutting down PIE online subsystems
[2018.10.18-09.38.06:066][132]LogBlueprintUserMessages: Late EndPlayMap Detection: Level '/Game/StarterContent/Maps/Minimal_Default.Minimal_Default:PersistentLevel' has LevelScriptBlueprint '/Game/StarterContent/Maps/Minimal_Default.Minimal_Default:PersistentLevel.Minimal_Default' with GeneratedClass '/Game/StarterContent/Maps/Minimal_Default.Minimal_Default_C' with ClassGeneratedBy '/Game/StarterContent/Maps/Minimal_Default.Minimal_Default:PersistentLevel.Minimal_Default'
[2018.10.18-09.38.06:115][132]LogSlate: Updating window title bar state: overlay mode, drag disabled, window buttons hidden, title bar hidden
[2018.10.18-09.38.06:129][133]LogPlayLevel: Display: Destroying online subsystem :Context_6
[2018.10.18-09.38.06:571][185]LogSlate: FSceneViewport::OnFocusLost() reason 0
[2018.10.18-09.38.07:565][295]Cmd: TRANSACTION UNDO
[2018.10.18-09.38.07:566][295]LogEditorTransaction: Undo Create Pin Link
[2018.10.18-09.38.08:008][330]Cmd: TRANSACTION UNDO
[2018.10.18-09.38.08:008][330]LogEditorTransaction: Undo Move Node
[2018.10.18-09.38.08:566][387]Cmd: TRANSACTION UNDO
[2018.10.18-09.38.08:566][387]LogEditorTransaction: Undo Create Pin Link
[2018.10.18-09.38.08:953][416]Cmd: TRANSACTION UNDO
[2018.10.18-09.38.08:954][416]LogEditorTransaction: Undo Change Number Pin Value
[2018.10.18-09.38.09:318][450]Cmd: TRANSACTION UNDO
[2018.10.18-09.38.09:318][450]LogEditorTransaction: Undo Add Node
[2018.10.18-09.38.09:773][496]Cmd: TRANSACTION UNDO
[2018.10.18-09.38.09:773][496]LogEditorTransaction: Undo Move Node
[2018.10.18-09.38.18:225][403]Cmd: OBJ SAVEPACKAGE PACKAGE="/Game/Blueprints/Player" FILE="../../../../../../Users/w017177h/Documents/SpideyCPP/SideyCPP/Content/Blueprints/Player.uasset" SILENT=true
[2018.10.18-09.38.18:304][403]LogSavePackage: Moving '../../../../../../Users/w017177h/Documents/SpideyCPP/SideyCPP/Saved/Player3863539A4F26AB012242FD9C326D9B98.tmp' to '../../../../../../Users/w017177h/Documents/SpideyCPP/SideyCPP/Content/Blueprints/Player.uasset'
[2018.10.18-09.38.30:733][709]Cmd: OBJ SAVEPACKAGE PACKAGE="/Game/Blueprints/Player" FILE="../../../../../../Users/w017177h/Documents/SpideyCPP/SideyCPP/Content/Blueprints/Player.uasset" SILENT=true
[2018.10.18-09.38.30:806][709]LogSavePackage: Moving '../../../../../../Users/w017177h/Documents/SpideyCPP/SideyCPP/Saved/Player80B5C96F46A76261CB4EE49A221F8874.tmp' to '../../../../../../Users/w017177h/Documents/SpideyCPP/SideyCPP/Content/Blueprints/Player.uasset'
[2018.10.18-09.38.31:675][803]BlueprintLog: New page: Compile Player
[2018.10.18-09.38.33:163][946]LogTemp: Repeating last play command: Selected Viewport
[2018.10.18-09.38.33:184][946]LogBlueprintUserMessages: Early PlayInEditor Detection: Level '/Game/StarterContent/Maps/Minimal_Default.Minimal_Default:PersistentLevel' has LevelScriptBlueprint '/Game/StarterContent/Maps/Minimal_Default.Minimal_Default:PersistentLevel.Minimal_Default' with GeneratedClass '/Game/StarterContent/Maps/Minimal_Default.Minimal_Default_C' with ClassGeneratedBy '/Game/StarterContent/Maps/Minimal_Default.Minimal_Default:PersistentLevel.Minimal_Default'
[2018.10.18-09.38.33:185][946]LogPlayLevel: PlayLevel: No blueprints needed recompiling
[2018.10.18-09.38.33:185][946]PIE: New page: PIE session: Minimal_Default (18 Oct 2018 11:38:33)
[2018.10.18-09.38.33:185][946]LogPlayLevel: Creating play world package: /Game/StarterContent/Maps/UEDPIE_0_Minimal_Default
[2018.10.18-09.38.33:189][946]LogPlayLevel: PIE: StaticDuplicateObject took: (0.004318s)
[2018.10.18-09.38.33:190][946]LogAIModule: Creating AISystem for world Minimal_Default
[2018.10.18-09.38.33:190][946]LogPlayLevel: PIE: World Init took: (0.000840s)
[2018.10.18-09.38.33:191][946]LogPlayLevel: PIE: Created PIE world by copying editor world from /Game/StarterContent/Maps/Minimal_Default.Minimal_Default to /Game/StarterContent/Maps/UEDPIE_0_Minimal_Default.Minimal_Default (0.005561s)
[2018.10.18-09.38.33:226][946]LogInit: XAudio2 using 'Realtek HD Audio 2nd output (Realtek High Definition Audio)' : 2 channels at 48 kHz using 32 bits per sample (channel mask 0x3)
[2018.10.18-09.38.33:240][946]LogInit: FAudioDevice initialized.
[2018.10.18-09.38.33:278][946]LogLoad: Game class is 'MySideyCPPGameModeBase_C'
[2018.10.18-09.38.33:282][946]LogWorld: Bringing World /Game/StarterContent/Maps/UEDPIE_0_Minimal_Default.Minimal_Default up for play (max tick rate 0) at 2018.10.18-10.38.33
[2018.10.18-09.38.33:283][946]LogWorld: Bringing up level for play took: 0.002838
[2018.10.18-09.38.33:303][946]PIE: Play in editor start time for /Game/StarterContent/Maps/UEDPIE_0_Minimal_Default 0.237
[2018.10.18-09.38.33:304][946]LogBlueprintUserMessages: Late PlayInEditor Detection: Level '/Game/StarterContent/Maps/Minimal_Default.Minimal_Default:PersistentLevel' has LevelScriptBlueprint '/Game/StarterContent/Maps/Minimal_Default.Minimal_Default:PersistentLevel.Minimal_Default' with GeneratedClass '/Game/StarterContent/Maps/Minimal_Default.Minimal_Default_C' with ClassGeneratedBy '/Game/StarterContent/Maps/Minimal_Default.Minimal_Default:PersistentLevel.Minimal_Default'
[2018.10.18-09.38.36:590][312]LogBlueprintUserMessages: Early EndPlayMap Detection: Level '/Game/StarterContent/Maps/Minimal_Default.Minimal_Default:PersistentLevel' has LevelScriptBlueprint '/Game/StarterContent/Maps/Minimal_Default.Minimal_Default:PersistentLevel.Minimal_Default' with GeneratedClass '/Game/StarterContent/Maps/Minimal_Default.Minimal_Default_C' with ClassGeneratedBy '/Game/StarterContent/Maps/Minimal_Default.Minimal_Default:PersistentLevel.Minimal_Default'
[2018.10.18-09.38.36:591][312]LogSlate: Updating window title bar state: overlay mode, drag disabled, window buttons hidden, title bar hidden
[2018.10.18-09.38.36:638][312]LogPlayLevel: Display: Shutting down PIE online subsystems
[2018.10.18-09.38.36:639][312]LogBlueprintUserMessages: Late EndPlayMap Detection: Level '/Game/StarterContent/Maps/Minimal_Default.Minimal_Default:PersistentLevel' has LevelScriptBlueprint '/Game/StarterContent/Maps/Minimal_Default.Minimal_Default:PersistentLevel.Minimal_Default' with GeneratedClass '/Game/StarterContent/Maps/Minimal_Default.Minimal_Default_C' with ClassGeneratedBy '/Game/StarterContent/Maps/Minimal_Default.Minimal_Default:PersistentLevel.Minimal_Default'
[2018.10.18-09.38.36:686][312]LogSlate: Updating window title bar state: overlay mode, drag disabled, window buttons hidden, title bar hidden
[2018.10.18-09.38.36:704][313]LogPlayLevel: Display: Destroying online subsystem :Context_7
[2018.10.18-09.38.37:215][373]LogSlate: FSceneViewport::OnFocusLost() reason 2
[2018.10.18-09.38.37:428][373]LogSavePackage: Moving '../../../../../../Users/w017177h/Documents/SpideyCPP/SideyCPP/Saved/Minimal_Default36AE00384FF5568DED0115BD4FFA463D.tmp' to '../../../../../../Users/w017177h/Documents/SpideyCPP/SideyCPP/Content/StarterContent/Maps/Minimal_Default.umap'
[2018.10.18-09.38.37:645][373]LogSavePackage: Moving '../../../../../../Users/w017177h/Documents/SpideyCPP/SideyCPP/Saved/Minimal_Default_BuiltData25497C1D48EEA0F106D1CB84F121B821.tmp' to '../../../../../../Users/w017177h/Documents/SpideyCPP/SideyCPP/Content/StarterContent/Maps/Minimal_Default_BuiltData.uasset'
[2018.10.18-09.41.10:044][501]LogSlate: Window 'SideyCPP - Unreal Editor' being destroyed
[2018.10.18-09.41.10:045][501]LogWindowsTextInputMethodSystem: Display: IME system now deactivated.
[2018.10.18-09.41.10:241][502]Cmd: QUIT_EDITOR
[2018.10.18-09.41.11:123][502]LogExit: Preparing to exit.
[2018.10.18-09.41.12:168][502]LogExit: Editor shut down
[2018.10.18-09.41.12:169][502]LogExit: Transaction tracking system shut down
