Log file open, 10/21/18 23:33:20
LogWindows: Failed to load 'aqProf.dll' (GetLastError=126)
LogWindows: File 'aqProf.dll' does not exist
LogWindows: Failed to load 'VSPerf140.dll' (GetLastError=126)
LogWindows: File 'VSPerf140.dll' does not exist
LogWindows: Failed to load 'VtuneApi.dll' (GetLastError=126)
LogWindows: File 'VtuneApi.dll' does not exist
LogWindows: Failed to load 'VtuneApi32e.dll' (GetLastError=126)
LogWindows: File 'VtuneApi32e.dll' does not exist
LogInit: Display: Running engine for game: SideyCPP
LogPlatformFile: Not using cached read wrapper
LogTaskGraph: Started task graph with 5 named threads and 23 total threads with 3 sets of task threads.
LogStats: Stats thread started at 0.426496
LogD3D11RHI: Loaded GFSDK_Aftermath_Lib.x64.dll
LogICUInternationalization: Display: ICU TimeZone Detection - Raw Offset: +0:00, Platform Override: ''
LogPluginManager: Mounting plugin Paper2D
LogPluginManager: Mounting plugin AISupport
LogPluginManager: Mounting plugin LightPropagationVolume
LogPluginManager: Mounting plugin CLionSourceCodeAccess
LogPluginManager: Mounting plugin CodeLiteSourceCodeAccess
LogPluginManager: Mounting plugin GitSourceControl
LogPluginManager: Mounting plugin KDevelopSourceCodeAccess
LogPluginManager: Mounting plugin NullSourceCodeAccess
LogPluginManager: Mounting plugin PerforceSourceControl
LogPluginManager: Mounting plugin SubversionSourceControl
LogPluginManager: Mounting plugin UObjectPlugin
LogPluginManager: Mounting plugin VisualStudioCodeSourceCodeAccess
LogPluginManager: Mounting plugin VisualStudioSourceCodeAccess
LogPluginManager: Mounting plugin XCodeSourceCodeAccess
LogPluginManager: Mounting plugin AssetManagerEditor
LogPluginManager: Mounting plugin CryptoKeys
LogPluginManager: Mounting plugin DataValidation
LogPluginManager: Mounting plugin FacialAnimation
LogPluginManager: Mounting plugin GameplayTagsEditor
LogPluginManager: Mounting plugin MacGraphicsSwitching
LogPluginManager: Mounting plugin MeshEditor
LogPluginManager: Mounting plugin MobileLauncherProfileWizard
LogPluginManager: Mounting plugin PluginBrowser
LogPluginManager: Mounting plugin SpeedTreeImporter
LogPluginManager: Mounting plugin DatasmithContent
LogPluginManager: Mounting plugin AlembicImporter
LogPluginManager: Mounting plugin AppleImageUtils
LogPluginManager: Mounting plugin AppleVision
LogPluginManager: Mounting plugin BackChannel
LogPluginManager: Mounting plugin CharacterAI
LogPluginManager: Mounting plugin GeometryCache
LogPluginManager: Mounting plugin HTML5Networking
LogPluginManager: Mounting plugin ProxyLODPlugin
LogPluginManager: Mounting plugin MagicLeap
LogPluginManager: Mounting plugin MagicLeapEmulator
LogPluginManager: Mounting plugin MagicLeapMedia
LogPluginManager: Mounting plugin AndroidMedia
LogPluginManager: Mounting plugin AvfMedia
LogPluginManager: Mounting plugin ImgMedia
LogPluginManager: Mounting plugin LinearTimecode
LogPluginManager: Mounting plugin MediaCompositing
LogPluginManager: Mounting plugin MediaPlayerEditor
LogPluginManager: Mounting plugin WmfMedia
LogPluginManager: Mounting plugin TcpMessaging
LogPluginManager: Mounting plugin UdpMessaging
LogPluginManager: Mounting plugin ActorSequence
LogPluginManager: Mounting plugin LevelSequenceEditor
LogPluginManager: Mounting plugin MatineeToLevelSequence
LogPluginManager: Mounting plugin NetcodeUnitTest
LogPluginManager: Mounting plugin NUTUnrealEngine4
LogPluginManager: Mounting plugin OnlineSubsystemGooglePlay
LogPluginManager: Mounting plugin OnlineSubsystemIOS
LogPluginManager: Mounting plugin OnlineSubsystem
LogPluginManager: Mounting plugin OnlineSubsystemNull
LogPluginManager: Mounting plugin OnlineSubsystemUtils
LogPluginManager: Mounting plugin LauncherChunkInstaller
LogPluginManager: Mounting plugin AndroidDeviceProfileSelector
LogPluginManager: Mounting plugin AndroidMoviePlayer
LogPluginManager: Mounting plugin AndroidPermission
LogPluginManager: Mounting plugin AppleMoviePlayer
LogPluginManager: Mounting plugin ArchVisCharacter
LogPluginManager: Mounting plugin AudioCapture
LogPluginManager: Mounting plugin CableComponent
LogPluginManager: Mounting plugin CustomMeshComponent
LogPluginManager: Mounting plugin EditableMesh
LogPluginManager: Mounting plugin ExampleDeviceProfileSelector
LogPluginManager: Mounting plugin GoogleCloudMessaging
LogPluginManager: Mounting plugin ImmediatePhysics
LogPluginManager: Mounting plugin IOSDeviceProfileSelector
LogPluginManager: Mounting plugin LinuxDeviceProfileSelector
LogPluginManager: Mounting plugin LocationServicesBPLibrary
LogPluginManager: Mounting plugin MobilePatchingUtils
LogPluginManager: Mounting plugin OculusVR
LogPluginManager: Plugin shader directory ../../../Engine/Plugins/Runtime/Oculus/OculusVR/Shaders found
LogPluginManager: Mapping shader source directory ../../../Engine/Plugins/Runtime/Oculus/OculusVR/Shaders to virtual directory /Plugin/OculusVR
LogPluginManager: Mounting plugin PhysXVehicles
LogPluginManager: Mounting plugin ProceduralMeshComponent
LogPluginManager: Mounting plugin RuntimePhysXCooking
LogPluginManager: Mounting plugin SteamVR
LogPluginManager: Mounting plugin WindowsMoviePlayer
LogStreaming: Display: Took  0.291s to configure plugins.
LogInit: Using libcurl 7.55.1-DEV
LogInit:  - built for x86_64-pc-win32
LogInit:  - supports SSL with OpenSSL/1.0.2h
LogInit:  - supports HTTP deflate (compression) using libz 1.2.8
LogInit:  - other features:
LogInit:      CURL_VERSION_SSL
LogInit:      CURL_VERSION_LIBZ
LogInit:      CURL_VERSION_IPV6
LogInit:      CURL_VERSION_ASYNCHDNS
LogInit:      CURL_VERSION_LARGEFILE
LogInit:      CURL_VERSION_IDN
LogInit:  CurlRequestOptions (configurable via config and command line):
LogInit:  - bVerifyPeer = false  - Libcurl will NOT verify peer certificate
LogInit:  - bUseHttpProxy = false  - Libcurl will NOT use HTTP proxy
LogInit:  - bDontReuseConnections = false  - Libcurl will reuse connections
LogInit:  - CertBundlePath = nullptr  - Libcurl will use whatever was configured at build time.
LogInit:  - MaxHostConnections = 16  - Libcurl will limit the number of connections to a host
LogInit:  - LocalHostAddr = Default
LogInit:  - BufferSize = 65536
LogInit: WinSock: version 1.1 (2.2), MaxSocks=32767, MaxUdp=65467
LogInit: Build: ++UE4+Release-4.20-CL-4369336
LogInit: Engine Version: 4.20.3-4369336+++UE4+Release-4.20
LogInit: Compatible Engine Version: 4.20.0-4212847+++UE4+Release-4.20
LogInit: Net CL: 4212847
LogInit: OS: Windows 10 (), CPU: Intel(R) Xeon(R) CPU E5-1620 v3 @ 3.50GHz, GPU: NVIDIA GeForce GTX 970
LogInit: Compiled (64-bit): Sep 17 2018 12:26:19
LogInit: Compiled with Visual C++: 19.13.26129.00
LogInit: Build Configuration: Development
LogInit: Branch Name: ++UE4+Release-4.20
LogInit: Command Line:  -skipcompile
LogInit: Base Directory: C:/Epic/UE4/UE_4.20/Engine/Binaries/Win64/
LogInit: Installed Engine Build: 1
LogDevObjectVersion: Number of dev versions registered: 20
LogDevObjectVersion:   Dev-Blueprints (B0D832E4-1F89-4F0D-ACCF-7EB736FD4AA2): 10
LogDevObjectVersion:   Dev-Build (E1C64328-A22C-4D53-A36C-8E866417BD8C): 0
LogDevObjectVersion:   Dev-Core (375EC13C-06E4-48FB-B500-84F0262A717E): 2
LogDevObjectVersion:   Dev-Editor (E4B068ED-F494-42E9-A231-DA0B2E46BB41): 24
LogDevObjectVersion:   Dev-Framework (CFFC743F-43B0-4480-9391-14DF171D2073): 34
LogDevObjectVersion:   Dev-Mobile (B02B49B5-BB20-44E9-A304-32B752E40360): 2
LogDevObjectVersion:   Dev-Networking (A4E4105C-59A1-49B5-A7C5-40C4547EDFEE): 0
LogDevObjectVersion:   Dev-Online (39C831C9-5AE6-47DC-9A44-9C173E1C8E7C): 0
LogDevObjectVersion:   Dev-Physics (78F01B33-EBEA-4F98-B9B4-84EACCB95AA2): 0
LogDevObjectVersion:   Dev-Platform (6631380F-2D4D-43E0-8009-CF276956A95A): 0
LogDevObjectVersion:   Dev-Rendering (12F88B9F-8875-4AFC-A67C-D90C383ABD29): 26
LogDevObjectVersion:   Dev-Sequencer (7B5AE74C-D270-4C10-A958-57980B212A5A): 9
LogDevObjectVersion:   Dev-VR (D7296918-1DD6-4BDD-9DE2-64A83CC13884): 2
LogDevObjectVersion:   Dev-LoadTimes (C2A15278-BFE7-4AFE-6C17-90FF531DF755): 1
LogDevObjectVersion:   Private-Geometry (6EACA3D4-40EC-4CC1-B786-8BED09428FC5): 3
LogDevObjectVersion:   Dev-AnimPhys (29E575DD-E0A3-4627-9D10-D276232CDCEA): 17
LogDevObjectVersion:   Dev-ReflectionCapture (6B266CEC-1EC7-4B8F-A30B-E4D90942FC07): 1
LogDevObjectVersion:   Dev-Automation (0DF73D61-A23F-47EA-B727-89E90C41499A): 1
LogDevObjectVersion:   FortniteMain (601D1886-AC64-4F84-AA16-D3DE0DEAC7D6): 12
LogDevObjectVersion:   Dev-Enterprise (9DFFBCD6-494F-0158-E221-12823C92A888): 1
LogStreaming: Display: Took  0.007s to delete old logs.
LogInit: Presizing for max 8388607 objects, including 0 objects not considered by GC, pre-allocating 0 bytes for permanent pool.
LogInit: Object subsystem initialized
[2018.10.21-22.33.21:369][  0]LogInit: Selected Device Profile: [Windows]
[2018.10.21-22.33.21:369][  0]LogInit: Applying CVar settings loaded from the selected device profile: [Windows]
[2018.10.21-22.33.21:386][  0]LogHAL: Display: Platform has ~ 16 GB [17092038656 / 17179869184 / 16], which maps to Larger [LargestMinGB=32, LargerMinGB=12, DefaultMinGB=8, SmallerMinGB=6, SmallestMinGB=0)
[2018.10.21-22.33.21:386][  0]LogInit: Setting Device Profile CVar: [[r.Vulkan.UseRealUBs:1]]
[2018.10.21-22.33.21:386][  0]LogInit: Going up to parent DeviceProfile []
[2018.10.21-22.33.21:387][  0]LogInit: Computer: C115-4
[2018.10.21-22.33.21:387][  0]LogInit: User: w017177h
[2018.10.21-22.33.21:387][  0]LogInit: CPU Page size=4096, Cores=4
[2018.10.21-22.33.21:387][  0]LogInit: High frequency timer resolution =3.410072 MHz
[2018.10.21-22.33.21:388][  0]LogMemory: Memory total: Physical=15.9GB (16GB approx)
[2018.10.21-22.33.21:388][  0]LogMemory: Platform Memory Stats for Windows
[2018.10.21-22.33.21:388][  0]LogMemory: Process Physical Memory: 101.00 MB used, 101.00 MB peak
[2018.10.21-22.33.21:388][  0]LogMemory: Process Virtual Memory: 91.01 MB used, 91.01 MB peak
[2018.10.21-22.33.21:388][  0]LogMemory: Physical Memory: 5867.45 MB used,  10432.79 MB free, 16300.24 MB total
[2018.10.21-22.33.21:388][  0]LogMemory: Virtual Memory: 4640.09 MB used,  10432.79 MB free, 134217728.00 MB total
[2018.10.21-22.33.21:512][  0]LogInit: Using OS detected language (en-US).
[2018.10.21-22.33.21:512][  0]LogInit: Using OS detected locale (en-GB).
[2018.10.21-22.33.21:514][  0]LogTextLocalizationManager: No specific localization for 'en-US' exists, so the 'en' localization will be used.
[2018.10.21-22.33.21:907][  0]LogStreaming: Display: Took  0.395s to InitEngineTextLocalization.
[2018.10.21-22.33.21:908][  0]LogInit: Setting process to per monitor DPI aware
[2018.10.21-22.33.21:965][  0]LogSlate: New Slate User Created.  User Index 0, Is Virtual User: 0
[2018.10.21-22.33.21:965][  0]LogSlate: Slate User Registered.  User Index 0, Is Virtual User: 0
[2018.10.21-22.33.22:380][  0]LogHMD: Failed to initialize OpenVR with code 110
[2018.10.21-22.33.22:380][  0]LogD3D11RHI: D3D11 adapters:
[2018.10.21-22.33.22:504][  0]LogD3D11RHI:    0. 'NVIDIA GeForce GTX 970' (Feature Level 11_0)
[2018.10.21-22.33.22:504][  0]LogD3D11RHI:       4043/0/8150 MB DedicatedVideo/DedicatedSystem/SharedSystem, Outputs:2, VendorId:0x10de
[2018.10.21-22.33.22:513][  0]LogD3D11RHI:    1. 'Microsoft Basic Render Driver' (Feature Level 11_0)
[2018.10.21-22.33.22:513][  0]LogD3D11RHI:       0/0/8150 MB DedicatedVideo/DedicatedSystem/SharedSystem, Outputs:0, VendorId:0x1414
[2018.10.21-22.33.22:513][  0]LogD3D11RHI: Chosen D3D11 Adapter: 0
[2018.10.21-22.33.22:524][  0]LogD3D11RHI: Creating new Direct3DDevice
[2018.10.21-22.33.22:524][  0]LogD3D11RHI:     GPU DeviceId: 0x13c2 (for the marketing name, search the web for "GPU Device Id")
[2018.10.21-22.33.22:524][  0]LogWindows: EnumDisplayDevices:
[2018.10.21-22.33.22:525][  0]LogWindows:    0. 'NVIDIA GeForce GTX 970' (P:0 D:1)
[2018.10.21-22.33.22:525][  0]LogWindows:    1. 'NVIDIA GeForce GTX 970' (P:1 D:1)
[2018.10.21-22.33.22:525][  0]LogWindows:    2. 'NVIDIA GeForce GTX 970' (P:0 D:0)
[2018.10.21-22.33.22:526][  0]LogWindows:    3. 'NVIDIA GeForce GTX 970' (P:0 D:0)
[2018.10.21-22.33.22:526][  0]LogWindows: DebugString: FoundDriverCount:4 
[2018.10.21-22.33.22:526][  0]LogD3D11RHI:     Adapter Name: NVIDIA GeForce GTX 970
[2018.10.21-22.33.22:526][  0]LogD3D11RHI:   Driver Version: 398.82 (internal:24.21.13.9882, unified:398.82)
[2018.10.21-22.33.22:526][  0]LogD3D11RHI:      Driver Date: 7-30-2018
[2018.10.21-22.33.22:526][  0]LogRHI: Texture pool is 2830 MB (70% of 4043 MB)
[2018.10.21-22.33.22:587][  0]LogD3D11RHI: Async texture creation enabled
[2018.10.21-22.33.22:606][  0]LogD3D11RHI: GPU Timing Frequency: 1000.000000 (Debug: 2 2)
[2018.10.21-22.33.22:651][  0]LogShaderCompilers: Guid format shader working directory is -20 characters bigger than the processId version (../../../../../../Users/w017177h/Documents/GitHub/SpideyCPP/SideyCPP/Intermediate/Shaders/WorkingDirectory/13728/).
[2018.10.21-22.33.22:651][  0]LogShaderCompilers: Cleaned the shader compiler working directory 'C:/Users/w017177h/AppData/Local/Temp/UnrealShaderWorkingDir/7F3E19B54920386DC17B0D80EB065608/'.
[2018.10.21-22.33.23:027][  0]LogTemp: Display: Loaded TP AllDesktopTargetPlatform
[2018.10.21-22.33.23:048][  0]LogTemp: Display: Loaded TP MacClientTargetPlatform
[2018.10.21-22.33.23:066][  0]LogTemp: Display: Loaded TP MacNoEditorTargetPlatform
[2018.10.21-22.33.23:085][  0]LogTemp: Display: Loaded TP MacServerTargetPlatform
[2018.10.21-22.33.23:103][  0]LogTemp: Display: Loaded TP MacTargetPlatform
[2018.10.21-22.33.23:122][  0]LogTemp: Display: Loaded TP WindowsClientTargetPlatform
[2018.10.21-22.33.23:140][  0]LogTemp: Display: Loaded TP WindowsNoEditorTargetPlatform
[2018.10.21-22.33.23:158][  0]LogTemp: Display: Loaded TP WindowsServerTargetPlatform
[2018.10.21-22.33.23:169][  0]LogTemp: Display: Loaded TP WindowsTargetPlatform
[2018.10.21-22.33.23:266][  0]LogTemp: Display: Loaded TP AndroidTargetPlatform
[2018.10.21-22.33.23:266][  0]LogTemp: Display: Loaded TP AndroidTargetPlatform
[2018.10.21-22.33.23:266][  0]LogTemp: Display: Loaded TP AndroidTargetPlatform
[2018.10.21-22.33.23:266][  0]LogTemp: Display: Loaded TP AndroidTargetPlatform
[2018.10.21-22.33.23:266][  0]LogTemp: Display: Loaded TP AndroidTargetPlatform
[2018.10.21-22.33.23:266][  0]LogTemp: Display: Loaded TP AndroidTargetPlatform
[2018.10.21-22.33.23:266][  0]LogTemp: Display: Loaded TP AndroidTargetPlatform
[2018.10.21-22.33.23:266][  0]LogTemp: Display: Loaded TP AndroidTargetPlatform
[2018.10.21-22.33.23:266][  0]LogTemp: Display: Loaded TP AndroidTargetPlatform
[2018.10.21-22.33.23:266][  0]LogTemp: Display: Loaded TP AndroidTargetPlatform
[2018.10.21-22.33.23:266][  0]LogTemp: Display: Loaded TP AndroidTargetPlatform
[2018.10.21-22.33.23:266][  0]LogTemp: Display: Loaded TP AndroidTargetPlatform
[2018.10.21-22.33.23:267][  0]LogTemp: Display: Loaded TP AndroidTargetPlatform
[2018.10.21-22.33.23:267][  0]LogTemp: Display: Loaded TP AndroidTargetPlatform
[2018.10.21-22.33.23:267][  0]LogTemp: Display: Loaded TP AndroidTargetPlatform
[2018.10.21-22.33.23:267][  0]LogTemp: Display: Loaded TP AndroidTargetPlatform
[2018.10.21-22.33.23:267][  0]LogTemp: Display: Loaded TP AndroidTargetPlatform
[2018.10.21-22.33.23:267][  0]LogTemp: Display: Loaded TP AndroidTargetPlatform
[2018.10.21-22.33.23:273][  0]LogTemp: Display: Loaded TP HTML5TargetPlatform
[2018.10.21-22.33.23:349][  0]LogTemp: Display: Loaded TP IOSTargetPlatform
[2018.10.21-22.33.23:349][  0]LogTemp: Display: Loaded TP IOSTargetPlatform
[2018.10.21-22.33.23:392][  0]LogTemp: Display: Loaded TP TVOSTargetPlatform
[2018.10.21-22.33.23:392][  0]LogTemp: Display: Loaded TP TVOSTargetPlatform
[2018.10.21-22.33.23:410][  0]LogTemp: Display: Loaded TP LinuxClientTargetPlatform
[2018.10.21-22.33.23:433][  0]LogTemp: Display: Loaded TP LinuxNoEditorTargetPlatform
[2018.10.21-22.33.23:451][  0]LogTemp: Display: Loaded TP LinuxServerTargetPlatform
[2018.10.21-22.33.23:470][  0]LogTemp: Display: Loaded TP LinuxTargetPlatform
[2018.10.21-22.33.23:491][  0]LogTemp: Display: Loaded TP LuminTargetPlatform
[2018.10.21-22.33.23:491][  0]LogTargetPlatformManager: Display: Building Assets For Windows
[2018.10.21-22.33.23:666][  0]LogXGEController: Cleaning working directory: C:/Users/w017177h/AppData/Local/Temp/UnrealXGEWorkingDir/
[2018.10.21-22.33.23:667][  0]LogXGEController: Cannot use XGE Controller as Incredibuild is not installed on this machine.
[2018.10.21-22.33.23:667][  0]LogShaderCompilers: Cannot use XGE Shader Compiler as Incredibuild is not installed on this machine.
[2018.10.21-22.33.23:667][  0]LogShaderCompilers: Display: Using Local Shader Compiler.
[2018.10.21-22.33.24:740][  0]LogDerivedDataCache: Display: Max Cache Size: 512 MB
[2018.10.21-22.33.24:840][  0]LogDerivedDataCache: Loaded boot cache 0.10s 71MB C:/Users/w017177h/AppData/Local/UnrealEngine/4.20/DerivedDataCache/Boot.ddc.
[2018.10.21-22.33.24:841][  0]LogDerivedDataCache: Display: Loaded Boot cache: C:/Users/w017177h/AppData/Local/UnrealEngine/4.20/DerivedDataCache/Boot.ddc
[2018.10.21-22.33.24:841][  0]LogDerivedDataCache: FDerivedDataBackendGraph:  Pak pak cache file ../../../../../../Users/w017177h/Documents/GitHub/SpideyCPP/SideyCPP/DerivedDataCache/DDC.ddp not found, will not use a pak cache.
[2018.10.21-22.33.24:841][  0]LogDerivedDataCache: Unable to find inner node Pak for hierarchical cache Hierarchy.
[2018.10.21-22.33.24:842][  0]LogDerivedDataCache: FDerivedDataBackendGraph:  CompressedPak pak cache file ../../../../../../Users/w017177h/Documents/GitHub/SpideyCPP/SideyCPP/DerivedDataCache/Compressed.ddp not found, will not use a pak cache.
[2018.10.21-22.33.24:842][  0]LogDerivedDataCache: Unable to find inner node CompressedPak for hierarchical cache Hierarchy.
[2018.10.21-22.33.24:855][  0]LogDerivedDataCache: Display: Pak cache opened for reading ../../../Engine/DerivedDataCache/Compressed.ddp.
[2018.10.21-22.33.24:888][  0]LogDerivedDataCache: Using Local data cache path C:/Users/w017177h/AppData/Local/UnrealEngine/Common/DerivedDataCache: Writable
[2018.10.21-22.33.24:888][  0]LogDerivedDataCache: Shared data cache path not found in *engine.ini, will not use an Shared cache.
[2018.10.21-22.33.24:888][  0]LogDerivedDataCache: Unable to find inner node Shared for hierarchical cache Hierarchy.
[2018.10.21-22.33.24:926][  0]LogMaterial: Verifying Global Shaders for PCD3D_SM5
[2018.10.21-22.33.24:927][  0]LogSlate: Using FreeType 2.6.0
[2018.10.21-22.33.24:930][  0]LogSlate: SlateFontServices - WITH_FREETYPE: 1, WITH_HARFBUZZ: 1
[2018.10.21-22.33.25:039][  0]LogAssetRegistry: FAssetRegistry took 0.0320 seconds to start up
[2018.10.21-22.33.25:492][  0]LogInit: Selected Device Profile: [Windows]
[2018.10.21-22.33.25:698][  0]LogSimplygon: Simplygon DLL not present - disabling.
[2018.10.21-22.33.25:712][  0]LogMeshReduction: Using SimplygonSwarm for distributed automatic mesh merging
[2018.10.21-22.33.25:712][  0]LogMeshReduction: Using ProxyLODMeshReduction for automatic mesh merging
[2018.10.21-22.33.25:712][  0]LogMeshReduction: Using QuadricMeshReduction for automatic static mesh reduction
[2018.10.21-22.33.25:712][  0]LogMeshReduction: No automatic skeletal mesh reduction module available
[2018.10.21-22.33.25:733][  0]LogNetVersion: SideyCPP 1.0.0, NetCL: 4212847, EngineNetVer: 5, GameNetVer: 0 (Checksum: 583984258)
[2018.10.21-22.33.26:563][  0]LogPackageLocalizationCache: Processed 11 localized package path(s) for 2 prioritized culture(s) in 0.197007 seconds
[2018.10.21-22.33.26:571][  0]LogUObjectArray: 38425 objects as part of root set at end of initial load.
[2018.10.21-22.33.26:571][  0]LogUObjectAllocator: 6690864 out of 0 bytes used by permanent object pool.
[2018.10.21-22.33.26:571][  0]LogUObjectArray: CloseDisregardForGC: 0/0 objects in disregard for GC pool
[2018.10.21-22.33.27:871][  0]LogTcpMessaging: Initializing TcpMessaging bridge
[2018.10.21-22.33.27:889][  0]LogUdpMessaging: Initializing bridge on interface 0.0.0.0:0 to multicast group 230.0.0.1:6666.
[2018.10.21-22.33.28:175][  0]SourceControl: Source control is disabled
[2018.10.21-22.33.28:175][  0]SourceControl: Source control is disabled
[2018.10.21-22.33.28:180][  0]SourceControl: Source control is disabled
[2018.10.21-22.33.28:184][  0]SourceControl: Source control is disabled
[2018.10.21-22.33.28:520][  0]LogAndroidPermission: UAndroidPermissionCallbackProxy::GetInstance
[2018.10.21-22.33.28:624][  0]LogOcInput: OculusInput pre-init called
[2018.10.21-22.33.28:706][  0]LogEngine: Initializing Engine...
[2018.10.21-22.33.28:707][  0]LogHMD: Failed to initialize OpenVR with code 110
[2018.10.21-22.33.28:708][  0]LogStats: UGameplayTagsManager::ConstructGameplayTagTree: ImportINI prefixes -  0.000 s
[2018.10.21-22.33.28:708][  0]LogStats: UGameplayTagsManager::ConstructGameplayTagTree: Construct from data asset -  0.000 s
[2018.10.21-22.33.28:709][  0]LogStats: UGameplayTagsManager::ConstructGameplayTagTree: ImportINI -  0.000 s
[2018.10.21-22.33.28:709][  0]LogStats: UGameplayTagsManager::ConstructGameplayTagTree: GameplayTagTreeChangedEvent.Broadcast -  0.000 s
[2018.10.21-22.33.29:044][  0]LogInit: Initializing FReadOnlyCVARCache
[2018.10.21-22.33.29:080][  0]LogAIModule: Creating AISystem for world Untitled
[2018.10.21-22.33.29:096][  0]LogInit: XAudio2 using 'Speakers (Realtek High Definition Audio)' : 2 channels at 48 kHz using 32 bits per sample (channel mask 0x3)
[2018.10.21-22.33.29:143][  0]LogInit: FAudioDevice initialized.
[2018.10.21-22.33.29:143][  0]LogNetVersion: Set ProjectVersion to 1.0.0.0. Version Checksum will be recalculated on next use.
[2018.10.21-22.33.29:240][  0]LogDerivedDataCache: Saved boot cache 0.10s 71MB C:/Users/w017177h/AppData/Local/UnrealEngine/4.20/DerivedDataCache/Boot.ddc.
[2018.10.21-22.33.29:251][  0]LogInit: Texture streaming: Enabled
[2018.10.21-22.33.29:293][  0]LogEngineSessionManager: EngineSessionManager initialized
[2018.10.21-22.33.29:293][  0]LogEngineSessionManager: EngineSessionManager sent abnormal shutdown report. Type=Debugger, SessionId={DC8CF291-463E-7527-336B-2CBFCC95A941}
[2018.10.21-22.33.29:310][  0]LogInit: Transaction tracking system initialized
[2018.10.21-22.33.29:366][  0]BlueprintLog: New page: Editor Load
[2018.10.21-22.33.29:551][  0]LocalizationService: Localization service is disabled
[2018.10.21-22.33.29:945][  0]LogCook: Display: Max memory allowance for cook 16384mb min free memory 0mb
[2018.10.21-22.33.29:946][  0]LogCook: Display: Mobile HDR setting 1
[2018.10.21-22.33.29:946][  0]LogGameplayTags: Display: UGameplayTagsManager::DoneAddingNativeTags. DelegateIsBound: 0
[2018.10.21-22.33.29:946][  0]LogStats: UGameplayTagsManager::ConstructGameplayTagTree: ImportINI prefixes -  0.000 s
[2018.10.21-22.33.29:946][  0]LogStats: UGameplayTagsManager::ConstructGameplayTagTree: Construct from data asset -  0.000 s
[2018.10.21-22.33.29:946][  0]LogStats: UGameplayTagsManager::ConstructGameplayTagTree: ImportINI -  0.000 s
[2018.10.21-22.33.29:946][  0]LogStats: UGameplayTagsManager::ConstructGameplayTagTree: GameplayTagTreeChangedEvent.Broadcast -  0.000 s
[2018.10.21-22.33.30:232][  0]LogFileCache: Scanning file cache for directory 'C:/Users/w017177h/Documents/GitHub/SpideyCPP/SideyCPP/Content/' took 0.02s
[2018.10.21-22.33.30:232][  0]SourceControl: Source control is disabled
[2018.10.21-22.33.30:232][  0]Cmd: MAP LOAD FILE="../../../../../../Users/w017177h/Documents/GitHub/SpideyCPP/SideyCPP/Content/StarterContent/Maps/Minimal_Default.umap" TEMPLATE=0 SHOWPROGRESS=1 FEATURELEVEL=3
[2018.10.21-22.33.30:233][  0]LightingResults: New page: Lighting Build
[2018.10.21-22.33.30:238][  0]MapCheck: New page: Map Check
[2018.10.21-22.33.30:238][  0]LightingResults: New page: Lighting Build
[2018.10.21-22.33.30:557][  0]LogAIModule: Creating AISystem for world Minimal_Default
[2018.10.21-22.33.30:572][  0]LogEditorServer: Finished looking for orphan Actors (0.000 secs)
[2018.10.21-22.33.30:599][  0]Cmd: MAP CHECKDEP NOCLEARLOG
[2018.10.21-22.33.30:790][  0]MapCheck: Map check complete: 0 Error(s), 0 Warning(s), took 190.624ms to complete.
[2018.10.21-22.33.30:790][  0]LogFileHelpers: Loading map 'Minimal_Default' took 0.559
[2018.10.21-22.33.30:967][  0]LogSlate: Updating window title bar state: overlay mode, drag disabled, window buttons hidden, title bar hidden
[2018.10.21-22.33.30:979][  0]LogSlate: Updating window title bar state: overlay mode, drag disabled, window buttons hidden, title bar hidden
[2018.10.21-22.33.30:990][  0]LogSlate: Updating window title bar state: overlay mode, drag disabled, window buttons hidden, title bar hidden
[2018.10.21-22.33.31:001][  0]LogSlate: Updating window title bar state: overlay mode, drag disabled, window buttons hidden, title bar hidden
[2018.10.21-22.33.31:013][  0]LogCollectionManager: Loaded 0 collections in 0.003351 seconds
[2018.10.21-22.33.31:077][  0]LogFileCache: Scanning file cache for directory 'C:/Users/w017177h/Documents/GitHub/SpideyCPP/SideyCPP/Saved/Collections/' took 0.01s
[2018.10.21-22.33.31:077][  0]LogFileCache: Scanning file cache for directory 'C:/Users/w017177h/Documents/GitHub/SpideyCPP/SideyCPP/Content/Developers/w017177h/Collections/' took 0.01s
[2018.10.21-22.33.31:077][  0]LogFileCache: Scanning file cache for directory 'C:/Users/w017177h/Documents/GitHub/SpideyCPP/SideyCPP/Content/Collections/' took 0.02s
[2018.10.21-22.33.31:077][  0]LogCollectionManager: Rebuilt the GUID cache for 0 collections in 0.000000 seconds
[2018.10.21-22.33.31:090][  0]LogContentBrowser: Native class hierarchy populated in 0.0122 seconds. Added 2576 classes and 605 folders.
[2018.10.21-22.33.31:102][  0]LogContentBrowser: Native class hierarchy updated for 'WidgetCarousel' in 0.0005 seconds. Added 0 classes and 0 folders.
[2018.10.21-22.33.31:192][  0]LogContentBrowser: Native class hierarchy updated for 'AddContentDialog' in 0.0006 seconds. Added 0 classes and 0 folders.
[2018.10.21-22.33.31:202][  0]LogContentBrowser: Native class hierarchy updated for 'SceneOutliner' in 0.0007 seconds. Added 1 classes and 2 folders.
[2018.10.21-22.33.31:220][  0]LogSlate: Took 0.000372 seconds to synchronously load lazily loaded font '../../../Engine/Content/Slate/Fonts/Roboto-Regular.ttf' (155K)
[2018.10.21-22.33.31:223][  0]LogSlate: Took 0.000317 seconds to synchronously load lazily loaded font '../../../Engine/Content/Slate/Fonts/Roboto-Bold.ttf' (160K)
[2018.10.21-22.33.31:231][  0]LogSlate: Took 0.000392 seconds to synchronously load lazily loaded font '../../../Engine/Content/Editor/Slate/Fonts/FontAwesome.ttf' (139K)
[2018.10.21-22.33.31:318][  0]LogRenderer: Reallocating scene render targets to support 1208x576 Format 10 NumSamples 1 (Frame:1).
[2018.10.21-22.33.31:495][  0]LogContentBrowser: Native class hierarchy updated for 'HierarchicalLODOutliner' in 0.0005 seconds. Added 0 classes and 0 folders.
[2018.10.21-22.33.31:495][  0]LogLoad: (Engine Initialization) Total time: 13.69 seconds
[2018.10.21-22.33.31:495][  0]LogLoad: (Engine Initialization) Total Blueprint compile time: 0.00 seconds
[2018.10.21-22.33.31:505][  0]LogWindowsTextInputMethodSystem: Display: IME system now deactivated.
[2018.10.21-22.33.31:528][  0]LogContentStreaming: Texture pool size now 1000 MB
[2018.10.21-22.33.31:554][  0]LogSlate: Took 0.000273 seconds to synchronously load lazily loaded font '../../../Engine/Content/Slate/Fonts/Roboto-Light.ttf' (167K)
[2018.10.21-22.33.31:628][  1]LogAssetRegistry: Asset discovery search completed in 6.6122 seconds
[2018.10.21-22.33.31:630][  1]LogCollectionManager: Rebuilt the object cache for 0 collections in 0.000000 seconds (found 0 objects)
[2018.10.21-22.33.31:630][  1]LogCollectionManager: Fixed up redirectors for 0 collections in 0.000129 seconds (updated 0 objects)
[2018.10.21-22.33.40:616][277]LogSlate: FSceneViewport::OnFocusLost() reason 0
[2018.10.21-22.33.40:677][283]LogTemp: Repeating last play command: Selected Viewport
[2018.10.21-22.33.40:696][283]LogBlueprintUserMessages: Early PlayInEditor Detection: Level '/Game/StarterContent/Maps/Minimal_Default.Minimal_Default:PersistentLevel' has LevelScriptBlueprint '/Game/StarterContent/Maps/Minimal_Default.Minimal_Default:PersistentLevel.Minimal_Default' with GeneratedClass '/Game/StarterContent/Maps/Minimal_Default.Minimal_Default_C' with ClassGeneratedBy '/Game/StarterContent/Maps/Minimal_Default.Minimal_Default:PersistentLevel.Minimal_Default'
[2018.10.21-22.33.40:697][283]LogPlayLevel: PlayLevel: No blueprints needed recompiling
[2018.10.21-22.33.40:712][283]PIE: New page: PIE session: Minimal_Default (22 Oct 2018 00:33:40)
[2018.10.21-22.33.40:712][283]LogPlayLevel: Creating play world package: /Game/StarterContent/Maps/UEDPIE_0_Minimal_Default
[2018.10.21-22.33.40:718][283]LogPlayLevel: PIE: StaticDuplicateObject took: (0.005732s)
[2018.10.21-22.33.40:719][283]LogAIModule: Creating AISystem for world Minimal_Default
[2018.10.21-22.33.40:719][283]LogPlayLevel: PIE: World Init took: (0.000973s)
[2018.10.21-22.33.40:719][283]LogPlayLevel: PIE: Created PIE world by copying editor world from /Game/StarterContent/Maps/Minimal_Default.Minimal_Default to /Game/StarterContent/Maps/UEDPIE_0_Minimal_Default.Minimal_Default (0.007176s)
[2018.10.21-22.33.40:750][283]LogInit: XAudio2 using 'Speakers (Realtek High Definition Audio)' : 2 channels at 48 kHz using 32 bits per sample (channel mask 0x3)
[2018.10.21-22.33.40:766][283]LogInit: FAudioDevice initialized.
[2018.10.21-22.33.41:026][283]LogLoad: Game class is 'MySideyCPPGameModeBase_C'
[2018.10.21-22.33.41:029][283]LogWorld: Bringing World /Game/StarterContent/Maps/UEDPIE_0_Minimal_Default.Minimal_Default up for play (max tick rate 0) at 2018.10.21-23.33.41
[2018.10.21-22.33.41:030][283]LogWorld: Bringing up level for play took: 0.001589
[2018.10.21-22.33.41:052][283]LogContentBrowser: Native class hierarchy updated for 'MovieSceneCapture' in 0.0005 seconds. Added 10 classes and 0 folders.
[2018.10.21-22.33.41:055][283]PIE: Play in editor start time for /Game/StarterContent/Maps/UEDPIE_0_Minimal_Default -0.302
[2018.10.21-22.33.41:056][283]LogBlueprintUserMessages: Late PlayInEditor Detection: Level '/Game/StarterContent/Maps/Minimal_Default.Minimal_Default:PersistentLevel' has LevelScriptBlueprint '/Game/StarterContent/Maps/Minimal_Default.Minimal_Default:PersistentLevel.Minimal_Default' with GeneratedClass '/Game/StarterContent/Maps/Minimal_Default.Minimal_Default_C' with ClassGeneratedBy '/Game/StarterContent/Maps/Minimal_Default.Minimal_Default:PersistentLevel.Minimal_Default'
[2018.10.21-22.33.50:265][343]LogBlueprintUserMessages: Early EndPlayMap Detection: Level '/Game/StarterContent/Maps/Minimal_Default.Minimal_Default:PersistentLevel' has LevelScriptBlueprint '/Game/StarterContent/Maps/Minimal_Default.Minimal_Default:PersistentLevel.Minimal_Default' with GeneratedClass '/Game/StarterContent/Maps/Minimal_Default.Minimal_Default_C' with ClassGeneratedBy '/Game/StarterContent/Maps/Minimal_Default.Minimal_Default:PersistentLevel.Minimal_Default'
[2018.10.21-22.33.50:265][343]LogSlate: Updating window title bar state: overlay mode, drag disabled, window buttons hidden, title bar hidden
[2018.10.21-22.33.50:307][343]LogPlayLevel: Display: Shutting down PIE online subsystems
[2018.10.21-22.33.50:308][343]LogBlueprintUserMessages: Late EndPlayMap Detection: Level '/Game/StarterContent/Maps/Minimal_Default.Minimal_Default:PersistentLevel' has LevelScriptBlueprint '/Game/StarterContent/Maps/Minimal_Default.Minimal_Default:PersistentLevel.Minimal_Default' with GeneratedClass '/Game/StarterContent/Maps/Minimal_Default.Minimal_Default_C' with ClassGeneratedBy '/Game/StarterContent/Maps/Minimal_Default.Minimal_Default:PersistentLevel.Minimal_Default'
[2018.10.21-22.33.50:349][343]LogSlate: Updating window title bar state: overlay mode, drag disabled, window buttons hidden, title bar hidden
[2018.10.21-22.33.50:374][344]LogPlayLevel: Display: Destroying online subsystem :Context_2
[2018.10.21-22.33.51:993][534]LogSlate: FSceneViewport::OnFocusLost() reason 0
[2018.10.21-22.33.52:059][542]LogTemp: Repeating last play command: Selected Viewport
[2018.10.21-22.33.52:077][542]LogBlueprintUserMessages: Early PlayInEditor Detection: Level '/Game/StarterContent/Maps/Minimal_Default.Minimal_Default:PersistentLevel' has LevelScriptBlueprint '/Game/StarterContent/Maps/Minimal_Default.Minimal_Default:PersistentLevel.Minimal_Default' with GeneratedClass '/Game/StarterContent/Maps/Minimal_Default.Minimal_Default_C' with ClassGeneratedBy '/Game/StarterContent/Maps/Minimal_Default.Minimal_Default:PersistentLevel.Minimal_Default'
[2018.10.21-22.33.52:077][542]LogPlayLevel: PlayLevel: No blueprints needed recompiling
[2018.10.21-22.33.52:077][542]PIE: New page: PIE session: Minimal_Default (22 Oct 2018 00:33:52)
[2018.10.21-22.33.52:077][542]LogPlayLevel: Creating play world package: /Game/StarterContent/Maps/UEDPIE_0_Minimal_Default
[2018.10.21-22.33.52:081][542]LogPlayLevel: PIE: StaticDuplicateObject took: (0.003421s)
[2018.10.21-22.33.52:081][542]LogAIModule: Creating AISystem for world Minimal_Default
[2018.10.21-22.33.52:082][542]LogPlayLevel: PIE: World Init took: (0.001002s)
[2018.10.21-22.33.52:082][542]LogPlayLevel: PIE: Created PIE world by copying editor world from /Game/StarterContent/Maps/Minimal_Default.Minimal_Default to /Game/StarterContent/Maps/UEDPIE_0_Minimal_Default.Minimal_Default (0.004992s)
[2018.10.21-22.33.52:107][542]LogInit: XAudio2 using 'Speakers (Realtek High Definition Audio)' : 2 channels at 48 kHz using 32 bits per sample (channel mask 0x3)
[2018.10.21-22.33.52:121][542]LogInit: FAudioDevice initialized.
[2018.10.21-22.33.52:154][542]LogLoad: Game class is 'MySideyCPPGameModeBase_C'
[2018.10.21-22.33.52:156][542]LogWorld: Bringing World /Game/StarterContent/Maps/UEDPIE_0_Minimal_Default.Minimal_Default up for play (max tick rate 0) at 2018.10.21-23.33.52
[2018.10.21-22.33.52:156][542]LogWorld: Bringing up level for play took: 0.001147
[2018.10.21-22.33.52:171][542]PIE: Play in editor start time for /Game/StarterContent/Maps/UEDPIE_0_Minimal_Default 0.814
[2018.10.21-22.33.52:172][542]LogBlueprintUserMessages: Late PlayInEditor Detection: Level '/Game/StarterContent/Maps/Minimal_Default.Minimal_Default:PersistentLevel' has LevelScriptBlueprint '/Game/StarterContent/Maps/Minimal_Default.Minimal_Default:PersistentLevel.Minimal_Default' with GeneratedClass '/Game/StarterContent/Maps/Minimal_Default.Minimal_Default_C' with ClassGeneratedBy '/Game/StarterContent/Maps/Minimal_Default.Minimal_Default:PersistentLevel.Minimal_Default'
[2018.10.21-22.34.51:091][469]LogBlueprintUserMessages: Early EndPlayMap Detection: Level '/Game/StarterContent/Maps/Minimal_Default.Minimal_Default:PersistentLevel' has LevelScriptBlueprint '/Game/StarterContent/Maps/Minimal_Default.Minimal_Default:PersistentLevel.Minimal_Default' with GeneratedClass '/Game/StarterContent/Maps/Minimal_Default.Minimal_Default_C' with ClassGeneratedBy '/Game/StarterContent/Maps/Minimal_Default.Minimal_Default:PersistentLevel.Minimal_Default'
[2018.10.21-22.34.51:091][469]LogSlate: Updating window title bar state: overlay mode, drag disabled, window buttons hidden, title bar hidden
[2018.10.21-22.34.51:133][469]LogPlayLevel: Display: Shutting down PIE online subsystems
[2018.10.21-22.34.51:133][469]LogBlueprintUserMessages: Late EndPlayMap Detection: Level '/Game/StarterContent/Maps/Minimal_Default.Minimal_Default:PersistentLevel' has LevelScriptBlueprint '/Game/StarterContent/Maps/Minimal_Default.Minimal_Default:PersistentLevel.Minimal_Default' with GeneratedClass '/Game/StarterContent/Maps/Minimal_Default.Minimal_Default_C' with ClassGeneratedBy '/Game/StarterContent/Maps/Minimal_Default.Minimal_Default:PersistentLevel.Minimal_Default'
[2018.10.21-22.34.51:175][469]LogSlate: Updating window title bar state: overlay mode, drag disabled, window buttons hidden, title bar hidden
[2018.10.21-22.34.51:196][470]LogPlayLevel: Display: Destroying online subsystem :Context_4
[2018.10.21-22.34.51:902][551]LogSlate: Took 0.000233 seconds to synchronously load lazily loaded font '../../../Engine/Content/Slate/Fonts/Roboto-Light.ttf' (167K)
[2018.10.21-22.34.51:905][551]LogSlate: FSceneViewport::OnFocusLost() reason 2
[2018.10.21-22.34.52:142][551]LogSavePackage: Moving '../../../../../../Users/w017177h/Documents/GitHub/SpideyCPP/SideyCPP/Saved/Minimal_Default4D53F4DC4B44161E8BC4888C703FB67E.tmp' to '../../../../../../Users/w017177h/Documents/GitHub/SpideyCPP/SideyCPP/Content/StarterContent/Maps/Minimal_Default.umap'
[2018.10.21-22.34.54:294][797]LogSlate: FSceneViewport::OnFocusLost() reason 0
[2018.10.21-22.34.54:739][848]MapCheck: New page: Map Check
[2018.10.21-22.34.54:759][848]Cmd: MAP REBUILD ALLVISIBLE
[2018.10.21-22.34.54:759][848]LogEditorServer: Rebuildmap Clear paths rebuilt
[2018.10.21-22.34.54:819][848]LogMaterial: Display: Missing cached shader map for material FDebugViewModeMaterialProxy M_Metal_Copper, compiling. 
[2018.10.21-22.34.54:827][848]LogMaterial: Display: Missing cached shader map for material FDebugViewModeMaterialProxy MaterialInstanceDynamic_0, compiling. 
[2018.10.21-22.34.54:834][848]LogMaterial: Display: Missing cached shader map for material FDebugViewModeMaterialProxy BasicShapeMaterial, compiling. 
[2018.10.21-22.34.55:650][848]LogShaderCompilers: Display: Shaders left to compile 2
[2018.10.21-22.34.55:650][848]LogShaderCompilers: Display: Shaders left to compile 1
[2018.10.21-22.34.55:650][848]LogShaderCompilers: Display: Shaders left to compile 1
[2018.10.21-22.34.55:650][848]TextureStreamingBuild: Display: Compiling optional shaders took 0.836 seconds.
[2018.10.21-22.34.55:656][848]LogLevel: Display: Export Material TexCoord Scales took 0.006 seconds.
[2018.10.21-22.34.55:669][848]TextureStreamingBuild: Display: Build Texture Streaming took 0.012 seconds.
[2018.10.21-22.34.55:693][848]LightingResults: New page: Lighting Build - 22 Oct 2018 00:34:55
[2018.10.21-22.34.55:768][848]LogSwarmInterface: [OpenConnection] Registering TCP channel ...
[2018.10.21-22.34.55:900][848]LogSwarmInterface: [OpenConnection] Connecting to agent ...
[2018.10.21-22.34.55:924][848]LogSwarmInterface: [TryOpenConnection] Testing the Agent
[2018.10.21-22.34.56:446][848]LogSwarmInterface: [TryOpenConnection] Opening Connection to Agent
[2018.10.21-22.34.56:447][848]LogSwarmInterface: [TryOpenConnection] Local Process ID is 13728
[2018.10.21-22.35.08:066][848]LogStaticLightingSystem: Warning: No importance volume found, so the scene bounding box was used.  You can optimize your scene's quality and lighting build times by adding importance volumes.
[2018.10.21-22.35.08:067][848]LogStaticLightingSystem: Running Lightmass w/ ImmediateImport mode ENABLED
[2018.10.21-22.35.08:070][848]LogStaticLightingSystem: Running Lightmass w/ ImmediateProcess mode ENABLED
[2018.10.21-22.35.08:071][848]LogStaticLightingSystem: Running Lightmass w/ Sorting mode ENABLED
[2018.10.21-22.35.08:071][848]LogStaticLightingSystem: Running Lightmass w/ Mapping paddings ENABLED
[2018.10.21-22.35.08:071][848]LogStaticLightingSystem: Running Lightmass w/ Mapping debug paddings DISABLED
[2018.10.21-22.35.08:245][848]Cmd: MAP CHECK DONTDISPLAYDIALOG
[2018.10.21-22.35.08:245][848]MapCheck: New page: Minimal_Default - 22 Oct 2018 00:35:08
[2018.10.21-22.35.08:246][848]MapCheck: Error: WorldSettings_1 Maps need lighting rebuilt 
[2018.10.21-22.35.08:575][848]MapCheck: Map check complete: 1 Error(s), 0 Warning(s), took 329.49ms to complete.
[2018.10.21-22.35.08:601][848]LogEditorBuildUtils: Build time 0:13
[2018.10.21-22.35.12:718][864]Job is a success!
[2018.10.21-22.35.13:250][865]LogVolumetricLightmapImport: Imported Volumetric Lightmap in 0.109s
[2018.10.21-22.35.13:250][865]LogVolumetricLightmapImport:      Indirection Texture 16x16x16 = 0.0Mb
[2018.10.21-22.35.13:250][865]LogVolumetricLightmapImport:      BrickData 1280x15x5 = 3.8Mb (trimmed 0.1Mb due to 0.010000 MinBrickError)
[2018.10.21-22.35.13:250][865]LogVolumetricLightmapImport:      Bricks at Level
[2018.10.21-22.35.13:250][865]LogVolumetricLightmapImport:          0: 0.2% covering 100.0% of volume
[2018.10.21-22.35.13:251][865]LogVolumetricLightmapImport:          1: 3.9% covering 34.4% of volume
[2018.10.21-22.35.13:251][865]LogVolumetricLightmapImport:          2: 95.9% covering 13.1% of volume
[2018.10.21-22.35.13:378][865]LogTexture: Display: Building textures: SkyOcclusion0_1 (AutoDXT, 256X128)
[2018.10.21-22.35.13:378][865]LogTexture: Display: Building textures: HQ_Lightmap0_1 (AutoDXT, 256X256)
[2018.10.21-22.35.13:379][865]LogTexture: Display: Building textures: LQ_Lightmap_0_1 (DXT1, 256X256)
[2018.10.21-22.35.13:379][865]LogTexture: Display: Building textures: SkyOcclusion0_2 (AutoDXT, 64X32)
[2018.10.21-22.35.13:379][865]LogTexture: Display: Building textures: HQ_Lightmap0_2 (AutoDXT, 64X64)
[2018.10.21-22.35.13:379][865]LogTexture: Display: Building textures: LQ_Lightmap_0_2 (DXT1, 64X64)
[2018.10.21-22.35.13:379][865]LogTexture: Display: Building textures: SkyOcclusion0_3 (AutoDXT, 64X32)
[2018.10.21-22.35.13:381][865]LogTexture: Display: Building textures: HQ_Lightmap0_3 (AutoDXT, 64X64)
[2018.10.21-22.35.13:382][865]LogTexture: Display: Building textures: LQ_Lightmap_0_3 (DXT1, 64X64)
[2018.10.21-22.35.13:382][865]LogTexture: Display: Building textures: ShadowMapTexture2D_1 (G8, 32X32)
[2018.10.21-22.35.13:382][865]LogTexture: Display: Building textures: ShadowMapTexture2D_2 (G8, 32X32)
[2018.10.21-22.35.13:383][865]LogTexture: Display: Building textures: ShadowMapTexture2D_0 (G8, 256X128)
[2018.10.21-22.35.13:418][865]Lightmass on C115-4: 3.58 sec total, 211 ms importing, 29 ms setup, 764 ms photons, 2.53 sec processing, 0 ms extra exporting [6/6 mappings]. Threads: 17.5 sec total, 831 ms processing.
[2018.10.21-22.35.13:458][865]LogStaticLightingSystem: Illumination: 17.4 sec (43 ms encoding lightmaps, 65 ms encoding shadowmaps)
[2018.10.21-22.35.13:459][865]LogStaticLightingSystem: Lightmap texture memory:  0.2 MB (0.2 MB streaming, 0.0 MB non-streaming), 6 textures
[2018.10.21-22.35.13:459][865]LogStaticLightingSystem: Shadowmap texture memory: 0.0 MB (0.0 MB streaming, 0.0 MB non-streaming), 3 textures
[2018.10.21-22.35.14:098][865]DumpUnbuiltLightIteractions
[2018.10.21-22.35.14:098][865]Lights with unbuilt interactions: 0
[2018.10.21-22.35.14:099][865]
[2018.10.21-22.35.14:099][865]Primitives with unbuilt interactions: 0
[2018.10.21-22.35.14:305][866]Cmd: MAP CHECK NOTIFYRESULTS
[2018.10.21-22.35.14:306][866]MapCheck: New page: Minimal_Default - 22 Oct 2018 00:35:14
[2018.10.21-22.35.14:575][866]MapCheck: Map check complete: 0 Error(s), 0 Warning(s), took 269.265ms to complete.
[2018.10.21-22.35.24:973][897]LogSlate: Window 'Message Log' being destroyed
[2018.10.21-22.35.24:976][897]LogSlate: Window 'Message Log' being destroyed
[2018.10.21-22.35.26:962][ 10]LogSavePackage: Moving '../../../../../../Users/w017177h/Documents/GitHub/SpideyCPP/SideyCPP/Saved/Minimal_Default0DAAE7BC405B311E8D81B99210B7E890.tmp' to '../../../../../../Users/w017177h/Documents/GitHub/SpideyCPP/SideyCPP/Content/StarterContent/Maps/Minimal_Default.umap'
[2018.10.21-22.35.27:069][ 10]LogSavePackage: Moving '../../../../../../Users/w017177h/Documents/GitHub/SpideyCPP/SideyCPP/Saved/Minimal_Default_BuiltDataC85B9D6846CFAC417E22BAB1E68EE64C.tmp' to '../../../../../../Users/w017177h/Documents/GitHub/SpideyCPP/SideyCPP/Content/StarterContent/Maps/Minimal_Default_BuiltData.uasset'
[2018.10.21-22.35.32:543][624]LogAssetEditorManager: Opening Asset editor for Blueprint /Game/Blueprints/Player.Player
[2018.10.21-22.35.33:018][624]LogContentBrowser: Native class hierarchy updated for 'BlueprintGraph' in 0.0008 seconds. Added 116 classes and 0 folders.
[2018.10.21-22.35.33:866][624]LogSlate: Took 0.000301 seconds to synchronously load lazily loaded font '../../../Engine/Content/Slate/Fonts/Roboto-BoldCondensed.ttf' (158K)
[2018.10.21-22.35.33:942][625]LogSlate: Took 0.000279 seconds to synchronously load lazily loaded font '../../../Engine/Content/Slate/Fonts/Roboto-Italic.ttf' (157K)
[2018.10.21-22.35.35:948][837]Cmd: OBJ SAVEPACKAGE PACKAGE="/Game/Blueprints/Player" FILE="../../../../../../Users/w017177h/Documents/GitHub/SpideyCPP/SideyCPP/Content/Blueprints/Player.uasset" SILENT=true
[2018.10.21-22.35.36:045][837]LogSavePackage: Moving '../../../../../../Users/w017177h/Documents/GitHub/SpideyCPP/SideyCPP/Saved/Player0549FEFC4D2A3556451BEBBF8D404C0F.tmp' to '../../../../../../Users/w017177h/Documents/GitHub/SpideyCPP/SideyCPP/Content/Blueprints/Player.uasset'
[2018.10.21-22.35.38:863][126]LogRenderer: Reallocating scene render targets to support 1208x900 Format 10 NumSamples 1 (Frame:1).
[2018.10.21-22.35.42:834][572]LogSlate: FSceneViewport::OnFocusLost() reason 0
[2018.10.21-22.36.20:070][816]LogSlate: FSceneViewport::OnFocusLost() reason 0
[2018.10.21-22.36.22:127][ 42]LogTemp: Repeating last play command: Selected Viewport
[2018.10.21-22.36.22:145][ 42]LogBlueprintUserMessages: Early PlayInEditor Detection: Level '/Game/StarterContent/Maps/Minimal_Default.Minimal_Default:PersistentLevel' has LevelScriptBlueprint '/Game/StarterContent/Maps/Minimal_Default.Minimal_Default:PersistentLevel.Minimal_Default' with GeneratedClass '/Game/StarterContent/Maps/Minimal_Default.Minimal_Default_C' with ClassGeneratedBy '/Game/StarterContent/Maps/Minimal_Default.Minimal_Default:PersistentLevel.Minimal_Default'
[2018.10.21-22.36.22:145][ 42]LogPlayLevel: PlayLevel: No blueprints needed recompiling
[2018.10.21-22.36.22:145][ 42]PIE: New page: PIE session: Minimal_Default (22 Oct 2018 00:36:22)
[2018.10.21-22.36.22:145][ 42]LogPlayLevel: Creating play world package: /Game/StarterContent/Maps/UEDPIE_0_Minimal_Default
[2018.10.21-22.36.22:149][ 42]LogPlayLevel: PIE: StaticDuplicateObject took: (0.003885s)
[2018.10.21-22.36.22:150][ 42]LogAIModule: Creating AISystem for world Minimal_Default
[2018.10.21-22.36.22:150][ 42]LogPlayLevel: PIE: World Init took: (0.000818s)
[2018.10.21-22.36.22:150][ 42]LogPlayLevel: PIE: Created PIE world by copying editor world from /Game/StarterContent/Maps/Minimal_Default.Minimal_Default to /Game/StarterContent/Maps/UEDPIE_0_Minimal_Default.Minimal_Default (0.005079s)
[2018.10.21-22.36.22:184][ 42]LogInit: XAudio2 using 'Speakers (Realtek High Definition Audio)' : 2 channels at 48 kHz using 32 bits per sample (channel mask 0x3)
[2018.10.21-22.36.22:198][ 42]LogInit: FAudioDevice initialized.
[2018.10.21-22.36.22:235][ 42]LogLoad: Game class is 'MySideyCPPGameModeBase_C'
[2018.10.21-22.36.22:238][ 42]LogWorld: Bringing World /Game/StarterContent/Maps/UEDPIE_0_Minimal_Default.Minimal_Default up for play (max tick rate 0) at 2018.10.21-23.36.22
[2018.10.21-22.36.22:239][ 42]LogWorld: Bringing up level for play took: 0.002646
[2018.10.21-22.36.22:259][ 42]PIE: Play in editor start time for /Game/StarterContent/Maps/UEDPIE_0_Minimal_Default 0.899
[2018.10.21-22.36.22:260][ 42]LogBlueprintUserMessages: Late PlayInEditor Detection: Level '/Game/StarterContent/Maps/Minimal_Default.Minimal_Default:PersistentLevel' has LevelScriptBlueprint '/Game/StarterContent/Maps/Minimal_Default.Minimal_Default:PersistentLevel.Minimal_Default' with GeneratedClass '/Game/StarterContent/Maps/Minimal_Default.Minimal_Default_C' with ClassGeneratedBy '/Game/StarterContent/Maps/Minimal_Default.Minimal_Default:PersistentLevel.Minimal_Default'
[2018.10.21-22.36.35:686][611]LogBlueprintUserMessages: Early EndPlayMap Detection: Level '/Game/StarterContent/Maps/Minimal_Default.Minimal_Default:PersistentLevel' has LevelScriptBlueprint '/Game/StarterContent/Maps/Minimal_Default.Minimal_Default:PersistentLevel.Minimal_Default' with GeneratedClass '/Game/StarterContent/Maps/Minimal_Default.Minimal_Default_C' with ClassGeneratedBy '/Game/StarterContent/Maps/Minimal_Default.Minimal_Default:PersistentLevel.Minimal_Default'
[2018.10.21-22.36.35:687][611]LogSlate: Updating window title bar state: overlay mode, drag disabled, window buttons hidden, title bar hidden
[2018.10.21-22.36.35:732][611]LogPlayLevel: Display: Shutting down PIE online subsystems
[2018.10.21-22.36.35:732][611]LogBlueprintUserMessages: Late EndPlayMap Detection: Level '/Game/StarterContent/Maps/Minimal_Default.Minimal_Default:PersistentLevel' has LevelScriptBlueprint '/Game/StarterContent/Maps/Minimal_Default.Minimal_Default:PersistentLevel.Minimal_Default' with GeneratedClass '/Game/StarterContent/Maps/Minimal_Default.Minimal_Default_C' with ClassGeneratedBy '/Game/StarterContent/Maps/Minimal_Default.Minimal_Default:PersistentLevel.Minimal_Default'
[2018.10.21-22.36.35:764][611]LogSlate: Updating window title bar state: overlay mode, drag disabled, window buttons hidden, title bar hidden
[2018.10.21-22.36.35:791][613]LogPlayLevel: Display: Destroying online subsystem :Context_8
[2018.10.21-22.36.36:319][672]LogSlate: FSceneViewport::OnFocusLost() reason 2
[2018.10.21-22.36.36:335][672]LogSlate: Took 0.008883 seconds to synchronously load lazily loaded font '../../../Engine/Content/Slate/Fonts/DroidSansMono.ttf' (77K)
[2018.10.21-22.36.38:927][951]LogSavePackage: Moving '../../../../../../Users/w017177h/Documents/GitHub/SpideyCPP/SideyCPP/Saved/Minimal_Default4B5B93C945F63C44785DAA87B5BEE25F.tmp' to '../../../../../../Users/w017177h/Documents/GitHub/SpideyCPP/SideyCPP/Content/StarterContent/Maps/Minimal_Default.umap'
[2018.10.21-22.36.39:045][951]LogSavePackage: Moving '../../../../../../Users/w017177h/Documents/GitHub/SpideyCPP/SideyCPP/Saved/Minimal_Default_BuiltData409A918041F73E44A8C7DF9E57037E2E.tmp' to '../../../../../../Users/w017177h/Documents/GitHub/SpideyCPP/SideyCPP/Content/StarterContent/Maps/Minimal_Default_BuiltData.uasset'
