Log file open, 10/20/18 19:57:28
LogWindows: Failed to load 'aqProf.dll' (GetLastError=126)
LogWindows: File 'aqProf.dll' does not exist
LogWindows: Failed to load 'VSPerf140.dll' (GetLastError=126)
LogWindows: File 'VSPerf140.dll' does not exist
LogWindows: Failed to load 'VtuneApi.dll' (GetLastError=126)
LogWindows: File 'VtuneApi.dll' does not exist
LogWindows: Failed to load 'VtuneApi32e.dll' (GetLastError=126)
LogWindows: File 'VtuneApi32e.dll' does not exist
LogInit: Display: Running engine for game: SideyCPP
LogPlatformFile: Not using cached read wrapper
LogTaskGraph: Started task graph with 5 named threads and 23 total threads with 3 sets of task threads.
LogStats: Stats thread started at 0.393562
LogD3D11RHI: Loaded GFSDK_Aftermath_Lib.x64.dll
LogICUInternationalization: Display: ICU TimeZone Detection - Raw Offset: +0:00, Platform Override: ''
LogPluginManager: Mounting plugin Paper2D
LogPluginManager: Mounting plugin AISupport
LogPluginManager: Mounting plugin LightPropagationVolume
LogPluginManager: Mounting plugin CLionSourceCodeAccess
LogPluginManager: Mounting plugin CodeLiteSourceCodeAccess
LogPluginManager: Mounting plugin GitSourceControl
LogPluginManager: Mounting plugin KDevelopSourceCodeAccess
LogPluginManager: Mounting plugin NullSourceCodeAccess
LogPluginManager: Mounting plugin PerforceSourceControl
LogPluginManager: Mounting plugin SubversionSourceControl
LogPluginManager: Mounting plugin UObjectPlugin
LogPluginManager: Mounting plugin VisualStudioCodeSourceCodeAccess
LogPluginManager: Mounting plugin VisualStudioSourceCodeAccess
LogPluginManager: Mounting plugin XCodeSourceCodeAccess
LogPluginManager: Mounting plugin AssetManagerEditor
LogPluginManager: Mounting plugin CryptoKeys
LogPluginManager: Mounting plugin DataValidation
LogPluginManager: Mounting plugin FacialAnimation
LogPluginManager: Mounting plugin GameplayTagsEditor
LogPluginManager: Mounting plugin MacGraphicsSwitching
LogPluginManager: Mounting plugin MeshEditor
LogPluginManager: Mounting plugin MobileLauncherProfileWizard
LogPluginManager: Mounting plugin PluginBrowser
LogPluginManager: Mounting plugin SpeedTreeImporter
LogPluginManager: Mounting plugin DatasmithContent
LogPluginManager: Mounting plugin AlembicImporter
LogPluginManager: Mounting plugin AppleImageUtils
LogPluginManager: Mounting plugin AppleVision
LogPluginManager: Mounting plugin BackChannel
LogPluginManager: Mounting plugin CharacterAI
LogPluginManager: Mounting plugin GeometryCache
LogPluginManager: Mounting plugin HTML5Networking
LogPluginManager: Mounting plugin ProxyLODPlugin
LogPluginManager: Mounting plugin MagicLeap
LogPluginManager: Mounting plugin MagicLeapEmulator
LogPluginManager: Mounting plugin MagicLeapMedia
LogPluginManager: Mounting plugin AndroidMedia
LogPluginManager: Mounting plugin AvfMedia
LogPluginManager: Mounting plugin ImgMedia
LogPluginManager: Mounting plugin LinearTimecode
LogPluginManager: Mounting plugin MediaCompositing
LogPluginManager: Mounting plugin MediaPlayerEditor
LogPluginManager: Mounting plugin WmfMedia
LogPluginManager: Mounting plugin TcpMessaging
LogPluginManager: Mounting plugin UdpMessaging
LogPluginManager: Mounting plugin ActorSequence
LogPluginManager: Mounting plugin LevelSequenceEditor
LogPluginManager: Mounting plugin MatineeToLevelSequence
LogPluginManager: Mounting plugin NetcodeUnitTest
LogPluginManager: Mounting plugin NUTUnrealEngine4
LogPluginManager: Mounting plugin OnlineSubsystemGooglePlay
LogPluginManager: Mounting plugin OnlineSubsystemIOS
LogPluginManager: Mounting plugin OnlineSubsystem
LogPluginManager: Mounting plugin OnlineSubsystemNull
LogPluginManager: Mounting plugin OnlineSubsystemUtils
LogPluginManager: Mounting plugin LauncherChunkInstaller
LogPluginManager: Mounting plugin AndroidDeviceProfileSelector
LogPluginManager: Mounting plugin AndroidMoviePlayer
LogPluginManager: Mounting plugin AndroidPermission
LogPluginManager: Mounting plugin AppleMoviePlayer
LogPluginManager: Mounting plugin ArchVisCharacter
LogPluginManager: Mounting plugin AudioCapture
LogPluginManager: Mounting plugin CableComponent
LogPluginManager: Mounting plugin CustomMeshComponent
LogPluginManager: Mounting plugin EditableMesh
LogPluginManager: Mounting plugin ExampleDeviceProfileSelector
LogPluginManager: Mounting plugin GoogleCloudMessaging
LogPluginManager: Mounting plugin ImmediatePhysics
LogPluginManager: Mounting plugin IOSDeviceProfileSelector
LogPluginManager: Mounting plugin LinuxDeviceProfileSelector
LogPluginManager: Mounting plugin LocationServicesBPLibrary
LogPluginManager: Mounting plugin MobilePatchingUtils
LogPluginManager: Mounting plugin OculusVR
LogPluginManager: Plugin shader directory ../../../Engine/Plugins/Runtime/Oculus/OculusVR/Shaders found
LogPluginManager: Mapping shader source directory ../../../Engine/Plugins/Runtime/Oculus/OculusVR/Shaders to virtual directory /Plugin/OculusVR
LogPluginManager: Mounting plugin PhysXVehicles
LogPluginManager: Mounting plugin ProceduralMeshComponent
LogPluginManager: Mounting plugin RuntimePhysXCooking
LogPluginManager: Mounting plugin SteamVR
LogPluginManager: Mounting plugin WindowsMoviePlayer
LogStreaming: Display: Took  0.253s to configure plugins.
LogInit: Using libcurl 7.55.1-DEV
LogInit:  - built for x86_64-pc-win32
LogInit:  - supports SSL with OpenSSL/1.0.2h
LogInit:  - supports HTTP deflate (compression) using libz 1.2.8
LogInit:  - other features:
LogInit:      CURL_VERSION_SSL
LogInit:      CURL_VERSION_LIBZ
LogInit:      CURL_VERSION_IPV6
LogInit:      CURL_VERSION_ASYNCHDNS
LogInit:      CURL_VERSION_LARGEFILE
LogInit:      CURL_VERSION_IDN
LogInit:  CurlRequestOptions (configurable via config and command line):
LogInit:  - bVerifyPeer = false  - Libcurl will NOT verify peer certificate
LogInit:  - bUseHttpProxy = false  - Libcurl will NOT use HTTP proxy
LogInit:  - bDontReuseConnections = false  - Libcurl will reuse connections
LogInit:  - CertBundlePath = nullptr  - Libcurl will use whatever was configured at build time.
LogInit:  - MaxHostConnections = 16  - Libcurl will limit the number of connections to a host
LogInit:  - LocalHostAddr = Default
LogInit:  - BufferSize = 65536
LogInit: WinSock: version 1.1 (2.2), MaxSocks=32767, MaxUdp=65467
LogInit: Build: ++UE4+Release-4.20-CL-4369336
LogInit: Engine Version: 4.20.3-4369336+++UE4+Release-4.20
LogInit: Compatible Engine Version: 4.20.0-4212847+++UE4+Release-4.20
LogInit: Net CL: 4212847
LogInit: OS: Windows 10 (), CPU: Intel(R) Core(TM) i7-6700K CPU @ 4.00GHz, GPU: NVIDIA GeForce GTX 1060 6GB
LogInit: Compiled (64-bit): Sep 17 2018 12:26:19
LogInit: Compiled with Visual C++: 19.13.26129.00
LogInit: Build Configuration: Development
LogInit: Branch Name: ++UE4+Release-4.20
LogInit: Command Line:  -skipcompile
LogInit: Base Directory: D:/Program Files/Epic Games/UE_4.20/Engine/Binaries/Win64/
LogInit: Installed Engine Build: 1
LogDevObjectVersion: Number of dev versions registered: 20
LogDevObjectVersion:   Dev-Blueprints (B0D832E4-1F89-4F0D-ACCF-7EB736FD4AA2): 10
LogDevObjectVersion:   Dev-Build (E1C64328-A22C-4D53-A36C-8E866417BD8C): 0
LogDevObjectVersion:   Dev-Core (375EC13C-06E4-48FB-B500-84F0262A717E): 2
LogDevObjectVersion:   Dev-Editor (E4B068ED-F494-42E9-A231-DA0B2E46BB41): 24
LogDevObjectVersion:   Dev-Framework (CFFC743F-43B0-4480-9391-14DF171D2073): 34
LogDevObjectVersion:   Dev-Mobile (B02B49B5-BB20-44E9-A304-32B752E40360): 2
LogDevObjectVersion:   Dev-Networking (A4E4105C-59A1-49B5-A7C5-40C4547EDFEE): 0
LogDevObjectVersion:   Dev-Online (39C831C9-5AE6-47DC-9A44-9C173E1C8E7C): 0
LogDevObjectVersion:   Dev-Physics (78F01B33-EBEA-4F98-B9B4-84EACCB95AA2): 0
LogDevObjectVersion:   Dev-Platform (6631380F-2D4D-43E0-8009-CF276956A95A): 0
LogDevObjectVersion:   Dev-Rendering (12F88B9F-8875-4AFC-A67C-D90C383ABD29): 26
LogDevObjectVersion:   Dev-Sequencer (7B5AE74C-D270-4C10-A958-57980B212A5A): 9
LogDevObjectVersion:   Dev-VR (D7296918-1DD6-4BDD-9DE2-64A83CC13884): 2
LogDevObjectVersion:   Dev-LoadTimes (C2A15278-BFE7-4AFE-6C17-90FF531DF755): 1
LogDevObjectVersion:   Private-Geometry (6EACA3D4-40EC-4CC1-B786-8BED09428FC5): 3
LogDevObjectVersion:   Dev-AnimPhys (29E575DD-E0A3-4627-9D10-D276232CDCEA): 17
LogDevObjectVersion:   Dev-ReflectionCapture (6B266CEC-1EC7-4B8F-A30B-E4D90942FC07): 1
LogDevObjectVersion:   Dev-Automation (0DF73D61-A23F-47EA-B727-89E90C41499A): 1
LogDevObjectVersion:   FortniteMain (601D1886-AC64-4F84-AA16-D3DE0DEAC7D6): 12
LogDevObjectVersion:   Dev-Enterprise (9DFFBCD6-494F-0158-E221-12823C92A888): 1
LogStreaming: Display: Took  0.010s to delete old logs.
LogInit: Presizing for max 8388607 objects, including 0 objects not considered by GC, pre-allocating 0 bytes for permanent pool.
LogInit: Object subsystem initialized
[2018.10.20-18.57.29:193][  0]LogInit: Selected Device Profile: [Windows]
[2018.10.20-18.57.29:193][  0]LogInit: Applying CVar settings loaded from the selected device profile: [Windows]
[2018.10.20-18.57.29:203][  0]LogHAL: Display: Platform has ~ 16 GB [17126547456 / 17179869184 / 16], which maps to Larger [LargestMinGB=32, LargerMinGB=12, DefaultMinGB=8, SmallerMinGB=6, SmallestMinGB=0)
[2018.10.20-18.57.29:204][  0]LogInit: Setting Device Profile CVar: [[r.Vulkan.UseRealUBs:1]]
[2018.10.20-18.57.29:204][  0]LogInit: Going up to parent DeviceProfile []
[2018.10.20-18.57.29:204][  0]LogInit: Computer: EDWARD
[2018.10.20-18.57.29:204][  0]LogInit: User: John
[2018.10.20-18.57.29:204][  0]LogInit: CPU Page size=4096, Cores=4
[2018.10.20-18.57.29:204][  0]LogInit: High frequency timer resolution =3.914065 MHz
[2018.10.20-18.57.29:205][  0]LogMemory: Memory total: Physical=16.0GB (16GB approx)
[2018.10.20-18.57.29:205][  0]LogMemory: Platform Memory Stats for Windows
[2018.10.20-18.57.29:205][  0]LogMemory: Process Physical Memory: 100.85 MB used, 100.85 MB peak
[2018.10.20-18.57.29:205][  0]LogMemory: Process Virtual Memory: 91.38 MB used, 91.38 MB peak
[2018.10.20-18.57.29:205][  0]LogMemory: Physical Memory: 7826.48 MB used,  8506.66 MB free, 16333.15 MB total
[2018.10.20-18.57.29:205][  0]LogMemory: Virtual Memory: 4640.09 MB used,  8506.66 MB free, 134217728.00 MB total
[2018.10.20-18.57.29:333][  0]LogInit: Using OS detected language (en-US).
[2018.10.20-18.57.29:333][  0]LogInit: Using OS detected locale (en-US).
[2018.10.20-18.57.29:334][  0]LogTextLocalizationManager: No specific localization for 'en-US' exists, so the 'en' localization will be used.
[2018.10.20-18.57.29:670][  0]LogStreaming: Display: Took  0.337s to InitEngineTextLocalization.
[2018.10.20-18.57.29:670][  0]LogInit: Setting process to per monitor DPI aware
[2018.10.20-18.57.29:708][  0]LogSlate: New Slate User Created.  User Index 0, Is Virtual User: 0
[2018.10.20-18.57.29:708][  0]LogSlate: Slate User Registered.  User Index 0, Is Virtual User: 0
[2018.10.20-18.57.29:980][  0]LogHMD: Failed to initialize OpenVR with code 102
[2018.10.20-18.57.29:980][  0]LogD3D11RHI: D3D11 adapters:
[2018.10.20-18.57.30:043][  0]LogD3D11RHI:    0. 'NVIDIA GeForce GTX 1060 6GB' (Feature Level 11_0)
[2018.10.20-18.57.30:043][  0]LogD3D11RHI:       6061/0/8166 MB DedicatedVideo/DedicatedSystem/SharedSystem, Outputs:1, VendorId:0x10de
[2018.10.20-18.57.30:049][  0]LogD3D11RHI:    1. 'Microsoft Basic Render Driver' (Feature Level 11_0)
[2018.10.20-18.57.30:049][  0]LogD3D11RHI:       0/0/8166 MB DedicatedVideo/DedicatedSystem/SharedSystem, Outputs:0, VendorId:0x1414
[2018.10.20-18.57.30:050][  0]LogD3D11RHI: Chosen D3D11 Adapter: 0
[2018.10.20-18.57.30:056][  0]LogD3D11RHI: Creating new Direct3DDevice
[2018.10.20-18.57.30:056][  0]LogD3D11RHI:     GPU DeviceId: 0x1c03 (for the marketing name, search the web for "GPU Device Id")
[2018.10.20-18.57.30:056][  0]LogWindows: EnumDisplayDevices:
[2018.10.20-18.57.30:057][  0]LogWindows:    0. 'NVIDIA GeForce GTX 1060 6GB' (P:1 D:1)
[2018.10.20-18.57.30:057][  0]LogWindows:    1. 'NVIDIA GeForce GTX 1060 6GB' (P:0 D:0)
[2018.10.20-18.57.30:058][  0]LogWindows:    2. 'NVIDIA GeForce GTX 1060 6GB' (P:0 D:0)
[2018.10.20-18.57.30:058][  0]LogWindows:    3. 'NVIDIA GeForce GTX 1060 6GB' (P:0 D:0)
[2018.10.20-18.57.30:059][  0]LogWindows: DebugString: FoundDriverCount:4 
[2018.10.20-18.57.30:059][  0]LogD3D11RHI:     Adapter Name: NVIDIA GeForce GTX 1060 6GB
[2018.10.20-18.57.30:059][  0]LogD3D11RHI:   Driver Version: 388.13 (internal:23.21.13.8813, unified:388.13)
[2018.10.20-18.57.30:059][  0]LogD3D11RHI:      Driver Date: 10-27-2017
[2018.10.20-18.57.30:059][  0]LogRHI: Texture pool is 4242 MB (70% of 6061 MB)
[2018.10.20-18.57.30:089][  0]LogD3D11RHI: Async texture creation enabled
[2018.10.20-18.57.30:106][  0]LogD3D11RHI: GPU Timing Frequency: 1000.000000 (Debug: 2 1)
[2018.10.20-18.57.30:155][  0]LogShaderCompilers: Guid format shader working directory is 4 characters bigger than the processId version (../../../../../../Git/SpideyCPP/SideyCPP/Intermediate/Shaders/WorkingDirectory/13824/).
[2018.10.20-18.57.30:155][  0]LogShaderCompilers: Cleaned the shader compiler working directory 'C:/Users/John/AppData/Local/Temp/UnrealShaderWorkingDir/6B9182AA48CF99A984BB639A550F5E96/'.
[2018.10.20-18.57.30:448][  0]LogTemp: Display: Loaded TP AllDesktopTargetPlatform
[2018.10.20-18.57.30:468][  0]LogTemp: Display: Loaded TP MacClientTargetPlatform
[2018.10.20-18.57.30:487][  0]LogTemp: Display: Loaded TP MacNoEditorTargetPlatform
[2018.10.20-18.57.30:507][  0]LogTemp: Display: Loaded TP MacServerTargetPlatform
[2018.10.20-18.57.30:531][  0]LogTemp: Display: Loaded TP MacTargetPlatform
[2018.10.20-18.57.30:553][  0]LogTemp: Display: Loaded TP WindowsClientTargetPlatform
[2018.10.20-18.57.30:578][  0]LogTemp: Display: Loaded TP WindowsNoEditorTargetPlatform
[2018.10.20-18.57.30:601][  0]LogTemp: Display: Loaded TP WindowsServerTargetPlatform
[2018.10.20-18.57.30:616][  0]LogTemp: Display: Loaded TP WindowsTargetPlatform
[2018.10.20-18.57.30:701][  0]LogTemp: Display: Loaded TP AndroidTargetPlatform
[2018.10.20-18.57.30:701][  0]LogTemp: Display: Loaded TP AndroidTargetPlatform
[2018.10.20-18.57.30:701][  0]LogTemp: Display: Loaded TP AndroidTargetPlatform
[2018.10.20-18.57.30:701][  0]LogTemp: Display: Loaded TP AndroidTargetPlatform
[2018.10.20-18.57.30:701][  0]LogTemp: Display: Loaded TP AndroidTargetPlatform
[2018.10.20-18.57.30:701][  0]LogTemp: Display: Loaded TP AndroidTargetPlatform
[2018.10.20-18.57.30:701][  0]LogTemp: Display: Loaded TP AndroidTargetPlatform
[2018.10.20-18.57.30:701][  0]LogTemp: Display: Loaded TP AndroidTargetPlatform
[2018.10.20-18.57.30:701][  0]LogTemp: Display: Loaded TP AndroidTargetPlatform
[2018.10.20-18.57.30:701][  0]LogTemp: Display: Loaded TP AndroidTargetPlatform
[2018.10.20-18.57.30:701][  0]LogTemp: Display: Loaded TP AndroidTargetPlatform
[2018.10.20-18.57.30:702][  0]LogTemp: Display: Loaded TP AndroidTargetPlatform
[2018.10.20-18.57.30:702][  0]LogTemp: Display: Loaded TP AndroidTargetPlatform
[2018.10.20-18.57.30:702][  0]LogTemp: Display: Loaded TP AndroidTargetPlatform
[2018.10.20-18.57.30:702][  0]LogTemp: Display: Loaded TP AndroidTargetPlatform
[2018.10.20-18.57.30:702][  0]LogTemp: Display: Loaded TP AndroidTargetPlatform
[2018.10.20-18.57.30:702][  0]LogTemp: Display: Loaded TP AndroidTargetPlatform
[2018.10.20-18.57.30:702][  0]LogTemp: Display: Loaded TP AndroidTargetPlatform
[2018.10.20-18.57.30:708][  0]LogTemp: Display: Loaded TP HTML5TargetPlatform
[2018.10.20-18.57.30:786][  0]LogTemp: Display: Loaded TP IOSTargetPlatform
[2018.10.20-18.57.30:786][  0]LogTemp: Display: Loaded TP IOSTargetPlatform
[2018.10.20-18.57.30:815][  0]LogTemp: Display: Loaded TP TVOSTargetPlatform
[2018.10.20-18.57.30:815][  0]LogTemp: Display: Loaded TP TVOSTargetPlatform
[2018.10.20-18.57.30:832][  0]LogTemp: Display: Loaded TP LinuxClientTargetPlatform
[2018.10.20-18.57.30:849][  0]LogTemp: Display: Loaded TP LinuxNoEditorTargetPlatform
[2018.10.20-18.57.30:867][  0]LogTemp: Display: Loaded TP LinuxServerTargetPlatform
[2018.10.20-18.57.30:886][  0]LogTemp: Display: Loaded TP LinuxTargetPlatform
[2018.10.20-18.57.30:899][  0]LogTemp: Display: Loaded TP LuminTargetPlatform
[2018.10.20-18.57.30:899][  0]LogTargetPlatformManager: Display: Building Assets For Windows
[2018.10.20-18.57.31:134][  0]LogXGEController: Cleaning working directory: C:/Users/John/AppData/Local/Temp/UnrealXGEWorkingDir/
[2018.10.20-18.57.31:134][  0]LogXGEController: Cannot use XGE Controller as Incredibuild is not installed on this machine.
[2018.10.20-18.57.31:135][  0]LogShaderCompilers: Cannot use XGE Shader Compiler as Incredibuild is not installed on this machine.
[2018.10.20-18.57.31:135][  0]LogShaderCompilers: Display: Using Local Shader Compiler.
[2018.10.20-18.57.31:988][  0]LogDerivedDataCache: Display: Max Cache Size: 512 MB
[2018.10.20-18.57.32:037][  0]LogDerivedDataCache: Loaded boot cache 0.05s 71MB C:/Users/John/AppData/Local/UnrealEngine/4.20/DerivedDataCache/Boot.ddc.
[2018.10.20-18.57.32:037][  0]LogDerivedDataCache: Display: Loaded Boot cache: C:/Users/John/AppData/Local/UnrealEngine/4.20/DerivedDataCache/Boot.ddc
[2018.10.20-18.57.32:038][  0]LogDerivedDataCache: FDerivedDataBackendGraph:  Pak pak cache file ../../../../../../Git/SpideyCPP/SideyCPP/DerivedDataCache/DDC.ddp not found, will not use a pak cache.
[2018.10.20-18.57.32:038][  0]LogDerivedDataCache: Unable to find inner node Pak for hierarchical cache Hierarchy.
[2018.10.20-18.57.32:038][  0]LogDerivedDataCache: FDerivedDataBackendGraph:  CompressedPak pak cache file ../../../../../../Git/SpideyCPP/SideyCPP/DerivedDataCache/Compressed.ddp not found, will not use a pak cache.
[2018.10.20-18.57.32:038][  0]LogDerivedDataCache: Unable to find inner node CompressedPak for hierarchical cache Hierarchy.
[2018.10.20-18.57.32:049][  0]LogDerivedDataCache: Display: Pak cache opened for reading ../../../Engine/DerivedDataCache/Compressed.ddp.
[2018.10.20-18.57.32:063][  0]LogDerivedDataCache: Using Local data cache path C:/Users/John/AppData/Local/UnrealEngine/Common/DerivedDataCache: Writable
[2018.10.20-18.57.32:064][  0]LogDerivedDataCache: Shared data cache path not found in *engine.ini, will not use an Shared cache.
[2018.10.20-18.57.32:064][  0]LogDerivedDataCache: Unable to find inner node Shared for hierarchical cache Hierarchy.
[2018.10.20-18.57.32:079][  0]LogMaterial: Verifying Global Shaders for PCD3D_SM5
[2018.10.20-18.57.32:080][  0]LogSlate: Using FreeType 2.6.0
[2018.10.20-18.57.32:081][  0]LogSlate: SlateFontServices - WITH_FREETYPE: 1, WITH_HARFBUZZ: 1
[2018.10.20-18.57.32:159][  0]LogAssetRegistry: FAssetRegistry took 0.0284 seconds to start up
[2018.10.20-18.57.32:497][  0]LogInit: Selected Device Profile: [Windows]
[2018.10.20-18.57.32:681][  0]LogSimplygon: Simplygon DLL not present - disabling.
[2018.10.20-18.57.32:704][  0]LogMeshReduction: Using SimplygonSwarm for distributed automatic mesh merging
[2018.10.20-18.57.32:704][  0]LogMeshReduction: Using ProxyLODMeshReduction for automatic mesh merging
[2018.10.20-18.57.32:704][  0]LogMeshReduction: Using QuadricMeshReduction for automatic static mesh reduction
[2018.10.20-18.57.32:705][  0]LogMeshReduction: No automatic skeletal mesh reduction module available
[2018.10.20-18.57.32:725][  0]LogNetVersion: SideyCPP 1.0.0, NetCL: 4212847, EngineNetVer: 5, GameNetVer: 0 (Checksum: 583984258)
[2018.10.20-18.57.33:320][  0]LogPackageLocalizationCache: Processed 11 localized package path(s) for 2 prioritized culture(s) in 0.126733 seconds
[2018.10.20-18.57.33:326][  0]LogUObjectArray: 38425 objects as part of root set at end of initial load.
[2018.10.20-18.57.33:326][  0]LogUObjectAllocator: 6690872 out of 0 bytes used by permanent object pool.
[2018.10.20-18.57.33:326][  0]LogUObjectArray: CloseDisregardForGC: 0/0 objects in disregard for GC pool
[2018.10.20-18.57.34:525][  0]LogTcpMessaging: Initializing TcpMessaging bridge
[2018.10.20-18.57.34:545][  0]LogUdpMessaging: Initializing bridge on interface 0.0.0.0:0 to multicast group 230.0.0.1:6666.
[2018.10.20-18.57.34:826][  0]SourceControl: Source control is disabled
[2018.10.20-18.57.34:827][  0]SourceControl: Source control is disabled
[2018.10.20-18.57.34:841][  0]SourceControl: Source control is disabled
[2018.10.20-18.57.34:848][  0]SourceControl: Source control is disabled
[2018.10.20-18.57.35:278][  0]LogAndroidPermission: UAndroidPermissionCallbackProxy::GetInstance
[2018.10.20-18.57.35:457][  0]LogOcInput: OculusInput pre-init called
[2018.10.20-18.57.35:552][  0]LogEngine: Initializing Engine...
[2018.10.20-18.57.35:554][  0]LogHMD: Failed to initialize OpenVR with code 102
[2018.10.20-18.57.35:555][  0]LogStats: UGameplayTagsManager::ConstructGameplayTagTree: ImportINI prefixes -  0.000 s
[2018.10.20-18.57.35:555][  0]LogStats: UGameplayTagsManager::ConstructGameplayTagTree: Construct from data asset -  0.000 s
[2018.10.20-18.57.35:555][  0]LogStats: UGameplayTagsManager::ConstructGameplayTagTree: ImportINI -  0.000 s
[2018.10.20-18.57.35:555][  0]LogStats: UGameplayTagsManager::ConstructGameplayTagTree: GameplayTagTreeChangedEvent.Broadcast -  0.000 s
[2018.10.20-18.57.35:753][  0]LogInit: Initializing FReadOnlyCVARCache
[2018.10.20-18.57.35:778][  0]LogAIModule: Creating AISystem for world Untitled
[2018.10.20-18.57.35:855][  0]LogInit: XAudio2 using 'Headset Earphone (Razer ManO'War)' : 2 channels at 48 kHz using 16 bits per sample (channel mask 0x3)
[2018.10.20-18.57.35:948][  0]LogInit: FAudioDevice initialized.
[2018.10.20-18.57.35:948][  0]LogNetVersion: Set ProjectVersion to 1.0.0.0. Version Checksum will be recalculated on next use.
[2018.10.20-18.57.36:043][  0]LogDerivedDataCache: Saved boot cache 0.09s 71MB C:/Users/John/AppData/Local/UnrealEngine/4.20/DerivedDataCache/Boot.ddc.
[2018.10.20-18.57.36:044][  0]LogInit: Texture streaming: Enabled
[2018.10.20-18.57.36:089][  0]LogEngineSessionManager: EngineSessionManager initialized
[2018.10.20-18.57.36:089][  0]LogEngineSessionManager: EngineSessionManager sent abnormal shutdown report. Type=Debugger, SessionId={FCBB1AE2-4615-761E-D100-648069A136FA}
[2018.10.20-18.57.36:109][  0]LogInit: Transaction tracking system initialized
[2018.10.20-18.57.36:178][  0]BlueprintLog: New page: Editor Load
[2018.10.20-18.57.36:433][  0]LocalizationService: Localization service is disabled
[2018.10.20-18.57.36:855][  0]LogCook: Display: Max memory allowance for cook 16384mb min free memory 0mb
[2018.10.20-18.57.36:855][  0]LogCook: Display: Mobile HDR setting 1
[2018.10.20-18.57.36:855][  0]LogGameplayTags: Display: UGameplayTagsManager::DoneAddingNativeTags. DelegateIsBound: 0
[2018.10.20-18.57.36:856][  0]LogStats: UGameplayTagsManager::ConstructGameplayTagTree: ImportINI prefixes -  0.000 s
[2018.10.20-18.57.36:856][  0]LogStats: UGameplayTagsManager::ConstructGameplayTagTree: Construct from data asset -  0.000 s
[2018.10.20-18.57.36:856][  0]LogStats: UGameplayTagsManager::ConstructGameplayTagTree: ImportINI -  0.000 s
[2018.10.20-18.57.36:856][  0]LogStats: UGameplayTagsManager::ConstructGameplayTagTree: GameplayTagTreeChangedEvent.Broadcast -  0.000 s
[2018.10.20-18.57.37:161][  0]LogFileCache: Scanning file cache for directory 'D:/Git/SpideyCPP/SideyCPP/Content/' took 0.02s
[2018.10.20-18.57.37:181][  0]SourceControl: Source control is disabled
[2018.10.20-18.57.37:181][  0]Cmd: MAP LOAD FILE="../../../../../../Git/SpideyCPP/SideyCPP/Content/StarterContent/Maps/Minimal_Default.umap" TEMPLATE=0 SHOWPROGRESS=1 FEATURELEVEL=3
[2018.10.20-18.57.37:182][  0]LightingResults: New page: Lighting Build
[2018.10.20-18.57.37:186][  0]MapCheck: New page: Map Check
[2018.10.20-18.57.37:186][  0]LightingResults: New page: Lighting Build
[2018.10.20-18.57.37:427][  0]LogAIModule: Creating AISystem for world Minimal_Default
[2018.10.20-18.57.37:437][  0]LogEditorServer: Finished looking for orphan Actors (0.000 secs)
[2018.10.20-18.57.37:458][  0]Cmd: MAP CHECKDEP NOCLEARLOG
[2018.10.20-18.57.37:669][  0]MapCheck: Map check complete: 0 Error(s), 0 Warning(s), took 210.118ms to complete.
[2018.10.20-18.57.37:669][  0]LogFileHelpers: Loading map 'Minimal_Default' took 0.488
[2018.10.20-18.57.37:765][  0]LogSlate: Updating window title bar state: overlay mode, drag disabled, window buttons hidden, title bar hidden
[2018.10.20-18.57.37:771][  0]LogSlate: Updating window title bar state: overlay mode, drag disabled, window buttons hidden, title bar hidden
[2018.10.20-18.57.37:778][  0]LogSlate: Updating window title bar state: overlay mode, drag disabled, window buttons hidden, title bar hidden
[2018.10.20-18.57.37:784][  0]LogSlate: Updating window title bar state: overlay mode, drag disabled, window buttons hidden, title bar hidden
[2018.10.20-18.57.37:798][  0]LogCollectionManager: Loaded 0 collections in 0.002818 seconds
[2018.10.20-18.57.37:850][  0]LogFileCache: Scanning file cache for directory 'D:/Git/SpideyCPP/SideyCPP/Saved/Collections/' took 0.01s
[2018.10.20-18.57.37:850][  0]LogFileCache: Scanning file cache for directory 'D:/Git/SpideyCPP/SideyCPP/Content/Developers/John/Collections/' took 0.01s
[2018.10.20-18.57.37:850][  0]LogFileCache: Scanning file cache for directory 'D:/Git/SpideyCPP/SideyCPP/Content/Collections/' took 0.01s
[2018.10.20-18.57.37:850][  0]LogCollectionManager: Rebuilt the GUID cache for 0 collections in 0.000000 seconds
[2018.10.20-18.57.37:858][  0]LogContentBrowser: Native class hierarchy populated in 0.0083 seconds. Added 2576 classes and 605 folders.
[2018.10.20-18.57.37:867][  0]LogContentBrowser: Native class hierarchy updated for 'WidgetCarousel' in 0.0004 seconds. Added 0 classes and 0 folders.
[2018.10.20-18.57.37:929][  0]LogContentBrowser: Native class hierarchy updated for 'AddContentDialog' in 0.0004 seconds. Added 0 classes and 0 folders.
[2018.10.20-18.57.37:943][  0]LogContentBrowser: Native class hierarchy updated for 'SceneOutliner' in 0.0005 seconds. Added 1 classes and 2 folders.
[2018.10.20-18.57.37:956][  0]LogSlate: Took 0.000182 seconds to synchronously load lazily loaded font '../../../Engine/Content/Slate/Fonts/Roboto-Regular.ttf' (155K)
[2018.10.20-18.57.37:958][  0]LogSlate: Took 0.000174 seconds to synchronously load lazily loaded font '../../../Engine/Content/Slate/Fonts/Roboto-Bold.ttf' (160K)
[2018.10.20-18.57.37:963][  0]LogSlate: Took 0.000274 seconds to synchronously load lazily loaded font '../../../Engine/Content/Editor/Slate/Fonts/FontAwesome.ttf' (139K)
[2018.10.20-18.57.38:035][  0]LogRenderer: Reallocating scene render targets to support 1168x600 Format 10 NumSamples 1 (Frame:1).
[2018.10.20-18.57.38:068][  0]LogSlate: Took 0.000181 seconds to synchronously load lazily loaded font '../../../Engine/Content/Slate/Fonts/Roboto-Light.ttf' (167K)
[2018.10.20-18.57.38:172][  0]LogContentBrowser: Native class hierarchy updated for 'HierarchicalLODOutliner' in 0.0006 seconds. Added 0 classes and 0 folders.
[2018.10.20-18.57.38:172][  0]LogLoad: (Engine Initialization) Total time: 11.57 seconds
[2018.10.20-18.57.38:172][  0]LogLoad: (Engine Initialization) Total Blueprint compile time: 0.00 seconds
[2018.10.20-18.57.38:206][  0]LogAssetRegistry: Asset discovery search completed in 6.0706 seconds
[2018.10.20-18.57.38:208][  0]LogCollectionManager: Rebuilt the object cache for 0 collections in 0.000000 seconds (found 0 objects)
[2018.10.20-18.57.38:208][  0]LogCollectionManager: Fixed up redirectors for 0 collections in 0.000219 seconds (updated 0 objects)
[2018.10.20-18.57.38:210][  0]LogContentStreaming: Texture pool size now 1000 MB
[2018.10.20-18.57.53:555][ 46]LogSlate: FSceneViewport::OnFocusLost() reason 0
[2018.10.20-18.57.54:461][147]LogTemp: Repeating last play command: Selected Viewport
[2018.10.20-18.57.54:472][147]LogBlueprintUserMessages: Early PlayInEditor Detection: Level '/Game/StarterContent/Maps/Minimal_Default.Minimal_Default:PersistentLevel' has LevelScriptBlueprint '/Game/StarterContent/Maps/Minimal_Default.Minimal_Default:PersistentLevel.Minimal_Default' with GeneratedClass '/Game/StarterContent/Maps/Minimal_Default.Minimal_Default_C' with ClassGeneratedBy '/Game/StarterContent/Maps/Minimal_Default.Minimal_Default:PersistentLevel.Minimal_Default'
[2018.10.20-18.57.54:472][147]LogPlayLevel: PlayLevel: No blueprints needed recompiling
[2018.10.20-18.57.54:488][147]PIE: New page: PIE session: Minimal_Default (Oct 20, 2018, 8:57:54 PM)
[2018.10.20-18.57.54:488][147]LogPlayLevel: Creating play world package: /Game/StarterContent/Maps/UEDPIE_0_Minimal_Default
[2018.10.20-18.57.54:493][147]LogPlayLevel: PIE: StaticDuplicateObject took: (0.005515s)
[2018.10.20-18.57.54:494][147]LogAIModule: Creating AISystem for world Minimal_Default
[2018.10.20-18.57.54:495][147]LogPlayLevel: PIE: World Init took: (0.001144s)
[2018.10.20-18.57.54:495][147]LogPlayLevel: PIE: Created PIE world by copying editor world from /Game/StarterContent/Maps/Minimal_Default.Minimal_Default to /Game/StarterContent/Maps/UEDPIE_0_Minimal_Default.Minimal_Default (0.007051s)
[2018.10.20-18.57.54:553][147]LogInit: XAudio2 using 'Headset Earphone (Razer ManO'War)' : 2 channels at 48 kHz using 16 bits per sample (channel mask 0x3)
[2018.10.20-18.57.54:639][147]LogInit: FAudioDevice initialized.
[2018.10.20-18.57.54:811][147]LogLoad: Game class is 'MySideyCPPGameModeBase_C'
[2018.10.20-18.57.54:813][147]LogWorld: Bringing World /Game/StarterContent/Maps/UEDPIE_0_Minimal_Default.Minimal_Default up for play (max tick rate 0) at 2018.10.20-19.57.54
[2018.10.20-18.57.54:814][147]LogWorld: Bringing up level for play took: 0.001018
[2018.10.20-18.57.54:834][147]LogContentBrowser: Native class hierarchy updated for 'MovieSceneCapture' in 0.0004 seconds. Added 10 classes and 0 folders.
[2018.10.20-18.57.54:837][147]PIE: Play in editor start time for /Game/StarterContent/Maps/UEDPIE_0_Minimal_Default 0.652
[2018.10.20-18.57.54:837][147]LogBlueprintUserMessages: Late PlayInEditor Detection: Level '/Game/StarterContent/Maps/Minimal_Default.Minimal_Default:PersistentLevel' has LevelScriptBlueprint '/Game/StarterContent/Maps/Minimal_Default.Minimal_Default:PersistentLevel.Minimal_Default' with GeneratedClass '/Game/StarterContent/Maps/Minimal_Default.Minimal_Default_C' with ClassGeneratedBy '/Game/StarterContent/Maps/Minimal_Default.Minimal_Default:PersistentLevel.Minimal_Default'
[2018.10.20-18.57.54:838][147]LogBlueprintUserMessages: [Player_C_0] X=-1.000 Y=0.000 Z=0.000
[2018.10.20-18.57.54:860][148]LogBlueprintUserMessages: [Player_C_0] X=-1.000 Y=0.000 Z=0.000
[2018.10.20-18.57.54:870][149]LogBlueprintUserMessages: [Player_C_0] X=-1.000 Y=0.000 Z=0.000
[2018.10.20-18.57.54:879][150]LogBlueprintUserMessages: [Player_C_0] X=-1.000 Y=0.000 Z=0.000
[2018.10.20-18.57.54:893][151]LogBlueprintUserMessages: [Player_C_0] X=-1.000 Y=0.000 Z=0.000
[2018.10.20-18.57.54:899][152]LogBlueprintUserMessages: [Player_C_0] X=-1.000 Y=0.000 Z=0.000
[2018.10.20-18.57.54:907][153]LogBlueprintUserMessages: [Player_C_0] X=-1.000 Y=0.000 Z=0.000
[2018.10.20-18.57.54:916][154]LogBlueprintUserMessages: [Player_C_0] X=-1.000 Y=0.000 Z=0.000
[2018.10.20-18.57.54:924][155]LogBlueprintUserMessages: [Player_C_0] X=-1.000 Y=0.000 Z=0.000
[2018.10.20-18.57.54:933][156]LogBlueprintUserMessages: [Player_C_0] X=-1.000 Y=0.000 Z=0.000
[2018.10.20-18.57.54:941][157]LogBlueprintUserMessages: [Player_C_0] X=-1.000 Y=0.000 Z=0.000
[2018.10.20-18.57.54:949][158]LogBlueprintUserMessages: [Player_C_0] X=-1.000 Y=0.000 Z=0.000
[2018.10.20-18.57.54:957][159]LogBlueprintUserMessages: [Player_C_0] X=-1.000 Y=0.000 Z=0.000
[2018.10.20-18.57.54:966][160]LogBlueprintUserMessages: [Player_C_0] X=-1.000 Y=0.000 Z=0.000
[2018.10.20-18.57.54:974][161]LogBlueprintUserMessages: [Player_C_0] X=-1.000 Y=0.000 Z=0.000
[2018.10.20-18.57.54:982][162]LogBlueprintUserMessages: [Player_C_0] X=-1.000 Y=0.000 Z=0.000
[2018.10.20-18.57.54:990][163]LogBlueprintUserMessages: [Player_C_0] X=-1.000 Y=0.000 Z=0.000
[2018.10.20-18.57.54:999][164]LogBlueprintUserMessages: [Player_C_0] X=-1.000 Y=0.000 Z=0.000
[2018.10.20-18.57.55:007][165]LogBlueprintUserMessages: [Player_C_0] X=-1.000 Y=0.000 Z=0.000
[2018.10.20-18.57.55:015][166]LogBlueprintUserMessages: [Player_C_0] X=-1.000 Y=0.000 Z=0.000
[2018.10.20-18.57.55:024][167]LogBlueprintUserMessages: [Player_C_0] X=-1.000 Y=0.000 Z=0.000
[2018.10.20-18.57.55:032][168]LogBlueprintUserMessages: [Player_C_0] X=-1.000 Y=0.000 Z=0.000
[2018.10.20-18.57.55:041][169]LogBlueprintUserMessages: [Player_C_0] X=-1.000 Y=0.000 Z=0.000
[2018.10.20-18.57.55:049][170]LogBlueprintUserMessages: [Player_C_0] X=-1.000 Y=0.000 Z=0.000
[2018.10.20-18.57.55:057][171]LogBlueprintUserMessages: [Player_C_0] X=-1.000 Y=0.000 Z=0.000
[2018.10.20-18.57.55:066][172]LogBlueprintUserMessages: [Player_C_0] X=-1.000 Y=0.000 Z=0.000
[2018.10.20-18.57.55:074][173]LogBlueprintUserMessages: [Player_C_0] X=-1.000 Y=0.000 Z=0.000
[2018.10.20-18.57.55:082][174]LogBlueprintUserMessages: [Player_C_0] X=-1.000 Y=0.000 Z=0.000
[2018.10.20-18.57.55:091][175]LogBlueprintUserMessages: [Player_C_0] X=-1.000 Y=0.000 Z=0.000
[2018.10.20-18.57.55:099][176]LogBlueprintUserMessages: [Player_C_0] X=-1.000 Y=0.000 Z=0.000
[2018.10.20-18.57.55:107][177]LogBlueprintUserMessages: [Player_C_0] X=-1.000 Y=0.000 Z=0.000
[2018.10.20-18.57.55:116][178]LogBlueprintUserMessages: [Player_C_0] X=-1.000 Y=0.000 Z=0.000
[2018.10.20-18.57.55:124][179]LogBlueprintUserMessages: [Player_C_0] X=-1.000 Y=0.000 Z=0.000
[2018.10.20-18.57.55:133][180]LogBlueprintUserMessages: [Player_C_0] X=-1.000 Y=0.000 Z=0.000
[2018.10.20-18.57.55:141][181]LogBlueprintUserMessages: [Player_C_0] X=-1.000 Y=0.000 Z=0.000
[2018.10.20-18.57.55:149][182]LogBlueprintUserMessages: [Player_C_0] X=-1.000 Y=0.000 Z=0.000
[2018.10.20-18.57.55:158][183]LogBlueprintUserMessages: [Player_C_0] X=-1.000 Y=0.000 Z=0.000
[2018.10.20-18.57.55:166][184]LogBlueprintUserMessages: [Player_C_0] X=-1.000 Y=0.000 Z=0.000
[2018.10.20-18.57.55:174][185]LogBlueprintUserMessages: [Player_C_0] X=-1.000 Y=0.000 Z=0.000
[2018.10.20-18.57.55:183][186]LogBlueprintUserMessages: [Player_C_0] X=-1.000 Y=0.000 Z=0.000
[2018.10.20-18.57.55:191][187]LogBlueprintUserMessages: [Player_C_0] X=-1.000 Y=0.000 Z=0.000
[2018.10.20-18.57.55:199][188]LogBlueprintUserMessages: [Player_C_0] X=-1.000 Y=0.000 Z=0.000
[2018.10.20-18.57.55:207][189]LogBlueprintUserMessages: [Player_C_0] X=-1.000 Y=0.000 Z=0.000
[2018.10.20-18.57.55:215][190]LogBlueprintUserMessages: [Player_C_0] X=-1.000 Y=0.000 Z=0.000
[2018.10.20-18.57.55:224][191]LogBlueprintUserMessages: [Player_C_0] X=-1.000 Y=0.000 Z=0.000
[2018.10.20-18.57.55:232][192]LogBlueprintUserMessages: [Player_C_0] X=-1.000 Y=0.000 Z=0.000
[2018.10.20-18.57.55:240][193]LogBlueprintUserMessages: [Player_C_0] X=-1.000 Y=0.000 Z=0.000
[2018.10.20-18.57.55:249][194]LogBlueprintUserMessages: [Player_C_0] X=-1.000 Y=0.000 Z=0.000
[2018.10.20-18.57.55:257][195]LogBlueprintUserMessages: [Player_C_0] X=-1.000 Y=0.000 Z=0.000
[2018.10.20-18.57.55:265][196]LogBlueprintUserMessages: [Player_C_0] X=-1.000 Y=0.000 Z=0.000
[2018.10.20-18.57.55:274][197]LogBlueprintUserMessages: [Player_C_0] X=-1.000 Y=0.000 Z=0.000
[2018.10.20-18.57.55:282][198]LogBlueprintUserMessages: [Player_C_0] X=-1.000 Y=0.000 Z=0.000
[2018.10.20-18.57.55:291][199]LogBlueprintUserMessages: [Player_C_0] X=-1.000 Y=0.000 Z=0.000
[2018.10.20-18.57.55:299][200]LogBlueprintUserMessages: [Player_C_0] X=-1.000 Y=0.000 Z=0.000
[2018.10.20-18.57.55:307][201]LogBlueprintUserMessages: [Player_C_0] X=-1.000 Y=0.000 Z=0.000
[2018.10.20-18.57.55:315][202]LogBlueprintUserMessages: [Player_C_0] X=-1.000 Y=0.000 Z=0.000
[2018.10.20-18.57.55:324][203]LogBlueprintUserMessages: [Player_C_0] X=-1.000 Y=0.000 Z=0.000
[2018.10.20-18.57.55:332][204]LogBlueprintUserMessages: [Player_C_0] X=-1.000 Y=0.000 Z=0.000
[2018.10.20-18.57.55:340][205]LogBlueprintUserMessages: [Player_C_0] X=-1.000 Y=0.000 Z=0.000
[2018.10.20-18.57.55:349][206]LogBlueprintUserMessages: [Player_C_0] X=-1.000 Y=0.000 Z=0.000
[2018.10.20-18.57.55:357][207]LogBlueprintUserMessages: [Player_C_0] X=-1.000 Y=0.000 Z=0.000
[2018.10.20-18.57.55:365][208]LogBlueprintUserMessages: [Player_C_0] X=-1.000 Y=0.000 Z=0.000
[2018.10.20-18.57.55:374][209]LogBlueprintUserMessages: [Player_C_0] X=-1.000 Y=0.000 Z=0.000
[2018.10.20-18.57.55:382][210]LogBlueprintUserMessages: [Player_C_0] X=-1.000 Y=0.000 Z=0.000
[2018.10.20-18.57.55:391][211]LogBlueprintUserMessages: [Player_C_0] X=-1.000 Y=0.000 Z=0.000
[2018.10.20-18.57.55:399][212]LogBlueprintUserMessages: [Player_C_0] X=-1.000 Y=0.000 Z=0.000
[2018.10.20-18.57.55:407][213]LogBlueprintUserMessages: [Player_C_0] X=-1.000 Y=0.000 Z=0.000
[2018.10.20-18.57.55:416][214]LogBlueprintUserMessages: [Player_C_0] X=-1.000 Y=0.000 Z=0.000
[2018.10.20-18.57.55:424][215]LogBlueprintUserMessages: [Player_C_0] X=-1.000 Y=0.000 Z=0.000
[2018.10.20-18.57.55:432][216]LogBlueprintUserMessages: [Player_C_0] X=-1.000 Y=0.000 Z=0.000
[2018.10.20-18.57.55:441][217]LogBlueprintUserMessages: [Player_C_0] X=-1.000 Y=0.000 Z=0.000
[2018.10.20-18.57.55:449][218]LogBlueprintUserMessages: [Player_C_0] X=-1.000 Y=0.000 Z=0.000
[2018.10.20-18.57.55:457][219]LogBlueprintUserMessages: [Player_C_0] X=-1.000 Y=0.000 Z=0.000
[2018.10.20-18.57.55:466][220]LogBlueprintUserMessages: [Player_C_0] X=-1.000 Y=0.000 Z=0.000
[2018.10.20-18.57.55:474][221]LogBlueprintUserMessages: [Player_C_0] X=-1.000 Y=0.000 Z=0.000
[2018.10.20-18.57.55:482][222]LogBlueprintUserMessages: [Player_C_0] X=-1.000 Y=0.000 Z=0.000
[2018.10.20-18.57.55:491][223]LogBlueprintUserMessages: [Player_C_0] X=-1.000 Y=0.000 Z=0.000
[2018.10.20-18.57.55:499][224]LogBlueprintUserMessages: [Player_C_0] X=-1.000 Y=0.000 Z=0.000
[2018.10.20-18.57.55:508][225]LogBlueprintUserMessages: [Player_C_0] X=-1.000 Y=0.000 Z=0.000
[2018.10.20-18.57.55:516][226]LogBlueprintUserMessages: [Player_C_0] X=-1.000 Y=0.000 Z=0.000
[2018.10.20-18.57.55:524][227]LogBlueprintUserMessages: [Player_C_0] X=-1.000 Y=0.000 Z=0.000
[2018.10.20-18.57.55:533][228]LogBlueprintUserMessages: [Player_C_0] X=-1.000 Y=0.000 Z=0.000
[2018.10.20-18.57.55:541][229]LogBlueprintUserMessages: [Player_C_0] X=-1.000 Y=0.000 Z=0.000
[2018.10.20-18.57.55:550][230]LogBlueprintUserMessages: [Player_C_0] X=-1.000 Y=0.000 Z=0.000
[2018.10.20-18.57.55:558][231]LogBlueprintUserMessages: [Player_C_0] X=-1.000 Y=0.000 Z=0.000
[2018.10.20-18.57.55:566][232]LogBlueprintUserMessages: [Player_C_0] X=-1.000 Y=0.000 Z=0.000
[2018.10.20-18.57.55:574][233]LogBlueprintUserMessages: [Player_C_0] X=-1.000 Y=-0.003 Z=0.000
[2018.10.20-18.57.55:582][234]LogBlueprintUserMessages: [Player_C_0] X=-1.000 Y=-0.004 Z=0.000
[2018.10.20-18.57.55:590][235]LogBlueprintUserMessages: [Player_C_0] X=-1.000 Y=-0.006 Z=0.000
[2018.10.20-18.57.55:599][236]LogBlueprintUserMessages: [Player_C_0] X=-1.000 Y=-0.008 Z=0.000
[2018.10.20-18.57.55:607][237]LogBlueprintUserMessages: [Player_C_0] X=-1.000 Y=-0.010 Z=0.000
[2018.10.20-18.57.55:615][238]LogBlueprintUserMessages: [Player_C_0] X=-1.000 Y=-0.010 Z=0.000
[2018.10.20-18.57.55:624][239]LogBlueprintUserMessages: [Player_C_0] X=-1.000 Y=-0.010 Z=0.000
[2018.10.20-18.57.55:632][240]LogBlueprintUserMessages: [Player_C_0] X=-1.000 Y=-0.010 Z=0.000
[2018.10.20-18.57.55:640][241]LogBlueprintUserMessages: [Player_C_0] X=-1.000 Y=-0.010 Z=0.000
[2018.10.20-18.57.55:649][242]LogBlueprintUserMessages: [Player_C_0] X=-1.000 Y=-0.010 Z=0.000
[2018.10.20-18.57.55:658][243]LogBlueprintUserMessages: [Player_C_0] X=-1.000 Y=-0.010 Z=0.000
[2018.10.20-18.57.55:666][244]LogBlueprintUserMessages: [Player_C_0] X=-1.000 Y=-0.010 Z=0.000
[2018.10.20-18.57.55:674][245]LogBlueprintUserMessages: [Player_C_0] X=-1.000 Y=-0.002 Z=0.000
[2018.10.20-18.57.55:683][246]LogBlueprintUserMessages: [Player_C_0] X=-1.000 Y=0.016 Z=0.000
[2018.10.20-18.57.55:692][247]LogBlueprintUserMessages: [Player_C_0] X=-0.999 Y=0.043 Z=0.000
[2018.10.20-18.57.55:700][248]LogBlueprintUserMessages: [Player_C_0] X=-0.996 Y=0.085 Z=0.000
[2018.10.20-18.57.55:708][249]LogBlueprintUserMessages: [Player_C_0] X=-0.990 Y=0.141 Z=0.000
[2018.10.20-18.57.55:716][250]LogBlueprintUserMessages: [Player_C_0] X=-0.978 Y=0.207 Z=0.000
[2018.10.20-18.57.55:724][251]LogBlueprintUserMessages: [Player_C_0] X=-0.960 Y=0.280 Z=0.000
[2018.10.20-18.57.55:732][252]LogBlueprintUserMessages: [Player_C_0] X=-0.935 Y=0.354 Z=0.000
[2018.10.20-18.57.55:741][253]LogBlueprintUserMessages: [Player_C_0] X=-0.903 Y=0.429 Z=0.000
[2018.10.20-18.57.55:749][254]LogBlueprintUserMessages: [Player_C_0] X=-0.866 Y=0.500 Z=0.000
[2018.10.20-18.57.55:758][255]LogBlueprintUserMessages: [Player_C_0] X=-0.829 Y=0.559 Z=0.000
[2018.10.20-18.57.55:766][256]LogBlueprintUserMessages: [Player_C_0] X=-0.793 Y=0.609 Z=0.000
[2018.10.20-18.57.55:774][257]LogBlueprintUserMessages: [Player_C_0] X=-0.757 Y=0.653 Z=0.000
[2018.10.20-18.57.55:783][258]LogBlueprintUserMessages: [Player_C_0] X=-0.720 Y=0.694 Z=0.000
[2018.10.20-18.57.55:791][259]LogBlueprintUserMessages: [Player_C_0] X=-0.681 Y=0.733 Z=0.000
[2018.10.20-18.57.55:799][260]LogBlueprintUserMessages: [Player_C_0] X=-0.641 Y=0.768 Z=0.000
[2018.10.20-18.57.55:808][261]LogBlueprintUserMessages: [Player_C_0] X=-0.599 Y=0.801 Z=0.000
[2018.10.20-18.57.55:817][262]LogBlueprintUserMessages: [Player_C_0] X=-0.555 Y=0.832 Z=0.000
[2018.10.20-18.57.55:824][263]LogBlueprintUserMessages: [Player_C_0] X=-0.513 Y=0.859 Z=0.000
[2018.10.20-18.57.55:833][264]LogBlueprintUserMessages: [Player_C_0] X=-0.471 Y=0.882 Z=0.000
[2018.10.20-18.57.55:841][265]LogBlueprintUserMessages: [Player_C_0] X=-0.433 Y=0.901 Z=0.000
[2018.10.20-18.57.55:850][266]LogBlueprintUserMessages: [Player_C_0] X=-0.398 Y=0.917 Z=0.000
[2018.10.20-18.57.55:858][267]LogBlueprintUserMessages: [Player_C_0] X=-0.362 Y=0.932 Z=0.000
[2018.10.20-18.57.55:866][268]LogBlueprintUserMessages: [Player_C_0] X=-0.328 Y=0.945 Z=0.000
[2018.10.20-18.57.55:875][269]LogBlueprintUserMessages: [Player_C_0] X=-0.289 Y=0.957 Z=0.000
[2018.10.20-18.57.55:883][270]LogBlueprintUserMessages: [Player_C_0] X=-0.247 Y=0.969 Z=0.000
[2018.10.20-18.57.55:892][271]LogBlueprintUserMessages: [Player_C_0] X=-0.200 Y=0.980 Z=0.000
[2018.10.20-18.57.55:900][272]LogBlueprintUserMessages: [Player_C_0] X=-0.145 Y=0.989 Z=0.000
[2018.10.20-18.57.55:909][273]LogBlueprintUserMessages: [Player_C_0] X=-0.085 Y=0.996 Z=0.000
[2018.10.20-18.57.55:917][274]LogBlueprintUserMessages: [Player_C_0] X=-0.017 Y=1.000 Z=0.000
[2018.10.20-18.57.55:925][275]LogBlueprintUserMessages: [Player_C_0] X=0.060 Y=0.998 Z=0.000
[2018.10.20-18.57.55:933][276]LogBlueprintUserMessages: [Player_C_0] X=0.148 Y=0.989 Z=0.000
[2018.10.20-18.57.55:941][277]LogBlueprintUserMessages: [Player_C_0] X=0.242 Y=0.970 Z=0.000
[2018.10.20-18.57.55:949][278]LogBlueprintUserMessages: [Player_C_0] X=0.336 Y=0.942 Z=0.000
[2018.10.20-18.57.55:957][279]LogBlueprintUserMessages: [Player_C_0] X=0.426 Y=0.905 Z=0.000
[2018.10.20-18.57.55:965][280]LogBlueprintUserMessages: [Player_C_0] X=0.503 Y=0.864 Z=0.000
[2018.10.20-18.57.55:974][281]LogBlueprintUserMessages: [Player_C_0] X=0.568 Y=0.823 Z=0.000
[2018.10.20-18.57.55:982][282]LogBlueprintUserMessages: [Player_C_0] X=0.619 Y=0.785 Z=0.000
[2018.10.20-18.57.55:992][283]LogBlueprintUserMessages: [Player_C_0] X=0.661 Y=0.750 Z=0.000
[2018.10.20-18.57.55:999][284]LogBlueprintUserMessages: [Player_C_0] X=0.687 Y=0.727 Z=0.000
[2018.10.20-18.57.56:007][285]LogBlueprintUserMessages: [Player_C_0] X=0.703 Y=0.711 Z=0.000
[2018.10.20-18.57.56:015][286]LogBlueprintUserMessages: [Player_C_0] X=0.703 Y=0.711 Z=0.000
[2018.10.20-18.57.56:024][287]LogBlueprintUserMessages: [Player_C_0] X=0.703 Y=0.711 Z=0.000
[2018.10.20-18.57.56:032][288]LogBlueprintUserMessages: [Player_C_0] X=0.701 Y=0.713 Z=0.000
[2018.10.20-18.57.56:040][289]LogBlueprintUserMessages: [Player_C_0] X=0.701 Y=0.713 Z=0.000
[2018.10.20-18.57.56:049][290]LogBlueprintUserMessages: [Player_C_0] X=0.701 Y=0.713 Z=0.000
[2018.10.20-18.57.56:057][291]LogBlueprintUserMessages: [Player_C_0] X=0.701 Y=0.713 Z=0.000
[2018.10.20-18.57.56:065][292]LogBlueprintUserMessages: [Player_C_0] X=0.701 Y=0.713 Z=0.000
[2018.10.20-18.57.56:074][293]LogBlueprintUserMessages: [Player_C_0] X=0.701 Y=0.713 Z=0.000
[2018.10.20-18.57.56:082][294]LogBlueprintUserMessages: [Player_C_0] X=0.701 Y=0.713 Z=0.000
[2018.10.20-18.57.56:091][295]LogBlueprintUserMessages: [Player_C_0] X=0.701 Y=0.713 Z=0.000
[2018.10.20-18.57.56:099][296]LogBlueprintUserMessages: [Player_C_0] X=0.701 Y=0.713 Z=0.000
[2018.10.20-18.57.56:107][297]LogBlueprintUserMessages: [Player_C_0] X=0.701 Y=0.713 Z=0.000
[2018.10.20-18.57.56:116][298]LogBlueprintUserMessages: [Player_C_0] X=0.701 Y=0.713 Z=0.000
[2018.10.20-18.57.56:124][299]LogBlueprintUserMessages: [Player_C_0] X=0.701 Y=0.713 Z=0.000
[2018.10.20-18.57.56:132][300]LogBlueprintUserMessages: [Player_C_0] X=0.701 Y=0.713 Z=0.000
[2018.10.20-18.57.56:142][301]LogBlueprintUserMessages: [Player_C_0] X=0.701 Y=0.713 Z=0.000
[2018.10.20-18.57.56:149][302]LogBlueprintUserMessages: [Player_C_0] X=0.701 Y=0.713 Z=0.000
[2018.10.20-18.57.56:158][303]LogBlueprintUserMessages: [Player_C_0] X=0.747 Y=0.665 Z=0.000
[2018.10.20-18.57.56:165][304]LogBlueprintUserMessages: [Player_C_0] X=0.771 Y=0.637 Z=0.000
[2018.10.20-18.57.56:174][305]LogBlueprintUserMessages: [Player_C_0] X=0.786 Y=0.618 Z=0.000
[2018.10.20-18.57.56:182][306]LogBlueprintUserMessages: [Player_C_0] X=0.788 Y=0.616 Z=0.000
[2018.10.20-18.57.56:190][307]LogBlueprintUserMessages: [Player_C_0] X=0.800 Y=0.600 Z=0.000
[2018.10.20-18.57.56:199][308]LogBlueprintUserMessages: [Player_C_0] X=0.798 Y=0.602 Z=0.000
[2018.10.20-18.57.56:207][309]LogBlueprintUserMessages: [Player_C_0] X=0.797 Y=0.605 Z=0.000
[2018.10.20-18.57.56:215][310]LogBlueprintUserMessages: [Player_C_0] X=0.795 Y=0.607 Z=0.000
[2018.10.20-18.57.56:224][311]LogBlueprintUserMessages: [Player_C_0] X=0.795 Y=0.607 Z=0.000
[2018.10.20-18.57.56:232][312]LogBlueprintUserMessages: [Player_C_0] X=0.795 Y=0.607 Z=0.000
[2018.10.20-18.57.56:240][313]LogBlueprintUserMessages: [Player_C_0] X=0.795 Y=0.607 Z=0.000
[2018.10.20-18.57.56:249][314]LogBlueprintUserMessages: [Player_C_0] X=0.795 Y=0.607 Z=0.000
[2018.10.20-18.57.56:257][315]LogBlueprintUserMessages: [Player_C_0] X=0.795 Y=0.607 Z=0.000
[2018.10.20-18.57.56:266][316]LogBlueprintUserMessages: [Player_C_0] X=0.794 Y=0.609 Z=0.000
[2018.10.20-18.57.56:275][317]LogBlueprintUserMessages: [Player_C_0] X=0.792 Y=0.611 Z=0.000
[2018.10.20-18.57.56:283][318]LogBlueprintUserMessages: [Player_C_0] X=0.790 Y=0.613 Z=0.000
[2018.10.20-18.57.56:291][319]LogBlueprintUserMessages: [Player_C_0] X=0.787 Y=0.616 Z=0.000
[2018.10.20-18.57.56:300][320]LogBlueprintUserMessages: [Player_C_0] X=0.785 Y=0.620 Z=0.000
[2018.10.20-18.57.56:308][321]LogBlueprintUserMessages: [Player_C_0] X=0.782 Y=0.624 Z=0.000
[2018.10.20-18.57.56:316][322]LogBlueprintUserMessages: [Player_C_0] X=0.780 Y=0.626 Z=0.000
[2018.10.20-18.57.56:325][323]LogBlueprintUserMessages: [Player_C_0] X=0.779 Y=0.627 Z=0.000
[2018.10.20-18.57.56:333][324]LogBlueprintUserMessages: [Player_C_0] X=0.779 Y=0.627 Z=0.000
[2018.10.20-18.57.56:342][325]LogBlueprintUserMessages: [Player_C_0] X=0.780 Y=0.625 Z=0.000
[2018.10.20-18.57.56:350][326]LogBlueprintUserMessages: [Player_C_0] X=0.782 Y=0.624 Z=0.000
[2018.10.20-18.57.56:358][327]LogBlueprintUserMessages: [Player_C_0] X=0.783 Y=0.622 Z=0.000
[2018.10.20-18.57.56:366][328]LogBlueprintUserMessages: [Player_C_0] X=0.786 Y=0.619 Z=0.000
[2018.10.20-18.57.56:374][329]LogBlueprintUserMessages: [Player_C_0] X=0.787 Y=0.616 Z=0.000
[2018.10.20-18.57.56:382][330]LogBlueprintUserMessages: [Player_C_0] X=0.790 Y=0.613 Z=0.000
[2018.10.20-18.57.56:391][331]LogBlueprintUserMessages: [Player_C_0] X=0.792 Y=0.611 Z=0.000
[2018.10.20-18.57.56:399][332]LogBlueprintUserMessages: [Player_C_0] X=0.794 Y=0.608 Z=0.000
[2018.10.20-18.57.56:407][333]LogBlueprintUserMessages: [Player_C_0] X=0.795 Y=0.606 Z=0.000
[2018.10.20-18.57.56:415][334]LogBlueprintUserMessages: [Player_C_0] X=0.795 Y=0.606 Z=0.000
[2018.10.20-18.57.56:424][335]LogBlueprintUserMessages: [Player_C_0] X=0.795 Y=0.606 Z=0.000
[2018.10.20-18.57.56:432][336]LogBlueprintUserMessages: [Player_C_0] X=0.795 Y=0.606 Z=0.000
[2018.10.20-18.57.56:441][337]LogBlueprintUserMessages: [Player_C_0] X=0.795 Y=0.606 Z=0.000
[2018.10.20-18.57.56:449][338]LogBlueprintUserMessages: [Player_C_0] X=0.795 Y=0.606 Z=0.000
[2018.10.20-18.57.56:457][339]LogBlueprintUserMessages: [Player_C_0] X=0.795 Y=0.606 Z=0.000
[2018.10.20-18.57.56:466][340]LogBlueprintUserMessages: [Player_C_0] X=0.795 Y=0.606 Z=0.000
[2018.10.20-18.57.56:474][341]LogBlueprintUserMessages: [Player_C_0] X=0.795 Y=0.606 Z=0.000
[2018.10.20-18.57.56:482][342]LogBlueprintUserMessages: [Player_C_0] X=0.795 Y=0.606 Z=0.000
[2018.10.20-18.57.56:491][343]LogBlueprintUserMessages: [Player_C_0] X=0.795 Y=0.606 Z=0.000
[2018.10.20-18.57.56:499][344]LogBlueprintUserMessages: [Player_C_0] X=0.795 Y=0.606 Z=0.000
[2018.10.20-18.57.56:507][345]LogBlueprintUserMessages: [Player_C_0] X=0.795 Y=0.606 Z=0.000
[2018.10.20-18.57.56:516][346]LogBlueprintUserMessages: [Player_C_0] X=0.795 Y=0.606 Z=0.000
[2018.10.20-18.57.56:524][347]LogBlueprintUserMessages: [Player_C_0] X=0.795 Y=0.606 Z=0.000
[2018.10.20-18.57.56:533][348]LogBlueprintUserMessages: [Player_C_0] X=0.795 Y=0.606 Z=0.000
[2018.10.20-18.57.56:541][349]LogBlueprintUserMessages: [Player_C_0] X=0.795 Y=0.606 Z=0.000
[2018.10.20-18.57.56:549][350]LogBlueprintUserMessages: [Player_C_0] X=0.797 Y=0.604 Z=0.000
[2018.10.20-18.57.56:558][351]LogBlueprintUserMessages: [Player_C_0] X=0.797 Y=0.604 Z=0.000
[2018.10.20-18.57.56:567][352]LogBlueprintUserMessages: [Player_C_0] X=0.800 Y=0.600 Z=0.000
[2018.10.20-18.57.56:574][353]LogBlueprintUserMessages: [Player_C_0] X=0.801 Y=0.598 Z=0.000
[2018.10.20-18.57.56:583][354]LogBlueprintUserMessages: [Player_C_0] X=0.805 Y=0.593 Z=0.000
[2018.10.20-18.57.56:592][355]LogBlueprintUserMessages: [Player_C_0] X=0.809 Y=0.588 Z=0.000
[2018.10.20-18.57.56:600][356]LogBlueprintUserMessages: [Player_C_0] X=0.810 Y=0.586 Z=0.000
[2018.10.20-18.57.56:608][357]LogBlueprintUserMessages: [Player_C_0] X=0.814 Y=0.581 Z=0.000
[2018.10.20-18.57.56:616][358]LogBlueprintUserMessages: [Player_C_0] X=0.815 Y=0.579 Z=0.000
[2018.10.20-18.57.56:624][359]LogBlueprintUserMessages: [Player_C_0] X=0.817 Y=0.577 Z=0.000
[2018.10.20-18.57.56:633][360]LogBlueprintUserMessages: [Player_C_0] X=0.818 Y=0.575 Z=0.000
[2018.10.20-18.57.56:641][361]LogBlueprintUserMessages: [Player_C_0] X=0.820 Y=0.573 Z=0.000
[2018.10.20-18.57.56:650][362]LogBlueprintUserMessages: [Player_C_0] X=0.820 Y=0.573 Z=0.000
[2018.10.20-18.57.56:658][363]LogBlueprintUserMessages: [Player_C_0] X=0.820 Y=0.573 Z=0.000
[2018.10.20-18.57.56:667][364]LogBlueprintUserMessages: [Player_C_0] X=0.820 Y=0.573 Z=0.000
[2018.10.20-18.57.56:675][365]LogBlueprintUserMessages: [Player_C_0] X=0.820 Y=0.573 Z=0.000
[2018.10.20-18.57.56:682][366]LogBlueprintUserMessages: [Player_C_0] X=0.817 Y=0.577 Z=0.000
[2018.10.20-18.57.56:691][367]LogBlueprintUserMessages: [Player_C_0] X=0.816 Y=0.579 Z=0.000
[2018.10.20-18.57.56:699][368]LogBlueprintUserMessages: [Player_C_0] X=0.813 Y=0.582 Z=0.000
[2018.10.20-18.57.56:707][369]LogBlueprintUserMessages: [Player_C_0] X=0.810 Y=0.586 Z=0.000
[2018.10.20-18.57.56:716][370]LogBlueprintUserMessages: [Player_C_0] X=0.806 Y=0.591 Z=0.000
[2018.10.20-18.57.56:724][371]LogBlueprintUserMessages: [Player_C_0] X=0.802 Y=0.597 Z=0.000
[2018.10.20-18.57.56:732][372]LogBlueprintUserMessages: [Player_C_0] X=0.797 Y=0.604 Z=0.000
[2018.10.20-18.57.56:741][373]LogBlueprintUserMessages: [Player_C_0] X=0.790 Y=0.613 Z=0.000
[2018.10.20-18.57.56:749][374]LogBlueprintUserMessages: [Player_C_0] X=0.783 Y=0.622 Z=0.000
[2018.10.20-18.57.56:757][375]LogBlueprintUserMessages: [Player_C_0] X=0.776 Y=0.631 Z=0.000
[2018.10.20-18.57.56:767][376]LogBlueprintUserMessages: [Player_C_0] X=0.767 Y=0.641 Z=0.000
[2018.10.20-18.57.56:774][377]LogBlueprintUserMessages: [Player_C_0] X=0.760 Y=0.650 Z=0.000
[2018.10.20-18.57.56:782][378]LogBlueprintUserMessages: [Player_C_0] X=0.750 Y=0.661 Z=0.000
[2018.10.20-18.57.56:792][379]LogBlueprintUserMessages: [Player_C_0] X=0.741 Y=0.671 Z=0.000
[2018.10.20-18.57.56:799][380]LogBlueprintUserMessages: [Player_C_0] X=0.733 Y=0.680 Z=0.000
[2018.10.20-18.57.56:807][381]LogBlueprintUserMessages: [Player_C_0] X=0.724 Y=0.690 Z=0.000
[2018.10.20-18.57.56:816][382]LogBlueprintUserMessages: [Player_C_0] X=0.716 Y=0.698 Z=0.000
[2018.10.20-18.57.56:824][383]LogBlueprintUserMessages: [Player_C_0] X=0.708 Y=0.706 Z=0.000
[2018.10.20-18.57.56:833][384]LogBlueprintUserMessages: [Player_C_0] X=0.700 Y=0.714 Z=0.000
[2018.10.20-18.57.56:841][385]LogBlueprintUserMessages: [Player_C_0] X=0.693 Y=0.720 Z=0.000
[2018.10.20-18.57.56:849][386]LogBlueprintUserMessages: [Player_C_0] X=0.687 Y=0.727 Z=0.000
[2018.10.20-18.57.56:858][387]LogBlueprintUserMessages: [Player_C_0] X=0.680 Y=0.733 Z=0.000
[2018.10.20-18.57.56:866][388]LogBlueprintUserMessages: [Player_C_0] X=0.676 Y=0.737 Z=0.000
[2018.10.20-18.57.56:874][389]LogBlueprintUserMessages: [Player_C_0] X=0.674 Y=0.738 Z=0.000
[2018.10.20-18.57.56:882][390]LogBlueprintUserMessages: [Player_C_0] X=0.673 Y=0.740 Z=0.000
[2018.10.20-18.57.56:891][391]LogBlueprintUserMessages: [Player_C_0] X=0.671 Y=0.742 Z=0.000
[2018.10.20-18.57.56:899][392]LogBlueprintUserMessages: [Player_C_0] X=0.671 Y=0.742 Z=0.000
[2018.10.20-18.57.56:908][393]LogBlueprintUserMessages: [Player_C_0] X=0.669 Y=0.743 Z=0.000
[2018.10.20-18.57.56:916][394]LogBlueprintUserMessages: [Player_C_0] X=0.669 Y=0.743 Z=0.000
[2018.10.20-18.57.56:925][395]LogBlueprintUserMessages: [Player_C_0] X=0.667 Y=0.745 Z=0.000
[2018.10.20-18.57.56:933][396]LogBlueprintUserMessages: [Player_C_0] X=0.667 Y=0.745 Z=0.000
[2018.10.20-18.57.56:942][397]LogBlueprintUserMessages: [Player_C_0] X=0.665 Y=0.747 Z=0.000
[2018.10.20-18.57.56:949][398]LogBlueprintUserMessages: [Player_C_0] X=0.665 Y=0.747 Z=0.000
[2018.10.20-18.57.56:958][399]LogBlueprintUserMessages: [Player_C_0] X=0.663 Y=0.749 Z=0.000
[2018.10.20-18.57.56:966][400]LogBlueprintUserMessages: [Player_C_0] X=0.663 Y=0.749 Z=0.000
[2018.10.20-18.57.56:975][401]LogBlueprintUserMessages: [Player_C_0] X=0.663 Y=0.749 Z=0.000
[2018.10.20-18.57.56:983][402]LogBlueprintUserMessages: [Player_C_0] X=0.663 Y=0.749 Z=0.000
[2018.10.20-18.57.56:991][403]LogBlueprintUserMessages: [Player_C_0] X=0.661 Y=0.750 Z=0.000
[2018.10.20-18.57.57:000][404]LogBlueprintUserMessages: [Player_C_0] X=0.661 Y=0.750 Z=0.000
[2018.10.20-18.57.57:008][405]LogBlueprintUserMessages: [Player_C_0] X=0.659 Y=0.752 Z=0.000
[2018.10.20-18.57.57:016][406]LogBlueprintUserMessages: [Player_C_0] X=0.657 Y=0.754 Z=0.000
[2018.10.20-18.57.57:024][407]LogBlueprintUserMessages: [Player_C_0] X=0.657 Y=0.754 Z=0.000
[2018.10.20-18.57.57:033][408]LogBlueprintUserMessages: [Player_C_0] X=0.655 Y=0.755 Z=0.000
[2018.10.20-18.57.57:041][409]LogBlueprintUserMessages: [Player_C_0] X=0.654 Y=0.757 Z=0.000
[2018.10.20-18.57.57:049][410]LogBlueprintUserMessages: [Player_C_0] X=0.652 Y=0.759 Z=0.000
[2018.10.20-18.57.57:058][411]LogBlueprintUserMessages: [Player_C_0] X=0.648 Y=0.762 Z=0.000
[2018.10.20-18.57.57:066][412]LogBlueprintUserMessages: [Player_C_0] X=0.643 Y=0.766 Z=0.000
[2018.10.20-18.57.57:075][413]LogBlueprintUserMessages: [Player_C_0] X=0.636 Y=0.772 Z=0.000
[2018.10.20-18.57.57:083][414]LogBlueprintUserMessages: [Player_C_0] X=0.627 Y=0.779 Z=0.000
[2018.10.20-18.57.57:091][415]LogBlueprintUserMessages: [Player_C_0] X=0.619 Y=0.786 Z=0.000
[2018.10.20-18.57.57:100][416]LogBlueprintUserMessages: [Player_C_0] X=0.607 Y=0.795 Z=0.000
[2018.10.20-18.57.57:108][417]LogBlueprintUserMessages: [Player_C_0] X=0.594 Y=0.805 Z=0.000
[2018.10.20-18.57.57:117][418]LogBlueprintUserMessages: [Player_C_0] X=0.579 Y=0.815 Z=0.000
[2018.10.20-18.57.57:125][419]LogBlueprintUserMessages: [Player_C_0] X=0.565 Y=0.825 Z=0.000
[2018.10.20-18.57.57:133][420]LogBlueprintUserMessages: [Player_C_0] X=0.550 Y=0.835 Z=0.000
[2018.10.20-18.57.57:142][421]LogBlueprintUserMessages: [Player_C_0] X=0.535 Y=0.845 Z=0.000
[2018.10.20-18.57.57:150][422]LogBlueprintUserMessages: [Player_C_0] X=0.522 Y=0.853 Z=0.000
[2018.10.20-18.57.57:158][423]LogBlueprintUserMessages: [Player_C_0] X=0.510 Y=0.860 Z=0.000
[2018.10.20-18.57.57:166][424]LogBlueprintUserMessages: [Player_C_0] X=0.501 Y=0.866 Z=0.000
[2018.10.20-18.57.57:175][425]LogBlueprintUserMessages: [Player_C_0] X=0.493 Y=0.870 Z=0.000
[2018.10.20-18.57.57:183][426]LogBlueprintUserMessages: [Player_C_0] X=0.487 Y=0.873 Z=0.000
[2018.10.20-18.57.57:191][427]LogBlueprintUserMessages: [Player_C_0] X=0.481 Y=0.877 Z=0.000
[2018.10.20-18.57.57:200][428]LogBlueprintUserMessages: [Player_C_0] X=0.477 Y=0.879 Z=0.000
[2018.10.20-18.57.57:208][429]LogBlueprintUserMessages: [Player_C_0] X=0.474 Y=0.880 Z=0.000
[2018.10.20-18.57.57:216][430]LogBlueprintUserMessages: [Player_C_0] X=0.474 Y=0.880 Z=0.000
[2018.10.20-18.57.57:224][431]LogBlueprintUserMessages: [Player_C_0] X=0.472 Y=0.881 Z=0.000
[2018.10.20-18.57.57:232][432]LogBlueprintUserMessages: [Player_C_0] X=0.472 Y=0.881 Z=0.000
[2018.10.20-18.57.57:240][433]LogBlueprintUserMessages: [Player_C_0] X=0.472 Y=0.881 Z=0.000
[2018.10.20-18.57.57:249][434]LogBlueprintUserMessages: [Player_C_0] X=0.472 Y=0.881 Z=0.000
[2018.10.20-18.57.57:257][435]LogBlueprintUserMessages: [Player_C_0] X=0.472 Y=0.881 Z=0.000
[2018.10.20-18.57.57:265][436]LogBlueprintUserMessages: [Player_C_0] X=0.472 Y=0.881 Z=0.000
[2018.10.20-18.57.57:274][437]LogBlueprintUserMessages: [Player_C_0] X=0.472 Y=0.881 Z=0.000
[2018.10.20-18.57.57:282][438]LogBlueprintUserMessages: [Player_C_0] X=0.472 Y=0.881 Z=0.000
[2018.10.20-18.57.57:290][439]LogBlueprintUserMessages: [Player_C_0] X=0.472 Y=0.881 Z=0.000
[2018.10.20-18.57.57:299][440]LogBlueprintUserMessages: [Player_C_0] X=0.472 Y=0.881 Z=0.000
[2018.10.20-18.57.57:307][441]LogBlueprintUserMessages: [Player_C_0] X=0.472 Y=0.881 Z=0.000
[2018.10.20-18.57.57:316][442]LogBlueprintUserMessages: [Player_C_0] X=0.472 Y=0.881 Z=0.000
[2018.10.20-18.57.57:324][443]LogBlueprintUserMessages: [Player_C_0] X=0.472 Y=0.881 Z=0.000
[2018.10.20-18.57.57:332][444]LogBlueprintUserMessages: [Player_C_0] X=0.472 Y=0.881 Z=0.000
[2018.10.20-18.57.57:341][445]LogBlueprintUserMessages: [Player_C_0] X=0.472 Y=0.881 Z=0.000
[2018.10.20-18.57.57:349][446]LogBlueprintUserMessages: [Player_C_0] X=0.472 Y=0.881 Z=0.000
[2018.10.20-18.57.57:357][447]LogBlueprintUserMessages: [Player_C_0] X=0.472 Y=0.881 Z=0.000
[2018.10.20-18.57.57:366][448]LogBlueprintUserMessages: [Player_C_0] X=0.472 Y=0.881 Z=0.000
[2018.10.20-18.57.57:374][449]LogBlueprintUserMessages: [Player_C_0] X=0.472 Y=0.881 Z=0.000
[2018.10.20-18.57.57:383][450]LogBlueprintUserMessages: [Player_C_0] X=0.472 Y=0.881 Z=0.000
[2018.10.20-18.57.57:391][451]LogBlueprintUserMessages: [Player_C_0] X=0.472 Y=0.881 Z=0.000
[2018.10.20-18.57.57:399][452]LogBlueprintUserMessages: [Player_C_0] X=0.472 Y=0.881 Z=0.000
[2018.10.20-18.57.57:407][453]LogBlueprintUserMessages: [Player_C_0] X=0.472 Y=0.881 Z=0.000
[2018.10.20-18.57.57:416][454]LogBlueprintUserMessages: [Player_C_0] X=0.472 Y=0.881 Z=0.000
[2018.10.20-18.57.57:424][455]LogBlueprintUserMessages: [Player_C_0] X=0.472 Y=0.881 Z=0.000
[2018.10.20-18.57.57:433][456]LogBlueprintUserMessages: [Player_C_0] X=0.472 Y=0.881 Z=0.000
[2018.10.20-18.57.57:441][457]LogBlueprintUserMessages: [Player_C_0] X=0.472 Y=0.881 Z=0.000
[2018.10.20-18.57.57:449][458]LogBlueprintUserMessages: [Player_C_0] X=0.472 Y=0.881 Z=0.000
[2018.10.20-18.57.57:458][459]LogBlueprintUserMessages: [Player_C_0] X=0.472 Y=0.881 Z=0.000
[2018.10.20-18.57.57:468][460]LogBlueprintUserMessages: [Player_C_0] X=0.472 Y=0.881 Z=0.000
[2018.10.20-18.57.57:474][461]LogBlueprintUserMessages: [Player_C_0] X=0.472 Y=0.881 Z=0.000
[2018.10.20-18.57.57:482][462]LogBlueprintUserMessages: [Player_C_0] X=0.468 Y=0.884 Z=0.000
[2018.10.20-18.57.57:491][463]LogBlueprintUserMessages: [Player_C_0] X=0.465 Y=0.885 Z=0.000
[2018.10.20-18.57.57:499][464]LogBlueprintUserMessages: [Player_C_0] X=0.458 Y=0.889 Z=0.000
[2018.10.20-18.57.57:507][465]LogBlueprintUserMessages: [Player_C_0] X=0.450 Y=0.893 Z=0.000
[2018.10.20-18.57.57:517][466]LogBlueprintUserMessages: [Player_C_0] X=0.442 Y=0.897 Z=0.000
[2018.10.20-18.57.57:524][467]LogBlueprintUserMessages: [Player_C_0] X=0.434 Y=0.901 Z=0.000
[2018.10.20-18.57.57:532][468]LogBlueprintUserMessages: [Player_C_0] X=0.425 Y=0.905 Z=0.000
[2018.10.20-18.57.57:541][469]LogBlueprintUserMessages: [Player_C_0] X=0.417 Y=0.909 Z=0.000
[2018.10.20-18.57.57:549][470]LogBlueprintUserMessages: [Player_C_0] X=0.409 Y=0.912 Z=0.000
[2018.10.20-18.57.57:557][471]LogBlueprintUserMessages: [Player_C_0] X=0.401 Y=0.916 Z=0.000
[2018.10.20-18.57.57:566][472]LogBlueprintUserMessages: [Player_C_0] X=0.393 Y=0.920 Z=0.000
[2018.10.20-18.57.57:574][473]LogBlueprintUserMessages: [Player_C_0] X=0.384 Y=0.923 Z=0.000
[2018.10.20-18.57.57:582][474]LogBlueprintUserMessages: [Player_C_0] X=0.379 Y=0.925 Z=0.000
[2018.10.20-18.57.57:591][475]LogBlueprintUserMessages: [Player_C_0] X=0.376 Y=0.926 Z=0.000
[2018.10.20-18.57.57:599][476]LogBlueprintUserMessages: [Player_C_0] X=0.374 Y=0.927 Z=0.000
[2018.10.20-18.57.57:607][477]LogBlueprintUserMessages: [Player_C_0] X=0.372 Y=0.928 Z=0.000
[2018.10.20-18.57.57:616][478]LogBlueprintUserMessages: [Player_C_0] X=0.372 Y=0.928 Z=0.000
[2018.10.20-18.57.57:624][479]LogBlueprintUserMessages: [Player_C_0] X=0.372 Y=0.928 Z=0.000
[2018.10.20-18.57.57:632][480]LogBlueprintUserMessages: [Player_C_0] X=0.372 Y=0.928 Z=0.000
[2018.10.20-18.57.57:641][481]LogBlueprintUserMessages: [Player_C_0] X=0.372 Y=0.928 Z=0.000
[2018.10.20-18.57.57:649][482]LogBlueprintUserMessages: [Player_C_0] X=0.372 Y=0.928 Z=0.000
[2018.10.20-18.57.57:657][483]LogBlueprintUserMessages: [Player_C_0] X=0.372 Y=0.928 Z=0.000
[2018.10.20-18.57.57:666][484]LogBlueprintUserMessages: [Player_C_0] X=0.372 Y=0.928 Z=0.000
[2018.10.20-18.57.57:674][485]LogBlueprintUserMessages: [Player_C_0] X=0.372 Y=0.928 Z=0.000
[2018.10.20-18.57.57:683][486]LogBlueprintUserMessages: [Player_C_0] X=0.372 Y=0.928 Z=0.000
[2018.10.20-18.57.57:691][487]LogBlueprintUserMessages: [Player_C_0] X=0.372 Y=0.928 Z=0.000
[2018.10.20-18.57.57:699][488]LogBlueprintUserMessages: [Player_C_0] X=0.372 Y=0.928 Z=0.000
[2018.10.20-18.57.57:708][489]LogBlueprintUserMessages: [Player_C_0] X=0.372 Y=0.928 Z=0.000
[2018.10.20-18.57.57:716][490]LogBlueprintUserMessages: [Player_C_0] X=0.372 Y=0.928 Z=0.000
[2018.10.20-18.57.57:725][491]LogBlueprintUserMessages: [Player_C_0] X=0.372 Y=0.928 Z=0.000
[2018.10.20-18.57.57:733][492]LogBlueprintUserMessages: [Player_C_0] X=0.372 Y=0.928 Z=0.000
[2018.10.20-18.57.57:742][493]LogBlueprintUserMessages: [Player_C_0] X=0.369 Y=0.929 Z=0.000
[2018.10.20-18.57.57:750][494]LogBlueprintUserMessages: [Player_C_0] X=0.367 Y=0.930 Z=0.000
[2018.10.20-18.57.57:758][495]LogBlueprintUserMessages: [Player_C_0] X=0.364 Y=0.931 Z=0.000
[2018.10.20-18.57.57:766][496]LogBlueprintUserMessages: [Player_C_0] X=0.364 Y=0.931 Z=0.000
[2018.10.20-18.57.57:775][497]LogBlueprintUserMessages: [Player_C_0] X=0.362 Y=0.932 Z=0.000
[2018.10.20-18.57.57:783][498]LogBlueprintUserMessages: [Player_C_0] X=0.359 Y=0.933 Z=0.000
[2018.10.20-18.57.57:791][499]LogBlueprintUserMessages: [Player_C_0] X=0.357 Y=0.934 Z=0.000
[2018.10.20-18.57.57:799][500]LogBlueprintUserMessages: [Player_C_0] X=0.354 Y=0.935 Z=0.000
[2018.10.20-18.57.57:807][501]LogBlueprintUserMessages: [Player_C_0] X=0.354 Y=0.935 Z=0.000
[2018.10.20-18.57.57:815][502]LogBlueprintUserMessages: [Player_C_0] X=0.352 Y=0.936 Z=0.000
[2018.10.20-18.57.57:824][503]LogBlueprintUserMessages: [Player_C_0] X=0.352 Y=0.936 Z=0.000
[2018.10.20-18.57.57:832][504]LogBlueprintUserMessages: [Player_C_0] X=0.352 Y=0.936 Z=0.000
[2018.10.20-18.57.57:840][505]LogBlueprintUserMessages: [Player_C_0] X=0.352 Y=0.936 Z=0.000
[2018.10.20-18.57.57:849][506]LogBlueprintUserMessages: [Player_C_0] X=0.352 Y=0.936 Z=0.000
[2018.10.20-18.57.57:857][507]LogBlueprintUserMessages: [Player_C_0] X=0.352 Y=0.936 Z=0.000
[2018.10.20-18.57.57:866][508]LogBlueprintUserMessages: [Player_C_0] X=0.352 Y=0.936 Z=0.000
[2018.10.20-18.57.57:874][509]LogBlueprintUserMessages: [Player_C_0] X=0.352 Y=0.936 Z=0.000
[2018.10.20-18.57.57:883][510]LogBlueprintUserMessages: [Player_C_0] X=0.352 Y=0.936 Z=0.000
[2018.10.20-18.57.57:891][511]LogBlueprintUserMessages: [Player_C_0] X=0.352 Y=0.936 Z=0.000
[2018.10.20-18.57.57:899][512]LogBlueprintUserMessages: [Player_C_0] X=0.352 Y=0.936 Z=0.000
[2018.10.20-18.57.57:907][513]LogBlueprintUserMessages: [Player_C_0] X=0.352 Y=0.936 Z=0.000
[2018.10.20-18.57.57:916][514]LogBlueprintUserMessages: [Player_C_0] X=0.352 Y=0.936 Z=0.000
[2018.10.20-18.57.57:924][515]LogBlueprintUserMessages: [Player_C_0] X=0.352 Y=0.936 Z=0.000
[2018.10.20-18.57.57:932][516]LogBlueprintUserMessages: [Player_C_0] X=0.352 Y=0.936 Z=0.000
[2018.10.20-18.57.57:941][517]LogBlueprintUserMessages: [Player_C_0] X=0.352 Y=0.936 Z=0.000
[2018.10.20-18.57.57:949][518]LogBlueprintUserMessages: [Player_C_0] X=0.352 Y=0.936 Z=0.000
[2018.10.20-18.57.57:957][519]LogBlueprintUserMessages: [Player_C_0] X=0.352 Y=0.936 Z=0.000
[2018.10.20-18.57.57:966][520]LogBlueprintUserMessages: [Player_C_0] X=0.352 Y=0.936 Z=0.000
[2018.10.20-18.57.57:974][521]LogBlueprintUserMessages: [Player_C_0] X=0.352 Y=0.936 Z=0.000
[2018.10.20-18.57.57:982][522]LogBlueprintUserMessages: [Player_C_0] X=0.352 Y=0.936 Z=0.000
[2018.10.20-18.57.57:992][523]LogBlueprintUserMessages: [Player_C_0] X=0.352 Y=0.936 Z=0.000
[2018.10.20-18.57.57:999][524]LogBlueprintUserMessages: [Player_C_0] X=0.352 Y=0.936 Z=0.000
[2018.10.20-18.57.58:008][525]LogBlueprintUserMessages: [Player_C_0] X=0.352 Y=0.936 Z=0.000
[2018.10.20-18.57.58:016][526]LogBlueprintUserMessages: [Player_C_0] X=0.352 Y=0.936 Z=0.000
[2018.10.20-18.57.58:024][527]LogBlueprintUserMessages: [Player_C_0] X=0.352 Y=0.936 Z=0.000
[2018.10.20-18.57.58:033][528]LogBlueprintUserMessages: [Player_C_0] X=0.352 Y=0.936 Z=0.000
[2018.10.20-18.57.58:041][529]LogBlueprintUserMessages: [Player_C_0] X=0.352 Y=0.936 Z=0.000
[2018.10.20-18.57.58:049][530]LogBlueprintUserMessages: [Player_C_0] X=0.352 Y=0.936 Z=0.000
[2018.10.20-18.57.58:058][531]LogBlueprintUserMessages: [Player_C_0] X=0.352 Y=0.936 Z=0.000
[2018.10.20-18.57.58:066][532]LogBlueprintUserMessages: [Player_C_0] X=0.352 Y=0.936 Z=0.000
[2018.10.20-18.57.58:074][533]LogBlueprintUserMessages: [Player_C_0] X=0.352 Y=0.936 Z=0.000
[2018.10.20-18.57.58:083][534]LogBlueprintUserMessages: [Player_C_0] X=0.352 Y=0.936 Z=0.000
[2018.10.20-18.57.58:091][535]LogBlueprintUserMessages: [Player_C_0] X=0.352 Y=0.936 Z=0.000
