Log file open, 10/16/18 12:49:30
LogWindows: Failed to load 'aqProf.dll' (GetLastError=126)
LogWindows: File 'aqProf.dll' does not exist
LogWindows: Failed to load 'VSPerf140.dll' (GetLastError=126)
LogWindows: File 'VSPerf140.dll' does not exist
LogWindows: Failed to load 'VtuneApi.dll' (GetLastError=126)
LogWindows: File 'VtuneApi.dll' does not exist
LogWindows: Failed to load 'VtuneApi32e.dll' (GetLastError=126)
LogWindows: File 'VtuneApi32e.dll' does not exist
LogInit: Display: Running engine for game: SideyCPP
LogPlatformFile: Not using cached read wrapper
LogTaskGraph: Started task graph with 5 named threads and 14 total threads with 3 sets of task threads.
LogStats: Stats thread started at 0.316631
LogD3D11RHI: Loaded GFSDK_Aftermath_Lib.x64.dll
LogICUInternationalization: Display: ICU TimeZone Detection - Raw Offset: +0:00, Platform Override: ''
LogPluginManager: Mounting plugin Paper2D
LogPluginManager: Mounting plugin AISupport
LogPluginManager: Mounting plugin LightPropagationVolume
LogPluginManager: Mounting plugin CLionSourceCodeAccess
LogPluginManager: Mounting plugin CodeLiteSourceCodeAccess
LogPluginManager: Mounting plugin GitSourceControl
LogPluginManager: Mounting plugin KDevelopSourceCodeAccess
LogPluginManager: Mounting plugin NullSourceCodeAccess
LogPluginManager: Mounting plugin PerforceSourceControl
LogPluginManager: Mounting plugin SubversionSourceControl
LogPluginManager: Mounting plugin UObjectPlugin
LogPluginManager: Mounting plugin VisualStudioCodeSourceCodeAccess
LogPluginManager: Mounting plugin VisualStudioSourceCodeAccess
LogPluginManager: Mounting plugin XCodeSourceCodeAccess
LogPluginManager: Mounting plugin AssetManagerEditor
LogPluginManager: Mounting plugin CryptoKeys
LogPluginManager: Mounting plugin DataValidation
LogPluginManager: Mounting plugin FacialAnimation
LogPluginManager: Mounting plugin GameplayTagsEditor
LogPluginManager: Mounting plugin MacGraphicsSwitching
LogPluginManager: Mounting plugin MeshEditor
LogPluginManager: Mounting plugin MobileLauncherProfileWizard
LogPluginManager: Mounting plugin PluginBrowser
LogPluginManager: Mounting plugin SpeedTreeImporter
LogPluginManager: Mounting plugin DatasmithContent
LogPluginManager: Mounting plugin AlembicImporter
LogPluginManager: Mounting plugin AppleImageUtils
LogPluginManager: Mounting plugin AppleVision
LogPluginManager: Mounting plugin BackChannel
LogPluginManager: Mounting plugin CharacterAI
LogPluginManager: Mounting plugin GeometryCache
LogPluginManager: Mounting plugin HTML5Networking
LogPluginManager: Mounting plugin ProxyLODPlugin
LogPluginManager: Mounting plugin MagicLeap
LogPluginManager: Mounting plugin MagicLeapEmulator
LogPluginManager: Mounting plugin MagicLeapMedia
LogPluginManager: Mounting plugin AndroidMedia
LogPluginManager: Mounting plugin AvfMedia
LogPluginManager: Mounting plugin ImgMedia
LogPluginManager: Mounting plugin LinearTimecode
LogPluginManager: Mounting plugin MediaCompositing
LogPluginManager: Mounting plugin MediaPlayerEditor
LogPluginManager: Mounting plugin WmfMedia
LogPluginManager: Mounting plugin TcpMessaging
LogPluginManager: Mounting plugin UdpMessaging
LogPluginManager: Mounting plugin ActorSequence
LogPluginManager: Mounting plugin LevelSequenceEditor
LogPluginManager: Mounting plugin MatineeToLevelSequence
LogPluginManager: Mounting plugin NetcodeUnitTest
LogPluginManager: Mounting plugin NUTUnrealEngine4
LogPluginManager: Mounting plugin OnlineSubsystemGooglePlay
LogPluginManager: Mounting plugin OnlineSubsystemIOS
LogPluginManager: Mounting plugin OnlineSubsystem
LogPluginManager: Mounting plugin OnlineSubsystemNull
LogPluginManager: Mounting plugin OnlineSubsystemUtils
LogPluginManager: Mounting plugin LauncherChunkInstaller
LogPluginManager: Mounting plugin AndroidDeviceProfileSelector
LogPluginManager: Mounting plugin AndroidMoviePlayer
LogPluginManager: Mounting plugin AndroidPermission
LogPluginManager: Mounting plugin AppleMoviePlayer
LogPluginManager: Mounting plugin ArchVisCharacter
LogPluginManager: Mounting plugin AudioCapture
LogPluginManager: Mounting plugin CableComponent
LogPluginManager: Mounting plugin CustomMeshComponent
LogPluginManager: Mounting plugin EditableMesh
LogPluginManager: Mounting plugin ExampleDeviceProfileSelector
LogPluginManager: Mounting plugin GoogleCloudMessaging
LogPluginManager: Mounting plugin ImmediatePhysics
LogPluginManager: Mounting plugin IOSDeviceProfileSelector
LogPluginManager: Mounting plugin LinuxDeviceProfileSelector
LogPluginManager: Mounting plugin LocationServicesBPLibrary
LogPluginManager: Mounting plugin MobilePatchingUtils
LogPluginManager: Mounting plugin OculusVR
LogPluginManager: Plugin shader directory ../../../Engine/Plugins/Runtime/Oculus/OculusVR/Shaders found
LogPluginManager: Mapping shader source directory ../../../Engine/Plugins/Runtime/Oculus/OculusVR/Shaders to virtual directory /Plugin/OculusVR
LogPluginManager: Mounting plugin PhysXVehicles
LogPluginManager: Mounting plugin ProceduralMeshComponent
LogPluginManager: Mounting plugin RuntimePhysXCooking
LogPluginManager: Mounting plugin SteamVR
LogPluginManager: Mounting plugin WindowsMoviePlayer
LogStreaming: Display: Took  0.287s to configure plugins.
LogInit: Using libcurl 7.55.1-DEV
LogInit:  - built for x86_64-pc-win32
LogInit:  - supports SSL with OpenSSL/1.0.2h
LogInit:  - supports HTTP deflate (compression) using libz 1.2.8
LogInit:  - other features:
LogInit:      CURL_VERSION_SSL
LogInit:      CURL_VERSION_LIBZ
LogInit:      CURL_VERSION_IPV6
LogInit:      CURL_VERSION_ASYNCHDNS
LogInit:      CURL_VERSION_LARGEFILE
LogInit:      CURL_VERSION_IDN
LogInit:  CurlRequestOptions (configurable via config and command line):
LogInit:  - bVerifyPeer = false  - Libcurl will NOT verify peer certificate
LogInit:  - bUseHttpProxy = false  - Libcurl will NOT use HTTP proxy
LogInit:  - bDontReuseConnections = false  - Libcurl will reuse connections
LogInit:  - CertBundlePath = nullptr  - Libcurl will use whatever was configured at build time.
LogInit:  - MaxHostConnections = 16  - Libcurl will limit the number of connections to a host
LogInit:  - LocalHostAddr = Default
LogInit:  - BufferSize = 65536
LogInit: WinSock: version 1.1 (2.2), MaxSocks=32767, MaxUdp=65467
LogInit: Build: ++UE4+Release-4.20-CL-4369336
LogInit: Engine Version: 4.20.3-4369336+++UE4+Release-4.20
LogInit: Compatible Engine Version: 4.20.0-4212847+++UE4+Release-4.20
LogInit: Net CL: 4212847
LogInit: OS: Windows 10 (), CPU: Intel(R) Xeon(R) CPU E5-1607 v3 @ 3.10GHz, GPU: NVIDIA GeForce GTX 970
LogInit: Compiled (64-bit): Sep 17 2018 12:26:19
LogInit: Compiled with Visual C++: 19.13.26129.00
LogInit: Build Configuration: Development
LogInit: Branch Name: ++UE4+Release-4.20
LogInit: Command Line:  -skipcompile
LogInit: Base Directory: C:/Epic/UE4/UE_4.20/Engine/Binaries/Win64/
LogInit: Installed Engine Build: 1
LogDevObjectVersion: Number of dev versions registered: 20
LogDevObjectVersion:   Dev-Blueprints (B0D832E4-1F89-4F0D-ACCF-7EB736FD4AA2): 10
LogDevObjectVersion:   Dev-Build (E1C64328-A22C-4D53-A36C-8E866417BD8C): 0
LogDevObjectVersion:   Dev-Core (375EC13C-06E4-48FB-B500-84F0262A717E): 2
LogDevObjectVersion:   Dev-Editor (E4B068ED-F494-42E9-A231-DA0B2E46BB41): 24
LogDevObjectVersion:   Dev-Framework (CFFC743F-43B0-4480-9391-14DF171D2073): 34
LogDevObjectVersion:   Dev-Mobile (B02B49B5-BB20-44E9-A304-32B752E40360): 2
LogDevObjectVersion:   Dev-Networking (A4E4105C-59A1-49B5-A7C5-40C4547EDFEE): 0
LogDevObjectVersion:   Dev-Online (39C831C9-5AE6-47DC-9A44-9C173E1C8E7C): 0
LogDevObjectVersion:   Dev-Physics (78F01B33-EBEA-4F98-B9B4-84EACCB95AA2): 0
LogDevObjectVersion:   Dev-Platform (6631380F-2D4D-43E0-8009-CF276956A95A): 0
LogDevObjectVersion:   Dev-Rendering (12F88B9F-8875-4AFC-A67C-D90C383ABD29): 26
LogDevObjectVersion:   Dev-Sequencer (7B5AE74C-D270-4C10-A958-57980B212A5A): 9
LogDevObjectVersion:   Dev-VR (D7296918-1DD6-4BDD-9DE2-64A83CC13884): 2
LogDevObjectVersion:   Dev-LoadTimes (C2A15278-BFE7-4AFE-6C17-90FF531DF755): 1
LogDevObjectVersion:   Private-Geometry (6EACA3D4-40EC-4CC1-B786-8BED09428FC5): 3
LogDevObjectVersion:   Dev-AnimPhys (29E575DD-E0A3-4627-9D10-D276232CDCEA): 17
LogDevObjectVersion:   Dev-ReflectionCapture (6B266CEC-1EC7-4B8F-A30B-E4D90942FC07): 1
LogDevObjectVersion:   Dev-Automation (0DF73D61-A23F-47EA-B727-89E90C41499A): 1
LogDevObjectVersion:   FortniteMain (601D1886-AC64-4F84-AA16-D3DE0DEAC7D6): 12
LogDevObjectVersion:   Dev-Enterprise (9DFFBCD6-494F-0158-E221-12823C92A888): 1
LogStreaming: Display: Took  0.006s to delete old logs.
LogInit: Presizing for max 8388607 objects, including 0 objects not considered by GC, pre-allocating 0 bytes for permanent pool.
LogInit: Object subsystem initialized
[2018.10.16-11.49.30:951][  0]LogInit: Selected Device Profile: [Windows]
[2018.10.16-11.49.30:952][  0]LogInit: Applying CVar settings loaded from the selected device profile: [Windows]
[2018.10.16-11.49.30:969][  0]LogHAL: Display: Platform has ~ 16 GB [17083682816 / 17179869184 / 16], which maps to Larger [LargestMinGB=32, LargerMinGB=12, DefaultMinGB=8, SmallerMinGB=6, SmallestMinGB=0)
[2018.10.16-11.49.30:969][  0]LogInit: Setting Device Profile CVar: [[r.Vulkan.UseRealUBs:1]]
[2018.10.16-11.49.30:969][  0]LogInit: Going up to parent DeviceProfile []
[2018.10.16-11.49.30:970][  0]LogInit: Computer: S500-40
[2018.10.16-11.49.30:970][  0]LogInit: User: w017177h
[2018.10.16-11.49.30:970][  0]LogInit: CPU Page size=4096, Cores=4
[2018.10.16-11.49.30:970][  0]LogInit: High frequency timer resolution =3.020348 MHz
[2018.10.16-11.49.30:970][  0]LogMemory: Memory total: Physical=15.9GB (16GB approx)
[2018.10.16-11.49.30:970][  0]LogMemory: Platform Memory Stats for Windows
[2018.10.16-11.49.30:970][  0]LogMemory: Process Physical Memory: 101.29 MB used, 101.29 MB peak
[2018.10.16-11.49.30:970][  0]LogMemory: Process Virtual Memory: 84.40 MB used, 84.40 MB peak
[2018.10.16-11.49.30:970][  0]LogMemory: Physical Memory: 6367.14 MB used,  9925.13 MB free, 16292.27 MB total
[2018.10.16-11.49.30:970][  0]LogMemory: Virtual Memory: 4620.36 MB used,  9925.13 MB free, 134217728.00 MB total
[2018.10.16-11.49.31:106][  0]LogInit: Using OS detected language (en-US).
[2018.10.16-11.49.31:106][  0]LogInit: Using OS detected locale (en-GB).
[2018.10.16-11.49.31:108][  0]LogTextLocalizationManager: No specific localization for 'en-US' exists, so the 'en' localization will be used.
[2018.10.16-11.49.31:563][  0]LogStreaming: Display: Took  0.458s to InitEngineTextLocalization.
[2018.10.16-11.49.31:563][  0]LogInit: Setting process to per monitor DPI aware
[2018.10.16-11.49.31:607][  0]LogSlate: New Slate User Created.  User Index 0, Is Virtual User: 0
[2018.10.16-11.49.31:607][  0]LogSlate: Slate User Registered.  User Index 0, Is Virtual User: 0
[2018.10.16-11.49.31:963][  0]LogHMD: Failed to initialize OpenVR with code 110
[2018.10.16-11.49.31:963][  0]LogD3D11RHI: D3D11 adapters:
[2018.10.16-11.49.32:072][  0]LogD3D11RHI:    0. 'NVIDIA GeForce GTX 970' (Feature Level 11_0)
[2018.10.16-11.49.32:072][  0]LogD3D11RHI:       4043/0/8146 MB DedicatedVideo/DedicatedSystem/SharedSystem, Outputs:2, VendorId:0x10de
[2018.10.16-11.49.32:079][  0]LogD3D11RHI:    1. 'Microsoft Basic Render Driver' (Feature Level 11_0)
[2018.10.16-11.49.32:079][  0]LogD3D11RHI:       0/0/8146 MB DedicatedVideo/DedicatedSystem/SharedSystem, Outputs:0, VendorId:0x1414
[2018.10.16-11.49.32:079][  0]LogD3D11RHI: Chosen D3D11 Adapter: 0
[2018.10.16-11.49.32:089][  0]LogD3D11RHI: Creating new Direct3DDevice
[2018.10.16-11.49.32:089][  0]LogD3D11RHI:     GPU DeviceId: 0x13c2 (for the marketing name, search the web for "GPU Device Id")
[2018.10.16-11.49.32:089][  0]LogWindows: EnumDisplayDevices:
[2018.10.16-11.49.32:089][  0]LogWindows:    0. 'NVIDIA GeForce GTX 970' (P:1 D:1)
[2018.10.16-11.49.32:090][  0]LogWindows:    1. 'NVIDIA GeForce GTX 970' (P:0 D:1)
[2018.10.16-11.49.32:090][  0]LogWindows:    2. 'NVIDIA GeForce GTX 970' (P:0 D:0)
[2018.10.16-11.49.32:091][  0]LogWindows:    3. 'NVIDIA GeForce GTX 970' (P:0 D:0)
[2018.10.16-11.49.32:091][  0]LogWindows: DebugString: FoundDriverCount:4 
[2018.10.16-11.49.32:091][  0]LogD3D11RHI:     Adapter Name: NVIDIA GeForce GTX 970
[2018.10.16-11.49.32:091][  0]LogD3D11RHI:   Driver Version: 399.24 (internal:24.21.13.9924, unified:399.24)
[2018.10.16-11.49.32:091][  0]LogD3D11RHI:      Driver Date: 9-5-2018
[2018.10.16-11.49.32:091][  0]LogRHI: Texture pool is 2830 MB (70% of 4043 MB)
[2018.10.16-11.49.32:146][  0]LogD3D11RHI: Async texture creation enabled
[2018.10.16-11.49.32:164][  0]LogD3D11RHI: GPU Timing Frequency: 1000.000000 (Debug: 2 2)
[2018.10.16-11.49.32:250][  0]LogShaderCompilers: Guid format shader working directory is -19 characters bigger than the processId version (../../../../../../Users/w017177h/Documents/GitHub/SpideyCPP/SideyCPP/Intermediate/Shaders/WorkingDirectory/6768/).
[2018.10.16-11.49.32:251][  0]LogShaderCompilers: Cleaned the shader compiler working directory 'C:/Users/w017177h/AppData/Local/Temp/UnrealShaderWorkingDir/32071FE54916DECC204569A86C7DFD03/'.
[2018.10.16-11.49.32:619][  0]LogTemp: Display: Loaded TP AllDesktopTargetPlatform
[2018.10.16-11.49.32:642][  0]LogTemp: Display: Loaded TP MacClientTargetPlatform
[2018.10.16-11.49.32:663][  0]LogTemp: Display: Loaded TP MacNoEditorTargetPlatform
[2018.10.16-11.49.32:685][  0]LogTemp: Display: Loaded TP MacServerTargetPlatform
[2018.10.16-11.49.32:707][  0]LogTemp: Display: Loaded TP MacTargetPlatform
[2018.10.16-11.49.32:728][  0]LogTemp: Display: Loaded TP WindowsClientTargetPlatform
[2018.10.16-11.49.32:751][  0]LogTemp: Display: Loaded TP WindowsNoEditorTargetPlatform
[2018.10.16-11.49.32:774][  0]LogTemp: Display: Loaded TP WindowsServerTargetPlatform
[2018.10.16-11.49.32:787][  0]LogTemp: Display: Loaded TP WindowsTargetPlatform
[2018.10.16-11.49.32:893][  0]LogTemp: Display: Loaded TP AndroidTargetPlatform
[2018.10.16-11.49.32:893][  0]LogTemp: Display: Loaded TP AndroidTargetPlatform
[2018.10.16-11.49.32:893][  0]LogTemp: Display: Loaded TP AndroidTargetPlatform
[2018.10.16-11.49.32:894][  0]LogTemp: Display: Loaded TP AndroidTargetPlatform
[2018.10.16-11.49.32:894][  0]LogTemp: Display: Loaded TP AndroidTargetPlatform
[2018.10.16-11.49.32:894][  0]LogTemp: Display: Loaded TP AndroidTargetPlatform
[2018.10.16-11.49.32:894][  0]LogTemp: Display: Loaded TP AndroidTargetPlatform
[2018.10.16-11.49.32:894][  0]LogTemp: Display: Loaded TP AndroidTargetPlatform
[2018.10.16-11.49.32:894][  0]LogTemp: Display: Loaded TP AndroidTargetPlatform
[2018.10.16-11.49.32:894][  0]LogTemp: Display: Loaded TP AndroidTargetPlatform
[2018.10.16-11.49.32:894][  0]LogTemp: Display: Loaded TP AndroidTargetPlatform
[2018.10.16-11.49.32:894][  0]LogTemp: Display: Loaded TP AndroidTargetPlatform
[2018.10.16-11.49.32:894][  0]LogTemp: Display: Loaded TP AndroidTargetPlatform
[2018.10.16-11.49.32:894][  0]LogTemp: Display: Loaded TP AndroidTargetPlatform
[2018.10.16-11.49.32:894][  0]LogTemp: Display: Loaded TP AndroidTargetPlatform
[2018.10.16-11.49.32:894][  0]LogTemp: Display: Loaded TP AndroidTargetPlatform
[2018.10.16-11.49.32:894][  0]LogTemp: Display: Loaded TP AndroidTargetPlatform
[2018.10.16-11.49.32:894][  0]LogTemp: Display: Loaded TP AndroidTargetPlatform
[2018.10.16-11.49.32:901][  0]LogTemp: Display: Loaded TP HTML5TargetPlatform
[2018.10.16-11.49.32:983][  0]LogTemp: Display: Loaded TP IOSTargetPlatform
[2018.10.16-11.49.32:983][  0]LogTemp: Display: Loaded TP IOSTargetPlatform
[2018.10.16-11.49.33:015][  0]LogTemp: Display: Loaded TP TVOSTargetPlatform
[2018.10.16-11.49.33:015][  0]LogTemp: Display: Loaded TP TVOSTargetPlatform
[2018.10.16-11.49.33:035][  0]LogTemp: Display: Loaded TP LinuxClientTargetPlatform
[2018.10.16-11.49.33:053][  0]LogTemp: Display: Loaded TP LinuxNoEditorTargetPlatform
[2018.10.16-11.49.33:072][  0]LogTemp: Display: Loaded TP LinuxServerTargetPlatform
[2018.10.16-11.49.33:090][  0]LogTemp: Display: Loaded TP LinuxTargetPlatform
[2018.10.16-11.49.33:104][  0]LogTemp: Display: Loaded TP LuminTargetPlatform
[2018.10.16-11.49.33:105][  0]LogTargetPlatformManager: Display: Building Assets For Windows
[2018.10.16-11.49.33:324][  0]LogXGEController: Cleaning working directory: C:/Users/w017177h/AppData/Local/Temp/UnrealXGEWorkingDir/
[2018.10.16-11.49.33:324][  0]LogXGEController: Cannot use XGE Controller as Incredibuild is not installed on this machine.
[2018.10.16-11.49.33:325][  0]LogShaderCompilers: Cannot use XGE Shader Compiler as Incredibuild is not installed on this machine.
[2018.10.16-11.49.33:325][  0]LogShaderCompilers: Display: Using Local Shader Compiler.
[2018.10.16-11.49.34:484][  0]LogDerivedDataCache: Display: Max Cache Size: 512 MB
[2018.10.16-11.49.34:584][  0]LogDerivedDataCache: Loaded boot cache 0.10s 71MB C:/Users/w017177h/AppData/Local/UnrealEngine/4.20/DerivedDataCache/Boot.ddc.
[2018.10.16-11.49.34:585][  0]LogDerivedDataCache: Display: Loaded Boot cache: C:/Users/w017177h/AppData/Local/UnrealEngine/4.20/DerivedDataCache/Boot.ddc
[2018.10.16-11.49.34:585][  0]LogDerivedDataCache: FDerivedDataBackendGraph:  Pak pak cache file ../../../../../../Users/w017177h/Documents/GitHub/SpideyCPP/SideyCPP/DerivedDataCache/DDC.ddp not found, will not use a pak cache.
[2018.10.16-11.49.34:586][  0]LogDerivedDataCache: Unable to find inner node Pak for hierarchical cache Hierarchy.
[2018.10.16-11.49.34:586][  0]LogDerivedDataCache: FDerivedDataBackendGraph:  CompressedPak pak cache file ../../../../../../Users/w017177h/Documents/GitHub/SpideyCPP/SideyCPP/DerivedDataCache/Compressed.ddp not found, will not use a pak cache.
[2018.10.16-11.49.34:586][  0]LogDerivedDataCache: Unable to find inner node CompressedPak for hierarchical cache Hierarchy.
[2018.10.16-11.49.34:600][  0]LogDerivedDataCache: Display: Pak cache opened for reading ../../../Engine/DerivedDataCache/Compressed.ddp.
[2018.10.16-11.49.34:614][  0]LogDerivedDataCache: Using Local data cache path C:/Users/w017177h/AppData/Local/UnrealEngine/Common/DerivedDataCache: Writable
[2018.10.16-11.49.34:614][  0]LogDerivedDataCache: Shared data cache path not found in *engine.ini, will not use an Shared cache.
[2018.10.16-11.49.34:614][  0]LogDerivedDataCache: Unable to find inner node Shared for hierarchical cache Hierarchy.
[2018.10.16-11.49.34:638][  0]LogMaterial: Verifying Global Shaders for PCD3D_SM5
[2018.10.16-11.49.34:639][  0]LogSlate: Using FreeType 2.6.0
[2018.10.16-11.49.34:640][  0]LogSlate: SlateFontServices - WITH_FREETYPE: 1, WITH_HARFBUZZ: 1
[2018.10.16-11.49.34:738][  0]LogAssetRegistry: FAssetRegistry took 0.0297 seconds to start up
[2018.10.16-11.49.35:182][  0]LogInit: Selected Device Profile: [Windows]
[2018.10.16-11.49.35:380][  0]LogSimplygon: Simplygon DLL not present - disabling.
[2018.10.16-11.49.35:392][  0]LogMeshReduction: Using SimplygonSwarm for distributed automatic mesh merging
[2018.10.16-11.49.35:392][  0]LogMeshReduction: Using ProxyLODMeshReduction for automatic mesh merging
[2018.10.16-11.49.35:392][  0]LogMeshReduction: Using QuadricMeshReduction for automatic static mesh reduction
[2018.10.16-11.49.35:392][  0]LogMeshReduction: No automatic skeletal mesh reduction module available
[2018.10.16-11.49.35:418][  0]LogNetVersion: SideyCPP 1.0.0, NetCL: 4212847, EngineNetVer: 5, GameNetVer: 0 (Checksum: 583984258)
[2018.10.16-11.49.36:104][  0]LogPackageLocalizationCache: Processed 11 localized package path(s) for 2 prioritized culture(s) in 0.156135 seconds
[2018.10.16-11.49.36:112][  0]LogUObjectArray: 38425 objects as part of root set at end of initial load.
[2018.10.16-11.49.36:112][  0]LogUObjectAllocator: 6690872 out of 0 bytes used by permanent object pool.
[2018.10.16-11.49.36:112][  0]LogUObjectArray: CloseDisregardForGC: 0/0 objects in disregard for GC pool
[2018.10.16-11.49.37:407][  0]LogTcpMessaging: Initializing TcpMessaging bridge
[2018.10.16-11.49.37:426][  0]LogUdpMessaging: Initializing bridge on interface 0.0.0.0:0 to multicast group 230.0.0.1:6666.
[2018.10.16-11.49.37:689][  0]SourceControl: Source control is disabled
[2018.10.16-11.49.37:689][  0]SourceControl: Source control is disabled
[2018.10.16-11.49.37:693][  0]SourceControl: Source control is disabled
[2018.10.16-11.49.37:697][  0]SourceControl: Source control is disabled
[2018.10.16-11.49.37:995][  0]LogAndroidPermission: UAndroidPermissionCallbackProxy::GetInstance
[2018.10.16-11.49.38:109][  0]LogOcInput: OculusInput pre-init called
[2018.10.16-11.49.38:191][  0]LogEngine: Initializing Engine...
[2018.10.16-11.49.38:192][  0]LogHMD: Failed to initialize OpenVR with code 110
[2018.10.16-11.49.38:194][  0]LogStats: UGameplayTagsManager::ConstructGameplayTagTree: ImportINI prefixes -  0.000 s
[2018.10.16-11.49.38:194][  0]LogStats: UGameplayTagsManager::ConstructGameplayTagTree: Construct from data asset -  0.000 s
[2018.10.16-11.49.38:194][  0]LogStats: UGameplayTagsManager::ConstructGameplayTagTree: ImportINI -  0.000 s
[2018.10.16-11.49.38:194][  0]LogStats: UGameplayTagsManager::ConstructGameplayTagTree: GameplayTagTreeChangedEvent.Broadcast -  0.000 s
[2018.10.16-11.49.38:449][  0]LogInit: Initializing FReadOnlyCVARCache
[2018.10.16-11.49.38:476][  0]LogAIModule: Creating AISystem for world Untitled
[2018.10.16-11.49.38:494][  0]LogInit: XAudio2 using 'Speakers (Realtek High Definition Audio)' : 2 channels at 48 kHz using 32 bits per sample (channel mask 0x3)
[2018.10.16-11.49.38:554][  0]LogInit: FAudioDevice initialized.
[2018.10.16-11.49.38:554][  0]LogNetVersion: Set ProjectVersion to 1.0.0.0. Version Checksum will be recalculated on next use.
[2018.10.16-11.49.39:000][  0]LogDerivedDataCache: Saved boot cache 0.45s 71MB C:/Users/w017177h/AppData/Local/UnrealEngine/4.20/DerivedDataCache/Boot.ddc.
[2018.10.16-11.49.39:019][  0]LogInit: Texture streaming: Enabled
[2018.10.16-11.49.39:064][  0]LogEngineSessionManager: EngineSessionManager initialized
[2018.10.16-11.49.39:064][  0]LogEngineSessionManager: EngineSessionManager sent abnormal shutdown report. Type=Debugger, SessionId={46672C88-4F93-CA34-9265-51B593858BC4}
[2018.10.16-11.49.39:064][  0]LogEngineSessionManager: EngineSessionManager sent abnormal shutdown report. Type=Debugger, SessionId={F556332F-4F56-0284-141A-209D9D23DDF2}
[2018.10.16-11.49.39:087][  0]LogInit: Transaction tracking system initialized
[2018.10.16-11.49.39:150][  0]BlueprintLog: New page: Editor Load
[2018.10.16-11.49.39:359][  0]LocalizationService: Localization service is disabled
[2018.10.16-11.49.39:777][  0]LogCook: Display: Max memory allowance for cook 16384mb min free memory 0mb
[2018.10.16-11.49.39:777][  0]LogCook: Display: Mobile HDR setting 1
[2018.10.16-11.49.39:778][  0]LogGameplayTags: Display: UGameplayTagsManager::DoneAddingNativeTags. DelegateIsBound: 0
[2018.10.16-11.49.39:778][  0]LogStats: UGameplayTagsManager::ConstructGameplayTagTree: ImportINI prefixes -  0.000 s
[2018.10.16-11.49.39:778][  0]LogStats: UGameplayTagsManager::ConstructGameplayTagTree: Construct from data asset -  0.000 s
[2018.10.16-11.49.39:778][  0]LogStats: UGameplayTagsManager::ConstructGameplayTagTree: ImportINI -  0.000 s
[2018.10.16-11.49.39:778][  0]LogStats: UGameplayTagsManager::ConstructGameplayTagTree: GameplayTagTreeChangedEvent.Broadcast -  0.000 s
[2018.10.16-11.49.40:094][  0]LogFileCache: Scanning file cache for directory 'C:/Users/w017177h/Documents/GitHub/SpideyCPP/SideyCPP/Content/' took 0.02s
[2018.10.16-11.49.40:094][  0]SourceControl: Source control is disabled
[2018.10.16-11.49.40:094][  0]Cmd: MAP LOAD FILE="../../../../../../Users/w017177h/Documents/GitHub/SpideyCPP/SideyCPP/Content/StarterContent/Maps/Minimal_Default.umap" TEMPLATE=0 SHOWPROGRESS=1 FEATURELEVEL=3
[2018.10.16-11.49.40:095][  0]LightingResults: New page: Lighting Build
[2018.10.16-11.49.40:101][  0]MapCheck: New page: Map Check
[2018.10.16-11.49.40:101][  0]LightingResults: New page: Lighting Build
[2018.10.16-11.49.40:524][  0]LogAIModule: Creating AISystem for world Minimal_Default
[2018.10.16-11.49.40:533][  0]LogEditorServer: Finished looking for orphan Actors (0.000 secs)
[2018.10.16-11.49.40:558][  0]Cmd: MAP CHECKDEP NOCLEARLOG
[2018.10.16-11.49.40:789][  0]MapCheck: Map check complete: 0 Error(s), 0 Warning(s), took 231.552ms to complete.
[2018.10.16-11.49.40:790][  0]LogFileHelpers: Loading map 'Minimal_Default' took 0.695
[2018.10.16-11.49.40:905][  0]LogSlate: Updating window title bar state: overlay mode, drag disabled, window buttons hidden, title bar hidden
[2018.10.16-11.49.40:914][  0]LogSlate: Updating window title bar state: overlay mode, drag disabled, window buttons hidden, title bar hidden
[2018.10.16-11.49.40:923][  0]LogSlate: Updating window title bar state: overlay mode, drag disabled, window buttons hidden, title bar hidden
[2018.10.16-11.49.40:932][  0]LogSlate: Updating window title bar state: overlay mode, drag disabled, window buttons hidden, title bar hidden
[2018.10.16-11.49.40:947][  0]LogCollectionManager: Loaded 0 collections in 0.004510 seconds
[2018.10.16-11.49.41:002][  0]LogFileCache: Scanning file cache for directory 'C:/Users/w017177h/Documents/GitHub/SpideyCPP/SideyCPP/Saved/Collections/' took 0.01s
[2018.10.16-11.49.41:002][  0]LogFileCache: Scanning file cache for directory 'C:/Users/w017177h/Documents/GitHub/SpideyCPP/SideyCPP/Content/Developers/w017177h/Collections/' took 0.01s
[2018.10.16-11.49.41:002][  0]LogFileCache: Scanning file cache for directory 'C:/Users/w017177h/Documents/GitHub/SpideyCPP/SideyCPP/Content/Collections/' took 0.01s
[2018.10.16-11.49.41:002][  0]LogCollectionManager: Rebuilt the GUID cache for 0 collections in 0.000000 seconds
[2018.10.16-11.49.41:014][  0]LogContentBrowser: Native class hierarchy populated in 0.0113 seconds. Added 2575 classes and 605 folders.
[2018.10.16-11.49.41:026][  0]LogContentBrowser: Native class hierarchy updated for 'WidgetCarousel' in 0.0005 seconds. Added 0 classes and 0 folders.
[2018.10.16-11.49.41:128][  0]LogContentBrowser: Native class hierarchy updated for 'AddContentDialog' in 0.0005 seconds. Added 0 classes and 0 folders.
[2018.10.16-11.49.41:139][  0]LogContentBrowser: Native class hierarchy updated for 'SceneOutliner' in 0.0006 seconds. Added 1 classes and 2 folders.
[2018.10.16-11.49.41:156][  0]LogSlate: Took 0.000696 seconds to synchronously load lazily loaded font '../../../Engine/Content/Slate/Fonts/Roboto-Regular.ttf' (155K)
[2018.10.16-11.49.41:161][  0]LogSlate: Took 0.000277 seconds to synchronously load lazily loaded font '../../../Engine/Content/Slate/Fonts/Roboto-Bold.ttf' (160K)
[2018.10.16-11.49.41:167][  0]LogSlate: Took 0.000338 seconds to synchronously load lazily loaded font '../../../Engine/Content/Editor/Slate/Fonts/FontAwesome.ttf' (139K)
[2018.10.16-11.49.41:260][  0]LogRenderer: Reallocating scene render targets to support 1208x576 Format 10 NumSamples 1 (Frame:1).
[2018.10.16-11.49.41:409][  0]LogContentBrowser: Native class hierarchy updated for 'HierarchicalLODOutliner' in 0.0006 seconds. Added 0 classes and 0 folders.
[2018.10.16-11.49.41:409][  0]LogLoad: (Engine Initialization) Total time: 14.03 seconds
[2018.10.16-11.49.41:409][  0]LogLoad: (Engine Initialization) Total Blueprint compile time: 0.00 seconds
[2018.10.16-11.49.41:445][  0]LogContentStreaming: Texture pool size now 1000 MB
[2018.10.16-11.49.41:465][  0]LogSlate: Took 0.000239 seconds to synchronously load lazily loaded font '../../../Engine/Content/Slate/Fonts/Roboto-Light.ttf' (167K)
[2018.10.16-11.49.41:484][  1]LogAssetRegistry: Asset discovery search completed in 6.7706 seconds
[2018.10.16-11.49.41:486][  1]LogCollectionManager: Rebuilt the object cache for 0 collections in 0.000000 seconds (found 0 objects)
[2018.10.16-11.49.41:486][  1]LogCollectionManager: Fixed up redirectors for 0 collections in 0.000119 seconds (updated 0 objects)
[2018.10.16-11.50.08:878][168]LogSlate: FSceneViewport::OnFocusLost() reason 0
[2018.10.16-11.50.08:928][174]LogTemp: Repeating last play command: Selected Viewport
[2018.10.16-11.50.08:947][174]LogBlueprintUserMessages: Early PlayInEditor Detection: Level '/Game/StarterContent/Maps/Minimal_Default.Minimal_Default:PersistentLevel' has LevelScriptBlueprint '/Game/StarterContent/Maps/Minimal_Default.Minimal_Default:PersistentLevel.Minimal_Default' with GeneratedClass '/Game/StarterContent/Maps/Minimal_Default.Minimal_Default_C' with ClassGeneratedBy '/Game/StarterContent/Maps/Minimal_Default.Minimal_Default:PersistentLevel.Minimal_Default'
[2018.10.16-11.50.08:947][174]LogPlayLevel: PlayLevel: No blueprints needed recompiling
[2018.10.16-11.50.08:961][174]PIE: New page: PIE session: Minimal_Default (16 Oct 2018 13:50:08)
[2018.10.16-11.50.08:962][174]LogPlayLevel: Creating play world package: /Game/StarterContent/Maps/UEDPIE_0_Minimal_Default
[2018.10.16-11.50.08:966][174]LogPlayLevel: PIE: StaticDuplicateObject took: (0.004235s)
[2018.10.16-11.50.08:967][174]LogAIModule: Creating AISystem for world Minimal_Default
[2018.10.16-11.50.08:967][174]LogPlayLevel: PIE: World Init took: (0.000855s)
[2018.10.16-11.50.08:967][174]LogPlayLevel: PIE: Created PIE world by copying editor world from /Game/StarterContent/Maps/Minimal_Default.Minimal_Default to /Game/StarterContent/Maps/UEDPIE_0_Minimal_Default.Minimal_Default (0.005446s)
[2018.10.16-11.50.08:995][174]LogInit: XAudio2 using 'Speakers (Realtek High Definition Audio)' : 2 channels at 48 kHz using 32 bits per sample (channel mask 0x3)
[2018.10.16-11.50.09:012][174]LogInit: FAudioDevice initialized.
[2018.10.16-11.50.09:210][174]LogLoad: Game class is 'MySideyCPPGameModeBase_C'
[2018.10.16-11.50.09:213][174]LogWorld: Bringing World /Game/StarterContent/Maps/UEDPIE_0_Minimal_Default.Minimal_Default up for play (max tick rate 0) at 2018.10.16-12.50.09
[2018.10.16-11.50.09:213][174]LogWorld: Bringing up level for play took: 0.001238
[2018.10.16-11.50.09:237][174]LogContentBrowser: Native class hierarchy updated for 'MovieSceneCapture' in 0.0006 seconds. Added 10 classes and 0 folders.
[2018.10.16-11.50.09:241][174]PIE: Play in editor start time for /Game/StarterContent/Maps/UEDPIE_0_Minimal_Default 0.091
[2018.10.16-11.50.09:242][174]LogBlueprintUserMessages: Late PlayInEditor Detection: Level '/Game/StarterContent/Maps/Minimal_Default.Minimal_Default:PersistentLevel' has LevelScriptBlueprint '/Game/StarterContent/Maps/Minimal_Default.Minimal_Default:PersistentLevel.Minimal_Default' with GeneratedClass '/Game/StarterContent/Maps/Minimal_Default.Minimal_Default_C' with ClassGeneratedBy '/Game/StarterContent/Maps/Minimal_Default.Minimal_Default:PersistentLevel.Minimal_Default'
[2018.10.16-11.50.12:910][608]LogBlueprintUserMessages: [Player_C_0] Hello
[2018.10.16-11.50.12:910][608]LogBlueprintUserMessages: [Player_C_0] X=440.000 Y=380.000 Z=290.000
[2018.10.16-11.50.15:646][936]LogBlueprintUserMessages: Early EndPlayMap Detection: Level '/Game/StarterContent/Maps/Minimal_Default.Minimal_Default:PersistentLevel' has LevelScriptBlueprint '/Game/StarterContent/Maps/Minimal_Default.Minimal_Default:PersistentLevel.Minimal_Default' with GeneratedClass '/Game/StarterContent/Maps/Minimal_Default.Minimal_Default_C' with ClassGeneratedBy '/Game/StarterContent/Maps/Minimal_Default.Minimal_Default:PersistentLevel.Minimal_Default'
[2018.10.16-11.50.15:646][936]LogSlate: Updating window title bar state: overlay mode, drag disabled, window buttons hidden, title bar hidden
[2018.10.16-11.50.15:685][936]LogPlayLevel: Display: Shutting down PIE online subsystems
[2018.10.16-11.50.15:685][936]LogBlueprintUserMessages: Late EndPlayMap Detection: Level '/Game/StarterContent/Maps/Minimal_Default.Minimal_Default:PersistentLevel' has LevelScriptBlueprint '/Game/StarterContent/Maps/Minimal_Default.Minimal_Default:PersistentLevel.Minimal_Default' with GeneratedClass '/Game/StarterContent/Maps/Minimal_Default.Minimal_Default_C' with ClassGeneratedBy '/Game/StarterContent/Maps/Minimal_Default.Minimal_Default:PersistentLevel.Minimal_Default'
[2018.10.16-11.50.15:712][936]LogSlate: Updating window title bar state: overlay mode, drag disabled, window buttons hidden, title bar hidden
[2018.10.16-11.50.15:750][940]LogPlayLevel: Display: Destroying online subsystem :Context_1
[2018.10.16-11.50.22:388][ 94]LogSlate: FSceneViewport::OnFocusLost() reason 0
[2018.10.16-11.50.24:502][335]Candidate modules for hot reload:
[2018.10.16-11.50.24:502][335]  SideyCPP
[2018.10.16-11.50.24:502][335]Launching UnrealBuildTool... [C:/Epic/UE4/UE_4.20/Engine/Binaries/DotNET/UnrealBuildTool.exe  -ModuleWithSuffix=SideyCPP,1763 Win64 Development -TargetType=Editor -Project="../../../../../../Users/w017177h/Documents/GitHub/SpideyCPP/SideyCPP/SideyCPP.uproject" -canskiplink "C:/Users/w017177h/Documents/GitHub/SpideyCPP/SideyCPP/SideyCPP.uproject" ]
[2018.10.16-11.50.24:512][335]Warning: Starting HotReload took  0.1s.
[2018.10.16-11.50.29:643][920]LogSlate: Took 0.000243 seconds to synchronously load lazily loaded font '../../../Engine/Content/Slate/Fonts/Roboto-Light.ttf' (167K)
[2018.10.16-11.50.29:650][920]LogAssetEditorManager: Opening Asset editor for Blueprint /Game/Blueprints/Player.Player
[2018.10.16-11.50.30:591][920]LogContentBrowser: Native class hierarchy updated for 'BlueprintGraph' in 0.0010 seconds. Added 116 classes and 0 folders.
[2018.10.16-11.50.32:118][920]LogSlate: Took 0.015261 seconds to synchronously load lazily loaded font '../../../Engine/Content/Slate/Fonts/Roboto-BoldCondensed.ttf' (158K)
[2018.10.16-11.50.32:518][921]LogSlate: Took 0.018040 seconds to synchronously load lazily loaded font '../../../Engine/Content/Slate/Fonts/Roboto-Italic.ttf' (157K)
[2018.10.16-11.50.44:985][305]Cmd: OBJ SAVEPACKAGE PACKAGE="/Game/Blueprints/Player" FILE="../../../../../../Users/w017177h/Documents/GitHub/SpideyCPP/SideyCPP/Content/Blueprints/Player.uasset" SILENT=true
[2018.10.16-11.50.45:119][305]LogSavePackage: Moving '../../../../../../Users/w017177h/Documents/GitHub/SpideyCPP/SideyCPP/Saved/Player034ACCF3457949AF013EBFAD75ED966B.tmp' to '../../../../../../Users/w017177h/Documents/GitHub/SpideyCPP/SideyCPP/Content/Blueprints/Player.uasset'
[2018.10.16-11.50.45:930][399]BlueprintLog: New page: Compile Player
[2018.10.16-11.50.49:854][837]CompilerResultsLog: New page: Compilation - 16 Oct 2018 13:50:49
[2018.10.16-11.50.49:854][837]CompilerResultsLog: Performing full C++ include scan (hot reloading a new target)
[2018.10.16-11.50.49:854][837]CompilerResultsLog: Using 'git status' to determine working set for adaptive non-unity build.
[2018.10.16-11.50.49:854][837]CompilerResultsLog: Creating makefile for hot reloading SideyCPPEditor (.uproject file is newer)
[2018.10.16-11.50.49:854][837]CompilerResultsLog: Compiling game modules for hot reload
[2018.10.16-11.50.49:854][837]CompilerResultsLog: Using Visual Studio 2017 14.14.26428 toolchain (C:\Program Files (x86)\Microsoft Visual Studio\2017\Professional\VC\Tools\MSVC\14.14.26428) and Windows 10.0.17134.0 SDK (C:\Program Files (x86)\Windows Kits\10).
[2018.10.16-11.50.49:854][837]LogMainFrame: MainFrame: Module compiling took 25.361 seconds
[2018.10.16-11.50.49:855][837]Warning: HotReload failed, recompile failed
[2018.10.16-11.50.51:281][975]LogSlate: Window 'SideyCPP - Unreal Editor' being destroyed
[2018.10.16-11.50.51:282][975]LogWindowsTextInputMethodSystem: Display: IME system now deactivated.
[2018.10.16-11.50.51:511][976]Cmd: QUIT_EDITOR
[2018.10.16-11.50.51:989][976]LogExit: Preparing to exit.
[2018.10.16-11.50.53:067][976]LogExit: Editor shut down
[2018.10.16-11.50.53:067][976]LogExit: Transaction tracking system shut down
[2018.10.16-11.50.53:380][976]LogExit: Object subsystem successfully closed.
[2018.10.16-11.50.53:403][976]LogShaderCompilers: Display: Shaders left to compile 0
[2018.10.16-11.50.53:407][976]LogD3D11RHI: Shutdown
[2018.10.16-11.50.53:407][976]LogD3D11RHI: CleanupD3DDevice
[2018.10.16-11.50.53:424][976]LogD3D11RHI: ~FD3D11DynamicRHI
[2018.10.16-11.50.53:556][976]LogModuleManager: Shutting down and abandoning module BlueprintGraph (618)
[2018.10.16-11.50.53:556][976]LogModuleManager: Shutting down and abandoning module MovieSceneCapture (616)
[2018.10.16-11.50.53:556][976]LogModuleManager: Shutting down and abandoning module Voice (614)
[2018.10.16-11.50.53:557][976]LogModuleManager: Shutting down and abandoning module HierarchicalLODOutliner (612)
[2018.10.16-11.50.53:557][976]LogModuleManager: Shutting down and abandoning module SceneOutliner (610)
[2018.10.16-11.50.53:557][976]LogModuleManager: Shutting down and abandoning module AddContentDialog (608)
[2018.10.16-11.50.53:560][976]LogModuleManager: Shutting down and abandoning module WidgetCarousel (607)
[2018.10.16-11.50.53:560][976]LogModuleManager: Shutting down and abandoning module EditorWidgets (604)
[2018.10.16-11.50.53:560][976]LogModuleManager: Shutting down and abandoning module CollectionManager (602)
[2018.10.16-11.50.53:561][976]LogModuleManager: Shutting down and abandoning module StatsViewer (600)
[2018.10.16-11.50.53:573][976]LogModuleManager: Shutting down and abandoning module FoliageEdit (598)
[2018.10.16-11.50.53:573][976]LogModuleManager: Shutting down and abandoning module LandscapeEditor (596)
[2018.10.16-11.50.53:586][976]LogModuleManager: Shutting down and abandoning module MeshPaintMode (594)
[2018.10.16-11.50.53:586][976]LogModuleManager: Shutting down and abandoning module SceneDepthPickerMode (592)
[2018.10.16-11.50.53:586][976]LogModuleManager: Shutting down and abandoning module ActorPickerMode (590)
[2018.10.16-11.50.53:586][976]LogModuleManager: Shutting down and abandoning module GeometryMode (588)
[2018.10.16-11.50.53:586][976]LogModuleManager: Shutting down and abandoning module TextureAlignMode (586)
[2018.10.16-11.50.53:586][976]LogModuleManager: Shutting down and abandoning module BspMode (584)
[2018.10.16-11.50.53:587][976]LogModuleManager: Shutting down and abandoning module PIEPreviewDeviceProfileSelector (582)
[2018.10.16-11.50.53:587][976]LogModuleManager: Shutting down and abandoning module SequenceRecorderSections (580)
[2018.10.16-11.50.53:587][976]LogModuleManager: Shutting down and abandoning module AutomationWorker (578)
[2018.10.16-11.50.53:588][976]LogModuleManager: Shutting down and abandoning module AudioCaptureEditor (576)
[2018.10.16-11.50.53:588][976]LogModuleManager: Shutting down and abandoning module SequenceRecorder (575)
[2018.10.16-11.50.53:588][976]LogModuleManager: Shutting down and abandoning module MatineeToLevelSequence (572)
[2018.10.16-11.50.53:589][976]LogModuleManager: Shutting down and abandoning module LevelSequenceEditor (570)
[2018.10.16-11.50.53:592][976]LogModuleManager: Shutting down and abandoning module PlacementMode (569)
[2018.10.16-11.50.53:592][976]LogModuleManager: Shutting down and abandoning module MaterialEditor (568)
[2018.10.16-11.50.53:619][976]LogModuleManager: Shutting down and abandoning module WmfMediaFactory (564)
[2018.10.16-11.50.53:619][976]LogModuleManager: Shutting down and abandoning module WmfMediaEditor (562)
[2018.10.16-11.50.53:619][976]LogModuleManager: Shutting down and abandoning module MediaPlayerEditor (560)
[2018.10.16-11.50.53:621][976]LogModuleManager: Shutting down and abandoning module OpenExrWrapper (558)
[2018.10.16-11.50.53:621][976]LogModuleManager: Shutting down and abandoning module ImgMediaFactory (556)
[2018.10.16-11.50.53:621][976]LogModuleManager: Shutting down and abandoning module ImgMediaEditor (554)
[2018.10.16-11.50.53:621][976]LogModuleManager: Shutting down and abandoning module AvfMediaFactory (552)
[2018.10.16-11.50.53:621][976]LogModuleManager: Shutting down and abandoning module AvfMediaEditor (550)
[2018.10.16-11.50.53:621][976]LogModuleManager: Shutting down and abandoning module AndroidMediaFactory (548)
[2018.10.16-11.50.53:621][976]LogModuleManager: Shutting down and abandoning module AndroidMediaEditor (546)
[2018.10.16-11.50.53:621][976]LogModuleManager: Shutting down and abandoning module MagicLeapCameraPreviewFactory (544)
[2018.10.16-11.50.53:621][976]LogModuleManager: Shutting down and abandoning module MagicLeapMediaFactory (542)
[2018.10.16-11.50.53:621][976]LogModuleManager: Shutting down and abandoning module MagicLeapMediaEditor (540)
[2018.10.16-11.50.53:621][976]LogModuleManager: Shutting down and abandoning module CharacterAI (538)
[2018.10.16-11.50.53:621][976]LogModuleManager: Shutting down and abandoning module SmartSnapping (536)
[2018.10.16-11.50.53:622][976]LogModuleManager: Shutting down and abandoning module SessionServices (534)
[2018.10.16-11.50.53:622][976]LogModuleManager: Shutting down and abandoning module ViewportSnapping (532)
[2018.10.16-11.50.53:622][976]LogModuleManager: Shutting down and abandoning module ViewportInteraction (530)
[2018.10.16-11.50.53:622][976]LogModuleManager: Shutting down and abandoning module ClothPainter (528)
[2018.10.16-11.50.53:623][976]LogModuleManager: Shutting down and abandoning module SkeletalMeshEditor (527)
[2018.10.16-11.50.53:626][976]LogModuleManager: Shutting down and abandoning module LogVisualizer (524)
[2018.10.16-11.50.53:628][976]LogModuleManager: Shutting down and abandoning module IntroTutorials (522)
[2018.10.16-11.50.53:629][976]LogModuleManager: Shutting down and abandoning module GameProjectGeneration (521)
[2018.10.16-11.50.53:638][976]LogModuleManager: Shutting down and abandoning module LuminPlatformEditor (518)
[2018.10.16-11.50.53:638][976]LogModuleManager: Shutting down and abandoning module IOSPlatformEditor (516)
[2018.10.16-11.50.53:639][976]LogModuleManager: Shutting down and abandoning module HTML5PlatformEditor (514)
[2018.10.16-11.50.53:639][976]LogModuleManager: Shutting down and abandoning module AndroidPlatformEditor (512)
[2018.10.16-11.50.53:639][976]LogModuleManager: Shutting down and abandoning module AndroidDeviceDetection (511)
[2018.10.16-11.50.53:721][976]LogModuleManager: Shutting down and abandoning module WindowsPlatformEditor (508)
[2018.10.16-11.50.53:721][976]LogModuleManager: Shutting down and abandoning module LuminRuntimeSettings (506)
[2018.10.16-11.50.53:721][976]LogModuleManager: Shutting down and abandoning module IOSRuntimeSettings (504)
[2018.10.16-11.50.53:721][976]LogModuleManager: Shutting down and abandoning module AndroidRuntimeSettings (502)
[2018.10.16-11.50.53:721][976]LogModuleManager: Shutting down and abandoning module InputBindingEditor (500)
[2018.10.16-11.50.53:723][976]LogModuleManager: Shutting down and abandoning module MergeActors (498)
[2018.10.16-11.50.53:725][976]LogModuleManager: Shutting down and abandoning module LocalizationDashboard (496)
[2018.10.16-11.50.53:726][976]LogModuleManager: Shutting down and abandoning module LocalizationService (495)
[2018.10.16-11.50.53:727][976]LogModuleManager: Shutting down and abandoning module HardwareTargeting (492)
[2018.10.16-11.50.53:727][976]LogModuleManager: Shutting down and abandoning module DeviceProfileEditor (490)
[2018.10.16-11.50.53:727][976]LogModuleManager: Shutting down and abandoning module UndoHistory (488)
[2018.10.16-11.50.53:728][976]LogModuleManager: Shutting down and abandoning module XmlParser (486)
[2018.10.16-11.50.53:728][976]LogModuleManager: Shutting down and abandoning module Blutility (484)
[2018.10.16-11.50.53:729][976]LogModuleManager: Shutting down and abandoning module ProjectSettingsViewer (482)
[2018.10.16-11.50.53:729][976]LogModuleManager: Shutting down and abandoning module ProjectTargetPlatformEditor (481)
[2018.10.16-11.50.53:730][976]LogModuleManager: Shutting down and abandoning module EditorSettingsViewer (478)
[2018.10.16-11.50.53:730][976]LogModuleManager: Shutting down and abandoning module SettingsEditor (476)
[2018.10.16-11.50.53:732][976]LogModuleManager: Shutting down and abandoning module ProjectLauncher (474)
[2018.10.16-11.50.53:733][976]LogModuleManager: Shutting down and abandoning module SessionFrontend (472)
[2018.10.16-11.50.53:734][976]LogModuleManager: Shutting down and abandoning module ProfilerClient (470)
[2018.10.16-11.50.53:734][976]LogModuleManager: Shutting down and abandoning module DeviceManager (468)
[2018.10.16-11.50.53:735][976]LogModuleManager: Shutting down and abandoning module TargetDeviceServices (467)
[2018.10.16-11.50.53:819][976]LogModuleManager: Shutting down and abandoning module AutomationController (464)
[2018.10.16-11.50.53:820][976]LogModuleManager: Shutting down and abandoning module AutomationWindow (462)
[2018.10.16-11.50.53:821][976]LogModuleManager: Shutting down and abandoning module Layers (460)
[2018.10.16-11.50.53:823][976]LogModuleManager: Shutting down and abandoning module ComponentVisualizers (458)
[2018.10.16-11.50.53:823][976]LogModuleManager: Shutting down and abandoning module DetailCustomizations (456)
[2018.10.16-11.50.53:824][976]LogModuleManager: Shutting down and abandoning module PackagesDialog (454)
[2018.10.16-11.50.53:824][976]LogModuleManager: Shutting down and abandoning module Persona (452)
[2018.10.16-11.50.53:826][976]LogModuleManager: Shutting down and abandoning module AdvancedPreviewScene (451)
[2018.10.16-11.50.53:840][976]LogModuleManager: Shutting down and abandoning module AnimGraph (449)
[2018.10.16-11.50.53:840][976]LogModuleManager: Shutting down and abandoning module Kismet (446)
[2018.10.16-11.50.53:859][976]LogModuleManager: Shutting down and abandoning module GraphEditor (444)
[2018.10.16-11.50.53:859][976]LogModuleManager: Shutting down and abandoning module ClassViewer (442)
[2018.10.16-11.50.53:859][976]LogModuleManager: Shutting down and abandoning module Toolbox (440)
[2018.10.16-11.50.53:859][976]LogModuleManager: Shutting down and abandoning module DesktopPlatform (439)
[2018.10.16-11.50.53:860][976]LogModuleManager: Shutting down and abandoning module ModuleUI (436)
[2018.10.16-11.50.53:860][976]LogModuleManager: Shutting down and abandoning module MovieSceneTools (434)
[2018.10.16-11.50.53:861][976]LogModuleManager: Shutting down and abandoning module OutputLog (432)
[2018.10.16-11.50.53:861][976]LogModuleManager: Shutting down and abandoning module GammaUI (430)
[2018.10.16-11.50.53:861][976]LogModuleManager: Shutting down and abandoning module Documentation (428)
[2018.10.16-11.50.53:862][976]LogModuleManager: Shutting down and abandoning module MovieSceneTracks (426)
[2018.10.16-11.50.53:871][976]LogModuleManager: Shutting down and abandoning module MovieScene (424)
[2018.10.16-11.50.53:880][976]LogModuleManager: Shutting down and abandoning module StreamingPauseRendering (422)
[2018.10.16-11.50.53:880][976]LogModuleManager: Shutting down and abandoning module LauncherPlatform (420)
[2018.10.16-11.50.53:880][976]LogModuleManager: Shutting down and abandoning module AnalyticsET (418)
[2018.10.16-11.50.53:880][976]LogModuleManager: Shutting down and abandoning module PortalServices (416)
[2018.10.16-11.50.53:880][976]LogModuleManager: Shutting down and abandoning module PortalRpc (414)
[2018.10.16-11.50.53:880][976]LogModuleManager: Shutting down and abandoning module MessagingRpc (412)
[2018.10.16-11.50.53:881][976]LogModuleManager: Shutting down and abandoning module AIModule (410)
[2018.10.16-11.50.53:881][976]LogModuleManager: Shutting down and abandoning module GameplayDebugger (409)
[2018.10.16-11.50.53:882][976]LogModuleManager: Shutting down and abandoning module AITestSuite (407)
[2018.10.16-11.50.53:882][976]LogModuleManager: Shutting down and abandoning module NavigationSystem (405)
[2018.10.16-11.50.53:883][976]LogModuleManager: Shutting down and abandoning module ProfilerService (402)
[2018.10.16-11.50.53:887][976]LogModuleManager: Shutting down and abandoning module TaskGraph (400)
[2018.10.16-11.50.53:888][976]LogModuleManager: Shutting down and abandoning module SteamVRController (398)
[2018.10.16-11.50.53:889][976]LogModuleManager: Shutting down and abandoning module ProceduralMeshComponentEditor (396)
[2018.10.16-11.50.53:889][976]LogModuleManager: Shutting down and abandoning module ProceduralMeshComponent (394)
[2018.10.16-11.50.53:896][976]LogModuleManager: Shutting down and abandoning module OculusInput (392)
[2018.10.16-11.50.53:896][976]LogModuleManager: Shutting down and abandoning module MobilePatchingUtils (390)
[2018.10.16-11.50.53:896][976]LogModuleManager: Shutting down and abandoning module EditableMesh (388)
[2018.10.16-11.50.53:897][976]LogModuleManager: Shutting down and abandoning module CustomMeshComponent (386)
[2018.10.16-11.50.53:897][976]LogModuleManager: Shutting down and abandoning module CableComponent (384)
[2018.10.16-11.50.53:897][976]LogModuleManager: Shutting down and abandoning module AudioCapture (382)
[2018.10.16-11.50.53:898][976]LogModuleManager: Shutting down and abandoning module ArchVisCharacter (380)
[2018.10.16-11.50.53:898][976]LogModuleManager: Shutting down and abandoning module AndroidPermission (378)
[2018.10.16-11.50.53:898][976]LogModuleManager: Shutting down and abandoning module NUTUnrealEngine4 (376)
[2018.10.16-11.50.53:899][976]LogModuleManager: Shutting down and abandoning module NetcodeUnitTest (374)
[2018.10.16-11.50.53:902][976]LogModuleManager: Shutting down and abandoning module MediaCompositingEditor (372)
[2018.10.16-11.50.53:902][976]LogModuleManager: Shutting down and abandoning module MediaCompositing (370)
[2018.10.16-11.50.53:902][976]LogModuleManager: Shutting down and abandoning module LinearTimecode (368)
[2018.10.16-11.50.53:903][976]LogModuleManager: Shutting down and abandoning module ImgMedia (366)
[2018.10.16-11.50.53:913][976]LogModuleManager: Shutting down and abandoning module HTML5Networking (364)
[2018.10.16-11.50.53:913][976]LogModuleManager: Shutting down and abandoning module GeometryCacheTracks (362)
[2018.10.16-11.50.53:913][976]LogModuleManager: Shutting down and abandoning module GeometryCacheSequencer (360)
[2018.10.16-11.50.53:913][976]LogModuleManager: Shutting down and abandoning module BackChannel (358)
[2018.10.16-11.50.53:915][976]LogModuleManager: Shutting down and abandoning module AppleVision (356)
[2018.10.16-11.50.53:915][976]LogModuleManager: Shutting down and abandoning module AppleImageUtils (354)
[2018.10.16-11.50.53:915][976]LogModuleManager: Shutting down and abandoning module AlembicImporter (352)
[2018.10.16-11.50.53:915][976]LogModuleManager: Shutting down and abandoning module AlembicLibrary (351)
[2018.10.16-11.50.53:915][976]LogModuleManager: Shutting down and abandoning module GeometryCache (350)
[2018.10.16-11.50.53:915][976]LogModuleManager: Shutting down and abandoning module GeometryCacheEd (349)
[2018.10.16-11.50.53:915][976]LogModuleManager: Shutting down and abandoning module DatasmithContentEditor (344)
[2018.10.16-11.50.53:916][976]LogModuleManager: Shutting down and abandoning module DatasmithContent (342)
[2018.10.16-11.50.53:917][976]LogModuleManager: Shutting down and abandoning module SpeedTreeImporter (340)
[2018.10.16-11.50.53:917][976]LogModuleManager: Shutting down and abandoning module PluginBrowser (338)
[2018.10.16-11.50.53:920][976]LogModuleManager: Shutting down and abandoning module MobileLauncherProfileWizard (336)
[2018.10.16-11.50.53:921][976]LogModuleManager: Shutting down and abandoning module PolygonModeling (334)
[2018.10.16-11.50.53:921][976]LogModuleManager: Shutting down and abandoning module MeshEditor (332)
[2018.10.16-11.50.53:921][976]LogModuleManager: Shutting down and abandoning module CryptoKeysOpenSSL (330)
[2018.10.16-11.50.53:922][976]LogModuleManager: Shutting down and abandoning module CryptoKeys (328)
[2018.10.16-11.50.53:922][976]LogModuleManager: Shutting down and abandoning module VisualStudioSourceCodeAccess (326)
[2018.10.16-11.50.53:922][976]LogModuleManager: Shutting down and abandoning module VisualStudioCodeSourceCodeAccess (324)
[2018.10.16-11.50.53:922][976]LogModuleManager: Shutting down and abandoning module UObjectPlugin (322)
[2018.10.16-11.50.53:922][976]LogModuleManager: Shutting down and abandoning module SubversionSourceControl (320)
[2018.10.16-11.50.53:923][976]LogModuleManager: Shutting down and abandoning module PerforceSourceControl (318)
[2018.10.16-11.50.53:942][976]LogModuleManager: Shutting down and abandoning module GitSourceControl (316)
[2018.10.16-11.50.53:944][976]LogModuleManager: Shutting down and abandoning module SourceControl (315)
[2018.10.16-11.50.53:945][976]LogModuleManager: Shutting down and abandoning module CLionSourceCodeAccess (312)
[2018.10.16-11.50.53:945][976]LogModuleManager: Shutting down and abandoning module LightPropagationVolumeEditor (310)
[2018.10.16-11.50.53:945][976]LogModuleManager: Shutting down and abandoning module PaperTiledImporter (308)
[2018.10.16-11.50.53:945][976]LogModuleManager: Shutting down and abandoning module PaperSpriteSheetImporter (306)
[2018.10.16-11.50.53:945][976]LogModuleManager: Shutting down and abandoning module Paper2DEditor (304)
[2018.10.16-11.50.53:948][976]LogModuleManager: Shutting down and abandoning module MeshPaint (303)
[2018.10.16-11.50.53:948][976]LogModuleManager: Shutting down and abandoning module SideyCPP (300)
[2018.10.16-11.50.53:948][976]LogModuleManager: Shutting down and abandoning module RuntimePhysXCooking (298)
[2018.10.16-11.50.53:948][976]LogModuleManager: Shutting down and abandoning module PhysXVehiclesEditor (296)
[2018.10.16-11.50.53:949][976]LogModuleManager: Shutting down and abandoning module PhysXVehicles (294)
[2018.10.16-11.50.53:949][976]LogModuleManager: Shutting down and abandoning module OculusEditor (292)
[2018.10.16-11.50.53:949][976]LogModuleManager: Shutting down and abandoning module LocationServicesBPLibrary (290)
[2018.10.16-11.50.53:949][976]LogModuleManager: Shutting down and abandoning module ImmediatePhysicsEditor (288)
[2018.10.16-11.50.53:949][976]LogModuleManager: Shutting down and abandoning module ImmediatePhysics (286)
[2018.10.16-11.50.53:949][976]LogModuleManager: Shutting down and abandoning module ActorSequence (284)
[2018.10.16-11.50.53:949][976]LogModuleManager: Shutting down and abandoning module UdpMessaging (282)
[2018.10.16-11.50.54:052][976]LogModuleManager: Shutting down and abandoning module TcpMessaging (280)
[2018.10.16-11.50.54:153][976]LogModuleManager: Shutting down and abandoning module MagicLeapAudio (278)
[2018.10.16-11.50.54:153][976]LogModuleManager: Shutting down and abandoning module GameplayTagsEditor (276)
[2018.10.16-11.50.54:153][976]LogModuleManager: Shutting down and abandoning module FacialAnimationEditor (274)
[2018.10.16-11.50.54:153][976]LogModuleManager: Shutting down and abandoning module FacialAnimation (272)
[2018.10.16-11.50.54:153][976]LogModuleManager: Shutting down and abandoning module DataValidation (270)
[2018.10.16-11.50.54:153][976]LogModuleManager: Shutting down and abandoning module AssetManagerEditor (268)
[2018.10.16-11.50.54:154][976]LogModuleManager: Shutting down and abandoning module LevelEditor (267)
[2018.10.16-11.50.54:155][976]LogModuleManager: Shutting down and abandoning module PixelInspectorModule (266)
[2018.10.16-11.50.54:155][976]LogModuleManager: Shutting down and abandoning module CommonMenuExtensions (264)
[2018.10.16-11.50.54:155][976]LogModuleManager: Shutting down and abandoning module MainFrame (262)
[2018.10.16-11.50.54:156][976]LogModuleManager: Shutting down and abandoning module HotReload (261)
[2018.10.16-11.50.54:160][976]LogModuleManager: Shutting down and abandoning module ContentBrowser (257)
[2018.10.16-11.50.54:161][976]LogModuleManager: Shutting down and abandoning module TreeMap (255)
[2018.10.16-11.50.54:161][976]LogModuleManager: Shutting down and abandoning module LightPropagationVolumeRuntime (252)
[2018.10.16-11.50.54:162][976]LogModuleManager: Shutting down and abandoning module AISupportModule (250)
[2018.10.16-11.50.54:162][976]LogModuleManager: Shutting down and abandoning module Paper2D (248)
[2018.10.16-11.50.54:162][976]LogModuleManager: Shutting down and abandoning module WindowsMoviePlayer (246)
[2018.10.16-11.50.54:163][976]LogModuleManager: Shutting down and abandoning module WmfMedia (244)
[2018.10.16-11.50.54:166][976]LogModuleManager: Shutting down and abandoning module Media (243)
[2018.10.16-11.50.54:173][976]LogModuleManager: Shutting down and abandoning module PacketHandler (240)
[2018.10.16-11.50.54:173][976]LogModuleManager: Shutting down and abandoning module ClothingSystemEditor (238)
[2018.10.16-11.50.54:174][976]LogModuleManager: Shutting down and abandoning module ClothingSystemRuntime (236)
[2018.10.16-11.50.54:174][976]LogModuleManager: Shutting down and abandoning module MediaAssets (234)
[2018.10.16-11.50.54:174][976]LogModuleManager: Shutting down and abandoning module Overlay (232)
[2018.10.16-11.50.54:175][976]LogModuleManager: Shutting down and abandoning module OverlayEditor (231)
[2018.10.16-11.50.54:176][976]LogModuleManager: Shutting down and abandoning module VREditor (228)
[2018.10.16-11.50.54:177][976]LogModuleManager: Shutting down and abandoning module StringTableEditor (226)
[2018.10.16-11.50.54:177][976]LogModuleManager: Shutting down and abandoning module GameplayTasksEditor (224)
[2018.10.16-11.50.54:178][976]LogModuleManager: Shutting down and abandoning module BehaviorTreeEditor (222)
[2018.10.16-11.50.54:178][976]LogModuleManager: Shutting down and abandoning module FunctionalTesting (220)
[2018.10.16-11.50.54:178][976]LogModuleManager: Shutting down and abandoning module CollisionAnalyzer (218)
[2018.10.16-11.50.54:178][976]LogModuleManager: Shutting down and abandoning module WorkspaceMenuStructure (217)
[2018.10.16-11.50.54:178][976]LogModuleManager: Shutting down and abandoning module UMG (214)
[2018.10.16-11.50.54:179][976]LogModuleManager: Shutting down and abandoning module UMGEditor (213)
[2018.10.16-11.50.54:179][976]LogModuleManager: Shutting down and abandoning module Sequencer (212)
[2018.10.16-11.50.54:194][976]LogModuleManager: Shutting down and abandoning module MessageLog (209)
[2018.10.16-11.50.54:194][976]LogModuleManager: Shutting down and abandoning module SlateReflector (204)
[2018.10.16-11.50.54:194][976]LogModuleManager: Shutting down and abandoning module Slate (202)
[2018.10.16-11.50.54:195][976]LogModuleManager: Shutting down and abandoning module EditorStyle (200)
[2018.10.16-11.50.54:197][976]LogModuleManager: Shutting down and abandoning module MRMesh (198)
[2018.10.16-11.50.54:197][976]LogModuleManager: Shutting down and abandoning module SourceCodeAccess (196)
[2018.10.16-11.50.54:197][976]LogModuleManager: Shutting down and abandoning module HeadMountedDisplay (194)
[2018.10.16-11.50.54:197][976]LogModuleManager: Shutting down and abandoning module XAudio2 (192)
[2018.10.16-11.50.54:198][976]LogModuleManager: Shutting down and abandoning module Networking (190)
[2018.10.16-11.50.54:198][976]LogModuleManager: Shutting down and abandoning module Core (188)
[2018.10.16-11.50.54:198][976]LogModuleManager: Shutting down and abandoning module LevelSequence (186)
[2018.10.16-11.50.54:198][976]LogModuleManager: Shutting down and abandoning module KismetCompiler (184)
[2018.10.16-11.50.54:199][976]LogModuleManager: Shutting down and abandoning module MeshUtilities (182)
[2018.10.16-11.50.54:199][976]LogModuleManager: Shutting down and abandoning module MeshMergeUtilities (181)
[2018.10.16-11.50.54:199][976]LogModuleManager: Shutting down and abandoning module MeshReductionInterface (180)
[2018.10.16-11.50.54:199][976]LogModuleManager: Shutting down and abandoning module SimplygonSwarm (179)
[2018.10.16-11.50.54:200][976]LogModuleManager: Shutting down and abandoning module ProxyLODMeshReduction (177)
[2018.10.16-11.50.54:201][976]LogModuleManager: Shutting down and abandoning module SimplygonMeshReduction (175)
[2018.10.16-11.50.54:201][976]LogModuleManager: Shutting down and abandoning module QuadricMeshReduction (173)
[2018.10.16-11.50.54:201][976]LogModuleManager: Shutting down and abandoning module MaterialBaking (169)
[2018.10.16-11.50.54:202][976]LogModuleManager: Shutting down and abandoning module DirectoryWatcher (165)
[2018.10.16-11.50.54:202][976]LogModuleManager: Shutting down and abandoning module DerivedDataCache (162)
[2018.10.16-11.50.54:575][976]LogDerivedDataCache: Shutdown
[2018.10.16-11.50.54:576][976]LogModuleManager: Shutting down and abandoning module XGEController (160)
[2018.10.16-11.50.54:576][976]LogXGEController: Cleaning working directory: C:/Users/w017177h/AppData/Local/Temp/UnrealXGEWorkingDir/
[2018.10.16-11.50.54:578][976]LogModuleManager: Shutting down and abandoning module TargetPlatform (158)
[2018.10.16-11.50.54:578][976]LogModuleManager: Shutting down and abandoning module VulkanShaderFormat (157)
[2018.10.16-11.50.54:578][976]LogModuleManager: Shutting down and abandoning module ShaderFormatVectorVM (155)
[2018.10.16-11.50.54:578][976]LogModuleManager: Shutting down and abandoning module ShaderFormatOpenGL (153)
[2018.10.16-11.50.54:578][976]LogModuleManager: Shutting down and abandoning module ShaderFormatD3D (151)
[2018.10.16-11.50.54:578][976]LogModuleManager: Shutting down and abandoning module MetalShaderFormat (149)
[2018.10.16-11.50.54:578][976]LogModuleManager: Shutting down and abandoning module TextureFormatUncompressed (147)
[2018.10.16-11.50.54:578][976]LogModuleManager: Shutting down and abandoning module TextureFormatPVR (145)
[2018.10.16-11.50.54:578][976]LogModuleManager: Shutting down and abandoning module TextureFormatDXT (143)
[2018.10.16-11.50.54:578][976]LogModuleManager: Shutting down and abandoning module TextureFormatIntelISPCTexComp (141)
[2018.10.16-11.50.54:579][976]LogModuleManager: Shutting down and abandoning module TextureFormatASTC (139)
[2018.10.16-11.50.54:579][976]LogModuleManager: Shutting down and abandoning module ImageWrapper (138)
[2018.10.16-11.50.54:580][976]LogModuleManager: Shutting down and abandoning module TextureFormatAndroid (135)
[2018.10.16-11.50.54:580][976]LogModuleManager: Shutting down and abandoning module AudioFormatOpus (133)
[2018.10.16-11.50.54:580][976]LogModuleManager: Shutting down and abandoning module AudioFormatOgg (131)
[2018.10.16-11.50.54:581][976]LogModuleManager: Shutting down and abandoning module AudioFormatADPCM (129)
[2018.10.16-11.50.54:581][976]LogModuleManager: Shutting down and abandoning module LuminTargetPlatform (127)
[2018.10.16-11.50.54:581][976]LogModuleManager: Shutting down and abandoning module LinuxTargetPlatform (125)
[2018.10.16-11.50.54:581][976]LogModuleManager: Shutting down and abandoning module LinuxServerTargetPlatform (123)
[2018.10.16-11.50.54:581][976]LogModuleManager: Shutting down and abandoning module LinuxNoEditorTargetPlatform (121)
[2018.10.16-11.50.54:581][976]LogModuleManager: Shutting down and abandoning module LinuxClientTargetPlatform (119)
[2018.10.16-11.50.54:581][976]LogModuleManager: Shutting down and abandoning module TVOSTargetPlatform (117)
[2018.10.16-11.50.54:582][976]LogModuleManager: Shutting down and abandoning module Messaging (115)
[2018.10.16-11.50.54:582][976]LogModuleManager: Shutting down and abandoning module IOSTargetPlatform (113)
[2018.10.16-11.50.54:583][976]LogModuleManager: Shutting down and abandoning module HTML5TargetPlatform (111)
[2018.10.16-11.50.54:583][976]LogModuleManager: Shutting down and abandoning module AndroidTargetPlatform (109)
[2018.10.16-11.50.54:590][976]LogModuleManager: Shutting down and abandoning module WindowsTargetPlatform (107)
[2018.10.16-11.50.54:590][976]LogModuleManager: Shutting down and abandoning module WindowsServerTargetPlatform (105)
[2018.10.16-11.50.54:590][976]LogModuleManager: Shutting down and abandoning module WindowsNoEditorTargetPlatform (103)
[2018.10.16-11.50.54:590][976]LogModuleManager: Shutting down and abandoning module WindowsClientTargetPlatform (101)
[2018.10.16-11.50.54:590][976]LogModuleManager: Shutting down and abandoning module MacTargetPlatform (99)
[2018.10.16-11.50.54:590][976]LogModuleManager: Shutting down and abandoning module MacServerTargetPlatform (97)
[2018.10.16-11.50.54:590][976]LogModuleManager: Shutting down and abandoning module MacNoEditorTargetPlatform (95)
[2018.10.16-11.50.54:590][976]LogModuleManager: Shutting down and abandoning module MacClientTargetPlatform (93)
[2018.10.16-11.50.54:590][976]LogModuleManager: Shutting down and abandoning module AllDesktopTargetPlatform (91)
[2018.10.16-11.50.54:591][976]LogModuleManager: Shutting down and abandoning module InputCore (88)
[2018.10.16-11.50.54:591][976]LogModuleManager: Shutting down and abandoning module Settings (86)
[2018.10.16-11.50.54:591][976]LogModuleManager: Shutting down and abandoning module PhysXCooking (84)
[2018.10.16-11.50.54:591][976]LogModuleManager: Shutting down and abandoning module SteamVR (82)
[2018.10.16-11.50.54:591][976]LogModuleManager: Shutting down and abandoning module OculusHMD (80)
[2018.10.16-11.50.54:591][976]LogModuleManager: Shutting down and abandoning module ExampleDeviceProfileSelector (78)
[2018.10.16-11.50.54:591][976]LogModuleManager: Shutting down and abandoning module LauncherChunkInstaller (76)
[2018.10.16-11.50.54:591][976]LogModuleManager: Shutting down and abandoning module OnlineBlueprintSupport (74)
[2018.10.16-11.50.54:591][976]LogModuleManager: Shutting down and abandoning module OnlineSubsystem (70)
[2018.10.16-11.50.54:593][976]LogModuleManager: Shutting down and abandoning module XMPP (65)
[2018.10.16-11.50.54:593][976]LogModuleManager: Shutting down and abandoning module WebSockets (64)
[2018.10.16-11.50.54:600][976]LogModuleManager: Shutting down and abandoning module HTTP (61)
[2018.10.16-11.50.54:600][976]LogHttp: Display: Http module shutting down, but needs to wait on 1 outstanding Http requests:
[2018.10.16-11.50.54:600][976]LogHttp: Display: 	verb=[POST] url=[https://datarouter.ol.epicgames.com/datarouter/api/v1/public/data?SessionID=%7BE4616DD0-4C47-0485-E323-B88E1C93A473%7D&AppID=UEEditor.Rocket.Release&AppVersion=4.20.3-4369336%2B%2B%2BUE4%2BRelease-4.20&UserID=1699ae9a42b5cafc92ed6aa12b962c25%7C%7C9be1f2bf-063d-44ce-b00a-e8fff00beca4&AppEnvironment=datacollector-binary&UploadType=eteventstream] status=Processing
[2018.10.16-11.50.54:633][976]LogModuleManager: Shutting down and abandoning module SSL (60)
[2018.10.16-11.50.54:634][976]LogModuleManager: Shutting down and abandoning module MagicLeapEmulator (56)
[2018.10.16-11.50.54:634][976]LogModuleManager: Shutting down and abandoning module MagicLeapPrivileges (54)
[2018.10.16-11.50.54:635][976]LogModuleManager: Shutting down and abandoning module MagicLeapIdentity (52)
[2018.10.16-11.50.54:635][976]LogModuleManager: Shutting down and abandoning module MagicLeapHelperVulkan (50)
[2018.10.16-11.50.54:635][976]LogModuleManager: Shutting down and abandoning module MagicLeapHelperOpenGL (48)
[2018.10.16-11.50.54:635][976]LogModuleManager: Shutting down and abandoning module MagicLeapSecureStorage (46)
[2018.10.16-11.50.54:635][976]LogModuleManager: Shutting down and abandoning module MagicLeapGestures (44)
[2018.10.16-11.50.54:635][976]LogModuleManager: Shutting down and abandoning module MagicLeapEyeTracker (42)
[2018.10.16-11.50.54:635][976]LogModuleManager: Shutting down and abandoning module MagicLeapController (40)
[2018.10.16-11.50.54:638][976]LogSlate: Slate User Destroyed.  User Index 0, Is Virtual User: 0
[2018.10.16-11.50.54:638][976]LogModuleManager: Shutting down and abandoning module MagicLeap (38)
[2018.10.16-11.50.54:638][976]LogModuleManager: Shutting down and abandoning module AnimationModifiers (36)
[2018.10.16-11.50.54:639][976]LogModuleManager: Shutting down and abandoning module PropertyEditor (35)
[2018.10.16-11.50.54:639][976]LogModuleManager: Shutting down and abandoning module AudioEditor (32)
[2018.10.16-11.50.54:639][976]LogModuleManager: Shutting down and abandoning module TextureCompressor (30)
[2018.10.16-11.50.54:640][976]LogModuleManager: Shutting down and abandoning module ShaderCore (28)
[2018.10.16-11.50.54:640][976]LogModuleManager: Shutting down and abandoning module Landscape (26)
[2018.10.16-11.50.54:641][976]LogModuleManager: Shutting down and abandoning module SlateRHIRenderer (24)
[2018.10.16-11.50.54:641][976]LogModuleManager: Shutting down and abandoning module OpenGLDrv (22)
[2018.10.16-11.50.54:641][976]LogModuleManager: Shutting down and abandoning module D3D11RHI (20)
[2018.10.16-11.50.54:641][976]LogModuleManager: Shutting down and abandoning module AnimGraphRuntime (18)
[2018.10.16-11.50.54:641][976]LogModuleManager: Shutting down and abandoning module Renderer (16)
[2018.10.16-11.50.54:641][976]LogModuleManager: Shutting down and abandoning module Engine (14)
[2018.10.16-11.50.54:641][976]LogModuleManager: Shutting down and abandoning module CoreUObject (12)
[2018.10.16-11.50.54:641][976]LogModuleManager: Shutting down and abandoning module NetworkFile (10)
[2018.10.16-11.50.54:641][976]LogModuleManager: Shutting down and abandoning module CookedIterativeFile (8)
[2018.10.16-11.50.54:641][976]LogModuleManager: Shutting down and abandoning module StreamingFile (6)
[2018.10.16-11.50.54:642][976]LogModuleManager: Shutting down and abandoning module SandboxFile (4)
[2018.10.16-11.50.54:642][976]LogModuleManager: Shutting down and abandoning module PakFile (2)
[2018.10.16-11.50.54:649][976]LogExit: Exiting.
[2018.10.16-11.50.54:658][976]Log file closed, 10/16/18 12:50:54
