Log file open, 10/16/18 23:22:58
LogWindows: Failed to load 'aqProf.dll' (GetLastError=126)
LogWindows: File 'aqProf.dll' does not exist
LogWindows: Failed to load 'VSPerf140.dll' (GetLastError=126)
LogWindows: File 'VSPerf140.dll' does not exist
LogWindows: Failed to load 'VtuneApi.dll' (GetLastError=126)
LogWindows: File 'VtuneApi.dll' does not exist
LogWindows: Failed to load 'VtuneApi32e.dll' (GetLastError=126)
LogWindows: File 'VtuneApi32e.dll' does not exist
LogInit: Display: Running engine for game: SideyCPP
LogPlatformFile: Not using cached read wrapper
LogTaskGraph: Started task graph with 5 named threads and 23 total threads with 3 sets of task threads.
LogStats: Stats thread started at 0.523881
LogD3D11RHI: Loaded GFSDK_Aftermath_Lib.x64.dll
LogICUInternationalization: Display: ICU TimeZone Detection - Raw Offset: +0:00, Platform Override: ''
LogPluginManager: Mounting plugin Paper2D
LogPluginManager: Mounting plugin AISupport
LogPluginManager: Mounting plugin LightPropagationVolume
LogPluginManager: Mounting plugin CLionSourceCodeAccess
LogPluginManager: Mounting plugin CodeLiteSourceCodeAccess
LogPluginManager: Mounting plugin GitSourceControl
LogPluginManager: Mounting plugin KDevelopSourceCodeAccess
LogPluginManager: Mounting plugin NullSourceCodeAccess
LogPluginManager: Mounting plugin PerforceSourceControl
LogPluginManager: Mounting plugin SubversionSourceControl
LogPluginManager: Mounting plugin UObjectPlugin
LogPluginManager: Mounting plugin VisualStudioCodeSourceCodeAccess
LogPluginManager: Mounting plugin VisualStudioSourceCodeAccess
LogPluginManager: Mounting plugin XCodeSourceCodeAccess
LogPluginManager: Mounting plugin AssetManagerEditor
LogPluginManager: Mounting plugin CryptoKeys
LogPluginManager: Mounting plugin DataValidation
LogPluginManager: Mounting plugin FacialAnimation
LogPluginManager: Mounting plugin GameplayTagsEditor
LogPluginManager: Mounting plugin MacGraphicsSwitching
LogPluginManager: Mounting plugin MeshEditor
LogPluginManager: Mounting plugin MobileLauncherProfileWizard
LogPluginManager: Mounting plugin PluginBrowser
LogPluginManager: Mounting plugin SpeedTreeImporter
LogPluginManager: Mounting plugin DatasmithContent
LogPluginManager: Mounting plugin AlembicImporter
LogPluginManager: Mounting plugin AppleImageUtils
LogPluginManager: Mounting plugin AppleVision
LogPluginManager: Mounting plugin BackChannel
LogPluginManager: Mounting plugin CharacterAI
LogPluginManager: Mounting plugin GeometryCache
LogPluginManager: Mounting plugin HTML5Networking
LogPluginManager: Mounting plugin ProxyLODPlugin
LogPluginManager: Mounting plugin MagicLeap
LogPluginManager: Mounting plugin MagicLeapEmulator
LogPluginManager: Mounting plugin MagicLeapMedia
LogPluginManager: Mounting plugin AndroidMedia
LogPluginManager: Mounting plugin AvfMedia
LogPluginManager: Mounting plugin ImgMedia
LogPluginManager: Mounting plugin LinearTimecode
LogPluginManager: Mounting plugin MediaCompositing
LogPluginManager: Mounting plugin MediaPlayerEditor
LogPluginManager: Mounting plugin WmfMedia
LogPluginManager: Mounting plugin TcpMessaging
LogPluginManager: Mounting plugin UdpMessaging
LogPluginManager: Mounting plugin ActorSequence
LogPluginManager: Mounting plugin LevelSequenceEditor
LogPluginManager: Mounting plugin MatineeToLevelSequence
LogPluginManager: Mounting plugin NetcodeUnitTest
LogPluginManager: Mounting plugin NUTUnrealEngine4
LogPluginManager: Mounting plugin OnlineSubsystemGooglePlay
LogPluginManager: Mounting plugin OnlineSubsystemIOS
LogPluginManager: Mounting plugin OnlineSubsystem
LogPluginManager: Mounting plugin OnlineSubsystemNull
LogPluginManager: Mounting plugin OnlineSubsystemUtils
LogPluginManager: Mounting plugin LauncherChunkInstaller
LogPluginManager: Mounting plugin AndroidDeviceProfileSelector
LogPluginManager: Mounting plugin AndroidMoviePlayer
LogPluginManager: Mounting plugin AndroidPermission
LogPluginManager: Mounting plugin AppleMoviePlayer
LogPluginManager: Mounting plugin ArchVisCharacter
LogPluginManager: Mounting plugin AudioCapture
LogPluginManager: Mounting plugin CableComponent
LogPluginManager: Mounting plugin CustomMeshComponent
LogPluginManager: Mounting plugin EditableMesh
LogPluginManager: Mounting plugin ExampleDeviceProfileSelector
LogPluginManager: Mounting plugin GoogleCloudMessaging
LogPluginManager: Mounting plugin ImmediatePhysics
LogPluginManager: Mounting plugin IOSDeviceProfileSelector
LogPluginManager: Mounting plugin LinuxDeviceProfileSelector
LogPluginManager: Mounting plugin LocationServicesBPLibrary
LogPluginManager: Mounting plugin MobilePatchingUtils
LogPluginManager: Mounting plugin OculusVR
LogPluginManager: Plugin shader directory ../../../Engine/Plugins/Runtime/Oculus/OculusVR/Shaders found
LogPluginManager: Mapping shader source directory ../../../Engine/Plugins/Runtime/Oculus/OculusVR/Shaders to virtual directory /Plugin/OculusVR
LogPluginManager: Mounting plugin PhysXVehicles
LogPluginManager: Mounting plugin ProceduralMeshComponent
LogPluginManager: Mounting plugin RuntimePhysXCooking
LogPluginManager: Mounting plugin SteamVR
LogPluginManager: Mounting plugin WindowsMoviePlayer
LogStreaming: Display: Took  0.270s to configure plugins.
LogInit: Using libcurl 7.55.1-DEV
LogInit:  - built for x86_64-pc-win32
LogInit:  - supports SSL with OpenSSL/1.0.2h
LogInit:  - supports HTTP deflate (compression) using libz 1.2.8
LogInit:  - other features:
LogInit:      CURL_VERSION_SSL
LogInit:      CURL_VERSION_LIBZ
LogInit:      CURL_VERSION_IPV6
LogInit:      CURL_VERSION_ASYNCHDNS
LogInit:      CURL_VERSION_LARGEFILE
LogInit:      CURL_VERSION_IDN
LogInit:  CurlRequestOptions (configurable via config and command line):
LogInit:  - bVerifyPeer = false  - Libcurl will NOT verify peer certificate
LogInit:  - bUseHttpProxy = false  - Libcurl will NOT use HTTP proxy
LogInit:  - bDontReuseConnections = false  - Libcurl will reuse connections
LogInit:  - CertBundlePath = nullptr  - Libcurl will use whatever was configured at build time.
LogInit:  - MaxHostConnections = 16  - Libcurl will limit the number of connections to a host
LogInit:  - LocalHostAddr = Default
LogInit:  - BufferSize = 65536
LogInit: WinSock: version 1.1 (2.2), MaxSocks=32767, MaxUdp=65467
LogInit: Build: ++UE4+Release-4.20-CL-4369336
LogInit: Engine Version: 4.20.3-4369336+++UE4+Release-4.20
LogInit: Compatible Engine Version: 4.20.0-4212847+++UE4+Release-4.20
LogInit: Net CL: 4212847
LogInit: OS: Windows 10 (), CPU: Intel(R) Xeon(R) CPU E5-1620 v4 @ 3.50GHz, GPU: NVIDIA GeForce GTX 1070
LogInit: Compiled (64-bit): Sep 17 2018 12:26:19
LogInit: Compiled with Visual C++: 19.13.26129.00
LogInit: Build Configuration: Development
LogInit: Branch Name: ++UE4+Release-4.20
LogInit: Command Line:  -skipcompile
LogInit: Base Directory: C:/Epic/UE4/UE_4.20/Engine/Binaries/Win64/
LogInit: Installed Engine Build: 1
LogDevObjectVersion: Number of dev versions registered: 20
LogDevObjectVersion:   Dev-Blueprints (B0D832E4-1F89-4F0D-ACCF-7EB736FD4AA2): 10
LogDevObjectVersion:   Dev-Build (E1C64328-A22C-4D53-A36C-8E866417BD8C): 0
LogDevObjectVersion:   Dev-Core (375EC13C-06E4-48FB-B500-84F0262A717E): 2
LogDevObjectVersion:   Dev-Editor (E4B068ED-F494-42E9-A231-DA0B2E46BB41): 24
LogDevObjectVersion:   Dev-Framework (CFFC743F-43B0-4480-9391-14DF171D2073): 34
LogDevObjectVersion:   Dev-Mobile (B02B49B5-BB20-44E9-A304-32B752E40360): 2
LogDevObjectVersion:   Dev-Networking (A4E4105C-59A1-49B5-A7C5-40C4547EDFEE): 0
LogDevObjectVersion:   Dev-Online (39C831C9-5AE6-47DC-9A44-9C173E1C8E7C): 0
LogDevObjectVersion:   Dev-Physics (78F01B33-EBEA-4F98-B9B4-84EACCB95AA2): 0
LogDevObjectVersion:   Dev-Platform (6631380F-2D4D-43E0-8009-CF276956A95A): 0
LogDevObjectVersion:   Dev-Rendering (12F88B9F-8875-4AFC-A67C-D90C383ABD29): 26
LogDevObjectVersion:   Dev-Sequencer (7B5AE74C-D270-4C10-A958-57980B212A5A): 9
LogDevObjectVersion:   Dev-VR (D7296918-1DD6-4BDD-9DE2-64A83CC13884): 2
LogDevObjectVersion:   Dev-LoadTimes (C2A15278-BFE7-4AFE-6C17-90FF531DF755): 1
LogDevObjectVersion:   Private-Geometry (6EACA3D4-40EC-4CC1-B786-8BED09428FC5): 3
LogDevObjectVersion:   Dev-AnimPhys (29E575DD-E0A3-4627-9D10-D276232CDCEA): 17
LogDevObjectVersion:   Dev-ReflectionCapture (6B266CEC-1EC7-4B8F-A30B-E4D90942FC07): 1
LogDevObjectVersion:   Dev-Automation (0DF73D61-A23F-47EA-B727-89E90C41499A): 1
LogDevObjectVersion:   FortniteMain (601D1886-AC64-4F84-AA16-D3DE0DEAC7D6): 12
LogDevObjectVersion:   Dev-Enterprise (9DFFBCD6-494F-0158-E221-12823C92A888): 1
LogStreaming: Display: Took  0.014s to delete old logs.
LogInit: Presizing for max 8388607 objects, including 0 objects not considered by GC, pre-allocating 0 bytes for permanent pool.
LogInit: Object subsystem initialized
[2018.10.16-22.22.59:670][  0]LogInit: Selected Device Profile: [Windows]
[2018.10.16-22.22.59:670][  0]LogInit: Applying CVar settings loaded from the selected device profile: [Windows]
[2018.10.16-22.22.59:687][  0]LogHAL: Display: Platform has ~ 32 GB [34272002048 / 34359738368 / 32], which maps to Largest [LargestMinGB=32, LargerMinGB=12, DefaultMinGB=8, SmallerMinGB=6, SmallestMinGB=0)
[2018.10.16-22.22.59:687][  0]LogInit: Setting Device Profile CVar: [[r.Vulkan.UseRealUBs:1]]
[2018.10.16-22.22.59:687][  0]LogInit: Going up to parent DeviceProfile []
[2018.10.16-22.22.59:687][  0]LogInit: Computer: D105-05
[2018.10.16-22.22.59:687][  0]LogInit: User: w017177h
[2018.10.16-22.22.59:687][  0]LogInit: CPU Page size=4096, Cores=4
[2018.10.16-22.22.59:687][  0]LogInit: High frequency timer resolution =3.410075 MHz
[2018.10.16-22.22.59:688][  0]LogMemory: Memory total: Physical=31.9GB (32GB approx)
[2018.10.16-22.22.59:688][  0]LogMemory: Platform Memory Stats for Windows
[2018.10.16-22.22.59:688][  0]LogMemory: Process Physical Memory: 100.93 MB used, 100.93 MB peak
[2018.10.16-22.22.59:688][  0]LogMemory: Process Virtual Memory: 91.07 MB used, 91.07 MB peak
[2018.10.16-22.22.59:688][  0]LogMemory: Physical Memory: 7875.24 MB used,  24809.09 MB free, 32684.33 MB total
[2018.10.16-22.22.59:688][  0]LogMemory: Virtual Memory: 4640.09 MB used,  24809.09 MB free, 134217728.00 MB total
[2018.10.16-22.22.59:813][  0]LogInit: Using OS detected language (en-US).
[2018.10.16-22.22.59:813][  0]LogInit: Using OS detected locale (en-GB).
[2018.10.16-22.22.59:815][  0]LogTextLocalizationManager: No specific localization for 'en-US' exists, so the 'en' localization will be used.
[2018.10.16-22.23.00:246][  0]LogStreaming: Display: Took  0.434s to InitEngineTextLocalization.
[2018.10.16-22.23.00:247][  0]LogInit: Setting process to per monitor DPI aware
[2018.10.16-22.23.00:331][  0]LogSlate: New Slate User Created.  User Index 0, Is Virtual User: 0
[2018.10.16-22.23.00:332][  0]LogSlate: Slate User Registered.  User Index 0, Is Virtual User: 0
[2018.10.16-22.23.00:687][  0]LogHMD: Failed to initialize OpenVR with code 110
[2018.10.16-22.23.00:687][  0]LogD3D11RHI: D3D11 adapters:
[2018.10.16-22.23.00:792][  0]LogD3D11RHI:    0. 'NVIDIA GeForce GTX 1070' (Feature Level 11_0)
[2018.10.16-22.23.00:792][  0]LogD3D11RHI:       8088/0/16342 MB DedicatedVideo/DedicatedSystem/SharedSystem, Outputs:2, VendorId:0x10de
[2018.10.16-22.23.00:800][  0]LogD3D11RHI:    1. 'Microsoft Basic Render Driver' (Feature Level 11_0)
[2018.10.16-22.23.00:800][  0]LogD3D11RHI:       0/0/16342 MB DedicatedVideo/DedicatedSystem/SharedSystem, Outputs:0, VendorId:0x1414
[2018.10.16-22.23.00:800][  0]LogD3D11RHI: Chosen D3D11 Adapter: 0
[2018.10.16-22.23.00:811][  0]LogD3D11RHI: Creating new Direct3DDevice
[2018.10.16-22.23.00:811][  0]LogD3D11RHI:     GPU DeviceId: 0x1b81 (for the marketing name, search the web for "GPU Device Id")
[2018.10.16-22.23.00:811][  0]LogWindows: EnumDisplayDevices:
[2018.10.16-22.23.00:811][  0]LogWindows:    0. 'NVIDIA GeForce GTX 1070' (P:0 D:1)
[2018.10.16-22.23.00:812][  0]LogWindows:    1. 'NVIDIA GeForce GTX 1070' (P:1 D:1)
[2018.10.16-22.23.00:812][  0]LogWindows:    2. 'NVIDIA GeForce GTX 1070' (P:0 D:0)
[2018.10.16-22.23.00:813][  0]LogWindows:    3. 'NVIDIA GeForce GTX 1070' (P:0 D:0)
[2018.10.16-22.23.00:813][  0]LogWindows: DebugString: FoundDriverCount:4 
[2018.10.16-22.23.00:813][  0]LogD3D11RHI:     Adapter Name: NVIDIA GeForce GTX 1070
[2018.10.16-22.23.00:813][  0]LogD3D11RHI:   Driver Version: 398.82 (internal:24.21.13.9882, unified:398.82)
[2018.10.16-22.23.00:814][  0]LogD3D11RHI:      Driver Date: 7-30-2018
[2018.10.16-22.23.00:814][  0]LogRHI: Texture pool is 5661 MB (70% of 8088 MB)
[2018.10.16-22.23.00:874][  0]LogD3D11RHI: Async texture creation enabled
[2018.10.16-22.23.00:896][  0]LogD3D11RHI: GPU Timing Frequency: 1000.000000 (Debug: 2 2)
[2018.10.16-22.23.00:986][  0]LogShaderCompilers: Guid format shader working directory is -19 characters bigger than the processId version (../../../../../../Users/w017177h/Documents/GitHub/SpideyCPP/SideyCPP/Intermediate/Shaders/WorkingDirectory/2976/).
[2018.10.16-22.23.00:987][  0]LogShaderCompilers: Cleaned the shader compiler working directory 'C:/Users/w017177h/AppData/Local/Temp/UnrealShaderWorkingDir/3390CDF2491801FEDF11E498D47D2230/'.
[2018.10.16-22.23.01:424][  0]LogTemp: Display: Loaded TP AllDesktopTargetPlatform
[2018.10.16-22.23.01:448][  0]LogTemp: Display: Loaded TP MacClientTargetPlatform
[2018.10.16-22.23.01:467][  0]LogTemp: Display: Loaded TP MacNoEditorTargetPlatform
[2018.10.16-22.23.01:487][  0]LogTemp: Display: Loaded TP MacServerTargetPlatform
[2018.10.16-22.23.01:523][  0]LogTemp: Display: Loaded TP MacTargetPlatform
[2018.10.16-22.23.01:544][  0]LogTemp: Display: Loaded TP WindowsClientTargetPlatform
[2018.10.16-22.23.01:568][  0]LogTemp: Display: Loaded TP WindowsNoEditorTargetPlatform
[2018.10.16-22.23.01:605][  0]LogTemp: Display: Loaded TP WindowsServerTargetPlatform
[2018.10.16-22.23.01:632][  0]LogTemp: Display: Loaded TP WindowsTargetPlatform
[2018.10.16-22.23.01:743][  0]LogTemp: Display: Loaded TP AndroidTargetPlatform
[2018.10.16-22.23.01:743][  0]LogTemp: Display: Loaded TP AndroidTargetPlatform
[2018.10.16-22.23.01:743][  0]LogTemp: Display: Loaded TP AndroidTargetPlatform
[2018.10.16-22.23.01:743][  0]LogTemp: Display: Loaded TP AndroidTargetPlatform
[2018.10.16-22.23.01:743][  0]LogTemp: Display: Loaded TP AndroidTargetPlatform
[2018.10.16-22.23.01:743][  0]LogTemp: Display: Loaded TP AndroidTargetPlatform
[2018.10.16-22.23.01:743][  0]LogTemp: Display: Loaded TP AndroidTargetPlatform
[2018.10.16-22.23.01:743][  0]LogTemp: Display: Loaded TP AndroidTargetPlatform
[2018.10.16-22.23.01:744][  0]LogTemp: Display: Loaded TP AndroidTargetPlatform
[2018.10.16-22.23.01:744][  0]LogTemp: Display: Loaded TP AndroidTargetPlatform
[2018.10.16-22.23.01:744][  0]LogTemp: Display: Loaded TP AndroidTargetPlatform
[2018.10.16-22.23.01:744][  0]LogTemp: Display: Loaded TP AndroidTargetPlatform
[2018.10.16-22.23.01:744][  0]LogTemp: Display: Loaded TP AndroidTargetPlatform
[2018.10.16-22.23.01:744][  0]LogTemp: Display: Loaded TP AndroidTargetPlatform
[2018.10.16-22.23.01:744][  0]LogTemp: Display: Loaded TP AndroidTargetPlatform
[2018.10.16-22.23.01:744][  0]LogTemp: Display: Loaded TP AndroidTargetPlatform
[2018.10.16-22.23.01:744][  0]LogTemp: Display: Loaded TP AndroidTargetPlatform
[2018.10.16-22.23.01:744][  0]LogTemp: Display: Loaded TP AndroidTargetPlatform
[2018.10.16-22.23.01:750][  0]LogTemp: Display: Loaded TP HTML5TargetPlatform
[2018.10.16-22.23.01:834][  0]LogTemp: Display: Loaded TP IOSTargetPlatform
[2018.10.16-22.23.01:834][  0]LogTemp: Display: Loaded TP IOSTargetPlatform
[2018.10.16-22.23.01:873][  0]LogTemp: Display: Loaded TP TVOSTargetPlatform
[2018.10.16-22.23.01:873][  0]LogTemp: Display: Loaded TP TVOSTargetPlatform
[2018.10.16-22.23.01:898][  0]LogTemp: Display: Loaded TP LinuxClientTargetPlatform
[2018.10.16-22.23.01:922][  0]LogTemp: Display: Loaded TP LinuxNoEditorTargetPlatform
[2018.10.16-22.23.01:941][  0]LogTemp: Display: Loaded TP LinuxServerTargetPlatform
[2018.10.16-22.23.01:959][  0]LogTemp: Display: Loaded TP LinuxTargetPlatform
[2018.10.16-22.23.01:972][  0]LogTemp: Display: Loaded TP LuminTargetPlatform
[2018.10.16-22.23.01:972][  0]LogTargetPlatformManager: Display: Building Assets For Windows
[2018.10.16-22.23.02:196][  0]LogXGEController: Cleaning working directory: C:/Users/w017177h/AppData/Local/Temp/UnrealXGEWorkingDir/
[2018.10.16-22.23.02:197][  0]LogXGEController: Cannot use XGE Controller as Incredibuild is not installed on this machine.
[2018.10.16-22.23.02:197][  0]LogShaderCompilers: Cannot use XGE Shader Compiler as Incredibuild is not installed on this machine.
[2018.10.16-22.23.02:197][  0]LogShaderCompilers: Display: Using Local Shader Compiler.
[2018.10.16-22.23.03:544][  0]LogDerivedDataCache: Display: Max Cache Size: 512 MB
[2018.10.16-22.23.03:659][  0]LogDerivedDataCache: Loaded boot cache 0.11s 71MB C:/Users/w017177h/AppData/Local/UnrealEngine/4.20/DerivedDataCache/Boot.ddc.
[2018.10.16-22.23.03:662][  0]LogDerivedDataCache: Display: Loaded Boot cache: C:/Users/w017177h/AppData/Local/UnrealEngine/4.20/DerivedDataCache/Boot.ddc
[2018.10.16-22.23.03:662][  0]LogDerivedDataCache: FDerivedDataBackendGraph:  Pak pak cache file ../../../../../../Users/w017177h/Documents/GitHub/SpideyCPP/SideyCPP/DerivedDataCache/DDC.ddp not found, will not use a pak cache.
[2018.10.16-22.23.03:662][  0]LogDerivedDataCache: Unable to find inner node Pak for hierarchical cache Hierarchy.
[2018.10.16-22.23.03:662][  0]LogDerivedDataCache: FDerivedDataBackendGraph:  CompressedPak pak cache file ../../../../../../Users/w017177h/Documents/GitHub/SpideyCPP/SideyCPP/DerivedDataCache/Compressed.ddp not found, will not use a pak cache.
[2018.10.16-22.23.03:662][  0]LogDerivedDataCache: Unable to find inner node CompressedPak for hierarchical cache Hierarchy.
[2018.10.16-22.23.03:676][  0]LogDerivedDataCache: Display: Pak cache opened for reading ../../../Engine/DerivedDataCache/Compressed.ddp.
[2018.10.16-22.23.03:690][  0]LogDerivedDataCache: Using Local data cache path C:/Users/w017177h/AppData/Local/UnrealEngine/Common/DerivedDataCache: Writable
[2018.10.16-22.23.03:691][  0]LogDerivedDataCache: Shared data cache path not found in *engine.ini, will not use an Shared cache.
[2018.10.16-22.23.03:691][  0]LogDerivedDataCache: Unable to find inner node Shared for hierarchical cache Hierarchy.
[2018.10.16-22.23.03:713][  0]LogMaterial: Verifying Global Shaders for PCD3D_SM5
[2018.10.16-22.23.03:715][  0]LogSlate: Using FreeType 2.6.0
[2018.10.16-22.23.03:716][  0]LogSlate: SlateFontServices - WITH_FREETYPE: 1, WITH_HARFBUZZ: 1
[2018.10.16-22.23.03:806][  0]LogAssetRegistry: FAssetRegistry took 0.0312 seconds to start up
[2018.10.16-22.23.04:298][  0]LogInit: Selected Device Profile: [Windows]
[2018.10.16-22.23.04:422][  0]LogSimplygon: Simplygon DLL not present - disabling.
[2018.10.16-22.23.04:434][  0]LogMeshReduction: Using SimplygonSwarm for distributed automatic mesh merging
[2018.10.16-22.23.04:434][  0]LogMeshReduction: Using ProxyLODMeshReduction for automatic mesh merging
[2018.10.16-22.23.04:435][  0]LogMeshReduction: Using QuadricMeshReduction for automatic static mesh reduction
[2018.10.16-22.23.04:435][  0]LogMeshReduction: No automatic skeletal mesh reduction module available
[2018.10.16-22.23.04:540][  0]LogNetVersion: SideyCPP 1.0.0, NetCL: 4212847, EngineNetVer: 5, GameNetVer: 0 (Checksum: 583984258)
[2018.10.16-22.23.05:256][  0]LogPackageLocalizationCache: Processed 11 localized package path(s) for 2 prioritized culture(s) in 0.164640 seconds
[2018.10.16-22.23.05:263][  0]LogUObjectArray: 38425 objects as part of root set at end of initial load.
[2018.10.16-22.23.05:263][  0]LogUObjectAllocator: 6690872 out of 0 bytes used by permanent object pool.
[2018.10.16-22.23.05:263][  0]LogUObjectArray: CloseDisregardForGC: 0/0 objects in disregard for GC pool
[2018.10.16-22.23.06:527][  0]LogTcpMessaging: Initializing TcpMessaging bridge
[2018.10.16-22.23.06:546][  0]LogUdpMessaging: Initializing bridge on interface 0.0.0.0:0 to multicast group 230.0.0.1:6666.
[2018.10.16-22.23.06:810][  0]SourceControl: Source control is disabled
[2018.10.16-22.23.06:810][  0]SourceControl: Source control is disabled
[2018.10.16-22.23.06:814][  0]SourceControl: Source control is disabled
[2018.10.16-22.23.06:817][  0]SourceControl: Source control is disabled
[2018.10.16-22.23.07:156][  0]LogAndroidPermission: UAndroidPermissionCallbackProxy::GetInstance
[2018.10.16-22.23.07:265][  0]LogOcInput: OculusInput pre-init called
[2018.10.16-22.23.07:347][  0]LogEngine: Initializing Engine...
[2018.10.16-22.23.07:348][  0]LogHMD: Failed to initialize OpenVR with code 110
[2018.10.16-22.23.07:349][  0]LogStats: UGameplayTagsManager::ConstructGameplayTagTree: ImportINI prefixes -  0.000 s
[2018.10.16-22.23.07:350][  0]LogStats: UGameplayTagsManager::ConstructGameplayTagTree: Construct from data asset -  0.000 s
[2018.10.16-22.23.07:350][  0]LogStats: UGameplayTagsManager::ConstructGameplayTagTree: ImportINI -  0.000 s
[2018.10.16-22.23.07:350][  0]LogStats: UGameplayTagsManager::ConstructGameplayTagTree: GameplayTagTreeChangedEvent.Broadcast -  0.000 s
[2018.10.16-22.23.07:628][  0]LogInit: Initializing FReadOnlyCVARCache
[2018.10.16-22.23.07:660][  0]LogAIModule: Creating AISystem for world Untitled
[2018.10.16-22.23.07:740][  0]LogInit: XAudio2 using 'Speakers (Realtek High Definition Audio)' : 2 channels at 48 kHz using 32 bits per sample (channel mask 0x3)
[2018.10.16-22.23.07:764][  0]LogInit: FAudioDevice initialized.
[2018.10.16-22.23.07:764][  0]LogNetVersion: Set ProjectVersion to 1.0.0.0. Version Checksum will be recalculated on next use.
[2018.10.16-22.23.07:859][  0]LogDerivedDataCache: Saved boot cache 0.09s 71MB C:/Users/w017177h/AppData/Local/UnrealEngine/4.20/DerivedDataCache/Boot.ddc.
[2018.10.16-22.23.07:878][  0]LogInit: Texture streaming: Enabled
[2018.10.16-22.23.07:916][  0]LogEngineSessionManager: EngineSessionManager initialized
[2018.10.16-22.23.07:935][  0]LogInit: Transaction tracking system initialized
[2018.10.16-22.23.08:000][  0]BlueprintLog: New page: Editor Load
[2018.10.16-22.23.08:199][  0]LocalizationService: Localization service is disabled
[2018.10.16-22.23.08:647][  0]LogCook: Display: Max memory allowance for cook 16384mb min free memory 0mb
[2018.10.16-22.23.08:647][  0]LogCook: Display: Mobile HDR setting 1
[2018.10.16-22.23.08:648][  0]LogGameplayTags: Display: UGameplayTagsManager::DoneAddingNativeTags. DelegateIsBound: 0
[2018.10.16-22.23.08:648][  0]LogStats: UGameplayTagsManager::ConstructGameplayTagTree: ImportINI prefixes -  0.000 s
[2018.10.16-22.23.08:648][  0]LogStats: UGameplayTagsManager::ConstructGameplayTagTree: Construct from data asset -  0.000 s
[2018.10.16-22.23.08:648][  0]LogStats: UGameplayTagsManager::ConstructGameplayTagTree: ImportINI -  0.000 s
[2018.10.16-22.23.08:648][  0]LogStats: UGameplayTagsManager::ConstructGameplayTagTree: GameplayTagTreeChangedEvent.Broadcast -  0.000 s
[2018.10.16-22.23.08:946][  0]LogFileCache: Scanning file cache for directory 'C:/Users/w017177h/Documents/GitHub/SpideyCPP/SideyCPP/Content/' took 0.02s
[2018.10.16-22.23.08:946][  0]SourceControl: Source control is disabled
[2018.10.16-22.23.08:946][  0]Cmd: MAP LOAD FILE="../../../../../../Users/w017177h/Documents/GitHub/SpideyCPP/SideyCPP/Content/StarterContent/Maps/Minimal_Default.umap" TEMPLATE=0 SHOWPROGRESS=1 FEATURELEVEL=3
[2018.10.16-22.23.08:947][  0]LightingResults: New page: Lighting Build
[2018.10.16-22.23.08:954][  0]MapCheck: New page: Map Check
[2018.10.16-22.23.08:954][  0]LightingResults: New page: Lighting Build
[2018.10.16-22.23.09:361][  0]LogAIModule: Creating AISystem for world Minimal_Default
[2018.10.16-22.23.09:370][  0]LogEditorServer: Finished looking for orphan Actors (0.000 secs)
[2018.10.16-22.23.09:399][  0]Cmd: MAP CHECKDEP NOCLEARLOG
[2018.10.16-22.23.09:603][  0]MapCheck: Map check complete: 0 Error(s), 0 Warning(s), took 204.091ms to complete.
[2018.10.16-22.23.09:603][  0]LogFileHelpers: Loading map 'Minimal_Default' took 0.657
[2018.10.16-22.23.09:737][  0]LogSlate: Updating window title bar state: overlay mode, drag disabled, window buttons hidden, title bar hidden
[2018.10.16-22.23.09:750][  0]LogSlate: Updating window title bar state: overlay mode, drag disabled, window buttons hidden, title bar hidden
[2018.10.16-22.23.09:757][  0]LogSlate: Updating window title bar state: overlay mode, drag disabled, window buttons hidden, title bar hidden
[2018.10.16-22.23.09:765][  0]LogSlate: Updating window title bar state: overlay mode, drag disabled, window buttons hidden, title bar hidden
[2018.10.16-22.23.09:778][  0]LogCollectionManager: Loaded 0 collections in 0.004342 seconds
[2018.10.16-22.23.09:834][  0]LogFileCache: Scanning file cache for directory 'C:/Users/w017177h/Documents/GitHub/SpideyCPP/SideyCPP/Saved/Collections/' took 0.01s
[2018.10.16-22.23.09:834][  0]LogFileCache: Scanning file cache for directory 'C:/Users/w017177h/Documents/GitHub/SpideyCPP/SideyCPP/Content/Developers/w017177h/Collections/' took 0.01s
[2018.10.16-22.23.09:834][  0]LogFileCache: Scanning file cache for directory 'C:/Users/w017177h/Documents/GitHub/SpideyCPP/SideyCPP/Content/Collections/' took 0.01s
[2018.10.16-22.23.09:834][  0]LogCollectionManager: Rebuilt the GUID cache for 0 collections in 0.000000 seconds
[2018.10.16-22.23.09:847][  0]LogContentBrowser: Native class hierarchy populated in 0.0127 seconds. Added 2575 classes and 605 folders.
[2018.10.16-22.23.09:865][  0]LogContentBrowser: Native class hierarchy updated for 'WidgetCarousel' in 0.0005 seconds. Added 0 classes and 0 folders.
[2018.10.16-22.23.09:958][  0]LogContentBrowser: Native class hierarchy updated for 'AddContentDialog' in 0.0005 seconds. Added 0 classes and 0 folders.
[2018.10.16-22.23.09:968][  0]LogContentBrowser: Native class hierarchy updated for 'SceneOutliner' in 0.0005 seconds. Added 1 classes and 2 folders.
[2018.10.16-22.23.09:987][  0]LogSlate: Took 0.000295 seconds to synchronously load lazily loaded font '../../../Engine/Content/Slate/Fonts/Roboto-Regular.ttf' (155K)
[2018.10.16-22.23.09:990][  0]LogSlate: Took 0.000290 seconds to synchronously load lazily loaded font '../../../Engine/Content/Slate/Fonts/Roboto-Bold.ttf' (160K)
[2018.10.16-22.23.09:997][  0]LogSlate: Took 0.000282 seconds to synchronously load lazily loaded font '../../../Engine/Content/Editor/Slate/Fonts/FontAwesome.ttf' (139K)
[2018.10.16-22.23.10:106][  0]LogRenderer: Reallocating scene render targets to support 1208x576 Format 10 NumSamples 1 (Frame:1).
[2018.10.16-22.23.10:307][  0]LogContentBrowser: Native class hierarchy updated for 'HierarchicalLODOutliner' in 0.0005 seconds. Added 0 classes and 0 folders.
[2018.10.16-22.23.10:307][  0]LogLoad: (Engine Initialization) Total time: 14.60 seconds
[2018.10.16-22.23.10:307][  0]LogLoad: (Engine Initialization) Total Blueprint compile time: 0.00 seconds
[2018.10.16-22.23.10:318][  0]LogWindowsTextInputMethodSystem: Display: IME system now deactivated.
[2018.10.16-22.23.10:340][  0]LogContentStreaming: Texture pool size now 1000 MB
[2018.10.16-22.23.10:366][  0]LogSlate: Took 0.000204 seconds to synchronously load lazily loaded font '../../../Engine/Content/Slate/Fonts/Roboto-Light.ttf' (167K)
[2018.10.16-22.23.10:392][  1]LogAssetRegistry: Asset discovery search completed in 6.6127 seconds
[2018.10.16-22.23.10:394][  1]LogCollectionManager: Rebuilt the object cache for 0 collections in 0.000000 seconds (found 0 objects)
[2018.10.16-22.23.10:394][  1]LogCollectionManager: Fixed up redirectors for 0 collections in 0.000111 seconds (updated 0 objects)
[2018.10.16-22.23.16:513][697]LogSlate: FSceneViewport::OnFocusLost() reason 0
[2018.10.16-22.23.16:563][703]LogTemp: Repeating last play command: Selected Viewport
[2018.10.16-22.23.16:581][703]LogBlueprintUserMessages: Early PlayInEditor Detection: Level '/Game/StarterContent/Maps/Minimal_Default.Minimal_Default:PersistentLevel' has LevelScriptBlueprint '/Game/StarterContent/Maps/Minimal_Default.Minimal_Default:PersistentLevel.Minimal_Default' with GeneratedClass '/Game/StarterContent/Maps/Minimal_Default.Minimal_Default_C' with ClassGeneratedBy '/Game/StarterContent/Maps/Minimal_Default.Minimal_Default:PersistentLevel.Minimal_Default'
[2018.10.16-22.23.16:581][703]LogPlayLevel: PlayLevel: No blueprints needed recompiling
[2018.10.16-22.23.16:597][703]PIE: New page: PIE session: Minimal_Default (17 Oct 2018 00:23:16)
[2018.10.16-22.23.16:597][703]LogPlayLevel: Creating play world package: /Game/StarterContent/Maps/UEDPIE_0_Minimal_Default
[2018.10.16-22.23.16:602][703]LogPlayLevel: PIE: StaticDuplicateObject took: (0.004954s)
[2018.10.16-22.23.16:603][703]LogAIModule: Creating AISystem for world Minimal_Default
[2018.10.16-22.23.16:603][703]LogPlayLevel: PIE: World Init took: (0.000990s)
[2018.10.16-22.23.16:603][703]LogPlayLevel: PIE: Created PIE world by copying editor world from /Game/StarterContent/Maps/Minimal_Default.Minimal_Default to /Game/StarterContent/Maps/UEDPIE_0_Minimal_Default.Minimal_Default (0.006411s)
[2018.10.16-22.23.16:634][703]LogInit: XAudio2 using 'Speakers (Realtek High Definition Audio)' : 2 channels at 48 kHz using 32 bits per sample (channel mask 0x3)
[2018.10.16-22.23.16:649][703]LogInit: FAudioDevice initialized.
[2018.10.16-22.23.16:855][703]LogLoad: Game class is 'MySideyCPPGameModeBase_C'
[2018.10.16-22.23.16:858][703]LogWorld: Bringing World /Game/StarterContent/Maps/UEDPIE_0_Minimal_Default.Minimal_Default up for play (max tick rate 0) at 2018.10.16-23.23.16
[2018.10.16-22.23.16:859][703]LogWorld: Bringing up level for play took: 0.001486
[2018.10.16-22.23.16:882][703]LogContentBrowser: Native class hierarchy updated for 'MovieSceneCapture' in 0.0005 seconds. Added 10 classes and 0 folders.
[2018.10.16-22.23.16:885][703]PIE: Play in editor start time for /Game/StarterContent/Maps/UEDPIE_0_Minimal_Default -0.463
[2018.10.16-22.23.16:886][703]LogBlueprintUserMessages: Late PlayInEditor Detection: Level '/Game/StarterContent/Maps/Minimal_Default.Minimal_Default:PersistentLevel' has LevelScriptBlueprint '/Game/StarterContent/Maps/Minimal_Default.Minimal_Default:PersistentLevel.Minimal_Default' with GeneratedClass '/Game/StarterContent/Maps/Minimal_Default.Minimal_Default_C' with ClassGeneratedBy '/Game/StarterContent/Maps/Minimal_Default.Minimal_Default:PersistentLevel.Minimal_Default'
[2018.10.16-22.23.22:926][403]LogBlueprintUserMessages: Early EndPlayMap Detection: Level '/Game/StarterContent/Maps/Minimal_Default.Minimal_Default:PersistentLevel' has LevelScriptBlueprint '/Game/StarterContent/Maps/Minimal_Default.Minimal_Default:PersistentLevel.Minimal_Default' with GeneratedClass '/Game/StarterContent/Maps/Minimal_Default.Minimal_Default_C' with ClassGeneratedBy '/Game/StarterContent/Maps/Minimal_Default.Minimal_Default:PersistentLevel.Minimal_Default'
[2018.10.16-22.23.22:926][403]LogSlate: Updating window title bar state: overlay mode, drag disabled, window buttons hidden, title bar hidden
[2018.10.16-22.23.22:967][403]LogPlayLevel: Display: Shutting down PIE online subsystems
[2018.10.16-22.23.22:968][403]LogBlueprintUserMessages: Late EndPlayMap Detection: Level '/Game/StarterContent/Maps/Minimal_Default.Minimal_Default:PersistentLevel' has LevelScriptBlueprint '/Game/StarterContent/Maps/Minimal_Default.Minimal_Default:PersistentLevel.Minimal_Default' with GeneratedClass '/Game/StarterContent/Maps/Minimal_Default.Minimal_Default_C' with ClassGeneratedBy '/Game/StarterContent/Maps/Minimal_Default.Minimal_Default:PersistentLevel.Minimal_Default'
[2018.10.16-22.23.23:005][403]LogSlate: Updating window title bar state: overlay mode, drag disabled, window buttons hidden, title bar hidden
[2018.10.16-22.23.23:036][404]LogPlayLevel: Display: Destroying online subsystem :Context_1
[2018.10.16-22.23.24:110][527]LogSlate: FSceneViewport::OnFocusLost() reason 0
[2018.10.16-22.23.24:176][535]LogTemp: Repeating last play command: Selected Viewport
[2018.10.16-22.23.24:193][535]LogBlueprintUserMessages: Early PlayInEditor Detection: Level '/Game/StarterContent/Maps/Minimal_Default.Minimal_Default:PersistentLevel' has LevelScriptBlueprint '/Game/StarterContent/Maps/Minimal_Default.Minimal_Default:PersistentLevel.Minimal_Default' with GeneratedClass '/Game/StarterContent/Maps/Minimal_Default.Minimal_Default_C' with ClassGeneratedBy '/Game/StarterContent/Maps/Minimal_Default.Minimal_Default:PersistentLevel.Minimal_Default'
[2018.10.16-22.23.24:193][535]LogPlayLevel: PlayLevel: No blueprints needed recompiling
[2018.10.16-22.23.24:193][535]PIE: New page: PIE session: Minimal_Default (17 Oct 2018 00:23:24)
[2018.10.16-22.23.24:194][535]LogPlayLevel: Creating play world package: /Game/StarterContent/Maps/UEDPIE_0_Minimal_Default
[2018.10.16-22.23.24:197][535]LogPlayLevel: PIE: StaticDuplicateObject took: (0.003247s)
[2018.10.16-22.23.24:198][535]LogAIModule: Creating AISystem for world Minimal_Default
[2018.10.16-22.23.24:198][535]LogPlayLevel: PIE: World Init took: (0.001129s)
[2018.10.16-22.23.24:198][535]LogPlayLevel: PIE: Created PIE world by copying editor world from /Game/StarterContent/Maps/Minimal_Default.Minimal_Default to /Game/StarterContent/Maps/UEDPIE_0_Minimal_Default.Minimal_Default (0.004785s)
[2018.10.16-22.23.24:225][535]LogInit: XAudio2 using 'Speakers (Realtek High Definition Audio)' : 2 channels at 48 kHz using 32 bits per sample (channel mask 0x3)
[2018.10.16-22.23.24:240][535]LogInit: FAudioDevice initialized.
[2018.10.16-22.23.24:278][535]LogLoad: Game class is 'MySideyCPPGameModeBase_C'
[2018.10.16-22.23.24:279][535]LogWorld: Bringing World /Game/StarterContent/Maps/UEDPIE_0_Minimal_Default.Minimal_Default up for play (max tick rate 0) at 2018.10.16-23.23.24
[2018.10.16-22.23.24:279][535]LogWorld: Bringing up level for play took: 0.000840
[2018.10.16-22.23.24:295][535]PIE: Play in editor start time for /Game/StarterContent/Maps/UEDPIE_0_Minimal_Default 0.947
[2018.10.16-22.23.24:295][535]LogBlueprintUserMessages: Late PlayInEditor Detection: Level '/Game/StarterContent/Maps/Minimal_Default.Minimal_Default:PersistentLevel' has LevelScriptBlueprint '/Game/StarterContent/Maps/Minimal_Default.Minimal_Default:PersistentLevel.Minimal_Default' with GeneratedClass '/Game/StarterContent/Maps/Minimal_Default.Minimal_Default_C' with ClassGeneratedBy '/Game/StarterContent/Maps/Minimal_Default.Minimal_Default:PersistentLevel.Minimal_Default'
[2018.10.16-22.23.35:752][860]LogBlueprintUserMessages: Early EndPlayMap Detection: Level '/Game/StarterContent/Maps/Minimal_Default.Minimal_Default:PersistentLevel' has LevelScriptBlueprint '/Game/StarterContent/Maps/Minimal_Default.Minimal_Default:PersistentLevel.Minimal_Default' with GeneratedClass '/Game/StarterContent/Maps/Minimal_Default.Minimal_Default_C' with ClassGeneratedBy '/Game/StarterContent/Maps/Minimal_Default.Minimal_Default:PersistentLevel.Minimal_Default'
[2018.10.16-22.23.35:752][860]LogSlate: Updating window title bar state: overlay mode, drag disabled, window buttons hidden, title bar hidden
[2018.10.16-22.23.35:792][860]LogPlayLevel: Display: Shutting down PIE online subsystems
[2018.10.16-22.23.35:792][860]LogBlueprintUserMessages: Late EndPlayMap Detection: Level '/Game/StarterContent/Maps/Minimal_Default.Minimal_Default:PersistentLevel' has LevelScriptBlueprint '/Game/StarterContent/Maps/Minimal_Default.Minimal_Default:PersistentLevel.Minimal_Default' with GeneratedClass '/Game/StarterContent/Maps/Minimal_Default.Minimal_Default_C' with ClassGeneratedBy '/Game/StarterContent/Maps/Minimal_Default.Minimal_Default:PersistentLevel.Minimal_Default'
[2018.10.16-22.23.35:822][860]LogSlate: Updating window title bar state: overlay mode, drag disabled, window buttons hidden, title bar hidden
[2018.10.16-22.23.35:857][863]LogPlayLevel: Display: Destroying online subsystem :Context_3
[2018.10.16-22.23.37:797][ 65]LogEditorViewport: Clicking on Actor (LMB): PlayerStart (Player Start)
[2018.10.16-22.23.39:382][234]LogNavigationPoint: PostEditMove Clear paths rebuilt
[2018.10.16-22.23.41:081][419]LogNavigationPoint: PostEditMove Clear paths rebuilt
[2018.10.16-22.23.43:957][718]LogNavigationPoint: PostEditMove Clear paths rebuilt
[2018.10.16-22.23.45:086][845]LogNavigationPoint: PostEditMove Clear paths rebuilt
[2018.10.16-22.23.45:910][942]LogNavigationPoint: PostEditMove Clear paths rebuilt
[2018.10.16-22.23.46:170][969]LogEditorViewport: Clicking on Actor (LMB): BP_Sky_Sphere_C (BP_Sky_Sphere)
[2018.10.16-22.23.48:259][203]LogSlate: Took 0.000289 seconds to synchronously load lazily loaded font '../../../Engine/Content/Slate/Fonts/Roboto-Light.ttf' (167K)
[2018.10.16-22.23.48:262][203]LogSlate: FSceneViewport::OnFocusLost() reason 2
[2018.10.16-22.23.48:427][203]LogSavePackage: Moving '../../../../../../Users/w017177h/Documents/GitHub/SpideyCPP/SideyCPP/Saved/Minimal_Default117AD47A42D60D15A724789C6E48FD25.tmp' to '../../../../../../Users/w017177h/Documents/GitHub/SpideyCPP/SideyCPP/Content/StarterContent/Maps/Minimal_Default.umap'
[2018.10.16-22.23.56:556][130]LogSlate: FSceneViewport::OnFocusLost() reason 0
[2018.10.16-22.23.56:631][139]LogTemp: Repeating last play command: Selected Viewport
[2018.10.16-22.23.56:654][139]LogBlueprintUserMessages: Early PlayInEditor Detection: Level '/Game/StarterContent/Maps/Minimal_Default.Minimal_Default:PersistentLevel' has LevelScriptBlueprint '/Game/StarterContent/Maps/Minimal_Default.Minimal_Default:PersistentLevel.Minimal_Default' with GeneratedClass '/Game/StarterContent/Maps/Minimal_Default.Minimal_Default_C' with ClassGeneratedBy '/Game/StarterContent/Maps/Minimal_Default.Minimal_Default:PersistentLevel.Minimal_Default'
[2018.10.16-22.23.56:654][139]LogPlayLevel: PlayLevel: No blueprints needed recompiling
[2018.10.16-22.23.56:654][139]PIE: New page: PIE session: Minimal_Default (17 Oct 2018 00:23:56)
[2018.10.16-22.23.56:654][139]LogPlayLevel: Creating play world package: /Game/StarterContent/Maps/UEDPIE_0_Minimal_Default
[2018.10.16-22.23.56:657][139]LogPlayLevel: PIE: StaticDuplicateObject took: (0.002894s)
[2018.10.16-22.23.56:658][139]LogAIModule: Creating AISystem for world Minimal_Default
[2018.10.16-22.23.56:658][139]LogPlayLevel: PIE: World Init took: (0.000789s)
[2018.10.16-22.23.56:659][139]LogPlayLevel: PIE: Created PIE world by copying editor world from /Game/StarterContent/Maps/Minimal_Default.Minimal_Default to /Game/StarterContent/Maps/UEDPIE_0_Minimal_Default.Minimal_Default (0.004031s)
[2018.10.16-22.23.56:689][139]LogInit: XAudio2 using 'Speakers (Realtek High Definition Audio)' : 2 channels at 48 kHz using 32 bits per sample (channel mask 0x3)
[2018.10.16-22.23.56:704][139]LogInit: FAudioDevice initialized.
[2018.10.16-22.23.56:739][139]LogLoad: Game class is 'MySideyCPPGameModeBase_C'
[2018.10.16-22.23.56:740][139]LogWorld: Bringing World /Game/StarterContent/Maps/UEDPIE_0_Minimal_Default.Minimal_Default up for play (max tick rate 0) at 2018.10.16-23.23.56
[2018.10.16-22.23.56:741][139]LogWorld: Bringing up level for play took: 0.000860
[2018.10.16-22.23.56:757][139]PIE: Play in editor start time for /Game/StarterContent/Maps/UEDPIE_0_Minimal_Default -0.591
[2018.10.16-22.23.56:757][139]LogBlueprintUserMessages: Late PlayInEditor Detection: Level '/Game/StarterContent/Maps/Minimal_Default.Minimal_Default:PersistentLevel' has LevelScriptBlueprint '/Game/StarterContent/Maps/Minimal_Default.Minimal_Default:PersistentLevel.Minimal_Default' with GeneratedClass '/Game/StarterContent/Maps/Minimal_Default.Minimal_Default_C' with ClassGeneratedBy '/Game/StarterContent/Maps/Minimal_Default.Minimal_Default:PersistentLevel.Minimal_Default'
[2018.10.16-22.24.07:355][370]LogBlueprintUserMessages: Early EndPlayMap Detection: Level '/Game/StarterContent/Maps/Minimal_Default.Minimal_Default:PersistentLevel' has LevelScriptBlueprint '/Game/StarterContent/Maps/Minimal_Default.Minimal_Default:PersistentLevel.Minimal_Default' with GeneratedClass '/Game/StarterContent/Maps/Minimal_Default.Minimal_Default_C' with ClassGeneratedBy '/Game/StarterContent/Maps/Minimal_Default.Minimal_Default:PersistentLevel.Minimal_Default'
[2018.10.16-22.24.07:356][370]LogSlate: Updating window title bar state: overlay mode, drag disabled, window buttons hidden, title bar hidden
[2018.10.16-22.24.07:393][370]LogPlayLevel: Display: Shutting down PIE online subsystems
[2018.10.16-22.24.07:393][370]LogBlueprintUserMessages: Late EndPlayMap Detection: Level '/Game/StarterContent/Maps/Minimal_Default.Minimal_Default:PersistentLevel' has LevelScriptBlueprint '/Game/StarterContent/Maps/Minimal_Default.Minimal_Default:PersistentLevel.Minimal_Default' with GeneratedClass '/Game/StarterContent/Maps/Minimal_Default.Minimal_Default_C' with ClassGeneratedBy '/Game/StarterContent/Maps/Minimal_Default.Minimal_Default:PersistentLevel.Minimal_Default'
[2018.10.16-22.24.07:420][370]LogSlate: Updating window title bar state: overlay mode, drag disabled, window buttons hidden, title bar hidden
[2018.10.16-22.24.07:455][373]LogPlayLevel: Display: Destroying online subsystem :Context_4
