Log file open, 10/28/18 21:36:51
LogWindows: Failed to load 'aqProf.dll' (GetLastError=126)
LogWindows: File 'aqProf.dll' does not exist
LogWindows: Failed to load 'VSPerf140.dll' (GetLastError=126)
LogWindows: File 'VSPerf140.dll' does not exist
LogWindows: Failed to load 'VtuneApi.dll' (GetLastError=126)
LogWindows: File 'VtuneApi.dll' does not exist
LogWindows: Failed to load 'VtuneApi32e.dll' (GetLastError=126)
LogWindows: File 'VtuneApi32e.dll' does not exist
LogInit: Display: Running engine for game: SideyCPP
LogPlatformFile: Not using cached read wrapper
LogTaskGraph: Started task graph with 5 named threads and 23 total threads with 3 sets of task threads.
LogStats: Stats thread started at 0.549329
LogD3D11RHI: Loaded GFSDK_Aftermath_Lib.x64.dll
LogICUInternationalization: Display: ICU TimeZone Detection - Raw Offset: +0:00, Platform Override: ''
LogPluginManager: Mounting plugin Paper2D
LogPluginManager: Mounting plugin AISupport
LogPluginManager: Mounting plugin LightPropagationVolume
LogPluginManager: Mounting plugin CLionSourceCodeAccess
LogPluginManager: Mounting plugin CodeLiteSourceCodeAccess
LogPluginManager: Mounting plugin GitSourceControl
LogPluginManager: Mounting plugin KDevelopSourceCodeAccess
LogPluginManager: Mounting plugin NullSourceCodeAccess
LogPluginManager: Mounting plugin PerforceSourceControl
LogPluginManager: Mounting plugin SubversionSourceControl
LogPluginManager: Mounting plugin UObjectPlugin
LogPluginManager: Mounting plugin VisualStudioCodeSourceCodeAccess
LogPluginManager: Mounting plugin VisualStudioSourceCodeAccess
LogPluginManager: Mounting plugin XCodeSourceCodeAccess
LogPluginManager: Mounting plugin AssetManagerEditor
LogPluginManager: Mounting plugin CryptoKeys
LogPluginManager: Mounting plugin DataValidation
LogPluginManager: Mounting plugin FacialAnimation
LogPluginManager: Mounting plugin GameplayTagsEditor
LogPluginManager: Mounting plugin MacGraphicsSwitching
LogPluginManager: Mounting plugin MeshEditor
LogPluginManager: Mounting plugin MobileLauncherProfileWizard
LogPluginManager: Mounting plugin PluginBrowser
LogPluginManager: Mounting plugin SpeedTreeImporter
LogPluginManager: Mounting plugin DatasmithContent
LogPluginManager: Mounting plugin AlembicImporter
LogPluginManager: Mounting plugin AppleImageUtils
LogPluginManager: Mounting plugin AppleVision
LogPluginManager: Mounting plugin BackChannel
LogPluginManager: Mounting plugin CharacterAI
LogPluginManager: Mounting plugin GeometryCache
LogPluginManager: Mounting plugin HTML5Networking
LogPluginManager: Mounting plugin ProxyLODPlugin
LogPluginManager: Mounting plugin MagicLeap
LogPluginManager: Mounting plugin MagicLeapEmulator
LogPluginManager: Mounting plugin MagicLeapMedia
LogPluginManager: Mounting plugin AndroidMedia
LogPluginManager: Mounting plugin AvfMedia
LogPluginManager: Mounting plugin ImgMedia
LogPluginManager: Mounting plugin LinearTimecode
LogPluginManager: Mounting plugin MediaCompositing
LogPluginManager: Mounting plugin MediaPlayerEditor
LogPluginManager: Mounting plugin WmfMedia
LogPluginManager: Mounting plugin TcpMessaging
LogPluginManager: Mounting plugin UdpMessaging
LogPluginManager: Mounting plugin ActorSequence
LogPluginManager: Mounting plugin LevelSequenceEditor
LogPluginManager: Mounting plugin MatineeToLevelSequence
LogPluginManager: Mounting plugin NetcodeUnitTest
LogPluginManager: Mounting plugin NUTUnrealEngine4
LogPluginManager: Mounting plugin OnlineSubsystemGooglePlay
LogPluginManager: Mounting plugin OnlineSubsystemIOS
LogPluginManager: Mounting plugin OnlineSubsystem
LogPluginManager: Mounting plugin OnlineSubsystemNull
LogPluginManager: Mounting plugin OnlineSubsystemUtils
LogPluginManager: Mounting plugin LauncherChunkInstaller
LogPluginManager: Mounting plugin AndroidDeviceProfileSelector
LogPluginManager: Mounting plugin AndroidMoviePlayer
LogPluginManager: Mounting plugin AndroidPermission
LogPluginManager: Mounting plugin ApexDestruction
LogPluginManager: Mounting plugin AppleMoviePlayer
LogPluginManager: Mounting plugin ArchVisCharacter
LogPluginManager: Mounting plugin AudioCapture
LogPluginManager: Mounting plugin CableComponent
LogPluginManager: Mounting plugin CustomMeshComponent
LogPluginManager: Mounting plugin EditableMesh
LogPluginManager: Mounting plugin ExampleDeviceProfileSelector
LogPluginManager: Mounting plugin GoogleCloudMessaging
LogPluginManager: Mounting plugin ImmediatePhysics
LogPluginManager: Mounting plugin IOSDeviceProfileSelector
LogPluginManager: Mounting plugin LinuxDeviceProfileSelector
LogPluginManager: Mounting plugin LocationServicesBPLibrary
LogPluginManager: Mounting plugin MobilePatchingUtils
LogPluginManager: Mounting plugin OculusVR
LogPluginManager: Plugin shader directory ../../../Engine/Plugins/Runtime/Oculus/OculusVR/Shaders found
LogPluginManager: Mapping shader source directory ../../../Engine/Plugins/Runtime/Oculus/OculusVR/Shaders to virtual directory /Plugin/OculusVR
LogPluginManager: Mounting plugin PhysXVehicles
LogPluginManager: Mounting plugin ProceduralMeshComponent
LogPluginManager: Mounting plugin RuntimePhysXCooking
LogPluginManager: Mounting plugin SteamVR
LogPluginManager: Mounting plugin WindowsMoviePlayer
LogStreaming: Display: Took  0.416s to configure plugins.
LogInit: Using libcurl 7.55.1-DEV
LogInit:  - built for x86_64-pc-win32
LogInit:  - supports SSL with OpenSSL/1.0.2h
LogInit:  - supports HTTP deflate (compression) using libz 1.2.8
LogInit:  - other features:
LogInit:      CURL_VERSION_SSL
LogInit:      CURL_VERSION_LIBZ
LogInit:      CURL_VERSION_IPV6
LogInit:      CURL_VERSION_ASYNCHDNS
LogInit:      CURL_VERSION_LARGEFILE
LogInit:      CURL_VERSION_IDN
LogInit:  CurlRequestOptions (configurable via config and command line):
LogInit:  - bVerifyPeer = false  - Libcurl will NOT verify peer certificate
LogInit:  - bUseHttpProxy = false  - Libcurl will NOT use HTTP proxy
LogInit:  - bDontReuseConnections = false  - Libcurl will reuse connections
LogInit:  - CertBundlePath = nullptr  - Libcurl will use whatever was configured at build time.
LogInit:  - MaxHostConnections = 16  - Libcurl will limit the number of connections to a host
LogInit:  - LocalHostAddr = Default
LogInit:  - BufferSize = 65536
LogInit: WinSock: version 1.1 (2.2), MaxSocks=32767, MaxUdp=65467
LogInit: Build: ++UE4+Release-4.20-CL-4369336
LogInit: Engine Version: 4.20.3-4369336+++UE4+Release-4.20
LogInit: Compatible Engine Version: 4.20.0-4212847+++UE4+Release-4.20
LogInit: Net CL: 4212847
LogInit: OS: Windows 10 (), CPU:        Intel(R) Xeon(R) CPU E5-1620 0 @ 3.60GHz, GPU: NVIDIA GeForce GTX 660 Ti
LogInit: Compiled (64-bit): Sep 17 2018 12:26:19
LogInit: Compiled with Visual C++: 19.13.26129.00
LogInit: Build Configuration: Development
LogInit: Branch Name: ++UE4+Release-4.20
LogInit: Command Line:  -skipcompile
LogInit: Base Directory: C:/Epic/UE4/UE_4.20/Engine/Binaries/Win64/
LogInit: Installed Engine Build: 1
LogDevObjectVersion: Number of dev versions registered: 20
LogDevObjectVersion:   Dev-Blueprints (B0D832E4-1F89-4F0D-ACCF-7EB736FD4AA2): 10
LogDevObjectVersion:   Dev-Build (E1C64328-A22C-4D53-A36C-8E866417BD8C): 0
LogDevObjectVersion:   Dev-Core (375EC13C-06E4-48FB-B500-84F0262A717E): 2
LogDevObjectVersion:   Dev-Editor (E4B068ED-F494-42E9-A231-DA0B2E46BB41): 24
LogDevObjectVersion:   Dev-Framework (CFFC743F-43B0-4480-9391-14DF171D2073): 34
LogDevObjectVersion:   Dev-Mobile (B02B49B5-BB20-44E9-A304-32B752E40360): 2
LogDevObjectVersion:   Dev-Networking (A4E4105C-59A1-49B5-A7C5-40C4547EDFEE): 0
LogDevObjectVersion:   Dev-Online (39C831C9-5AE6-47DC-9A44-9C173E1C8E7C): 0
LogDevObjectVersion:   Dev-Physics (78F01B33-EBEA-4F98-B9B4-84EACCB95AA2): 0
LogDevObjectVersion:   Dev-Platform (6631380F-2D4D-43E0-8009-CF276956A95A): 0
LogDevObjectVersion:   Dev-Rendering (12F88B9F-8875-4AFC-A67C-D90C383ABD29): 26
LogDevObjectVersion:   Dev-Sequencer (7B5AE74C-D270-4C10-A958-57980B212A5A): 9
LogDevObjectVersion:   Dev-VR (D7296918-1DD6-4BDD-9DE2-64A83CC13884): 2
LogDevObjectVersion:   Dev-LoadTimes (C2A15278-BFE7-4AFE-6C17-90FF531DF755): 1
LogDevObjectVersion:   Private-Geometry (6EACA3D4-40EC-4CC1-B786-8BED09428FC5): 3
LogDevObjectVersion:   Dev-AnimPhys (29E575DD-E0A3-4627-9D10-D276232CDCEA): 17
LogDevObjectVersion:   Dev-ReflectionCapture (6B266CEC-1EC7-4B8F-A30B-E4D90942FC07): 1
LogDevObjectVersion:   Dev-Automation (0DF73D61-A23F-47EA-B727-89E90C41499A): 1
LogDevObjectVersion:   FortniteMain (601D1886-AC64-4F84-AA16-D3DE0DEAC7D6): 12
LogDevObjectVersion:   Dev-Enterprise (9DFFBCD6-494F-0158-E221-12823C92A888): 1
LogStreaming: Display: Took  0.012s to delete old logs.
LogInit: Presizing for max 8388607 objects, including 0 objects not considered by GC, pre-allocating 0 bytes for permanent pool.
LogInit: Object subsystem initialized
[2018.10.28-21.36.52:677][  0]LogInit: Selected Device Profile: [Windows]
[2018.10.28-21.36.52:677][  0]LogInit: Applying CVar settings loaded from the selected device profile: [Windows]
[2018.10.28-21.36.52:705][  0]LogHAL: Display: Platform has ~ 16 GB [17100050432 / 17179869184 / 16], which maps to Larger [LargestMinGB=32, LargerMinGB=12, DefaultMinGB=8, SmallerMinGB=6, SmallestMinGB=0)
[2018.10.28-21.36.52:705][  0]LogInit: Setting Device Profile CVar: [[r.Vulkan.UseRealUBs:1]]
[2018.10.28-21.36.52:705][  0]LogInit: Going up to parent DeviceProfile []
[2018.10.28-21.36.52:713][  0]LogInit: Computer: C108-34A
[2018.10.28-21.36.52:713][  0]LogInit: User: w017177h
[2018.10.28-21.36.52:713][  0]LogInit: CPU Page size=4096, Cores=4
[2018.10.28-21.36.52:713][  0]LogInit: High frequency timer resolution =3.507174 MHz
[2018.10.28-21.36.52:714][  0]LogMemory: Memory total: Physical=15.9GB (16GB approx)
[2018.10.28-21.36.52:714][  0]LogMemory: Platform Memory Stats for Windows
[2018.10.28-21.36.52:714][  0]LogMemory: Process Physical Memory: 102.25 MB used, 102.25 MB peak
[2018.10.28-21.36.52:714][  0]LogMemory: Process Virtual Memory: 93.52 MB used, 93.52 MB peak
[2018.10.28-21.36.52:714][  0]LogMemory: Physical Memory: 6816.34 MB used,  9491.54 MB free, 16307.88 MB total
[2018.10.28-21.36.52:714][  0]LogMemory: Virtual Memory: 4642.15 MB used,  9491.54 MB free, 134217728.00 MB total
[2018.10.28-21.36.53:402][  0]LogInit: Using OS detected language (en-US).
[2018.10.28-21.36.53:402][  0]LogInit: Using OS detected locale (en-GB).
[2018.10.28-21.36.53:404][  0]LogTextLocalizationManager: No specific localization for 'en-US' exists, so the 'en' localization will be used.
[2018.10.28-21.36.54:009][  0]LogStreaming: Display: Took  0.607s to InitEngineTextLocalization.
[2018.10.28-21.36.54:010][  0]LogInit: Setting process to per monitor DPI aware
[2018.10.28-21.36.54:180][  0]LogSlate: New Slate User Created.  User Index 0, Is Virtual User: 0
[2018.10.28-21.36.54:180][  0]LogSlate: Slate User Registered.  User Index 0, Is Virtual User: 0
[2018.10.28-21.36.57:194][  0]LogHMD: Failed to initialize OpenVR with code 110
[2018.10.28-21.36.57:194][  0]LogD3D11RHI: D3D11 adapters:
[2018.10.28-21.36.57:342][  0]LogD3D11RHI:    0. 'NVIDIA GeForce GTX 660 Ti' (Feature Level 11_0)
[2018.10.28-21.36.57:343][  0]LogD3D11RHI:       1998/0/8153 MB DedicatedVideo/DedicatedSystem/SharedSystem, Outputs:2, VendorId:0x10de
[2018.10.28-21.36.57:349][  0]LogD3D11RHI:    1. 'Microsoft Basic Render Driver' (Feature Level 11_0)
[2018.10.28-21.36.57:349][  0]LogD3D11RHI:       0/0/8153 MB DedicatedVideo/DedicatedSystem/SharedSystem, Outputs:0, VendorId:0x1414
[2018.10.28-21.36.57:349][  0]LogD3D11RHI: Chosen D3D11 Adapter: 0
[2018.10.28-21.36.57:361][  0]LogD3D11RHI: Creating new Direct3DDevice
[2018.10.28-21.36.57:362][  0]LogD3D11RHI:     GPU DeviceId: 0x1183 (for the marketing name, search the web for "GPU Device Id")
[2018.10.28-21.36.57:362][  0]LogWindows: EnumDisplayDevices:
[2018.10.28-21.36.57:362][  0]LogWindows:    0. 'NVIDIA GeForce GTX 660 Ti' (P:1 D:1)
[2018.10.28-21.36.57:362][  0]LogWindows:    1. 'NVIDIA GeForce GTX 660 Ti' (P:0 D:1)
[2018.10.28-21.36.57:363][  0]LogWindows:    2. 'NVIDIA GeForce GTX 660 Ti' (P:0 D:0)
[2018.10.28-21.36.57:364][  0]LogWindows:    3. 'NVIDIA GeForce GTX 660 Ti' (P:0 D:0)
[2018.10.28-21.36.57:364][  0]LogWindows: DebugString: FoundDriverCount:4 
[2018.10.28-21.36.57:364][  0]LogD3D11RHI:     Adapter Name: NVIDIA GeForce GTX 660 Ti
[2018.10.28-21.36.57:364][  0]LogD3D11RHI:   Driver Version: 399.24 (internal:24.21.13.9924, unified:399.24)
[2018.10.28-21.36.57:364][  0]LogD3D11RHI:      Driver Date: 9-5-2018
[2018.10.28-21.36.57:364][  0]LogRHI: Texture pool is 1398 MB (70% of 1998 MB)
[2018.10.28-21.36.57:449][  0]LogD3D11RHI: Async texture creation enabled
[2018.10.28-21.36.57:468][  0]LogD3D11RHI: GPU Timing Frequency: 1000.000000 (Debug: 2 2)
[2018.10.28-21.36.57:472][  0]LogShaderCompilers: Guid format shader working directory is -20 characters bigger than the processId version (../../../../../../Users/w017177h/Documents/GitHub/SpideyCPP/SideyCPP/Intermediate/Shaders/WorkingDirectory/14588/).
[2018.10.28-21.36.57:472][  0]LogShaderCompilers: Cleaned the shader compiler working directory 'C:/Users/w017177h/AppData/Local/Temp/UnrealShaderWorkingDir/4B098437436342378C4B70A71A2086D5/'.
[2018.10.28-21.36.58:309][  0]LogTemp: Display: Loaded TP AllDesktopTargetPlatform
[2018.10.28-21.36.58:346][  0]LogTemp: Display: Loaded TP MacClientTargetPlatform
[2018.10.28-21.36.58:379][  0]LogTemp: Display: Loaded TP MacNoEditorTargetPlatform
[2018.10.28-21.36.58:414][  0]LogTemp: Display: Loaded TP MacServerTargetPlatform
[2018.10.28-21.36.58:452][  0]LogTemp: Display: Loaded TP MacTargetPlatform
[2018.10.28-21.36.58:473][  0]LogTemp: Display: Loaded TP WindowsClientTargetPlatform
[2018.10.28-21.36.58:497][  0]LogTemp: Display: Loaded TP WindowsNoEditorTargetPlatform
[2018.10.28-21.36.58:520][  0]LogTemp: Display: Loaded TP WindowsServerTargetPlatform
[2018.10.28-21.36.58:533][  0]LogTemp: Display: Loaded TP WindowsTargetPlatform
[2018.10.28-21.36.58:659][  0]LogTemp: Display: Loaded TP AndroidTargetPlatform
[2018.10.28-21.36.58:659][  0]LogTemp: Display: Loaded TP AndroidTargetPlatform
[2018.10.28-21.36.58:659][  0]LogTemp: Display: Loaded TP AndroidTargetPlatform
[2018.10.28-21.36.58:659][  0]LogTemp: Display: Loaded TP AndroidTargetPlatform
[2018.10.28-21.36.58:659][  0]LogTemp: Display: Loaded TP AndroidTargetPlatform
[2018.10.28-21.36.58:659][  0]LogTemp: Display: Loaded TP AndroidTargetPlatform
[2018.10.28-21.36.58:659][  0]LogTemp: Display: Loaded TP AndroidTargetPlatform
[2018.10.28-21.36.58:659][  0]LogTemp: Display: Loaded TP AndroidTargetPlatform
[2018.10.28-21.36.58:659][  0]LogTemp: Display: Loaded TP AndroidTargetPlatform
[2018.10.28-21.36.58:659][  0]LogTemp: Display: Loaded TP AndroidTargetPlatform
[2018.10.28-21.36.58:659][  0]LogTemp: Display: Loaded TP AndroidTargetPlatform
[2018.10.28-21.36.58:659][  0]LogTemp: Display: Loaded TP AndroidTargetPlatform
[2018.10.28-21.36.58:659][  0]LogTemp: Display: Loaded TP AndroidTargetPlatform
[2018.10.28-21.36.58:660][  0]LogTemp: Display: Loaded TP AndroidTargetPlatform
[2018.10.28-21.36.58:660][  0]LogTemp: Display: Loaded TP AndroidTargetPlatform
[2018.10.28-21.36.58:660][  0]LogTemp: Display: Loaded TP AndroidTargetPlatform
[2018.10.28-21.36.58:660][  0]LogTemp: Display: Loaded TP AndroidTargetPlatform
[2018.10.28-21.36.58:660][  0]LogTemp: Display: Loaded TP AndroidTargetPlatform
[2018.10.28-21.36.58:664][  0]LogTemp: Display: Loaded TP HTML5TargetPlatform
[2018.10.28-21.36.58:757][  0]LogTemp: Display: Loaded TP IOSTargetPlatform
[2018.10.28-21.36.58:757][  0]LogTemp: Display: Loaded TP IOSTargetPlatform
[2018.10.28-21.36.58:790][  0]LogTemp: Display: Loaded TP TVOSTargetPlatform
[2018.10.28-21.36.58:790][  0]LogTemp: Display: Loaded TP TVOSTargetPlatform
[2018.10.28-21.36.58:810][  0]LogTemp: Display: Loaded TP LinuxClientTargetPlatform
[2018.10.28-21.36.58:840][  0]LogTemp: Display: Loaded TP LinuxNoEditorTargetPlatform
[2018.10.28-21.36.58:859][  0]LogTemp: Display: Loaded TP LinuxServerTargetPlatform
[2018.10.28-21.36.58:890][  0]LogTemp: Display: Loaded TP LinuxTargetPlatform
[2018.10.28-21.36.58:906][  0]LogTemp: Display: Loaded TP LuminTargetPlatform
[2018.10.28-21.36.58:906][  0]LogTargetPlatformManager: Display: Building Assets For Windows
[2018.10.28-21.36.59:167][  0]LogXGEController: Cleaning working directory: C:/Users/w017177h/AppData/Local/Temp/UnrealXGEWorkingDir/
[2018.10.28-21.36.59:168][  0]LogXGEController: Cannot use XGE Controller as Incredibuild is not installed on this machine.
[2018.10.28-21.36.59:168][  0]LogShaderCompilers: Cannot use XGE Shader Compiler as Incredibuild is not installed on this machine.
[2018.10.28-21.36.59:169][  0]LogShaderCompilers: Display: Using Local Shader Compiler.
[2018.10.28-21.37.01:667][  0]LogDerivedDataCache: Display: Max Cache Size: 512 MB
[2018.10.28-21.37.01:769][  0]LogDerivedDataCache: Loaded boot cache 0.10s 71MB C:/Users/w017177h/AppData/Local/UnrealEngine/4.20/DerivedDataCache/Boot.ddc.
[2018.10.28-21.37.01:770][  0]LogDerivedDataCache: Display: Loaded Boot cache: C:/Users/w017177h/AppData/Local/UnrealEngine/4.20/DerivedDataCache/Boot.ddc
[2018.10.28-21.37.01:770][  0]LogDerivedDataCache: FDerivedDataBackendGraph:  Pak pak cache file ../../../../../../Users/w017177h/Documents/GitHub/SpideyCPP/SideyCPP/DerivedDataCache/DDC.ddp not found, will not use a pak cache.
[2018.10.28-21.37.01:770][  0]LogDerivedDataCache: Unable to find inner node Pak for hierarchical cache Hierarchy.
[2018.10.28-21.37.01:771][  0]LogDerivedDataCache: FDerivedDataBackendGraph:  CompressedPak pak cache file ../../../../../../Users/w017177h/Documents/GitHub/SpideyCPP/SideyCPP/DerivedDataCache/Compressed.ddp not found, will not use a pak cache.
[2018.10.28-21.37.01:771][  0]LogDerivedDataCache: Unable to find inner node CompressedPak for hierarchical cache Hierarchy.
[2018.10.28-21.37.01:804][  0]LogDerivedDataCache: Display: Pak cache opened for reading ../../../Engine/DerivedDataCache/Compressed.ddp.
[2018.10.28-21.37.01:818][  0]LogDerivedDataCache: Using Local data cache path C:/Users/w017177h/AppData/Local/UnrealEngine/Common/DerivedDataCache: Writable
[2018.10.28-21.37.01:818][  0]LogDerivedDataCache: Shared data cache path not found in *engine.ini, will not use an Shared cache.
[2018.10.28-21.37.01:818][  0]LogDerivedDataCache: Unable to find inner node Shared for hierarchical cache Hierarchy.
[2018.10.28-21.37.01:842][  0]LogMaterial: Verifying Global Shaders for PCD3D_SM5
[2018.10.28-21.37.01:843][  0]LogSlate: Using FreeType 2.6.0
[2018.10.28-21.37.01:862][  0]LogSlate: SlateFontServices - WITH_FREETYPE: 1, WITH_HARFBUZZ: 1
[2018.10.28-21.37.02:087][  0]LogAssetRegistry: FAssetRegistry took 0.0320 seconds to start up
[2018.10.28-21.37.02:725][  0]LogInit: Selected Device Profile: [Windows]
[2018.10.28-21.37.03:168][  0]LogSimplygon: Simplygon DLL not present - disabling.
[2018.10.28-21.37.03:181][  0]LogMeshReduction: Using SimplygonSwarm for distributed automatic mesh merging
[2018.10.28-21.37.03:181][  0]LogMeshReduction: Using ProxyLODMeshReduction for automatic mesh merging
[2018.10.28-21.37.03:181][  0]LogMeshReduction: Using QuadricMeshReduction for automatic static mesh reduction
[2018.10.28-21.37.03:181][  0]LogMeshReduction: No automatic skeletal mesh reduction module available
[2018.10.28-21.37.03:233][  0]LogNetVersion: SideyCPP 1.0.0, NetCL: 4212847, EngineNetVer: 5, GameNetVer: 0 (Checksum: 583984258)
[2018.10.28-21.37.05:385][  0]LogPackageLocalizationCache: Processed 11 localized package path(s) for 2 prioritized culture(s) in 0.208408 seconds
[2018.10.28-21.37.05:398][  0]LogUObjectArray: 38425 objects as part of root set at end of initial load.
[2018.10.28-21.37.05:398][  0]LogUObjectAllocator: 6690872 out of 0 bytes used by permanent object pool.
[2018.10.28-21.37.05:398][  0]LogUObjectArray: CloseDisregardForGC: 0/0 objects in disregard for GC pool
[2018.10.28-21.37.08:686][  0]LogTcpMessaging: Initializing TcpMessaging bridge
[2018.10.28-21.37.08:703][  0]LogUdpMessaging: Initializing bridge on interface 0.0.0.0:0 to multicast group 230.0.0.1:6666.
[2018.10.28-21.37.09:250][  0]SourceControl: Source control is disabled
[2018.10.28-21.37.09:250][  0]SourceControl: Source control is disabled
[2018.10.28-21.37.09:254][  0]SourceControl: Source control is disabled
[2018.10.28-21.37.09:258][  0]SourceControl: Source control is disabled
[2018.10.28-21.37.09:680][  0]LogAndroidPermission: UAndroidPermissionCallbackProxy::GetInstance
[2018.10.28-21.37.09:807][  0]LogOcInput: OculusInput pre-init called
[2018.10.28-21.37.09:958][  0]LogEngine: Initializing Engine...
[2018.10.28-21.37.09:960][  0]LogHMD: Failed to initialize OpenVR with code 110
[2018.10.28-21.37.09:963][  0]LogStats: UGameplayTagsManager::ConstructGameplayTagTree: ImportINI prefixes -  0.000 s
[2018.10.28-21.37.09:963][  0]LogStats: UGameplayTagsManager::ConstructGameplayTagTree: Construct from data asset -  0.000 s
[2018.10.28-21.37.09:964][  0]LogStats: UGameplayTagsManager::ConstructGameplayTagTree: ImportINI -  0.000 s
[2018.10.28-21.37.09:964][  0]LogStats: UGameplayTagsManager::ConstructGameplayTagTree: GameplayTagTreeChangedEvent.Broadcast -  0.000 s
[2018.10.28-21.37.10:523][  0]LogInit: Initializing FReadOnlyCVARCache
[2018.10.28-21.37.10:563][  0]LogAIModule: Creating AISystem for world Untitled
[2018.10.28-21.37.10:583][  0]LogInit: XAudio2 using 'Speakers (Realtek High Definition Audio)' : 2 channels at 48 kHz using 32 bits per sample (channel mask 0x3)
[2018.10.28-21.37.10:624][  0]LogInit: FAudioDevice initialized.
[2018.10.28-21.37.10:624][  0]LogNetVersion: Set ProjectVersion to 1.0.0.0. Version Checksum will be recalculated on next use.
[2018.10.28-21.37.10:794][  0]LogDerivedDataCache: Saved boot cache 0.17s 71MB C:/Users/w017177h/AppData/Local/UnrealEngine/4.20/DerivedDataCache/Boot.ddc.
[2018.10.28-21.37.10:821][  0]LogInit: Texture streaming: Enabled
[2018.10.28-21.37.10:876][  0]LogEngineSessionManager: EngineSessionManager initialized
[2018.10.28-21.37.10:876][  0]LogEngineSessionManager: EngineSessionManager sent abnormal shutdown report. Type=Debugger, SessionId={0E781DA0-47A4-8A9D-3578-B8AB403FA966}
[2018.10.28-21.37.10:876][  0]LogEngineSessionManager: EngineSessionManager sent abnormal shutdown report. Type=Debugger, SessionId={38903FDF-49FE-D9AB-5418-1B88893CE0AD}
[2018.10.28-21.37.10:904][  0]LogInit: Transaction tracking system initialized
[2018.10.28-21.37.10:993][  0]BlueprintLog: New page: Editor Load
[2018.10.28-21.37.11:259][  0]LocalizationService: Localization service is disabled
[2018.10.28-21.37.12:041][  0]LogCook: Display: Max memory allowance for cook 16384mb min free memory 0mb
[2018.10.28-21.37.12:042][  0]LogCook: Display: Mobile HDR setting 1
[2018.10.28-21.37.12:042][  0]LogGameplayTags: Display: UGameplayTagsManager::DoneAddingNativeTags. DelegateIsBound: 0
[2018.10.28-21.37.12:042][  0]LogStats: UGameplayTagsManager::ConstructGameplayTagTree: ImportINI prefixes -  0.000 s
[2018.10.28-21.37.12:042][  0]LogStats: UGameplayTagsManager::ConstructGameplayTagTree: Construct from data asset -  0.000 s
[2018.10.28-21.37.12:043][  0]LogStats: UGameplayTagsManager::ConstructGameplayTagTree: ImportINI -  0.000 s
[2018.10.28-21.37.12:043][  0]LogStats: UGameplayTagsManager::ConstructGameplayTagTree: GameplayTagTreeChangedEvent.Broadcast -  0.000 s
[2018.10.28-21.37.12:414][  0]LogFileCache: Scanning file cache for directory 'C:/Users/w017177h/Documents/GitHub/SpideyCPP/SideyCPP/Content/' took 0.05s
[2018.10.28-21.37.12:414][  0]SourceControl: Source control is disabled
[2018.10.28-21.37.12:415][  0]Cmd: MAP LOAD FILE="../../../../../../Users/w017177h/Documents/GitHub/SpideyCPP/SideyCPP/Content/StarterContent/Maps/Minimal_Default.umap" TEMPLATE=0 SHOWPROGRESS=1 FEATURELEVEL=3
[2018.10.28-21.37.12:420][  0]LightingResults: New page: Lighting Build
[2018.10.28-21.37.12:426][  0]MapCheck: New page: Map Check
[2018.10.28-21.37.12:427][  0]LightingResults: New page: Lighting Build
[2018.10.28-21.37.16:866][  0]LogAIModule: Creating AISystem for world Minimal_Default
[2018.10.28-21.37.25:436][  0]LogEditorServer: Finished looking for orphan Actors (0.007 secs)
[2018.10.28-21.37.25:978][  0]Cmd: MAP CHECKDEP NOCLEARLOG
[2018.10.28-21.37.26:301][  0]MapCheck: Map check complete: 0 Error(s), 0 Warning(s), took 322.498ms to complete.
[2018.10.28-21.37.26:302][  0]LogFileHelpers: Loading map 'Minimal_Default' took 13.887
[2018.10.28-21.37.26:538][  0]LogSlate: Updating window title bar state: overlay mode, drag disabled, window buttons hidden, title bar hidden
[2018.10.28-21.37.26:554][  0]LogSlate: Updating window title bar state: overlay mode, drag disabled, window buttons hidden, title bar hidden
[2018.10.28-21.37.26:565][  0]LogSlate: Updating window title bar state: overlay mode, drag disabled, window buttons hidden, title bar hidden
[2018.10.28-21.37.26:577][  0]LogSlate: Updating window title bar state: overlay mode, drag disabled, window buttons hidden, title bar hidden
[2018.10.28-21.37.26:597][  0]LogCollectionManager: Loaded 0 collections in 0.004683 seconds
[2018.10.28-21.37.26:655][  0]LogFileCache: Scanning file cache for directory 'C:/Users/w017177h/Documents/GitHub/SpideyCPP/SideyCPP/Saved/Collections/' took 0.01s
[2018.10.28-21.37.26:655][  0]LogFileCache: Scanning file cache for directory 'C:/Users/w017177h/Documents/GitHub/SpideyCPP/SideyCPP/Content/Developers/w017177h/Collections/' took 0.01s
[2018.10.28-21.37.26:655][  0]LogFileCache: Scanning file cache for directory 'C:/Users/w017177h/Documents/GitHub/SpideyCPP/SideyCPP/Content/Collections/' took 0.01s
[2018.10.28-21.37.26:655][  0]LogCollectionManager: Rebuilt the GUID cache for 0 collections in 0.000000 seconds
[2018.10.28-21.37.26:669][  0]LogContentBrowser: Native class hierarchy populated in 0.0129 seconds. Added 2586 classes and 610 folders.
[2018.10.28-21.37.26:682][  0]LogContentBrowser: Native class hierarchy updated for 'WidgetCarousel' in 0.0006 seconds. Added 0 classes and 0 folders.
[2018.10.28-21.37.27:134][  0]LogContentBrowser: Native class hierarchy updated for 'AddContentDialog' in 0.0006 seconds. Added 0 classes and 0 folders.
[2018.10.28-21.37.27:147][  0]LogContentBrowser: Native class hierarchy updated for 'SceneOutliner' in 0.0007 seconds. Added 1 classes and 2 folders.
[2018.10.28-21.37.27:379][  0]LogSlate: Took 0.007743 seconds to synchronously load lazily loaded font '../../../Engine/Content/Slate/Fonts/Roboto-Regular.ttf' (155K)
[2018.10.28-21.37.27:390][  0]LogSlate: Took 0.006895 seconds to synchronously load lazily loaded font '../../../Engine/Content/Slate/Fonts/Roboto-Bold.ttf' (160K)
[2018.10.28-21.37.27:427][  0]LogSlate: Took 0.031504 seconds to synchronously load lazily loaded font '../../../Engine/Content/Editor/Slate/Fonts/FontAwesome.ttf' (139K)
[2018.10.28-21.37.27:709][  0]LogRenderer: Reallocating scene render targets to support 1208x576 Format 10 NumSamples 1 (Frame:1).
[2018.10.28-21.37.27:970][  0]LogContentBrowser: Native class hierarchy updated for 'HierarchicalLODOutliner' in 0.0017 seconds. Added 0 classes and 0 folders.
[2018.10.28-21.37.27:971][  0]LogLoad: (Engine Initialization) Total time: 41.32 seconds
[2018.10.28-21.37.27:971][  0]LogLoad: (Engine Initialization) Total Blueprint compile time: 0.00 seconds
[2018.10.28-21.37.28:055][  0]LogContentStreaming: Texture pool size now 1000 MB
[2018.10.28-21.37.28:128][  0]LogSlate: Took 0.009648 seconds to synchronously load lazily loaded font '../../../Engine/Content/Slate/Fonts/Roboto-Light.ttf' (167K)
[2018.10.28-21.37.28:213][  2]LogAssetRegistry: Asset discovery search completed in 26.1520 seconds
[2018.10.28-21.37.28:215][  2]LogCollectionManager: Rebuilt the object cache for 0 collections in 0.000001 seconds (found 0 objects)
[2018.10.28-21.37.28:215][  2]LogCollectionManager: Fixed up redirectors for 0 collections in 0.000184 seconds (updated 0 objects)
[2018.10.28-21.38.05:752][610]LogSlate: FSceneViewport::OnFocusLost() reason 0
[2018.10.28-21.38.05:921][610]LogTemp: Repeating last play command: Selected Viewport
[2018.10.28-21.38.05:995][610]LogBlueprintUserMessages: Early PlayInEditor Detection: Level '/Game/StarterContent/Maps/Minimal_Default.Minimal_Default:PersistentLevel' has LevelScriptBlueprint '/Game/StarterContent/Maps/Minimal_Default.Minimal_Default:PersistentLevel.Minimal_Default' with GeneratedClass '/Game/StarterContent/Maps/Minimal_Default.Minimal_Default_C' with ClassGeneratedBy '/Game/StarterContent/Maps/Minimal_Default.Minimal_Default:PersistentLevel.Minimal_Default'
[2018.10.28-21.38.05:996][610]LogPlayLevel: PlayLevel: No blueprints needed recompiling
[2018.10.28-21.38.06:016][610]PIE: New page: PIE session: Minimal_Default (28 Oct 2018 21:38:06)
[2018.10.28-21.38.06:017][610]LogPlayLevel: Creating play world package: /Game/StarterContent/Maps/UEDPIE_0_Minimal_Default
[2018.10.28-21.38.07:099][610]LogPlayLevel: PIE: StaticDuplicateObject took: (1.081457s)
[2018.10.28-21.38.07:100][610]LogAIModule: Creating AISystem for world Minimal_Default
[2018.10.28-21.38.07:100][610]LogPlayLevel: PIE: World Init took: (0.001460s)
[2018.10.28-21.38.07:103][610]LogPlayLevel: PIE: Created PIE world by copying editor world from /Game/StarterContent/Maps/Minimal_Default.Minimal_Default to /Game/StarterContent/Maps/UEDPIE_0_Minimal_Default.Minimal_Default (1.086515s)
[2018.10.28-21.38.07:141][610]LogInit: XAudio2 using 'Speakers (Realtek High Definition Audio)' : 2 channels at 48 kHz using 32 bits per sample (channel mask 0x3)
[2018.10.28-21.38.07:159][610]LogInit: FAudioDevice initialized.
[2018.10.28-21.38.07:470][610]LogLinker: Warning: Can't find file '/Game/Models/Spiderman/spiderman_body_d_-_Superior'
[2018.10.28-21.38.07:471][610]LogLinker: Warning: Can't find file for asset '/Game/Models/Spiderman/spiderman_body_d_-_Superior' while loading ../../../../../../Users/w017177h/Documents/GitHub/SpideyCPP/SideyCPP/Content/Models/Spiderman/spiderman_body_4.uasset.
[2018.10.28-21.38.07:471][610]LoadErrors: Error: /Game/Models/Spiderman/spiderman_body_4 : Can't find file for asset. /Game/Models/Spiderman/spiderman_body_d_-_Superior
[2018.10.28-21.38.07:472][610]LogLinker: Warning: Can't find file '/Game/Models/Spiderman/spiderman_body_d_-_Superior'
[2018.10.28-21.38.07:472][610]LogLinker: Warning: Can't find file for asset '/Game/Models/Spiderman/spiderman_body_d_-_Superior' while loading ../../../../../../Users/w017177h/Documents/GitHub/SpideyCPP/SideyCPP/Content/Models/Spiderman/spiderman_body_4.uasset.
[2018.10.28-21.38.07:572][610]LogLinker: Warning: Can't find file '/Game/Models/Spiderman/spiderman_body_d_-_Superior'
[2018.10.28-21.38.07:572][610]LoadErrors: Failed to load /Game/Models/Spiderman/spiderman_body_d_-_Superior.spiderman_body_d_-_Superior Referenced by MaterialExpressionTextureSample_0
[2018.10.28-21.38.07:573][610]LogLinker: Warning: Can't find file for asset '/Game/Models/Spiderman/spiderman_body_d_-_Superior' while loading NULL.
[2018.10.28-21.38.07:661][610]LogMaterial: Display: Missing cached shader map for material spiderman_body_4, compiling. 
[2018.10.28-21.38.07:662][610]LogMaterial: Warning: C:\Users\w017177h\Documents\GitHub\SpideyCPP\SideyCPP\Content\Models\Spiderman\spiderman_body_4.uasset: Failed to compile Material for platform PCD3D_SM5, Default Material will be used in game.
[2018.10.28-21.38.07:662][610]LogMaterial: 	(Node TextureSample) Texture Sample> Missing input texture
[2018.10.28-21.38.07:762][610]LogLoad: Game class is 'MySideyCPPGameModeBase_C'
[2018.10.28-21.38.08:288][610]LogWorld: Bringing World /Game/StarterContent/Maps/UEDPIE_0_Minimal_Default.Minimal_Default up for play (max tick rate 0) at 2018.10.28-21.38.08
[2018.10.28-21.38.08:375][610]LogWorld: Bringing up level for play took: 0.610389
[2018.10.28-21.38.08:400][610]LogContentBrowser: Native class hierarchy updated for 'MovieSceneCapture' in 0.0007 seconds. Added 10 classes and 0 folders.
[2018.10.28-21.38.08:416][610]PIE: Play in editor start time for /Game/StarterContent/Maps/UEDPIE_0_Minimal_Default 1.594
[2018.10.28-21.38.08:418][610]LogBlueprintUserMessages: Late PlayInEditor Detection: Level '/Game/StarterContent/Maps/Minimal_Default.Minimal_Default:PersistentLevel' has LevelScriptBlueprint '/Game/StarterContent/Maps/Minimal_Default.Minimal_Default:PersistentLevel.Minimal_Default' with GeneratedClass '/Game/StarterContent/Maps/Minimal_Default.Minimal_Default_C' with ClassGeneratedBy '/Game/StarterContent/Maps/Minimal_Default.Minimal_Default:PersistentLevel.Minimal_Default'
[2018.10.28-21.47.47:559][991]LogBlueprintUserMessages: Early EndPlayMap Detection: Level '/Game/StarterContent/Maps/Minimal_Default.Minimal_Default:PersistentLevel' has LevelScriptBlueprint '/Game/StarterContent/Maps/Minimal_Default.Minimal_Default:PersistentLevel.Minimal_Default' with GeneratedClass '/Game/StarterContent/Maps/Minimal_Default.Minimal_Default_C' with ClassGeneratedBy '/Game/StarterContent/Maps/Minimal_Default.Minimal_Default:PersistentLevel.Minimal_Default'
[2018.10.28-21.47.47:559][991]LogSlate: Updating window title bar state: overlay mode, drag disabled, window buttons hidden, title bar hidden
[2018.10.28-21.47.48:651][991]LogPlayLevel: Display: Shutting down PIE online subsystems
[2018.10.28-21.47.48:654][991]LogBlueprintUserMessages: Late EndPlayMap Detection: Level '/Game/StarterContent/Maps/Minimal_Default.Minimal_Default:PersistentLevel' has LevelScriptBlueprint '/Game/StarterContent/Maps/Minimal_Default.Minimal_Default:PersistentLevel.Minimal_Default' with GeneratedClass '/Game/StarterContent/Maps/Minimal_Default.Minimal_Default_C' with ClassGeneratedBy '/Game/StarterContent/Maps/Minimal_Default.Minimal_Default:PersistentLevel.Minimal_Default'
[2018.10.28-21.47.48:731][991]LogSlate: Updating window title bar state: overlay mode, drag disabled, window buttons hidden, title bar hidden
[2018.10.28-21.47.48:947][992]LogPlayLevel: Display: Destroying online subsystem :Context_1
[2018.10.28-21.47.55:236][199]LogEditorViewport: Clicking on Actor (LMB): RingBP_Copper_C (RingBP_Copper8)
[2018.10.28-21.47.58:638][373]LogSlate: Took 0.000405 seconds to synchronously load lazily loaded font '../../../Engine/Content/Slate/Fonts/Roboto-Light.ttf' (167K)
[2018.10.28-21.47.58:642][373]LogSlate: FSceneViewport::OnFocusLost() reason 2
[2018.10.28-21.48.17:815][373]LogSavePackage: Moving '../../../../../../Users/w017177h/Documents/GitHub/SpideyCPP/SideyCPP/Saved/Minimal_DefaultAEF9704540B370FEE051BFB4A1DD8E97.tmp' to '../../../../../../Users/w017177h/Documents/GitHub/SpideyCPP/SideyCPP/Content/StarterContent/Maps/Minimal_Default.umap'
[2018.10.28-21.48.49:663][398]LogEditorViewport: Clicking on Actor (LMB): RedBuilding_C (RedBuilding21)
[2018.10.28-21.48.53:538][564]LogEditorViewport: Clicking on Actor (LMB): RedBuilding_C (RedBuilding22)
[2018.10.28-21.49.01:837][777]LogEditorViewport: Clicking on Actor (LMB): StaticMeshActor (Floor)
[2018.10.28-21.49.02:039][778]LogSlate: FSceneViewport::OnFocusLost() reason 2
[2018.10.28-21.49.21:256][778]LogSavePackage: Moving '../../../../../../Users/w017177h/Documents/GitHub/SpideyCPP/SideyCPP/Saved/Minimal_Default91C6433E4AF2371B4868A09E18D94F67.tmp' to '../../../../../../Users/w017177h/Documents/GitHub/SpideyCPP/SideyCPP/Content/StarterContent/Maps/Minimal_Default.umap'
[2018.10.28-21.49.41:457][657]LogEditorViewport: Clicking on Actor (LMB): RedBuilding_C (RedBuilding21)
[2018.10.28-21.49.52:116][ 78]Cmd: DUPLICATE
[2018.10.28-21.49.52:116][ 78]Cmd: ACTOR DUPLICATE
[2018.10.28-21.50.00:862][182]LogEditorViewport: Clicking on Actor (LMB): BlackBuilding_C (BlackBuilding7)
[2018.10.28-21.50.01:660][185]Cmd: DUPLICATE
[2018.10.28-21.50.01:660][185]Cmd: ACTOR DUPLICATE
[2018.10.28-21.50.05:495][222]Cmd: TRANSACTION UNDO
[2018.10.28-21.50.05:495][222]LogEditorTransaction: Undo Move Actors
[2018.10.28-21.50.21:807][519]LogEditorViewport: Clicking on Actor (LMB): StaticMeshActor (Floor)
[2018.10.28-21.50.41:587][857]LogEditorViewport: Clicking on Actor (LMB): BP_Sky_Sphere_C (BP_Sky_Sphere)
[2018.10.28-21.50.42:731][870]LogSlate: FSceneViewport::OnFocusLost() reason 0
[2018.10.28-21.50.48:594][  5]LogEditorViewport: Clicking on Actor (LMB): WhiteBuilding_New_C (WhiteBuilding_New4)
[2018.10.28-21.50.50:456][ 53]Cmd: DUPLICATE
[2018.10.28-21.50.50:456][ 53]Cmd: ACTOR DUPLICATE
[2018.10.28-21.51.11:175][459]LogEditorViewport: Clicking on Actor (LMB): WhiteBuilding_New_C (WhiteBuilding_New5)
[2018.10.28-21.51.25:590][794]LogEditorViewport: Clicking on Actor (LMB): StaticMeshActor (Floor)
[2018.10.28-21.51.25:999][796]LogSlate: FSceneViewport::OnFocusLost() reason 2
[2018.10.28-21.51.46:801][796]LogSavePackage: Moving '../../../../../../Users/w017177h/Documents/GitHub/SpideyCPP/SideyCPP/Saved/Minimal_Default6C28CC03447869A1B1644B9581592C85.tmp' to '../../../../../../Users/w017177h/Documents/GitHub/SpideyCPP/SideyCPP/Content/StarterContent/Maps/Minimal_Default.umap'
[2018.10.28-21.51.51:663][910]LogEditorViewport: Clicking on Actor (LMB): BlackBuilding_C (BlackBuilding9)
[2018.10.28-21.52.08:493][291]LogEditorViewport: Clicking on Actor (LMB): RedBuilding_C (RedBuilding23)
[2018.10.28-21.52.17:398][468]LogEditorViewport: Clicking on Actor (LMB): WhiteBuilding_New_C (WhiteBuilding_New2)
[2018.10.28-21.52.28:799][687]LogEditorViewport: Clicking on Actor (LMB): BlackBuilding_C (BlackBuilding9)
[2018.10.28-21.52.37:637][817]LogEditorViewport: Clicking on Actor (LMB): RedBuilding_C (RedBuilding18)
[2018.10.28-21.52.38:519][824]LogEditorViewport: Clicking on Actor (LMB): ShortRed_C (ShortRed2)
[2018.10.28-21.52.39:362][837]Cmd: DUPLICATE
[2018.10.28-21.52.39:362][837]Cmd: ACTOR DUPLICATE
[2018.10.28-21.52.55:398][191]Cmd: DUPLICATE
[2018.10.28-21.52.55:398][191]Cmd: ACTOR DUPLICATE
[2018.10.28-21.53.16:119][630]LogEditorViewport: Clicking on Actor (LMB): BP_Sky_Sphere_C (BP_Sky_Sphere)
[2018.10.28-21.53.18:700][714]LogSlate: FSceneViewport::OnFocusLost() reason 2
[2018.10.28-21.53.40:490][714]LogSavePackage: Moving '../../../../../../Users/w017177h/Documents/GitHub/SpideyCPP/SideyCPP/Saved/Minimal_DefaultF8D8F7A6405D5BBD25AA62A7B988955F.tmp' to '../../../../../../Users/w017177h/Documents/GitHub/SpideyCPP/SideyCPP/Content/StarterContent/Maps/Minimal_Default.umap'
[2018.10.28-21.53.41:398][725]LogSlate: FSceneViewport::OnFocusLost() reason 0
[2018.10.28-21.53.50:633][900]LogEditorViewport: Clicking on Actor (LMB): WhiteBuilding_New_C (WhiteBuilding_New3)
[2018.10.28-21.53.51:554][909]Cmd: DUPLICATE
[2018.10.28-21.53.51:555][909]Cmd: ACTOR DUPLICATE
[2018.10.28-21.54.01:979][ 55]Cmd: TRANSACTION UNDO
[2018.10.28-21.54.01:980][ 55]LogEditorTransaction: Undo Scale Actors
[2018.10.28-21.54.24:755][494]LogSlate: FSceneViewport::OnFocusLost() reason 2
[2018.10.28-21.54.46:310][494]LogSavePackage: Moving '../../../../../../Users/w017177h/Documents/GitHub/SpideyCPP/SideyCPP/Saved/Minimal_Default831AB9A14793C696CC5F8384AC804455.tmp' to '../../../../../../Users/w017177h/Documents/GitHub/SpideyCPP/SideyCPP/Content/StarterContent/Maps/Minimal_Default.umap'
[2018.10.28-21.54.52:429][612]LogSlate: FSceneViewport::OnFocusLost() reason 0
[2018.10.28-21.54.57:893][672]LogSlate: FSceneViewport::OnFocusLost() reason 0
[2018.10.28-21.55.13:026][946]Cmd: DUPLICATE
[2018.10.28-21.55.13:026][946]Cmd: ACTOR DUPLICATE
[2018.10.28-21.55.23:050][296]Cmd: DUPLICATE
[2018.10.28-21.55.23:050][296]Cmd: ACTOR DUPLICATE
[2018.10.28-21.55.28:482][490]LogEditorViewport: Clicking on Actor (LMB): RingBP_Copper_C (RingBP_Copper9)
[2018.10.28-21.55.39:460][836]LogSlate: FSceneViewport::OnFocusLost() reason 2
[2018.10.28-21.56.00:618][836]LogSavePackage: Moving '../../../../../../Users/w017177h/Documents/GitHub/SpideyCPP/SideyCPP/Saved/Minimal_Default21CED06B44672F2B952880B016A49033.tmp' to '../../../../../../Users/w017177h/Documents/GitHub/SpideyCPP/SideyCPP/Content/StarterContent/Maps/Minimal_Default.umap'
[2018.10.28-21.56.04:045][960]LogEditorViewport: Clicking on Actor (LMB): BP_Sky_Sphere_C (BP_Sky_Sphere)
[2018.10.28-21.56.05:075][  2]LogEditorViewport: Clicking on Actor (LMB): RingBP_Gold_C (RingBP_Gold3)
[2018.10.28-21.56.15:236][436]LogSlate: FSceneViewport::OnFocusLost() reason 2
[2018.10.28-21.56.36:669][436]LogSavePackage: Moving '../../../../../../Users/w017177h/Documents/GitHub/SpideyCPP/SideyCPP/Saved/Minimal_Default0E65539E4E202BDE78C3FC909D65C0EB.tmp' to '../../../../../../Users/w017177h/Documents/GitHub/SpideyCPP/SideyCPP/Content/StarterContent/Maps/Minimal_Default.umap'
[2018.10.28-21.56.48:799][  7]LogSlate: FSceneViewport::OnFocusLost() reason 0
[2018.10.28-21.57.23:186][615]LogSlate: FSceneViewport::OnFocusLost() reason 2
[2018.10.28-21.57.44:527][615]LogSavePackage: Moving '../../../../../../Users/w017177h/Documents/GitHub/SpideyCPP/SideyCPP/Saved/Minimal_DefaultEC0AA4264C8CB74CFEE9D0B068DE9941.tmp' to '../../../../../../Users/w017177h/Documents/GitHub/SpideyCPP/SideyCPP/Content/StarterContent/Maps/Minimal_Default.umap'
[2018.10.28-21.59.42:534][564]LogSlate: FSceneViewport::OnFocusLost() reason 0
[2018.10.28-21.59.48:451][802]LogSlate: FSceneViewport::OnFocusLost() reason 0
[2018.10.28-21.59.50:425][905]LogSlate: FSceneViewport::OnFocusLost() reason 2
[2018.10.28-21.59.58:923][173]LogEditorViewport: Clicking on Actor (LMB): WhiteBuilding_New_C (WhiteBuilding_New6)
[2018.10.28-22.00.11:136][595]LogSlate: FSceneViewport::OnFocusLost() reason 0
[2018.10.28-22.00.26:793][ 29]LogEditorViewport: Clicking on Actor (LMB): ShortRed_C (ShortRed5)
[2018.10.28-22.00.32:761][237]LogEditorViewport: Clicking on Actor (LMB): BlackBuilding_C (BlackBuilding9)
[2018.10.28-22.00.42:994][514]LogSlate: FSceneViewport::OnFocusLost() reason 0
[2018.10.28-22.00.51:337][904]Cmd: DUPLICATE
[2018.10.28-22.00.51:337][904]Cmd: ACTOR DUPLICATE
[2018.10.28-22.01.06:461][554]Cmd: DUPLICATE
[2018.10.28-22.01.06:461][554]Cmd: ACTOR DUPLICATE
[2018.10.28-22.01.09:053][641]LogEditorViewport: Clicking on Actor (LMB): RingBP_Base_C (RingBP_Base4)
[2018.10.28-22.01.11:669][730]LogEditorViewport: Clicking on Actor (LMB): RingBP_Base_C (RingBP_Base5)
[2018.10.28-22.01.24:001][213]LogEditorViewport: Clicking on Actor (LMB): StaticMeshActor (Floor)
[2018.10.28-22.01.24:368][223]LogEditorViewport: Clicking on Actor (LMB): RingBP_Base_C (RingBP_Base4)
[2018.10.28-22.01.25:820][289]LogEditorViewport: Clicking on Actor (context menu): RingBP_Base_C (RingBP_Base4)
[2018.10.28-22.01.25:887][289]LogSlate: FSceneViewport::OnFocusLost() reason 2
[2018.10.28-22.01.44:766][902]Cmd: DUPLICATE
[2018.10.28-22.01.44:766][902]Cmd: ACTOR DUPLICATE
[2018.10.28-22.01.52:281][124]LogSlate: FSceneViewport::OnFocusLost() reason 0
[2018.10.28-22.02.08:042][408]LogSlate: FSceneViewport::OnFocusLost() reason 2
[2018.10.28-22.02.27:883][408]LogSavePackage: Moving '../../../../../../Users/w017177h/Documents/GitHub/SpideyCPP/SideyCPP/Saved/Minimal_DefaultA6D44A1C4986AE10D6886CB79376B1D5.tmp' to '../../../../../../Users/w017177h/Documents/GitHub/SpideyCPP/SideyCPP/Content/StarterContent/Maps/Minimal_Default.umap'
[2018.10.28-22.02.49:775][503]LogSlate: FSceneViewport::OnFocusLost() reason 0
[2018.10.28-22.02.49:864][505]LogTemp: Repeating last play command: Selected Viewport
[2018.10.28-22.02.49:902][505]LogBlueprintUserMessages: Early PlayInEditor Detection: Level '/Game/StarterContent/Maps/Minimal_Default.Minimal_Default:PersistentLevel' has LevelScriptBlueprint '/Game/StarterContent/Maps/Minimal_Default.Minimal_Default:PersistentLevel.Minimal_Default' with GeneratedClass '/Game/StarterContent/Maps/Minimal_Default.Minimal_Default_C' with ClassGeneratedBy '/Game/StarterContent/Maps/Minimal_Default.Minimal_Default:PersistentLevel.Minimal_Default'
[2018.10.28-22.02.49:902][505]LogPlayLevel: PlayLevel: No blueprints needed recompiling
[2018.10.28-22.02.49:903][505]PIE: New page: PIE session: Minimal_Default (28 Oct 2018 22:02:49)
[2018.10.28-22.02.49:903][505]LogPlayLevel: Creating play world package: /Game/StarterContent/Maps/UEDPIE_0_Minimal_Default
[2018.10.28-22.02.51:082][505]LogPlayLevel: PIE: StaticDuplicateObject took: (1.178449s)
[2018.10.28-22.02.51:085][505]LogAIModule: Creating AISystem for world Minimal_Default
[2018.10.28-22.02.51:085][505]LogPlayLevel: PIE: World Init took: (0.002776s)
[2018.10.28-22.02.51:088][505]LogPlayLevel: PIE: Created PIE world by copying editor world from /Game/StarterContent/Maps/Minimal_Default.Minimal_Default to /Game/StarterContent/Maps/UEDPIE_0_Minimal_Default.Minimal_Default (1.184161s)
[2018.10.28-22.02.51:141][505]LogInit: XAudio2 using 'Speakers (Realtek High Definition Audio)' : 2 channels at 48 kHz using 32 bits per sample (channel mask 0x3)
[2018.10.28-22.02.51:161][505]LogInit: FAudioDevice initialized.
[2018.10.28-22.02.51:202][505]LogLoad: Game class is 'MySideyCPPGameModeBase_C'
[2018.10.28-22.02.51:742][505]LogWorld: Bringing World /Game/StarterContent/Maps/UEDPIE_0_Minimal_Default.Minimal_Default up for play (max tick rate 0) at 2018.10.28-22.02.51
[2018.10.28-22.02.51:891][505]LogWorld: Bringing up level for play took: 0.687597
[2018.10.28-22.02.51:929][505]PIE: Play in editor start time for /Game/StarterContent/Maps/UEDPIE_0_Minimal_Default 1.105
[2018.10.28-22.02.51:932][505]LogBlueprintUserMessages: Late PlayInEditor Detection: Level '/Game/StarterContent/Maps/Minimal_Default.Minimal_Default:PersistentLevel' has LevelScriptBlueprint '/Game/StarterContent/Maps/Minimal_Default.Minimal_Default:PersistentLevel.Minimal_Default' with GeneratedClass '/Game/StarterContent/Maps/Minimal_Default.Minimal_Default_C' with ClassGeneratedBy '/Game/StarterContent/Maps/Minimal_Default.Minimal_Default:PersistentLevel.Minimal_Default'
[2018.10.28-22.04.20:327][641]LogBlueprintUserMessages: Early EndPlayMap Detection: Level '/Game/StarterContent/Maps/Minimal_Default.Minimal_Default:PersistentLevel' has LevelScriptBlueprint '/Game/StarterContent/Maps/Minimal_Default.Minimal_Default:PersistentLevel.Minimal_Default' with GeneratedClass '/Game/StarterContent/Maps/Minimal_Default.Minimal_Default_C' with ClassGeneratedBy '/Game/StarterContent/Maps/Minimal_Default.Minimal_Default:PersistentLevel.Minimal_Default'
[2018.10.28-22.04.20:328][641]LogSlate: Updating window title bar state: overlay mode, drag disabled, window buttons hidden, title bar hidden
[2018.10.28-22.04.21:492][641]LogPlayLevel: Display: Shutting down PIE online subsystems
[2018.10.28-22.04.21:495][641]LogBlueprintUserMessages: Late EndPlayMap Detection: Level '/Game/StarterContent/Maps/Minimal_Default.Minimal_Default:PersistentLevel' has LevelScriptBlueprint '/Game/StarterContent/Maps/Minimal_Default.Minimal_Default:PersistentLevel.Minimal_Default' with GeneratedClass '/Game/StarterContent/Maps/Minimal_Default.Minimal_Default_C' with ClassGeneratedBy '/Game/StarterContent/Maps/Minimal_Default.Minimal_Default:PersistentLevel.Minimal_Default'
[2018.10.28-22.04.21:598][641]LogSlate: Updating window title bar state: overlay mode, drag disabled, window buttons hidden, title bar hidden
[2018.10.28-22.04.21:720][642]LogPlayLevel: Display: Destroying online subsystem :Context_17
[2018.10.28-22.04.25:300][753]LogSlate: FSceneViewport::OnFocusLost() reason 2
[2018.10.28-22.04.42:803][753]LogSavePackage: Moving '../../../../../../Users/w017177h/Documents/GitHub/SpideyCPP/SideyCPP/Saved/Minimal_Default19A4B51D4E779D8260E87E87E933F57D.tmp' to '../../../../../../Users/w017177h/Documents/GitHub/SpideyCPP/SideyCPP/Content/StarterContent/Maps/Minimal_Default.umap'
